-- Found rosidl_default_generators: 1.0.1 (/opt/ros/foxy/share/rosidl_default_generators/cmake)
-- Found ament_cmake_core: 0.9.11 (/opt/ros/foxy/share/ament_cmake_core/cmake)
-- Using PYTHON_EXECUTABLE: /usr/bin/python3
-- Override CMake install command with custom implementation using symlinks instead of copying resources
-- Using all available rosidl_typesupport_c: rosidl_typesupport_fastrtps_c;rosidl_typesupport_introspection_c
-- Found rosidl_adapter: 1.3.0 (/opt/ros/foxy/share/rosidl_adapter/cmake)
-- Using all available rosidl_typesupport_cpp: rosidl_typesupport_fastrtps_cpp;rosidl_typesupport_introspection_cpp
-- Found geometry_msgs: 2.0.5 (/opt/ros/foxy/share/geometry_msgs/cmake)
-- Found rclcpp: 2.4.2 (/opt/ros/foxy/share/rclcpp/cmake)
-- Found rmw_implementation_cmake: 1.0.3 (/opt/ros/foxy/share/rmw_implementation_cmake/cmake)
-- Using RMW implementation 'rmw_fastrtps_cpp' as default
-- Found rclpy: 1.0.11 (/opt/ros/foxy/share/rclpy/cmake)
-- Configuring done
-- Generating done
-- Build files have been written to: /home/valdeus1151/Y3T1/FRA333_LAB_HW/LAB3/build/sandevistan_kinematic
-- Install configuration: ""
-- Execute custom install script
-- Up-to-date symlink: /home/valdeus1151/Y3T1/FRA333_LAB_HW/LAB3/install/sandevistan_kinematic/share/sandevistan_kinematic/environment/pythonpath.sh
-- Up-to-date symlink: /home/valdeus1151/Y3T1/FRA333_LAB_HW/LAB3/install/sandevistan_kinematic/share/sandevistan_kinematic/environment/pythonpath.dsv
-- Up-to-date symlink: /home/valdeus1151/Y3T1/FRA333_LAB_HW/LAB3/install/sandevistan_kinematic/lib/python3.8/site-packages/sandevistan_kinematic/__init__.py
-- Up-to-date symlink: /home/valdeus1151/Y3T1/FRA333_LAB_HW/LAB3/install/sandevistan_kinematic/lib/sandevistan_kinematic/kinematic_server.py
-- Up-to-date symlink: /home/valdeus1151/Y3T1/FRA333_LAB_HW/LAB3/install/sandevistan_kinematic/lib/sandevistan_kinematic/trajectory_gen.py
-- Symlinking: /home/valdeus1151/Y3T1/FRA333_LAB_HW/LAB3/install/sandevistan_kinematic/lib/sandevistan_kinematic/calibrate.py
-- Up-to-date symlink: /home/valdeus1151/Y3T1/FRA333_LAB_HW/LAB3/install/sandevistan_kinematic/share/sandevistan_kinematic/scripts/calibrate.py
-- Up-to-date symlink: /home/valdeus1151/Y3T1/FRA333_LAB_HW/LAB3/install/sandevistan_kinematic/share/sandevistan_kinematic/scripts/kinematic_server.py
-- Up-to-date symlink: /home/valdeus1151/Y3T1/FRA333_LAB_HW/LAB3/install/sandevistan_kinematic/share/sandevistan_kinematic/scripts/trajectory_gen.py
-- Up-to-date symlink: /home/valdeus1151/Y3T1/FRA333_LAB_HW/LAB3/install/sandevistan_kinematic/share/ament_index/resource_index/package_run_dependencies/sandevistan_kinematic
-- Up-to-date symlink: /home/valdeus1151/Y3T1/FRA333_LAB_HW/LAB3/install/sandevistan_kinematic/share/ament_index/resource_index/parent_prefix_path/sandevistan_kinematic
-- Up-to-date symlink: /home/valdeus1151/Y3T1/FRA333_LAB_HW/LAB3/install/sandevistan_kinematic/share/sandevistan_kinematic/environment/ament_prefix_path.sh
-- Up-to-date symlink: /home/valdeus1151/Y3T1/FRA333_LAB_HW/LAB3/install/sandevistan_kinematic/share/sandevistan_kinematic/environment/ament_prefix_path.dsv
-- Up-to-date symlink: /home/valdeus1151/Y3T1/FRA333_LAB_HW/LAB3/install/sandevistan_kinematic/share/sandevistan_kinematic/environment/path.sh
-- Up-to-date symlink: /home/valdeus1151/Y3T1/FRA333_LAB_HW/LAB3/install/sandevistan_kinematic/share/sandevistan_kinematic/environment/path.dsv
-- Up-to-date symlink: /home/valdeus1151/Y3T1/FRA333_LAB_HW/LAB3/install/sandevistan_kinematic/share/sandevistan_kinematic/local_setup.bash
-- Up-to-date symlink: /home/valdeus1151/Y3T1/FRA333_LAB_HW/LAB3/install/sandevistan_kinematic/share/sandevistan_kinematic/local_setup.sh
-- Up-to-date symlink: /home/valdeus1151/Y3T1/FRA333_LAB_HW/LAB3/install/sandevistan_kinematic/share/sandevistan_kinematic/local_setup.zsh
-- Up-to-date symlink: /home/valdeus1151/Y3T1/FRA333_LAB_HW/LAB3/install/sandevistan_kinematic/share/sandevistan_kinematic/local_setup.dsv
-- Symlinking: /home/valdeus1151/Y3T1/FRA333_LAB_HW/LAB3/install/sandevistan_kinematic/share/sandevistan_kinematic/package.dsv
-- Up-to-date symlink: /home/valdeus1151/Y3T1/FRA333_LAB_HW/LAB3/install/sandevistan_kinematic/share/ament_index/resource_index/packages/sandevistan_kinematic
-- Up-to-date symlink: /home/valdeus1151/Y3T1/FRA333_LAB_HW/LAB3/install/sandevistan_kinematic/share/sandevistan_kinematic/cmake/sandevistan_kinematicConfig.cmake
-- Up-to-date symlink: /home/valdeus1151/Y3T1/FRA333_LAB_HW/LAB3/install/sandevistan_kinematic/share/sandevistan_kinematic/cmake/sandevistan_kinematicConfig-version.cmake
-- Up-to-date symlink: /home/valdeus1151/Y3T1/FRA333_LAB_HW/LAB3/install/sandevistan_kinematic/share/sandevistan_kinematic/package.xml
Listing '/home/valdeus1151/Y3T1/FRA333_LAB_HW/LAB3/install/sandevistan_kinematic/lib/python3.8/site-packages/sandevistan_kinematic'...
