[0.133s] DEBUG:colcon:Command line arguments: ['/usr/bin/colcon', 'build']
[0.133s] DEBUG:colcon:Parsed command line arguments: Namespace(allow_overriding=[], ament_cmake_args=None, base_paths=['.'], build_base='build', catkin_cmake_args=None, catkin_skip_building_tests=False, cmake_args=None, cmake_clean_cache=False, cmake_clean_first=False, cmake_force_configure=False, cmake_target=None, cmake_target_skip_unavailable=False, continue_on_error=False, event_handlers=None, executor='parallel', ignore_user_meta=False, install_base='install', log_base=None, log_level=None, main=<bound method BuildVerb.main of <colcon_core.verb.build.BuildVerb object at 0x7fba19bb8c10>>, merge_install=False, metas=['./colcon.meta'], packages_above=None, packages_above_and_dependencies=None, packages_above_depth=None, packages_end=None, packages_ignore=None, packages_ignore_regex=None, packages_select=None, packages_select_build_failed=False, packages_select_by_dep=None, packages_select_regex=None, packages_select_test_failures=False, packages_skip=None, packages_skip_build_finished=False, packages_skip_by_dep=None, packages_skip_regex=None, packages_skip_test_passed=False, packages_skip_up_to=None, packages_start=None, packages_up_to=None, packages_up_to_regex=None, parallel_workers=12, paths=None, symlink_install=False, test_result_base=None, verb_extension=<colcon_core.verb.build.BuildVerb object at 0x7fba19bb8c10>, verb_name='build', verb_parser=<colcon_defaults.argument_parser.defaults.DefaultArgumentsDecorator object at 0x7fba19bc41c0>)
[0.155s] Level 1:colcon.colcon_core.package_discovery:discover_packages(colcon_meta) check parameters
[0.155s] Level 1:colcon.colcon_core.package_discovery:discover_packages(recursive) check parameters
[0.155s] Level 1:colcon.colcon_core.package_discovery:discover_packages(ignore) check parameters
[0.155s] Level 1:colcon.colcon_core.package_discovery:discover_packages(path) check parameters
[0.155s] Level 1:colcon.colcon_core.package_discovery:discover_packages(colcon_meta) discover
[0.155s] Level 1:colcon.colcon_core.package_discovery:discover_packages(recursive) discover
[0.155s] INFO:colcon.colcon_core.package_discovery:Crawling recursively for packages in '/home/omzlette/gitRos/LAB2'
[0.155s] Level 1:colcon.colcon_core.package_identification:_identify(.) by extensions ['ignore', 'ignore_ament_install']
[0.155s] Level 1:colcon.colcon_core.package_identification:_identify(.) by extension 'ignore'
[0.155s] Level 1:colcon.colcon_core.package_identification:_identify(.) by extension 'ignore_ament_install'
[0.155s] Level 1:colcon.colcon_core.package_identification:_identify(.) by extensions ['colcon_pkg']
[0.155s] Level 1:colcon.colcon_core.package_identification:_identify(.) by extension 'colcon_pkg'
[0.155s] Level 1:colcon.colcon_core.package_identification:_identify(.) by extensions ['colcon_meta']
[0.155s] Level 1:colcon.colcon_core.package_identification:_identify(.) by extension 'colcon_meta'
[0.156s] Level 1:colcon.colcon_core.package_identification:_identify(.) by extensions ['ros']
[0.156s] Level 1:colcon.colcon_core.package_identification:_identify(.) by extension 'ros'
[0.171s] Level 1:colcon.colcon_core.package_identification:_identify(.) by extensions ['cmake', 'python']
[0.171s] Level 1:colcon.colcon_core.package_identification:_identify(.) by extension 'cmake'
[0.171s] Level 1:colcon.colcon_core.package_identification:_identify(.) by extension 'python'
[0.171s] Level 1:colcon.colcon_core.package_identification:_identify(.) by extensions ['python_setup_py']
[0.171s] Level 1:colcon.colcon_core.package_identification:_identify(.) by extension 'python_setup_py'
[0.171s] Level 1:colcon.colcon_core.package_identification:_identify(build) by extensions ['ignore', 'ignore_ament_install']
[0.171s] Level 1:colcon.colcon_core.package_identification:_identify(build) by extension 'ignore'
[0.171s] Level 1:colcon.colcon_core.package_identification:_identify(build) ignored
[0.171s] Level 1:colcon.colcon_core.package_identification:_identify(install) by extensions ['ignore', 'ignore_ament_install']
[0.171s] Level 1:colcon.colcon_core.package_identification:_identify(install) by extension 'ignore'
[0.171s] Level 1:colcon.colcon_core.package_identification:_identify(install) ignored
[0.172s] Level 1:colcon.colcon_core.package_identification:_identify(log) by extensions ['ignore', 'ignore_ament_install']
[0.172s] Level 1:colcon.colcon_core.package_identification:_identify(log) by extension 'ignore'
[0.172s] Level 1:colcon.colcon_core.package_identification:_identify(log) ignored
[0.172s] Level 1:colcon.colcon_core.package_identification:_identify(src) by extensions ['ignore', 'ignore_ament_install']
[0.172s] Level 1:colcon.colcon_core.package_identification:_identify(src) by extension 'ignore'
[0.172s] Level 1:colcon.colcon_core.package_identification:_identify(src) by extension 'ignore_ament_install'
[0.172s] Level 1:colcon.colcon_core.package_identification:_identify(src) by extensions ['colcon_pkg']
[0.172s] Level 1:colcon.colcon_core.package_identification:_identify(src) by extension 'colcon_pkg'
[0.172s] Level 1:colcon.colcon_core.package_identification:_identify(src) by extensions ['colcon_meta']
[0.172s] Level 1:colcon.colcon_core.package_identification:_identify(src) by extension 'colcon_meta'
[0.172s] Level 1:colcon.colcon_core.package_identification:_identify(src) by extensions ['ros']
[0.172s] Level 1:colcon.colcon_core.package_identification:_identify(src) by extension 'ros'
[0.172s] Level 1:colcon.colcon_core.package_identification:_identify(src) by extensions ['cmake', 'python']
[0.172s] Level 1:colcon.colcon_core.package_identification:_identify(src) by extension 'cmake'
[0.172s] Level 1:colcon.colcon_core.package_identification:_identify(src) by extension 'python'
[0.172s] Level 1:colcon.colcon_core.package_identification:_identify(src) by extensions ['python_setup_py']
[0.172s] Level 1:colcon.colcon_core.package_identification:_identify(src) by extension 'python_setup_py'
[0.172s] Level 1:colcon.colcon_core.package_identification:_identify(src/CAD) by extensions ['ignore', 'ignore_ament_install']
[0.173s] Level 1:colcon.colcon_core.package_identification:_identify(src/CAD) by extension 'ignore'
[0.173s] Level 1:colcon.colcon_core.package_identification:_identify(src/CAD) by extension 'ignore_ament_install'
[0.173s] Level 1:colcon.colcon_core.package_identification:_identify(src/CAD) by extensions ['colcon_pkg']
[0.173s] Level 1:colcon.colcon_core.package_identification:_identify(src/CAD) by extension 'colcon_pkg'
[0.173s] Level 1:colcon.colcon_core.package_identification:_identify(src/CAD) by extensions ['colcon_meta']
[0.173s] Level 1:colcon.colcon_core.package_identification:_identify(src/CAD) by extension 'colcon_meta'
[0.173s] Level 1:colcon.colcon_core.package_identification:_identify(src/CAD) by extensions ['ros']
[0.173s] Level 1:colcon.colcon_core.package_identification:_identify(src/CAD) by extension 'ros'
[0.173s] Level 1:colcon.colcon_core.package_identification:_identify(src/CAD) by extensions ['cmake', 'python']
[0.173s] Level 1:colcon.colcon_core.package_identification:_identify(src/CAD) by extension 'cmake'
[0.173s] Level 1:colcon.colcon_core.package_identification:_identify(src/CAD) by extension 'python'
[0.173s] Level 1:colcon.colcon_core.package_identification:_identify(src/CAD) by extensions ['python_setup_py']
[0.173s] Level 1:colcon.colcon_core.package_identification:_identify(src/CAD) by extension 'python_setup_py'
[0.173s] Level 1:colcon.colcon_core.package_identification:_identify(src/doc) by extensions ['ignore', 'ignore_ament_install']
[0.173s] Level 1:colcon.colcon_core.package_identification:_identify(src/doc) by extension 'ignore'
[0.173s] Level 1:colcon.colcon_core.package_identification:_identify(src/doc) by extension 'ignore_ament_install'
[0.173s] Level 1:colcon.colcon_core.package_identification:_identify(src/doc) by extensions ['colcon_pkg']
[0.173s] Level 1:colcon.colcon_core.package_identification:_identify(src/doc) by extension 'colcon_pkg'
[0.173s] Level 1:colcon.colcon_core.package_identification:_identify(src/doc) by extensions ['colcon_meta']
[0.173s] Level 1:colcon.colcon_core.package_identification:_identify(src/doc) by extension 'colcon_meta'
[0.174s] Level 1:colcon.colcon_core.package_identification:_identify(src/doc) by extensions ['ros']
[0.174s] Level 1:colcon.colcon_core.package_identification:_identify(src/doc) by extension 'ros'
[0.174s] Level 1:colcon.colcon_core.package_identification:_identify(src/doc) by extensions ['cmake', 'python']
[0.174s] Level 1:colcon.colcon_core.package_identification:_identify(src/doc) by extension 'cmake'
[0.174s] Level 1:colcon.colcon_core.package_identification:_identify(src/doc) by extension 'python'
[0.174s] Level 1:colcon.colcon_core.package_identification:_identify(src/doc) by extensions ['python_setup_py']
[0.174s] Level 1:colcon.colcon_core.package_identification:_identify(src/doc) by extension 'python_setup_py'
[0.174s] Level 1:colcon.colcon_core.package_identification:_identify(src/doc/pic) by extensions ['ignore', 'ignore_ament_install']
[0.174s] Level 1:colcon.colcon_core.package_identification:_identify(src/doc/pic) by extension 'ignore'
[0.174s] Level 1:colcon.colcon_core.package_identification:_identify(src/doc/pic) by extension 'ignore_ament_install'
[0.174s] Level 1:colcon.colcon_core.package_identification:_identify(src/doc/pic) by extensions ['colcon_pkg']
[0.174s] Level 1:colcon.colcon_core.package_identification:_identify(src/doc/pic) by extension 'colcon_pkg'
[0.174s] Level 1:colcon.colcon_core.package_identification:_identify(src/doc/pic) by extensions ['colcon_meta']
[0.174s] Level 1:colcon.colcon_core.package_identification:_identify(src/doc/pic) by extension 'colcon_meta'
[0.174s] Level 1:colcon.colcon_core.package_identification:_identify(src/doc/pic) by extensions ['ros']
[0.174s] Level 1:colcon.colcon_core.package_identification:_identify(src/doc/pic) by extension 'ros'
[0.174s] Level 1:colcon.colcon_core.package_identification:_identify(src/doc/pic) by extensions ['cmake', 'python']
[0.174s] Level 1:colcon.colcon_core.package_identification:_identify(src/doc/pic) by extension 'cmake'
[0.174s] Level 1:colcon.colcon_core.package_identification:_identify(src/doc/pic) by extension 'python'
[0.174s] Level 1:colcon.colcon_core.package_identification:_identify(src/doc/pic) by extensions ['python_setup_py']
[0.174s] Level 1:colcon.colcon_core.package_identification:_identify(src/doc/pic) by extension 'python_setup_py'
[0.175s] Level 1:colcon.colcon_core.package_identification:_identify(src/sandevistan_description) by extensions ['ignore', 'ignore_ament_install']
[0.175s] Level 1:colcon.colcon_core.package_identification:_identify(src/sandevistan_description) by extension 'ignore'
[0.175s] Level 1:colcon.colcon_core.package_identification:_identify(src/sandevistan_description) by extension 'ignore_ament_install'
[0.175s] Level 1:colcon.colcon_core.package_identification:_identify(src/sandevistan_description) by extensions ['colcon_pkg']
[0.175s] Level 1:colcon.colcon_core.package_identification:_identify(src/sandevistan_description) by extension 'colcon_pkg'
[0.175s] Level 1:colcon.colcon_core.package_identification:_identify(src/sandevistan_description) by extensions ['colcon_meta']
[0.175s] Level 1:colcon.colcon_core.package_identification:_identify(src/sandevistan_description) by extension 'colcon_meta'
[0.175s] Level 1:colcon.colcon_core.package_identification:_identify(src/sandevistan_description) by extensions ['ros']
[0.175s] Level 1:colcon.colcon_core.package_identification:_identify(src/sandevistan_description) by extension 'ros'
[0.177s] DEBUG:colcon.colcon_core.package_identification:Package 'src/sandevistan_description' with type 'ros.ament_cmake' and name 'sandevistan_description'
[0.177s] Level 1:colcon.colcon_core.package_identification:_identify(src/sandevistan_kinematics) by extensions ['ignore', 'ignore_ament_install']
[0.177s] Level 1:colcon.colcon_core.package_identification:_identify(src/sandevistan_kinematics) by extension 'ignore'
[0.177s] Level 1:colcon.colcon_core.package_identification:_identify(src/sandevistan_kinematics) by extension 'ignore_ament_install'
[0.177s] Level 1:colcon.colcon_core.package_identification:_identify(src/sandevistan_kinematics) by extensions ['colcon_pkg']
[0.177s] Level 1:colcon.colcon_core.package_identification:_identify(src/sandevistan_kinematics) by extension 'colcon_pkg'
[0.177s] Level 1:colcon.colcon_core.package_identification:_identify(src/sandevistan_kinematics) by extensions ['colcon_meta']
[0.177s] Level 1:colcon.colcon_core.package_identification:_identify(src/sandevistan_kinematics) by extension 'colcon_meta'
[0.177s] Level 1:colcon.colcon_core.package_identification:_identify(src/sandevistan_kinematics) by extensions ['ros']
[0.177s] Level 1:colcon.colcon_core.package_identification:_identify(src/sandevistan_kinematics) by extension 'ros'
[0.178s] DEBUG:colcon.colcon_core.package_identification:Package 'src/sandevistan_kinematics' with type 'ros.ament_cmake' and name 'sandevistan_kinematics'
[0.178s] Level 1:colcon.colcon_core.package_identification:_identify(src/sandevistan_kinematics_interfaces) by extensions ['ignore', 'ignore_ament_install']
[0.178s] Level 1:colcon.colcon_core.package_identification:_identify(src/sandevistan_kinematics_interfaces) by extension 'ignore'
[0.178s] Level 1:colcon.colcon_core.package_identification:_identify(src/sandevistan_kinematics_interfaces) by extension 'ignore_ament_install'
[0.178s] Level 1:colcon.colcon_core.package_identification:_identify(src/sandevistan_kinematics_interfaces) by extensions ['colcon_pkg']
[0.178s] Level 1:colcon.colcon_core.package_identification:_identify(src/sandevistan_kinematics_interfaces) by extension 'colcon_pkg'
[0.178s] Level 1:colcon.colcon_core.package_identification:_identify(src/sandevistan_kinematics_interfaces) by extensions ['colcon_meta']
[0.178s] Level 1:colcon.colcon_core.package_identification:_identify(src/sandevistan_kinematics_interfaces) by extension 'colcon_meta'
[0.178s] Level 1:colcon.colcon_core.package_identification:_identify(src/sandevistan_kinematics_interfaces) by extensions ['ros']
[0.178s] Level 1:colcon.colcon_core.package_identification:_identify(src/sandevistan_kinematics_interfaces) by extension 'ros'
[0.179s] DEBUG:colcon.colcon_core.package_identification:Package 'src/sandevistan_kinematics_interfaces' with type 'ros.ament_cmake' and name 'sandevistan_kinematics_interfaces'
[0.179s] Level 1:colcon.colcon_core.package_discovery:discover_packages(recursive) using defaults
[0.179s] Level 1:colcon.colcon_core.package_discovery:discover_packages(ignore) discover
[0.179s] Level 1:colcon.colcon_core.package_discovery:discover_packages(ignore) using defaults
[0.179s] Level 1:colcon.colcon_core.package_discovery:discover_packages(path) discover
[0.179s] Level 1:colcon.colcon_core.package_discovery:discover_packages(path) using defaults
[0.197s] Level 1:colcon.colcon_core.package_discovery:discover_packages(prefix_path) check parameters
[0.197s] Level 1:colcon.colcon_core.package_discovery:discover_packages(prefix_path) discover
[0.200s] DEBUG:colcon.colcon_installed_package_information.package_discovery:Found 3 installed packages in /home/omzlette/gitRos/LAB2/install
[0.201s] DEBUG:colcon.colcon_installed_package_information.package_discovery:Found 2 installed packages in /home/omzlette/gitRos/LAB1_WS/install
[0.202s] DEBUG:colcon.colcon_installed_package_information.package_discovery:Found 1 installed packages in /home/omzlette/ROS2Dir/FRA333_WS/install
[0.203s] DEBUG:colcon.colcon_installed_package_information.package_discovery:Found 1 installed packages in /home/omzlette/ROS2Dir/estella_ws/install
[0.204s] DEBUG:colcon.colcon_installed_package_information.package_discovery:Found 263 installed packages in /opt/ros/foxy
[0.206s] Level 1:colcon.colcon_core.package_discovery:discover_packages(prefix_path) using defaults
[0.264s] Level 5:colcon.colcon_core.verb:set package 'sandevistan_description' build argument 'cmake_args' from command line to 'None'
[0.264s] Level 5:colcon.colcon_core.verb:set package 'sandevistan_description' build argument 'cmake_target' from command line to 'None'
[0.264s] Level 5:colcon.colcon_core.verb:set package 'sandevistan_description' build argument 'cmake_target_skip_unavailable' from command line to 'False'
[0.264s] Level 5:colcon.colcon_core.verb:set package 'sandevistan_description' build argument 'cmake_clean_cache' from command line to 'False'
[0.265s] Level 5:colcon.colcon_core.verb:set package 'sandevistan_description' build argument 'cmake_clean_first' from command line to 'False'
[0.265s] Level 5:colcon.colcon_core.verb:set package 'sandevistan_description' build argument 'cmake_force_configure' from command line to 'False'
[0.265s] Level 5:colcon.colcon_core.verb:set package 'sandevistan_description' build argument 'ament_cmake_args' from command line to 'None'
[0.265s] Level 5:colcon.colcon_core.verb:set package 'sandevistan_description' build argument 'catkin_cmake_args' from command line to 'None'
[0.265s] Level 5:colcon.colcon_core.verb:set package 'sandevistan_description' build argument 'catkin_skip_building_tests' from command line to 'False'
[0.265s] DEBUG:colcon.colcon_core.verb:Building package 'sandevistan_description' with the following arguments: {'ament_cmake_args': None, 'build_base': '/home/omzlette/gitRos/LAB2/build/sandevistan_description', 'catkin_cmake_args': None, 'catkin_skip_building_tests': False, 'cmake_args': None, 'cmake_clean_cache': False, 'cmake_clean_first': False, 'cmake_force_configure': False, 'cmake_target': None, 'cmake_target_skip_unavailable': False, 'install_base': '/home/omzlette/gitRos/LAB2/install/sandevistan_description', 'merge_install': False, 'path': '/home/omzlette/gitRos/LAB2/src/sandevistan_description', 'symlink_install': False, 'test_result_base': None}
[0.266s] Level 5:colcon.colcon_core.verb:set package 'sandevistan_kinematics' build argument 'cmake_args' from command line to 'None'
[0.266s] Level 5:colcon.colcon_core.verb:set package 'sandevistan_kinematics' build argument 'cmake_target' from command line to 'None'
[0.266s] Level 5:colcon.colcon_core.verb:set package 'sandevistan_kinematics' build argument 'cmake_target_skip_unavailable' from command line to 'False'
[0.266s] Level 5:colcon.colcon_core.verb:set package 'sandevistan_kinematics' build argument 'cmake_clean_cache' from command line to 'False'
[0.266s] Level 5:colcon.colcon_core.verb:set package 'sandevistan_kinematics' build argument 'cmake_clean_first' from command line to 'False'
[0.266s] Level 5:colcon.colcon_core.verb:set package 'sandevistan_kinematics' build argument 'cmake_force_configure' from command line to 'False'
[0.266s] Level 5:colcon.colcon_core.verb:set package 'sandevistan_kinematics' build argument 'ament_cmake_args' from command line to 'None'
[0.266s] Level 5:colcon.colcon_core.verb:set package 'sandevistan_kinematics' build argument 'catkin_cmake_args' from command line to 'None'
[0.266s] Level 5:colcon.colcon_core.verb:set package 'sandevistan_kinematics' build argument 'catkin_skip_building_tests' from command line to 'False'
[0.266s] DEBUG:colcon.colcon_core.verb:Building package 'sandevistan_kinematics' with the following arguments: {'ament_cmake_args': None, 'build_base': '/home/omzlette/gitRos/LAB2/build/sandevistan_kinematics', 'catkin_cmake_args': None, 'catkin_skip_building_tests': False, 'cmake_args': None, 'cmake_clean_cache': False, 'cmake_clean_first': False, 'cmake_force_configure': False, 'cmake_target': None, 'cmake_target_skip_unavailable': False, 'install_base': '/home/omzlette/gitRos/LAB2/install/sandevistan_kinematics', 'merge_install': False, 'path': '/home/omzlette/gitRos/LAB2/src/sandevistan_kinematics', 'symlink_install': False, 'test_result_base': None}
[0.267s] Level 5:colcon.colcon_core.verb:set package 'sandevistan_kinematics_interfaces' build argument 'cmake_args' from command line to 'None'
[0.267s] Level 5:colcon.colcon_core.verb:set package 'sandevistan_kinematics_interfaces' build argument 'cmake_target' from command line to 'None'
[0.267s] Level 5:colcon.colcon_core.verb:set package 'sandevistan_kinematics_interfaces' build argument 'cmake_target_skip_unavailable' from command line to 'False'
[0.267s] Level 5:colcon.colcon_core.verb:set package 'sandevistan_kinematics_interfaces' build argument 'cmake_clean_cache' from command line to 'False'
[0.267s] Level 5:colcon.colcon_core.verb:set package 'sandevistan_kinematics_interfaces' build argument 'cmake_clean_first' from command line to 'False'
[0.267s] Level 5:colcon.colcon_core.verb:set package 'sandevistan_kinematics_interfaces' build argument 'cmake_force_configure' from command line to 'False'
[0.267s] Level 5:colcon.colcon_core.verb:set package 'sandevistan_kinematics_interfaces' build argument 'ament_cmake_args' from command line to 'None'
[0.267s] Level 5:colcon.colcon_core.verb:set package 'sandevistan_kinematics_interfaces' build argument 'catkin_cmake_args' from command line to 'None'
[0.267s] Level 5:colcon.colcon_core.verb:set package 'sandevistan_kinematics_interfaces' build argument 'catkin_skip_building_tests' from command line to 'False'
[0.268s] DEBUG:colcon.colcon_core.verb:Building package 'sandevistan_kinematics_interfaces' with the following arguments: {'ament_cmake_args': None, 'build_base': '/home/omzlette/gitRos/LAB2/build/sandevistan_kinematics_interfaces', 'catkin_cmake_args': None, 'catkin_skip_building_tests': False, 'cmake_args': None, 'cmake_clean_cache': False, 'cmake_clean_first': False, 'cmake_force_configure': False, 'cmake_target': None, 'cmake_target_skip_unavailable': False, 'install_base': '/home/omzlette/gitRos/LAB2/install/sandevistan_kinematics_interfaces', 'merge_install': False, 'path': '/home/omzlette/gitRos/LAB2/src/sandevistan_kinematics_interfaces', 'symlink_install': False, 'test_result_base': None}
[0.268s] INFO:colcon.colcon_core.executor:Executing jobs using 'parallel' executor
[0.274s] DEBUG:colcon.colcon_parallel_executor.executor.parallel:run_until_complete
[0.274s] INFO:colcon.colcon_ros.task.ament_cmake.build:Building ROS package in '/home/omzlette/gitRos/LAB2/src/sandevistan_description' with build type 'ament_cmake'
[0.275s] INFO:colcon.colcon_cmake.task.cmake.build:Building CMake package in '/home/omzlette/gitRos/LAB2/src/sandevistan_description'
[0.279s] INFO:colcon.colcon_core.plugin_system:Skipping extension 'colcon_core.shell.bat': Not used on non-Windows systems
[0.279s] INFO:colcon.colcon_core.shell:Skip shell extension 'powershell' for command environment: Not usable outside of PowerShell
[0.279s] DEBUG:colcon.colcon_core.shell:Skip shell extension 'dsv' for command environment
[0.287s] INFO:colcon.colcon_ros.task.ament_cmake.build:Building ROS package in '/home/omzlette/gitRos/LAB2/src/sandevistan_kinematics' with build type 'ament_cmake'
[0.288s] INFO:colcon.colcon_cmake.task.cmake.build:Building CMake package in '/home/omzlette/gitRos/LAB2/src/sandevistan_kinematics'
[0.290s] INFO:colcon.colcon_core.shell:Skip shell extension 'powershell' for command environment: Not usable outside of PowerShell
[0.290s] DEBUG:colcon.colcon_core.shell:Skip shell extension 'dsv' for command environment
[0.298s] INFO:colcon.colcon_ros.task.ament_cmake.build:Building ROS package in '/home/omzlette/gitRos/LAB2/src/sandevistan_kinematics_interfaces' with build type 'ament_cmake'
[0.298s] INFO:colcon.colcon_cmake.task.cmake.build:Building CMake package in '/home/omzlette/gitRos/LAB2/src/sandevistan_kinematics_interfaces'
[0.300s] INFO:colcon.colcon_core.shell:Skip shell extension 'powershell' for command environment: Not usable outside of PowerShell
[0.301s] DEBUG:colcon.colcon_core.shell:Skip shell extension 'dsv' for command environment
[0.312s] DEBUG:colcon.colcon_core.event_handler.log_command:Invoking command in '/home/omzlette/gitRos/LAB2/build/sandevistan_description': CMAKE_PREFIX_PATH=${CMAKE_PREFIX_PATH}:/opt/ros/foxy /usr/bin/cmake /home/omzlette/gitRos/LAB2/src/sandevistan_description -DCMAKE_INSTALL_PREFIX=/home/omzlette/gitRos/LAB2/install/sandevistan_description
[0.317s] DEBUG:colcon.colcon_core.event_handler.log_command:Invoking command in '/home/omzlette/gitRos/LAB2/build/sandevistan_kinematics': CMAKE_PREFIX_PATH=${CMAKE_PREFIX_PATH}:/opt/ros/foxy /usr/bin/cmake /home/omzlette/gitRos/LAB2/src/sandevistan_kinematics -DCMAKE_INSTALL_PREFIX=/home/omzlette/gitRos/LAB2/install/sandevistan_kinematics
[0.321s] DEBUG:colcon.colcon_core.event_handler.log_command:Invoking command in '/home/omzlette/gitRos/LAB2/build/sandevistan_kinematics_interfaces': CMAKE_PREFIX_PATH=${CMAKE_PREFIX_PATH}:/opt/ros/foxy /usr/bin/cmake /home/omzlette/gitRos/LAB2/src/sandevistan_kinematics_interfaces -DCMAKE_INSTALL_PREFIX=/home/omzlette/gitRos/LAB2/install/sandevistan_kinematics_interfaces
[0.864s] DEBUG:colcon.colcon_core.event_handler.log_command:Invoked command in '/home/omzlette/gitRos/LAB2/build/sandevistan_description' returned '0': CMAKE_PREFIX_PATH=${CMAKE_PREFIX_PATH}:/opt/ros/foxy /usr/bin/cmake /home/omzlette/gitRos/LAB2/src/sandevistan_description -DCMAKE_INSTALL_PREFIX=/home/omzlette/gitRos/LAB2/install/sandevistan_description
[0.866s] DEBUG:colcon.colcon_core.event_handler.log_command:Invoking command in '/home/omzlette/gitRos/LAB2/build/sandevistan_description': CMAKE_PREFIX_PATH=${CMAKE_PREFIX_PATH}:/opt/ros/foxy /usr/bin/cmake --build /home/omzlette/gitRos/LAB2/build/sandevistan_description -- -j12 -l12
[0.897s] DEBUG:colcon.colcon_core.event_handler.log_command:Invoked command in '/home/omzlette/gitRos/LAB2/build/sandevistan_description' returned '0': CMAKE_PREFIX_PATH=${CMAKE_PREFIX_PATH}:/opt/ros/foxy /usr/bin/cmake --build /home/omzlette/gitRos/LAB2/build/sandevistan_description -- -j12 -l12
[0.905s] DEBUG:colcon.colcon_core.event_handler.log_command:Invoked command in '/home/omzlette/gitRos/LAB2/build/sandevistan_kinematics' returned '0': CMAKE_PREFIX_PATH=${CMAKE_PREFIX_PATH}:/opt/ros/foxy /usr/bin/cmake /home/omzlette/gitRos/LAB2/src/sandevistan_kinematics -DCMAKE_INSTALL_PREFIX=/home/omzlette/gitRos/LAB2/install/sandevistan_kinematics
[0.907s] DEBUG:colcon.colcon_core.event_handler.log_command:Invoking command in '/home/omzlette/gitRos/LAB2/build/sandevistan_kinematics': CMAKE_PREFIX_PATH=${CMAKE_PREFIX_PATH}:/opt/ros/foxy /usr/bin/cmake --build /home/omzlette/gitRos/LAB2/build/sandevistan_kinematics -- -j12 -l12
[0.924s] DEBUG:colcon.colcon_core.event_handler.log_command:Invoking command in '/home/omzlette/gitRos/LAB2/build/sandevistan_description': CMAKE_PREFIX_PATH=${CMAKE_PREFIX_PATH}:/opt/ros/foxy /usr/bin/cmake --install /home/omzlette/gitRos/LAB2/build/sandevistan_description
[0.938s] DEBUG:colcon.colcon_core.event_handler.log_command:Invoked command in '/home/omzlette/gitRos/LAB2/build/sandevistan_kinematics' returned '0': CMAKE_PREFIX_PATH=${CMAKE_PREFIX_PATH}:/opt/ros/foxy /usr/bin/cmake --build /home/omzlette/gitRos/LAB2/build/sandevistan_kinematics -- -j12 -l12
[0.955s] DEBUG:colcon.colcon_core.event_handler.log_command:Invoking command in '/home/omzlette/gitRos/LAB2/build/sandevistan_kinematics': CMAKE_PREFIX_PATH=${CMAKE_PREFIX_PATH}:/opt/ros/foxy /usr/bin/cmake --install /home/omzlette/gitRos/LAB2/build/sandevistan_kinematics
[0.977s] Level 1:colcon.colcon_core.environment:create_environment_scripts_only(sandevistan_description)
[0.979s] DEBUG:colcon.colcon_core.event_handler.log_command:Invoked command in '/home/omzlette/gitRos/LAB2/build/sandevistan_description' returned '0': CMAKE_PREFIX_PATH=${CMAKE_PREFIX_PATH}:/opt/ros/foxy /usr/bin/cmake --install /home/omzlette/gitRos/LAB2/build/sandevistan_description
[0.984s] Level 1:colcon.colcon_core.environment:checking '/home/omzlette/gitRos/LAB2/install/sandevistan_description' for CMake module files
[0.984s] Level 1:colcon.colcon_core.environment:checking '/home/omzlette/gitRos/LAB2/install/sandevistan_description' for CMake config files
[0.984s] Level 1:colcon.colcon_core.shell:create_environment_hook('sandevistan_description', 'cmake_prefix_path')
[0.987s] INFO:colcon.colcon_core.shell:Creating environment hook '/home/omzlette/gitRos/LAB2/install/sandevistan_description/share/sandevistan_description/hook/cmake_prefix_path.ps1'
[0.987s] INFO:colcon.colcon_core.shell:Creating environment descriptor '/home/omzlette/gitRos/LAB2/install/sandevistan_description/share/sandevistan_description/hook/cmake_prefix_path.dsv'
[0.987s] INFO:colcon.colcon_core.shell:Creating environment hook '/home/omzlette/gitRos/LAB2/install/sandevistan_description/share/sandevistan_description/hook/cmake_prefix_path.sh'
[0.988s] Level 1:colcon.colcon_core.environment:checking '/home/omzlette/gitRos/LAB2/install/sandevistan_description/lib'
[0.988s] Level 1:colcon.colcon_core.environment:checking '/home/omzlette/gitRos/LAB2/install/sandevistan_description/bin'
[0.988s] Level 1:colcon.colcon_core.environment:checking '/home/omzlette/gitRos/LAB2/install/sandevistan_description/lib/pkgconfig/sandevistan_description.pc'
[0.988s] Level 1:colcon.colcon_core.environment:checking '/home/omzlette/gitRos/LAB2/install/sandevistan_description/lib/python3.8/site-packages'
[0.988s] Level 1:colcon.colcon_core.shell:create_environment_hook('sandevistan_description', 'pythonpath')
[0.991s] INFO:colcon.colcon_core.shell:Creating environment hook '/home/omzlette/gitRos/LAB2/install/sandevistan_description/share/sandevistan_description/hook/pythonpath.ps1'
[0.991s] INFO:colcon.colcon_core.shell:Creating environment descriptor '/home/omzlette/gitRos/LAB2/install/sandevistan_description/share/sandevistan_description/hook/pythonpath.dsv'
[0.991s] INFO:colcon.colcon_core.shell:Creating environment hook '/home/omzlette/gitRos/LAB2/install/sandevistan_description/share/sandevistan_description/hook/pythonpath.sh'
[0.991s] Level 1:colcon.colcon_core.environment:checking '/home/omzlette/gitRos/LAB2/install/sandevistan_description/bin'
[0.994s] INFO:colcon.colcon_core.shell:Creating package script '/home/omzlette/gitRos/LAB2/install/sandevistan_description/share/sandevistan_description/package.ps1'
[0.994s] INFO:colcon.colcon_core.shell:Creating package descriptor '/home/omzlette/gitRos/LAB2/install/sandevistan_description/share/sandevistan_description/package.dsv'
[0.995s] INFO:colcon.colcon_core.shell:Creating package script '/home/omzlette/gitRos/LAB2/install/sandevistan_description/share/sandevistan_description/package.sh'
[0.995s] INFO:colcon.colcon_core.shell:Creating package script '/home/omzlette/gitRos/LAB2/install/sandevistan_description/share/sandevistan_description/package.bash'
[0.996s] INFO:colcon.colcon_core.shell:Creating package script '/home/omzlette/gitRos/LAB2/install/sandevistan_description/share/sandevistan_description/package.zsh'
[0.996s] Level 1:colcon.colcon_core.environment:create_file_with_runtime_dependencies(/home/omzlette/gitRos/LAB2/install/sandevistan_description/share/colcon-core/packages/sandevistan_description)
[1.003s] Level 1:colcon.colcon_core.environment:create_environment_scripts_only(sandevistan_kinematics)
[1.007s] Level 1:colcon.colcon_core.environment:checking '/home/omzlette/gitRos/LAB2/install/sandevistan_kinematics' for CMake module files
[1.007s] DEBUG:colcon.colcon_core.event_handler.log_command:Invoked command in '/home/omzlette/gitRos/LAB2/build/sandevistan_kinematics' returned '0': CMAKE_PREFIX_PATH=${CMAKE_PREFIX_PATH}:/opt/ros/foxy /usr/bin/cmake --install /home/omzlette/gitRos/LAB2/build/sandevistan_kinematics
[1.008s] Level 1:colcon.colcon_core.environment:checking '/home/omzlette/gitRos/LAB2/install/sandevistan_kinematics' for CMake config files
[1.008s] Level 1:colcon.colcon_core.shell:create_environment_hook('sandevistan_kinematics', 'cmake_prefix_path')
[1.010s] INFO:colcon.colcon_core.shell:Creating environment hook '/home/omzlette/gitRos/LAB2/install/sandevistan_kinematics/share/sandevistan_kinematics/hook/cmake_prefix_path.ps1'
[1.010s] INFO:colcon.colcon_core.shell:Creating environment descriptor '/home/omzlette/gitRos/LAB2/install/sandevistan_kinematics/share/sandevistan_kinematics/hook/cmake_prefix_path.dsv'
[1.011s] INFO:colcon.colcon_core.shell:Creating environment hook '/home/omzlette/gitRos/LAB2/install/sandevistan_kinematics/share/sandevistan_kinematics/hook/cmake_prefix_path.sh'
[1.011s] Level 1:colcon.colcon_core.environment:checking '/home/omzlette/gitRos/LAB2/install/sandevistan_kinematics/lib'
[1.011s] Level 1:colcon.colcon_core.environment:checking '/home/omzlette/gitRos/LAB2/install/sandevistan_kinematics/bin'
[1.011s] Level 1:colcon.colcon_core.environment:checking '/home/omzlette/gitRos/LAB2/install/sandevistan_kinematics/lib/pkgconfig/sandevistan_kinematics.pc'
[1.011s] Level 1:colcon.colcon_core.environment:checking '/home/omzlette/gitRos/LAB2/install/sandevistan_kinematics/lib/python3.8/site-packages'
[1.011s] Level 1:colcon.colcon_core.shell:create_environment_hook('sandevistan_kinematics', 'pythonpath')
[1.013s] INFO:colcon.colcon_core.shell:Creating environment hook '/home/omzlette/gitRos/LAB2/install/sandevistan_kinematics/share/sandevistan_kinematics/hook/pythonpath.ps1'
[1.014s] INFO:colcon.colcon_core.shell:Creating environment descriptor '/home/omzlette/gitRos/LAB2/install/sandevistan_kinematics/share/sandevistan_kinematics/hook/pythonpath.dsv'
[1.014s] INFO:colcon.colcon_core.shell:Creating environment hook '/home/omzlette/gitRos/LAB2/install/sandevistan_kinematics/share/sandevistan_kinematics/hook/pythonpath.sh'
[1.014s] Level 1:colcon.colcon_core.environment:checking '/home/omzlette/gitRos/LAB2/install/sandevistan_kinematics/bin'
[1.016s] INFO:colcon.colcon_core.shell:Creating package script '/home/omzlette/gitRos/LAB2/install/sandevistan_kinematics/share/sandevistan_kinematics/package.ps1'
[1.017s] INFO:colcon.colcon_core.shell:Creating package descriptor '/home/omzlette/gitRos/LAB2/install/sandevistan_kinematics/share/sandevistan_kinematics/package.dsv'
[1.017s] INFO:colcon.colcon_core.shell:Creating package script '/home/omzlette/gitRos/LAB2/install/sandevistan_kinematics/share/sandevistan_kinematics/package.sh'
[1.017s] INFO:colcon.colcon_core.shell:Creating package script '/home/omzlette/gitRos/LAB2/install/sandevistan_kinematics/share/sandevistan_kinematics/package.bash'
[1.017s] INFO:colcon.colcon_core.shell:Creating package script '/home/omzlette/gitRos/LAB2/install/sandevistan_kinematics/share/sandevistan_kinematics/package.zsh'
[1.018s] Level 1:colcon.colcon_core.environment:create_file_with_runtime_dependencies(/home/omzlette/gitRos/LAB2/install/sandevistan_kinematics/share/colcon-core/packages/sandevistan_kinematics)
[1.023s] Level 1:colcon.colcon_core.environment:create_environment_scripts_only(sandevistan_description)
[1.026s] Level 1:colcon.colcon_core.environment:checking '/home/omzlette/gitRos/LAB2/install/sandevistan_description' for CMake module files
[1.026s] Level 1:colcon.colcon_core.environment:checking '/home/omzlette/gitRos/LAB2/install/sandevistan_description' for CMake config files
[1.027s] Level 1:colcon.colcon_core.shell:create_environment_hook('sandevistan_description', 'cmake_prefix_path')
[1.029s] INFO:colcon.colcon_core.shell:Creating environment hook '/home/omzlette/gitRos/LAB2/install/sandevistan_description/share/sandevistan_description/hook/cmake_prefix_path.ps1'
[1.029s] INFO:colcon.colcon_core.shell:Creating environment descriptor '/home/omzlette/gitRos/LAB2/install/sandevistan_description/share/sandevistan_description/hook/cmake_prefix_path.dsv'
[1.029s] INFO:colcon.colcon_core.shell:Creating environment hook '/home/omzlette/gitRos/LAB2/install/sandevistan_description/share/sandevistan_description/hook/cmake_prefix_path.sh'
[1.030s] Level 1:colcon.colcon_core.environment:checking '/home/omzlette/gitRos/LAB2/install/sandevistan_description/lib'
[1.030s] Level 1:colcon.colcon_core.environment:checking '/home/omzlette/gitRos/LAB2/install/sandevistan_description/bin'
[1.030s] Level 1:colcon.colcon_core.environment:checking '/home/omzlette/gitRos/LAB2/install/sandevistan_description/lib/pkgconfig/sandevistan_description.pc'
[1.030s] Level 1:colcon.colcon_core.environment:checking '/home/omzlette/gitRos/LAB2/install/sandevistan_description/lib/python3.8/site-packages'
[1.030s] Level 1:colcon.colcon_core.shell:create_environment_hook('sandevistan_description', 'pythonpath')
[1.032s] INFO:colcon.colcon_core.shell:Creating environment hook '/home/omzlette/gitRos/LAB2/install/sandevistan_description/share/sandevistan_description/hook/pythonpath.ps1'
[1.033s] INFO:colcon.colcon_core.shell:Creating environment descriptor '/home/omzlette/gitRos/LAB2/install/sandevistan_description/share/sandevistan_description/hook/pythonpath.dsv'
[1.033s] INFO:colcon.colcon_core.shell:Creating environment hook '/home/omzlette/gitRos/LAB2/install/sandevistan_description/share/sandevistan_description/hook/pythonpath.sh'
[1.033s] Level 1:colcon.colcon_core.environment:checking '/home/omzlette/gitRos/LAB2/install/sandevistan_description/bin'
[1.035s] INFO:colcon.colcon_core.shell:Creating package script '/home/omzlette/gitRos/LAB2/install/sandevistan_description/share/sandevistan_description/package.ps1'
[1.036s] INFO:colcon.colcon_core.shell:Creating package descriptor '/home/omzlette/gitRos/LAB2/install/sandevistan_description/share/sandevistan_description/package.dsv'
[1.036s] INFO:colcon.colcon_core.shell:Creating package script '/home/omzlette/gitRos/LAB2/install/sandevistan_description/share/sandevistan_description/package.sh'
[1.036s] INFO:colcon.colcon_core.shell:Creating package script '/home/omzlette/gitRos/LAB2/install/sandevistan_description/share/sandevistan_description/package.bash'
[1.037s] INFO:colcon.colcon_core.shell:Creating package script '/home/omzlette/gitRos/LAB2/install/sandevistan_description/share/sandevistan_description/package.zsh'
[1.037s] Level 1:colcon.colcon_core.environment:create_file_with_runtime_dependencies(/home/omzlette/gitRos/LAB2/install/sandevistan_description/share/colcon-core/packages/sandevistan_description)
[1.040s] Level 1:colcon.colcon_core.environment:create_environment_scripts_only(sandevistan_kinematics)
[1.043s] Level 1:colcon.colcon_core.environment:checking '/home/omzlette/gitRos/LAB2/install/sandevistan_kinematics' for CMake module files
[1.043s] Level 1:colcon.colcon_core.environment:checking '/home/omzlette/gitRos/LAB2/install/sandevistan_kinematics' for CMake config files
[1.043s] Level 1:colcon.colcon_core.shell:create_environment_hook('sandevistan_kinematics', 'cmake_prefix_path')
[1.045s] INFO:colcon.colcon_core.shell:Creating environment hook '/home/omzlette/gitRos/LAB2/install/sandevistan_kinematics/share/sandevistan_kinematics/hook/cmake_prefix_path.ps1'
[1.046s] INFO:colcon.colcon_core.shell:Creating environment descriptor '/home/omzlette/gitRos/LAB2/install/sandevistan_kinematics/share/sandevistan_kinematics/hook/cmake_prefix_path.dsv'
[1.046s] INFO:colcon.colcon_core.shell:Creating environment hook '/home/omzlette/gitRos/LAB2/install/sandevistan_kinematics/share/sandevistan_kinematics/hook/cmake_prefix_path.sh'
[1.046s] Level 1:colcon.colcon_core.environment:checking '/home/omzlette/gitRos/LAB2/install/sandevistan_kinematics/lib'
[1.046s] Level 1:colcon.colcon_core.environment:checking '/home/omzlette/gitRos/LAB2/install/sandevistan_kinematics/bin'
[1.046s] Level 1:colcon.colcon_core.environment:checking '/home/omzlette/gitRos/LAB2/install/sandevistan_kinematics/lib/pkgconfig/sandevistan_kinematics.pc'
[1.046s] Level 1:colcon.colcon_core.environment:checking '/home/omzlette/gitRos/LAB2/install/sandevistan_kinematics/lib/python3.8/site-packages'
[1.046s] Level 1:colcon.colcon_core.shell:create_environment_hook('sandevistan_kinematics', 'pythonpath')
[1.048s] INFO:colcon.colcon_core.shell:Creating environment hook '/home/omzlette/gitRos/LAB2/install/sandevistan_kinematics/share/sandevistan_kinematics/hook/pythonpath.ps1'
[1.049s] INFO:colcon.colcon_core.shell:Creating environment descriptor '/home/omzlette/gitRos/LAB2/install/sandevistan_kinematics/share/sandevistan_kinematics/hook/pythonpath.dsv'
[1.049s] INFO:colcon.colcon_core.shell:Creating environment hook '/home/omzlette/gitRos/LAB2/install/sandevistan_kinematics/share/sandevistan_kinematics/hook/pythonpath.sh'
[1.049s] Level 1:colcon.colcon_core.environment:checking '/home/omzlette/gitRos/LAB2/install/sandevistan_kinematics/bin'
[1.051s] INFO:colcon.colcon_core.shell:Creating package script '/home/omzlette/gitRos/LAB2/install/sandevistan_kinematics/share/sandevistan_kinematics/package.ps1'
[1.052s] INFO:colcon.colcon_core.shell:Creating package descriptor '/home/omzlette/gitRos/LAB2/install/sandevistan_kinematics/share/sandevistan_kinematics/package.dsv'
[1.052s] INFO:colcon.colcon_core.shell:Creating package script '/home/omzlette/gitRos/LAB2/install/sandevistan_kinematics/share/sandevistan_kinematics/package.sh'
[1.052s] INFO:colcon.colcon_core.shell:Creating package script '/home/omzlette/gitRos/LAB2/install/sandevistan_kinematics/share/sandevistan_kinematics/package.bash'
[1.053s] INFO:colcon.colcon_core.shell:Creating package script '/home/omzlette/gitRos/LAB2/install/sandevistan_kinematics/share/sandevistan_kinematics/package.zsh'
[1.053s] Level 1:colcon.colcon_core.environment:create_file_with_runtime_dependencies(/home/omzlette/gitRos/LAB2/install/sandevistan_kinematics/share/colcon-core/packages/sandevistan_kinematics)
[1.401s] DEBUG:colcon.colcon_core.event_handler.log_command:Invoked command in '/home/omzlette/gitRos/LAB2/build/sandevistan_kinematics_interfaces' returned '0': CMAKE_PREFIX_PATH=${CMAKE_PREFIX_PATH}:/opt/ros/foxy /usr/bin/cmake /home/omzlette/gitRos/LAB2/src/sandevistan_kinematics_interfaces -DCMAKE_INSTALL_PREFIX=/home/omzlette/gitRos/LAB2/install/sandevistan_kinematics_interfaces
[1.404s] DEBUG:colcon.colcon_core.event_handler.log_command:Invoking command in '/home/omzlette/gitRos/LAB2/build/sandevistan_kinematics_interfaces': CMAKE_PREFIX_PATH=${CMAKE_PREFIX_PATH}:/opt/ros/foxy /usr/bin/cmake --build /home/omzlette/gitRos/LAB2/build/sandevistan_kinematics_interfaces -- -j12 -l12
[1.589s] DEBUG:colcon.colcon_core.event_handler.log_command:Invoked command in '/home/omzlette/gitRos/LAB2/build/sandevistan_kinematics_interfaces' returned '0': CMAKE_PREFIX_PATH=${CMAKE_PREFIX_PATH}:/opt/ros/foxy /usr/bin/cmake --build /home/omzlette/gitRos/LAB2/build/sandevistan_kinematics_interfaces -- -j12 -l12
[1.637s] DEBUG:colcon.colcon_core.event_handler.log_command:Invoking command in '/home/omzlette/gitRos/LAB2/build/sandevistan_kinematics_interfaces': CMAKE_PREFIX_PATH=${CMAKE_PREFIX_PATH}:/opt/ros/foxy /usr/bin/cmake --install /home/omzlette/gitRos/LAB2/build/sandevistan_kinematics_interfaces
[1.709s] Level 1:colcon.colcon_core.environment:create_environment_scripts_only(sandevistan_kinematics_interfaces)
[1.715s] Level 1:colcon.colcon_core.environment:checking '/home/omzlette/gitRos/LAB2/install/sandevistan_kinematics_interfaces' for CMake module files
[1.715s] DEBUG:colcon.colcon_core.event_handler.log_command:Invoked command in '/home/omzlette/gitRos/LAB2/build/sandevistan_kinematics_interfaces' returned '0': CMAKE_PREFIX_PATH=${CMAKE_PREFIX_PATH}:/opt/ros/foxy /usr/bin/cmake --install /home/omzlette/gitRos/LAB2/build/sandevistan_kinematics_interfaces
[1.716s] Level 1:colcon.colcon_core.environment:checking '/home/omzlette/gitRos/LAB2/install/sandevistan_kinematics_interfaces' for CMake config files
[1.717s] Level 1:colcon.colcon_core.shell:create_environment_hook('sandevistan_kinematics_interfaces', 'cmake_prefix_path')
[1.721s] INFO:colcon.colcon_core.shell:Creating environment hook '/home/omzlette/gitRos/LAB2/install/sandevistan_kinematics_interfaces/share/sandevistan_kinematics_interfaces/hook/cmake_prefix_path.ps1'
[1.721s] INFO:colcon.colcon_core.shell:Creating environment descriptor '/home/omzlette/gitRos/LAB2/install/sandevistan_kinematics_interfaces/share/sandevistan_kinematics_interfaces/hook/cmake_prefix_path.dsv'
[1.722s] INFO:colcon.colcon_core.shell:Creating environment hook '/home/omzlette/gitRos/LAB2/install/sandevistan_kinematics_interfaces/share/sandevistan_kinematics_interfaces/hook/cmake_prefix_path.sh'
[1.722s] Level 1:colcon.colcon_core.environment:checking '/home/omzlette/gitRos/LAB2/install/sandevistan_kinematics_interfaces/lib'
[1.722s] Level 1:colcon.colcon_core.shell:create_environment_hook('sandevistan_kinematics_interfaces', 'ld_library_path_lib')
[1.724s] INFO:colcon.colcon_core.shell:Creating environment hook '/home/omzlette/gitRos/LAB2/install/sandevistan_kinematics_interfaces/share/sandevistan_kinematics_interfaces/hook/ld_library_path_lib.ps1'
[1.725s] INFO:colcon.colcon_core.shell:Creating environment descriptor '/home/omzlette/gitRos/LAB2/install/sandevistan_kinematics_interfaces/share/sandevistan_kinematics_interfaces/hook/ld_library_path_lib.dsv'
[1.725s] INFO:colcon.colcon_core.shell:Creating environment hook '/home/omzlette/gitRos/LAB2/install/sandevistan_kinematics_interfaces/share/sandevistan_kinematics_interfaces/hook/ld_library_path_lib.sh'
[1.725s] Level 1:colcon.colcon_core.environment:checking '/home/omzlette/gitRos/LAB2/install/sandevistan_kinematics_interfaces/bin'
[1.726s] Level 1:colcon.colcon_core.environment:checking '/home/omzlette/gitRos/LAB2/install/sandevistan_kinematics_interfaces/lib/pkgconfig/sandevistan_kinematics_interfaces.pc'
[1.726s] Level 1:colcon.colcon_core.environment:checking '/home/omzlette/gitRos/LAB2/install/sandevistan_kinematics_interfaces/lib/python3.8/site-packages'
[1.726s] Level 1:colcon.colcon_core.shell:create_environment_hook('sandevistan_kinematics_interfaces', 'pythonpath')
[1.728s] INFO:colcon.colcon_core.shell:Creating environment hook '/home/omzlette/gitRos/LAB2/install/sandevistan_kinematics_interfaces/share/sandevistan_kinematics_interfaces/hook/pythonpath.ps1'
[1.728s] INFO:colcon.colcon_core.shell:Creating environment descriptor '/home/omzlette/gitRos/LAB2/install/sandevistan_kinematics_interfaces/share/sandevistan_kinematics_interfaces/hook/pythonpath.dsv'
[1.729s] INFO:colcon.colcon_core.shell:Creating environment hook '/home/omzlette/gitRos/LAB2/install/sandevistan_kinematics_interfaces/share/sandevistan_kinematics_interfaces/hook/pythonpath.sh'
[1.729s] Level 1:colcon.colcon_core.environment:checking '/home/omzlette/gitRos/LAB2/install/sandevistan_kinematics_interfaces/bin'
[1.731s] INFO:colcon.colcon_core.shell:Creating package script '/home/omzlette/gitRos/LAB2/install/sandevistan_kinematics_interfaces/share/sandevistan_kinematics_interfaces/package.ps1'
[1.732s] INFO:colcon.colcon_core.shell:Creating package descriptor '/home/omzlette/gitRos/LAB2/install/sandevistan_kinematics_interfaces/share/sandevistan_kinematics_interfaces/package.dsv'
[1.732s] INFO:colcon.colcon_core.shell:Creating package script '/home/omzlette/gitRos/LAB2/install/sandevistan_kinematics_interfaces/share/sandevistan_kinematics_interfaces/package.sh'
[1.732s] INFO:colcon.colcon_core.shell:Creating package script '/home/omzlette/gitRos/LAB2/install/sandevistan_kinematics_interfaces/share/sandevistan_kinematics_interfaces/package.bash'
[1.733s] INFO:colcon.colcon_core.shell:Creating package script '/home/omzlette/gitRos/LAB2/install/sandevistan_kinematics_interfaces/share/sandevistan_kinematics_interfaces/package.zsh'
[1.733s] Level 1:colcon.colcon_core.environment:create_file_with_runtime_dependencies(/home/omzlette/gitRos/LAB2/install/sandevistan_kinematics_interfaces/share/colcon-core/packages/sandevistan_kinematics_interfaces)
[1.776s] Level 1:colcon.colcon_core.environment:create_environment_scripts_only(sandevistan_kinematics_interfaces)
[1.779s] Level 1:colcon.colcon_core.environment:checking '/home/omzlette/gitRos/LAB2/install/sandevistan_kinematics_interfaces' for CMake module files
[1.780s] Level 1:colcon.colcon_core.environment:checking '/home/omzlette/gitRos/LAB2/install/sandevistan_kinematics_interfaces' for CMake config files
[1.780s] Level 1:colcon.colcon_core.shell:create_environment_hook('sandevistan_kinematics_interfaces', 'cmake_prefix_path')
[1.782s] INFO:colcon.colcon_core.shell:Creating environment hook '/home/omzlette/gitRos/LAB2/install/sandevistan_kinematics_interfaces/share/sandevistan_kinematics_interfaces/hook/cmake_prefix_path.ps1'
[1.783s] INFO:colcon.colcon_core.shell:Creating environment descriptor '/home/omzlette/gitRos/LAB2/install/sandevistan_kinematics_interfaces/share/sandevistan_kinematics_interfaces/hook/cmake_prefix_path.dsv'
[1.783s] INFO:colcon.colcon_core.shell:Creating environment hook '/home/omzlette/gitRos/LAB2/install/sandevistan_kinematics_interfaces/share/sandevistan_kinematics_interfaces/hook/cmake_prefix_path.sh'
[1.783s] Level 1:colcon.colcon_core.environment:checking '/home/omzlette/gitRos/LAB2/install/sandevistan_kinematics_interfaces/lib'
[1.783s] Level 1:colcon.colcon_core.shell:create_environment_hook('sandevistan_kinematics_interfaces', 'ld_library_path_lib')
[1.786s] INFO:colcon.colcon_core.shell:Creating environment hook '/home/omzlette/gitRos/LAB2/install/sandevistan_kinematics_interfaces/share/sandevistan_kinematics_interfaces/hook/ld_library_path_lib.ps1'
[1.786s] INFO:colcon.colcon_core.shell:Creating environment descriptor '/home/omzlette/gitRos/LAB2/install/sandevistan_kinematics_interfaces/share/sandevistan_kinematics_interfaces/hook/ld_library_path_lib.dsv'
[1.786s] INFO:colcon.colcon_core.shell:Creating environment hook '/home/omzlette/gitRos/LAB2/install/sandevistan_kinematics_interfaces/share/sandevistan_kinematics_interfaces/hook/ld_library_path_lib.sh'
[1.786s] Level 1:colcon.colcon_core.environment:checking '/home/omzlette/gitRos/LAB2/install/sandevistan_kinematics_interfaces/bin'
[1.786s] Level 1:colcon.colcon_core.environment:checking '/home/omzlette/gitRos/LAB2/install/sandevistan_kinematics_interfaces/lib/pkgconfig/sandevistan_kinematics_interfaces.pc'
[1.787s] Level 1:colcon.colcon_core.environment:checking '/home/omzlette/gitRos/LAB2/install/sandevistan_kinematics_interfaces/lib/python3.8/site-packages'
[1.787s] Level 1:colcon.colcon_core.shell:create_environment_hook('sandevistan_kinematics_interfaces', 'pythonpath')
[1.789s] INFO:colcon.colcon_core.shell:Creating environment hook '/home/omzlette/gitRos/LAB2/install/sandevistan_kinematics_interfaces/share/sandevistan_kinematics_interfaces/hook/pythonpath.ps1'
[1.789s] INFO:colcon.colcon_core.shell:Creating environment descriptor '/home/omzlette/gitRos/LAB2/install/sandevistan_kinematics_interfaces/share/sandevistan_kinematics_interfaces/hook/pythonpath.dsv'
[1.789s] INFO:colcon.colcon_core.shell:Creating environment hook '/home/omzlette/gitRos/LAB2/install/sandevistan_kinematics_interfaces/share/sandevistan_kinematics_interfaces/hook/pythonpath.sh'
[1.790s] Level 1:colcon.colcon_core.environment:checking '/home/omzlette/gitRos/LAB2/install/sandevistan_kinematics_interfaces/bin'
[1.792s] INFO:colcon.colcon_core.shell:Creating package script '/home/omzlette/gitRos/LAB2/install/sandevistan_kinematics_interfaces/share/sandevistan_kinematics_interfaces/package.ps1'
[1.792s] INFO:colcon.colcon_core.shell:Creating package descriptor '/home/omzlette/gitRos/LAB2/install/sandevistan_kinematics_interfaces/share/sandevistan_kinematics_interfaces/package.dsv'
[1.793s] INFO:colcon.colcon_core.shell:Creating package script '/home/omzlette/gitRos/LAB2/install/sandevistan_kinematics_interfaces/share/sandevistan_kinematics_interfaces/package.sh'
[1.793s] INFO:colcon.colcon_core.shell:Creating package script '/home/omzlette/gitRos/LAB2/install/sandevistan_kinematics_interfaces/share/sandevistan_kinematics_interfaces/package.bash'
[1.793s] INFO:colcon.colcon_core.shell:Creating package script '/home/omzlette/gitRos/LAB2/install/sandevistan_kinematics_interfaces/share/sandevistan_kinematics_interfaces/package.zsh'
[1.794s] Level 1:colcon.colcon_core.environment:create_file_with_runtime_dependencies(/home/omzlette/gitRos/LAB2/install/sandevistan_kinematics_interfaces/share/colcon-core/packages/sandevistan_kinematics_interfaces)
[1.794s] DEBUG:colcon.colcon_parallel_executor.executor.parallel:closing loop
[1.794s] DEBUG:colcon.colcon_parallel_executor.executor.parallel:loop closed
[1.794s] DEBUG:colcon.colcon_parallel_executor.executor.parallel:run_until_complete finished with '0'
[1.794s] DEBUG:colcon.colcon_core.event_reactor:joining thread
[1.801s] INFO:colcon.colcon_core.plugin_system:Skipping extension 'colcon_notification.desktop_notification.terminal_notifier': Not used on non-Darwin systems
[1.801s] INFO:colcon.colcon_core.plugin_system:Skipping extension 'colcon_notification.desktop_notification.win32': Not used on non-Windows systems
[1.801s] INFO:colcon.colcon_notification.desktop_notification:Sending desktop notification using 'notify2'
[1.811s] DEBUG:colcon.colcon_core.event_reactor:joined thread
[1.813s] INFO:colcon.colcon_core.shell:Creating prefix script '/home/omzlette/gitRos/LAB2/install/local_setup.ps1'
[1.814s] INFO:colcon.colcon_core.shell:Creating prefix util module '/home/omzlette/gitRos/LAB2/install/_local_setup_util_ps1.py'
[1.815s] INFO:colcon.colcon_core.shell:Creating prefix chain script '/home/omzlette/gitRos/LAB2/install/setup.ps1'
[1.817s] INFO:colcon.colcon_core.shell:Creating prefix script '/home/omzlette/gitRos/LAB2/install/local_setup.sh'
[1.817s] INFO:colcon.colcon_core.shell:Creating prefix util module '/home/omzlette/gitRos/LAB2/install/_local_setup_util_sh.py'
[1.817s] INFO:colcon.colcon_core.shell:Creating prefix chain script '/home/omzlette/gitRos/LAB2/install/setup.sh'
[1.819s] INFO:colcon.colcon_core.shell:Creating prefix script '/home/omzlette/gitRos/LAB2/install/local_setup.bash'
[1.819s] INFO:colcon.colcon_core.shell:Creating prefix chain script '/home/omzlette/gitRos/LAB2/install/setup.bash'
[1.821s] INFO:colcon.colcon_core.shell:Creating prefix script '/home/omzlette/gitRos/LAB2/install/local_setup.zsh'
[1.821s] INFO:colcon.colcon_core.shell:Creating prefix chain script '/home/omzlette/gitRos/LAB2/install/setup.zsh'
