[0.159s] DEBUG:colcon:Command line arguments: ['/usr/bin/colcon', 'list', '-p', '--base-paths', '/home/omzlette/gitRos/LAB1_WS']
[0.159s] DEBUG:colcon:Parsed command line arguments: Namespace(allow_overriding=[], base_paths=['/home/omzlette/gitRos/LAB1_WS'], build_base='build', ignore_user_meta=False, log_base=None, log_level=None, main=<bound method ListVerb.main of <colcon_package_information.verb.list.ListVerb object at 0x7f31adb584c0>>, metas=['./colcon.meta'], names_only=False, packages_above=None, packages_above_and_dependencies=None, packages_above_depth=None, packages_end=None, packages_ignore=None, packages_ignore_regex=None, packages_select=None, packages_select_build_failed=False, packages_select_by_dep=None, packages_select_regex=None, packages_select_test_failures=False, packages_skip=None, packages_skip_build_finished=False, packages_skip_by_dep=None, packages_skip_regex=None, packages_skip_test_passed=False, packages_skip_up_to=None, packages_start=None, packages_up_to=None, packages_up_to_regex=None, paths=None, paths_only=True, topological_graph=False, topological_graph_density=False, topological_graph_dot=False, topological_graph_dot_cluster=False, topological_graph_dot_include_skipped=False, topological_graph_legend=False, topological_order=False, verb_extension=<colcon_package_information.verb.list.ListVerb object at 0x7f31adb584c0>, verb_name='list', verb_parser=<colcon_defaults.argument_parser.defaults.DefaultArgumentsDecorator object at 0x7f31adab2b20>)
[0.185s] Level 1:colcon.colcon_core.package_discovery:discover_packages(colcon_meta) check parameters
[0.185s] Level 1:colcon.colcon_core.package_discovery:discover_packages(recursive) check parameters
[0.185s] Level 1:colcon.colcon_core.package_discovery:discover_packages(ignore) check parameters
[0.185s] Level 1:colcon.colcon_core.package_discovery:discover_packages(path) check parameters
[0.185s] Level 1:colcon.colcon_core.package_discovery:discover_packages(recursive) discover
[0.185s] INFO:colcon.colcon_core.package_discovery:Crawling recursively for packages in '/home/omzlette/gitRos/LAB1_WS'
[0.185s] Level 1:colcon.colcon_core.package_identification:_identify(/home/omzlette/gitRos/LAB1_WS) by extensions ['ignore', 'ignore_ament_install']
[0.186s] Level 1:colcon.colcon_core.package_identification:_identify(/home/omzlette/gitRos/LAB1_WS) by extension 'ignore'
[0.186s] Level 1:colcon.colcon_core.package_identification:_identify(/home/omzlette/gitRos/LAB1_WS) by extension 'ignore_ament_install'
[0.186s] Level 1:colcon.colcon_core.package_identification:_identify(/home/omzlette/gitRos/LAB1_WS) by extensions ['colcon_pkg']
[0.186s] Level 1:colcon.colcon_core.package_identification:_identify(/home/omzlette/gitRos/LAB1_WS) by extension 'colcon_pkg'
[0.186s] Level 1:colcon.colcon_core.package_identification:_identify(/home/omzlette/gitRos/LAB1_WS) by extensions ['colcon_meta']
[0.186s] Level 1:colcon.colcon_core.package_identification:_identify(/home/omzlette/gitRos/LAB1_WS) by extension 'colcon_meta'
[0.186s] Level 1:colcon.colcon_core.package_identification:_identify(/home/omzlette/gitRos/LAB1_WS) by extensions ['ros']
[0.186s] Level 1:colcon.colcon_core.package_identification:_identify(/home/omzlette/gitRos/LAB1_WS) by extension 'ros'
[0.195s] Level 1:colcon.colcon_core.package_identification:_identify(/home/omzlette/gitRos/LAB1_WS) by extensions ['cmake', 'python']
[0.195s] Level 1:colcon.colcon_core.package_identification:_identify(/home/omzlette/gitRos/LAB1_WS) by extension 'cmake'
[0.195s] Level 1:colcon.colcon_core.package_identification:_identify(/home/omzlette/gitRos/LAB1_WS) by extension 'python'
[0.195s] Level 1:colcon.colcon_core.package_identification:_identify(/home/omzlette/gitRos/LAB1_WS) by extensions ['python_setup_py']
[0.195s] Level 1:colcon.colcon_core.package_identification:_identify(/home/omzlette/gitRos/LAB1_WS) by extension 'python_setup_py'
[0.196s] Level 1:colcon.colcon_core.package_identification:_identify(/home/omzlette/gitRos/LAB1_WS/build) by extensions ['ignore', 'ignore_ament_install']
[0.196s] Level 1:colcon.colcon_core.package_identification:_identify(/home/omzlette/gitRos/LAB1_WS/build) by extension 'ignore'
[0.196s] Level 1:colcon.colcon_core.package_identification:_identify(/home/omzlette/gitRos/LAB1_WS/build) ignored
[0.196s] Level 1:colcon.colcon_core.package_identification:_identify(/home/omzlette/gitRos/LAB1_WS/install) by extensions ['ignore', 'ignore_ament_install']
[0.196s] Level 1:colcon.colcon_core.package_identification:_identify(/home/omzlette/gitRos/LAB1_WS/install) by extension 'ignore'
[0.196s] Level 1:colcon.colcon_core.package_identification:_identify(/home/omzlette/gitRos/LAB1_WS/install) ignored
[0.196s] Level 1:colcon.colcon_core.package_identification:_identify(/home/omzlette/gitRos/LAB1_WS/log) by extensions ['ignore', 'ignore_ament_install']
[0.196s] Level 1:colcon.colcon_core.package_identification:_identify(/home/omzlette/gitRos/LAB1_WS/log) by extension 'ignore'
[0.196s] Level 1:colcon.colcon_core.package_identification:_identify(/home/omzlette/gitRos/LAB1_WS/log) ignored
[0.196s] Level 1:colcon.colcon_core.package_identification:_identify(/home/omzlette/gitRos/LAB1_WS/src) by extensions ['ignore', 'ignore_ament_install']
[0.196s] Level 1:colcon.colcon_core.package_identification:_identify(/home/omzlette/gitRos/LAB1_WS/src) by extension 'ignore'
[0.196s] Level 1:colcon.colcon_core.package_identification:_identify(/home/omzlette/gitRos/LAB1_WS/src) by extension 'ignore_ament_install'
[0.196s] Level 1:colcon.colcon_core.package_identification:_identify(/home/omzlette/gitRos/LAB1_WS/src) by extensions ['colcon_pkg']
[0.196s] Level 1:colcon.colcon_core.package_identification:_identify(/home/omzlette/gitRos/LAB1_WS/src) by extension 'colcon_pkg'
[0.197s] Level 1:colcon.colcon_core.package_identification:_identify(/home/omzlette/gitRos/LAB1_WS/src) by extensions ['colcon_meta']
[0.197s] Level 1:colcon.colcon_core.package_identification:_identify(/home/omzlette/gitRos/LAB1_WS/src) by extension 'colcon_meta'
[0.197s] Level 1:colcon.colcon_core.package_identification:_identify(/home/omzlette/gitRos/LAB1_WS/src) by extensions ['ros']
[0.197s] Level 1:colcon.colcon_core.package_identification:_identify(/home/omzlette/gitRos/LAB1_WS/src) by extension 'ros'
[0.197s] Level 1:colcon.colcon_core.package_identification:_identify(/home/omzlette/gitRos/LAB1_WS/src) by extensions ['cmake', 'python']
[0.197s] Level 1:colcon.colcon_core.package_identification:_identify(/home/omzlette/gitRos/LAB1_WS/src) by extension 'cmake'
[0.197s] Level 1:colcon.colcon_core.package_identification:_identify(/home/omzlette/gitRos/LAB1_WS/src) by extension 'python'
[0.197s] Level 1:colcon.colcon_core.package_identification:_identify(/home/omzlette/gitRos/LAB1_WS/src) by extensions ['python_setup_py']
[0.197s] Level 1:colcon.colcon_core.package_identification:_identify(/home/omzlette/gitRos/LAB1_WS/src) by extension 'python_setup_py'
[0.197s] Level 1:colcon.colcon_core.package_identification:_identify(/home/omzlette/gitRos/LAB1_WS/src/doc) by extensions ['ignore', 'ignore_ament_install']
[0.197s] Level 1:colcon.colcon_core.package_identification:_identify(/home/omzlette/gitRos/LAB1_WS/src/doc) by extension 'ignore'
[0.197s] Level 1:colcon.colcon_core.package_identification:_identify(/home/omzlette/gitRos/LAB1_WS/src/doc) by extension 'ignore_ament_install'
[0.197s] Level 1:colcon.colcon_core.package_identification:_identify(/home/omzlette/gitRos/LAB1_WS/src/doc) by extensions ['colcon_pkg']
[0.197s] Level 1:colcon.colcon_core.package_identification:_identify(/home/omzlette/gitRos/LAB1_WS/src/doc) by extension 'colcon_pkg'
[0.197s] Level 1:colcon.colcon_core.package_identification:_identify(/home/omzlette/gitRos/LAB1_WS/src/doc) by extensions ['colcon_meta']
[0.197s] Level 1:colcon.colcon_core.package_identification:_identify(/home/omzlette/gitRos/LAB1_WS/src/doc) by extension 'colcon_meta'
[0.197s] Level 1:colcon.colcon_core.package_identification:_identify(/home/omzlette/gitRos/LAB1_WS/src/doc) by extensions ['ros']
[0.197s] Level 1:colcon.colcon_core.package_identification:_identify(/home/omzlette/gitRos/LAB1_WS/src/doc) by extension 'ros'
[0.198s] Level 1:colcon.colcon_core.package_identification:_identify(/home/omzlette/gitRos/LAB1_WS/src/doc) by extensions ['cmake', 'python']
[0.198s] Level 1:colcon.colcon_core.package_identification:_identify(/home/omzlette/gitRos/LAB1_WS/src/doc) by extension 'cmake'
[0.198s] Level 1:colcon.colcon_core.package_identification:_identify(/home/omzlette/gitRos/LAB1_WS/src/doc) by extension 'python'
[0.198s] Level 1:colcon.colcon_core.package_identification:_identify(/home/omzlette/gitRos/LAB1_WS/src/doc) by extensions ['python_setup_py']
[0.198s] Level 1:colcon.colcon_core.package_identification:_identify(/home/omzlette/gitRos/LAB1_WS/src/doc) by extension 'python_setup_py'
[0.198s] Level 1:colcon.colcon_core.package_identification:_identify(/home/omzlette/gitRos/LAB1_WS/src/doc/pic) by extensions ['ignore', 'ignore_ament_install']
[0.198s] Level 1:colcon.colcon_core.package_identification:_identify(/home/omzlette/gitRos/LAB1_WS/src/doc/pic) by extension 'ignore'
[0.198s] Level 1:colcon.colcon_core.package_identification:_identify(/home/omzlette/gitRos/LAB1_WS/src/doc/pic) by extension 'ignore_ament_install'
[0.198s] Level 1:colcon.colcon_core.package_identification:_identify(/home/omzlette/gitRos/LAB1_WS/src/doc/pic) by extensions ['colcon_pkg']
[0.198s] Level 1:colcon.colcon_core.package_identification:_identify(/home/omzlette/gitRos/LAB1_WS/src/doc/pic) by extension 'colcon_pkg'
[0.198s] Level 1:colcon.colcon_core.package_identification:_identify(/home/omzlette/gitRos/LAB1_WS/src/doc/pic) by extensions ['colcon_meta']
[0.198s] Level 1:colcon.colcon_core.package_identification:_identify(/home/omzlette/gitRos/LAB1_WS/src/doc/pic) by extension 'colcon_meta'
[0.198s] Level 1:colcon.colcon_core.package_identification:_identify(/home/omzlette/gitRos/LAB1_WS/src/doc/pic) by extensions ['ros']
[0.198s] Level 1:colcon.colcon_core.package_identification:_identify(/home/omzlette/gitRos/LAB1_WS/src/doc/pic) by extension 'ros'
[0.198s] Level 1:colcon.colcon_core.package_identification:_identify(/home/omzlette/gitRos/LAB1_WS/src/doc/pic) by extensions ['cmake', 'python']
[0.198s] Level 1:colcon.colcon_core.package_identification:_identify(/home/omzlette/gitRos/LAB1_WS/src/doc/pic) by extension 'cmake'
[0.198s] Level 1:colcon.colcon_core.package_identification:_identify(/home/omzlette/gitRos/LAB1_WS/src/doc/pic) by extension 'python'
[0.198s] Level 1:colcon.colcon_core.package_identification:_identify(/home/omzlette/gitRos/LAB1_WS/src/doc/pic) by extensions ['python_setup_py']
[0.198s] Level 1:colcon.colcon_core.package_identification:_identify(/home/omzlette/gitRos/LAB1_WS/src/doc/pic) by extension 'python_setup_py'
[0.199s] Level 1:colcon.colcon_core.package_identification:_identify(/home/omzlette/gitRos/LAB1_WS/src/fra333_lab1_29) by extensions ['ignore', 'ignore_ament_install']
[0.199s] Level 1:colcon.colcon_core.package_identification:_identify(/home/omzlette/gitRos/LAB1_WS/src/fra333_lab1_29) by extension 'ignore'
[0.199s] Level 1:colcon.colcon_core.package_identification:_identify(/home/omzlette/gitRos/LAB1_WS/src/fra333_lab1_29) by extension 'ignore_ament_install'
[0.199s] Level 1:colcon.colcon_core.package_identification:_identify(/home/omzlette/gitRos/LAB1_WS/src/fra333_lab1_29) by extensions ['colcon_pkg']
[0.199s] Level 1:colcon.colcon_core.package_identification:_identify(/home/omzlette/gitRos/LAB1_WS/src/fra333_lab1_29) by extension 'colcon_pkg'
[0.199s] Level 1:colcon.colcon_core.package_identification:_identify(/home/omzlette/gitRos/LAB1_WS/src/fra333_lab1_29) by extensions ['colcon_meta']
[0.199s] Level 1:colcon.colcon_core.package_identification:_identify(/home/omzlette/gitRos/LAB1_WS/src/fra333_lab1_29) by extension 'colcon_meta'
[0.199s] Level 1:colcon.colcon_core.package_identification:_identify(/home/omzlette/gitRos/LAB1_WS/src/fra333_lab1_29) by extensions ['ros']
[0.199s] Level 1:colcon.colcon_core.package_identification:_identify(/home/omzlette/gitRos/LAB1_WS/src/fra333_lab1_29) by extension 'ros'
[0.201s] DEBUG:colcon.colcon_core.package_identification:Package '/home/omzlette/gitRos/LAB1_WS/src/fra333_lab1_29' with type 'ros.ament_cmake' and name 'fra333_lab1_29'
[0.201s] Level 1:colcon.colcon_core.package_identification:_identify(/home/omzlette/gitRos/LAB1_WS/src/lab1_interfaces) by extensions ['ignore', 'ignore_ament_install']
[0.202s] Level 1:colcon.colcon_core.package_identification:_identify(/home/omzlette/gitRos/LAB1_WS/src/lab1_interfaces) by extension 'ignore'
[0.202s] Level 1:colcon.colcon_core.package_identification:_identify(/home/omzlette/gitRos/LAB1_WS/src/lab1_interfaces) by extension 'ignore_ament_install'
[0.202s] Level 1:colcon.colcon_core.package_identification:_identify(/home/omzlette/gitRos/LAB1_WS/src/lab1_interfaces) by extensions ['colcon_pkg']
[0.202s] Level 1:colcon.colcon_core.package_identification:_identify(/home/omzlette/gitRos/LAB1_WS/src/lab1_interfaces) by extension 'colcon_pkg'
[0.202s] Level 1:colcon.colcon_core.package_identification:_identify(/home/omzlette/gitRos/LAB1_WS/src/lab1_interfaces) by extensions ['colcon_meta']
[0.202s] Level 1:colcon.colcon_core.package_identification:_identify(/home/omzlette/gitRos/LAB1_WS/src/lab1_interfaces) by extension 'colcon_meta'
[0.202s] Level 1:colcon.colcon_core.package_identification:_identify(/home/omzlette/gitRos/LAB1_WS/src/lab1_interfaces) by extensions ['ros']
[0.202s] Level 1:colcon.colcon_core.package_identification:_identify(/home/omzlette/gitRos/LAB1_WS/src/lab1_interfaces) by extension 'ros'
[0.202s] DEBUG:colcon.colcon_core.package_identification:Package '/home/omzlette/gitRos/LAB1_WS/src/lab1_interfaces' with type 'ros.ament_cmake' and name 'lab1_interfaces'
[0.203s] Level 1:colcon.colcon_core.package_discovery:discover_packages(recursive) using defaults
