[  0%] Built target xicro_interfaces__cpp
[ 12%] Built target xicro_interfaces__rosidl_generator_c
[ 24%] Built target xicro_interfaces__rosidl_typesupport_cpp
[ 37%] Built target xicro_interfaces__rosidl_typesupport_introspection_cpp
[ 49%] Built target xicro_interfaces__rosidl_typesupport_introspection_c
[ 62%] Built target xicro_interfaces__rosidl_typesupport_c
[ 73%] Built target xicro_interfaces__rosidl_typesupport_fastrtps_cpp
[ 85%] Built target xicro_interfaces__rosidl_typesupport_fastrtps_c
[ 85%] Built target xicro_interfaces
[ 85%] Built target xicro_interfaces__py
[ 97%] Built target xicro_interfaces__python
[ 99%] Built target xicro_interfaces__rosidl_typesupport_fastrtps_c__pyext
[ 99%] Built target xicro_interfaces__rosidl_typesupport_c__pyext
[100%] Built target xicro_interfaces__rosidl_typesupport_introspection_c__pyext
-- Install configuration: ""
-- Execute custom install script
-- Up-to-date symlink: /home/valdeus1151/Y3T1/FRA333_LAB_HW/LAB3/install/xicro_interfaces/share/ament_index/resource_index/rosidl_interfaces/xicro_interfaces
-- Up-to-date symlink: /home/valdeus1151/Y3T1/FRA333_LAB_HW/LAB3/install/xicro_interfaces/include/xicro_interfaces/msg/battery_state.h
-- Up-to-date symlink: /home/valdeus1151/Y3T1/FRA333_LAB_HW/LAB3/install/xicro_interfaces/include/xicro_interfaces/msg/bool.h
-- Up-to-date symlink: /home/valdeus1151/Y3T1/FRA333_LAB_HW/LAB3/install/xicro_interfaces/include/xicro_interfaces/msg/demo_input.h
-- Up-to-date symlink: /home/valdeus1151/Y3T1/FRA333_LAB_HW/LAB3/install/xicro_interfaces/include/xicro_interfaces/msg/demo_output.h
-- Up-to-date symlink: /home/valdeus1151/Y3T1/FRA333_LAB_HW/LAB3/install/xicro_interfaces/include/xicro_interfaces/msg/detail/battery_state__functions.h
-- Up-to-date symlink: /home/valdeus1151/Y3T1/FRA333_LAB_HW/LAB3/install/xicro_interfaces/include/xicro_interfaces/msg/detail/battery_state__struct.h
-- Up-to-date symlink: /home/valdeus1151/Y3T1/FRA333_LAB_HW/LAB3/install/xicro_interfaces/include/xicro_interfaces/msg/detail/battery_state__type_support.h
-- Up-to-date symlink: /home/valdeus1151/Y3T1/FRA333_LAB_HW/LAB3/install/xicro_interfaces/include/xicro_interfaces/msg/detail/bool__functions.h
-- Up-to-date symlink: /home/valdeus1151/Y3T1/FRA333_LAB_HW/LAB3/install/xicro_interfaces/include/xicro_interfaces/msg/detail/bool__struct.h
-- Up-to-date symlink: /home/valdeus1151/Y3T1/FRA333_LAB_HW/LAB3/install/xicro_interfaces/include/xicro_interfaces/msg/detail/bool__type_support.h
-- Up-to-date symlink: /home/valdeus1151/Y3T1/FRA333_LAB_HW/LAB3/install/xicro_interfaces/include/xicro_interfaces/msg/detail/demo_input__functions.h
-- Up-to-date symlink: /home/valdeus1151/Y3T1/FRA333_LAB_HW/LAB3/install/xicro_interfaces/include/xicro_interfaces/msg/detail/demo_input__struct.h
-- Up-to-date symlink: /home/valdeus1151/Y3T1/FRA333_LAB_HW/LAB3/install/xicro_interfaces/include/xicro_interfaces/msg/detail/demo_input__type_support.h
-- Up-to-date symlink: /home/valdeus1151/Y3T1/FRA333_LAB_HW/LAB3/install/xicro_interfaces/include/xicro_interfaces/msg/detail/demo_output__functions.h
-- Up-to-date symlink: /home/valdeus1151/Y3T1/FRA333_LAB_HW/LAB3/install/xicro_interfaces/include/xicro_interfaces/msg/detail/demo_output__struct.h
-- Up-to-date symlink: /home/valdeus1151/Y3T1/FRA333_LAB_HW/LAB3/install/xicro_interfaces/include/xicro_interfaces/msg/detail/demo_output__type_support.h
-- Up-to-date symlink: /home/valdeus1151/Y3T1/FRA333_LAB_HW/LAB3/install/xicro_interfaces/include/xicro_interfaces/msg/detail/float32__functions.h
-- Up-to-date symlink: /home/valdeus1151/Y3T1/FRA333_LAB_HW/LAB3/install/xicro_interfaces/include/xicro_interfaces/msg/detail/float32__struct.h
-- Up-to-date symlink: /home/valdeus1151/Y3T1/FRA333_LAB_HW/LAB3/install/xicro_interfaces/include/xicro_interfaces/msg/detail/float32__type_support.h
-- Up-to-date symlink: /home/valdeus1151/Y3T1/FRA333_LAB_HW/LAB3/install/xicro_interfaces/include/xicro_interfaces/msg/detail/header__functions.h
-- Up-to-date symlink: /home/valdeus1151/Y3T1/FRA333_LAB_HW/LAB3/install/xicro_interfaces/include/xicro_interfaces/msg/detail/header__struct.h
-- Up-to-date symlink: /home/valdeus1151/Y3T1/FRA333_LAB_HW/LAB3/install/xicro_interfaces/include/xicro_interfaces/msg/detail/header__type_support.h
-- Up-to-date symlink: /home/valdeus1151/Y3T1/FRA333_LAB_HW/LAB3/install/xicro_interfaces/include/xicro_interfaces/msg/detail/imu__functions.h
-- Up-to-date symlink: /home/valdeus1151/Y3T1/FRA333_LAB_HW/LAB3/install/xicro_interfaces/include/xicro_interfaces/msg/detail/imu__struct.h
-- Up-to-date symlink: /home/valdeus1151/Y3T1/FRA333_LAB_HW/LAB3/install/xicro_interfaces/include/xicro_interfaces/msg/detail/imu__type_support.h
-- Up-to-date symlink: /home/valdeus1151/Y3T1/FRA333_LAB_HW/LAB3/install/xicro_interfaces/include/xicro_interfaces/msg/detail/int16__functions.h
-- Up-to-date symlink: /home/valdeus1151/Y3T1/FRA333_LAB_HW/LAB3/install/xicro_interfaces/include/xicro_interfaces/msg/detail/int16__struct.h
-- Up-to-date symlink: /home/valdeus1151/Y3T1/FRA333_LAB_HW/LAB3/install/xicro_interfaces/include/xicro_interfaces/msg/detail/int16__type_support.h
-- Up-to-date symlink: /home/valdeus1151/Y3T1/FRA333_LAB_HW/LAB3/install/xicro_interfaces/include/xicro_interfaces/msg/detail/int32__functions.h
-- Up-to-date symlink: /home/valdeus1151/Y3T1/FRA333_LAB_HW/LAB3/install/xicro_interfaces/include/xicro_interfaces/msg/detail/int32__struct.h
-- Up-to-date symlink: /home/valdeus1151/Y3T1/FRA333_LAB_HW/LAB3/install/xicro_interfaces/include/xicro_interfaces/msg/detail/int32__type_support.h
-- Up-to-date symlink: /home/valdeus1151/Y3T1/FRA333_LAB_HW/LAB3/install/xicro_interfaces/include/xicro_interfaces/msg/detail/int64__functions.h
-- Up-to-date symlink: /home/valdeus1151/Y3T1/FRA333_LAB_HW/LAB3/install/xicro_interfaces/include/xicro_interfaces/msg/detail/int64__struct.h
-- Up-to-date symlink: /home/valdeus1151/Y3T1/FRA333_LAB_HW/LAB3/install/xicro_interfaces/include/xicro_interfaces/msg/detail/int64__type_support.h
-- Up-to-date symlink: /home/valdeus1151/Y3T1/FRA333_LAB_HW/LAB3/install/xicro_interfaces/include/xicro_interfaces/msg/detail/int8__functions.h
-- Up-to-date symlink: /home/valdeus1151/Y3T1/FRA333_LAB_HW/LAB3/install/xicro_interfaces/include/xicro_interfaces/msg/detail/int8__struct.h
-- Up-to-date symlink: /home/valdeus1151/Y3T1/FRA333_LAB_HW/LAB3/install/xicro_interfaces/include/xicro_interfaces/msg/detail/int8__type_support.h
-- Up-to-date symlink: /home/valdeus1151/Y3T1/FRA333_LAB_HW/LAB3/install/xicro_interfaces/include/xicro_interfaces/msg/detail/joint_state__functions.h
-- Up-to-date symlink: /home/valdeus1151/Y3T1/FRA333_LAB_HW/LAB3/install/xicro_interfaces/include/xicro_interfaces/msg/detail/joint_state__struct.h
-- Up-to-date symlink: /home/valdeus1151/Y3T1/FRA333_LAB_HW/LAB3/install/xicro_interfaces/include/xicro_interfaces/msg/detail/joint_state__type_support.h
-- Up-to-date symlink: /home/valdeus1151/Y3T1/FRA333_LAB_HW/LAB3/install/xicro_interfaces/include/xicro_interfaces/msg/detail/point__functions.h
-- Up-to-date symlink: /home/valdeus1151/Y3T1/FRA333_LAB_HW/LAB3/install/xicro_interfaces/include/xicro_interfaces/msg/detail/point__struct.h
-- Up-to-date symlink: /home/valdeus1151/Y3T1/FRA333_LAB_HW/LAB3/install/xicro_interfaces/include/xicro_interfaces/msg/detail/point__type_support.h
-- Up-to-date symlink: /home/valdeus1151/Y3T1/FRA333_LAB_HW/LAB3/install/xicro_interfaces/include/xicro_interfaces/msg/detail/pose2_d__functions.h
-- Up-to-date symlink: /home/valdeus1151/Y3T1/FRA333_LAB_HW/LAB3/install/xicro_interfaces/include/xicro_interfaces/msg/detail/pose2_d__struct.h
-- Up-to-date symlink: /home/valdeus1151/Y3T1/FRA333_LAB_HW/LAB3/install/xicro_interfaces/include/xicro_interfaces/msg/detail/pose2_d__type_support.h
-- Up-to-date symlink: /home/valdeus1151/Y3T1/FRA333_LAB_HW/LAB3/install/xicro_interfaces/include/xicro_interfaces/msg/detail/pose__functions.h
-- Up-to-date symlink: /home/valdeus1151/Y3T1/FRA333_LAB_HW/LAB3/install/xicro_interfaces/include/xicro_interfaces/msg/detail/pose__struct.h
-- Up-to-date symlink: /home/valdeus1151/Y3T1/FRA333_LAB_HW/LAB3/install/xicro_interfaces/include/xicro_interfaces/msg/detail/pose__type_support.h
-- Up-to-date symlink: /home/valdeus1151/Y3T1/FRA333_LAB_HW/LAB3/install/xicro_interfaces/include/xicro_interfaces/msg/detail/pose_with_covariance__functions.h
-- Up-to-date symlink: /home/valdeus1151/Y3T1/FRA333_LAB_HW/LAB3/install/xicro_interfaces/include/xicro_interfaces/msg/detail/pose_with_covariance__struct.h
-- Up-to-date symlink: /home/valdeus1151/Y3T1/FRA333_LAB_HW/LAB3/install/xicro_interfaces/include/xicro_interfaces/msg/detail/pose_with_covariance__type_support.h
-- Up-to-date symlink: /home/valdeus1151/Y3T1/FRA333_LAB_HW/LAB3/install/xicro_interfaces/include/xicro_interfaces/msg/detail/quaternion__functions.h
-- Up-to-date symlink: /home/valdeus1151/Y3T1/FRA333_LAB_HW/LAB3/install/xicro_interfaces/include/xicro_interfaces/msg/detail/quaternion__struct.h
-- Up-to-date symlink: /home/valdeus1151/Y3T1/FRA333_LAB_HW/LAB3/install/xicro_interfaces/include/xicro_interfaces/msg/detail/quaternion__type_support.h
-- Up-to-date symlink: /home/valdeus1151/Y3T1/FRA333_LAB_HW/LAB3/install/xicro_interfaces/include/xicro_interfaces/msg/detail/temperature__functions.h
-- Up-to-date symlink: /home/valdeus1151/Y3T1/FRA333_LAB_HW/LAB3/install/xicro_interfaces/include/xicro_interfaces/msg/detail/temperature__struct.h
-- Up-to-date symlink: /home/valdeus1151/Y3T1/FRA333_LAB_HW/LAB3/install/xicro_interfaces/include/xicro_interfaces/msg/detail/temperature__type_support.h
-- Up-to-date symlink: /home/valdeus1151/Y3T1/FRA333_LAB_HW/LAB3/install/xicro_interfaces/include/xicro_interfaces/msg/detail/time__functions.h
-- Up-to-date symlink: /home/valdeus1151/Y3T1/FRA333_LAB_HW/LAB3/install/xicro_interfaces/include/xicro_interfaces/msg/detail/time__struct.h
-- Up-to-date symlink: /home/valdeus1151/Y3T1/FRA333_LAB_HW/LAB3/install/xicro_interfaces/include/xicro_interfaces/msg/detail/time__type_support.h
-- Up-to-date symlink: /home/valdeus1151/Y3T1/FRA333_LAB_HW/LAB3/install/xicro_interfaces/include/xicro_interfaces/msg/detail/twist__functions.h
-- Up-to-date symlink: /home/valdeus1151/Y3T1/FRA333_LAB_HW/LAB3/install/xicro_interfaces/include/xicro_interfaces/msg/detail/twist__struct.h
-- Up-to-date symlink: /home/valdeus1151/Y3T1/FRA333_LAB_HW/LAB3/install/xicro_interfaces/include/xicro_interfaces/msg/detail/twist__type_support.h
-- Up-to-date symlink: /home/valdeus1151/Y3T1/FRA333_LAB_HW/LAB3/install/xicro_interfaces/include/xicro_interfaces/msg/detail/uint16__functions.h
-- Up-to-date symlink: /home/valdeus1151/Y3T1/FRA333_LAB_HW/LAB3/install/xicro_interfaces/include/xicro_interfaces/msg/detail/uint16__struct.h
-- Up-to-date symlink: /home/valdeus1151/Y3T1/FRA333_LAB_HW/LAB3/install/xicro_interfaces/include/xicro_interfaces/msg/detail/uint16__type_support.h
-- Up-to-date symlink: /home/valdeus1151/Y3T1/FRA333_LAB_HW/LAB3/install/xicro_interfaces/include/xicro_interfaces/msg/detail/uint32__functions.h
-- Up-to-date symlink: /home/valdeus1151/Y3T1/FRA333_LAB_HW/LAB3/install/xicro_interfaces/include/xicro_interfaces/msg/detail/uint32__struct.h
-- Up-to-date symlink: /home/valdeus1151/Y3T1/FRA333_LAB_HW/LAB3/install/xicro_interfaces/include/xicro_interfaces/msg/detail/uint32__type_support.h
-- Up-to-date symlink: /home/valdeus1151/Y3T1/FRA333_LAB_HW/LAB3/install/xicro_interfaces/include/xicro_interfaces/msg/detail/uint64__functions.h
-- Up-to-date symlink: /home/valdeus1151/Y3T1/FRA333_LAB_HW/LAB3/install/xicro_interfaces/include/xicro_interfaces/msg/detail/uint64__struct.h
-- Up-to-date symlink: /home/valdeus1151/Y3T1/FRA333_LAB_HW/LAB3/install/xicro_interfaces/include/xicro_interfaces/msg/detail/uint64__type_support.h
-- Up-to-date symlink: /home/valdeus1151/Y3T1/FRA333_LAB_HW/LAB3/install/xicro_interfaces/include/xicro_interfaces/msg/detail/uint8__functions.h
-- Up-to-date symlink: /home/valdeus1151/Y3T1/FRA333_LAB_HW/LAB3/install/xicro_interfaces/include/xicro_interfaces/msg/detail/uint8__struct.h
-- Up-to-date symlink: /home/valdeus1151/Y3T1/FRA333_LAB_HW/LAB3/install/xicro_interfaces/include/xicro_interfaces/msg/detail/uint8__type_support.h
-- Up-to-date symlink: /home/valdeus1151/Y3T1/FRA333_LAB_HW/LAB3/install/xicro_interfaces/include/xicro_interfaces/msg/detail/vector3__functions.h
-- Up-to-date symlink: /home/valdeus1151/Y3T1/FRA333_LAB_HW/LAB3/install/xicro_interfaces/include/xicro_interfaces/msg/detail/vector3__struct.h
-- Up-to-date symlink: /home/valdeus1151/Y3T1/FRA333_LAB_HW/LAB3/install/xicro_interfaces/include/xicro_interfaces/msg/detail/vector3__type_support.h
-- Up-to-date symlink: /home/valdeus1151/Y3T1/FRA333_LAB_HW/LAB3/install/xicro_interfaces/include/xicro_interfaces/msg/float32.h
-- Up-to-date symlink: /home/valdeus1151/Y3T1/FRA333_LAB_HW/LAB3/install/xicro_interfaces/include/xicro_interfaces/msg/header.h
-- Up-to-date symlink: /home/valdeus1151/Y3T1/FRA333_LAB_HW/LAB3/install/xicro_interfaces/include/xicro_interfaces/msg/imu.h
-- Up-to-date symlink: /home/valdeus1151/Y3T1/FRA333_LAB_HW/LAB3/install/xicro_interfaces/include/xicro_interfaces/msg/int16.h
-- Up-to-date symlink: /home/valdeus1151/Y3T1/FRA333_LAB_HW/LAB3/install/xicro_interfaces/include/xicro_interfaces/msg/int32.h
-- Up-to-date symlink: /home/valdeus1151/Y3T1/FRA333_LAB_HW/LAB3/install/xicro_interfaces/include/xicro_interfaces/msg/int64.h
-- Up-to-date symlink: /home/valdeus1151/Y3T1/FRA333_LAB_HW/LAB3/install/xicro_interfaces/include/xicro_interfaces/msg/int8.h
-- Up-to-date symlink: /home/valdeus1151/Y3T1/FRA333_LAB_HW/LAB3/install/xicro_interfaces/include/xicro_interfaces/msg/joint_state.h
-- Up-to-date symlink: /home/valdeus1151/Y3T1/FRA333_LAB_HW/LAB3/install/xicro_interfaces/include/xicro_interfaces/msg/point.h
-- Up-to-date symlink: /home/valdeus1151/Y3T1/FRA333_LAB_HW/LAB3/install/xicro_interfaces/include/xicro_interfaces/msg/pose.h
-- Up-to-date symlink: /home/valdeus1151/Y3T1/FRA333_LAB_HW/LAB3/install/xicro_interfaces/include/xicro_interfaces/msg/pose2_d.h
-- Up-to-date symlink: /home/valdeus1151/Y3T1/FRA333_LAB_HW/LAB3/install/xicro_interfaces/include/xicro_interfaces/msg/pose_with_covariance.h
-- Up-to-date symlink: /home/valdeus1151/Y3T1/FRA333_LAB_HW/LAB3/install/xicro_interfaces/include/xicro_interfaces/msg/quaternion.h
-- Up-to-date symlink: /home/valdeus1151/Y3T1/FRA333_LAB_HW/LAB3/install/xicro_interfaces/include/xicro_interfaces/msg/rosidl_generator_c__visibility_control.h
-- Up-to-date symlink: /home/valdeus1151/Y3T1/FRA333_LAB_HW/LAB3/install/xicro_interfaces/include/xicro_interfaces/msg/temperature.h
-- Up-to-date symlink: /home/valdeus1151/Y3T1/FRA333_LAB_HW/LAB3/install/xicro_interfaces/include/xicro_interfaces/msg/time.h
-- Up-to-date symlink: /home/valdeus1151/Y3T1/FRA333_LAB_HW/LAB3/install/xicro_interfaces/include/xicro_interfaces/msg/twist.h
-- Up-to-date symlink: /home/valdeus1151/Y3T1/FRA333_LAB_HW/LAB3/install/xicro_interfaces/include/xicro_interfaces/msg/uint16.h
-- Up-to-date symlink: /home/valdeus1151/Y3T1/FRA333_LAB_HW/LAB3/install/xicro_interfaces/include/xicro_interfaces/msg/uint32.h
-- Up-to-date symlink: /home/valdeus1151/Y3T1/FRA333_LAB_HW/LAB3/install/xicro_interfaces/include/xicro_interfaces/msg/uint64.h
-- Up-to-date symlink: /home/valdeus1151/Y3T1/FRA333_LAB_HW/LAB3/install/xicro_interfaces/include/xicro_interfaces/msg/uint8.h
-- Up-to-date symlink: /home/valdeus1151/Y3T1/FRA333_LAB_HW/LAB3/install/xicro_interfaces/include/xicro_interfaces/msg/vector3.h
-- Up-to-date symlink: /home/valdeus1151/Y3T1/FRA333_LAB_HW/LAB3/install/xicro_interfaces/share/xicro_interfaces/environment/library_path.sh
-- Up-to-date symlink: /home/valdeus1151/Y3T1/FRA333_LAB_HW/LAB3/install/xicro_interfaces/share/xicro_interfaces/environment/library_path.dsv
-- Up-to-date symlink: /home/valdeus1151/Y3T1/FRA333_LAB_HW/LAB3/install/xicro_interfaces/include/xicro_interfaces/msg/detail/battery_state__rosidl_typesupport_fastrtps_c.h
-- Up-to-date symlink: /home/valdeus1151/Y3T1/FRA333_LAB_HW/LAB3/install/xicro_interfaces/include/xicro_interfaces/msg/detail/bool__rosidl_typesupport_fastrtps_c.h
-- Up-to-date symlink: /home/valdeus1151/Y3T1/FRA333_LAB_HW/LAB3/install/xicro_interfaces/include/xicro_interfaces/msg/detail/demo_input__rosidl_typesupport_fastrtps_c.h
-- Up-to-date symlink: /home/valdeus1151/Y3T1/FRA333_LAB_HW/LAB3/install/xicro_interfaces/include/xicro_interfaces/msg/detail/demo_output__rosidl_typesupport_fastrtps_c.h
-- Up-to-date symlink: /home/valdeus1151/Y3T1/FRA333_LAB_HW/LAB3/install/xicro_interfaces/include/xicro_interfaces/msg/detail/float32__rosidl_typesupport_fastrtps_c.h
-- Up-to-date symlink: /home/valdeus1151/Y3T1/FRA333_LAB_HW/LAB3/install/xicro_interfaces/include/xicro_interfaces/msg/detail/header__rosidl_typesupport_fastrtps_c.h
-- Up-to-date symlink: /home/valdeus1151/Y3T1/FRA333_LAB_HW/LAB3/install/xicro_interfaces/include/xicro_interfaces/msg/detail/imu__rosidl_typesupport_fastrtps_c.h
-- Up-to-date symlink: /home/valdeus1151/Y3T1/FRA333_LAB_HW/LAB3/install/xicro_interfaces/include/xicro_interfaces/msg/detail/int16__rosidl_typesupport_fastrtps_c.h
-- Up-to-date symlink: /home/valdeus1151/Y3T1/FRA333_LAB_HW/LAB3/install/xicro_interfaces/include/xicro_interfaces/msg/detail/int32__rosidl_typesupport_fastrtps_c.h
-- Up-to-date symlink: /home/valdeus1151/Y3T1/FRA333_LAB_HW/LAB3/install/xicro_interfaces/include/xicro_interfaces/msg/detail/int64__rosidl_typesupport_fastrtps_c.h
-- Up-to-date symlink: /home/valdeus1151/Y3T1/FRA333_LAB_HW/LAB3/install/xicro_interfaces/include/xicro_interfaces/msg/detail/int8__rosidl_typesupport_fastrtps_c.h
-- Up-to-date symlink: /home/valdeus1151/Y3T1/FRA333_LAB_HW/LAB3/install/xicro_interfaces/include/xicro_interfaces/msg/detail/joint_state__rosidl_typesupport_fastrtps_c.h
-- Up-to-date symlink: /home/valdeus1151/Y3T1/FRA333_LAB_HW/LAB3/install/xicro_interfaces/include/xicro_interfaces/msg/detail/point__rosidl_typesupport_fastrtps_c.h
-- Up-to-date symlink: /home/valdeus1151/Y3T1/FRA333_LAB_HW/LAB3/install/xicro_interfaces/include/xicro_interfaces/msg/detail/pose2_d__rosidl_typesupport_fastrtps_c.h
-- Up-to-date symlink: /home/valdeus1151/Y3T1/FRA333_LAB_HW/LAB3/install/xicro_interfaces/include/xicro_interfaces/msg/detail/pose__rosidl_typesupport_fastrtps_c.h
-- Up-to-date symlink: /home/valdeus1151/Y3T1/FRA333_LAB_HW/LAB3/install/xicro_interfaces/include/xicro_interfaces/msg/detail/pose_with_covariance__rosidl_typesupport_fastrtps_c.h
-- Up-to-date symlink: /home/valdeus1151/Y3T1/FRA333_LAB_HW/LAB3/install/xicro_interfaces/include/xicro_interfaces/msg/detail/quaternion__rosidl_typesupport_fastrtps_c.h
-- Up-to-date symlink: /home/valdeus1151/Y3T1/FRA333_LAB_HW/LAB3/install/xicro_interfaces/include/xicro_interfaces/msg/detail/temperature__rosidl_typesupport_fastrtps_c.h
-- Up-to-date symlink: /home/valdeus1151/Y3T1/FRA333_LAB_HW/LAB3/install/xicro_interfaces/include/xicro_interfaces/msg/detail/time__rosidl_typesupport_fastrtps_c.h
-- Up-to-date symlink: /home/valdeus1151/Y3T1/FRA333_LAB_HW/LAB3/install/xicro_interfaces/include/xicro_interfaces/msg/detail/twist__rosidl_typesupport_fastrtps_c.h
-- Up-to-date symlink: /home/valdeus1151/Y3T1/FRA333_LAB_HW/LAB3/install/xicro_interfaces/include/xicro_interfaces/msg/detail/uint16__rosidl_typesupport_fastrtps_c.h
-- Up-to-date symlink: /home/valdeus1151/Y3T1/FRA333_LAB_HW/LAB3/install/xicro_interfaces/include/xicro_interfaces/msg/detail/uint32__rosidl_typesupport_fastrtps_c.h
-- Up-to-date symlink: /home/valdeus1151/Y3T1/FRA333_LAB_HW/LAB3/install/xicro_interfaces/include/xicro_interfaces/msg/detail/uint64__rosidl_typesupport_fastrtps_c.h
-- Up-to-date symlink: /home/valdeus1151/Y3T1/FRA333_LAB_HW/LAB3/install/xicro_interfaces/include/xicro_interfaces/msg/detail/uint8__rosidl_typesupport_fastrtps_c.h
-- Up-to-date symlink: /home/valdeus1151/Y3T1/FRA333_LAB_HW/LAB3/install/xicro_interfaces/include/xicro_interfaces/msg/detail/vector3__rosidl_typesupport_fastrtps_c.h
-- Up-to-date symlink: /home/valdeus1151/Y3T1/FRA333_LAB_HW/LAB3/install/xicro_interfaces/include/xicro_interfaces/msg/rosidl_typesupport_fastrtps_c__visibility_control.h
-- Up-to-date symlink: /home/valdeus1151/Y3T1/FRA333_LAB_HW/LAB3/install/xicro_interfaces/lib/libxicro_interfaces__rosidl_typesupport_fastrtps_c.so
-- Up-to-date symlink: /home/valdeus1151/Y3T1/FRA333_LAB_HW/LAB3/install/xicro_interfaces/include/xicro_interfaces/msg/detail/battery_state__rosidl_typesupport_fastrtps_cpp.hpp
-- Up-to-date symlink: /home/valdeus1151/Y3T1/FRA333_LAB_HW/LAB3/install/xicro_interfaces/include/xicro_interfaces/msg/detail/bool__rosidl_typesupport_fastrtps_cpp.hpp
-- Up-to-date symlink: /home/valdeus1151/Y3T1/FRA333_LAB_HW/LAB3/install/xicro_interfaces/include/xicro_interfaces/msg/detail/demo_input__rosidl_typesupport_fastrtps_cpp.hpp
-- Up-to-date symlink: /home/valdeus1151/Y3T1/FRA333_LAB_HW/LAB3/install/xicro_interfaces/include/xicro_interfaces/msg/detail/demo_output__rosidl_typesupport_fastrtps_cpp.hpp
-- Up-to-date symlink: /home/valdeus1151/Y3T1/FRA333_LAB_HW/LAB3/install/xicro_interfaces/include/xicro_interfaces/msg/detail/float32__rosidl_typesupport_fastrtps_cpp.hpp
-- Up-to-date symlink: /home/valdeus1151/Y3T1/FRA333_LAB_HW/LAB3/install/xicro_interfaces/include/xicro_interfaces/msg/detail/header__rosidl_typesupport_fastrtps_cpp.hpp
-- Up-to-date symlink: /home/valdeus1151/Y3T1/FRA333_LAB_HW/LAB3/install/xicro_interfaces/include/xicro_interfaces/msg/detail/imu__rosidl_typesupport_fastrtps_cpp.hpp
-- Up-to-date symlink: /home/valdeus1151/Y3T1/FRA333_LAB_HW/LAB3/install/xicro_interfaces/include/xicro_interfaces/msg/detail/int16__rosidl_typesupport_fastrtps_cpp.hpp
-- Up-to-date symlink: /home/valdeus1151/Y3T1/FRA333_LAB_HW/LAB3/install/xicro_interfaces/include/xicro_interfaces/msg/detail/int32__rosidl_typesupport_fastrtps_cpp.hpp
-- Up-to-date symlink: /home/valdeus1151/Y3T1/FRA333_LAB_HW/LAB3/install/xicro_interfaces/include/xicro_interfaces/msg/detail/int64__rosidl_typesupport_fastrtps_cpp.hpp
-- Up-to-date symlink: /home/valdeus1151/Y3T1/FRA333_LAB_HW/LAB3/install/xicro_interfaces/include/xicro_interfaces/msg/detail/int8__rosidl_typesupport_fastrtps_cpp.hpp
-- Up-to-date symlink: /home/valdeus1151/Y3T1/FRA333_LAB_HW/LAB3/install/xicro_interfaces/include/xicro_interfaces/msg/detail/joint_state__rosidl_typesupport_fastrtps_cpp.hpp
-- Up-to-date symlink: /home/valdeus1151/Y3T1/FRA333_LAB_HW/LAB3/install/xicro_interfaces/include/xicro_interfaces/msg/detail/point__rosidl_typesupport_fastrtps_cpp.hpp
-- Up-to-date symlink: /home/valdeus1151/Y3T1/FRA333_LAB_HW/LAB3/install/xicro_interfaces/include/xicro_interfaces/msg/detail/pose2_d__rosidl_typesupport_fastrtps_cpp.hpp
-- Up-to-date symlink: /home/valdeus1151/Y3T1/FRA333_LAB_HW/LAB3/install/xicro_interfaces/include/xicro_interfaces/msg/detail/pose__rosidl_typesupport_fastrtps_cpp.hpp
-- Up-to-date symlink: /home/valdeus1151/Y3T1/FRA333_LAB_HW/LAB3/install/xicro_interfaces/include/xicro_interfaces/msg/detail/pose_with_covariance__rosidl_typesupport_fastrtps_cpp.hpp
-- Up-to-date symlink: /home/valdeus1151/Y3T1/FRA333_LAB_HW/LAB3/install/xicro_interfaces/include/xicro_interfaces/msg/detail/quaternion__rosidl_typesupport_fastrtps_cpp.hpp
-- Up-to-date symlink: /home/valdeus1151/Y3T1/FRA333_LAB_HW/LAB3/install/xicro_interfaces/include/xicro_interfaces/msg/detail/temperature__rosidl_typesupport_fastrtps_cpp.hpp
-- Up-to-date symlink: /home/valdeus1151/Y3T1/FRA333_LAB_HW/LAB3/install/xicro_interfaces/include/xicro_interfaces/msg/detail/time__rosidl_typesupport_fastrtps_cpp.hpp
-- Up-to-date symlink: /home/valdeus1151/Y3T1/FRA333_LAB_HW/LAB3/install/xicro_interfaces/include/xicro_interfaces/msg/detail/twist__rosidl_typesupport_fastrtps_cpp.hpp
-- Up-to-date symlink: /home/valdeus1151/Y3T1/FRA333_LAB_HW/LAB3/install/xicro_interfaces/include/xicro_interfaces/msg/detail/uint16__rosidl_typesupport_fastrtps_cpp.hpp
-- Up-to-date symlink: /home/valdeus1151/Y3T1/FRA333_LAB_HW/LAB3/install/xicro_interfaces/include/xicro_interfaces/msg/detail/uint32__rosidl_typesupport_fastrtps_cpp.hpp
-- Up-to-date symlink: /home/valdeus1151/Y3T1/FRA333_LAB_HW/LAB3/install/xicro_interfaces/include/xicro_interfaces/msg/detail/uint64__rosidl_typesupport_fastrtps_cpp.hpp
-- Up-to-date symlink: /home/valdeus1151/Y3T1/FRA333_LAB_HW/LAB3/install/xicro_interfaces/include/xicro_interfaces/msg/detail/uint8__rosidl_typesupport_fastrtps_cpp.hpp
-- Up-to-date symlink: /home/valdeus1151/Y3T1/FRA333_LAB_HW/LAB3/install/xicro_interfaces/include/xicro_interfaces/msg/detail/vector3__rosidl_typesupport_fastrtps_cpp.hpp
-- Up-to-date symlink: /home/valdeus1151/Y3T1/FRA333_LAB_HW/LAB3/install/xicro_interfaces/include/xicro_interfaces/msg/rosidl_typesupport_fastrtps_cpp__visibility_control.h
-- Up-to-date symlink: /home/valdeus1151/Y3T1/FRA333_LAB_HW/LAB3/install/xicro_interfaces/lib/libxicro_interfaces__rosidl_typesupport_fastrtps_cpp.so
-- Up-to-date symlink: /home/valdeus1151/Y3T1/FRA333_LAB_HW/LAB3/install/xicro_interfaces/include/xicro_interfaces/msg/detail/battery_state__rosidl_typesupport_introspection_c.h
-- Up-to-date symlink: /home/valdeus1151/Y3T1/FRA333_LAB_HW/LAB3/install/xicro_interfaces/include/xicro_interfaces/msg/detail/bool__rosidl_typesupport_introspection_c.h
-- Up-to-date symlink: /home/valdeus1151/Y3T1/FRA333_LAB_HW/LAB3/install/xicro_interfaces/include/xicro_interfaces/msg/detail/demo_input__rosidl_typesupport_introspection_c.h
-- Up-to-date symlink: /home/valdeus1151/Y3T1/FRA333_LAB_HW/LAB3/install/xicro_interfaces/include/xicro_interfaces/msg/detail/demo_output__rosidl_typesupport_introspection_c.h
-- Up-to-date symlink: /home/valdeus1151/Y3T1/FRA333_LAB_HW/LAB3/install/xicro_interfaces/include/xicro_interfaces/msg/detail/float32__rosidl_typesupport_introspection_c.h
-- Up-to-date symlink: /home/valdeus1151/Y3T1/FRA333_LAB_HW/LAB3/install/xicro_interfaces/include/xicro_interfaces/msg/detail/header__rosidl_typesupport_introspection_c.h
-- Up-to-date symlink: /home/valdeus1151/Y3T1/FRA333_LAB_HW/LAB3/install/xicro_interfaces/include/xicro_interfaces/msg/detail/imu__rosidl_typesupport_introspection_c.h
-- Up-to-date symlink: /home/valdeus1151/Y3T1/FRA333_LAB_HW/LAB3/install/xicro_interfaces/include/xicro_interfaces/msg/detail/int16__rosidl_typesupport_introspection_c.h
-- Up-to-date symlink: /home/valdeus1151/Y3T1/FRA333_LAB_HW/LAB3/install/xicro_interfaces/include/xicro_interfaces/msg/detail/int32__rosidl_typesupport_introspection_c.h
-- Up-to-date symlink: /home/valdeus1151/Y3T1/FRA333_LAB_HW/LAB3/install/xicro_interfaces/include/xicro_interfaces/msg/detail/int64__rosidl_typesupport_introspection_c.h
-- Up-to-date symlink: /home/valdeus1151/Y3T1/FRA333_LAB_HW/LAB3/install/xicro_interfaces/include/xicro_interfaces/msg/detail/int8__rosidl_typesupport_introspection_c.h
-- Up-to-date symlink: /home/valdeus1151/Y3T1/FRA333_LAB_HW/LAB3/install/xicro_interfaces/include/xicro_interfaces/msg/detail/joint_state__rosidl_typesupport_introspection_c.h
-- Up-to-date symlink: /home/valdeus1151/Y3T1/FRA333_LAB_HW/LAB3/install/xicro_interfaces/include/xicro_interfaces/msg/detail/point__rosidl_typesupport_introspection_c.h
-- Up-to-date symlink: /home/valdeus1151/Y3T1/FRA333_LAB_HW/LAB3/install/xicro_interfaces/include/xicro_interfaces/msg/detail/pose2_d__rosidl_typesupport_introspection_c.h
-- Up-to-date symlink: /home/valdeus1151/Y3T1/FRA333_LAB_HW/LAB3/install/xicro_interfaces/include/xicro_interfaces/msg/detail/pose__rosidl_typesupport_introspection_c.h
-- Up-to-date symlink: /home/valdeus1151/Y3T1/FRA333_LAB_HW/LAB3/install/xicro_interfaces/include/xicro_interfaces/msg/detail/pose_with_covariance__rosidl_typesupport_introspection_c.h
-- Up-to-date symlink: /home/valdeus1151/Y3T1/FRA333_LAB_HW/LAB3/install/xicro_interfaces/include/xicro_interfaces/msg/detail/quaternion__rosidl_typesupport_introspection_c.h
-- Up-to-date symlink: /home/valdeus1151/Y3T1/FRA333_LAB_HW/LAB3/install/xicro_interfaces/include/xicro_interfaces/msg/detail/temperature__rosidl_typesupport_introspection_c.h
-- Up-to-date symlink: /home/valdeus1151/Y3T1/FRA333_LAB_HW/LAB3/install/xicro_interfaces/include/xicro_interfaces/msg/detail/time__rosidl_typesupport_introspection_c.h
-- Up-to-date symlink: /home/valdeus1151/Y3T1/FRA333_LAB_HW/LAB3/install/xicro_interfaces/include/xicro_interfaces/msg/detail/twist__rosidl_typesupport_introspection_c.h
-- Up-to-date symlink: /home/valdeus1151/Y3T1/FRA333_LAB_HW/LAB3/install/xicro_interfaces/include/xicro_interfaces/msg/detail/uint16__rosidl_typesupport_introspection_c.h
-- Up-to-date symlink: /home/valdeus1151/Y3T1/FRA333_LAB_HW/LAB3/install/xicro_interfaces/include/xicro_interfaces/msg/detail/uint32__rosidl_typesupport_introspection_c.h
-- Up-to-date symlink: /home/valdeus1151/Y3T1/FRA333_LAB_HW/LAB3/install/xicro_interfaces/include/xicro_interfaces/msg/detail/uint64__rosidl_typesupport_introspection_c.h
-- Up-to-date symlink: /home/valdeus1151/Y3T1/FRA333_LAB_HW/LAB3/install/xicro_interfaces/include/xicro_interfaces/msg/detail/uint8__rosidl_typesupport_introspection_c.h
-- Up-to-date symlink: /home/valdeus1151/Y3T1/FRA333_LAB_HW/LAB3/install/xicro_interfaces/include/xicro_interfaces/msg/detail/vector3__rosidl_typesupport_introspection_c.h
-- Up-to-date symlink: /home/valdeus1151/Y3T1/FRA333_LAB_HW/LAB3/install/xicro_interfaces/include/xicro_interfaces/msg/rosidl_typesupport_introspection_c__visibility_control.h
-- Up-to-date symlink: /home/valdeus1151/Y3T1/FRA333_LAB_HW/LAB3/install/xicro_interfaces/include/xicro_interfaces/msg/battery_state.hpp
-- Up-to-date symlink: /home/valdeus1151/Y3T1/FRA333_LAB_HW/LAB3/install/xicro_interfaces/include/xicro_interfaces/msg/bool.hpp
-- Up-to-date symlink: /home/valdeus1151/Y3T1/FRA333_LAB_HW/LAB3/install/xicro_interfaces/include/xicro_interfaces/msg/demo_input.hpp
-- Up-to-date symlink: /home/valdeus1151/Y3T1/FRA333_LAB_HW/LAB3/install/xicro_interfaces/include/xicro_interfaces/msg/demo_output.hpp
-- Up-to-date symlink: /home/valdeus1151/Y3T1/FRA333_LAB_HW/LAB3/install/xicro_interfaces/include/xicro_interfaces/msg/detail/battery_state__builder.hpp
-- Up-to-date symlink: /home/valdeus1151/Y3T1/FRA333_LAB_HW/LAB3/install/xicro_interfaces/include/xicro_interfaces/msg/detail/battery_state__struct.hpp
-- Up-to-date symlink: /home/valdeus1151/Y3T1/FRA333_LAB_HW/LAB3/install/xicro_interfaces/include/xicro_interfaces/msg/detail/battery_state__traits.hpp
-- Up-to-date symlink: /home/valdeus1151/Y3T1/FRA333_LAB_HW/LAB3/install/xicro_interfaces/include/xicro_interfaces/msg/detail/bool__builder.hpp
-- Up-to-date symlink: /home/valdeus1151/Y3T1/FRA333_LAB_HW/LAB3/install/xicro_interfaces/include/xicro_interfaces/msg/detail/bool__struct.hpp
-- Up-to-date symlink: /home/valdeus1151/Y3T1/FRA333_LAB_HW/LAB3/install/xicro_interfaces/include/xicro_interfaces/msg/detail/bool__traits.hpp
-- Up-to-date symlink: /home/valdeus1151/Y3T1/FRA333_LAB_HW/LAB3/install/xicro_interfaces/include/xicro_interfaces/msg/detail/demo_input__builder.hpp
-- Up-to-date symlink: /home/valdeus1151/Y3T1/FRA333_LAB_HW/LAB3/install/xicro_interfaces/include/xicro_interfaces/msg/detail/demo_input__struct.hpp
-- Up-to-date symlink: /home/valdeus1151/Y3T1/FRA333_LAB_HW/LAB3/install/xicro_interfaces/include/xicro_interfaces/msg/detail/demo_input__traits.hpp
-- Up-to-date symlink: /home/valdeus1151/Y3T1/FRA333_LAB_HW/LAB3/install/xicro_interfaces/include/xicro_interfaces/msg/detail/demo_output__builder.hpp
-- Up-to-date symlink: /home/valdeus1151/Y3T1/FRA333_LAB_HW/LAB3/install/xicro_interfaces/include/xicro_interfaces/msg/detail/demo_output__struct.hpp
-- Up-to-date symlink: /home/valdeus1151/Y3T1/FRA333_LAB_HW/LAB3/install/xicro_interfaces/include/xicro_interfaces/msg/detail/demo_output__traits.hpp
-- Up-to-date symlink: /home/valdeus1151/Y3T1/FRA333_LAB_HW/LAB3/install/xicro_interfaces/include/xicro_interfaces/msg/detail/float32__builder.hpp
-- Up-to-date symlink: /home/valdeus1151/Y3T1/FRA333_LAB_HW/LAB3/install/xicro_interfaces/include/xicro_interfaces/msg/detail/float32__struct.hpp
-- Up-to-date symlink: /home/valdeus1151/Y3T1/FRA333_LAB_HW/LAB3/install/xicro_interfaces/include/xicro_interfaces/msg/detail/float32__traits.hpp
-- Up-to-date symlink: /home/valdeus1151/Y3T1/FRA333_LAB_HW/LAB3/install/xicro_interfaces/include/xicro_interfaces/msg/detail/header__builder.hpp
-- Up-to-date symlink: /home/valdeus1151/Y3T1/FRA333_LAB_HW/LAB3/install/xicro_interfaces/include/xicro_interfaces/msg/detail/header__struct.hpp
-- Up-to-date symlink: /home/valdeus1151/Y3T1/FRA333_LAB_HW/LAB3/install/xicro_interfaces/include/xicro_interfaces/msg/detail/header__traits.hpp
-- Up-to-date symlink: /home/valdeus1151/Y3T1/FRA333_LAB_HW/LAB3/install/xicro_interfaces/include/xicro_interfaces/msg/detail/imu__builder.hpp
-- Up-to-date symlink: /home/valdeus1151/Y3T1/FRA333_LAB_HW/LAB3/install/xicro_interfaces/include/xicro_interfaces/msg/detail/imu__struct.hpp
-- Up-to-date symlink: /home/valdeus1151/Y3T1/FRA333_LAB_HW/LAB3/install/xicro_interfaces/include/xicro_interfaces/msg/detail/imu__traits.hpp
-- Up-to-date symlink: /home/valdeus1151/Y3T1/FRA333_LAB_HW/LAB3/install/xicro_interfaces/include/xicro_interfaces/msg/detail/int16__builder.hpp
-- Up-to-date symlink: /home/valdeus1151/Y3T1/FRA333_LAB_HW/LAB3/install/xicro_interfaces/include/xicro_interfaces/msg/detail/int16__struct.hpp
-- Up-to-date symlink: /home/valdeus1151/Y3T1/FRA333_LAB_HW/LAB3/install/xicro_interfaces/include/xicro_interfaces/msg/detail/int16__traits.hpp
-- Up-to-date symlink: /home/valdeus1151/Y3T1/FRA333_LAB_HW/LAB3/install/xicro_interfaces/include/xicro_interfaces/msg/detail/int32__builder.hpp
-- Up-to-date symlink: /home/valdeus1151/Y3T1/FRA333_LAB_HW/LAB3/install/xicro_interfaces/include/xicro_interfaces/msg/detail/int32__struct.hpp
-- Up-to-date symlink: /home/valdeus1151/Y3T1/FRA333_LAB_HW/LAB3/install/xicro_interfaces/include/xicro_interfaces/msg/detail/int32__traits.hpp
-- Up-to-date symlink: /home/valdeus1151/Y3T1/FRA333_LAB_HW/LAB3/install/xicro_interfaces/include/xicro_interfaces/msg/detail/int64__builder.hpp
-- Up-to-date symlink: /home/valdeus1151/Y3T1/FRA333_LAB_HW/LAB3/install/xicro_interfaces/include/xicro_interfaces/msg/detail/int64__struct.hpp
-- Up-to-date symlink: /home/valdeus1151/Y3T1/FRA333_LAB_HW/LAB3/install/xicro_interfaces/include/xicro_interfaces/msg/detail/int64__traits.hpp
-- Up-to-date symlink: /home/valdeus1151/Y3T1/FRA333_LAB_HW/LAB3/install/xicro_interfaces/include/xicro_interfaces/msg/detail/int8__builder.hpp
-- Up-to-date symlink: /home/valdeus1151/Y3T1/FRA333_LAB_HW/LAB3/install/xicro_interfaces/include/xicro_interfaces/msg/detail/int8__struct.hpp
-- Up-to-date symlink: /home/valdeus1151/Y3T1/FRA333_LAB_HW/LAB3/install/xicro_interfaces/include/xicro_interfaces/msg/detail/int8__traits.hpp
-- Up-to-date symlink: /home/valdeus1151/Y3T1/FRA333_LAB_HW/LAB3/install/xicro_interfaces/include/xicro_interfaces/msg/detail/joint_state__builder.hpp
-- Up-to-date symlink: /home/valdeus1151/Y3T1/FRA333_LAB_HW/LAB3/install/xicro_interfaces/include/xicro_interfaces/msg/detail/joint_state__struct.hpp
-- Up-to-date symlink: /home/valdeus1151/Y3T1/FRA333_LAB_HW/LAB3/install/xicro_interfaces/include/xicro_interfaces/msg/detail/joint_state__traits.hpp
-- Up-to-date symlink: /home/valdeus1151/Y3T1/FRA333_LAB_HW/LAB3/install/xicro_interfaces/include/xicro_interfaces/msg/detail/point__builder.hpp
-- Up-to-date symlink: /home/valdeus1151/Y3T1/FRA333_LAB_HW/LAB3/install/xicro_interfaces/include/xicro_interfaces/msg/detail/point__struct.hpp
-- Up-to-date symlink: /home/valdeus1151/Y3T1/FRA333_LAB_HW/LAB3/install/xicro_interfaces/include/xicro_interfaces/msg/detail/point__traits.hpp
-- Up-to-date symlink: /home/valdeus1151/Y3T1/FRA333_LAB_HW/LAB3/install/xicro_interfaces/include/xicro_interfaces/msg/detail/pose2_d__builder.hpp
-- Up-to-date symlink: /home/valdeus1151/Y3T1/FRA333_LAB_HW/LAB3/install/xicro_interfaces/include/xicro_interfaces/msg/detail/pose2_d__struct.hpp
-- Up-to-date symlink: /home/valdeus1151/Y3T1/FRA333_LAB_HW/LAB3/install/xicro_interfaces/include/xicro_interfaces/msg/detail/pose2_d__traits.hpp
-- Up-to-date symlink: /home/valdeus1151/Y3T1/FRA333_LAB_HW/LAB3/install/xicro_interfaces/include/xicro_interfaces/msg/detail/pose__builder.hpp
-- Up-to-date symlink: /home/valdeus1151/Y3T1/FRA333_LAB_HW/LAB3/install/xicro_interfaces/include/xicro_interfaces/msg/detail/pose__struct.hpp
-- Up-to-date symlink: /home/valdeus1151/Y3T1/FRA333_LAB_HW/LAB3/install/xicro_interfaces/include/xicro_interfaces/msg/detail/pose__traits.hpp
-- Up-to-date symlink: /home/valdeus1151/Y3T1/FRA333_LAB_HW/LAB3/install/xicro_interfaces/include/xicro_interfaces/msg/detail/pose_with_covariance__builder.hpp
-- Up-to-date symlink: /home/valdeus1151/Y3T1/FRA333_LAB_HW/LAB3/install/xicro_interfaces/include/xicro_interfaces/msg/detail/pose_with_covariance__struct.hpp
-- Up-to-date symlink: /home/valdeus1151/Y3T1/FRA333_LAB_HW/LAB3/install/xicro_interfaces/include/xicro_interfaces/msg/detail/pose_with_covariance__traits.hpp
-- Up-to-date symlink: /home/valdeus1151/Y3T1/FRA333_LAB_HW/LAB3/install/xicro_interfaces/include/xicro_interfaces/msg/detail/quaternion__builder.hpp
-- Up-to-date symlink: /home/valdeus1151/Y3T1/FRA333_LAB_HW/LAB3/install/xicro_interfaces/include/xicro_interfaces/msg/detail/quaternion__struct.hpp
-- Up-to-date symlink: /home/valdeus1151/Y3T1/FRA333_LAB_HW/LAB3/install/xicro_interfaces/include/xicro_interfaces/msg/detail/quaternion__traits.hpp
-- Up-to-date symlink: /home/valdeus1151/Y3T1/FRA333_LAB_HW/LAB3/install/xicro_interfaces/include/xicro_interfaces/msg/detail/temperature__builder.hpp
-- Up-to-date symlink: /home/valdeus1151/Y3T1/FRA333_LAB_HW/LAB3/install/xicro_interfaces/include/xicro_interfaces/msg/detail/temperature__struct.hpp
-- Up-to-date symlink: /home/valdeus1151/Y3T1/FRA333_LAB_HW/LAB3/install/xicro_interfaces/include/xicro_interfaces/msg/detail/temperature__traits.hpp
-- Up-to-date symlink: /home/valdeus1151/Y3T1/FRA333_LAB_HW/LAB3/install/xicro_interfaces/include/xicro_interfaces/msg/detail/time__builder.hpp
-- Up-to-date symlink: /home/valdeus1151/Y3T1/FRA333_LAB_HW/LAB3/install/xicro_interfaces/include/xicro_interfaces/msg/detail/time__struct.hpp
-- Up-to-date symlink: /home/valdeus1151/Y3T1/FRA333_LAB_HW/LAB3/install/xicro_interfaces/include/xicro_interfaces/msg/detail/time__traits.hpp
-- Up-to-date symlink: /home/valdeus1151/Y3T1/FRA333_LAB_HW/LAB3/install/xicro_interfaces/include/xicro_interfaces/msg/detail/twist__builder.hpp
-- Up-to-date symlink: /home/valdeus1151/Y3T1/FRA333_LAB_HW/LAB3/install/xicro_interfaces/include/xicro_interfaces/msg/detail/twist__struct.hpp
-- Up-to-date symlink: /home/valdeus1151/Y3T1/FRA333_LAB_HW/LAB3/install/xicro_interfaces/include/xicro_interfaces/msg/detail/twist__traits.hpp
-- Up-to-date symlink: /home/valdeus1151/Y3T1/FRA333_LAB_HW/LAB3/install/xicro_interfaces/include/xicro_interfaces/msg/detail/uint16__builder.hpp
-- Up-to-date symlink: /home/valdeus1151/Y3T1/FRA333_LAB_HW/LAB3/install/xicro_interfaces/include/xicro_interfaces/msg/detail/uint16__struct.hpp
-- Up-to-date symlink: /home/valdeus1151/Y3T1/FRA333_LAB_HW/LAB3/install/xicro_interfaces/include/xicro_interfaces/msg/detail/uint16__traits.hpp
-- Up-to-date symlink: /home/valdeus1151/Y3T1/FRA333_LAB_HW/LAB3/install/xicro_interfaces/include/xicro_interfaces/msg/detail/uint32__builder.hpp
-- Up-to-date symlink: /home/valdeus1151/Y3T1/FRA333_LAB_HW/LAB3/install/xicro_interfaces/include/xicro_interfaces/msg/detail/uint32__struct.hpp
-- Up-to-date symlink: /home/valdeus1151/Y3T1/FRA333_LAB_HW/LAB3/install/xicro_interfaces/include/xicro_interfaces/msg/detail/uint32__traits.hpp
-- Up-to-date symlink: /home/valdeus1151/Y3T1/FRA333_LAB_HW/LAB3/install/xicro_interfaces/include/xicro_interfaces/msg/detail/uint64__builder.hpp
-- Up-to-date symlink: /home/valdeus1151/Y3T1/FRA333_LAB_HW/LAB3/install/xicro_interfaces/include/xicro_interfaces/msg/detail/uint64__struct.hpp
-- Up-to-date symlink: /home/valdeus1151/Y3T1/FRA333_LAB_HW/LAB3/install/xicro_interfaces/include/xicro_interfaces/msg/detail/uint64__traits.hpp
-- Up-to-date symlink: /home/valdeus1151/Y3T1/FRA333_LAB_HW/LAB3/install/xicro_interfaces/include/xicro_interfaces/msg/detail/uint8__builder.hpp
-- Up-to-date symlink: /home/valdeus1151/Y3T1/FRA333_LAB_HW/LAB3/install/xicro_interfaces/include/xicro_interfaces/msg/detail/uint8__struct.hpp
-- Up-to-date symlink: /home/valdeus1151/Y3T1/FRA333_LAB_HW/LAB3/install/xicro_interfaces/include/xicro_interfaces/msg/detail/uint8__traits.hpp
-- Up-to-date symlink: /home/valdeus1151/Y3T1/FRA333_LAB_HW/LAB3/install/xicro_interfaces/include/xicro_interfaces/msg/detail/vector3__builder.hpp
-- Up-to-date symlink: /home/valdeus1151/Y3T1/FRA333_LAB_HW/LAB3/install/xicro_interfaces/include/xicro_interfaces/msg/detail/vector3__struct.hpp
-- Up-to-date symlink: /home/valdeus1151/Y3T1/FRA333_LAB_HW/LAB3/install/xicro_interfaces/include/xicro_interfaces/msg/detail/vector3__traits.hpp
-- Up-to-date symlink: /home/valdeus1151/Y3T1/FRA333_LAB_HW/LAB3/install/xicro_interfaces/include/xicro_interfaces/msg/float32.hpp
-- Up-to-date symlink: /home/valdeus1151/Y3T1/FRA333_LAB_HW/LAB3/install/xicro_interfaces/include/xicro_interfaces/msg/header.hpp
-- Up-to-date symlink: /home/valdeus1151/Y3T1/FRA333_LAB_HW/LAB3/install/xicro_interfaces/include/xicro_interfaces/msg/imu.hpp
-- Up-to-date symlink: /home/valdeus1151/Y3T1/FRA333_LAB_HW/LAB3/install/xicro_interfaces/include/xicro_interfaces/msg/int16.hpp
-- Up-to-date symlink: /home/valdeus1151/Y3T1/FRA333_LAB_HW/LAB3/install/xicro_interfaces/include/xicro_interfaces/msg/int32.hpp
-- Up-to-date symlink: /home/valdeus1151/Y3T1/FRA333_LAB_HW/LAB3/install/xicro_interfaces/include/xicro_interfaces/msg/int64.hpp
-- Up-to-date symlink: /home/valdeus1151/Y3T1/FRA333_LAB_HW/LAB3/install/xicro_interfaces/include/xicro_interfaces/msg/int8.hpp
-- Up-to-date symlink: /home/valdeus1151/Y3T1/FRA333_LAB_HW/LAB3/install/xicro_interfaces/include/xicro_interfaces/msg/joint_state.hpp
-- Up-to-date symlink: /home/valdeus1151/Y3T1/FRA333_LAB_HW/LAB3/install/xicro_interfaces/include/xicro_interfaces/msg/point.hpp
-- Up-to-date symlink: /home/valdeus1151/Y3T1/FRA333_LAB_HW/LAB3/install/xicro_interfaces/include/xicro_interfaces/msg/pose.hpp
-- Up-to-date symlink: /home/valdeus1151/Y3T1/FRA333_LAB_HW/LAB3/install/xicro_interfaces/include/xicro_interfaces/msg/pose2_d.hpp
-- Up-to-date symlink: /home/valdeus1151/Y3T1/FRA333_LAB_HW/LAB3/install/xicro_interfaces/include/xicro_interfaces/msg/pose_with_covariance.hpp
-- Up-to-date symlink: /home/valdeus1151/Y3T1/FRA333_LAB_HW/LAB3/install/xicro_interfaces/include/xicro_interfaces/msg/quaternion.hpp
-- Up-to-date symlink: /home/valdeus1151/Y3T1/FRA333_LAB_HW/LAB3/install/xicro_interfaces/include/xicro_interfaces/msg/temperature.hpp
-- Up-to-date symlink: /home/valdeus1151/Y3T1/FRA333_LAB_HW/LAB3/install/xicro_interfaces/include/xicro_interfaces/msg/time.hpp
-- Up-to-date symlink: /home/valdeus1151/Y3T1/FRA333_LAB_HW/LAB3/install/xicro_interfaces/include/xicro_interfaces/msg/twist.hpp
-- Up-to-date symlink: /home/valdeus1151/Y3T1/FRA333_LAB_HW/LAB3/install/xicro_interfaces/include/xicro_interfaces/msg/uint16.hpp
-- Up-to-date symlink: /home/valdeus1151/Y3T1/FRA333_LAB_HW/LAB3/install/xicro_interfaces/include/xicro_interfaces/msg/uint32.hpp
-- Up-to-date symlink: /home/valdeus1151/Y3T1/FRA333_LAB_HW/LAB3/install/xicro_interfaces/include/xicro_interfaces/msg/uint64.hpp
-- Up-to-date symlink: /home/valdeus1151/Y3T1/FRA333_LAB_HW/LAB3/install/xicro_interfaces/include/xicro_interfaces/msg/uint8.hpp
-- Up-to-date symlink: /home/valdeus1151/Y3T1/FRA333_LAB_HW/LAB3/install/xicro_interfaces/include/xicro_interfaces/msg/vector3.hpp
-- Up-to-date symlink: /home/valdeus1151/Y3T1/FRA333_LAB_HW/LAB3/install/xicro_interfaces/include/xicro_interfaces/msg/detail/battery_state__rosidl_typesupport_introspection_cpp.hpp
-- Up-to-date symlink: /home/valdeus1151/Y3T1/FRA333_LAB_HW/LAB3/install/xicro_interfaces/include/xicro_interfaces/msg/detail/bool__rosidl_typesupport_introspection_cpp.hpp
-- Up-to-date symlink: /home/valdeus1151/Y3T1/FRA333_LAB_HW/LAB3/install/xicro_interfaces/include/xicro_interfaces/msg/detail/demo_input__rosidl_typesupport_introspection_cpp.hpp
-- Up-to-date symlink: /home/valdeus1151/Y3T1/FRA333_LAB_HW/LAB3/install/xicro_interfaces/include/xicro_interfaces/msg/detail/demo_output__rosidl_typesupport_introspection_cpp.hpp
-- Up-to-date symlink: /home/valdeus1151/Y3T1/FRA333_LAB_HW/LAB3/install/xicro_interfaces/include/xicro_interfaces/msg/detail/float32__rosidl_typesupport_introspection_cpp.hpp
-- Up-to-date symlink: /home/valdeus1151/Y3T1/FRA333_LAB_HW/LAB3/install/xicro_interfaces/include/xicro_interfaces/msg/detail/header__rosidl_typesupport_introspection_cpp.hpp
-- Up-to-date symlink: /home/valdeus1151/Y3T1/FRA333_LAB_HW/LAB3/install/xicro_interfaces/include/xicro_interfaces/msg/detail/imu__rosidl_typesupport_introspection_cpp.hpp
-- Up-to-date symlink: /home/valdeus1151/Y3T1/FRA333_LAB_HW/LAB3/install/xicro_interfaces/include/xicro_interfaces/msg/detail/int16__rosidl_typesupport_introspection_cpp.hpp
-- Up-to-date symlink: /home/valdeus1151/Y3T1/FRA333_LAB_HW/LAB3/install/xicro_interfaces/include/xicro_interfaces/msg/detail/int32__rosidl_typesupport_introspection_cpp.hpp
-- Up-to-date symlink: /home/valdeus1151/Y3T1/FRA333_LAB_HW/LAB3/install/xicro_interfaces/include/xicro_interfaces/msg/detail/int64__rosidl_typesupport_introspection_cpp.hpp
-- Up-to-date symlink: /home/valdeus1151/Y3T1/FRA333_LAB_HW/LAB3/install/xicro_interfaces/include/xicro_interfaces/msg/detail/int8__rosidl_typesupport_introspection_cpp.hpp
-- Up-to-date symlink: /home/valdeus1151/Y3T1/FRA333_LAB_HW/LAB3/install/xicro_interfaces/include/xicro_interfaces/msg/detail/joint_state__rosidl_typesupport_introspection_cpp.hpp
-- Up-to-date symlink: /home/valdeus1151/Y3T1/FRA333_LAB_HW/LAB3/install/xicro_interfaces/include/xicro_interfaces/msg/detail/point__rosidl_typesupport_introspection_cpp.hpp
-- Up-to-date symlink: /home/valdeus1151/Y3T1/FRA333_LAB_HW/LAB3/install/xicro_interfaces/include/xicro_interfaces/msg/detail/pose2_d__rosidl_typesupport_introspection_cpp.hpp
-- Up-to-date symlink: /home/valdeus1151/Y3T1/FRA333_LAB_HW/LAB3/install/xicro_interfaces/include/xicro_interfaces/msg/detail/pose__rosidl_typesupport_introspection_cpp.hpp
-- Up-to-date symlink: /home/valdeus1151/Y3T1/FRA333_LAB_HW/LAB3/install/xicro_interfaces/include/xicro_interfaces/msg/detail/pose_with_covariance__rosidl_typesupport_introspection_cpp.hpp
-- Up-to-date symlink: /home/valdeus1151/Y3T1/FRA333_LAB_HW/LAB3/install/xicro_interfaces/include/xicro_interfaces/msg/detail/quaternion__rosidl_typesupport_introspection_cpp.hpp
-- Up-to-date symlink: /home/valdeus1151/Y3T1/FRA333_LAB_HW/LAB3/install/xicro_interfaces/include/xicro_interfaces/msg/detail/temperature__rosidl_typesupport_introspection_cpp.hpp
-- Up-to-date symlink: /home/valdeus1151/Y3T1/FRA333_LAB_HW/LAB3/install/xicro_interfaces/include/xicro_interfaces/msg/detail/time__rosidl_typesupport_introspection_cpp.hpp
-- Up-to-date symlink: /home/valdeus1151/Y3T1/FRA333_LAB_HW/LAB3/install/xicro_interfaces/include/xicro_interfaces/msg/detail/twist__rosidl_typesupport_introspection_cpp.hpp
-- Up-to-date symlink: /home/valdeus1151/Y3T1/FRA333_LAB_HW/LAB3/install/xicro_interfaces/include/xicro_interfaces/msg/detail/uint16__rosidl_typesupport_introspection_cpp.hpp
-- Up-to-date symlink: /home/valdeus1151/Y3T1/FRA333_LAB_HW/LAB3/install/xicro_interfaces/include/xicro_interfaces/msg/detail/uint32__rosidl_typesupport_introspection_cpp.hpp
-- Up-to-date symlink: /home/valdeus1151/Y3T1/FRA333_LAB_HW/LAB3/install/xicro_interfaces/include/xicro_interfaces/msg/detail/uint64__rosidl_typesupport_introspection_cpp.hpp
-- Up-to-date symlink: /home/valdeus1151/Y3T1/FRA333_LAB_HW/LAB3/install/xicro_interfaces/include/xicro_interfaces/msg/detail/uint8__rosidl_typesupport_introspection_cpp.hpp
-- Up-to-date symlink: /home/valdeus1151/Y3T1/FRA333_LAB_HW/LAB3/install/xicro_interfaces/include/xicro_interfaces/msg/detail/vector3__rosidl_typesupport_introspection_cpp.hpp
-- Up-to-date symlink: /home/valdeus1151/Y3T1/FRA333_LAB_HW/LAB3/install/xicro_interfaces/share/xicro_interfaces/environment/pythonpath.sh
-- Up-to-date symlink: /home/valdeus1151/Y3T1/FRA333_LAB_HW/LAB3/install/xicro_interfaces/share/xicro_interfaces/environment/pythonpath.dsv
-- Up-to-date symlink: /home/valdeus1151/Y3T1/FRA333_LAB_HW/LAB3/install/xicro_interfaces/lib/python3.8/site-packages/xicro_interfaces/__init__.py
-- Up-to-date symlink: /home/valdeus1151/Y3T1/FRA333_LAB_HW/LAB3/install/xicro_interfaces/lib/python3.8/site-packages/xicro_interfaces/msg/__init__.py
-- Up-to-date symlink: /home/valdeus1151/Y3T1/FRA333_LAB_HW/LAB3/install/xicro_interfaces/lib/python3.8/site-packages/xicro_interfaces/msg/_battery_state.py
-- Up-to-date symlink: /home/valdeus1151/Y3T1/FRA333_LAB_HW/LAB3/install/xicro_interfaces/lib/python3.8/site-packages/xicro_interfaces/msg/_bool.py
-- Up-to-date symlink: /home/valdeus1151/Y3T1/FRA333_LAB_HW/LAB3/install/xicro_interfaces/lib/python3.8/site-packages/xicro_interfaces/msg/_demo_input.py
-- Up-to-date symlink: /home/valdeus1151/Y3T1/FRA333_LAB_HW/LAB3/install/xicro_interfaces/lib/python3.8/site-packages/xicro_interfaces/msg/_demo_output.py
-- Up-to-date symlink: /home/valdeus1151/Y3T1/FRA333_LAB_HW/LAB3/install/xicro_interfaces/lib/python3.8/site-packages/xicro_interfaces/msg/_float32.py
-- Up-to-date symlink: /home/valdeus1151/Y3T1/FRA333_LAB_HW/LAB3/install/xicro_interfaces/lib/python3.8/site-packages/xicro_interfaces/msg/_header.py
-- Up-to-date symlink: /home/valdeus1151/Y3T1/FRA333_LAB_HW/LAB3/install/xicro_interfaces/lib/python3.8/site-packages/xicro_interfaces/msg/_imu.py
-- Up-to-date symlink: /home/valdeus1151/Y3T1/FRA333_LAB_HW/LAB3/install/xicro_interfaces/lib/python3.8/site-packages/xicro_interfaces/msg/_int16.py
-- Up-to-date symlink: /home/valdeus1151/Y3T1/FRA333_LAB_HW/LAB3/install/xicro_interfaces/lib/python3.8/site-packages/xicro_interfaces/msg/_int32.py
-- Up-to-date symlink: /home/valdeus1151/Y3T1/FRA333_LAB_HW/LAB3/install/xicro_interfaces/lib/python3.8/site-packages/xicro_interfaces/msg/_int64.py
-- Up-to-date symlink: /home/valdeus1151/Y3T1/FRA333_LAB_HW/LAB3/install/xicro_interfaces/lib/python3.8/site-packages/xicro_interfaces/msg/_int8.py
-- Up-to-date symlink: /home/valdeus1151/Y3T1/FRA333_LAB_HW/LAB3/install/xicro_interfaces/lib/python3.8/site-packages/xicro_interfaces/msg/_joint_state.py
-- Up-to-date symlink: /home/valdeus1151/Y3T1/FRA333_LAB_HW/LAB3/install/xicro_interfaces/lib/python3.8/site-packages/xicro_interfaces/msg/_point.py
-- Up-to-date symlink: /home/valdeus1151/Y3T1/FRA333_LAB_HW/LAB3/install/xicro_interfaces/lib/python3.8/site-packages/xicro_interfaces/msg/_pose.py
-- Up-to-date symlink: /home/valdeus1151/Y3T1/FRA333_LAB_HW/LAB3/install/xicro_interfaces/lib/python3.8/site-packages/xicro_interfaces/msg/_pose2_d.py
-- Up-to-date symlink: /home/valdeus1151/Y3T1/FRA333_LAB_HW/LAB3/install/xicro_interfaces/lib/python3.8/site-packages/xicro_interfaces/msg/_pose_with_covariance.py
-- Up-to-date symlink: /home/valdeus1151/Y3T1/FRA333_LAB_HW/LAB3/install/xicro_interfaces/lib/python3.8/site-packages/xicro_interfaces/msg/_quaternion.py
-- Up-to-date symlink: /home/valdeus1151/Y3T1/FRA333_LAB_HW/LAB3/install/xicro_interfaces/lib/python3.8/site-packages/xicro_interfaces/msg/_temperature.py
-- Up-to-date symlink: /home/valdeus1151/Y3T1/FRA333_LAB_HW/LAB3/install/xicro_interfaces/lib/python3.8/site-packages/xicro_interfaces/msg/_time.py
-- Up-to-date symlink: /home/valdeus1151/Y3T1/FRA333_LAB_HW/LAB3/install/xicro_interfaces/lib/python3.8/site-packages/xicro_interfaces/msg/_twist.py
-- Up-to-date symlink: /home/valdeus1151/Y3T1/FRA333_LAB_HW/LAB3/install/xicro_interfaces/lib/python3.8/site-packages/xicro_interfaces/msg/_uint16.py
-- Up-to-date symlink: /home/valdeus1151/Y3T1/FRA333_LAB_HW/LAB3/install/xicro_interfaces/lib/python3.8/site-packages/xicro_interfaces/msg/_uint32.py
-- Up-to-date symlink: /home/valdeus1151/Y3T1/FRA333_LAB_HW/LAB3/install/xicro_interfaces/lib/python3.8/site-packages/xicro_interfaces/msg/_uint64.py
-- Up-to-date symlink: /home/valdeus1151/Y3T1/FRA333_LAB_HW/LAB3/install/xicro_interfaces/lib/python3.8/site-packages/xicro_interfaces/msg/_uint8.py
-- Up-to-date symlink: /home/valdeus1151/Y3T1/FRA333_LAB_HW/LAB3/install/xicro_interfaces/lib/python3.8/site-packages/xicro_interfaces/msg/_vector3.py
-- Up-to-date symlink: /home/valdeus1151/Y3T1/FRA333_LAB_HW/LAB3/install/xicro_interfaces/lib/python3.8/site-packages/xicro_interfaces/xicro_interfaces_s__rosidl_typesupport_fastrtps_c.cpython-38-x86_64-linux-gnu.so
-- Up-to-date symlink: /home/valdeus1151/Y3T1/FRA333_LAB_HW/LAB3/install/xicro_interfaces/lib/python3.8/site-packages/xicro_interfaces/xicro_interfaces_s__rosidl_typesupport_introspection_c.cpython-38-x86_64-linux-gnu.so
-- Up-to-date symlink: /home/valdeus1151/Y3T1/FRA333_LAB_HW/LAB3/install/xicro_interfaces/lib/python3.8/site-packages/xicro_interfaces/xicro_interfaces_s__rosidl_typesupport_c.cpython-38-x86_64-linux-gnu.so
-- Up-to-date symlink: /home/valdeus1151/Y3T1/FRA333_LAB_HW/LAB3/install/xicro_interfaces/lib/libxicro_interfaces__python.so
-- Up-to-date symlink: /home/valdeus1151/Y3T1/FRA333_LAB_HW/LAB3/install/xicro_interfaces/share/xicro_interfaces/msg/Bool.idl
-- Up-to-date symlink: /home/valdeus1151/Y3T1/FRA333_LAB_HW/LAB3/install/xicro_interfaces/share/xicro_interfaces/msg/Uint8.idl
-- Up-to-date symlink: /home/valdeus1151/Y3T1/FRA333_LAB_HW/LAB3/install/xicro_interfaces/share/xicro_interfaces/msg/Uint16.idl
-- Up-to-date symlink: /home/valdeus1151/Y3T1/FRA333_LAB_HW/LAB3/install/xicro_interfaces/share/xicro_interfaces/msg/Uint32.idl
-- Up-to-date symlink: /home/valdeus1151/Y3T1/FRA333_LAB_HW/LAB3/install/xicro_interfaces/share/xicro_interfaces/msg/Uint64.idl
-- Up-to-date symlink: /home/valdeus1151/Y3T1/FRA333_LAB_HW/LAB3/install/xicro_interfaces/share/xicro_interfaces/msg/Int8.idl
-- Up-to-date symlink: /home/valdeus1151/Y3T1/FRA333_LAB_HW/LAB3/install/xicro_interfaces/share/xicro_interfaces/msg/Int16.idl
-- Up-to-date symlink: /home/valdeus1151/Y3T1/FRA333_LAB_HW/LAB3/install/xicro_interfaces/share/xicro_interfaces/msg/Int32.idl
-- Up-to-date symlink: /home/valdeus1151/Y3T1/FRA333_LAB_HW/LAB3/install/xicro_interfaces/share/xicro_interfaces/msg/Int64.idl
-- Up-to-date symlink: /home/valdeus1151/Y3T1/FRA333_LAB_HW/LAB3/install/xicro_interfaces/share/xicro_interfaces/msg/Float32.idl
-- Up-to-date symlink: /home/valdeus1151/Y3T1/FRA333_LAB_HW/LAB3/install/xicro_interfaces/share/xicro_interfaces/msg/Imu.idl
-- Up-to-date symlink: /home/valdeus1151/Y3T1/FRA333_LAB_HW/LAB3/install/xicro_interfaces/share/xicro_interfaces/msg/BatteryState.idl
-- Up-to-date symlink: /home/valdeus1151/Y3T1/FRA333_LAB_HW/LAB3/install/xicro_interfaces/share/xicro_interfaces/msg/JointState.idl
-- Up-to-date symlink: /home/valdeus1151/Y3T1/FRA333_LAB_HW/LAB3/install/xicro_interfaces/share/xicro_interfaces/msg/Temperature.idl
-- Up-to-date symlink: /home/valdeus1151/Y3T1/FRA333_LAB_HW/LAB3/install/xicro_interfaces/share/xicro_interfaces/msg/Point.idl
-- Up-to-date symlink: /home/valdeus1151/Y3T1/FRA333_LAB_HW/LAB3/install/xicro_interfaces/share/xicro_interfaces/msg/Pose.idl
-- Up-to-date symlink: /home/valdeus1151/Y3T1/FRA333_LAB_HW/LAB3/install/xicro_interfaces/share/xicro_interfaces/msg/PoseWithCovariance.idl
-- Up-to-date symlink: /home/valdeus1151/Y3T1/FRA333_LAB_HW/LAB3/install/xicro_interfaces/share/xicro_interfaces/msg/Quaternion.idl
-- Up-to-date symlink: /home/valdeus1151/Y3T1/FRA333_LAB_HW/LAB3/install/xicro_interfaces/share/xicro_interfaces/msg/Pose2D.idl
-- Up-to-date symlink: /home/valdeus1151/Y3T1/FRA333_LAB_HW/LAB3/install/xicro_interfaces/share/xicro_interfaces/msg/Twist.idl
-- Up-to-date symlink: /home/valdeus1151/Y3T1/FRA333_LAB_HW/LAB3/install/xicro_interfaces/share/xicro_interfaces/msg/DemoInput.idl
-- Up-to-date symlink: /home/valdeus1151/Y3T1/FRA333_LAB_HW/LAB3/install/xicro_interfaces/share/xicro_interfaces/msg/DemoOutput.idl
-- Up-to-date symlink: /home/valdeus1151/Y3T1/FRA333_LAB_HW/LAB3/install/xicro_interfaces/share/xicro_interfaces/msg/Vector3.idl
-- Up-to-date symlink: /home/valdeus1151/Y3T1/FRA333_LAB_HW/LAB3/install/xicro_interfaces/share/xicro_interfaces/msg/Time.idl
-- Up-to-date symlink: /home/valdeus1151/Y3T1/FRA333_LAB_HW/LAB3/install/xicro_interfaces/share/xicro_interfaces/msg/Header.idl
-- Up-to-date symlink: /home/valdeus1151/Y3T1/FRA333_LAB_HW/LAB3/install/xicro_interfaces/share/xicro_interfaces/msg/Bool.msg
-- Up-to-date symlink: /home/valdeus1151/Y3T1/FRA333_LAB_HW/LAB3/install/xicro_interfaces/share/xicro_interfaces/msg/Uint8.msg
-- Up-to-date symlink: /home/valdeus1151/Y3T1/FRA333_LAB_HW/LAB3/install/xicro_interfaces/share/xicro_interfaces/msg/Uint16.msg
-- Up-to-date symlink: /home/valdeus1151/Y3T1/FRA333_LAB_HW/LAB3/install/xicro_interfaces/share/xicro_interfaces/msg/Uint32.msg
-- Up-to-date symlink: /home/valdeus1151/Y3T1/FRA333_LAB_HW/LAB3/install/xicro_interfaces/share/xicro_interfaces/msg/Uint64.msg
-- Up-to-date symlink: /home/valdeus1151/Y3T1/FRA333_LAB_HW/LAB3/install/xicro_interfaces/share/xicro_interfaces/msg/Int8.msg
-- Up-to-date symlink: /home/valdeus1151/Y3T1/FRA333_LAB_HW/LAB3/install/xicro_interfaces/share/xicro_interfaces/msg/Int16.msg
-- Up-to-date symlink: /home/valdeus1151/Y3T1/FRA333_LAB_HW/LAB3/install/xicro_interfaces/share/xicro_interfaces/msg/Int32.msg
-- Up-to-date symlink: /home/valdeus1151/Y3T1/FRA333_LAB_HW/LAB3/install/xicro_interfaces/share/xicro_interfaces/msg/Int64.msg
-- Up-to-date symlink: /home/valdeus1151/Y3T1/FRA333_LAB_HW/LAB3/install/xicro_interfaces/share/xicro_interfaces/msg/Float32.msg
-- Up-to-date symlink: /home/valdeus1151/Y3T1/FRA333_LAB_HW/LAB3/install/xicro_interfaces/share/xicro_interfaces/msg/Imu.msg
-- Up-to-date symlink: /home/valdeus1151/Y3T1/FRA333_LAB_HW/LAB3/install/xicro_interfaces/share/xicro_interfaces/msg/BatteryState.msg
-- Up-to-date symlink: /home/valdeus1151/Y3T1/FRA333_LAB_HW/LAB3/install/xicro_interfaces/share/xicro_interfaces/msg/JointState.msg
-- Up-to-date symlink: /home/valdeus1151/Y3T1/FRA333_LAB_HW/LAB3/install/xicro_interfaces/share/xicro_interfaces/msg/Temperature.msg
-- Up-to-date symlink: /home/valdeus1151/Y3T1/FRA333_LAB_HW/LAB3/install/xicro_interfaces/share/xicro_interfaces/msg/Point.msg
-- Up-to-date symlink: /home/valdeus1151/Y3T1/FRA333_LAB_HW/LAB3/install/xicro_interfaces/share/xicro_interfaces/msg/Pose.msg
-- Up-to-date symlink: /home/valdeus1151/Y3T1/FRA333_LAB_HW/LAB3/install/xicro_interfaces/share/xicro_interfaces/msg/PoseWithCovariance.msg
-- Up-to-date symlink: /home/valdeus1151/Y3T1/FRA333_LAB_HW/LAB3/install/xicro_interfaces/share/xicro_interfaces/msg/Quaternion.msg
-- Up-to-date symlink: /home/valdeus1151/Y3T1/FRA333_LAB_HW/LAB3/install/xicro_interfaces/share/xicro_interfaces/msg/Pose2D.msg
-- Up-to-date symlink: /home/valdeus1151/Y3T1/FRA333_LAB_HW/LAB3/install/xicro_interfaces/share/xicro_interfaces/msg/Twist.msg
-- Up-to-date symlink: /home/valdeus1151/Y3T1/FRA333_LAB_HW/LAB3/install/xicro_interfaces/share/xicro_interfaces/msg/DemoInput.msg
-- Up-to-date symlink: /home/valdeus1151/Y3T1/FRA333_LAB_HW/LAB3/install/xicro_interfaces/share/xicro_interfaces/msg/DemoOutput.msg
-- Up-to-date symlink: /home/valdeus1151/Y3T1/FRA333_LAB_HW/LAB3/install/xicro_interfaces/share/xicro_interfaces/msg/Vector3.msg
-- Up-to-date symlink: /home/valdeus1151/Y3T1/FRA333_LAB_HW/LAB3/install/xicro_interfaces/share/xicro_interfaces/msg/Time.msg
-- Up-to-date symlink: /home/valdeus1151/Y3T1/FRA333_LAB_HW/LAB3/install/xicro_interfaces/share/xicro_interfaces/msg/Header.msg
-- Up-to-date symlink: /home/valdeus1151/Y3T1/FRA333_LAB_HW/LAB3/install/xicro_interfaces/share/ament_index/resource_index/package_run_dependencies/xicro_interfaces
-- Up-to-date symlink: /home/valdeus1151/Y3T1/FRA333_LAB_HW/LAB3/install/xicro_interfaces/share/ament_index/resource_index/parent_prefix_path/xicro_interfaces
-- Up-to-date symlink: /home/valdeus1151/Y3T1/FRA333_LAB_HW/LAB3/install/xicro_interfaces/share/xicro_interfaces/environment/ament_prefix_path.sh
-- Up-to-date symlink: /home/valdeus1151/Y3T1/FRA333_LAB_HW/LAB3/install/xicro_interfaces/share/xicro_interfaces/environment/ament_prefix_path.dsv
-- Up-to-date symlink: /home/valdeus1151/Y3T1/FRA333_LAB_HW/LAB3/install/xicro_interfaces/share/xicro_interfaces/environment/path.sh
-- Up-to-date symlink: /home/valdeus1151/Y3T1/FRA333_LAB_HW/LAB3/install/xicro_interfaces/share/xicro_interfaces/environment/path.dsv
-- Up-to-date symlink: /home/valdeus1151/Y3T1/FRA333_LAB_HW/LAB3/install/xicro_interfaces/share/xicro_interfaces/local_setup.bash
-- Up-to-date symlink: /home/valdeus1151/Y3T1/FRA333_LAB_HW/LAB3/install/xicro_interfaces/share/xicro_interfaces/local_setup.sh
-- Up-to-date symlink: /home/valdeus1151/Y3T1/FRA333_LAB_HW/LAB3/install/xicro_interfaces/share/xicro_interfaces/local_setup.zsh
-- Up-to-date symlink: /home/valdeus1151/Y3T1/FRA333_LAB_HW/LAB3/install/xicro_interfaces/share/xicro_interfaces/local_setup.dsv
-- Symlinking: /home/valdeus1151/Y3T1/FRA333_LAB_HW/LAB3/install/xicro_interfaces/share/xicro_interfaces/package.dsv
-- Up-to-date symlink: /home/valdeus1151/Y3T1/FRA333_LAB_HW/LAB3/install/xicro_interfaces/share/ament_index/resource_index/packages/xicro_interfaces
-- Up-to-date symlink: /home/valdeus1151/Y3T1/FRA333_LAB_HW/LAB3/install/xicro_interfaces/share/xicro_interfaces/cmake/rosidl_cmake-extras.cmake
-- Up-to-date symlink: /home/valdeus1151/Y3T1/FRA333_LAB_HW/LAB3/install/xicro_interfaces/share/xicro_interfaces/cmake/ament_cmake_export_dependencies-extras.cmake
-- Up-to-date symlink: /home/valdeus1151/Y3T1/FRA333_LAB_HW/LAB3/install/xicro_interfaces/share/xicro_interfaces/cmake/ament_cmake_export_libraries-extras.cmake
-- Up-to-date symlink: /home/valdeus1151/Y3T1/FRA333_LAB_HW/LAB3/install/xicro_interfaces/share/xicro_interfaces/cmake/ament_cmake_export_targets-extras.cmake
-- Up-to-date symlink: /home/valdeus1151/Y3T1/FRA333_LAB_HW/LAB3/install/xicro_interfaces/share/xicro_interfaces/cmake/ament_cmake_export_include_directories-extras.cmake
-- Up-to-date symlink: /home/valdeus1151/Y3T1/FRA333_LAB_HW/LAB3/install/xicro_interfaces/share/xicro_interfaces/cmake/rosidl_cmake_export_typesupport_libraries-extras.cmake
-- Up-to-date symlink: /home/valdeus1151/Y3T1/FRA333_LAB_HW/LAB3/install/xicro_interfaces/share/xicro_interfaces/cmake/rosidl_cmake_export_typesupport_targets-extras.cmake
-- Up-to-date symlink: /home/valdeus1151/Y3T1/FRA333_LAB_HW/LAB3/install/xicro_interfaces/share/xicro_interfaces/cmake/xicro_interfacesConfig.cmake
-- Up-to-date symlink: /home/valdeus1151/Y3T1/FRA333_LAB_HW/LAB3/install/xicro_interfaces/share/xicro_interfaces/cmake/xicro_interfacesConfig-version.cmake
-- Up-to-date symlink: /home/valdeus1151/Y3T1/FRA333_LAB_HW/LAB3/install/xicro_interfaces/share/xicro_interfaces/package.xml
-- Up-to-date: /home/valdeus1151/Y3T1/FRA333_LAB_HW/LAB3/install/xicro_interfaces/lib/libxicro_interfaces__rosidl_generator_c.so
-- Up-to-date: /home/valdeus1151/Y3T1/FRA333_LAB_HW/LAB3/install/xicro_interfaces/lib/libxicro_interfaces__rosidl_typesupport_introspection_c.so
-- Up-to-date: /home/valdeus1151/Y3T1/FRA333_LAB_HW/LAB3/install/xicro_interfaces/lib/libxicro_interfaces__rosidl_typesupport_c.so
-- Up-to-date: /home/valdeus1151/Y3T1/FRA333_LAB_HW/LAB3/install/xicro_interfaces/lib/libxicro_interfaces__rosidl_typesupport_introspection_cpp.so
-- Up-to-date: /home/valdeus1151/Y3T1/FRA333_LAB_HW/LAB3/install/xicro_interfaces/lib/libxicro_interfaces__rosidl_typesupport_cpp.so
-- Up-to-date: /home/valdeus1151/Y3T1/FRA333_LAB_HW/LAB3/install/xicro_interfaces/share/xicro_interfaces/cmake/xicro_interfaces__rosidl_generator_cExport.cmake
-- Up-to-date: /home/valdeus1151/Y3T1/FRA333_LAB_HW/LAB3/install/xicro_interfaces/share/xicro_interfaces/cmake/xicro_interfaces__rosidl_generator_cExport-noconfig.cmake
-- Up-to-date: /home/valdeus1151/Y3T1/FRA333_LAB_HW/LAB3/install/xicro_interfaces/share/xicro_interfaces/cmake/xicro_interfaces__rosidl_typesupport_introspection_cExport.cmake
-- Up-to-date: /home/valdeus1151/Y3T1/FRA333_LAB_HW/LAB3/install/xicro_interfaces/share/xicro_interfaces/cmake/xicro_interfaces__rosidl_typesupport_introspection_cExport-noconfig.cmake
-- Up-to-date: /home/valdeus1151/Y3T1/FRA333_LAB_HW/LAB3/install/xicro_interfaces/share/xicro_interfaces/cmake/xicro_interfaces__rosidl_typesupport_cExport.cmake
-- Up-to-date: /home/valdeus1151/Y3T1/FRA333_LAB_HW/LAB3/install/xicro_interfaces/share/xicro_interfaces/cmake/xicro_interfaces__rosidl_typesupport_cExport-noconfig.cmake
-- Up-to-date: /home/valdeus1151/Y3T1/FRA333_LAB_HW/LAB3/install/xicro_interfaces/share/xicro_interfaces/cmake/xicro_interfaces__rosidl_generator_cppExport.cmake
-- Up-to-date: /home/valdeus1151/Y3T1/FRA333_LAB_HW/LAB3/install/xicro_interfaces/share/xicro_interfaces/cmake/xicro_interfaces__rosidl_typesupport_introspection_cppExport.cmake
-- Up-to-date: /home/valdeus1151/Y3T1/FRA333_LAB_HW/LAB3/install/xicro_interfaces/share/xicro_interfaces/cmake/xicro_interfaces__rosidl_typesupport_introspection_cppExport-noconfig.cmake
-- Up-to-date: /home/valdeus1151/Y3T1/FRA333_LAB_HW/LAB3/install/xicro_interfaces/share/xicro_interfaces/cmake/xicro_interfaces__rosidl_typesupport_cppExport.cmake
-- Up-to-date: /home/valdeus1151/Y3T1/FRA333_LAB_HW/LAB3/install/xicro_interfaces/share/xicro_interfaces/cmake/xicro_interfaces__rosidl_typesupport_cppExport-noconfig.cmake
