[0.048s] Invoking command in '/home/omzlette/gitRos/LAB2/build/sandevistan_description': CMAKE_PREFIX_PATH=${CMAKE_PREFIX_PATH}:/opt/ros/foxy /usr/bin/cmake --build /home/omzlette/gitRos/LAB2/build/sandevistan_description -- -j12 -l12
[0.085s] Invoked command in '/home/omzlette/gitRos/LAB2/build/sandevistan_description' returned '0': CMAKE_PREFIX_PATH=${CMAKE_PREFIX_PATH}:/opt/ros/foxy /usr/bin/cmake --build /home/omzlette/gitRos/LAB2/build/sandevistan_description -- -j12 -l12
[0.117s] Invoking command in '/home/omzlette/gitRos/LAB2/build/sandevistan_description': CMAKE_PREFIX_PATH=${CMAKE_PREFIX_PATH}:/opt/ros/foxy /usr/bin/cmake --install /home/omzlette/gitRos/LAB2/build/sandevistan_description
[0.124s] -- Install configuration: ""
[0.124s] -- Execute custom install script
[0.124s] -- Up-to-date symlink: /home/omzlette/gitRos/LAB2/install/sandevistan_description/share/sandevistan_description/environment/pythonpath.sh
[0.125s] -- Up-to-date symlink: /home/omzlette/gitRos/LAB2/install/sandevistan_description/share/sandevistan_description/environment/pythonpath.dsv
[0.125s] -- Up-to-date symlink: /home/omzlette/gitRos/LAB2/install/sandevistan_description/lib/python3.8/site-packages/sandevistan_description/__init__.py
[0.125s] -- Up-to-date symlink: /home/omzlette/gitRos/LAB2/install/sandevistan_description/lib/python3.8/site-packages/sandevistan_description/robot_module.py
[0.126s] -- Up-to-date symlink: /home/omzlette/gitRos/LAB2/install/sandevistan_description/lib/sandevistan_description/robot_script.py
[0.126s] -- Up-to-date symlink: /home/omzlette/gitRos/LAB2/install/sandevistan_description/share/sandevistan_description/config/sandevistan_kinematics.rviz
[0.126s] -- Up-to-date symlink: /home/omzlette/gitRos/LAB2/install/sandevistan_description/share/sandevistan_description/launch/display.launch.py
[0.127s] -- Up-to-date symlink: /home/omzlette/gitRos/LAB2/install/sandevistan_description/share/sandevistan_description/robot/sandevistan.urdf
[0.127s] -- Up-to-date symlink: /home/omzlette/gitRos/LAB2/install/sandevistan_description/share/sandevistan_description/meshes/link_0.STL
[0.127s] -- Up-to-date symlink: /home/omzlette/gitRos/LAB2/install/sandevistan_description/share/sandevistan_description/meshes/link_1.STL
[0.128s] -- Up-to-date symlink: /home/omzlette/gitRos/LAB2/install/sandevistan_description/share/sandevistan_description/meshes/link_2.STL
[0.128s] -- Up-to-date symlink: /home/omzlette/gitRos/LAB2/install/sandevistan_description/share/sandevistan_description/meshes/link_3.STL
[0.128s] -- Up-to-date symlink: /home/omzlette/gitRos/LAB2/install/sandevistan_description/share/sandevistan_description/meshes/link_4.STL
[0.128s] -- Up-to-date symlink: /home/omzlette/gitRos/LAB2/install/sandevistan_description/share/ament_index/resource_index/package_run_dependencies/sandevistan_description
[0.129s] -- Up-to-date symlink: /home/omzlette/gitRos/LAB2/install/sandevistan_description/share/ament_index/resource_index/parent_prefix_path/sandevistan_description
[0.129s] -- Up-to-date symlink: /home/omzlette/gitRos/LAB2/install/sandevistan_description/share/sandevistan_description/environment/ament_prefix_path.sh
[0.129s] -- Up-to-date symlink: /home/omzlette/gitRos/LAB2/install/sandevistan_description/share/sandevistan_description/environment/ament_prefix_path.dsv
[0.129s] -- Up-to-date symlink: /home/omzlette/gitRos/LAB2/install/sandevistan_description/share/sandevistan_description/environment/path.sh
[0.130s] -- Up-to-date symlink: /home/omzlette/gitRos/LAB2/install/sandevistan_description/share/sandevistan_description/environment/path.dsv
[0.130s] -- Up-to-date symlink: /home/omzlette/gitRos/LAB2/install/sandevistan_description/share/sandevistan_description/local_setup.bash
[0.130s] -- Up-to-date symlink: /home/omzlette/gitRos/LAB2/install/sandevistan_description/share/sandevistan_description/local_setup.sh
[0.130s] -- Up-to-date symlink: /home/omzlette/gitRos/LAB2/install/sandevistan_description/share/sandevistan_description/local_setup.zsh
[0.131s] -- Up-to-date symlink: /home/omzlette/gitRos/LAB2/install/sandevistan_description/share/sandevistan_description/local_setup.dsv
[0.131s] -- Symlinking: /home/omzlette/gitRos/LAB2/install/sandevistan_description/share/sandevistan_description/package.dsv
[0.141s] -- Up-to-date symlink: /home/omzlette/gitRos/LAB2/install/sandevistan_description/share/ament_index/resource_index/packages/sandevistan_description
[0.141s] -- Up-to-date symlink: /home/omzlette/gitRos/LAB2/install/sandevistan_description/share/sandevistan_description/cmake/sandevistan_descriptionConfig.cmake
[0.142s] -- Up-to-date symlink: /home/omzlette/gitRos/LAB2/install/sandevistan_description/share/sandevistan_description/cmake/sandevistan_descriptionConfig-version.cmake
[0.142s] -- Up-to-date symlink: /home/omzlette/gitRos/LAB2/install/sandevistan_description/share/sandevistan_description/package.xml
[0.172s] Listing '/home/omzlette/gitRos/LAB2/install/sandevistan_description/lib/python3.8/site-packages/sandevistan_description'...
[0.178s] Invoked command in '/home/omzlette/gitRos/LAB2/build/sandevistan_description' returned '0': CMAKE_PREFIX_PATH=${CMAKE_PREFIX_PATH}:/opt/ros/foxy /usr/bin/cmake --install /home/omzlette/gitRos/LAB2/build/sandevistan_description
