[0.043s] Invoking command in '/home/valdeus1151/Y3T1/FRA333_LAB_HW/LAB4/build/doppelt_interfaces': CMAKE_PREFIX_PATH=${CMAKE_PREFIX_PATH}:/opt/ros/foxy /usr/bin/cmake /home/valdeus1151/Y3T1/FRA333_LAB_HW/LAB4/src/lab4_29/doppelt_interfaces -DAMENT_CMAKE_SYMLINK_INSTALL=1 -DCMAKE_INSTALL_PREFIX=/home/valdeus1151/Y3T1/FRA333_LAB_HW/LAB4/install/doppelt_interfaces
[0.277s] -- The C compiler identification is GNU 9.4.0
[0.439s] -- The CXX compiler identification is GNU 9.4.0
[0.452s] -- Check for working C compiler: /usr/bin/cc
[0.564s] -- Check for working C compiler: /usr/bin/cc -- works
[0.566s] -- Detecting C compiler ABI info
[0.675s] -- Detecting C compiler ABI info - done
[0.695s] -- Detecting C compile features
[0.696s] -- Detecting C compile features - done
[0.701s] -- Check for working CXX compiler: /usr/bin/c++
[0.832s] -- Check for working CXX compiler: /usr/bin/c++ -- works
[0.834s] -- Detecting CXX compiler ABI info
[0.975s] -- Detecting CXX compiler ABI info - done
[0.994s] -- Detecting CXX compile features
[0.995s] -- Detecting CXX compile features - done
[1.005s] -- Found ament_cmake: 0.9.11 (/opt/ros/foxy/share/ament_cmake/cmake)
[1.048s] -- Found PythonInterp: /usr/bin/python3 (found suitable version "3.8.10", minimum required is "3") 
[1.048s] -- Using PYTHON_EXECUTABLE: /usr/bin/python3
[1.366s] -- Override CMake install command with custom implementation using symlinks instead of copying resources
[1.426s] -- Found ament_lint_auto: 0.9.7 (/opt/ros/foxy/share/ament_lint_auto/cmake)
[1.569s] -- Found rosidl_default_generators: 1.0.1 (/opt/ros/foxy/share/rosidl_default_generators/cmake)
[1.577s] -- Using all available rosidl_typesupport_c: rosidl_typesupport_fastrtps_c;rosidl_typesupport_introspection_c
[1.590s] -- Found rosidl_adapter: 1.3.0 (/opt/ros/foxy/share/rosidl_adapter/cmake)
[1.771s] -- Found OpenSSL: /usr/lib/x86_64-linux-gnu/libcrypto.so (found version "1.1.1f")  
[1.840s] -- Found FastRTPS: /opt/ros/foxy/include  
[2.042s] -- Using all available rosidl_typesupport_cpp: rosidl_typesupport_fastrtps_cpp;rosidl_typesupport_introspection_cpp
[2.095s] -- Found std_msgs: 2.0.5 (/opt/ros/foxy/share/std_msgs/cmake)
[2.199s] -- Found PythonInterp: /usr/bin/python3 (found version "3.8.10") 
[2.384s] -- Found ament_cmake_ros: 0.9.2 (/opt/ros/foxy/share/ament_cmake_ros/cmake)
[2.814s] -- Using all available rosidl_typesupport_c: rosidl_typesupport_fastrtps_c;rosidl_typesupport_introspection_c
[2.971s] -- Using all available rosidl_typesupport_cpp: rosidl_typesupport_fastrtps_cpp;rosidl_typesupport_introspection_cpp
[3.019s] -- Found PythonInterp: /usr/bin/python3 (found suitable version "3.8.10", minimum required is "3.5") 
[3.022s] -- Found python_cmake_module: 0.8.1 (/opt/ros/foxy/share/python_cmake_module/cmake)
[3.074s] -- Found PythonLibs: /usr/lib/x86_64-linux-gnu/libpython3.8.so (found suitable version "3.8.10", minimum required is "3.5") 
[3.074s] -- Using PYTHON_EXECUTABLE: /usr/bin/python3
[3.074s] -- Using PYTHON_INCLUDE_DIRS: /usr/include/python3.8
[3.075s] -- Using PYTHON_LIBRARIES: /usr/lib/x86_64-linux-gnu/libpython3.8.so
[3.114s] -- Found PythonExtra: .so  
[3.237s] -- Added test 'copyright' to check source files copyright and LICENSE
[3.242s] -- Added test 'lint_cmake' to check CMake code style
[3.244s] -- Added test 'xmllint' to check XML markup files
[3.265s] -- Configuring done
[3.350s] -- Generating done
[3.356s] -- Build files have been written to: /home/valdeus1151/Y3T1/FRA333_LAB_HW/LAB4/build/doppelt_interfaces
[3.373s] Invoked command in '/home/valdeus1151/Y3T1/FRA333_LAB_HW/LAB4/build/doppelt_interfaces' returned '0': CMAKE_PREFIX_PATH=${CMAKE_PREFIX_PATH}:/opt/ros/foxy /usr/bin/cmake /home/valdeus1151/Y3T1/FRA333_LAB_HW/LAB4/src/lab4_29/doppelt_interfaces -DAMENT_CMAKE_SYMLINK_INSTALL=1 -DCMAKE_INSTALL_PREFIX=/home/valdeus1151/Y3T1/FRA333_LAB_HW/LAB4/install/doppelt_interfaces
[3.379s] Invoking command in '/home/valdeus1151/Y3T1/FRA333_LAB_HW/LAB4/build/doppelt_interfaces': CMAKE_PREFIX_PATH=${CMAKE_PREFIX_PATH}:/opt/ros/foxy /usr/bin/cmake --build /home/valdeus1151/Y3T1/FRA333_LAB_HW/LAB4/build/doppelt_interfaces -- -j12 -l12
[3.456s] [  3%] [34m[1mGenerating C code for ROS interfaces[0m
[3.482s] [35m[1mScanning dependencies of target doppelt_interfaces__cpp[0m
[3.534s] [  6%] [34m[1mGenerating C++ code for ROS interfaces[0m
[4.056s] [35m[1mScanning dependencies of target doppelt_interfaces__rosidl_generator_c[0m
[4.056s] [  6%] Built target doppelt_interfaces__cpp
[4.073s] [  9%] [34m[1mGenerating C++ type support for eProsima Fast-RTPS[0m
[4.073s] [ 16%] [34m[1mGenerating C++ type support dispatch for ROS interfaces[0m
[4.073s] [ 16%] [34m[1mGenerating C++ introspection for ROS interfaces[0m
[4.084s] [ 19%] [32mBuilding C object CMakeFiles/doppelt_interfaces__rosidl_generator_c.dir/rosidl_generator_c/doppelt_interfaces/srv/detail/enabler__functions.c.o[0m
[4.195s] [ 22%] [32m[1mLinking C shared library libdoppelt_interfaces__rosidl_generator_c.so[0m
[4.265s] [ 22%] Built target doppelt_interfaces__rosidl_generator_c
[4.285s] [ 29%] [34m[1mGenerating C introspection for ROS interfaces[0m
[4.285s] [ 29%] [34m[1mGenerating C type support dispatch for ROS interfaces[0m
[4.430s] [35m[1mScanning dependencies of target doppelt_interfaces__rosidl_typesupport_cpp[0m
[4.458s] [ 32%] [32mBuilding CXX object CMakeFiles/doppelt_interfaces__rosidl_typesupport_cpp.dir/rosidl_typesupport_cpp/doppelt_interfaces/srv/enabler__type_support.cpp.o[0m
[4.471s] [35m[1mScanning dependencies of target doppelt_interfaces__rosidl_typesupport_introspection_cpp[0m
[4.498s] [ 35%] [32mBuilding CXX object CMakeFiles/doppelt_interfaces__rosidl_typesupport_introspection_cpp.dir/rosidl_typesupport_introspection_cpp/doppelt_interfaces/srv/detail/enabler__type_support.cpp.o[0m
[4.527s] [35m[1mScanning dependencies of target doppelt_interfaces__rosidl_typesupport_fastrtps_cpp[0m
[4.569s] [ 38%] [32mBuilding CXX object CMakeFiles/doppelt_interfaces__rosidl_typesupport_fastrtps_cpp.dir/rosidl_typesupport_fastrtps_cpp/doppelt_interfaces/srv/detail/dds_fastrtps/enabler__type_support.cpp.o[0m
[4.739s] [35m[1mScanning dependencies of target doppelt_interfaces__rosidl_typesupport_c[0m
[4.765s] [ 41%] [32mBuilding CXX object CMakeFiles/doppelt_interfaces__rosidl_typesupport_c.dir/rosidl_typesupport_c/doppelt_interfaces/srv/enabler__type_support.cpp.o[0m
[4.771s] [35m[1mScanning dependencies of target doppelt_interfaces__rosidl_typesupport_introspection_c[0m
[4.796s] [ 45%] [32mBuilding C object CMakeFiles/doppelt_interfaces__rosidl_typesupport_introspection_c.dir/rosidl_typesupport_introspection_c/doppelt_interfaces/srv/detail/enabler__type_support.c.o[0m
[4.822s] [ 48%] [32m[1mLinking CXX shared library libdoppelt_interfaces__rosidl_typesupport_c.so[0m
[4.857s] [ 51%] [32m[1mLinking C shared library libdoppelt_interfaces__rosidl_typesupport_introspection_c.so[0m
[4.899s] [ 51%] Built target doppelt_interfaces__rosidl_typesupport_c
[4.915s] [ 51%] Built target doppelt_interfaces__rosidl_typesupport_introspection_c
[5.031s] [ 54%] [32m[1mLinking CXX shared library libdoppelt_interfaces__rosidl_typesupport_introspection_cpp.so[0m
[5.074s] [ 58%] [32m[1mLinking CXX shared library libdoppelt_interfaces__rosidl_typesupport_cpp.so[0m
[5.137s] [ 58%] Built target doppelt_interfaces__rosidl_typesupport_introspection_cpp
[5.148s] [ 58%] Built target doppelt_interfaces__rosidl_typesupport_cpp
[5.312s] [ 61%] [32m[1mLinking CXX shared library libdoppelt_interfaces__rosidl_typesupport_fastrtps_cpp.so[0m
[5.439s] [ 61%] Built target doppelt_interfaces__rosidl_typesupport_fastrtps_cpp
[5.452s] [ 64%] [34m[1mGenerating C type support for eProsima Fast-RTPS[0m
[5.787s] [35m[1mScanning dependencies of target doppelt_interfaces__rosidl_typesupport_fastrtps_c[0m
[5.812s] [ 67%] [32mBuilding CXX object CMakeFiles/doppelt_interfaces__rosidl_typesupport_fastrtps_c.dir/rosidl_typesupport_fastrtps_c/doppelt_interfaces/srv/detail/enabler__type_support_c.cpp.o[0m
[6.275s] [ 70%] [32m[1mLinking CXX shared library libdoppelt_interfaces__rosidl_typesupport_fastrtps_c.so[0m
[6.400s] [ 70%] Built target doppelt_interfaces__rosidl_typesupport_fastrtps_c
[6.412s] [35m[1mScanning dependencies of target doppelt_interfaces[0m
[6.427s] [ 70%] Built target doppelt_interfaces
[6.439s] [35m[1mScanning dependencies of target doppelt_interfaces__py[0m
[6.454s] [ 74%] [34m[1mGenerating Python code for ROS interfaces[0m
[7.065s] [ 74%] Built target doppelt_interfaces__py
[7.078s] [35m[1mScanning dependencies of target doppelt_interfaces__python[0m
[7.131s] [ 77%] [32mBuilding C object CMakeFiles/doppelt_interfaces__python.dir/rosidl_generator_py/doppelt_interfaces/srv/_enabler_s.c.o[0m
[7.266s] [ 80%] [32m[1mLinking C shared library rosidl_generator_py/doppelt_interfaces/libdoppelt_interfaces__python.so[0m
[7.323s] [ 80%] Built target doppelt_interfaces__python
[7.335s] [35m[1mScanning dependencies of target doppelt_interfaces__rosidl_typesupport_introspection_c__pyext[0m
[7.335s] [35m[1mScanning dependencies of target doppelt_interfaces__rosidl_typesupport_fastrtps_c__pyext[0m
[7.335s] [35m[1mScanning dependencies of target doppelt_interfaces__rosidl_typesupport_c__pyext[0m
[7.360s] [ 83%] [32mBuilding C object CMakeFiles/doppelt_interfaces__rosidl_typesupport_c__pyext.dir/rosidl_generator_py/doppelt_interfaces/_doppelt_interfaces_s.ep.rosidl_typesupport_c.c.o[0m
[7.362s] [ 87%] [32mBuilding C object CMakeFiles/doppelt_interfaces__rosidl_typesupport_introspection_c__pyext.dir/rosidl_generator_py/doppelt_interfaces/_doppelt_interfaces_s.ep.rosidl_typesupport_introspection_c.c.o[0m
[7.365s] [ 90%] [32mBuilding C object CMakeFiles/doppelt_interfaces__rosidl_typesupport_fastrtps_c__pyext.dir/rosidl_generator_py/doppelt_interfaces/_doppelt_interfaces_s.ep.rosidl_typesupport_fastrtps_c.c.o[0m
[7.494s] [ 93%] [32m[1mLinking C shared library rosidl_generator_py/doppelt_interfaces/doppelt_interfaces_s__rosidl_typesupport_introspection_c.cpython-38-x86_64-linux-gnu.so[0m
[7.499s] [ 96%] [32m[1mLinking C shared library rosidl_generator_py/doppelt_interfaces/doppelt_interfaces_s__rosidl_typesupport_c.cpython-38-x86_64-linux-gnu.so[0m
[7.500s] [100%] [32m[1mLinking CXX shared library rosidl_generator_py/doppelt_interfaces/doppelt_interfaces_s__rosidl_typesupport_fastrtps_c.cpython-38-x86_64-linux-gnu.so[0m
[7.556s] [100%] Built target doppelt_interfaces__rosidl_typesupport_introspection_c__pyext
[7.561s] [100%] Built target doppelt_interfaces__rosidl_typesupport_c__pyext
[7.617s] [100%] Built target doppelt_interfaces__rosidl_typesupport_fastrtps_c__pyext
[7.633s] Invoked command in '/home/valdeus1151/Y3T1/FRA333_LAB_HW/LAB4/build/doppelt_interfaces' returned '0': CMAKE_PREFIX_PATH=${CMAKE_PREFIX_PATH}:/opt/ros/foxy /usr/bin/cmake --build /home/valdeus1151/Y3T1/FRA333_LAB_HW/LAB4/build/doppelt_interfaces -- -j12 -l12
[7.705s] Invoking command in '/home/valdeus1151/Y3T1/FRA333_LAB_HW/LAB4/build/doppelt_interfaces': CMAKE_PREFIX_PATH=${CMAKE_PREFIX_PATH}:/opt/ros/foxy /usr/bin/cmake --install /home/valdeus1151/Y3T1/FRA333_LAB_HW/LAB4/build/doppelt_interfaces
[7.716s] -- Install configuration: ""
[7.716s] -- Execute custom install script
[7.717s] -- Symlinking: /home/valdeus1151/Y3T1/FRA333_LAB_HW/LAB4/install/doppelt_interfaces/share/ament_index/resource_index/rosidl_interfaces/doppelt_interfaces
[7.729s] -- Symlinking: /home/valdeus1151/Y3T1/FRA333_LAB_HW/LAB4/install/doppelt_interfaces/include/doppelt_interfaces/msg/rosidl_generator_c__visibility_control.h
[7.741s] -- Symlinking: /home/valdeus1151/Y3T1/FRA333_LAB_HW/LAB4/install/doppelt_interfaces/include/doppelt_interfaces/srv/detail/enabler__functions.h
[7.753s] -- Symlinking: /home/valdeus1151/Y3T1/FRA333_LAB_HW/LAB4/install/doppelt_interfaces/include/doppelt_interfaces/srv/detail/enabler__struct.h
[7.766s] -- Symlinking: /home/valdeus1151/Y3T1/FRA333_LAB_HW/LAB4/install/doppelt_interfaces/include/doppelt_interfaces/srv/detail/enabler__type_support.h
[7.780s] -- Symlinking: /home/valdeus1151/Y3T1/FRA333_LAB_HW/LAB4/install/doppelt_interfaces/include/doppelt_interfaces/srv/enabler.h
[7.792s] -- Symlinking: /home/valdeus1151/Y3T1/FRA333_LAB_HW/LAB4/install/doppelt_interfaces/share/doppelt_interfaces/environment/library_path.sh
[7.804s] -- Symlinking: /home/valdeus1151/Y3T1/FRA333_LAB_HW/LAB4/install/doppelt_interfaces/share/doppelt_interfaces/environment/library_path.dsv
[7.818s] -- Symlinking: /home/valdeus1151/Y3T1/FRA333_LAB_HW/LAB4/install/doppelt_interfaces/include/doppelt_interfaces/msg/rosidl_typesupport_fastrtps_c__visibility_control.h
[7.831s] -- Symlinking: /home/valdeus1151/Y3T1/FRA333_LAB_HW/LAB4/install/doppelt_interfaces/include/doppelt_interfaces/srv/detail/enabler__rosidl_typesupport_fastrtps_c.h
[7.845s] -- Symlinking: /home/valdeus1151/Y3T1/FRA333_LAB_HW/LAB4/install/doppelt_interfaces/lib/libdoppelt_interfaces__rosidl_typesupport_fastrtps_c.so
[7.858s] -- Symlinking: /home/valdeus1151/Y3T1/FRA333_LAB_HW/LAB4/install/doppelt_interfaces/include/doppelt_interfaces/msg/rosidl_typesupport_fastrtps_cpp__visibility_control.h
[7.870s] -- Symlinking: /home/valdeus1151/Y3T1/FRA333_LAB_HW/LAB4/install/doppelt_interfaces/include/doppelt_interfaces/srv/detail/enabler__rosidl_typesupport_fastrtps_cpp.hpp
[7.885s] -- Symlinking: /home/valdeus1151/Y3T1/FRA333_LAB_HW/LAB4/install/doppelt_interfaces/lib/libdoppelt_interfaces__rosidl_typesupport_fastrtps_cpp.so
[7.899s] -- Symlinking: /home/valdeus1151/Y3T1/FRA333_LAB_HW/LAB4/install/doppelt_interfaces/include/doppelt_interfaces/msg/rosidl_typesupport_introspection_c__visibility_control.h
[7.910s] -- Symlinking: /home/valdeus1151/Y3T1/FRA333_LAB_HW/LAB4/install/doppelt_interfaces/include/doppelt_interfaces/srv/detail/enabler__rosidl_typesupport_introspection_c.h
[7.923s] -- Symlinking: /home/valdeus1151/Y3T1/FRA333_LAB_HW/LAB4/install/doppelt_interfaces/include/doppelt_interfaces/srv/detail/enabler__builder.hpp
[7.935s] -- Symlinking: /home/valdeus1151/Y3T1/FRA333_LAB_HW/LAB4/install/doppelt_interfaces/include/doppelt_interfaces/srv/detail/enabler__struct.hpp
[7.948s] -- Symlinking: /home/valdeus1151/Y3T1/FRA333_LAB_HW/LAB4/install/doppelt_interfaces/include/doppelt_interfaces/srv/detail/enabler__traits.hpp
[7.960s] -- Symlinking: /home/valdeus1151/Y3T1/FRA333_LAB_HW/LAB4/install/doppelt_interfaces/include/doppelt_interfaces/srv/enabler.hpp
[7.973s] -- Symlinking: /home/valdeus1151/Y3T1/FRA333_LAB_HW/LAB4/install/doppelt_interfaces/include/doppelt_interfaces/srv/detail/enabler__rosidl_typesupport_introspection_cpp.hpp
[7.986s] -- Symlinking: /home/valdeus1151/Y3T1/FRA333_LAB_HW/LAB4/install/doppelt_interfaces/share/doppelt_interfaces/environment/pythonpath.sh
[8.000s] -- Symlinking: /home/valdeus1151/Y3T1/FRA333_LAB_HW/LAB4/install/doppelt_interfaces/share/doppelt_interfaces/environment/pythonpath.dsv
[8.012s] -- Symlinking: /home/valdeus1151/Y3T1/FRA333_LAB_HW/LAB4/install/doppelt_interfaces/lib/python3.8/site-packages/doppelt_interfaces/__init__.py
[8.024s] -- Symlinking: /home/valdeus1151/Y3T1/FRA333_LAB_HW/LAB4/install/doppelt_interfaces/lib/python3.8/site-packages/doppelt_interfaces/srv/__init__.py
[8.036s] -- Symlinking: /home/valdeus1151/Y3T1/FRA333_LAB_HW/LAB4/install/doppelt_interfaces/lib/python3.8/site-packages/doppelt_interfaces/srv/_enabler.py
[8.048s] -- Symlinking: /home/valdeus1151/Y3T1/FRA333_LAB_HW/LAB4/install/doppelt_interfaces/lib/python3.8/site-packages/doppelt_interfaces/doppelt_interfaces_s__rosidl_typesupport_fastrtps_c.cpython-38-x86_64-linux-gnu.so
[8.059s] -- Symlinking: /home/valdeus1151/Y3T1/FRA333_LAB_HW/LAB4/install/doppelt_interfaces/lib/python3.8/site-packages/doppelt_interfaces/doppelt_interfaces_s__rosidl_typesupport_introspection_c.cpython-38-x86_64-linux-gnu.so
[8.070s] -- Symlinking: /home/valdeus1151/Y3T1/FRA333_LAB_HW/LAB4/install/doppelt_interfaces/lib/python3.8/site-packages/doppelt_interfaces/doppelt_interfaces_s__rosidl_typesupport_c.cpython-38-x86_64-linux-gnu.so
[8.083s] -- Symlinking: /home/valdeus1151/Y3T1/FRA333_LAB_HW/LAB4/install/doppelt_interfaces/lib/libdoppelt_interfaces__python.so
[8.094s] -- Symlinking: /home/valdeus1151/Y3T1/FRA333_LAB_HW/LAB4/install/doppelt_interfaces/share/doppelt_interfaces/srv/Enabler.idl
[8.107s] -- Symlinking: /home/valdeus1151/Y3T1/FRA333_LAB_HW/LAB4/install/doppelt_interfaces/share/doppelt_interfaces/srv/Enabler.srv
[8.119s] -- Symlinking: /home/valdeus1151/Y3T1/FRA333_LAB_HW/LAB4/install/doppelt_interfaces/share/doppelt_interfaces/srv/Enabler_Request.msg
[8.131s] -- Symlinking: /home/valdeus1151/Y3T1/FRA333_LAB_HW/LAB4/install/doppelt_interfaces/share/doppelt_interfaces/srv/Enabler_Response.msg
[8.145s] -- Symlinking: /home/valdeus1151/Y3T1/FRA333_LAB_HW/LAB4/install/doppelt_interfaces/share/ament_index/resource_index/package_run_dependencies/doppelt_interfaces
[8.157s] -- Symlinking: /home/valdeus1151/Y3T1/FRA333_LAB_HW/LAB4/install/doppelt_interfaces/share/ament_index/resource_index/parent_prefix_path/doppelt_interfaces
[8.168s] -- Symlinking: /home/valdeus1151/Y3T1/FRA333_LAB_HW/LAB4/install/doppelt_interfaces/share/doppelt_interfaces/environment/ament_prefix_path.sh
[8.180s] -- Symlinking: /home/valdeus1151/Y3T1/FRA333_LAB_HW/LAB4/install/doppelt_interfaces/share/doppelt_interfaces/environment/ament_prefix_path.dsv
[8.190s] -- Symlinking: /home/valdeus1151/Y3T1/FRA333_LAB_HW/LAB4/install/doppelt_interfaces/share/doppelt_interfaces/environment/path.sh
[8.202s] -- Symlinking: /home/valdeus1151/Y3T1/FRA333_LAB_HW/LAB4/install/doppelt_interfaces/share/doppelt_interfaces/environment/path.dsv
[8.214s] -- Symlinking: /home/valdeus1151/Y3T1/FRA333_LAB_HW/LAB4/install/doppelt_interfaces/share/doppelt_interfaces/local_setup.bash
[8.228s] -- Symlinking: /home/valdeus1151/Y3T1/FRA333_LAB_HW/LAB4/install/doppelt_interfaces/share/doppelt_interfaces/local_setup.sh
[8.242s] -- Symlinking: /home/valdeus1151/Y3T1/FRA333_LAB_HW/LAB4/install/doppelt_interfaces/share/doppelt_interfaces/local_setup.zsh
[8.257s] -- Symlinking: /home/valdeus1151/Y3T1/FRA333_LAB_HW/LAB4/install/doppelt_interfaces/share/doppelt_interfaces/local_setup.dsv
[8.270s] -- Symlinking: /home/valdeus1151/Y3T1/FRA333_LAB_HW/LAB4/install/doppelt_interfaces/share/doppelt_interfaces/package.dsv
[8.285s] -- Symlinking: /home/valdeus1151/Y3T1/FRA333_LAB_HW/LAB4/install/doppelt_interfaces/share/ament_index/resource_index/packages/doppelt_interfaces
[8.298s] -- Symlinking: /home/valdeus1151/Y3T1/FRA333_LAB_HW/LAB4/install/doppelt_interfaces/share/doppelt_interfaces/cmake/rosidl_cmake-extras.cmake
[8.311s] -- Symlinking: /home/valdeus1151/Y3T1/FRA333_LAB_HW/LAB4/install/doppelt_interfaces/share/doppelt_interfaces/cmake/ament_cmake_export_dependencies-extras.cmake
[8.324s] -- Symlinking: /home/valdeus1151/Y3T1/FRA333_LAB_HW/LAB4/install/doppelt_interfaces/share/doppelt_interfaces/cmake/ament_cmake_export_libraries-extras.cmake
[8.339s] -- Symlinking: /home/valdeus1151/Y3T1/FRA333_LAB_HW/LAB4/install/doppelt_interfaces/share/doppelt_interfaces/cmake/ament_cmake_export_targets-extras.cmake
[8.352s] -- Symlinking: /home/valdeus1151/Y3T1/FRA333_LAB_HW/LAB4/install/doppelt_interfaces/share/doppelt_interfaces/cmake/ament_cmake_export_include_directories-extras.cmake
[8.366s] -- Symlinking: /home/valdeus1151/Y3T1/FRA333_LAB_HW/LAB4/install/doppelt_interfaces/share/doppelt_interfaces/cmake/rosidl_cmake_export_typesupport_libraries-extras.cmake
[8.379s] -- Symlinking: /home/valdeus1151/Y3T1/FRA333_LAB_HW/LAB4/install/doppelt_interfaces/share/doppelt_interfaces/cmake/rosidl_cmake_export_typesupport_targets-extras.cmake
[8.390s] -- Symlinking: /home/valdeus1151/Y3T1/FRA333_LAB_HW/LAB4/install/doppelt_interfaces/share/doppelt_interfaces/cmake/doppelt_interfacesConfig.cmake
[8.405s] -- Symlinking: /home/valdeus1151/Y3T1/FRA333_LAB_HW/LAB4/install/doppelt_interfaces/share/doppelt_interfaces/cmake/doppelt_interfacesConfig-version.cmake
[8.419s] -- Symlinking: /home/valdeus1151/Y3T1/FRA333_LAB_HW/LAB4/install/doppelt_interfaces/share/doppelt_interfaces/package.xml
[8.433s] -- Installing: /home/valdeus1151/Y3T1/FRA333_LAB_HW/LAB4/install/doppelt_interfaces/lib/libdoppelt_interfaces__rosidl_generator_c.so
[8.433s] -- Set runtime path of "/home/valdeus1151/Y3T1/FRA333_LAB_HW/LAB4/install/doppelt_interfaces/lib/libdoppelt_interfaces__rosidl_generator_c.so" to ""
[8.434s] -- Installing: /home/valdeus1151/Y3T1/FRA333_LAB_HW/LAB4/install/doppelt_interfaces/lib/libdoppelt_interfaces__rosidl_typesupport_introspection_c.so
[8.434s] -- Set runtime path of "/home/valdeus1151/Y3T1/FRA333_LAB_HW/LAB4/install/doppelt_interfaces/lib/libdoppelt_interfaces__rosidl_typesupport_introspection_c.so" to ""
[8.435s] -- Installing: /home/valdeus1151/Y3T1/FRA333_LAB_HW/LAB4/install/doppelt_interfaces/lib/libdoppelt_interfaces__rosidl_typesupport_c.so
[8.435s] -- Set runtime path of "/home/valdeus1151/Y3T1/FRA333_LAB_HW/LAB4/install/doppelt_interfaces/lib/libdoppelt_interfaces__rosidl_typesupport_c.so" to ""
[8.435s] -- Installing: /home/valdeus1151/Y3T1/FRA333_LAB_HW/LAB4/install/doppelt_interfaces/lib/libdoppelt_interfaces__rosidl_typesupport_introspection_cpp.so
[8.436s] -- Set runtime path of "/home/valdeus1151/Y3T1/FRA333_LAB_HW/LAB4/install/doppelt_interfaces/lib/libdoppelt_interfaces__rosidl_typesupport_introspection_cpp.so" to ""
[8.436s] -- Installing: /home/valdeus1151/Y3T1/FRA333_LAB_HW/LAB4/install/doppelt_interfaces/lib/libdoppelt_interfaces__rosidl_typesupport_cpp.so
[8.436s] -- Set runtime path of "/home/valdeus1151/Y3T1/FRA333_LAB_HW/LAB4/install/doppelt_interfaces/lib/libdoppelt_interfaces__rosidl_typesupport_cpp.so" to ""
[8.485s] Compiling '/home/valdeus1151/Y3T1/FRA333_LAB_HW/LAB4/install/doppelt_interfaces/lib/python3.8/site-packages/doppelt_interfaces/__init__.py'...
[8.491s] -- Installing: /home/valdeus1151/Y3T1/FRA333_LAB_HW/LAB4/install/doppelt_interfaces/share/doppelt_interfaces/cmake/doppelt_interfaces__rosidl_generator_cExport.cmake
[8.491s] -- Installing: /home/valdeus1151/Y3T1/FRA333_LAB_HW/LAB4/install/doppelt_interfaces/share/doppelt_interfaces/cmake/doppelt_interfaces__rosidl_generator_cExport-noconfig.cmake
[8.491s] -- Installing: /home/valdeus1151/Y3T1/FRA333_LAB_HW/LAB4/install/doppelt_interfaces/share/doppelt_interfaces/cmake/doppelt_interfaces__rosidl_typesupport_introspection_cExport.cmake
[8.491s] -- Installing: /home/valdeus1151/Y3T1/FRA333_LAB_HW/LAB4/install/doppelt_interfaces/share/doppelt_interfaces/cmake/doppelt_interfaces__rosidl_typesupport_introspection_cExport-noconfig.cmake
[8.491s] -- Installing: /home/valdeus1151/Y3T1/FRA333_LAB_HW/LAB4/install/doppelt_interfaces/share/doppelt_interfaces/cmake/doppelt_interfaces__rosidl_typesupport_cExport.cmake
[8.492s] -- Installing: /home/valdeus1151/Y3T1/FRA333_LAB_HW/LAB4/install/doppelt_interfaces/share/doppelt_interfaces/cmake/doppelt_interfaces__rosidl_typesupport_cExport-noconfig.cmake
[8.492s] -- Installing: /home/valdeus1151/Y3T1/FRA333_LAB_HW/LAB4/install/doppelt_interfaces/share/doppelt_interfaces/cmake/doppelt_interfaces__rosidl_generator_cppExport.cmake
[8.492s] -- Installing: /home/valdeus1151/Y3T1/FRA333_LAB_HW/LAB4/install/doppelt_interfaces/share/doppelt_interfaces/cmake/doppelt_interfaces__rosidl_typesupport_introspection_cppExport.cmake
[8.492s] -- Installing: /home/valdeus1151/Y3T1/FRA333_LAB_HW/LAB4/install/doppelt_interfaces/share/doppelt_interfaces/cmake/doppelt_interfaces__rosidl_typesupport_introspection_cppExport-noconfig.cmake
[8.493s] -- Installing: /home/valdeus1151/Y3T1/FRA333_LAB_HW/LAB4/install/doppelt_interfaces/share/doppelt_interfaces/cmake/doppelt_interfaces__rosidl_typesupport_cppExport.cmake
[8.493s] -- Installing: /home/valdeus1151/Y3T1/FRA333_LAB_HW/LAB4/install/doppelt_interfaces/share/doppelt_interfaces/cmake/doppelt_interfaces__rosidl_typesupport_cppExport-noconfig.cmake
[8.499s] Invoked command in '/home/valdeus1151/Y3T1/FRA333_LAB_HW/LAB4/build/doppelt_interfaces' returned '0': CMAKE_PREFIX_PATH=${CMAKE_PREFIX_PATH}:/opt/ros/foxy /usr/bin/cmake --install /home/valdeus1151/Y3T1/FRA333_LAB_HW/LAB4/build/doppelt_interfaces
