[0.024s] Invoking command in '/home/omzlette/gitRos/LAB2/build/sandevistan_kinematics_interfaces': CMAKE_PREFIX_PATH=${CMAKE_PREFIX_PATH}:/opt/ros/foxy /usr/bin/cmake --build /home/omzlette/gitRos/LAB2/build/sandevistan_kinematics_interfaces -- -j12 -l12
[0.044s] -- Found ament_cmake: 0.9.11 (/opt/ros/foxy/share/ament_cmake/cmake)
[0.064s] -- Found PythonInterp: /usr/bin/python3 (found suitable version "3.8.10", minimum required is "3") 
[0.064s] -- Using PYTHON_EXECUTABLE: /usr/bin/python3
[0.217s] -- Override CMake install command with custom implementation using symlinks instead of copying resources
[0.223s] -- Found ament_lint_auto: 0.9.7 (/opt/ros/foxy/share/ament_lint_auto/cmake)
[0.278s] -- Found rosidl_default_generators: 1.0.1 (/opt/ros/foxy/share/rosidl_default_generators/cmake)
[0.281s] -- Using all available rosidl_typesupport_c: rosidl_typesupport_fastrtps_c;rosidl_typesupport_introspection_c
[0.284s] -- Found rosidl_adapter: 1.3.0 (/opt/ros/foxy/share/rosidl_adapter/cmake)
[0.409s] -- Using all available rosidl_typesupport_cpp: rosidl_typesupport_fastrtps_cpp;rosidl_typesupport_introspection_cpp
[0.432s] -- Found geometry_msgs: 2.0.5 (/opt/ros/foxy/share/geometry_msgs/cmake)
[0.510s] -- Found sensor_msgs: 2.0.5 (/opt/ros/foxy/share/sensor_msgs/cmake)
[0.620s] -- Found PythonInterp: /usr/bin/python3 (found version "3.8.10") 
[0.809s] -- Found ament_cmake_ros: 0.9.2 (/opt/ros/foxy/share/ament_cmake_ros/cmake)
[1.212s] -- Using all available rosidl_typesupport_c: rosidl_typesupport_fastrtps_c;rosidl_typesupport_introspection_c
[1.388s] -- Using all available rosidl_typesupport_cpp: rosidl_typesupport_fastrtps_cpp;rosidl_typesupport_introspection_cpp
[1.416s] -- Found PythonInterp: /usr/bin/python3 (found suitable version "3.8.10", minimum required is "3.5") 
[1.416s] -- Found python_cmake_module: 0.8.1 (/opt/ros/foxy/share/python_cmake_module/cmake)
[1.447s] -- Using PYTHON_EXECUTABLE: /usr/bin/python3
[1.447s] -- Using PYTHON_INCLUDE_DIRS: /usr/include/python3.8
[1.447s] -- Using PYTHON_LIBRARIES: /usr/lib/x86_64-linux-gnu/libpython3.8.so
[1.518s] -- Added test 'copyright' to check source files copyright and LICENSE
[1.519s] -- Added test 'lint_cmake' to check CMake code style
[1.520s] -- Added test 'xmllint' to check XML markup files
[1.528s] -- Configuring done
[1.600s] -- Generating done
[1.604s] -- Build files have been written to: /home/omzlette/gitRos/LAB2/build/sandevistan_kinematics_interfaces
[1.624s] [  2%] [34m[1mGenerating C code for ROS interfaces[0m
[1.633s] [  5%] [34m[1mGenerating C++ code for ROS interfaces[0m
[1.956s] [  5%] Built target sandevistan_kinematics_interfaces__cpp
[1.969s] [  7%] [34m[1mGenerating C++ type support for eProsima Fast-RTPS[0m
[1.970s] [ 10%] [34m[1mGenerating C++ type support dispatch for ROS interfaces[0m
[1.971s] [ 12%] [34m[1mGenerating C++ introspection for ROS interfaces[0m
[2.034s] [35m[1mScanning dependencies of target sandevistan_kinematics_interfaces__rosidl_generator_c[0m
[2.048s] [ 15%] [32mBuilding C object CMakeFiles/sandevistan_kinematics_interfaces__rosidl_generator_c.dir/rosidl_generator_c/sandevistan_kinematics_interfaces/srv/detail/solve_ik__functions.c.o[0m
[2.051s] [ 17%] [32mBuilding C object CMakeFiles/sandevistan_kinematics_interfaces__rosidl_generator_c.dir/rosidl_generator_c/sandevistan_kinematics_interfaces/srv/detail/get_position__functions.c.o[0m
[2.133s] [ 20%] [32m[1mLinking C shared library libsandevistan_kinematics_interfaces__rosidl_generator_c.so[0m
[2.172s] [ 20%] Built target sandevistan_kinematics_interfaces__rosidl_generator_c
[2.184s] [ 23%] [34m[1mGenerating C introspection for ROS interfaces[0m
[2.184s] [ 25%] [34m[1mGenerating C type support dispatch for ROS interfaces[0m
[2.320s] [35m[1mScanning dependencies of target sandevistan_kinematics_interfaces__rosidl_typesupport_introspection_cpp[0m
[2.335s] [ 28%] [32mBuilding CXX object CMakeFiles/sandevistan_kinematics_interfaces__rosidl_typesupport_introspection_cpp.dir/rosidl_typesupport_introspection_cpp/sandevistan_kinematics_interfaces/srv/detail/get_position__type_support.cpp.o[0m
[2.336s] [ 30%] [32mBuilding CXX object CMakeFiles/sandevistan_kinematics_interfaces__rosidl_typesupport_introspection_cpp.dir/rosidl_typesupport_introspection_cpp/sandevistan_kinematics_interfaces/srv/detail/solve_ik__type_support.cpp.o[0m
[2.346s] [35m[1mScanning dependencies of target sandevistan_kinematics_interfaces__rosidl_typesupport_cpp[0m
[2.366s] [ 33%] [32mBuilding CXX object CMakeFiles/sandevistan_kinematics_interfaces__rosidl_typesupport_cpp.dir/rosidl_typesupport_cpp/sandevistan_kinematics_interfaces/srv/solve_ik__type_support.cpp.o[0m
[2.373s] [ 35%] [32mBuilding CXX object CMakeFiles/sandevistan_kinematics_interfaces__rosidl_typesupport_cpp.dir/rosidl_typesupport_cpp/sandevistan_kinematics_interfaces/srv/get_position__type_support.cpp.o[0m
[2.384s] [35m[1mScanning dependencies of target sandevistan_kinematics_interfaces__rosidl_typesupport_fastrtps_cpp[0m
[2.411s] [ 38%] [32mBuilding CXX object CMakeFiles/sandevistan_kinematics_interfaces__rosidl_typesupport_fastrtps_cpp.dir/rosidl_typesupport_fastrtps_cpp/sandevistan_kinematics_interfaces/srv/detail/dds_fastrtps/solve_ik__type_support.cpp.o[0m
[2.412s] [ 41%] [32mBuilding CXX object CMakeFiles/sandevistan_kinematics_interfaces__rosidl_typesupport_fastrtps_cpp.dir/rosidl_typesupport_fastrtps_cpp/sandevistan_kinematics_interfaces/srv/detail/dds_fastrtps/get_position__type_support.cpp.o[0m
[2.530s] [35m[1mScanning dependencies of target sandevistan_kinematics_interfaces__rosidl_typesupport_c[0m
[2.552s] [ 43%] [32mBuilding CXX object CMakeFiles/sandevistan_kinematics_interfaces__rosidl_typesupport_c.dir/rosidl_typesupport_c/sandevistan_kinematics_interfaces/srv/get_position__type_support.cpp.o[0m
[2.560s] [ 46%] [32mBuilding CXX object CMakeFiles/sandevistan_kinematics_interfaces__rosidl_typesupport_c.dir/rosidl_typesupport_c/sandevistan_kinematics_interfaces/srv/solve_ik__type_support.cpp.o[0m
[2.629s] [35m[1mScanning dependencies of target sandevistan_kinematics_interfaces__rosidl_typesupport_introspection_c[0m
[2.635s] [ 48%] [32m[1mLinking CXX shared library libsandevistan_kinematics_interfaces__rosidl_typesupport_c.so[0m
[2.652s] [ 51%] [32mBuilding C object CMakeFiles/sandevistan_kinematics_interfaces__rosidl_typesupport_introspection_c.dir/rosidl_typesupport_introspection_c/sandevistan_kinematics_interfaces/srv/detail/get_position__type_support.c.o[0m
[2.666s] [ 53%] [32mBuilding C object CMakeFiles/sandevistan_kinematics_interfaces__rosidl_typesupport_introspection_c.dir/rosidl_typesupport_introspection_c/sandevistan_kinematics_interfaces/srv/detail/solve_ik__type_support.c.o[0m
[2.720s] [ 56%] [32m[1mLinking C shared library libsandevistan_kinematics_interfaces__rosidl_typesupport_introspection_c.so[0m
[2.722s] [ 56%] Built target sandevistan_kinematics_interfaces__rosidl_typesupport_c
[2.771s] [ 56%] Built target sandevistan_kinematics_interfaces__rosidl_typesupport_introspection_c
[2.814s] [ 58%] [32m[1mLinking CXX shared library libsandevistan_kinematics_interfaces__rosidl_typesupport_introspection_cpp.so[0m
[2.827s] [ 61%] [32m[1mLinking CXX shared library libsandevistan_kinematics_interfaces__rosidl_typesupport_cpp.so[0m
[2.881s] [ 61%] Built target sandevistan_kinematics_interfaces__rosidl_typesupport_cpp
[2.918s] [ 61%] Built target sandevistan_kinematics_interfaces__rosidl_typesupport_introspection_cpp
[3.015s] [ 64%] [32m[1mLinking CXX shared library libsandevistan_kinematics_interfaces__rosidl_typesupport_fastrtps_cpp.so[0m
[3.121s] [ 64%] Built target sandevistan_kinematics_interfaces__rosidl_typesupport_fastrtps_cpp
[3.132s] [ 66%] [34m[1mGenerating C type support for eProsima Fast-RTPS[0m
[3.481s] [35m[1mScanning dependencies of target sandevistan_kinematics_interfaces__rosidl_typesupport_fastrtps_c[0m
[3.507s] [ 71%] [32mBuilding CXX object CMakeFiles/sandevistan_kinematics_interfaces__rosidl_typesupport_fastrtps_c.dir/rosidl_typesupport_fastrtps_c/sandevistan_kinematics_interfaces/srv/detail/solve_ik__type_support_c.cpp.o[0m
[3.507s] [ 71%] [32mBuilding CXX object CMakeFiles/sandevistan_kinematics_interfaces__rosidl_typesupport_fastrtps_c.dir/rosidl_typesupport_fastrtps_c/sandevistan_kinematics_interfaces/srv/detail/get_position__type_support_c.cpp.o[0m
[3.976s] [ 74%] [32m[1mLinking CXX shared library libsandevistan_kinematics_interfaces__rosidl_typesupport_fastrtps_c.so[0m
[4.090s] [ 74%] Built target sandevistan_kinematics_interfaces__rosidl_typesupport_fastrtps_c
[4.111s] [ 74%] Built target sandevistan_kinematics_interfaces
[4.134s] [ 76%] [34m[1mGenerating Python code for ROS interfaces[0m
[4.812s] [ 76%] Built target sandevistan_kinematics_interfaces__py
[4.822s] [35m[1mScanning dependencies of target sandevistan_kinematics_interfaces__python[0m
[4.839s] [ 79%] [32mBuilding C object CMakeFiles/sandevistan_kinematics_interfaces__python.dir/rosidl_generator_py/sandevistan_kinematics_interfaces/srv/_get_position_s.c.o[0m
[4.839s] [ 82%] [32mBuilding C object CMakeFiles/sandevistan_kinematics_interfaces__python.dir/rosidl_generator_py/sandevistan_kinematics_interfaces/srv/_solve_ik_s.c.o[0m
[4.935s] [ 84%] [32m[1mLinking C shared library rosidl_generator_py/sandevistan_kinematics_interfaces/libsandevistan_kinematics_interfaces__python.so[0m
[4.985s] [ 84%] Built target sandevistan_kinematics_interfaces__python
[4.996s] [35m[1mScanning dependencies of target sandevistan_kinematics_interfaces__rosidl_typesupport_c__pyext[0m
[4.998s] [35m[1mScanning dependencies of target sandevistan_kinematics_interfaces__rosidl_typesupport_introspection_c__pyext[0m
[5.000s] [35m[1mScanning dependencies of target sandevistan_kinematics_interfaces__rosidl_typesupport_fastrtps_c__pyext[0m
[5.016s] [ 87%] [32mBuilding C object CMakeFiles/sandevistan_kinematics_interfaces__rosidl_typesupport_c__pyext.dir/rosidl_generator_py/sandevistan_kinematics_interfaces/_sandevistan_kinematics_interfaces_s.ep.rosidl_typesupport_c.c.o[0m
[5.017s] [ 89%] [32mBuilding C object CMakeFiles/sandevistan_kinematics_interfaces__rosidl_typesupport_introspection_c__pyext.dir/rosidl_generator_py/sandevistan_kinematics_interfaces/_sandevistan_kinematics_interfaces_s.ep.rosidl_typesupport_introspection_c.c.o[0m
[5.024s] [ 92%] [32mBuilding C object CMakeFiles/sandevistan_kinematics_interfaces__rosidl_typesupport_fastrtps_c__pyext.dir/rosidl_generator_py/sandevistan_kinematics_interfaces/_sandevistan_kinematics_interfaces_s.ep.rosidl_typesupport_fastrtps_c.c.o[0m
[5.124s] [ 94%] [32m[1mLinking C shared library rosidl_generator_py/sandevistan_kinematics_interfaces/sandevistan_kinematics_interfaces_s__rosidl_typesupport_c.cpython-38-x86_64-linux-gnu.so[0m
[5.129s] [ 97%] [32m[1mLinking C shared library rosidl_generator_py/sandevistan_kinematics_interfaces/sandevistan_kinematics_interfaces_s__rosidl_typesupport_introspection_c.cpython-38-x86_64-linux-gnu.so[0m
[5.134s] [100%] [32m[1mLinking CXX shared library rosidl_generator_py/sandevistan_kinematics_interfaces/sandevistan_kinematics_interfaces_s__rosidl_typesupport_fastrtps_c.cpython-38-x86_64-linux-gnu.so[0m
[5.182s] [100%] Built target sandevistan_kinematics_interfaces__rosidl_typesupport_c__pyext
[5.191s] [100%] Built target sandevistan_kinematics_interfaces__rosidl_typesupport_introspection_c__pyext
[5.228s] [100%] Built target sandevistan_kinematics_interfaces__rosidl_typesupport_fastrtps_c__pyext
[5.239s] Invoked command in '/home/omzlette/gitRos/LAB2/build/sandevistan_kinematics_interfaces' returned '0': CMAKE_PREFIX_PATH=${CMAKE_PREFIX_PATH}:/opt/ros/foxy /usr/bin/cmake --build /home/omzlette/gitRos/LAB2/build/sandevistan_kinematics_interfaces -- -j12 -l12
[5.306s] Invoking command in '/home/omzlette/gitRos/LAB2/build/sandevistan_kinematics_interfaces': CMAKE_PREFIX_PATH=${CMAKE_PREFIX_PATH}:/opt/ros/foxy /usr/bin/cmake --install /home/omzlette/gitRos/LAB2/build/sandevistan_kinematics_interfaces
[5.319s] -- Install configuration: ""
[5.319s] -- Execute custom install script
[5.320s] -- Up-to-date symlink: /home/omzlette/gitRos/LAB2/install/sandevistan_kinematics_interfaces/share/ament_index/resource_index/rosidl_interfaces/sandevistan_kinematics_interfaces
[5.320s] -- Up-to-date symlink: /home/omzlette/gitRos/LAB2/install/sandevistan_kinematics_interfaces/include/sandevistan_kinematics_interfaces/msg/rosidl_generator_c__visibility_control.h
[5.321s] -- Up-to-date symlink: /home/omzlette/gitRos/LAB2/install/sandevistan_kinematics_interfaces/include/sandevistan_kinematics_interfaces/srv/detail/get_position__functions.h
[5.321s] -- Up-to-date symlink: /home/omzlette/gitRos/LAB2/install/sandevistan_kinematics_interfaces/include/sandevistan_kinematics_interfaces/srv/detail/get_position__struct.h
[5.321s] -- Up-to-date symlink: /home/omzlette/gitRos/LAB2/install/sandevistan_kinematics_interfaces/include/sandevistan_kinematics_interfaces/srv/detail/get_position__type_support.h
[5.321s] -- Up-to-date symlink: /home/omzlette/gitRos/LAB2/install/sandevistan_kinematics_interfaces/include/sandevistan_kinematics_interfaces/srv/detail/solve_ik__functions.h
[5.321s] -- Up-to-date symlink: /home/omzlette/gitRos/LAB2/install/sandevistan_kinematics_interfaces/include/sandevistan_kinematics_interfaces/srv/detail/solve_ik__struct.h
[5.321s] -- Up-to-date symlink: /home/omzlette/gitRos/LAB2/install/sandevistan_kinematics_interfaces/include/sandevistan_kinematics_interfaces/srv/detail/solve_ik__type_support.h
[5.322s] -- Up-to-date symlink: /home/omzlette/gitRos/LAB2/install/sandevistan_kinematics_interfaces/include/sandevistan_kinematics_interfaces/srv/get_position.h
[5.322s] -- Up-to-date symlink: /home/omzlette/gitRos/LAB2/install/sandevistan_kinematics_interfaces/include/sandevistan_kinematics_interfaces/srv/solve_ik.h
[5.322s] -- Up-to-date symlink: /home/omzlette/gitRos/LAB2/install/sandevistan_kinematics_interfaces/share/sandevistan_kinematics_interfaces/environment/library_path.sh
[5.322s] -- Up-to-date symlink: /home/omzlette/gitRos/LAB2/install/sandevistan_kinematics_interfaces/share/sandevistan_kinematics_interfaces/environment/library_path.dsv
[5.323s] -- Up-to-date symlink: /home/omzlette/gitRos/LAB2/install/sandevistan_kinematics_interfaces/include/sandevistan_kinematics_interfaces/msg/rosidl_typesupport_fastrtps_c__visibility_control.h
[5.324s] -- Up-to-date symlink: /home/omzlette/gitRos/LAB2/install/sandevistan_kinematics_interfaces/include/sandevistan_kinematics_interfaces/srv/detail/get_position__rosidl_typesupport_fastrtps_c.h
[5.324s] -- Up-to-date symlink: /home/omzlette/gitRos/LAB2/install/sandevistan_kinematics_interfaces/include/sandevistan_kinematics_interfaces/srv/detail/solve_ik__rosidl_typesupport_fastrtps_c.h
[5.324s] -- Up-to-date symlink: /home/omzlette/gitRos/LAB2/install/sandevistan_kinematics_interfaces/lib/libsandevistan_kinematics_interfaces__rosidl_typesupport_fastrtps_c.so
[5.325s] -- Up-to-date symlink: /home/omzlette/gitRos/LAB2/install/sandevistan_kinematics_interfaces/include/sandevistan_kinematics_interfaces/msg/rosidl_typesupport_fastrtps_cpp__visibility_control.h
[5.325s] -- Up-to-date symlink: /home/omzlette/gitRos/LAB2/install/sandevistan_kinematics_interfaces/include/sandevistan_kinematics_interfaces/srv/detail/get_position__rosidl_typesupport_fastrtps_cpp.hpp
[5.325s] -- Up-to-date symlink: /home/omzlette/gitRos/LAB2/install/sandevistan_kinematics_interfaces/include/sandevistan_kinematics_interfaces/srv/detail/solve_ik__rosidl_typesupport_fastrtps_cpp.hpp
[5.326s] -- Up-to-date symlink: /home/omzlette/gitRos/LAB2/install/sandevistan_kinematics_interfaces/lib/libsandevistan_kinematics_interfaces__rosidl_typesupport_fastrtps_cpp.so
[5.326s] -- Up-to-date symlink: /home/omzlette/gitRos/LAB2/install/sandevistan_kinematics_interfaces/include/sandevistan_kinematics_interfaces/msg/rosidl_typesupport_introspection_c__visibility_control.h
[5.326s] -- Up-to-date symlink: /home/omzlette/gitRos/LAB2/install/sandevistan_kinematics_interfaces/include/sandevistan_kinematics_interfaces/srv/detail/get_position__rosidl_typesupport_introspection_c.h
[5.327s] -- Up-to-date symlink: /home/omzlette/gitRos/LAB2/install/sandevistan_kinematics_interfaces/include/sandevistan_kinematics_interfaces/srv/detail/solve_ik__rosidl_typesupport_introspection_c.h
[5.327s] -- Up-to-date symlink: /home/omzlette/gitRos/LAB2/install/sandevistan_kinematics_interfaces/include/sandevistan_kinematics_interfaces/srv/detail/get_position__builder.hpp
[5.327s] -- Up-to-date symlink: /home/omzlette/gitRos/LAB2/install/sandevistan_kinematics_interfaces/include/sandevistan_kinematics_interfaces/srv/detail/get_position__struct.hpp
[5.328s] -- Up-to-date symlink: /home/omzlette/gitRos/LAB2/install/sandevistan_kinematics_interfaces/include/sandevistan_kinematics_interfaces/srv/detail/get_position__traits.hpp
[5.328s] -- Up-to-date symlink: /home/omzlette/gitRos/LAB2/install/sandevistan_kinematics_interfaces/include/sandevistan_kinematics_interfaces/srv/detail/solve_ik__builder.hpp
[5.328s] -- Up-to-date symlink: /home/omzlette/gitRos/LAB2/install/sandevistan_kinematics_interfaces/include/sandevistan_kinematics_interfaces/srv/detail/solve_ik__struct.hpp
[5.328s] -- Up-to-date symlink: /home/omzlette/gitRos/LAB2/install/sandevistan_kinematics_interfaces/include/sandevistan_kinematics_interfaces/srv/detail/solve_ik__traits.hpp
[5.329s] -- Up-to-date symlink: /home/omzlette/gitRos/LAB2/install/sandevistan_kinematics_interfaces/include/sandevistan_kinematics_interfaces/srv/get_position.hpp
[5.329s] -- Up-to-date symlink: /home/omzlette/gitRos/LAB2/install/sandevistan_kinematics_interfaces/include/sandevistan_kinematics_interfaces/srv/solve_ik.hpp
[5.330s] -- Up-to-date symlink: /home/omzlette/gitRos/LAB2/install/sandevistan_kinematics_interfaces/include/sandevistan_kinematics_interfaces/srv/detail/get_position__rosidl_typesupport_introspection_cpp.hpp
[5.330s] -- Up-to-date symlink: /home/omzlette/gitRos/LAB2/install/sandevistan_kinematics_interfaces/include/sandevistan_kinematics_interfaces/srv/detail/solve_ik__rosidl_typesupport_introspection_cpp.hpp
[5.330s] -- Up-to-date symlink: /home/omzlette/gitRos/LAB2/install/sandevistan_kinematics_interfaces/share/sandevistan_kinematics_interfaces/environment/pythonpath.sh
[5.331s] -- Up-to-date symlink: /home/omzlette/gitRos/LAB2/install/sandevistan_kinematics_interfaces/share/sandevistan_kinematics_interfaces/environment/pythonpath.dsv
[5.331s] -- Up-to-date symlink: /home/omzlette/gitRos/LAB2/install/sandevistan_kinematics_interfaces/lib/python3.8/site-packages/sandevistan_kinematics_interfaces/__init__.py
[5.332s] -- Up-to-date symlink: /home/omzlette/gitRos/LAB2/install/sandevistan_kinematics_interfaces/lib/python3.8/site-packages/sandevistan_kinematics_interfaces/srv/__init__.py
[5.332s] -- Up-to-date symlink: /home/omzlette/gitRos/LAB2/install/sandevistan_kinematics_interfaces/lib/python3.8/site-packages/sandevistan_kinematics_interfaces/srv/_get_position.py
[5.332s] -- Up-to-date symlink: /home/omzlette/gitRos/LAB2/install/sandevistan_kinematics_interfaces/lib/python3.8/site-packages/sandevistan_kinematics_interfaces/srv/_solve_ik.py
[5.334s] -- Up-to-date symlink: /home/omzlette/gitRos/LAB2/install/sandevistan_kinematics_interfaces/lib/python3.8/site-packages/sandevistan_kinematics_interfaces/sandevistan_kinematics_interfaces_s__rosidl_typesupport_fastrtps_c.cpython-38-x86_64-linux-gnu.so
[5.335s] -- Up-to-date symlink: /home/omzlette/gitRos/LAB2/install/sandevistan_kinematics_interfaces/lib/python3.8/site-packages/sandevistan_kinematics_interfaces/sandevistan_kinematics_interfaces_s__rosidl_typesupport_introspection_c.cpython-38-x86_64-linux-gnu.so
[5.335s] -- Up-to-date symlink: /home/omzlette/gitRos/LAB2/install/sandevistan_kinematics_interfaces/lib/python3.8/site-packages/sandevistan_kinematics_interfaces/sandevistan_kinematics_interfaces_s__rosidl_typesupport_c.cpython-38-x86_64-linux-gnu.so
[5.335s] -- Up-to-date symlink: /home/omzlette/gitRos/LAB2/install/sandevistan_kinematics_interfaces/lib/libsandevistan_kinematics_interfaces__python.so
[5.335s] -- Up-to-date symlink: /home/omzlette/gitRos/LAB2/install/sandevistan_kinematics_interfaces/share/sandevistan_kinematics_interfaces/srv/SolveIK.idl
[5.336s] -- Up-to-date symlink: /home/omzlette/gitRos/LAB2/install/sandevistan_kinematics_interfaces/share/sandevistan_kinematics_interfaces/srv/GetPosition.idl
[5.336s] -- Up-to-date symlink: /home/omzlette/gitRos/LAB2/install/sandevistan_kinematics_interfaces/share/sandevistan_kinematics_interfaces/srv/SolveIK.srv
[5.337s] -- Up-to-date symlink: /home/omzlette/gitRos/LAB2/install/sandevistan_kinematics_interfaces/share/sandevistan_kinematics_interfaces/srv/SolveIK_Request.msg
[5.338s] -- Up-to-date symlink: /home/omzlette/gitRos/LAB2/install/sandevistan_kinematics_interfaces/share/sandevistan_kinematics_interfaces/srv/SolveIK_Response.msg
[5.338s] -- Up-to-date symlink: /home/omzlette/gitRos/LAB2/install/sandevistan_kinematics_interfaces/share/sandevistan_kinematics_interfaces/srv/GetPosition.srv
[5.338s] -- Up-to-date symlink: /home/omzlette/gitRos/LAB2/install/sandevistan_kinematics_interfaces/share/sandevistan_kinematics_interfaces/srv/GetPosition_Request.msg
[5.339s] -- Up-to-date symlink: /home/omzlette/gitRos/LAB2/install/sandevistan_kinematics_interfaces/share/sandevistan_kinematics_interfaces/srv/GetPosition_Response.msg
[5.339s] -- Up-to-date symlink: /home/omzlette/gitRos/LAB2/install/sandevistan_kinematics_interfaces/share/ament_index/resource_index/package_run_dependencies/sandevistan_kinematics_interfaces
[5.339s] -- Up-to-date symlink: /home/omzlette/gitRos/LAB2/install/sandevistan_kinematics_interfaces/share/ament_index/resource_index/parent_prefix_path/sandevistan_kinematics_interfaces
[5.339s] -- Up-to-date symlink: /home/omzlette/gitRos/LAB2/install/sandevistan_kinematics_interfaces/share/sandevistan_kinematics_interfaces/environment/ament_prefix_path.sh
[5.340s] -- Up-to-date symlink: /home/omzlette/gitRos/LAB2/install/sandevistan_kinematics_interfaces/share/sandevistan_kinematics_interfaces/environment/ament_prefix_path.dsv
[5.340s] -- Up-to-date symlink: /home/omzlette/gitRos/LAB2/install/sandevistan_kinematics_interfaces/share/sandevistan_kinematics_interfaces/environment/path.sh
[5.341s] -- Up-to-date symlink: /home/omzlette/gitRos/LAB2/install/sandevistan_kinematics_interfaces/share/sandevistan_kinematics_interfaces/environment/path.dsv
[5.341s] -- Up-to-date symlink: /home/omzlette/gitRos/LAB2/install/sandevistan_kinematics_interfaces/share/sandevistan_kinematics_interfaces/local_setup.bash
[5.341s] -- Up-to-date symlink: /home/omzlette/gitRos/LAB2/install/sandevistan_kinematics_interfaces/share/sandevistan_kinematics_interfaces/local_setup.sh
[5.342s] -- Up-to-date symlink: /home/omzlette/gitRos/LAB2/install/sandevistan_kinematics_interfaces/share/sandevistan_kinematics_interfaces/local_setup.zsh
[5.342s] -- Up-to-date symlink: /home/omzlette/gitRos/LAB2/install/sandevistan_kinematics_interfaces/share/sandevistan_kinematics_interfaces/local_setup.dsv
[5.342s] -- Symlinking: /home/omzlette/gitRos/LAB2/install/sandevistan_kinematics_interfaces/share/sandevistan_kinematics_interfaces/package.dsv
[5.356s] -- Up-to-date symlink: /home/omzlette/gitRos/LAB2/install/sandevistan_kinematics_interfaces/share/ament_index/resource_index/packages/sandevistan_kinematics_interfaces
[5.356s] -- Up-to-date symlink: /home/omzlette/gitRos/LAB2/install/sandevistan_kinematics_interfaces/share/sandevistan_kinematics_interfaces/cmake/rosidl_cmake-extras.cmake
[5.356s] -- Up-to-date symlink: /home/omzlette/gitRos/LAB2/install/sandevistan_kinematics_interfaces/share/sandevistan_kinematics_interfaces/cmake/ament_cmake_export_dependencies-extras.cmake
[5.356s] -- Up-to-date symlink: /home/omzlette/gitRos/LAB2/install/sandevistan_kinematics_interfaces/share/sandevistan_kinematics_interfaces/cmake/ament_cmake_export_libraries-extras.cmake
[5.357s] -- Up-to-date symlink: /home/omzlette/gitRos/LAB2/install/sandevistan_kinematics_interfaces/share/sandevistan_kinematics_interfaces/cmake/ament_cmake_export_targets-extras.cmake
[5.357s] -- Up-to-date symlink: /home/omzlette/gitRos/LAB2/install/sandevistan_kinematics_interfaces/share/sandevistan_kinematics_interfaces/cmake/ament_cmake_export_include_directories-extras.cmake
[5.358s] -- Up-to-date symlink: /home/omzlette/gitRos/LAB2/install/sandevistan_kinematics_interfaces/share/sandevistan_kinematics_interfaces/cmake/rosidl_cmake_export_typesupport_libraries-extras.cmake
[5.358s] -- Up-to-date symlink: /home/omzlette/gitRos/LAB2/install/sandevistan_kinematics_interfaces/share/sandevistan_kinematics_interfaces/cmake/rosidl_cmake_export_typesupport_targets-extras.cmake
[5.358s] -- Up-to-date symlink: /home/omzlette/gitRos/LAB2/install/sandevistan_kinematics_interfaces/share/sandevistan_kinematics_interfaces/cmake/sandevistan_kinematics_interfacesConfig.cmake
[5.359s] -- Up-to-date symlink: /home/omzlette/gitRos/LAB2/install/sandevistan_kinematics_interfaces/share/sandevistan_kinematics_interfaces/cmake/sandevistan_kinematics_interfacesConfig-version.cmake
[5.359s] -- Up-to-date symlink: /home/omzlette/gitRos/LAB2/install/sandevistan_kinematics_interfaces/share/sandevistan_kinematics_interfaces/package.xml
[5.359s] -- Installing: /home/omzlette/gitRos/LAB2/install/sandevistan_kinematics_interfaces/lib/libsandevistan_kinematics_interfaces__rosidl_generator_c.so
[5.360s] -- Set runtime path of "/home/omzlette/gitRos/LAB2/install/sandevistan_kinematics_interfaces/lib/libsandevistan_kinematics_interfaces__rosidl_generator_c.so" to ""
[5.360s] -- Installing: /home/omzlette/gitRos/LAB2/install/sandevistan_kinematics_interfaces/lib/libsandevistan_kinematics_interfaces__rosidl_typesupport_introspection_c.so
[5.360s] -- Set runtime path of "/home/omzlette/gitRos/LAB2/install/sandevistan_kinematics_interfaces/lib/libsandevistan_kinematics_interfaces__rosidl_typesupport_introspection_c.so" to ""
[5.361s] -- Installing: /home/omzlette/gitRos/LAB2/install/sandevistan_kinematics_interfaces/lib/libsandevistan_kinematics_interfaces__rosidl_typesupport_c.so
[5.361s] -- Set runtime path of "/home/omzlette/gitRos/LAB2/install/sandevistan_kinematics_interfaces/lib/libsandevistan_kinematics_interfaces__rosidl_typesupport_c.so" to ""
[5.361s] -- Installing: /home/omzlette/gitRos/LAB2/install/sandevistan_kinematics_interfaces/lib/libsandevistan_kinematics_interfaces__rosidl_typesupport_introspection_cpp.so
[5.362s] -- Set runtime path of "/home/omzlette/gitRos/LAB2/install/sandevistan_kinematics_interfaces/lib/libsandevistan_kinematics_interfaces__rosidl_typesupport_introspection_cpp.so" to ""
[5.362s] -- Installing: /home/omzlette/gitRos/LAB2/install/sandevistan_kinematics_interfaces/lib/libsandevistan_kinematics_interfaces__rosidl_typesupport_cpp.so
[5.362s] -- Set runtime path of "/home/omzlette/gitRos/LAB2/install/sandevistan_kinematics_interfaces/lib/libsandevistan_kinematics_interfaces__rosidl_typesupport_cpp.so" to ""
[5.405s] Compiling '/home/omzlette/gitRos/LAB2/install/sandevistan_kinematics_interfaces/lib/python3.8/site-packages/sandevistan_kinematics_interfaces/__init__.py'...
[5.409s] -- Up-to-date: /home/omzlette/gitRos/LAB2/install/sandevistan_kinematics_interfaces/share/sandevistan_kinematics_interfaces/cmake/sandevistan_kinematics_interfaces__rosidl_generator_cExport.cmake
[5.409s] -- Installing: /home/omzlette/gitRos/LAB2/install/sandevistan_kinematics_interfaces/share/sandevistan_kinematics_interfaces/cmake/sandevistan_kinematics_interfaces__rosidl_generator_cExport-noconfig.cmake
[5.410s] -- Up-to-date: /home/omzlette/gitRos/LAB2/install/sandevistan_kinematics_interfaces/share/sandevistan_kinematics_interfaces/cmake/sandevistan_kinematics_interfaces__rosidl_typesupport_introspection_cExport.cmake
[5.410s] -- Installing: /home/omzlette/gitRos/LAB2/install/sandevistan_kinematics_interfaces/share/sandevistan_kinematics_interfaces/cmake/sandevistan_kinematics_interfaces__rosidl_typesupport_introspection_cExport-noconfig.cmake
[5.410s] -- Up-to-date: /home/omzlette/gitRos/LAB2/install/sandevistan_kinematics_interfaces/share/sandevistan_kinematics_interfaces/cmake/sandevistan_kinematics_interfaces__rosidl_typesupport_cExport.cmake
[5.410s] -- Installing: /home/omzlette/gitRos/LAB2/install/sandevistan_kinematics_interfaces/share/sandevistan_kinematics_interfaces/cmake/sandevistan_kinematics_interfaces__rosidl_typesupport_cExport-noconfig.cmake
[5.411s] -- Up-to-date: /home/omzlette/gitRos/LAB2/install/sandevistan_kinematics_interfaces/share/sandevistan_kinematics_interfaces/cmake/sandevistan_kinematics_interfaces__rosidl_generator_cppExport.cmake
[5.411s] -- Up-to-date: /home/omzlette/gitRos/LAB2/install/sandevistan_kinematics_interfaces/share/sandevistan_kinematics_interfaces/cmake/sandevistan_kinematics_interfaces__rosidl_typesupport_introspection_cppExport.cmake
[5.411s] -- Installing: /home/omzlette/gitRos/LAB2/install/sandevistan_kinematics_interfaces/share/sandevistan_kinematics_interfaces/cmake/sandevistan_kinematics_interfaces__rosidl_typesupport_introspection_cppExport-noconfig.cmake
[5.412s] -- Up-to-date: /home/omzlette/gitRos/LAB2/install/sandevistan_kinematics_interfaces/share/sandevistan_kinematics_interfaces/cmake/sandevistan_kinematics_interfaces__rosidl_typesupport_cppExport.cmake
[5.412s] -- Installing: /home/omzlette/gitRos/LAB2/install/sandevistan_kinematics_interfaces/share/sandevistan_kinematics_interfaces/cmake/sandevistan_kinematics_interfaces__rosidl_typesupport_cppExport-noconfig.cmake
[5.420s] Invoked command in '/home/omzlette/gitRos/LAB2/build/sandevistan_kinematics_interfaces' returned '0': CMAKE_PREFIX_PATH=${CMAKE_PREFIX_PATH}:/opt/ros/foxy /usr/bin/cmake --install /home/omzlette/gitRos/LAB2/build/sandevistan_kinematics_interfaces
