-- Install configuration: ""
-- Execute custom install script
-- Up-to-date symlink: /home/omzlette/gitRos/LAB1_WS/install/fra333_lab1_29/share/fra333_lab1_29/environment/pythonpath.sh
-- Up-to-date symlink: /home/omzlette/gitRos/LAB1_WS/install/fra333_lab1_29/share/fra333_lab1_29/environment/pythonpath.dsv
-- Up-to-date symlink: /home/omzlette/gitRos/LAB1_WS/install/fra333_lab1_29/lib/python3.8/site-packages/fra333_lab1_29/__init__.py
-- Up-to-date symlink: /home/omzlette/gitRos/LAB1_WS/install/fra333_lab1_29/share/ament_index/resource_index/package_run_dependencies/fra333_lab1_29
-- Up-to-date symlink: /home/omzlette/gitRos/LAB1_WS/install/fra333_lab1_29/share/ament_index/resource_index/parent_prefix_path/fra333_lab1_29
-- Up-to-date symlink: /home/omzlette/gitRos/LAB1_WS/install/fra333_lab1_29/share/fra333_lab1_29/environment/ament_prefix_path.sh
-- Up-to-date symlink: /home/omzlette/gitRos/LAB1_WS/install/fra333_lab1_29/share/fra333_lab1_29/environment/ament_prefix_path.dsv
-- Up-to-date symlink: /home/omzlette/gitRos/LAB1_WS/install/fra333_lab1_29/share/fra333_lab1_29/environment/path.sh
-- Up-to-date symlink: /home/omzlette/gitRos/LAB1_WS/install/fra333_lab1_29/share/fra333_lab1_29/environment/path.dsv
-- Up-to-date symlink: /home/omzlette/gitRos/LAB1_WS/install/fra333_lab1_29/share/fra333_lab1_29/local_setup.bash
-- Up-to-date symlink: /home/omzlette/gitRos/LAB1_WS/install/fra333_lab1_29/share/fra333_lab1_29/local_setup.sh
-- Up-to-date symlink: /home/omzlette/gitRos/LAB1_WS/install/fra333_lab1_29/share/fra333_lab1_29/local_setup.zsh
-- Up-to-date symlink: /home/omzlette/gitRos/LAB1_WS/install/fra333_lab1_29/share/fra333_lab1_29/local_setup.dsv
-- Symlinking: /home/omzlette/gitRos/LAB1_WS/install/fra333_lab1_29/share/fra333_lab1_29/package.dsv
-- Up-to-date symlink: /home/omzlette/gitRos/LAB1_WS/install/fra333_lab1_29/share/ament_index/resource_index/packages/fra333_lab1_29
-- Up-to-date symlink: /home/omzlette/gitRos/LAB1_WS/install/fra333_lab1_29/share/fra333_lab1_29/cmake/fra333_lab1_29Config.cmake
-- Up-to-date symlink: /home/omzlette/gitRos/LAB1_WS/install/fra333_lab1_29/share/fra333_lab1_29/cmake/fra333_lab1_29Config-version.cmake
-- Up-to-date symlink: /home/omzlette/gitRos/LAB1_WS/install/fra333_lab1_29/share/fra333_lab1_29/package.xml
Listing '/home/omzlette/gitRos/LAB1_WS/install/fra333_lab1_29/lib/python3.8/site-packages/fra333_lab1_29'...
