[0.023s] Invoking command in '/home/omzlette/gitRos/LAB1_WS/build/fra333_lab1_29': CMAKE_PREFIX_PATH=${CMAKE_PREFIX_PATH}:/opt/ros/foxy /usr/bin/cmake --build /home/omzlette/gitRos/LAB1_WS/build/fra333_lab1_29 -- -j12 -l12
[0.050s] Invoked command in '/home/omzlette/gitRos/LAB1_WS/build/fra333_lab1_29' returned '0': CMAKE_PREFIX_PATH=${CMAKE_PREFIX_PATH}:/opt/ros/foxy /usr/bin/cmake --build /home/omzlette/gitRos/LAB1_WS/build/fra333_lab1_29 -- -j12 -l12
[0.073s] Invoking command in '/home/omzlette/gitRos/LAB1_WS/build/fra333_lab1_29': CMAKE_PREFIX_PATH=${CMAKE_PREFIX_PATH}:/opt/ros/foxy /usr/bin/cmake --install /home/omzlette/gitRos/LAB1_WS/build/fra333_lab1_29
[0.079s] -- Install configuration: ""
[0.079s] -- Execute custom install script
[0.079s] -- Up-to-date symlink: /home/omzlette/gitRos/LAB1_WS/install/fra333_lab1_29/share/fra333_lab1_29/environment/pythonpath.sh
[0.079s] -- Up-to-date symlink: /home/omzlette/gitRos/LAB1_WS/install/fra333_lab1_29/share/fra333_lab1_29/environment/pythonpath.dsv
[0.080s] -- Up-to-date symlink: /home/omzlette/gitRos/LAB1_WS/install/fra333_lab1_29/lib/python3.8/site-packages/fra333_lab1_29/__init__.py
[0.080s] -- Up-to-date symlink: /home/omzlette/gitRos/LAB1_WS/install/fra333_lab1_29/share/ament_index/resource_index/package_run_dependencies/fra333_lab1_29
[0.080s] -- Up-to-date symlink: /home/omzlette/gitRos/LAB1_WS/install/fra333_lab1_29/share/ament_index/resource_index/parent_prefix_path/fra333_lab1_29
[0.081s] -- Up-to-date symlink: /home/omzlette/gitRos/LAB1_WS/install/fra333_lab1_29/share/fra333_lab1_29/environment/ament_prefix_path.sh
[0.081s] -- Up-to-date symlink: /home/omzlette/gitRos/LAB1_WS/install/fra333_lab1_29/share/fra333_lab1_29/environment/ament_prefix_path.dsv
[0.081s] -- Up-to-date symlink: /home/omzlette/gitRos/LAB1_WS/install/fra333_lab1_29/share/fra333_lab1_29/environment/path.sh
[0.081s] -- Up-to-date symlink: /home/omzlette/gitRos/LAB1_WS/install/fra333_lab1_29/share/fra333_lab1_29/environment/path.dsv
[0.082s] -- Up-to-date symlink: /home/omzlette/gitRos/LAB1_WS/install/fra333_lab1_29/share/fra333_lab1_29/local_setup.bash
[0.082s] -- Up-to-date symlink: /home/omzlette/gitRos/LAB1_WS/install/fra333_lab1_29/share/fra333_lab1_29/local_setup.sh
[0.082s] -- Up-to-date symlink: /home/omzlette/gitRos/LAB1_WS/install/fra333_lab1_29/share/fra333_lab1_29/local_setup.zsh
[0.082s] -- Up-to-date symlink: /home/omzlette/gitRos/LAB1_WS/install/fra333_lab1_29/share/fra333_lab1_29/local_setup.dsv
[0.082s] -- Symlinking: /home/omzlette/gitRos/LAB1_WS/install/fra333_lab1_29/share/fra333_lab1_29/package.dsv
[0.088s] -- Up-to-date symlink: /home/omzlette/gitRos/LAB1_WS/install/fra333_lab1_29/share/ament_index/resource_index/packages/fra333_lab1_29
[0.089s] -- Up-to-date symlink: /home/omzlette/gitRos/LAB1_WS/install/fra333_lab1_29/share/fra333_lab1_29/cmake/fra333_lab1_29Config.cmake
[0.089s] -- Up-to-date symlink: /home/omzlette/gitRos/LAB1_WS/install/fra333_lab1_29/share/fra333_lab1_29/cmake/fra333_lab1_29Config-version.cmake
[0.089s] -- Up-to-date symlink: /home/omzlette/gitRos/LAB1_WS/install/fra333_lab1_29/share/fra333_lab1_29/package.xml
[0.110s] Listing '/home/omzlette/gitRos/LAB1_WS/install/fra333_lab1_29/lib/python3.8/site-packages/fra333_lab1_29'...
[0.115s] Invoked command in '/home/omzlette/gitRos/LAB1_WS/build/fra333_lab1_29' returned '0': CMAKE_PREFIX_PATH=${CMAKE_PREFIX_PATH}:/opt/ros/foxy /usr/bin/cmake --install /home/omzlette/gitRos/LAB1_WS/build/fra333_lab1_29
