[0.049s] Invoking command in '/home/valdeus1151/Y3T1/FRA333_LAB_HW/LAB4/build/doppelt_description': CMAKE_PREFIX_PATH=${CMAKE_PREFIX_PATH}:/opt/ros/foxy /usr/bin/cmake /home/valdeus1151/Y3T1/FRA333_LAB_HW/LAB4/src/lab4_29/doppelt_description -DAMENT_CMAKE_SYMLINK_INSTALL=1 -DCMAKE_INSTALL_PREFIX=/home/valdeus1151/Y3T1/FRA333_LAB_HW/LAB4/install/doppelt_description
[0.204s] -- The C compiler identification is GNU 9.4.0
[0.332s] -- The CXX compiler identification is GNU 9.4.0
[0.341s] -- Check for working C compiler: /usr/bin/cc
[0.438s] -- Check for working C compiler: /usr/bin/cc -- works
[0.440s] -- Detecting C compiler ABI info
[0.546s] -- Detecting C compiler ABI info - done
[0.570s] -- Detecting C compile features
[0.571s] -- Detecting C compile features - done
[0.577s] -- Check for working CXX compiler: /usr/bin/c++
[0.704s] -- Check for working CXX compiler: /usr/bin/c++ -- works
[0.705s] -- Detecting CXX compiler ABI info
[0.832s] -- Detecting CXX compiler ABI info - done
[0.856s] -- Detecting CXX compile features
[0.856s] -- Detecting CXX compile features - done
[0.859s] -- Found rosidl_default_generators: 1.0.1 (/opt/ros/foxy/share/rosidl_default_generators/cmake)
[0.861s] -- Found ament_cmake_core: 0.9.11 (/opt/ros/foxy/share/ament_cmake_core/cmake)
[0.892s] -- Found PythonInterp: /usr/bin/python3 (found suitable version "3.8.10", minimum required is "3") 
[0.892s] -- Using PYTHON_EXECUTABLE: /usr/bin/python3
[1.183s] -- Override CMake install command with custom implementation using symlinks instead of copying resources
[1.189s] -- Using all available rosidl_typesupport_c: rosidl_typesupport_fastrtps_c;rosidl_typesupport_introspection_c
[1.204s] -- Found rosidl_adapter: 1.3.0 (/opt/ros/foxy/share/rosidl_adapter/cmake)
[1.436s] -- Found OpenSSL: /usr/lib/x86_64-linux-gnu/libcrypto.so (found version "1.1.1f")  
[1.480s] -- Found FastRTPS: /opt/ros/foxy/include  
[1.634s] -- Using all available rosidl_typesupport_cpp: rosidl_typesupport_fastrtps_cpp;rosidl_typesupport_introspection_cpp
[1.686s] -- Found rclcpp: 2.4.2 (/opt/ros/foxy/share/rclcpp/cmake)
[1.799s] -- Found rmw_implementation_cmake: 1.0.3 (/opt/ros/foxy/share/rmw_implementation_cmake/cmake)
[1.803s] -- Using RMW implementation 'rmw_fastrtps_cpp' as default
[1.805s] -- Looking for pthread.h
[1.924s] -- Looking for pthread.h - found
[1.924s] -- Performing Test CMAKE_HAVE_LIBC_PTHREAD
[2.042s] -- Performing Test CMAKE_HAVE_LIBC_PTHREAD - Failed
[2.042s] -- Looking for pthread_create in pthreads
[2.130s] -- Looking for pthread_create in pthreads - not found
[2.130s] -- Looking for pthread_create in pthread
[2.242s] -- Looking for pthread_create in pthread - found
[2.244s] -- Found Threads: TRUE  
[2.506s] -- Found rclpy: 1.0.11 (/opt/ros/foxy/share/rclpy/cmake)
[2.653s] -- Configuring done
[2.656s] -- Generating done
[2.658s] -- Build files have been written to: /home/valdeus1151/Y3T1/FRA333_LAB_HW/LAB4/build/doppelt_description
[2.670s] Invoked command in '/home/valdeus1151/Y3T1/FRA333_LAB_HW/LAB4/build/doppelt_description' returned '0': CMAKE_PREFIX_PATH=${CMAKE_PREFIX_PATH}:/opt/ros/foxy /usr/bin/cmake /home/valdeus1151/Y3T1/FRA333_LAB_HW/LAB4/src/lab4_29/doppelt_description -DAMENT_CMAKE_SYMLINK_INSTALL=1 -DCMAKE_INSTALL_PREFIX=/home/valdeus1151/Y3T1/FRA333_LAB_HW/LAB4/install/doppelt_description
[2.676s] Invoking command in '/home/valdeus1151/Y3T1/FRA333_LAB_HW/LAB4/build/doppelt_description': CMAKE_PREFIX_PATH=${CMAKE_PREFIX_PATH}:/opt/ros/foxy /usr/bin/cmake --build /home/valdeus1151/Y3T1/FRA333_LAB_HW/LAB4/build/doppelt_description -- -j12 -l12
[2.738s] Invoked command in '/home/valdeus1151/Y3T1/FRA333_LAB_HW/LAB4/build/doppelt_description' returned '0': CMAKE_PREFIX_PATH=${CMAKE_PREFIX_PATH}:/opt/ros/foxy /usr/bin/cmake --build /home/valdeus1151/Y3T1/FRA333_LAB_HW/LAB4/build/doppelt_description -- -j12 -l12
[2.792s] Invoking command in '/home/valdeus1151/Y3T1/FRA333_LAB_HW/LAB4/build/doppelt_description': CMAKE_PREFIX_PATH=${CMAKE_PREFIX_PATH}:/opt/ros/foxy /usr/bin/cmake --install /home/valdeus1151/Y3T1/FRA333_LAB_HW/LAB4/build/doppelt_description
[2.804s] -- Install configuration: ""
[2.804s] -- Execute custom install script
[2.805s] -- Symlinking: /home/valdeus1151/Y3T1/FRA333_LAB_HW/LAB4/install/doppelt_description/share/doppelt_description/environment/pythonpath.sh
[2.819s] -- Symlinking: /home/valdeus1151/Y3T1/FRA333_LAB_HW/LAB4/install/doppelt_description/share/doppelt_description/environment/pythonpath.dsv
[2.840s] -- Symlinking: /home/valdeus1151/Y3T1/FRA333_LAB_HW/LAB4/install/doppelt_description/lib/python3.8/site-packages/doppelt_description/__init__.py
[2.854s] -- Symlinking: /home/valdeus1151/Y3T1/FRA333_LAB_HW/LAB4/install/doppelt_description/share/doppelt_description/config/doppelt_controllers.yaml
[2.866s] -- Symlinking: /home/valdeus1151/Y3T1/FRA333_LAB_HW/LAB4/install/doppelt_description/share/doppelt_description/config/doppelt_description.rviz
[2.879s] -- Symlinking: /home/valdeus1151/Y3T1/FRA333_LAB_HW/LAB4/install/doppelt_description/share/doppelt_description/launch/doppelt_desc.launch.py
[2.898s] -- Symlinking: /home/valdeus1151/Y3T1/FRA333_LAB_HW/LAB4/install/doppelt_description/share/doppelt_description/meshes/link_0.stl
[2.912s] -- Symlinking: /home/valdeus1151/Y3T1/FRA333_LAB_HW/LAB4/install/doppelt_description/share/doppelt_description/meshes/link_1.stl
[2.928s] -- Symlinking: /home/valdeus1151/Y3T1/FRA333_LAB_HW/LAB4/install/doppelt_description/share/doppelt_description/meshes/link_2.stl
[2.942s] -- Symlinking: /home/valdeus1151/Y3T1/FRA333_LAB_HW/LAB4/install/doppelt_description/share/doppelt_description/meshes/link_3.stl
[2.959s] -- Symlinking: /home/valdeus1151/Y3T1/FRA333_LAB_HW/LAB4/install/doppelt_description/share/doppelt_description/xacro/create_link.xacro
[2.973s] -- Symlinking: /home/valdeus1151/Y3T1/FRA333_LAB_HW/LAB4/install/doppelt_description/share/doppelt_description/xacro/doppelt_gazebo.xacro
[2.989s] -- Symlinking: /home/valdeus1151/Y3T1/FRA333_LAB_HW/LAB4/install/doppelt_description/share/doppelt_description/xacro/doppelt_include.xacro
[3.003s] -- Symlinking: /home/valdeus1151/Y3T1/FRA333_LAB_HW/LAB4/install/doppelt_description/share/doppelt_description/xacro/doppelt_robot.urdf.xacro
[3.018s] -- Symlinking: /home/valdeus1151/Y3T1/FRA333_LAB_HW/LAB4/install/doppelt_description/share/ament_index/resource_index/package_run_dependencies/doppelt_description
[3.035s] -- Symlinking: /home/valdeus1151/Y3T1/FRA333_LAB_HW/LAB4/install/doppelt_description/share/ament_index/resource_index/parent_prefix_path/doppelt_description
[3.051s] -- Symlinking: /home/valdeus1151/Y3T1/FRA333_LAB_HW/LAB4/install/doppelt_description/share/doppelt_description/environment/ament_prefix_path.sh
[3.066s] -- Symlinking: /home/valdeus1151/Y3T1/FRA333_LAB_HW/LAB4/install/doppelt_description/share/doppelt_description/environment/ament_prefix_path.dsv
[3.082s] -- Symlinking: /home/valdeus1151/Y3T1/FRA333_LAB_HW/LAB4/install/doppelt_description/share/doppelt_description/environment/path.sh
[3.099s] -- Symlinking: /home/valdeus1151/Y3T1/FRA333_LAB_HW/LAB4/install/doppelt_description/share/doppelt_description/environment/path.dsv
[3.114s] -- Symlinking: /home/valdeus1151/Y3T1/FRA333_LAB_HW/LAB4/install/doppelt_description/share/doppelt_description/local_setup.bash
[3.135s] -- Symlinking: /home/valdeus1151/Y3T1/FRA333_LAB_HW/LAB4/install/doppelt_description/share/doppelt_description/local_setup.sh
[3.150s] -- Symlinking: /home/valdeus1151/Y3T1/FRA333_LAB_HW/LAB4/install/doppelt_description/share/doppelt_description/local_setup.zsh
[3.165s] -- Symlinking: /home/valdeus1151/Y3T1/FRA333_LAB_HW/LAB4/install/doppelt_description/share/doppelt_description/local_setup.dsv
[3.183s] -- Symlinking: /home/valdeus1151/Y3T1/FRA333_LAB_HW/LAB4/install/doppelt_description/share/doppelt_description/package.dsv
[3.204s] -- Symlinking: /home/valdeus1151/Y3T1/FRA333_LAB_HW/LAB4/install/doppelt_description/share/ament_index/resource_index/packages/doppelt_description
[3.222s] -- Symlinking: /home/valdeus1151/Y3T1/FRA333_LAB_HW/LAB4/install/doppelt_description/share/doppelt_description/cmake/doppelt_descriptionConfig.cmake
[3.241s] -- Symlinking: /home/valdeus1151/Y3T1/FRA333_LAB_HW/LAB4/install/doppelt_description/share/doppelt_description/cmake/doppelt_descriptionConfig-version.cmake
[3.257s] -- Symlinking: /home/valdeus1151/Y3T1/FRA333_LAB_HW/LAB4/install/doppelt_description/share/doppelt_description/package.xml
[3.327s] Listing '/home/valdeus1151/Y3T1/FRA333_LAB_HW/LAB4/install/doppelt_description/lib/python3.8/site-packages/doppelt_description'...
[3.328s] Compiling '/home/valdeus1151/Y3T1/FRA333_LAB_HW/LAB4/install/doppelt_description/lib/python3.8/site-packages/doppelt_description/__init__.py'...
[3.377s] Invoked command in '/home/valdeus1151/Y3T1/FRA333_LAB_HW/LAB4/build/doppelt_description' returned '0': CMAKE_PREFIX_PATH=${CMAKE_PREFIX_PATH}:/opt/ros/foxy /usr/bin/cmake --install /home/valdeus1151/Y3T1/FRA333_LAB_HW/LAB4/build/doppelt_description
