[0.181s] DEBUG:colcon:Command line arguments: ['/usr/bin/colcon', 'build', '--symlink-install']
[0.181s] DEBUG:colcon:Parsed command line arguments: Namespace(allow_overriding=[], ament_cmake_args=None, base_paths=['.'], build_base='build', catkin_cmake_args=None, catkin_skip_building_tests=False, cmake_args=None, cmake_clean_cache=False, cmake_clean_first=False, cmake_force_configure=False, cmake_target=None, cmake_target_skip_unavailable=False, continue_on_error=False, event_handlers=None, executor='parallel', ignore_user_meta=False, install_base='install', log_base=None, log_level=None, main=<bound method BuildVerb.main of <colcon_core.verb.build.BuildVerb object at 0x7fae3a869490>>, merge_install=False, metas=['./colcon.meta'], packages_above=None, packages_above_and_dependencies=None, packages_above_depth=None, packages_end=None, packages_ignore=None, packages_ignore_regex=None, packages_select=None, packages_select_build_failed=False, packages_select_by_dep=None, packages_select_regex=None, packages_select_test_failures=False, packages_skip=None, packages_skip_build_finished=False, packages_skip_by_dep=None, packages_skip_regex=None, packages_skip_test_passed=False, packages_skip_up_to=None, packages_start=None, packages_up_to=None, packages_up_to_regex=None, parallel_workers=12, paths=None, symlink_install=True, test_result_base=None, verb_extension=<colcon_core.verb.build.BuildVerb object at 0x7fae3a869490>, verb_name='build', verb_parser=<colcon_defaults.argument_parser.defaults.DefaultArgumentsDecorator object at 0x7fae3a8699d0>)
[0.204s] Level 1:colcon.colcon_core.package_discovery:discover_packages(colcon_meta) check parameters
[0.204s] Level 1:colcon.colcon_core.package_discovery:discover_packages(recursive) check parameters
[0.204s] Level 1:colcon.colcon_core.package_discovery:discover_packages(ignore) check parameters
[0.204s] Level 1:colcon.colcon_core.package_discovery:discover_packages(path) check parameters
[0.204s] Level 1:colcon.colcon_core.package_discovery:discover_packages(colcon_meta) discover
[0.204s] Level 1:colcon.colcon_core.package_discovery:discover_packages(recursive) discover
[0.204s] INFO:colcon.colcon_core.package_discovery:Crawling recursively for packages in '/home/omzlette/gitROS/FRA333_LAB_HW/LAB4'
[0.204s] Level 1:colcon.colcon_core.package_identification:_identify(.) by extensions ['ignore', 'ignore_ament_install']
[0.204s] Level 1:colcon.colcon_core.package_identification:_identify(.) by extension 'ignore'
[0.204s] Level 1:colcon.colcon_core.package_identification:_identify(.) by extension 'ignore_ament_install'
[0.204s] Level 1:colcon.colcon_core.package_identification:_identify(.) by extensions ['colcon_pkg']
[0.204s] Level 1:colcon.colcon_core.package_identification:_identify(.) by extension 'colcon_pkg'
[0.204s] Level 1:colcon.colcon_core.package_identification:_identify(.) by extensions ['colcon_meta']
[0.204s] Level 1:colcon.colcon_core.package_identification:_identify(.) by extension 'colcon_meta'
[0.204s] Level 1:colcon.colcon_core.package_identification:_identify(.) by extensions ['ros']
[0.204s] Level 1:colcon.colcon_core.package_identification:_identify(.) by extension 'ros'
[0.213s] Level 1:colcon.colcon_core.package_identification:_identify(.) by extensions ['cmake', 'python']
[0.213s] Level 1:colcon.colcon_core.package_identification:_identify(.) by extension 'cmake'
[0.213s] Level 1:colcon.colcon_core.package_identification:_identify(.) by extension 'python'
[0.213s] Level 1:colcon.colcon_core.package_identification:_identify(.) by extensions ['python_setup_py']
[0.213s] Level 1:colcon.colcon_core.package_identification:_identify(.) by extension 'python_setup_py'
[0.214s] Level 1:colcon.colcon_core.package_identification:_identify(build) by extensions ['ignore', 'ignore_ament_install']
[0.214s] Level 1:colcon.colcon_core.package_identification:_identify(build) by extension 'ignore'
[0.214s] Level 1:colcon.colcon_core.package_identification:_identify(build) ignored
[0.214s] Level 1:colcon.colcon_core.package_identification:_identify(install) by extensions ['ignore', 'ignore_ament_install']
[0.214s] Level 1:colcon.colcon_core.package_identification:_identify(install) by extension 'ignore'
[0.214s] Level 1:colcon.colcon_core.package_identification:_identify(install) ignored
[0.214s] Level 1:colcon.colcon_core.package_identification:_identify(log) by extensions ['ignore', 'ignore_ament_install']
[0.214s] Level 1:colcon.colcon_core.package_identification:_identify(log) by extension 'ignore'
[0.214s] Level 1:colcon.colcon_core.package_identification:_identify(log) ignored
[0.214s] Level 1:colcon.colcon_core.package_identification:_identify(src) by extensions ['ignore', 'ignore_ament_install']
[0.214s] Level 1:colcon.colcon_core.package_identification:_identify(src) by extension 'ignore'
[0.214s] Level 1:colcon.colcon_core.package_identification:_identify(src) by extension 'ignore_ament_install'
[0.214s] Level 1:colcon.colcon_core.package_identification:_identify(src) by extensions ['colcon_pkg']
[0.214s] Level 1:colcon.colcon_core.package_identification:_identify(src) by extension 'colcon_pkg'
[0.214s] Level 1:colcon.colcon_core.package_identification:_identify(src) by extensions ['colcon_meta']
[0.214s] Level 1:colcon.colcon_core.package_identification:_identify(src) by extension 'colcon_meta'
[0.215s] Level 1:colcon.colcon_core.package_identification:_identify(src) by extensions ['ros']
[0.215s] Level 1:colcon.colcon_core.package_identification:_identify(src) by extension 'ros'
[0.215s] Level 1:colcon.colcon_core.package_identification:_identify(src) by extensions ['cmake', 'python']
[0.215s] Level 1:colcon.colcon_core.package_identification:_identify(src) by extension 'cmake'
[0.215s] Level 1:colcon.colcon_core.package_identification:_identify(src) by extension 'python'
[0.215s] Level 1:colcon.colcon_core.package_identification:_identify(src) by extensions ['python_setup_py']
[0.215s] Level 1:colcon.colcon_core.package_identification:_identify(src) by extension 'python_setup_py'
[0.215s] Level 1:colcon.colcon_core.package_identification:_identify(src/lab4_29) by extensions ['ignore', 'ignore_ament_install']
[0.215s] Level 1:colcon.colcon_core.package_identification:_identify(src/lab4_29) by extension 'ignore'
[0.215s] Level 1:colcon.colcon_core.package_identification:_identify(src/lab4_29) by extension 'ignore_ament_install'
[0.215s] Level 1:colcon.colcon_core.package_identification:_identify(src/lab4_29) by extensions ['colcon_pkg']
[0.215s] Level 1:colcon.colcon_core.package_identification:_identify(src/lab4_29) by extension 'colcon_pkg'
[0.215s] Level 1:colcon.colcon_core.package_identification:_identify(src/lab4_29) by extensions ['colcon_meta']
[0.215s] Level 1:colcon.colcon_core.package_identification:_identify(src/lab4_29) by extension 'colcon_meta'
[0.215s] Level 1:colcon.colcon_core.package_identification:_identify(src/lab4_29) by extensions ['ros']
[0.215s] Level 1:colcon.colcon_core.package_identification:_identify(src/lab4_29) by extension 'ros'
[0.215s] Level 1:colcon.colcon_core.package_identification:_identify(src/lab4_29) by extensions ['cmake', 'python']
[0.215s] Level 1:colcon.colcon_core.package_identification:_identify(src/lab4_29) by extension 'cmake'
[0.215s] Level 1:colcon.colcon_core.package_identification:_identify(src/lab4_29) by extension 'python'
[0.215s] Level 1:colcon.colcon_core.package_identification:_identify(src/lab4_29) by extensions ['python_setup_py']
[0.215s] Level 1:colcon.colcon_core.package_identification:_identify(src/lab4_29) by extension 'python_setup_py'
[0.215s] Level 1:colcon.colcon_core.package_identification:_identify(src/lab4_29/doppelt_control) by extensions ['ignore', 'ignore_ament_install']
[0.216s] Level 1:colcon.colcon_core.package_identification:_identify(src/lab4_29/doppelt_control) by extension 'ignore'
[0.216s] Level 1:colcon.colcon_core.package_identification:_identify(src/lab4_29/doppelt_control) by extension 'ignore_ament_install'
[0.216s] Level 1:colcon.colcon_core.package_identification:_identify(src/lab4_29/doppelt_control) by extensions ['colcon_pkg']
[0.216s] Level 1:colcon.colcon_core.package_identification:_identify(src/lab4_29/doppelt_control) by extension 'colcon_pkg'
[0.216s] Level 1:colcon.colcon_core.package_identification:_identify(src/lab4_29/doppelt_control) by extensions ['colcon_meta']
[0.216s] Level 1:colcon.colcon_core.package_identification:_identify(src/lab4_29/doppelt_control) by extension 'colcon_meta'
[0.216s] Level 1:colcon.colcon_core.package_identification:_identify(src/lab4_29/doppelt_control) by extensions ['ros']
[0.216s] Level 1:colcon.colcon_core.package_identification:_identify(src/lab4_29/doppelt_control) by extension 'ros'
[0.218s] DEBUG:colcon.colcon_core.package_identification:Package 'src/lab4_29/doppelt_control' with type 'ros.ament_cmake' and name 'doppelt_control'
[0.218s] Level 1:colcon.colcon_core.package_identification:_identify(src/lab4_29/doppelt_description) by extensions ['ignore', 'ignore_ament_install']
[0.218s] Level 1:colcon.colcon_core.package_identification:_identify(src/lab4_29/doppelt_description) by extension 'ignore'
[0.219s] Level 1:colcon.colcon_core.package_identification:_identify(src/lab4_29/doppelt_description) by extension 'ignore_ament_install'
[0.219s] Level 1:colcon.colcon_core.package_identification:_identify(src/lab4_29/doppelt_description) by extensions ['colcon_pkg']
[0.219s] Level 1:colcon.colcon_core.package_identification:_identify(src/lab4_29/doppelt_description) by extension 'colcon_pkg'
[0.219s] Level 1:colcon.colcon_core.package_identification:_identify(src/lab4_29/doppelt_description) by extensions ['colcon_meta']
[0.219s] Level 1:colcon.colcon_core.package_identification:_identify(src/lab4_29/doppelt_description) by extension 'colcon_meta'
[0.219s] Level 1:colcon.colcon_core.package_identification:_identify(src/lab4_29/doppelt_description) by extensions ['ros']
[0.219s] Level 1:colcon.colcon_core.package_identification:_identify(src/lab4_29/doppelt_description) by extension 'ros'
[0.219s] DEBUG:colcon.colcon_core.package_identification:Package 'src/lab4_29/doppelt_description' with type 'ros.ament_cmake' and name 'doppelt_description'
[0.219s] Level 1:colcon.colcon_core.package_identification:_identify(src/lab4_29/doppelt_interfaces) by extensions ['ignore', 'ignore_ament_install']
[0.220s] Level 1:colcon.colcon_core.package_identification:_identify(src/lab4_29/doppelt_interfaces) by extension 'ignore'
[0.220s] Level 1:colcon.colcon_core.package_identification:_identify(src/lab4_29/doppelt_interfaces) by extension 'ignore_ament_install'
[0.220s] Level 1:colcon.colcon_core.package_identification:_identify(src/lab4_29/doppelt_interfaces) by extensions ['colcon_pkg']
[0.220s] Level 1:colcon.colcon_core.package_identification:_identify(src/lab4_29/doppelt_interfaces) by extension 'colcon_pkg'
[0.220s] Level 1:colcon.colcon_core.package_identification:_identify(src/lab4_29/doppelt_interfaces) by extensions ['colcon_meta']
[0.220s] Level 1:colcon.colcon_core.package_identification:_identify(src/lab4_29/doppelt_interfaces) by extension 'colcon_meta'
[0.220s] Level 1:colcon.colcon_core.package_identification:_identify(src/lab4_29/doppelt_interfaces) by extensions ['ros']
[0.220s] Level 1:colcon.colcon_core.package_identification:_identify(src/lab4_29/doppelt_interfaces) by extension 'ros'
[0.220s] DEBUG:colcon.colcon_core.package_identification:Package 'src/lab4_29/doppelt_interfaces' with type 'ros.ament_cmake' and name 'doppelt_interfaces'
[0.220s] Level 1:colcon.colcon_core.package_identification:_identify(src/lab4_29/doppelt_kinematics) by extensions ['ignore', 'ignore_ament_install']
[0.220s] Level 1:colcon.colcon_core.package_identification:_identify(src/lab4_29/doppelt_kinematics) by extension 'ignore'
[0.221s] Level 1:colcon.colcon_core.package_identification:_identify(src/lab4_29/doppelt_kinematics) by extension 'ignore_ament_install'
[0.221s] Level 1:colcon.colcon_core.package_identification:_identify(src/lab4_29/doppelt_kinematics) by extensions ['colcon_pkg']
[0.221s] Level 1:colcon.colcon_core.package_identification:_identify(src/lab4_29/doppelt_kinematics) by extension 'colcon_pkg'
[0.221s] Level 1:colcon.colcon_core.package_identification:_identify(src/lab4_29/doppelt_kinematics) by extensions ['colcon_meta']
[0.221s] Level 1:colcon.colcon_core.package_identification:_identify(src/lab4_29/doppelt_kinematics) by extension 'colcon_meta'
[0.221s] Level 1:colcon.colcon_core.package_identification:_identify(src/lab4_29/doppelt_kinematics) by extensions ['ros']
[0.221s] Level 1:colcon.colcon_core.package_identification:_identify(src/lab4_29/doppelt_kinematics) by extension 'ros'
[0.221s] Level 1:colcon.colcon_core.package_identification:_identify(src/lab4_29/doppelt_kinematics) by extensions ['cmake', 'python']
[0.221s] Level 1:colcon.colcon_core.package_identification:_identify(src/lab4_29/doppelt_kinematics) by extension 'cmake'
[0.221s] Level 1:colcon.colcon_core.package_identification:_identify(src/lab4_29/doppelt_kinematics) by extension 'python'
[0.221s] Level 1:colcon.colcon_core.package_identification:_identify(src/lab4_29/doppelt_kinematics) by extensions ['python_setup_py']
[0.221s] Level 1:colcon.colcon_core.package_identification:_identify(src/lab4_29/doppelt_kinematics) by extension 'python_setup_py'
[0.221s] Level 1:colcon.colcon_core.package_discovery:discover_packages(recursive) using defaults
[0.221s] Level 1:colcon.colcon_core.package_discovery:discover_packages(ignore) discover
[0.221s] Level 1:colcon.colcon_core.package_discovery:discover_packages(ignore) using defaults
[0.221s] Level 1:colcon.colcon_core.package_discovery:discover_packages(path) discover
[0.221s] Level 1:colcon.colcon_core.package_discovery:discover_packages(path) using defaults
[0.249s] Level 1:colcon.colcon_core.package_discovery:discover_packages(prefix_path) check parameters
[0.249s] Level 1:colcon.colcon_core.package_discovery:discover_packages(prefix_path) discover
[0.250s] WARNING:colcon.colcon_core.prefix_path.colcon:The path '/home/omzlette/gitROS/FRA333_LAB_HW/Xicro_GH/install' in the environment variable COLCON_PREFIX_PATH doesn't exist
[0.251s] WARNING:colcon.colcon_ros.prefix_path.ament:The path '/home/omzlette/gitROS/FRA333_LAB_HW/Xicro_GH/install/xicro_pkg' in the environment variable AMENT_PREFIX_PATH doesn't exist
[0.251s] WARNING:colcon.colcon_ros.prefix_path.ament:The path '/home/omzlette/gitROS/FRA333_LAB_HW/Xicro_GH/install/xicro_interfaces' in the environment variable AMENT_PREFIX_PATH doesn't exist
[0.251s] WARNING:colcon.colcon_ros.prefix_path.catkin:The path '/home/omzlette/gitROS/FRA333_LAB_HW/Xicro_GH/install/xicro_pkg' in the environment variable CMAKE_PREFIX_PATH doesn't exist
[0.251s] WARNING:colcon.colcon_ros.prefix_path.catkin:The path '/home/omzlette/gitROS/FRA333_LAB_HW/Xicro_GH/install/xicro_interfaces' in the environment variable CMAKE_PREFIX_PATH doesn't exist
[0.252s] DEBUG:colcon.colcon_installed_package_information.package_discovery:Found 5 installed packages in /home/omzlette/gitROS/FRA333_LAB_HW/LAB3/install
[0.253s] DEBUG:colcon.colcon_installed_package_information.package_discovery:Found 3 installed packages in /home/omzlette/gitROS/FRA333_LAB_HW/LAB2/install
[0.255s] DEBUG:colcon.colcon_installed_package_information.package_discovery:Found 280 installed packages in /opt/ros/foxy
[0.256s] Level 1:colcon.colcon_core.package_discovery:discover_packages(prefix_path) using defaults
[0.328s] Level 5:colcon.colcon_core.verb:set package 'doppelt_control' build argument 'cmake_args' from command line to 'None'
[0.328s] Level 5:colcon.colcon_core.verb:set package 'doppelt_control' build argument 'cmake_target' from command line to 'None'
[0.328s] Level 5:colcon.colcon_core.verb:set package 'doppelt_control' build argument 'cmake_target_skip_unavailable' from command line to 'False'
[0.328s] Level 5:colcon.colcon_core.verb:set package 'doppelt_control' build argument 'cmake_clean_cache' from command line to 'False'
[0.328s] Level 5:colcon.colcon_core.verb:set package 'doppelt_control' build argument 'cmake_clean_first' from command line to 'False'
[0.328s] Level 5:colcon.colcon_core.verb:set package 'doppelt_control' build argument 'cmake_force_configure' from command line to 'False'
[0.328s] Level 5:colcon.colcon_core.verb:set package 'doppelt_control' build argument 'ament_cmake_args' from command line to 'None'
[0.328s] Level 5:colcon.colcon_core.verb:set package 'doppelt_control' build argument 'catkin_cmake_args' from command line to 'None'
[0.328s] Level 5:colcon.colcon_core.verb:set package 'doppelt_control' build argument 'catkin_skip_building_tests' from command line to 'False'
[0.329s] DEBUG:colcon.colcon_core.verb:Building package 'doppelt_control' with the following arguments: {'ament_cmake_args': None, 'build_base': '/home/omzlette/gitROS/FRA333_LAB_HW/LAB4/build/doppelt_control', 'catkin_cmake_args': None, 'catkin_skip_building_tests': False, 'cmake_args': None, 'cmake_clean_cache': False, 'cmake_clean_first': False, 'cmake_force_configure': False, 'cmake_target': None, 'cmake_target_skip_unavailable': False, 'install_base': '/home/omzlette/gitROS/FRA333_LAB_HW/LAB4/install/doppelt_control', 'merge_install': False, 'path': '/home/omzlette/gitROS/FRA333_LAB_HW/LAB4/src/lab4_29/doppelt_control', 'symlink_install': True, 'test_result_base': None}
[0.329s] Level 5:colcon.colcon_core.verb:set package 'doppelt_description' build argument 'cmake_args' from command line to 'None'
[0.329s] Level 5:colcon.colcon_core.verb:set package 'doppelt_description' build argument 'cmake_target' from command line to 'None'
[0.329s] Level 5:colcon.colcon_core.verb:set package 'doppelt_description' build argument 'cmake_target_skip_unavailable' from command line to 'False'
[0.329s] Level 5:colcon.colcon_core.verb:set package 'doppelt_description' build argument 'cmake_clean_cache' from command line to 'False'
[0.329s] Level 5:colcon.colcon_core.verb:set package 'doppelt_description' build argument 'cmake_clean_first' from command line to 'False'
[0.329s] Level 5:colcon.colcon_core.verb:set package 'doppelt_description' build argument 'cmake_force_configure' from command line to 'False'
[0.329s] Level 5:colcon.colcon_core.verb:set package 'doppelt_description' build argument 'ament_cmake_args' from command line to 'None'
[0.329s] Level 5:colcon.colcon_core.verb:set package 'doppelt_description' build argument 'catkin_cmake_args' from command line to 'None'
[0.330s] Level 5:colcon.colcon_core.verb:set package 'doppelt_description' build argument 'catkin_skip_building_tests' from command line to 'False'
[0.330s] DEBUG:colcon.colcon_core.verb:Building package 'doppelt_description' with the following arguments: {'ament_cmake_args': None, 'build_base': '/home/omzlette/gitROS/FRA333_LAB_HW/LAB4/build/doppelt_description', 'catkin_cmake_args': None, 'catkin_skip_building_tests': False, 'cmake_args': None, 'cmake_clean_cache': False, 'cmake_clean_first': False, 'cmake_force_configure': False, 'cmake_target': None, 'cmake_target_skip_unavailable': False, 'install_base': '/home/omzlette/gitROS/FRA333_LAB_HW/LAB4/install/doppelt_description', 'merge_install': False, 'path': '/home/omzlette/gitROS/FRA333_LAB_HW/LAB4/src/lab4_29/doppelt_description', 'symlink_install': True, 'test_result_base': None}
[0.330s] Level 5:colcon.colcon_core.verb:set package 'doppelt_interfaces' build argument 'cmake_args' from command line to 'None'
[0.330s] Level 5:colcon.colcon_core.verb:set package 'doppelt_interfaces' build argument 'cmake_target' from command line to 'None'
[0.331s] Level 5:colcon.colcon_core.verb:set package 'doppelt_interfaces' build argument 'cmake_target_skip_unavailable' from command line to 'False'
[0.331s] Level 5:colcon.colcon_core.verb:set package 'doppelt_interfaces' build argument 'cmake_clean_cache' from command line to 'False'
[0.331s] Level 5:colcon.colcon_core.verb:set package 'doppelt_interfaces' build argument 'cmake_clean_first' from command line to 'False'
[0.331s] Level 5:colcon.colcon_core.verb:set package 'doppelt_interfaces' build argument 'cmake_force_configure' from command line to 'False'
[0.331s] Level 5:colcon.colcon_core.verb:set package 'doppelt_interfaces' build argument 'ament_cmake_args' from command line to 'None'
[0.331s] Level 5:colcon.colcon_core.verb:set package 'doppelt_interfaces' build argument 'catkin_cmake_args' from command line to 'None'
[0.331s] Level 5:colcon.colcon_core.verb:set package 'doppelt_interfaces' build argument 'catkin_skip_building_tests' from command line to 'False'
[0.331s] DEBUG:colcon.colcon_core.verb:Building package 'doppelt_interfaces' with the following arguments: {'ament_cmake_args': None, 'build_base': '/home/omzlette/gitROS/FRA333_LAB_HW/LAB4/build/doppelt_interfaces', 'catkin_cmake_args': None, 'catkin_skip_building_tests': False, 'cmake_args': None, 'cmake_clean_cache': False, 'cmake_clean_first': False, 'cmake_force_configure': False, 'cmake_target': None, 'cmake_target_skip_unavailable': False, 'install_base': '/home/omzlette/gitROS/FRA333_LAB_HW/LAB4/install/doppelt_interfaces', 'merge_install': False, 'path': '/home/omzlette/gitROS/FRA333_LAB_HW/LAB4/src/lab4_29/doppelt_interfaces', 'symlink_install': True, 'test_result_base': None}
[0.331s] INFO:colcon.colcon_core.executor:Executing jobs using 'parallel' executor
[0.335s] DEBUG:colcon.colcon_parallel_executor.executor.parallel:run_until_complete
[0.335s] INFO:colcon.colcon_ros.task.ament_cmake.build:Building ROS package in '/home/omzlette/gitROS/FRA333_LAB_HW/LAB4/src/lab4_29/doppelt_control' with build type 'ament_cmake'
[0.336s] INFO:colcon.colcon_cmake.task.cmake.build:Building CMake package in '/home/omzlette/gitROS/FRA333_LAB_HW/LAB4/src/lab4_29/doppelt_control'
[0.344s] INFO:colcon.colcon_core.plugin_system:Skipping extension 'colcon_core.shell.bat': Not used on non-Windows systems
[0.344s] INFO:colcon.colcon_core.shell:Skip shell extension 'powershell' for command environment: Not usable outside of PowerShell
[0.344s] DEBUG:colcon.colcon_core.shell:Skip shell extension 'dsv' for command environment
[0.351s] INFO:colcon.colcon_ros.task.ament_cmake.build:Building ROS package in '/home/omzlette/gitROS/FRA333_LAB_HW/LAB4/src/lab4_29/doppelt_description' with build type 'ament_cmake'
[0.352s] INFO:colcon.colcon_cmake.task.cmake.build:Building CMake package in '/home/omzlette/gitROS/FRA333_LAB_HW/LAB4/src/lab4_29/doppelt_description'
[0.354s] INFO:colcon.colcon_core.shell:Skip shell extension 'powershell' for command environment: Not usable outside of PowerShell
[0.354s] DEBUG:colcon.colcon_core.shell:Skip shell extension 'dsv' for command environment
[0.361s] INFO:colcon.colcon_ros.task.ament_cmake.build:Building ROS package in '/home/omzlette/gitROS/FRA333_LAB_HW/LAB4/src/lab4_29/doppelt_interfaces' with build type 'ament_cmake'
[0.362s] INFO:colcon.colcon_cmake.task.cmake.build:Building CMake package in '/home/omzlette/gitROS/FRA333_LAB_HW/LAB4/src/lab4_29/doppelt_interfaces'
[0.364s] INFO:colcon.colcon_core.shell:Skip shell extension 'powershell' for command environment: Not usable outside of PowerShell
[0.364s] DEBUG:colcon.colcon_core.shell:Skip shell extension 'dsv' for command environment
[0.375s] DEBUG:colcon.colcon_core.event_handler.log_command:Invoking command in '/home/omzlette/gitROS/FRA333_LAB_HW/LAB4/build/doppelt_control': CMAKE_PREFIX_PATH=${CMAKE_PREFIX_PATH}:/opt/ros/foxy /usr/bin/cmake /home/omzlette/gitROS/FRA333_LAB_HW/LAB4/src/lab4_29/doppelt_control -DAMENT_CMAKE_SYMLINK_INSTALL=1 -DCMAKE_INSTALL_PREFIX=/home/omzlette/gitROS/FRA333_LAB_HW/LAB4/install/doppelt_control
[0.384s] DEBUG:colcon.colcon_core.event_handler.log_command:Invoking command in '/home/omzlette/gitROS/FRA333_LAB_HW/LAB4/build/doppelt_description': CMAKE_PREFIX_PATH=${CMAKE_PREFIX_PATH}:/opt/ros/foxy /usr/bin/cmake /home/omzlette/gitROS/FRA333_LAB_HW/LAB4/src/lab4_29/doppelt_description -DAMENT_CMAKE_SYMLINK_INSTALL=1 -DCMAKE_INSTALL_PREFIX=/home/omzlette/gitROS/FRA333_LAB_HW/LAB4/install/doppelt_description
[0.390s] DEBUG:colcon.colcon_core.event_handler.log_command:Invoking command in '/home/omzlette/gitROS/FRA333_LAB_HW/LAB4/build/doppelt_interfaces': CMAKE_PREFIX_PATH=${CMAKE_PREFIX_PATH}:/opt/ros/foxy /usr/bin/cmake /home/omzlette/gitROS/FRA333_LAB_HW/LAB4/src/lab4_29/doppelt_interfaces -DAMENT_CMAKE_SYMLINK_INSTALL=1 -DCMAKE_INSTALL_PREFIX=/home/omzlette/gitROS/FRA333_LAB_HW/LAB4/install/doppelt_interfaces
[4.385s] DEBUG:colcon.colcon_core.event_handler.log_command:Invoked command in '/home/omzlette/gitROS/FRA333_LAB_HW/LAB4/build/doppelt_control' returned '0': CMAKE_PREFIX_PATH=${CMAKE_PREFIX_PATH}:/opt/ros/foxy /usr/bin/cmake /home/omzlette/gitROS/FRA333_LAB_HW/LAB4/src/lab4_29/doppelt_control -DAMENT_CMAKE_SYMLINK_INSTALL=1 -DCMAKE_INSTALL_PREFIX=/home/omzlette/gitROS/FRA333_LAB_HW/LAB4/install/doppelt_control
[4.389s] DEBUG:colcon.colcon_core.event_handler.log_command:Invoking command in '/home/omzlette/gitROS/FRA333_LAB_HW/LAB4/build/doppelt_control': CMAKE_PREFIX_PATH=${CMAKE_PREFIX_PATH}:/opt/ros/foxy /usr/bin/cmake --build /home/omzlette/gitROS/FRA333_LAB_HW/LAB4/build/doppelt_control -- -j12 -l12
[4.399s] DEBUG:colcon.colcon_core.event_handler.log_command:Invoked command in '/home/omzlette/gitROS/FRA333_LAB_HW/LAB4/build/doppelt_description' returned '0': CMAKE_PREFIX_PATH=${CMAKE_PREFIX_PATH}:/opt/ros/foxy /usr/bin/cmake /home/omzlette/gitROS/FRA333_LAB_HW/LAB4/src/lab4_29/doppelt_description -DAMENT_CMAKE_SYMLINK_INSTALL=1 -DCMAKE_INSTALL_PREFIX=/home/omzlette/gitROS/FRA333_LAB_HW/LAB4/install/doppelt_description
[4.401s] DEBUG:colcon.colcon_core.event_handler.log_command:Invoking command in '/home/omzlette/gitROS/FRA333_LAB_HW/LAB4/build/doppelt_description': CMAKE_PREFIX_PATH=${CMAKE_PREFIX_PATH}:/opt/ros/foxy /usr/bin/cmake --build /home/omzlette/gitROS/FRA333_LAB_HW/LAB4/build/doppelt_description -- -j12 -l12
[4.432s] DEBUG:colcon.colcon_core.event_handler.log_command:Invoked command in '/home/omzlette/gitROS/FRA333_LAB_HW/LAB4/build/doppelt_control' returned '0': CMAKE_PREFIX_PATH=${CMAKE_PREFIX_PATH}:/opt/ros/foxy /usr/bin/cmake --build /home/omzlette/gitROS/FRA333_LAB_HW/LAB4/build/doppelt_control -- -j12 -l12
[4.438s] DEBUG:colcon.colcon_core.event_handler.log_command:Invoked command in '/home/omzlette/gitROS/FRA333_LAB_HW/LAB4/build/doppelt_description' returned '0': CMAKE_PREFIX_PATH=${CMAKE_PREFIX_PATH}:/opt/ros/foxy /usr/bin/cmake --build /home/omzlette/gitROS/FRA333_LAB_HW/LAB4/build/doppelt_description -- -j12 -l12
[4.465s] DEBUG:colcon.colcon_core.event_handler.log_command:Invoking command in '/home/omzlette/gitROS/FRA333_LAB_HW/LAB4/build/doppelt_control': CMAKE_PREFIX_PATH=${CMAKE_PREFIX_PATH}:/opt/ros/foxy /usr/bin/cmake --install /home/omzlette/gitROS/FRA333_LAB_HW/LAB4/build/doppelt_control
[4.470s] DEBUG:colcon.colcon_core.event_handler.log_command:Invoking command in '/home/omzlette/gitROS/FRA333_LAB_HW/LAB4/build/doppelt_description': CMAKE_PREFIX_PATH=${CMAKE_PREFIX_PATH}:/opt/ros/foxy /usr/bin/cmake --install /home/omzlette/gitROS/FRA333_LAB_HW/LAB4/build/doppelt_description
[4.704s] Level 1:colcon.colcon_core.environment:create_environment_scripts_only(doppelt_control)
[4.705s] DEBUG:colcon.colcon_core.event_handler.log_command:Invoked command in '/home/omzlette/gitROS/FRA333_LAB_HW/LAB4/build/doppelt_control' returned '0': CMAKE_PREFIX_PATH=${CMAKE_PREFIX_PATH}:/opt/ros/foxy /usr/bin/cmake --install /home/omzlette/gitROS/FRA333_LAB_HW/LAB4/build/doppelt_control
[4.731s] Level 1:colcon.colcon_core.environment:checking '/home/omzlette/gitROS/FRA333_LAB_HW/LAB4/install/doppelt_control' for CMake module files
[4.731s] Level 1:colcon.colcon_core.environment:checking '/home/omzlette/gitROS/FRA333_LAB_HW/LAB4/install/doppelt_control' for CMake config files
[4.732s] Level 1:colcon.colcon_core.shell:create_environment_hook('doppelt_control', 'cmake_prefix_path')
[4.733s] INFO:colcon.colcon_core.shell:Creating environment hook '/home/omzlette/gitROS/FRA333_LAB_HW/LAB4/install/doppelt_control/share/doppelt_control/hook/cmake_prefix_path.ps1'
[4.734s] INFO:colcon.colcon_core.shell:Creating environment descriptor '/home/omzlette/gitROS/FRA333_LAB_HW/LAB4/install/doppelt_control/share/doppelt_control/hook/cmake_prefix_path.dsv'
[4.735s] INFO:colcon.colcon_core.shell:Creating environment hook '/home/omzlette/gitROS/FRA333_LAB_HW/LAB4/install/doppelt_control/share/doppelt_control/hook/cmake_prefix_path.sh'
[4.736s] Level 1:colcon.colcon_core.environment:checking '/home/omzlette/gitROS/FRA333_LAB_HW/LAB4/install/doppelt_control/lib'
[4.736s] Level 1:colcon.colcon_core.environment:checking '/home/omzlette/gitROS/FRA333_LAB_HW/LAB4/install/doppelt_control/bin'
[4.736s] Level 1:colcon.colcon_core.environment:checking '/home/omzlette/gitROS/FRA333_LAB_HW/LAB4/install/doppelt_control/lib/pkgconfig/doppelt_control.pc'
[4.736s] Level 1:colcon.colcon_core.environment:checking '/home/omzlette/gitROS/FRA333_LAB_HW/LAB4/install/doppelt_control/lib/python3.8/site-packages'
[4.736s] Level 1:colcon.colcon_core.shell:create_environment_hook('doppelt_control', 'pythonpath')
[4.737s] INFO:colcon.colcon_core.shell:Creating environment hook '/home/omzlette/gitROS/FRA333_LAB_HW/LAB4/install/doppelt_control/share/doppelt_control/hook/pythonpath.ps1'
[4.738s] INFO:colcon.colcon_core.shell:Creating environment descriptor '/home/omzlette/gitROS/FRA333_LAB_HW/LAB4/install/doppelt_control/share/doppelt_control/hook/pythonpath.dsv'
[4.738s] INFO:colcon.colcon_core.shell:Creating environment hook '/home/omzlette/gitROS/FRA333_LAB_HW/LAB4/install/doppelt_control/share/doppelt_control/hook/pythonpath.sh'
[4.738s] Level 1:colcon.colcon_core.environment:checking '/home/omzlette/gitROS/FRA333_LAB_HW/LAB4/install/doppelt_control/bin'
[4.740s] INFO:colcon.colcon_core.shell:Creating package script '/home/omzlette/gitROS/FRA333_LAB_HW/LAB4/install/doppelt_control/share/doppelt_control/package.ps1'
[4.741s] INFO:colcon.colcon_core.shell:Creating package descriptor '/home/omzlette/gitROS/FRA333_LAB_HW/LAB4/install/doppelt_control/share/doppelt_control/package.dsv'
[4.742s] INFO:colcon.colcon_core.shell:Creating package script '/home/omzlette/gitROS/FRA333_LAB_HW/LAB4/install/doppelt_control/share/doppelt_control/package.sh'
[4.742s] INFO:colcon.colcon_core.shell:Creating package script '/home/omzlette/gitROS/FRA333_LAB_HW/LAB4/install/doppelt_control/share/doppelt_control/package.bash'
[4.744s] INFO:colcon.colcon_core.shell:Creating package script '/home/omzlette/gitROS/FRA333_LAB_HW/LAB4/install/doppelt_control/share/doppelt_control/package.zsh'
[4.745s] Level 1:colcon.colcon_core.environment:create_file_with_runtime_dependencies(/home/omzlette/gitROS/FRA333_LAB_HW/LAB4/install/doppelt_control/share/colcon-core/packages/doppelt_control)
[4.749s] Level 1:colcon.colcon_core.environment:create_environment_scripts_only(doppelt_description)
[4.752s] Level 1:colcon.colcon_core.environment:checking '/home/omzlette/gitROS/FRA333_LAB_HW/LAB4/install/doppelt_description' for CMake module files
[4.753s] DEBUG:colcon.colcon_core.event_handler.log_command:Invoked command in '/home/omzlette/gitROS/FRA333_LAB_HW/LAB4/build/doppelt_description' returned '0': CMAKE_PREFIX_PATH=${CMAKE_PREFIX_PATH}:/opt/ros/foxy /usr/bin/cmake --install /home/omzlette/gitROS/FRA333_LAB_HW/LAB4/build/doppelt_description
[4.753s] Level 1:colcon.colcon_core.environment:checking '/home/omzlette/gitROS/FRA333_LAB_HW/LAB4/install/doppelt_description' for CMake config files
[4.754s] Level 1:colcon.colcon_core.shell:create_environment_hook('doppelt_description', 'cmake_prefix_path')
[4.755s] INFO:colcon.colcon_core.shell:Creating environment hook '/home/omzlette/gitROS/FRA333_LAB_HW/LAB4/install/doppelt_description/share/doppelt_description/hook/cmake_prefix_path.ps1'
[4.756s] INFO:colcon.colcon_core.shell:Creating environment descriptor '/home/omzlette/gitROS/FRA333_LAB_HW/LAB4/install/doppelt_description/share/doppelt_description/hook/cmake_prefix_path.dsv'
[4.756s] INFO:colcon.colcon_core.shell:Creating environment hook '/home/omzlette/gitROS/FRA333_LAB_HW/LAB4/install/doppelt_description/share/doppelt_description/hook/cmake_prefix_path.sh'
[4.756s] Level 1:colcon.colcon_core.environment:checking '/home/omzlette/gitROS/FRA333_LAB_HW/LAB4/install/doppelt_description/lib'
[4.757s] Level 1:colcon.colcon_core.environment:checking '/home/omzlette/gitROS/FRA333_LAB_HW/LAB4/install/doppelt_description/bin'
[4.757s] Level 1:colcon.colcon_core.environment:checking '/home/omzlette/gitROS/FRA333_LAB_HW/LAB4/install/doppelt_description/lib/pkgconfig/doppelt_description.pc'
[4.757s] Level 1:colcon.colcon_core.environment:checking '/home/omzlette/gitROS/FRA333_LAB_HW/LAB4/install/doppelt_description/lib/python3.8/site-packages'
[4.757s] Level 1:colcon.colcon_core.shell:create_environment_hook('doppelt_description', 'pythonpath')
[4.759s] INFO:colcon.colcon_core.shell:Creating environment hook '/home/omzlette/gitROS/FRA333_LAB_HW/LAB4/install/doppelt_description/share/doppelt_description/hook/pythonpath.ps1'
[4.760s] INFO:colcon.colcon_core.shell:Creating environment descriptor '/home/omzlette/gitROS/FRA333_LAB_HW/LAB4/install/doppelt_description/share/doppelt_description/hook/pythonpath.dsv'
[4.760s] INFO:colcon.colcon_core.shell:Creating environment hook '/home/omzlette/gitROS/FRA333_LAB_HW/LAB4/install/doppelt_description/share/doppelt_description/hook/pythonpath.sh'
[4.761s] Level 1:colcon.colcon_core.environment:checking '/home/omzlette/gitROS/FRA333_LAB_HW/LAB4/install/doppelt_description/bin'
[4.762s] INFO:colcon.colcon_core.shell:Creating package script '/home/omzlette/gitROS/FRA333_LAB_HW/LAB4/install/doppelt_description/share/doppelt_description/package.ps1'
[4.763s] INFO:colcon.colcon_core.shell:Creating package descriptor '/home/omzlette/gitROS/FRA333_LAB_HW/LAB4/install/doppelt_description/share/doppelt_description/package.dsv'
[4.764s] INFO:colcon.colcon_core.shell:Creating package script '/home/omzlette/gitROS/FRA333_LAB_HW/LAB4/install/doppelt_description/share/doppelt_description/package.sh'
[4.764s] INFO:colcon.colcon_core.shell:Creating package script '/home/omzlette/gitROS/FRA333_LAB_HW/LAB4/install/doppelt_description/share/doppelt_description/package.bash'
[4.764s] INFO:colcon.colcon_core.shell:Creating package script '/home/omzlette/gitROS/FRA333_LAB_HW/LAB4/install/doppelt_description/share/doppelt_description/package.zsh'
[4.765s] Level 1:colcon.colcon_core.environment:create_file_with_runtime_dependencies(/home/omzlette/gitROS/FRA333_LAB_HW/LAB4/install/doppelt_description/share/colcon-core/packages/doppelt_description)
[4.769s] Level 1:colcon.colcon_core.environment:create_environment_scripts_only(doppelt_control)
[4.771s] Level 1:colcon.colcon_core.environment:checking '/home/omzlette/gitROS/FRA333_LAB_HW/LAB4/install/doppelt_control' for CMake module files
[4.772s] Level 1:colcon.colcon_core.environment:checking '/home/omzlette/gitROS/FRA333_LAB_HW/LAB4/install/doppelt_control' for CMake config files
[4.772s] Level 1:colcon.colcon_core.shell:create_environment_hook('doppelt_control', 'cmake_prefix_path')
[4.773s] INFO:colcon.colcon_core.shell:Creating environment hook '/home/omzlette/gitROS/FRA333_LAB_HW/LAB4/install/doppelt_control/share/doppelt_control/hook/cmake_prefix_path.ps1'
[4.774s] INFO:colcon.colcon_core.shell:Creating environment descriptor '/home/omzlette/gitROS/FRA333_LAB_HW/LAB4/install/doppelt_control/share/doppelt_control/hook/cmake_prefix_path.dsv'
[4.774s] INFO:colcon.colcon_core.shell:Creating environment hook '/home/omzlette/gitROS/FRA333_LAB_HW/LAB4/install/doppelt_control/share/doppelt_control/hook/cmake_prefix_path.sh'
[4.774s] Level 1:colcon.colcon_core.environment:checking '/home/omzlette/gitROS/FRA333_LAB_HW/LAB4/install/doppelt_control/lib'
[4.775s] Level 1:colcon.colcon_core.environment:checking '/home/omzlette/gitROS/FRA333_LAB_HW/LAB4/install/doppelt_control/bin'
[4.775s] Level 1:colcon.colcon_core.environment:checking '/home/omzlette/gitROS/FRA333_LAB_HW/LAB4/install/doppelt_control/lib/pkgconfig/doppelt_control.pc'
[4.775s] Level 1:colcon.colcon_core.environment:checking '/home/omzlette/gitROS/FRA333_LAB_HW/LAB4/install/doppelt_control/lib/python3.8/site-packages'
[4.775s] Level 1:colcon.colcon_core.shell:create_environment_hook('doppelt_control', 'pythonpath')
[4.776s] INFO:colcon.colcon_core.shell:Creating environment hook '/home/omzlette/gitROS/FRA333_LAB_HW/LAB4/install/doppelt_control/share/doppelt_control/hook/pythonpath.ps1'
[4.777s] INFO:colcon.colcon_core.shell:Creating environment descriptor '/home/omzlette/gitROS/FRA333_LAB_HW/LAB4/install/doppelt_control/share/doppelt_control/hook/pythonpath.dsv'
[4.777s] INFO:colcon.colcon_core.shell:Creating environment hook '/home/omzlette/gitROS/FRA333_LAB_HW/LAB4/install/doppelt_control/share/doppelt_control/hook/pythonpath.sh'
[4.778s] Level 1:colcon.colcon_core.environment:checking '/home/omzlette/gitROS/FRA333_LAB_HW/LAB4/install/doppelt_control/bin'
[4.779s] INFO:colcon.colcon_core.shell:Creating package script '/home/omzlette/gitROS/FRA333_LAB_HW/LAB4/install/doppelt_control/share/doppelt_control/package.ps1'
[4.779s] INFO:colcon.colcon_core.shell:Creating package descriptor '/home/omzlette/gitROS/FRA333_LAB_HW/LAB4/install/doppelt_control/share/doppelt_control/package.dsv'
[4.780s] INFO:colcon.colcon_core.shell:Creating package script '/home/omzlette/gitROS/FRA333_LAB_HW/LAB4/install/doppelt_control/share/doppelt_control/package.sh'
[4.780s] INFO:colcon.colcon_core.shell:Creating package script '/home/omzlette/gitROS/FRA333_LAB_HW/LAB4/install/doppelt_control/share/doppelt_control/package.bash'
[4.781s] INFO:colcon.colcon_core.shell:Creating package script '/home/omzlette/gitROS/FRA333_LAB_HW/LAB4/install/doppelt_control/share/doppelt_control/package.zsh'
[4.781s] Level 1:colcon.colcon_core.environment:create_file_with_runtime_dependencies(/home/omzlette/gitROS/FRA333_LAB_HW/LAB4/install/doppelt_control/share/colcon-core/packages/doppelt_control)
[4.784s] Level 1:colcon.colcon_core.environment:create_environment_scripts_only(doppelt_description)
[4.786s] Level 1:colcon.colcon_core.environment:checking '/home/omzlette/gitROS/FRA333_LAB_HW/LAB4/install/doppelt_description' for CMake module files
[4.788s] Level 1:colcon.colcon_core.environment:checking '/home/omzlette/gitROS/FRA333_LAB_HW/LAB4/install/doppelt_description' for CMake config files
[4.788s] Level 1:colcon.colcon_core.shell:create_environment_hook('doppelt_description', 'cmake_prefix_path')
[4.791s] INFO:colcon.colcon_core.shell:Creating environment hook '/home/omzlette/gitROS/FRA333_LAB_HW/LAB4/install/doppelt_description/share/doppelt_description/hook/cmake_prefix_path.ps1'
[4.791s] INFO:colcon.colcon_core.shell:Creating environment descriptor '/home/omzlette/gitROS/FRA333_LAB_HW/LAB4/install/doppelt_description/share/doppelt_description/hook/cmake_prefix_path.dsv'
[4.791s] INFO:colcon.colcon_core.shell:Creating environment hook '/home/omzlette/gitROS/FRA333_LAB_HW/LAB4/install/doppelt_description/share/doppelt_description/hook/cmake_prefix_path.sh'
[4.792s] Level 1:colcon.colcon_core.environment:checking '/home/omzlette/gitROS/FRA333_LAB_HW/LAB4/install/doppelt_description/lib'
[4.792s] Level 1:colcon.colcon_core.environment:checking '/home/omzlette/gitROS/FRA333_LAB_HW/LAB4/install/doppelt_description/bin'
[4.792s] Level 1:colcon.colcon_core.environment:checking '/home/omzlette/gitROS/FRA333_LAB_HW/LAB4/install/doppelt_description/lib/pkgconfig/doppelt_description.pc'
[4.792s] Level 1:colcon.colcon_core.environment:checking '/home/omzlette/gitROS/FRA333_LAB_HW/LAB4/install/doppelt_description/lib/python3.8/site-packages'
[4.792s] Level 1:colcon.colcon_core.shell:create_environment_hook('doppelt_description', 'pythonpath')
[4.794s] INFO:colcon.colcon_core.shell:Creating environment hook '/home/omzlette/gitROS/FRA333_LAB_HW/LAB4/install/doppelt_description/share/doppelt_description/hook/pythonpath.ps1'
[4.794s] INFO:colcon.colcon_core.shell:Creating environment descriptor '/home/omzlette/gitROS/FRA333_LAB_HW/LAB4/install/doppelt_description/share/doppelt_description/hook/pythonpath.dsv'
[4.794s] INFO:colcon.colcon_core.shell:Creating environment hook '/home/omzlette/gitROS/FRA333_LAB_HW/LAB4/install/doppelt_description/share/doppelt_description/hook/pythonpath.sh'
[4.795s] Level 1:colcon.colcon_core.environment:checking '/home/omzlette/gitROS/FRA333_LAB_HW/LAB4/install/doppelt_description/bin'
[4.797s] INFO:colcon.colcon_core.shell:Creating package script '/home/omzlette/gitROS/FRA333_LAB_HW/LAB4/install/doppelt_description/share/doppelt_description/package.ps1'
[4.797s] INFO:colcon.colcon_core.shell:Creating package descriptor '/home/omzlette/gitROS/FRA333_LAB_HW/LAB4/install/doppelt_description/share/doppelt_description/package.dsv'
[4.798s] INFO:colcon.colcon_core.shell:Creating package script '/home/omzlette/gitROS/FRA333_LAB_HW/LAB4/install/doppelt_description/share/doppelt_description/package.sh'
[4.798s] INFO:colcon.colcon_core.shell:Creating package script '/home/omzlette/gitROS/FRA333_LAB_HW/LAB4/install/doppelt_description/share/doppelt_description/package.bash'
[4.799s] INFO:colcon.colcon_core.shell:Creating package script '/home/omzlette/gitROS/FRA333_LAB_HW/LAB4/install/doppelt_description/share/doppelt_description/package.zsh'
[4.799s] Level 1:colcon.colcon_core.environment:create_file_with_runtime_dependencies(/home/omzlette/gitROS/FRA333_LAB_HW/LAB4/install/doppelt_description/share/colcon-core/packages/doppelt_description)
[8.495s] DEBUG:colcon.colcon_core.event_handler.log_command:Invoked command in '/home/omzlette/gitROS/FRA333_LAB_HW/LAB4/build/doppelt_interfaces' returned '0': CMAKE_PREFIX_PATH=${CMAKE_PREFIX_PATH}:/opt/ros/foxy /usr/bin/cmake /home/omzlette/gitROS/FRA333_LAB_HW/LAB4/src/lab4_29/doppelt_interfaces -DAMENT_CMAKE_SYMLINK_INSTALL=1 -DCMAKE_INSTALL_PREFIX=/home/omzlette/gitROS/FRA333_LAB_HW/LAB4/install/doppelt_interfaces
[8.496s] DEBUG:colcon.colcon_core.event_handler.log_command:Invoking command in '/home/omzlette/gitROS/FRA333_LAB_HW/LAB4/build/doppelt_interfaces': CMAKE_PREFIX_PATH=${CMAKE_PREFIX_PATH}:/opt/ros/foxy /usr/bin/cmake --build /home/omzlette/gitROS/FRA333_LAB_HW/LAB4/build/doppelt_interfaces -- -j12 -l12
[11.755s] DEBUG:colcon.colcon_core.event_handler.log_command:Invoked command in '/home/omzlette/gitROS/FRA333_LAB_HW/LAB4/build/doppelt_interfaces' returned '0': CMAKE_PREFIX_PATH=${CMAKE_PREFIX_PATH}:/opt/ros/foxy /usr/bin/cmake --build /home/omzlette/gitROS/FRA333_LAB_HW/LAB4/build/doppelt_interfaces -- -j12 -l12
[11.804s] DEBUG:colcon.colcon_core.event_handler.log_command:Invoking command in '/home/omzlette/gitROS/FRA333_LAB_HW/LAB4/build/doppelt_interfaces': CMAKE_PREFIX_PATH=${CMAKE_PREFIX_PATH}:/opt/ros/foxy /usr/bin/cmake --install /home/omzlette/gitROS/FRA333_LAB_HW/LAB4/build/doppelt_interfaces
[12.359s] Level 1:colcon.colcon_core.environment:create_environment_scripts_only(doppelt_interfaces)
[12.362s] Level 1:colcon.colcon_core.environment:checking '/home/omzlette/gitROS/FRA333_LAB_HW/LAB4/install/doppelt_interfaces' for CMake module files
[12.362s] DEBUG:colcon.colcon_core.event_handler.log_command:Invoked command in '/home/omzlette/gitROS/FRA333_LAB_HW/LAB4/build/doppelt_interfaces' returned '0': CMAKE_PREFIX_PATH=${CMAKE_PREFIX_PATH}:/opt/ros/foxy /usr/bin/cmake --install /home/omzlette/gitROS/FRA333_LAB_HW/LAB4/build/doppelt_interfaces
[12.363s] Level 1:colcon.colcon_core.environment:checking '/home/omzlette/gitROS/FRA333_LAB_HW/LAB4/install/doppelt_interfaces' for CMake config files
[12.364s] Level 1:colcon.colcon_core.shell:create_environment_hook('doppelt_interfaces', 'cmake_prefix_path')
[12.365s] INFO:colcon.colcon_core.shell:Creating environment hook '/home/omzlette/gitROS/FRA333_LAB_HW/LAB4/install/doppelt_interfaces/share/doppelt_interfaces/hook/cmake_prefix_path.ps1'
[12.367s] INFO:colcon.colcon_core.shell:Creating environment descriptor '/home/omzlette/gitROS/FRA333_LAB_HW/LAB4/install/doppelt_interfaces/share/doppelt_interfaces/hook/cmake_prefix_path.dsv'
[12.367s] INFO:colcon.colcon_core.shell:Creating environment hook '/home/omzlette/gitROS/FRA333_LAB_HW/LAB4/install/doppelt_interfaces/share/doppelt_interfaces/hook/cmake_prefix_path.sh'
[12.368s] Level 1:colcon.colcon_core.environment:checking '/home/omzlette/gitROS/FRA333_LAB_HW/LAB4/install/doppelt_interfaces/lib'
[12.368s] Level 1:colcon.colcon_core.shell:create_environment_hook('doppelt_interfaces', 'ld_library_path_lib')
[12.369s] INFO:colcon.colcon_core.shell:Creating environment hook '/home/omzlette/gitROS/FRA333_LAB_HW/LAB4/install/doppelt_interfaces/share/doppelt_interfaces/hook/ld_library_path_lib.ps1'
[12.370s] INFO:colcon.colcon_core.shell:Creating environment descriptor '/home/omzlette/gitROS/FRA333_LAB_HW/LAB4/install/doppelt_interfaces/share/doppelt_interfaces/hook/ld_library_path_lib.dsv'
[12.370s] INFO:colcon.colcon_core.shell:Creating environment hook '/home/omzlette/gitROS/FRA333_LAB_HW/LAB4/install/doppelt_interfaces/share/doppelt_interfaces/hook/ld_library_path_lib.sh'
[12.370s] Level 1:colcon.colcon_core.environment:checking '/home/omzlette/gitROS/FRA333_LAB_HW/LAB4/install/doppelt_interfaces/bin'
[12.371s] Level 1:colcon.colcon_core.environment:checking '/home/omzlette/gitROS/FRA333_LAB_HW/LAB4/install/doppelt_interfaces/lib/pkgconfig/doppelt_interfaces.pc'
[12.371s] Level 1:colcon.colcon_core.environment:checking '/home/omzlette/gitROS/FRA333_LAB_HW/LAB4/install/doppelt_interfaces/lib/python3.8/site-packages'
[12.371s] Level 1:colcon.colcon_core.shell:create_environment_hook('doppelt_interfaces', 'pythonpath')
[12.373s] INFO:colcon.colcon_core.shell:Creating environment hook '/home/omzlette/gitROS/FRA333_LAB_HW/LAB4/install/doppelt_interfaces/share/doppelt_interfaces/hook/pythonpath.ps1'
[12.374s] INFO:colcon.colcon_core.shell:Creating environment descriptor '/home/omzlette/gitROS/FRA333_LAB_HW/LAB4/install/doppelt_interfaces/share/doppelt_interfaces/hook/pythonpath.dsv'
[12.374s] INFO:colcon.colcon_core.shell:Creating environment hook '/home/omzlette/gitROS/FRA333_LAB_HW/LAB4/install/doppelt_interfaces/share/doppelt_interfaces/hook/pythonpath.sh'
[12.375s] Level 1:colcon.colcon_core.environment:checking '/home/omzlette/gitROS/FRA333_LAB_HW/LAB4/install/doppelt_interfaces/bin'
[12.377s] INFO:colcon.colcon_core.shell:Creating package script '/home/omzlette/gitROS/FRA333_LAB_HW/LAB4/install/doppelt_interfaces/share/doppelt_interfaces/package.ps1'
[12.378s] INFO:colcon.colcon_core.shell:Creating package descriptor '/home/omzlette/gitROS/FRA333_LAB_HW/LAB4/install/doppelt_interfaces/share/doppelt_interfaces/package.dsv'
[12.379s] INFO:colcon.colcon_core.shell:Creating package script '/home/omzlette/gitROS/FRA333_LAB_HW/LAB4/install/doppelt_interfaces/share/doppelt_interfaces/package.sh'
[12.379s] INFO:colcon.colcon_core.shell:Creating package script '/home/omzlette/gitROS/FRA333_LAB_HW/LAB4/install/doppelt_interfaces/share/doppelt_interfaces/package.bash'
[12.379s] INFO:colcon.colcon_core.shell:Creating package script '/home/omzlette/gitROS/FRA333_LAB_HW/LAB4/install/doppelt_interfaces/share/doppelt_interfaces/package.zsh'
[12.380s] Level 1:colcon.colcon_core.environment:create_file_with_runtime_dependencies(/home/omzlette/gitROS/FRA333_LAB_HW/LAB4/install/doppelt_interfaces/share/colcon-core/packages/doppelt_interfaces)
[12.430s] Level 1:colcon.colcon_core.environment:create_environment_scripts_only(doppelt_interfaces)
[12.433s] Level 1:colcon.colcon_core.environment:checking '/home/omzlette/gitROS/FRA333_LAB_HW/LAB4/install/doppelt_interfaces' for CMake module files
[12.434s] Level 1:colcon.colcon_core.environment:checking '/home/omzlette/gitROS/FRA333_LAB_HW/LAB4/install/doppelt_interfaces' for CMake config files
[12.434s] Level 1:colcon.colcon_core.shell:create_environment_hook('doppelt_interfaces', 'cmake_prefix_path')
[12.436s] INFO:colcon.colcon_core.shell:Creating environment hook '/home/omzlette/gitROS/FRA333_LAB_HW/LAB4/install/doppelt_interfaces/share/doppelt_interfaces/hook/cmake_prefix_path.ps1'
[12.437s] INFO:colcon.colcon_core.shell:Creating environment descriptor '/home/omzlette/gitROS/FRA333_LAB_HW/LAB4/install/doppelt_interfaces/share/doppelt_interfaces/hook/cmake_prefix_path.dsv'
[12.438s] INFO:colcon.colcon_core.shell:Creating environment hook '/home/omzlette/gitROS/FRA333_LAB_HW/LAB4/install/doppelt_interfaces/share/doppelt_interfaces/hook/cmake_prefix_path.sh'
[12.439s] Level 1:colcon.colcon_core.environment:checking '/home/omzlette/gitROS/FRA333_LAB_HW/LAB4/install/doppelt_interfaces/lib'
[12.439s] Level 1:colcon.colcon_core.shell:create_environment_hook('doppelt_interfaces', 'ld_library_path_lib')
[12.442s] INFO:colcon.colcon_core.shell:Creating environment hook '/home/omzlette/gitROS/FRA333_LAB_HW/LAB4/install/doppelt_interfaces/share/doppelt_interfaces/hook/ld_library_path_lib.ps1'
[12.443s] INFO:colcon.colcon_core.shell:Creating environment descriptor '/home/omzlette/gitROS/FRA333_LAB_HW/LAB4/install/doppelt_interfaces/share/doppelt_interfaces/hook/ld_library_path_lib.dsv'
[12.444s] INFO:colcon.colcon_core.shell:Creating environment hook '/home/omzlette/gitROS/FRA333_LAB_HW/LAB4/install/doppelt_interfaces/share/doppelt_interfaces/hook/ld_library_path_lib.sh'
[12.444s] Level 1:colcon.colcon_core.environment:checking '/home/omzlette/gitROS/FRA333_LAB_HW/LAB4/install/doppelt_interfaces/bin'
[12.445s] Level 1:colcon.colcon_core.environment:checking '/home/omzlette/gitROS/FRA333_LAB_HW/LAB4/install/doppelt_interfaces/lib/pkgconfig/doppelt_interfaces.pc'
[12.445s] Level 1:colcon.colcon_core.environment:checking '/home/omzlette/gitROS/FRA333_LAB_HW/LAB4/install/doppelt_interfaces/lib/python3.8/site-packages'
[12.445s] Level 1:colcon.colcon_core.shell:create_environment_hook('doppelt_interfaces', 'pythonpath')
[12.447s] INFO:colcon.colcon_core.shell:Creating environment hook '/home/omzlette/gitROS/FRA333_LAB_HW/LAB4/install/doppelt_interfaces/share/doppelt_interfaces/hook/pythonpath.ps1'
[12.448s] INFO:colcon.colcon_core.shell:Creating environment descriptor '/home/omzlette/gitROS/FRA333_LAB_HW/LAB4/install/doppelt_interfaces/share/doppelt_interfaces/hook/pythonpath.dsv'
[12.448s] INFO:colcon.colcon_core.shell:Creating environment hook '/home/omzlette/gitROS/FRA333_LAB_HW/LAB4/install/doppelt_interfaces/share/doppelt_interfaces/hook/pythonpath.sh'
[12.449s] Level 1:colcon.colcon_core.environment:checking '/home/omzlette/gitROS/FRA333_LAB_HW/LAB4/install/doppelt_interfaces/bin'
[12.452s] INFO:colcon.colcon_core.shell:Creating package script '/home/omzlette/gitROS/FRA333_LAB_HW/LAB4/install/doppelt_interfaces/share/doppelt_interfaces/package.ps1'
[12.453s] INFO:colcon.colcon_core.shell:Creating package descriptor '/home/omzlette/gitROS/FRA333_LAB_HW/LAB4/install/doppelt_interfaces/share/doppelt_interfaces/package.dsv'
[12.454s] INFO:colcon.colcon_core.shell:Creating package script '/home/omzlette/gitROS/FRA333_LAB_HW/LAB4/install/doppelt_interfaces/share/doppelt_interfaces/package.sh'
[12.455s] INFO:colcon.colcon_core.shell:Creating package script '/home/omzlette/gitROS/FRA333_LAB_HW/LAB4/install/doppelt_interfaces/share/doppelt_interfaces/package.bash'
[12.455s] INFO:colcon.colcon_core.shell:Creating package script '/home/omzlette/gitROS/FRA333_LAB_HW/LAB4/install/doppelt_interfaces/share/doppelt_interfaces/package.zsh'
[12.456s] Level 1:colcon.colcon_core.environment:create_file_with_runtime_dependencies(/home/omzlette/gitROS/FRA333_LAB_HW/LAB4/install/doppelt_interfaces/share/colcon-core/packages/doppelt_interfaces)
[12.456s] DEBUG:colcon.colcon_parallel_executor.executor.parallel:closing loop
[12.457s] DEBUG:colcon.colcon_parallel_executor.executor.parallel:loop closed
[12.458s] DEBUG:colcon.colcon_parallel_executor.executor.parallel:run_until_complete finished with '0'
[12.459s] DEBUG:colcon.colcon_core.event_reactor:joining thread
[12.516s] INFO:colcon.colcon_core.plugin_system:Skipping extension 'colcon_notification.desktop_notification.notify_send': Could not find 'notify-send'
[12.517s] INFO:colcon.colcon_core.plugin_system:Skipping extension 'colcon_notification.desktop_notification.terminal_notifier': Not used on non-Darwin systems
[12.517s] INFO:colcon.colcon_core.plugin_system:Skipping extension 'colcon_notification.desktop_notification.win32': Not used on non-Windows systems
[12.517s] INFO:colcon.colcon_notification.desktop_notification:Sending desktop notification using 'notify2'
[145.020s] DEBUG:colcon.colcon_notification.desktop_notification.notify2:Failed to initialize notify2: org.freedesktop.DBus.Error.Spawn.ExecFailed: /usr/bin/dbus-launch terminated abnormally with the following error: Autolaunch error: X11 initialization failed.

[145.021s] DEBUG:colcon.colcon_core.event_reactor:joined thread
[145.022s] INFO:colcon.colcon_core.shell:Creating prefix script '/home/omzlette/gitROS/FRA333_LAB_HW/LAB4/install/local_setup.ps1'
[145.024s] INFO:colcon.colcon_core.shell:Creating prefix util module '/home/omzlette/gitROS/FRA333_LAB_HW/LAB4/install/_local_setup_util_ps1.py'
[145.026s] INFO:colcon.colcon_core.shell:Creating prefix chain script '/home/omzlette/gitROS/FRA333_LAB_HW/LAB4/install/setup.ps1'
[145.028s] INFO:colcon.colcon_core.shell:Creating prefix script '/home/omzlette/gitROS/FRA333_LAB_HW/LAB4/install/local_setup.sh'
[145.029s] INFO:colcon.colcon_core.shell:Creating prefix util module '/home/omzlette/gitROS/FRA333_LAB_HW/LAB4/install/_local_setup_util_sh.py'
[145.030s] INFO:colcon.colcon_core.shell:Creating prefix chain script '/home/omzlette/gitROS/FRA333_LAB_HW/LAB4/install/setup.sh'
[145.031s] INFO:colcon.colcon_core.shell:Creating prefix script '/home/omzlette/gitROS/FRA333_LAB_HW/LAB4/install/local_setup.bash'
[145.032s] INFO:colcon.colcon_core.shell:Creating prefix chain script '/home/omzlette/gitROS/FRA333_LAB_HW/LAB4/install/setup.bash'
[145.034s] INFO:colcon.colcon_core.shell:Creating prefix script '/home/omzlette/gitROS/FRA333_LAB_HW/LAB4/install/local_setup.zsh'
[145.035s] INFO:colcon.colcon_core.shell:Creating prefix chain script '/home/omzlette/gitROS/FRA333_LAB_HW/LAB4/install/setup.zsh'
