[0.035s] Invoking command in '/home/omzlette/gitRos/LAB2/build/sandevistan_kinematics': CMAKE_PREFIX_PATH=${CMAKE_PREFIX_PATH}:/opt/ros/foxy /usr/bin/cmake --build /home/omzlette/gitRos/LAB2/build/sandevistan_kinematics -- -j12 -l12
[0.068s] Invoked command in '/home/omzlette/gitRos/LAB2/build/sandevistan_kinematics' returned '0': CMAKE_PREFIX_PATH=${CMAKE_PREFIX_PATH}:/opt/ros/foxy /usr/bin/cmake --build /home/omzlette/gitRos/LAB2/build/sandevistan_kinematics -- -j12 -l12
[0.098s] Invoking command in '/home/omzlette/gitRos/LAB2/build/sandevistan_kinematics': CMAKE_PREFIX_PATH=${CMAKE_PREFIX_PATH}:/opt/ros/foxy /usr/bin/cmake --install /home/omzlette/gitRos/LAB2/build/sandevistan_kinematics
[0.108s] -- Install configuration: ""
[0.108s] -- Execute custom install script
[0.108s] -- Up-to-date symlink: /home/omzlette/gitRos/LAB2/install/sandevistan_kinematics/share/sandevistan_kinematics/environment/pythonpath.sh
[0.109s] -- Up-to-date symlink: /home/omzlette/gitRos/LAB2/install/sandevistan_kinematics/share/sandevistan_kinematics/environment/pythonpath.dsv
[0.109s] -- Up-to-date symlink: /home/omzlette/gitRos/LAB2/install/sandevistan_kinematics/lib/python3.8/site-packages/sandevistan_kinematics/__init__.py
[0.109s] -- Up-to-date symlink: /home/omzlette/gitRos/LAB2/install/sandevistan_kinematics/lib/python3.8/site-packages/sandevistan_kinematics/robot_module.py
[0.110s] -- Up-to-date symlink: /home/omzlette/gitRos/LAB2/install/sandevistan_kinematics/lib/sandevistan_kinematics/kinematics_server.py
[0.110s] -- Up-to-date symlink: /home/omzlette/gitRos/LAB2/install/sandevistan_kinematics/share/sandevistan_kinematics/launch/display_with_kinematics_srv.launch.py
[0.110s] -- Up-to-date symlink: /home/omzlette/gitRos/LAB2/install/sandevistan_kinematics/share/ament_index/resource_index/package_run_dependencies/sandevistan_kinematics
[0.111s] -- Up-to-date symlink: /home/omzlette/gitRos/LAB2/install/sandevistan_kinematics/share/ament_index/resource_index/parent_prefix_path/sandevistan_kinematics
[0.111s] -- Up-to-date symlink: /home/omzlette/gitRos/LAB2/install/sandevistan_kinematics/share/sandevistan_kinematics/environment/ament_prefix_path.sh
[0.111s] -- Up-to-date symlink: /home/omzlette/gitRos/LAB2/install/sandevistan_kinematics/share/sandevistan_kinematics/environment/ament_prefix_path.dsv
[0.111s] -- Up-to-date symlink: /home/omzlette/gitRos/LAB2/install/sandevistan_kinematics/share/sandevistan_kinematics/environment/path.sh
[0.112s] -- Up-to-date symlink: /home/omzlette/gitRos/LAB2/install/sandevistan_kinematics/share/sandevistan_kinematics/environment/path.dsv
[0.112s] -- Up-to-date symlink: /home/omzlette/gitRos/LAB2/install/sandevistan_kinematics/share/sandevistan_kinematics/local_setup.bash
[0.112s] -- Up-to-date symlink: /home/omzlette/gitRos/LAB2/install/sandevistan_kinematics/share/sandevistan_kinematics/local_setup.sh
[0.112s] -- Up-to-date symlink: /home/omzlette/gitRos/LAB2/install/sandevistan_kinematics/share/sandevistan_kinematics/local_setup.zsh
[0.112s] -- Up-to-date symlink: /home/omzlette/gitRos/LAB2/install/sandevistan_kinematics/share/sandevistan_kinematics/local_setup.dsv
[0.113s] -- Symlinking: /home/omzlette/gitRos/LAB2/install/sandevistan_kinematics/share/sandevistan_kinematics/package.dsv
[0.121s] -- Up-to-date symlink: /home/omzlette/gitRos/LAB2/install/sandevistan_kinematics/share/ament_index/resource_index/packages/sandevistan_kinematics
[0.121s] -- Up-to-date symlink: /home/omzlette/gitRos/LAB2/install/sandevistan_kinematics/share/sandevistan_kinematics/cmake/sandevistan_kinematicsConfig.cmake
[0.121s] -- Up-to-date symlink: /home/omzlette/gitRos/LAB2/install/sandevistan_kinematics/share/sandevistan_kinematics/cmake/sandevistan_kinematicsConfig-version.cmake
[0.122s] -- Up-to-date symlink: /home/omzlette/gitRos/LAB2/install/sandevistan_kinematics/share/sandevistan_kinematics/package.xml
[0.149s] Listing '/home/omzlette/gitRos/LAB2/install/sandevistan_kinematics/lib/python3.8/site-packages/sandevistan_kinematics'...
[0.179s] Invoked command in '/home/omzlette/gitRos/LAB2/build/sandevistan_kinematics' returned '0': CMAKE_PREFIX_PATH=${CMAKE_PREFIX_PATH}:/opt/ros/foxy /usr/bin/cmake --install /home/omzlette/gitRos/LAB2/build/sandevistan_kinematics
