[0.139s] DEBUG:colcon:Command line arguments: ['/usr/bin/colcon', 'build']
[0.139s] DEBUG:colcon:Parsed command line arguments: Namespace(allow_overriding=[], ament_cmake_args=None, base_paths=['.'], build_base='build', catkin_cmake_args=None, catkin_skip_building_tests=False, cmake_args=None, cmake_clean_cache=False, cmake_clean_first=False, cmake_force_configure=False, cmake_target=None, cmake_target_skip_unavailable=False, continue_on_error=False, event_handlers=None, executor='parallel', ignore_user_meta=False, install_base='install', log_base=None, log_level=None, main=<bound method BuildVerb.main of <colcon_core.verb.build.BuildVerb object at 0x7f0c2084c700>>, merge_install=False, metas=['./colcon.meta'], packages_above=None, packages_above_and_dependencies=None, packages_above_depth=None, packages_end=None, packages_ignore=None, packages_ignore_regex=None, packages_select=None, packages_select_build_failed=False, packages_select_by_dep=None, packages_select_regex=None, packages_select_test_failures=False, packages_skip=None, packages_skip_build_finished=False, packages_skip_by_dep=None, packages_skip_regex=None, packages_skip_test_passed=False, packages_skip_up_to=None, packages_start=None, packages_up_to=None, packages_up_to_regex=None, parallel_workers=12, paths=None, symlink_install=False, test_result_base=None, verb_extension=<colcon_core.verb.build.BuildVerb object at 0x7f0c2084c700>, verb_name='build', verb_parser=<colcon_defaults.argument_parser.defaults.DefaultArgumentsDecorator object at 0x7f0c2084cc40>)
[0.162s] Level 1:colcon.colcon_core.package_discovery:discover_packages(colcon_meta) check parameters
[0.162s] Level 1:colcon.colcon_core.package_discovery:discover_packages(recursive) check parameters
[0.162s] Level 1:colcon.colcon_core.package_discovery:discover_packages(ignore) check parameters
[0.162s] Level 1:colcon.colcon_core.package_discovery:discover_packages(path) check parameters
[0.162s] Level 1:colcon.colcon_core.package_discovery:discover_packages(colcon_meta) discover
[0.162s] Level 1:colcon.colcon_core.package_discovery:discover_packages(recursive) discover
[0.162s] INFO:colcon.colcon_core.package_discovery:Crawling recursively for packages in '/home/omzlette/gitRos/LAB2'
[0.162s] Level 1:colcon.colcon_core.package_identification:_identify(.) by extensions ['ignore', 'ignore_ament_install']
[0.162s] Level 1:colcon.colcon_core.package_identification:_identify(.) by extension 'ignore'
[0.162s] Level 1:colcon.colcon_core.package_identification:_identify(.) by extension 'ignore_ament_install'
[0.162s] Level 1:colcon.colcon_core.package_identification:_identify(.) by extensions ['colcon_pkg']
[0.162s] Level 1:colcon.colcon_core.package_identification:_identify(.) by extension 'colcon_pkg'
[0.162s] Level 1:colcon.colcon_core.package_identification:_identify(.) by extensions ['colcon_meta']
[0.162s] Level 1:colcon.colcon_core.package_identification:_identify(.) by extension 'colcon_meta'
[0.162s] Level 1:colcon.colcon_core.package_identification:_identify(.) by extensions ['ros']
[0.162s] Level 1:colcon.colcon_core.package_identification:_identify(.) by extension 'ros'
[0.178s] Level 1:colcon.colcon_core.package_identification:_identify(.) by extensions ['cmake', 'python']
[0.178s] Level 1:colcon.colcon_core.package_identification:_identify(.) by extension 'cmake'
[0.178s] Level 1:colcon.colcon_core.package_identification:_identify(.) by extension 'python'
[0.178s] Level 1:colcon.colcon_core.package_identification:_identify(.) by extensions ['python_setup_py']
[0.178s] Level 1:colcon.colcon_core.package_identification:_identify(.) by extension 'python_setup_py'
[0.179s] Level 1:colcon.colcon_core.package_identification:_identify(build) by extensions ['ignore', 'ignore_ament_install']
[0.179s] Level 1:colcon.colcon_core.package_identification:_identify(build) by extension 'ignore'
[0.179s] Level 1:colcon.colcon_core.package_identification:_identify(build) ignored
[0.179s] Level 1:colcon.colcon_core.package_identification:_identify(install) by extensions ['ignore', 'ignore_ament_install']
[0.179s] Level 1:colcon.colcon_core.package_identification:_identify(install) by extension 'ignore'
[0.179s] Level 1:colcon.colcon_core.package_identification:_identify(install) ignored
[0.179s] Level 1:colcon.colcon_core.package_identification:_identify(log) by extensions ['ignore', 'ignore_ament_install']
[0.179s] Level 1:colcon.colcon_core.package_identification:_identify(log) by extension 'ignore'
[0.179s] Level 1:colcon.colcon_core.package_identification:_identify(log) ignored
[0.179s] Level 1:colcon.colcon_core.package_identification:_identify(src) by extensions ['ignore', 'ignore_ament_install']
[0.179s] Level 1:colcon.colcon_core.package_identification:_identify(src) by extension 'ignore'
[0.179s] Level 1:colcon.colcon_core.package_identification:_identify(src) by extension 'ignore_ament_install'
[0.179s] Level 1:colcon.colcon_core.package_identification:_identify(src) by extensions ['colcon_pkg']
[0.179s] Level 1:colcon.colcon_core.package_identification:_identify(src) by extension 'colcon_pkg'
[0.179s] Level 1:colcon.colcon_core.package_identification:_identify(src) by extensions ['colcon_meta']
[0.179s] Level 1:colcon.colcon_core.package_identification:_identify(src) by extension 'colcon_meta'
[0.179s] Level 1:colcon.colcon_core.package_identification:_identify(src) by extensions ['ros']
[0.179s] Level 1:colcon.colcon_core.package_identification:_identify(src) by extension 'ros'
[0.180s] Level 1:colcon.colcon_core.package_identification:_identify(src) by extensions ['cmake', 'python']
[0.180s] Level 1:colcon.colcon_core.package_identification:_identify(src) by extension 'cmake'
[0.180s] Level 1:colcon.colcon_core.package_identification:_identify(src) by extension 'python'
[0.180s] Level 1:colcon.colcon_core.package_identification:_identify(src) by extensions ['python_setup_py']
[0.180s] Level 1:colcon.colcon_core.package_identification:_identify(src) by extension 'python_setup_py'
[0.180s] Level 1:colcon.colcon_core.package_identification:_identify(src/CAD) by extensions ['ignore', 'ignore_ament_install']
[0.180s] Level 1:colcon.colcon_core.package_identification:_identify(src/CAD) by extension 'ignore'
[0.180s] Level 1:colcon.colcon_core.package_identification:_identify(src/CAD) by extension 'ignore_ament_install'
[0.180s] Level 1:colcon.colcon_core.package_identification:_identify(src/CAD) by extensions ['colcon_pkg']
[0.180s] Level 1:colcon.colcon_core.package_identification:_identify(src/CAD) by extension 'colcon_pkg'
[0.180s] Level 1:colcon.colcon_core.package_identification:_identify(src/CAD) by extensions ['colcon_meta']
[0.180s] Level 1:colcon.colcon_core.package_identification:_identify(src/CAD) by extension 'colcon_meta'
[0.180s] Level 1:colcon.colcon_core.package_identification:_identify(src/CAD) by extensions ['ros']
[0.180s] Level 1:colcon.colcon_core.package_identification:_identify(src/CAD) by extension 'ros'
[0.180s] Level 1:colcon.colcon_core.package_identification:_identify(src/CAD) by extensions ['cmake', 'python']
[0.180s] Level 1:colcon.colcon_core.package_identification:_identify(src/CAD) by extension 'cmake'
[0.180s] Level 1:colcon.colcon_core.package_identification:_identify(src/CAD) by extension 'python'
[0.180s] Level 1:colcon.colcon_core.package_identification:_identify(src/CAD) by extensions ['python_setup_py']
[0.180s] Level 1:colcon.colcon_core.package_identification:_identify(src/CAD) by extension 'python_setup_py'
[0.181s] Level 1:colcon.colcon_core.package_identification:_identify(src/doc) by extensions ['ignore', 'ignore_ament_install']
[0.181s] Level 1:colcon.colcon_core.package_identification:_identify(src/doc) by extension 'ignore'
[0.181s] Level 1:colcon.colcon_core.package_identification:_identify(src/doc) by extension 'ignore_ament_install'
[0.181s] Level 1:colcon.colcon_core.package_identification:_identify(src/doc) by extensions ['colcon_pkg']
[0.181s] Level 1:colcon.colcon_core.package_identification:_identify(src/doc) by extension 'colcon_pkg'
[0.181s] Level 1:colcon.colcon_core.package_identification:_identify(src/doc) by extensions ['colcon_meta']
[0.181s] Level 1:colcon.colcon_core.package_identification:_identify(src/doc) by extension 'colcon_meta'
[0.181s] Level 1:colcon.colcon_core.package_identification:_identify(src/doc) by extensions ['ros']
[0.181s] Level 1:colcon.colcon_core.package_identification:_identify(src/doc) by extension 'ros'
[0.181s] Level 1:colcon.colcon_core.package_identification:_identify(src/doc) by extensions ['cmake', 'python']
[0.181s] Level 1:colcon.colcon_core.package_identification:_identify(src/doc) by extension 'cmake'
[0.181s] Level 1:colcon.colcon_core.package_identification:_identify(src/doc) by extension 'python'
[0.181s] Level 1:colcon.colcon_core.package_identification:_identify(src/doc) by extensions ['python_setup_py']
[0.181s] Level 1:colcon.colcon_core.package_identification:_identify(src/doc) by extension 'python_setup_py'
[0.181s] Level 1:colcon.colcon_core.package_identification:_identify(src/doc/pic) by extensions ['ignore', 'ignore_ament_install']
[0.181s] Level 1:colcon.colcon_core.package_identification:_identify(src/doc/pic) by extension 'ignore'
[0.181s] Level 1:colcon.colcon_core.package_identification:_identify(src/doc/pic) by extension 'ignore_ament_install'
[0.181s] Level 1:colcon.colcon_core.package_identification:_identify(src/doc/pic) by extensions ['colcon_pkg']
[0.181s] Level 1:colcon.colcon_core.package_identification:_identify(src/doc/pic) by extension 'colcon_pkg'
[0.181s] Level 1:colcon.colcon_core.package_identification:_identify(src/doc/pic) by extensions ['colcon_meta']
[0.181s] Level 1:colcon.colcon_core.package_identification:_identify(src/doc/pic) by extension 'colcon_meta'
[0.182s] Level 1:colcon.colcon_core.package_identification:_identify(src/doc/pic) by extensions ['ros']
[0.182s] Level 1:colcon.colcon_core.package_identification:_identify(src/doc/pic) by extension 'ros'
[0.182s] Level 1:colcon.colcon_core.package_identification:_identify(src/doc/pic) by extensions ['cmake', 'python']
[0.182s] Level 1:colcon.colcon_core.package_identification:_identify(src/doc/pic) by extension 'cmake'
[0.182s] Level 1:colcon.colcon_core.package_identification:_identify(src/doc/pic) by extension 'python'
[0.182s] Level 1:colcon.colcon_core.package_identification:_identify(src/doc/pic) by extensions ['python_setup_py']
[0.182s] Level 1:colcon.colcon_core.package_identification:_identify(src/doc/pic) by extension 'python_setup_py'
[0.182s] Level 1:colcon.colcon_core.package_identification:_identify(src/sandevistan_description) by extensions ['ignore', 'ignore_ament_install']
[0.182s] Level 1:colcon.colcon_core.package_identification:_identify(src/sandevistan_description) by extension 'ignore'
[0.182s] Level 1:colcon.colcon_core.package_identification:_identify(src/sandevistan_description) by extension 'ignore_ament_install'
[0.182s] Level 1:colcon.colcon_core.package_identification:_identify(src/sandevistan_description) by extensions ['colcon_pkg']
[0.182s] Level 1:colcon.colcon_core.package_identification:_identify(src/sandevistan_description) by extension 'colcon_pkg'
[0.182s] Level 1:colcon.colcon_core.package_identification:_identify(src/sandevistan_description) by extensions ['colcon_meta']
[0.182s] Level 1:colcon.colcon_core.package_identification:_identify(src/sandevistan_description) by extension 'colcon_meta'
[0.182s] Level 1:colcon.colcon_core.package_identification:_identify(src/sandevistan_description) by extensions ['ros']
[0.182s] Level 1:colcon.colcon_core.package_identification:_identify(src/sandevistan_description) by extension 'ros'
[0.184s] DEBUG:colcon.colcon_core.package_identification:Package 'src/sandevistan_description' with type 'ros.ament_cmake' and name 'sandevistan_description'
[0.184s] Level 1:colcon.colcon_core.package_identification:_identify(src/sandevistan_kinematics) by extensions ['ignore', 'ignore_ament_install']
[0.184s] Level 1:colcon.colcon_core.package_identification:_identify(src/sandevistan_kinematics) by extension 'ignore'
[0.184s] Level 1:colcon.colcon_core.package_identification:_identify(src/sandevistan_kinematics) by extension 'ignore_ament_install'
[0.184s] Level 1:colcon.colcon_core.package_identification:_identify(src/sandevistan_kinematics) by extensions ['colcon_pkg']
[0.184s] Level 1:colcon.colcon_core.package_identification:_identify(src/sandevistan_kinematics) by extension 'colcon_pkg'
[0.185s] Level 1:colcon.colcon_core.package_identification:_identify(src/sandevistan_kinematics) by extensions ['colcon_meta']
[0.185s] Level 1:colcon.colcon_core.package_identification:_identify(src/sandevistan_kinematics) by extension 'colcon_meta'
[0.185s] Level 1:colcon.colcon_core.package_identification:_identify(src/sandevistan_kinematics) by extensions ['ros']
[0.185s] Level 1:colcon.colcon_core.package_identification:_identify(src/sandevistan_kinematics) by extension 'ros'
[0.185s] DEBUG:colcon.colcon_core.package_identification:Package 'src/sandevistan_kinematics' with type 'ros.ament_cmake' and name 'sandevistan_kinematics'
[0.185s] Level 1:colcon.colcon_core.package_identification:_identify(src/sandevistan_kinematics_interfaces) by extensions ['ignore', 'ignore_ament_install']
[0.185s] Level 1:colcon.colcon_core.package_identification:_identify(src/sandevistan_kinematics_interfaces) by extension 'ignore'
[0.185s] Level 1:colcon.colcon_core.package_identification:_identify(src/sandevistan_kinematics_interfaces) by extension 'ignore_ament_install'
[0.185s] Level 1:colcon.colcon_core.package_identification:_identify(src/sandevistan_kinematics_interfaces) by extensions ['colcon_pkg']
[0.185s] Level 1:colcon.colcon_core.package_identification:_identify(src/sandevistan_kinematics_interfaces) by extension 'colcon_pkg'
[0.185s] Level 1:colcon.colcon_core.package_identification:_identify(src/sandevistan_kinematics_interfaces) by extensions ['colcon_meta']
[0.185s] Level 1:colcon.colcon_core.package_identification:_identify(src/sandevistan_kinematics_interfaces) by extension 'colcon_meta'
[0.185s] Level 1:colcon.colcon_core.package_identification:_identify(src/sandevistan_kinematics_interfaces) by extensions ['ros']
[0.186s] Level 1:colcon.colcon_core.package_identification:_identify(src/sandevistan_kinematics_interfaces) by extension 'ros'
[0.186s] DEBUG:colcon.colcon_core.package_identification:Package 'src/sandevistan_kinematics_interfaces' with type 'ros.ament_cmake' and name 'sandevistan_kinematics_interfaces'
[0.186s] Level 1:colcon.colcon_core.package_discovery:discover_packages(recursive) using defaults
[0.186s] Level 1:colcon.colcon_core.package_discovery:discover_packages(ignore) discover
[0.186s] Level 1:colcon.colcon_core.package_discovery:discover_packages(ignore) using defaults
[0.186s] Level 1:colcon.colcon_core.package_discovery:discover_packages(path) discover
[0.186s] Level 1:colcon.colcon_core.package_discovery:discover_packages(path) using defaults
[0.205s] Level 1:colcon.colcon_core.package_discovery:discover_packages(prefix_path) check parameters
[0.205s] Level 1:colcon.colcon_core.package_discovery:discover_packages(prefix_path) discover
[0.208s] DEBUG:colcon.colcon_installed_package_information.package_discovery:Found 3 installed packages in /home/omzlette/gitRos/LAB2/install
[0.209s] DEBUG:colcon.colcon_installed_package_information.package_discovery:Found 2 installed packages in /home/omzlette/gitRos/LAB1_WS/install
[0.210s] DEBUG:colcon.colcon_installed_package_information.package_discovery:Found 1 installed packages in /home/omzlette/ROS2Dir/FRA333_WS/install
[0.211s] DEBUG:colcon.colcon_installed_package_information.package_discovery:Found 1 installed packages in /home/omzlette/ROS2Dir/estella_ws/install
[0.213s] DEBUG:colcon.colcon_installed_package_information.package_discovery:Found 265 installed packages in /opt/ros/foxy
[0.214s] Level 1:colcon.colcon_core.package_discovery:discover_packages(prefix_path) using defaults
[0.276s] Level 5:colcon.colcon_core.verb:set package 'sandevistan_description' build argument 'cmake_args' from command line to 'None'
[0.276s] Level 5:colcon.colcon_core.verb:set package 'sandevistan_description' build argument 'cmake_target' from command line to 'None'
[0.276s] Level 5:colcon.colcon_core.verb:set package 'sandevistan_description' build argument 'cmake_target_skip_unavailable' from command line to 'False'
[0.276s] Level 5:colcon.colcon_core.verb:set package 'sandevistan_description' build argument 'cmake_clean_cache' from command line to 'False'
[0.276s] Level 5:colcon.colcon_core.verb:set package 'sandevistan_description' build argument 'cmake_clean_first' from command line to 'False'
[0.276s] Level 5:colcon.colcon_core.verb:set package 'sandevistan_description' build argument 'cmake_force_configure' from command line to 'False'
[0.276s] Level 5:colcon.colcon_core.verb:set package 'sandevistan_description' build argument 'ament_cmake_args' from command line to 'None'
[0.276s] Level 5:colcon.colcon_core.verb:set package 'sandevistan_description' build argument 'catkin_cmake_args' from command line to 'None'
[0.276s] Level 5:colcon.colcon_core.verb:set package 'sandevistan_description' build argument 'catkin_skip_building_tests' from command line to 'False'
[0.276s] DEBUG:colcon.colcon_core.verb:Building package 'sandevistan_description' with the following arguments: {'ament_cmake_args': None, 'build_base': '/home/omzlette/gitRos/LAB2/build/sandevistan_description', 'catkin_cmake_args': None, 'catkin_skip_building_tests': False, 'cmake_args': None, 'cmake_clean_cache': False, 'cmake_clean_first': False, 'cmake_force_configure': False, 'cmake_target': None, 'cmake_target_skip_unavailable': False, 'install_base': '/home/omzlette/gitRos/LAB2/install/sandevistan_description', 'merge_install': False, 'path': '/home/omzlette/gitRos/LAB2/src/sandevistan_description', 'symlink_install': False, 'test_result_base': None}
[0.278s] Level 5:colcon.colcon_core.verb:set package 'sandevistan_kinematics' build argument 'cmake_args' from command line to 'None'
[0.278s] Level 5:colcon.colcon_core.verb:set package 'sandevistan_kinematics' build argument 'cmake_target' from command line to 'None'
[0.278s] Level 5:colcon.colcon_core.verb:set package 'sandevistan_kinematics' build argument 'cmake_target_skip_unavailable' from command line to 'False'
[0.278s] Level 5:colcon.colcon_core.verb:set package 'sandevistan_kinematics' build argument 'cmake_clean_cache' from command line to 'False'
[0.278s] Level 5:colcon.colcon_core.verb:set package 'sandevistan_kinematics' build argument 'cmake_clean_first' from command line to 'False'
[0.278s] Level 5:colcon.colcon_core.verb:set package 'sandevistan_kinematics' build argument 'cmake_force_configure' from command line to 'False'
[0.278s] Level 5:colcon.colcon_core.verb:set package 'sandevistan_kinematics' build argument 'ament_cmake_args' from command line to 'None'
[0.278s] Level 5:colcon.colcon_core.verb:set package 'sandevistan_kinematics' build argument 'catkin_cmake_args' from command line to 'None'
[0.278s] Level 5:colcon.colcon_core.verb:set package 'sandevistan_kinematics' build argument 'catkin_skip_building_tests' from command line to 'False'
[0.278s] DEBUG:colcon.colcon_core.verb:Building package 'sandevistan_kinematics' with the following arguments: {'ament_cmake_args': None, 'build_base': '/home/omzlette/gitRos/LAB2/build/sandevistan_kinematics', 'catkin_cmake_args': None, 'catkin_skip_building_tests': False, 'cmake_args': None, 'cmake_clean_cache': False, 'cmake_clean_first': False, 'cmake_force_configure': False, 'cmake_target': None, 'cmake_target_skip_unavailable': False, 'install_base': '/home/omzlette/gitRos/LAB2/install/sandevistan_kinematics', 'merge_install': False, 'path': '/home/omzlette/gitRos/LAB2/src/sandevistan_kinematics', 'symlink_install': False, 'test_result_base': None}
[0.279s] Level 5:colcon.colcon_core.verb:set package 'sandevistan_kinematics_interfaces' build argument 'cmake_args' from command line to 'None'
[0.279s] Level 5:colcon.colcon_core.verb:set package 'sandevistan_kinematics_interfaces' build argument 'cmake_target' from command line to 'None'
[0.279s] Level 5:colcon.colcon_core.verb:set package 'sandevistan_kinematics_interfaces' build argument 'cmake_target_skip_unavailable' from command line to 'False'
[0.279s] Level 5:colcon.colcon_core.verb:set package 'sandevistan_kinematics_interfaces' build argument 'cmake_clean_cache' from command line to 'False'
[0.279s] Level 5:colcon.colcon_core.verb:set package 'sandevistan_kinematics_interfaces' build argument 'cmake_clean_first' from command line to 'False'
[0.279s] Level 5:colcon.colcon_core.verb:set package 'sandevistan_kinematics_interfaces' build argument 'cmake_force_configure' from command line to 'False'
[0.279s] Level 5:colcon.colcon_core.verb:set package 'sandevistan_kinematics_interfaces' build argument 'ament_cmake_args' from command line to 'None'
[0.279s] Level 5:colcon.colcon_core.verb:set package 'sandevistan_kinematics_interfaces' build argument 'catkin_cmake_args' from command line to 'None'
[0.279s] Level 5:colcon.colcon_core.verb:set package 'sandevistan_kinematics_interfaces' build argument 'catkin_skip_building_tests' from command line to 'False'
[0.279s] DEBUG:colcon.colcon_core.verb:Building package 'sandevistan_kinematics_interfaces' with the following arguments: {'ament_cmake_args': None, 'build_base': '/home/omzlette/gitRos/LAB2/build/sandevistan_kinematics_interfaces', 'catkin_cmake_args': None, 'catkin_skip_building_tests': False, 'cmake_args': None, 'cmake_clean_cache': False, 'cmake_clean_first': False, 'cmake_force_configure': False, 'cmake_target': None, 'cmake_target_skip_unavailable': False, 'install_base': '/home/omzlette/gitRos/LAB2/install/sandevistan_kinematics_interfaces', 'merge_install': False, 'path': '/home/omzlette/gitRos/LAB2/src/sandevistan_kinematics_interfaces', 'symlink_install': False, 'test_result_base': None}
[0.280s] INFO:colcon.colcon_core.executor:Executing jobs using 'parallel' executor
[0.286s] DEBUG:colcon.colcon_parallel_executor.executor.parallel:run_until_complete
[0.286s] INFO:colcon.colcon_ros.task.ament_cmake.build:Building ROS package in '/home/omzlette/gitRos/LAB2/src/sandevistan_description' with build type 'ament_cmake'
[0.286s] INFO:colcon.colcon_cmake.task.cmake.build:Building CMake package in '/home/omzlette/gitRos/LAB2/src/sandevistan_description'
[0.291s] INFO:colcon.colcon_core.plugin_system:Skipping extension 'colcon_core.shell.bat': Not used on non-Windows systems
[0.291s] INFO:colcon.colcon_core.shell:Skip shell extension 'powershell' for command environment: Not usable outside of PowerShell
[0.291s] DEBUG:colcon.colcon_core.shell:Skip shell extension 'dsv' for command environment
[0.300s] INFO:colcon.colcon_ros.task.ament_cmake.build:Building ROS package in '/home/omzlette/gitRos/LAB2/src/sandevistan_kinematics' with build type 'ament_cmake'
[0.300s] INFO:colcon.colcon_cmake.task.cmake.build:Building CMake package in '/home/omzlette/gitRos/LAB2/src/sandevistan_kinematics'
[0.303s] INFO:colcon.colcon_core.shell:Skip shell extension 'powershell' for command environment: Not usable outside of PowerShell
[0.303s] DEBUG:colcon.colcon_core.shell:Skip shell extension 'dsv' for command environment
[0.312s] INFO:colcon.colcon_ros.task.ament_cmake.build:Building ROS package in '/home/omzlette/gitRos/LAB2/src/sandevistan_kinematics_interfaces' with build type 'ament_cmake'
[0.312s] INFO:colcon.colcon_cmake.task.cmake.build:Building CMake package in '/home/omzlette/gitRos/LAB2/src/sandevistan_kinematics_interfaces'
[0.314s] INFO:colcon.colcon_core.shell:Skip shell extension 'powershell' for command environment: Not usable outside of PowerShell
[0.314s] DEBUG:colcon.colcon_core.shell:Skip shell extension 'dsv' for command environment
[0.328s] DEBUG:colcon.colcon_core.event_handler.log_command:Invoking command in '/home/omzlette/gitRos/LAB2/build/sandevistan_description': CMAKE_PREFIX_PATH=${CMAKE_PREFIX_PATH}:/opt/ros/foxy /usr/bin/cmake --build /home/omzlette/gitRos/LAB2/build/sandevistan_description -- -j12 -l12
[0.332s] DEBUG:colcon.colcon_core.event_handler.log_command:Invoking command in '/home/omzlette/gitRos/LAB2/build/sandevistan_kinematics': CMAKE_PREFIX_PATH=${CMAKE_PREFIX_PATH}:/opt/ros/foxy /usr/bin/cmake --build /home/omzlette/gitRos/LAB2/build/sandevistan_kinematics -- -j12 -l12
[0.336s] DEBUG:colcon.colcon_core.event_handler.log_command:Invoking command in '/home/omzlette/gitRos/LAB2/build/sandevistan_kinematics_interfaces': CMAKE_PREFIX_PATH=${CMAKE_PREFIX_PATH}:/opt/ros/foxy /usr/bin/cmake --build /home/omzlette/gitRos/LAB2/build/sandevistan_kinematics_interfaces -- -j12 -l12
[0.357s] DEBUG:colcon.colcon_core.event_handler.log_command:Invoked command in '/home/omzlette/gitRos/LAB2/build/sandevistan_description' returned '0': CMAKE_PREFIX_PATH=${CMAKE_PREFIX_PATH}:/opt/ros/foxy /usr/bin/cmake --build /home/omzlette/gitRos/LAB2/build/sandevistan_description -- -j12 -l12
[0.363s] DEBUG:colcon.colcon_core.event_handler.log_command:Invoked command in '/home/omzlette/gitRos/LAB2/build/sandevistan_kinematics' returned '0': CMAKE_PREFIX_PATH=${CMAKE_PREFIX_PATH}:/opt/ros/foxy /usr/bin/cmake --build /home/omzlette/gitRos/LAB2/build/sandevistan_kinematics -- -j12 -l12
[0.382s] DEBUG:colcon.colcon_core.event_handler.log_command:Invoking command in '/home/omzlette/gitRos/LAB2/build/sandevistan_description': CMAKE_PREFIX_PATH=${CMAKE_PREFIX_PATH}:/opt/ros/foxy /usr/bin/cmake --install /home/omzlette/gitRos/LAB2/build/sandevistan_description
[0.385s] DEBUG:colcon.colcon_core.event_handler.log_command:Invoking command in '/home/omzlette/gitRos/LAB2/build/sandevistan_kinematics': CMAKE_PREFIX_PATH=${CMAKE_PREFIX_PATH}:/opt/ros/foxy /usr/bin/cmake --install /home/omzlette/gitRos/LAB2/build/sandevistan_kinematics
[0.436s] Level 1:colcon.colcon_core.environment:create_environment_scripts_only(sandevistan_description)
[0.438s] DEBUG:colcon.colcon_core.event_handler.log_command:Invoked command in '/home/omzlette/gitRos/LAB2/build/sandevistan_description' returned '0': CMAKE_PREFIX_PATH=${CMAKE_PREFIX_PATH}:/opt/ros/foxy /usr/bin/cmake --install /home/omzlette/gitRos/LAB2/build/sandevistan_description
[0.443s] Level 1:colcon.colcon_core.environment:checking '/home/omzlette/gitRos/LAB2/install/sandevistan_description' for CMake module files
[0.443s] Level 1:colcon.colcon_core.environment:checking '/home/omzlette/gitRos/LAB2/install/sandevistan_description' for CMake config files
[0.444s] Level 1:colcon.colcon_core.shell:create_environment_hook('sandevistan_description', 'cmake_prefix_path')
[0.446s] INFO:colcon.colcon_core.shell:Creating environment hook '/home/omzlette/gitRos/LAB2/install/sandevistan_description/share/sandevistan_description/hook/cmake_prefix_path.ps1'
[0.447s] INFO:colcon.colcon_core.shell:Creating environment descriptor '/home/omzlette/gitRos/LAB2/install/sandevistan_description/share/sandevistan_description/hook/cmake_prefix_path.dsv'
[0.447s] INFO:colcon.colcon_core.shell:Creating environment hook '/home/omzlette/gitRos/LAB2/install/sandevistan_description/share/sandevistan_description/hook/cmake_prefix_path.sh'
[0.448s] Level 1:colcon.colcon_core.environment:checking '/home/omzlette/gitRos/LAB2/install/sandevistan_description/lib'
[0.448s] Level 1:colcon.colcon_core.environment:checking '/home/omzlette/gitRos/LAB2/install/sandevistan_description/bin'
[0.448s] Level 1:colcon.colcon_core.environment:checking '/home/omzlette/gitRos/LAB2/install/sandevistan_description/lib/pkgconfig/sandevistan_description.pc'
[0.448s] Level 1:colcon.colcon_core.environment:checking '/home/omzlette/gitRos/LAB2/install/sandevistan_description/lib/python3.8/site-packages'
[0.448s] Level 1:colcon.colcon_core.shell:create_environment_hook('sandevistan_description', 'pythonpath')
[0.451s] INFO:colcon.colcon_core.shell:Creating environment hook '/home/omzlette/gitRos/LAB2/install/sandevistan_description/share/sandevistan_description/hook/pythonpath.ps1'
[0.451s] INFO:colcon.colcon_core.shell:Creating environment descriptor '/home/omzlette/gitRos/LAB2/install/sandevistan_description/share/sandevistan_description/hook/pythonpath.dsv'
[0.451s] INFO:colcon.colcon_core.shell:Creating environment hook '/home/omzlette/gitRos/LAB2/install/sandevistan_description/share/sandevistan_description/hook/pythonpath.sh'
[0.452s] Level 1:colcon.colcon_core.environment:checking '/home/omzlette/gitRos/LAB2/install/sandevistan_description/bin'
[0.454s] INFO:colcon.colcon_core.shell:Creating package script '/home/omzlette/gitRos/LAB2/install/sandevistan_description/share/sandevistan_description/package.ps1'
[0.455s] INFO:colcon.colcon_core.shell:Creating package descriptor '/home/omzlette/gitRos/LAB2/install/sandevistan_description/share/sandevistan_description/package.dsv'
[0.455s] INFO:colcon.colcon_core.shell:Creating package script '/home/omzlette/gitRos/LAB2/install/sandevistan_description/share/sandevistan_description/package.sh'
[0.456s] INFO:colcon.colcon_core.shell:Creating package script '/home/omzlette/gitRos/LAB2/install/sandevistan_description/share/sandevistan_description/package.bash'
[0.456s] INFO:colcon.colcon_core.shell:Creating package script '/home/omzlette/gitRos/LAB2/install/sandevistan_description/share/sandevistan_description/package.zsh'
[0.457s] Level 1:colcon.colcon_core.environment:create_file_with_runtime_dependencies(/home/omzlette/gitRos/LAB2/install/sandevistan_description/share/colcon-core/packages/sandevistan_description)
[0.460s] Level 1:colcon.colcon_core.environment:create_environment_scripts_only(sandevistan_kinematics)
[0.464s] Level 1:colcon.colcon_core.environment:checking '/home/omzlette/gitRos/LAB2/install/sandevistan_kinematics' for CMake module files
[0.464s] DEBUG:colcon.colcon_core.event_handler.log_command:Invoked command in '/home/omzlette/gitRos/LAB2/build/sandevistan_kinematics' returned '0': CMAKE_PREFIX_PATH=${CMAKE_PREFIX_PATH}:/opt/ros/foxy /usr/bin/cmake --install /home/omzlette/gitRos/LAB2/build/sandevistan_kinematics
[0.465s] Level 1:colcon.colcon_core.environment:checking '/home/omzlette/gitRos/LAB2/install/sandevistan_kinematics' for CMake config files
[0.465s] Level 1:colcon.colcon_core.shell:create_environment_hook('sandevistan_kinematics', 'cmake_prefix_path')
[0.467s] INFO:colcon.colcon_core.shell:Creating environment hook '/home/omzlette/gitRos/LAB2/install/sandevistan_kinematics/share/sandevistan_kinematics/hook/cmake_prefix_path.ps1'
[0.468s] INFO:colcon.colcon_core.shell:Creating environment descriptor '/home/omzlette/gitRos/LAB2/install/sandevistan_kinematics/share/sandevistan_kinematics/hook/cmake_prefix_path.dsv'
[0.468s] INFO:colcon.colcon_core.shell:Creating environment hook '/home/omzlette/gitRos/LAB2/install/sandevistan_kinematics/share/sandevistan_kinematics/hook/cmake_prefix_path.sh'
[0.469s] Level 1:colcon.colcon_core.environment:checking '/home/omzlette/gitRos/LAB2/install/sandevistan_kinematics/lib'
[0.469s] Level 1:colcon.colcon_core.environment:checking '/home/omzlette/gitRos/LAB2/install/sandevistan_kinematics/bin'
[0.469s] Level 1:colcon.colcon_core.environment:checking '/home/omzlette/gitRos/LAB2/install/sandevistan_kinematics/lib/pkgconfig/sandevistan_kinematics.pc'
[0.469s] Level 1:colcon.colcon_core.environment:checking '/home/omzlette/gitRos/LAB2/install/sandevistan_kinematics/lib/python3.8/site-packages'
[0.469s] Level 1:colcon.colcon_core.shell:create_environment_hook('sandevistan_kinematics', 'pythonpath')
[0.471s] INFO:colcon.colcon_core.shell:Creating environment hook '/home/omzlette/gitRos/LAB2/install/sandevistan_kinematics/share/sandevistan_kinematics/hook/pythonpath.ps1'
[0.472s] INFO:colcon.colcon_core.shell:Creating environment descriptor '/home/omzlette/gitRos/LAB2/install/sandevistan_kinematics/share/sandevistan_kinematics/hook/pythonpath.dsv'
[0.472s] INFO:colcon.colcon_core.shell:Creating environment hook '/home/omzlette/gitRos/LAB2/install/sandevistan_kinematics/share/sandevistan_kinematics/hook/pythonpath.sh'
[0.472s] Level 1:colcon.colcon_core.environment:checking '/home/omzlette/gitRos/LAB2/install/sandevistan_kinematics/bin'
[0.475s] INFO:colcon.colcon_core.shell:Creating package script '/home/omzlette/gitRos/LAB2/install/sandevistan_kinematics/share/sandevistan_kinematics/package.ps1'
[0.476s] INFO:colcon.colcon_core.shell:Creating package descriptor '/home/omzlette/gitRos/LAB2/install/sandevistan_kinematics/share/sandevistan_kinematics/package.dsv'
[0.476s] INFO:colcon.colcon_core.shell:Creating package script '/home/omzlette/gitRos/LAB2/install/sandevistan_kinematics/share/sandevistan_kinematics/package.sh'
[0.476s] INFO:colcon.colcon_core.shell:Creating package script '/home/omzlette/gitRos/LAB2/install/sandevistan_kinematics/share/sandevistan_kinematics/package.bash'
[0.477s] INFO:colcon.colcon_core.shell:Creating package script '/home/omzlette/gitRos/LAB2/install/sandevistan_kinematics/share/sandevistan_kinematics/package.zsh'
[0.477s] Level 1:colcon.colcon_core.environment:create_file_with_runtime_dependencies(/home/omzlette/gitRos/LAB2/install/sandevistan_kinematics/share/colcon-core/packages/sandevistan_kinematics)
[0.482s] Level 1:colcon.colcon_core.environment:create_environment_scripts_only(sandevistan_description)
[0.485s] Level 1:colcon.colcon_core.environment:checking '/home/omzlette/gitRos/LAB2/install/sandevistan_description' for CMake module files
[0.486s] Level 1:colcon.colcon_core.environment:checking '/home/omzlette/gitRos/LAB2/install/sandevistan_description' for CMake config files
[0.486s] Level 1:colcon.colcon_core.shell:create_environment_hook('sandevistan_description', 'cmake_prefix_path')
[0.488s] INFO:colcon.colcon_core.shell:Creating environment hook '/home/omzlette/gitRos/LAB2/install/sandevistan_description/share/sandevistan_description/hook/cmake_prefix_path.ps1'
[0.489s] INFO:colcon.colcon_core.shell:Creating environment descriptor '/home/omzlette/gitRos/LAB2/install/sandevistan_description/share/sandevistan_description/hook/cmake_prefix_path.dsv'
[0.489s] INFO:colcon.colcon_core.shell:Creating environment hook '/home/omzlette/gitRos/LAB2/install/sandevistan_description/share/sandevistan_description/hook/cmake_prefix_path.sh'
[0.489s] Level 1:colcon.colcon_core.environment:checking '/home/omzlette/gitRos/LAB2/install/sandevistan_description/lib'
[0.490s] Level 1:colcon.colcon_core.environment:checking '/home/omzlette/gitRos/LAB2/install/sandevistan_description/bin'
[0.490s] Level 1:colcon.colcon_core.environment:checking '/home/omzlette/gitRos/LAB2/install/sandevistan_description/lib/pkgconfig/sandevistan_description.pc'
[0.490s] Level 1:colcon.colcon_core.environment:checking '/home/omzlette/gitRos/LAB2/install/sandevistan_description/lib/python3.8/site-packages'
[0.490s] Level 1:colcon.colcon_core.shell:create_environment_hook('sandevistan_description', 'pythonpath')
[0.492s] INFO:colcon.colcon_core.shell:Creating environment hook '/home/omzlette/gitRos/LAB2/install/sandevistan_description/share/sandevistan_description/hook/pythonpath.ps1'
[0.493s] INFO:colcon.colcon_core.shell:Creating environment descriptor '/home/omzlette/gitRos/LAB2/install/sandevistan_description/share/sandevistan_description/hook/pythonpath.dsv'
[0.493s] INFO:colcon.colcon_core.shell:Creating environment hook '/home/omzlette/gitRos/LAB2/install/sandevistan_description/share/sandevistan_description/hook/pythonpath.sh'
[0.493s] Level 1:colcon.colcon_core.environment:checking '/home/omzlette/gitRos/LAB2/install/sandevistan_description/bin'
[0.496s] INFO:colcon.colcon_core.shell:Creating package script '/home/omzlette/gitRos/LAB2/install/sandevistan_description/share/sandevistan_description/package.ps1'
[0.496s] INFO:colcon.colcon_core.shell:Creating package descriptor '/home/omzlette/gitRos/LAB2/install/sandevistan_description/share/sandevistan_description/package.dsv'
[0.497s] INFO:colcon.colcon_core.shell:Creating package script '/home/omzlette/gitRos/LAB2/install/sandevistan_description/share/sandevistan_description/package.sh'
[0.497s] INFO:colcon.colcon_core.shell:Creating package script '/home/omzlette/gitRos/LAB2/install/sandevistan_description/share/sandevistan_description/package.bash'
[0.498s] INFO:colcon.colcon_core.shell:Creating package script '/home/omzlette/gitRos/LAB2/install/sandevistan_description/share/sandevistan_description/package.zsh'
[0.498s] Level 1:colcon.colcon_core.environment:create_file_with_runtime_dependencies(/home/omzlette/gitRos/LAB2/install/sandevistan_description/share/colcon-core/packages/sandevistan_description)
[0.501s] Level 1:colcon.colcon_core.environment:create_environment_scripts_only(sandevistan_kinematics)
[0.504s] Level 1:colcon.colcon_core.environment:checking '/home/omzlette/gitRos/LAB2/install/sandevistan_kinematics' for CMake module files
[0.505s] Level 1:colcon.colcon_core.environment:checking '/home/omzlette/gitRos/LAB2/install/sandevistan_kinematics' for CMake config files
[0.505s] Level 1:colcon.colcon_core.shell:create_environment_hook('sandevistan_kinematics', 'cmake_prefix_path')
[0.507s] INFO:colcon.colcon_core.shell:Creating environment hook '/home/omzlette/gitRos/LAB2/install/sandevistan_kinematics/share/sandevistan_kinematics/hook/cmake_prefix_path.ps1'
[0.507s] INFO:colcon.colcon_core.shell:Creating environment descriptor '/home/omzlette/gitRos/LAB2/install/sandevistan_kinematics/share/sandevistan_kinematics/hook/cmake_prefix_path.dsv'
[0.508s] INFO:colcon.colcon_core.shell:Creating environment hook '/home/omzlette/gitRos/LAB2/install/sandevistan_kinematics/share/sandevistan_kinematics/hook/cmake_prefix_path.sh'
[0.508s] Level 1:colcon.colcon_core.environment:checking '/home/omzlette/gitRos/LAB2/install/sandevistan_kinematics/lib'
[0.508s] Level 1:colcon.colcon_core.environment:checking '/home/omzlette/gitRos/LAB2/install/sandevistan_kinematics/bin'
[0.508s] Level 1:colcon.colcon_core.environment:checking '/home/omzlette/gitRos/LAB2/install/sandevistan_kinematics/lib/pkgconfig/sandevistan_kinematics.pc'
[0.508s] Level 1:colcon.colcon_core.environment:checking '/home/omzlette/gitRos/LAB2/install/sandevistan_kinematics/lib/python3.8/site-packages'
[0.509s] Level 1:colcon.colcon_core.shell:create_environment_hook('sandevistan_kinematics', 'pythonpath')
[0.511s] INFO:colcon.colcon_core.shell:Creating environment hook '/home/omzlette/gitRos/LAB2/install/sandevistan_kinematics/share/sandevistan_kinematics/hook/pythonpath.ps1'
[0.511s] INFO:colcon.colcon_core.shell:Creating environment descriptor '/home/omzlette/gitRos/LAB2/install/sandevistan_kinematics/share/sandevistan_kinematics/hook/pythonpath.dsv'
[0.511s] INFO:colcon.colcon_core.shell:Creating environment hook '/home/omzlette/gitRos/LAB2/install/sandevistan_kinematics/share/sandevistan_kinematics/hook/pythonpath.sh'
[0.512s] Level 1:colcon.colcon_core.environment:checking '/home/omzlette/gitRos/LAB2/install/sandevistan_kinematics/bin'
[0.514s] INFO:colcon.colcon_core.shell:Creating package script '/home/omzlette/gitRos/LAB2/install/sandevistan_kinematics/share/sandevistan_kinematics/package.ps1'
[0.514s] INFO:colcon.colcon_core.shell:Creating package descriptor '/home/omzlette/gitRos/LAB2/install/sandevistan_kinematics/share/sandevistan_kinematics/package.dsv'
[0.515s] INFO:colcon.colcon_core.shell:Creating package script '/home/omzlette/gitRos/LAB2/install/sandevistan_kinematics/share/sandevistan_kinematics/package.sh'
[0.515s] INFO:colcon.colcon_core.shell:Creating package script '/home/omzlette/gitRos/LAB2/install/sandevistan_kinematics/share/sandevistan_kinematics/package.bash'
[0.516s] INFO:colcon.colcon_core.shell:Creating package script '/home/omzlette/gitRos/LAB2/install/sandevistan_kinematics/share/sandevistan_kinematics/package.zsh'
[0.516s] Level 1:colcon.colcon_core.environment:create_file_with_runtime_dependencies(/home/omzlette/gitRos/LAB2/install/sandevistan_kinematics/share/colcon-core/packages/sandevistan_kinematics)
[1.150s] DEBUG:colcon.colcon_core.event_handler.log_command:Invoked command in '/home/omzlette/gitRos/LAB2/build/sandevistan_kinematics_interfaces' returned '2': CMAKE_PREFIX_PATH=${CMAKE_PREFIX_PATH}:/opt/ros/foxy /usr/bin/cmake --build /home/omzlette/gitRos/LAB2/build/sandevistan_kinematics_interfaces -- -j12 -l12
[1.203s] Level 1:colcon.colcon_core.environment:create_environment_scripts_only(sandevistan_kinematics_interfaces)
[1.207s] Level 1:colcon.colcon_core.environment:checking '/home/omzlette/gitRos/LAB2/install/sandevistan_kinematics_interfaces' for CMake module files
[1.207s] Level 1:colcon.colcon_core.environment:checking '/home/omzlette/gitRos/LAB2/install/sandevistan_kinematics_interfaces' for CMake config files
[1.208s] Level 1:colcon.colcon_core.shell:create_environment_hook('sandevistan_kinematics_interfaces', 'cmake_prefix_path')
[1.210s] INFO:colcon.colcon_core.shell:Creating environment hook '/home/omzlette/gitRos/LAB2/install/sandevistan_kinematics_interfaces/share/sandevistan_kinematics_interfaces/hook/cmake_prefix_path.ps1'
[1.211s] INFO:colcon.colcon_core.shell:Creating environment descriptor '/home/omzlette/gitRos/LAB2/install/sandevistan_kinematics_interfaces/share/sandevistan_kinematics_interfaces/hook/cmake_prefix_path.dsv'
[1.211s] INFO:colcon.colcon_core.shell:Creating environment hook '/home/omzlette/gitRos/LAB2/install/sandevistan_kinematics_interfaces/share/sandevistan_kinematics_interfaces/hook/cmake_prefix_path.sh'
[1.212s] Level 1:colcon.colcon_core.environment:checking '/home/omzlette/gitRos/LAB2/install/sandevistan_kinematics_interfaces/lib'
[1.212s] Level 1:colcon.colcon_core.shell:create_environment_hook('sandevistan_kinematics_interfaces', 'ld_library_path_lib')
[1.214s] INFO:colcon.colcon_core.shell:Creating environment hook '/home/omzlette/gitRos/LAB2/install/sandevistan_kinematics_interfaces/share/sandevistan_kinematics_interfaces/hook/ld_library_path_lib.ps1'
[1.215s] INFO:colcon.colcon_core.shell:Creating environment descriptor '/home/omzlette/gitRos/LAB2/install/sandevistan_kinematics_interfaces/share/sandevistan_kinematics_interfaces/hook/ld_library_path_lib.dsv'
[1.215s] INFO:colcon.colcon_core.shell:Creating environment hook '/home/omzlette/gitRos/LAB2/install/sandevistan_kinematics_interfaces/share/sandevistan_kinematics_interfaces/hook/ld_library_path_lib.sh'
[1.215s] Level 1:colcon.colcon_core.environment:checking '/home/omzlette/gitRos/LAB2/install/sandevistan_kinematics_interfaces/bin'
[1.215s] Level 1:colcon.colcon_core.environment:checking '/home/omzlette/gitRos/LAB2/install/sandevistan_kinematics_interfaces/lib/pkgconfig/sandevistan_kinematics_interfaces.pc'
[1.215s] Level 1:colcon.colcon_core.environment:checking '/home/omzlette/gitRos/LAB2/install/sandevistan_kinematics_interfaces/lib/python3.8/site-packages'
[1.216s] Level 1:colcon.colcon_core.shell:create_environment_hook('sandevistan_kinematics_interfaces', 'pythonpath')
[1.218s] INFO:colcon.colcon_core.shell:Creating environment hook '/home/omzlette/gitRos/LAB2/install/sandevistan_kinematics_interfaces/share/sandevistan_kinematics_interfaces/hook/pythonpath.ps1'
[1.218s] INFO:colcon.colcon_core.shell:Creating environment descriptor '/home/omzlette/gitRos/LAB2/install/sandevistan_kinematics_interfaces/share/sandevistan_kinematics_interfaces/hook/pythonpath.dsv'
[1.218s] INFO:colcon.colcon_core.shell:Creating environment hook '/home/omzlette/gitRos/LAB2/install/sandevistan_kinematics_interfaces/share/sandevistan_kinematics_interfaces/hook/pythonpath.sh'
[1.219s] Level 1:colcon.colcon_core.environment:checking '/home/omzlette/gitRos/LAB2/install/sandevistan_kinematics_interfaces/bin'
[1.221s] INFO:colcon.colcon_core.shell:Creating package script '/home/omzlette/gitRos/LAB2/install/sandevistan_kinematics_interfaces/share/sandevistan_kinematics_interfaces/package.ps1'
[1.221s] INFO:colcon.colcon_core.shell:Creating package descriptor '/home/omzlette/gitRos/LAB2/install/sandevistan_kinematics_interfaces/share/sandevistan_kinematics_interfaces/package.dsv'
[1.222s] INFO:colcon.colcon_core.shell:Creating package script '/home/omzlette/gitRos/LAB2/install/sandevistan_kinematics_interfaces/share/sandevistan_kinematics_interfaces/package.sh'
[1.222s] INFO:colcon.colcon_core.shell:Creating package script '/home/omzlette/gitRos/LAB2/install/sandevistan_kinematics_interfaces/share/sandevistan_kinematics_interfaces/package.bash'
[1.223s] INFO:colcon.colcon_core.shell:Creating package script '/home/omzlette/gitRos/LAB2/install/sandevistan_kinematics_interfaces/share/sandevistan_kinematics_interfaces/package.zsh'
[1.223s] Level 1:colcon.colcon_core.environment:create_file_with_runtime_dependencies(/home/omzlette/gitRos/LAB2/install/sandevistan_kinematics_interfaces/share/colcon-core/packages/sandevistan_kinematics_interfaces)
[1.233s] DEBUG:colcon.colcon_parallel_executor.executor.parallel:closing loop
[1.234s] DEBUG:colcon.colcon_parallel_executor.executor.parallel:loop closed
[1.234s] DEBUG:colcon.colcon_parallel_executor.executor.parallel:run_until_complete finished with '2'
[1.234s] DEBUG:colcon.colcon_core.event_reactor:joining thread
[1.240s] INFO:colcon.colcon_core.plugin_system:Skipping extension 'colcon_notification.desktop_notification.terminal_notifier': Not used on non-Darwin systems
[1.241s] INFO:colcon.colcon_core.plugin_system:Skipping extension 'colcon_notification.desktop_notification.win32': Not used on non-Windows systems
[1.241s] INFO:colcon.colcon_notification.desktop_notification:Sending desktop notification using 'notify2'
[1.252s] DEBUG:colcon.colcon_core.event_reactor:joined thread
[1.254s] INFO:colcon.colcon_core.shell:Creating prefix script '/home/omzlette/gitRos/LAB2/install/local_setup.ps1'
[1.255s] INFO:colcon.colcon_core.shell:Creating prefix util module '/home/omzlette/gitRos/LAB2/install/_local_setup_util_ps1.py'
[1.256s] INFO:colcon.colcon_core.shell:Creating prefix chain script '/home/omzlette/gitRos/LAB2/install/setup.ps1'
[1.258s] INFO:colcon.colcon_core.shell:Creating prefix script '/home/omzlette/gitRos/LAB2/install/local_setup.sh'
[1.258s] INFO:colcon.colcon_core.shell:Creating prefix util module '/home/omzlette/gitRos/LAB2/install/_local_setup_util_sh.py'
[1.259s] INFO:colcon.colcon_core.shell:Creating prefix chain script '/home/omzlette/gitRos/LAB2/install/setup.sh'
[1.260s] INFO:colcon.colcon_core.shell:Creating prefix script '/home/omzlette/gitRos/LAB2/install/local_setup.bash'
[1.260s] INFO:colcon.colcon_core.shell:Creating prefix chain script '/home/omzlette/gitRos/LAB2/install/setup.bash'
[1.262s] INFO:colcon.colcon_core.shell:Creating prefix script '/home/omzlette/gitRos/LAB2/install/local_setup.zsh'
[1.263s] INFO:colcon.colcon_core.shell:Creating prefix chain script '/home/omzlette/gitRos/LAB2/install/setup.zsh'
