-- Found ament_cmake: 0.9.9 (/opt/ros/foxy/share/ament_cmake/cmake)
-- Using PYTHON_EXECUTABLE: /usr/bin/python3
-- Override CMake install command with custom implementation using symlinks instead of copying resources
-- Found rclcpp: 2.4.1 (/opt/ros/foxy/share/rclcpp/cmake)
-- Using all available rosidl_typesupport_c: rosidl_typesupport_fastrtps_c;rosidl_typesupport_introspection_c
-- Found rosidl_adapter: 1.2.1 (/opt/ros/foxy/share/rosidl_adapter/cmake)
-- Using all available rosidl_typesupport_cpp: rosidl_typesupport_fastrtps_cpp;rosidl_typesupport_introspection_cpp
-- Found rmw_implementation_cmake: 1.0.3 (/opt/ros/foxy/share/rmw_implementation_cmake/cmake)
-- Using RMW implementation 'rmw_fastrtps_cpp' as default
-- Found rclpy: 1.0.8 (/opt/ros/foxy/share/rclpy/cmake)
-- Configuring done
-- Generating done
-- Build files have been written to: /home/omzlette/gitRos/LAB1_WS/build/fra333_lab1_29
-- Install configuration: ""
-- Execute custom install script
-- Up-to-date symlink: /home/omzlette/gitRos/LAB1_WS/install/fra333_lab1_29/share/fra333_lab1_29/environment/pythonpath.sh
-- Up-to-date symlink: /home/omzlette/gitRos/LAB1_WS/install/fra333_lab1_29/share/fra333_lab1_29/environment/pythonpath.dsv
-- Up-to-date symlink: /home/omzlette/gitRos/LAB1_WS/install/fra333_lab1_29/lib/python3.8/site-packages/fra333_lab1_29/__init__.py
CMake Error at ament_cmake_symlink_install/ament_cmake_symlink_install.cmake:204 (message):
  ament_cmake_symlink_install_programs() can't find
  '/home/omzlette/gitRos/LAB1_WS/src/fra333_lab1_29/scripts/noise_generators.py'
Call Stack (most recent call first):
  ament_cmake_symlink_install/ament_cmake_symlink_install.cmake:323 (ament_cmake_symlink_install_programs)
  cmake_install.cmake:41 (include)


