[0.024s] Invoking command in '/home/omzlette/gitRos/LAB1_WS/build/fra333_lab1_29': CMAKE_PREFIX_PATH=${CMAKE_PREFIX_PATH}:/opt/ros/foxy /usr/bin/cmake /home/omzlette/gitRos/LAB1_WS/src/fra333_lab1_29 -DCMAKE_INSTALL_PREFIX=/home/omzlette/gitRos/LAB1_WS/install/fra333_lab1_29
[0.035s] -- Found ament_cmake: 0.9.9 (/opt/ros/foxy/share/ament_cmake/cmake)
[0.051s] -- Using PYTHON_EXECUTABLE: /usr/bin/python3
[0.188s] -- Override CMake install command with custom implementation using symlinks instead of copying resources
[0.194s] -- Found rclcpp: 2.4.1 (/opt/ros/foxy/share/rclcpp/cmake)
[0.218s] -- Using all available rosidl_typesupport_c: rosidl_typesupport_fastrtps_c;rosidl_typesupport_introspection_c
[0.220s] -- Found rosidl_adapter: 1.2.1 (/opt/ros/foxy/share/rosidl_adapter/cmake)
[0.302s] -- Using all available rosidl_typesupport_cpp: rosidl_typesupport_fastrtps_cpp;rosidl_typesupport_introspection_cpp
[0.340s] -- Found rmw_implementation_cmake: 1.0.3 (/opt/ros/foxy/share/rmw_implementation_cmake/cmake)
[0.341s] -- Using RMW implementation 'rmw_fastrtps_cpp' as default
[0.449s] -- Found rclpy: 1.0.8 (/opt/ros/foxy/share/rclpy/cmake)
[0.497s] -- Configuring done
[0.499s] -- Generating done
[0.500s] -- Build files have been written to: /home/omzlette/gitRos/LAB1_WS/build/fra333_lab1_29
[0.505s] Invoked command in '/home/omzlette/gitRos/LAB1_WS/build/fra333_lab1_29' returned '0': CMAKE_PREFIX_PATH=${CMAKE_PREFIX_PATH}:/opt/ros/foxy /usr/bin/cmake /home/omzlette/gitRos/LAB1_WS/src/fra333_lab1_29 -DCMAKE_INSTALL_PREFIX=/home/omzlette/gitRos/LAB1_WS/install/fra333_lab1_29
[0.507s] Invoking command in '/home/omzlette/gitRos/LAB1_WS/build/fra333_lab1_29': CMAKE_PREFIX_PATH=${CMAKE_PREFIX_PATH}:/opt/ros/foxy /usr/bin/cmake --build /home/omzlette/gitRos/LAB1_WS/build/fra333_lab1_29 -- -j12 -l12
[0.540s] Invoked command in '/home/omzlette/gitRos/LAB1_WS/build/fra333_lab1_29' returned '0': CMAKE_PREFIX_PATH=${CMAKE_PREFIX_PATH}:/opt/ros/foxy /usr/bin/cmake --build /home/omzlette/gitRos/LAB1_WS/build/fra333_lab1_29 -- -j12 -l12
[0.564s] Invoking command in '/home/omzlette/gitRos/LAB1_WS/build/fra333_lab1_29': CMAKE_PREFIX_PATH=${CMAKE_PREFIX_PATH}:/opt/ros/foxy /usr/bin/cmake --install /home/omzlette/gitRos/LAB1_WS/build/fra333_lab1_29
[0.571s] -- Install configuration: ""
[0.571s] -- Execute custom install script
[0.571s] -- Up-to-date symlink: /home/omzlette/gitRos/LAB1_WS/install/fra333_lab1_29/share/fra333_lab1_29/environment/pythonpath.sh
[0.571s] -- Up-to-date symlink: /home/omzlette/gitRos/LAB1_WS/install/fra333_lab1_29/share/fra333_lab1_29/environment/pythonpath.dsv
[0.572s] -- Up-to-date symlink: /home/omzlette/gitRos/LAB1_WS/install/fra333_lab1_29/lib/python3.8/site-packages/fra333_lab1_29/__init__.py
[0.572s] CMake Error at ament_cmake_symlink_install/ament_cmake_symlink_install.cmake:204 (message):
[0.572s]   ament_cmake_symlink_install_programs() can't find
[0.572s]   '/home/omzlette/gitRos/LAB1_WS/src/fra333_lab1_29/scripts/noise_generators.py'
[0.572s] Call Stack (most recent call first):
[0.572s]   ament_cmake_symlink_install/ament_cmake_symlink_install.cmake:323 (ament_cmake_symlink_install_programs)
[0.572s]   cmake_install.cmake:41 (include)
[0.572s] 
[0.572s] 
[0.573s] Invoked command in '/home/omzlette/gitRos/LAB1_WS/build/fra333_lab1_29' returned '1': CMAKE_PREFIX_PATH=${CMAKE_PREFIX_PATH}:/opt/ros/foxy /usr/bin/cmake --install /home/omzlette/gitRos/LAB1_WS/build/fra333_lab1_29
