[0.025s] Invoking command in '/home/valdeus1151/Y3T1/FRA333_LAB_HW/LAB3/build/xicro_pkg': CMAKE_PREFIX_PATH=/opt/ros/foxy /usr/bin/cmake /home/valdeus1151/Y3T1/FRA333_LAB_HW/LAB3/src/Xicro/xicro_pkg -DAMENT_CMAKE_SYMLINK_INSTALL=1 -DCMAKE_INSTALL_PREFIX=/home/valdeus1151/Y3T1/FRA333_LAB_HW/LAB3/install/xicro_pkg
[0.098s] -- The C compiler identification is GNU 9.4.0
[0.166s] -- The CXX compiler identification is GNU 9.4.0
[0.175s] -- Check for working C compiler: /usr/bin/cc
[0.271s] -- Check for working C compiler: /usr/bin/cc -- works
[0.272s] -- Detecting C compiler ABI info
[0.355s] -- Detecting C compiler ABI info - done
[0.370s] -- Detecting C compile features
[0.370s] -- Detecting C compile features - done
[0.373s] -- Check for working CXX compiler: /usr/bin/c++
[0.534s] -- Check for working CXX compiler: /usr/bin/c++ -- works
[0.536s] -- Detecting CXX compiler ABI info
[0.648s] -- Detecting CXX compiler ABI info - done
[0.668s] -- Detecting CXX compile features
[0.669s] -- Detecting CXX compile features - done
[0.672s] -- Found ament_cmake: 0.9.11 (/opt/ros/foxy/share/ament_cmake/cmake)
[0.705s] -- Found PythonInterp: /usr/bin/python3 (found suitable version "3.8.10", minimum required is "3") 
[0.705s] -- Using PYTHON_EXECUTABLE: /usr/bin/python3
[0.943s] -- Override CMake install command with custom implementation using symlinks instead of copying resources
[0.983s] -- Found rclcpp: 2.4.2 (/opt/ros/foxy/share/rclcpp/cmake)
[1.090s] -- Using all available rosidl_typesupport_c: rosidl_typesupport_fastrtps_c;rosidl_typesupport_introspection_c
[1.104s] -- Found rosidl_adapter: 1.3.0 (/opt/ros/foxy/share/rosidl_adapter/cmake)
[1.264s] -- Found OpenSSL: /usr/lib/x86_64-linux-gnu/libcrypto.so (found version "1.1.1f")  
[1.324s] -- Found FastRTPS: /opt/ros/foxy/include  
[1.485s] -- Using all available rosidl_typesupport_cpp: rosidl_typesupport_fastrtps_cpp;rosidl_typesupport_introspection_cpp
[1.619s] -- Found rmw_implementation_cmake: 1.0.3 (/opt/ros/foxy/share/rmw_implementation_cmake/cmake)
[1.623s] -- Using RMW implementation 'rmw_fastrtps_cpp' as default
[1.624s] -- Looking for pthread.h
[1.736s] -- Looking for pthread.h - found
[1.737s] -- Performing Test CMAKE_HAVE_LIBC_PTHREAD
[1.842s] -- Performing Test CMAKE_HAVE_LIBC_PTHREAD - Failed
[1.842s] -- Looking for pthread_create in pthreads
[1.912s] -- Looking for pthread_create in pthreads - not found
[1.912s] -- Looking for pthread_create in pthread
[1.997s] -- Looking for pthread_create in pthread - found
[1.998s] -- Found Threads: TRUE  
[2.237s] -- Found rclpy: 1.0.11 (/opt/ros/foxy/share/rclpy/cmake)
[2.367s] -- Configuring done
[2.370s] -- Generating done
[2.373s] -- Build files have been written to: /home/valdeus1151/Y3T1/FRA333_LAB_HW/LAB3/build/xicro_pkg
[2.387s] Invoked command in '/home/valdeus1151/Y3T1/FRA333_LAB_HW/LAB3/build/xicro_pkg' returned '0': CMAKE_PREFIX_PATH=/opt/ros/foxy /usr/bin/cmake /home/valdeus1151/Y3T1/FRA333_LAB_HW/LAB3/src/Xicro/xicro_pkg -DAMENT_CMAKE_SYMLINK_INSTALL=1 -DCMAKE_INSTALL_PREFIX=/home/valdeus1151/Y3T1/FRA333_LAB_HW/LAB3/install/xicro_pkg
[2.391s] Invoking command in '/home/valdeus1151/Y3T1/FRA333_LAB_HW/LAB3/build/xicro_pkg': CMAKE_PREFIX_PATH=/opt/ros/foxy /usr/bin/cmake --build /home/valdeus1151/Y3T1/FRA333_LAB_HW/LAB3/build/xicro_pkg -- -j12 -l12
[2.458s] Invoked command in '/home/valdeus1151/Y3T1/FRA333_LAB_HW/LAB3/build/xicro_pkg' returned '0': CMAKE_PREFIX_PATH=/opt/ros/foxy /usr/bin/cmake --build /home/valdeus1151/Y3T1/FRA333_LAB_HW/LAB3/build/xicro_pkg -- -j12 -l12
[2.503s] Invoking command in '/home/valdeus1151/Y3T1/FRA333_LAB_HW/LAB3/build/xicro_pkg': CMAKE_PREFIX_PATH=/opt/ros/foxy /usr/bin/cmake --install /home/valdeus1151/Y3T1/FRA333_LAB_HW/LAB3/build/xicro_pkg
[2.513s] -- Install configuration: ""
[2.515s] -- Execute custom install script
[2.518s] -- Symlinking: /home/valdeus1151/Y3T1/FRA333_LAB_HW/LAB3/install/xicro_pkg/share/xicro_pkg/environment/pythonpath.sh
[2.526s] -- Symlinking: /home/valdeus1151/Y3T1/FRA333_LAB_HW/LAB3/install/xicro_pkg/share/xicro_pkg/environment/pythonpath.dsv
[2.540s] -- Symlinking: /home/valdeus1151/Y3T1/FRA333_LAB_HW/LAB3/install/xicro_pkg/lib/python3.8/site-packages/xicro_pkg/__init__.py
[2.551s] -- Symlinking: /home/valdeus1151/Y3T1/FRA333_LAB_HW/LAB3/install/xicro_pkg/lib/xicro_pkg/gui_xicro.py
[2.564s] -- Symlinking: /home/valdeus1151/Y3T1/FRA333_LAB_HW/LAB3/install/xicro_pkg/lib/xicro_pkg/generate_library.py
[2.576s] -- Symlinking: /home/valdeus1151/Y3T1/FRA333_LAB_HW/LAB3/install/xicro_pkg/lib/xicro_pkg/generate_xicro_node.py
[2.588s] -- Symlinking: /home/valdeus1151/Y3T1/FRA333_LAB_HW/LAB3/install/xicro_pkg/lib/xicro_pkg/fake_Imu_node.py
[2.601s] -- Symlinking: /home/valdeus1151/Y3T1/FRA333_LAB_HW/LAB3/install/xicro_pkg/share/xicro_pkg/config/.Xicro_node_preSetup.txt
[2.616s] -- Symlinking: /home/valdeus1151/Y3T1/FRA333_LAB_HW/LAB3/install/xicro_pkg/share/xicro_pkg/config/.arduino_cpp_preSetup.txt
[2.631s] -- Symlinking: /home/valdeus1151/Y3T1/FRA333_LAB_HW/LAB3/install/xicro_pkg/share/xicro_pkg/config/.arduino_h_preSetup.txt
[2.647s] -- Symlinking: /home/valdeus1151/Y3T1/FRA333_LAB_HW/LAB3/install/xicro_pkg/share/xicro_pkg/config/.stm32_cpp_preSetup.txt
[2.663s] -- Symlinking: /home/valdeus1151/Y3T1/FRA333_LAB_HW/LAB3/install/xicro_pkg/share/xicro_pkg/config/.stm32_h_preSetup.txt
[2.679s] -- Symlinking: /home/valdeus1151/Y3T1/FRA333_LAB_HW/LAB3/install/xicro_pkg/share/xicro_pkg/config/setup_xicro.yaml
[2.696s] -- Symlinking: /home/valdeus1151/Y3T1/FRA333_LAB_HW/LAB3/install/xicro_pkg/share/ament_index/resource_index/package_run_dependencies/xicro_pkg
[2.713s] -- Symlinking: /home/valdeus1151/Y3T1/FRA333_LAB_HW/LAB3/install/xicro_pkg/share/ament_index/resource_index/parent_prefix_path/xicro_pkg
[2.729s] -- Symlinking: /home/valdeus1151/Y3T1/FRA333_LAB_HW/LAB3/install/xicro_pkg/share/xicro_pkg/environment/ament_prefix_path.sh
[2.740s] -- Symlinking: /home/valdeus1151/Y3T1/FRA333_LAB_HW/LAB3/install/xicro_pkg/share/xicro_pkg/environment/ament_prefix_path.dsv
[2.753s] -- Symlinking: /home/valdeus1151/Y3T1/FRA333_LAB_HW/LAB3/install/xicro_pkg/share/xicro_pkg/environment/path.sh
[2.767s] -- Symlinking: /home/valdeus1151/Y3T1/FRA333_LAB_HW/LAB3/install/xicro_pkg/share/xicro_pkg/environment/path.dsv
[2.781s] -- Symlinking: /home/valdeus1151/Y3T1/FRA333_LAB_HW/LAB3/install/xicro_pkg/share/xicro_pkg/local_setup.bash
[2.796s] -- Symlinking: /home/valdeus1151/Y3T1/FRA333_LAB_HW/LAB3/install/xicro_pkg/share/xicro_pkg/local_setup.sh
[2.811s] -- Symlinking: /home/valdeus1151/Y3T1/FRA333_LAB_HW/LAB3/install/xicro_pkg/share/xicro_pkg/local_setup.zsh
[2.827s] -- Symlinking: /home/valdeus1151/Y3T1/FRA333_LAB_HW/LAB3/install/xicro_pkg/share/xicro_pkg/local_setup.dsv
[2.845s] -- Symlinking: /home/valdeus1151/Y3T1/FRA333_LAB_HW/LAB3/install/xicro_pkg/share/xicro_pkg/package.dsv
[2.861s] -- Symlinking: /home/valdeus1151/Y3T1/FRA333_LAB_HW/LAB3/install/xicro_pkg/share/ament_index/resource_index/packages/xicro_pkg
[2.873s] -- Symlinking: /home/valdeus1151/Y3T1/FRA333_LAB_HW/LAB3/install/xicro_pkg/share/xicro_pkg/cmake/xicro_pkgConfig.cmake
[2.889s] -- Symlinking: /home/valdeus1151/Y3T1/FRA333_LAB_HW/LAB3/install/xicro_pkg/share/xicro_pkg/cmake/xicro_pkgConfig-version.cmake
[2.903s] -- Symlinking: /home/valdeus1151/Y3T1/FRA333_LAB_HW/LAB3/install/xicro_pkg/share/xicro_pkg/package.xml
[2.958s] Listing '/home/valdeus1151/Y3T1/FRA333_LAB_HW/LAB3/install/xicro_pkg/lib/python3.8/site-packages/xicro_pkg'...
[2.958s] Compiling '/home/valdeus1151/Y3T1/FRA333_LAB_HW/LAB3/install/xicro_pkg/lib/python3.8/site-packages/xicro_pkg/__init__.py'...
[2.994s] Invoked command in '/home/valdeus1151/Y3T1/FRA333_LAB_HW/LAB3/build/xicro_pkg' returned '0': CMAKE_PREFIX_PATH=/opt/ros/foxy /usr/bin/cmake --install /home/valdeus1151/Y3T1/FRA333_LAB_HW/LAB3/build/xicro_pkg
