[0.022s] Invoking command in '/home/omzlette/gitRos/LAB1_WS/build/fra333_lab1_29': CMAKE_PREFIX_PATH=${CMAKE_PREFIX_PATH}:/opt/ros/foxy /usr/bin/cmake /home/omzlette/gitRos/LAB1_WS/src/fra333_lab1_29 -DAMENT_CMAKE_SYMLINK_INSTALL=1 -DCMAKE_INSTALL_PREFIX=/home/omzlette/gitRos/LAB1_WS/install/fra333_lab1_29
[0.086s] -- The C compiler identification is GNU 9.4.0
[0.148s] -- The CXX compiler identification is GNU 9.4.0
[0.151s] -- Check for working C compiler: /usr/bin/cc
[0.196s] -- Check for working C compiler: /usr/bin/cc -- works
[0.197s] -- Detecting C compiler ABI info
[0.242s] -- Detecting C compiler ABI info - done
[0.250s] -- Detecting C compile features
[0.251s] -- Detecting C compile features - done
[0.252s] -- Check for working CXX compiler: /usr/bin/c++
[0.304s] -- Check for working CXX compiler: /usr/bin/c++ -- works
[0.305s] -- Detecting CXX compiler ABI info
[0.358s] -- Detecting CXX compiler ABI info - done
[0.367s] -- Detecting CXX compile features
[0.367s] -- Detecting CXX compile features - done
[0.369s] -- Found ament_cmake: 0.9.9 (/opt/ros/foxy/share/ament_cmake/cmake)
[0.385s] -- Found PythonInterp: /usr/bin/python3 (found suitable version "3.8.10", minimum required is "3") 
[0.385s] -- Using PYTHON_EXECUTABLE: /usr/bin/python3
[0.517s] -- Override CMake install command with custom implementation using symlinks instead of copying resources
[0.532s] -- Found rclcpp: 2.4.1 (/opt/ros/foxy/share/rclcpp/cmake)
[0.563s] -- Using all available rosidl_typesupport_c: rosidl_typesupport_fastrtps_c;rosidl_typesupport_introspection_c
[0.568s] -- Found rosidl_adapter: 1.2.1 (/opt/ros/foxy/share/rosidl_adapter/cmake)
[0.614s] -- Found OpenSSL: /usr/lib/x86_64-linux-gnu/libcrypto.so (found version "1.1.1f")  
[0.635s] -- Found FastRTPS: /opt/ros/foxy/include  
[0.691s] -- Using all available rosidl_typesupport_cpp: rosidl_typesupport_fastrtps_cpp;rosidl_typesupport_introspection_cpp
[0.735s] -- Found rmw_implementation_cmake: 1.0.3 (/opt/ros/foxy/share/rmw_implementation_cmake/cmake)
[0.736s] -- Using RMW implementation 'rmw_fastrtps_cpp' as default
[0.737s] -- Looking for pthread.h
[0.783s] -- Looking for pthread.h - found
[0.784s] -- Performing Test CMAKE_HAVE_LIBC_PTHREAD
[0.832s] -- Performing Test CMAKE_HAVE_LIBC_PTHREAD - Failed
[0.832s] -- Looking for pthread_create in pthreads
[0.871s] -- Looking for pthread_create in pthreads - not found
[0.871s] -- Looking for pthread_create in pthread
[0.917s] -- Looking for pthread_create in pthread - found
[0.918s] -- Found Threads: TRUE  
[1.044s] -- Found rclpy: 1.0.8 (/opt/ros/foxy/share/rclpy/cmake)
[1.109s] -- Configuring done
[1.111s] -- Generating done
[1.112s] -- Build files have been written to: /home/omzlette/gitRos/LAB1_WS/build/fra333_lab1_29
[1.117s] Invoked command in '/home/omzlette/gitRos/LAB1_WS/build/fra333_lab1_29' returned '0': CMAKE_PREFIX_PATH=${CMAKE_PREFIX_PATH}:/opt/ros/foxy /usr/bin/cmake /home/omzlette/gitRos/LAB1_WS/src/fra333_lab1_29 -DAMENT_CMAKE_SYMLINK_INSTALL=1 -DCMAKE_INSTALL_PREFIX=/home/omzlette/gitRos/LAB1_WS/install/fra333_lab1_29
[1.119s] Invoking command in '/home/omzlette/gitRos/LAB1_WS/build/fra333_lab1_29': CMAKE_PREFIX_PATH=${CMAKE_PREFIX_PATH}:/opt/ros/foxy /usr/bin/cmake --build /home/omzlette/gitRos/LAB1_WS/build/fra333_lab1_29 -- -j12 -l12
[1.146s] Invoked command in '/home/omzlette/gitRos/LAB1_WS/build/fra333_lab1_29' returned '0': CMAKE_PREFIX_PATH=${CMAKE_PREFIX_PATH}:/opt/ros/foxy /usr/bin/cmake --build /home/omzlette/gitRos/LAB1_WS/build/fra333_lab1_29 -- -j12 -l12
[1.168s] Invoking command in '/home/omzlette/gitRos/LAB1_WS/build/fra333_lab1_29': CMAKE_PREFIX_PATH=${CMAKE_PREFIX_PATH}:/opt/ros/foxy /usr/bin/cmake --install /home/omzlette/gitRos/LAB1_WS/build/fra333_lab1_29
[1.173s] -- Install configuration: ""
[1.174s] -- Execute custom install script
[1.174s] -- Symlinking: /home/omzlette/gitRos/LAB1_WS/install/fra333_lab1_29/share/fra333_lab1_29/environment/pythonpath.sh
[1.180s] -- Symlinking: /home/omzlette/gitRos/LAB1_WS/install/fra333_lab1_29/share/fra333_lab1_29/environment/pythonpath.dsv
[1.186s] -- Symlinking: /home/omzlette/gitRos/LAB1_WS/install/fra333_lab1_29/lib/python3.8/site-packages/fra333_lab1_29/__init__.py
[1.192s] -- Symlinking: /home/omzlette/gitRos/LAB1_WS/install/fra333_lab1_29/share/ament_index/resource_index/package_run_dependencies/fra333_lab1_29
[1.198s] -- Symlinking: /home/omzlette/gitRos/LAB1_WS/install/fra333_lab1_29/share/ament_index/resource_index/parent_prefix_path/fra333_lab1_29
[1.204s] -- Symlinking: /home/omzlette/gitRos/LAB1_WS/install/fra333_lab1_29/share/fra333_lab1_29/environment/ament_prefix_path.sh
[1.209s] -- Symlinking: /home/omzlette/gitRos/LAB1_WS/install/fra333_lab1_29/share/fra333_lab1_29/environment/ament_prefix_path.dsv
[1.215s] -- Symlinking: /home/omzlette/gitRos/LAB1_WS/install/fra333_lab1_29/share/fra333_lab1_29/environment/path.sh
[1.221s] -- Symlinking: /home/omzlette/gitRos/LAB1_WS/install/fra333_lab1_29/share/fra333_lab1_29/environment/path.dsv
[1.226s] -- Symlinking: /home/omzlette/gitRos/LAB1_WS/install/fra333_lab1_29/share/fra333_lab1_29/local_setup.bash
[1.235s] -- Symlinking: /home/omzlette/gitRos/LAB1_WS/install/fra333_lab1_29/share/fra333_lab1_29/local_setup.sh
[1.239s] -- Symlinking: /home/omzlette/gitRos/LAB1_WS/install/fra333_lab1_29/share/fra333_lab1_29/local_setup.zsh
[1.245s] -- Symlinking: /home/omzlette/gitRos/LAB1_WS/install/fra333_lab1_29/share/fra333_lab1_29/local_setup.dsv
[1.251s] -- Symlinking: /home/omzlette/gitRos/LAB1_WS/install/fra333_lab1_29/share/fra333_lab1_29/package.dsv
[1.257s] -- Symlinking: /home/omzlette/gitRos/LAB1_WS/install/fra333_lab1_29/share/ament_index/resource_index/packages/fra333_lab1_29
[1.263s] -- Symlinking: /home/omzlette/gitRos/LAB1_WS/install/fra333_lab1_29/share/fra333_lab1_29/cmake/fra333_lab1_29Config.cmake
[1.268s] -- Symlinking: /home/omzlette/gitRos/LAB1_WS/install/fra333_lab1_29/share/fra333_lab1_29/cmake/fra333_lab1_29Config-version.cmake
[1.275s] -- Symlinking: /home/omzlette/gitRos/LAB1_WS/install/fra333_lab1_29/share/fra333_lab1_29/package.xml
[1.302s] Listing '/home/omzlette/gitRos/LAB1_WS/install/fra333_lab1_29/lib/python3.8/site-packages/fra333_lab1_29'...
[1.302s] Compiling '/home/omzlette/gitRos/LAB1_WS/install/fra333_lab1_29/lib/python3.8/site-packages/fra333_lab1_29/__init__.py'...
[1.307s] Invoked command in '/home/omzlette/gitRos/LAB1_WS/build/fra333_lab1_29' returned '0': CMAKE_PREFIX_PATH=${CMAKE_PREFIX_PATH}:/opt/ros/foxy /usr/bin/cmake --install /home/omzlette/gitRos/LAB1_WS/build/fra333_lab1_29
