[0.114s] DEBUG:colcon:Command line arguments: ['/usr/bin/colcon', 'build', '--symlink-install']
[0.114s] DEBUG:colcon:Parsed command line arguments: Namespace(allow_overriding=[], ament_cmake_args=None, base_paths=['.'], build_base='build', catkin_cmake_args=None, catkin_skip_building_tests=False, cmake_args=None, cmake_clean_cache=False, cmake_clean_first=False, cmake_force_configure=False, cmake_target=None, cmake_target_skip_unavailable=False, continue_on_error=False, event_handlers=None, executor='parallel', ignore_user_meta=False, install_base='install', log_base=None, log_level=None, main=<bound method BuildVerb.main of <colcon_core.verb.build.BuildVerb object at 0x7f99efbc4ca0>>, merge_install=False, metas=['./colcon.meta'], packages_above=None, packages_above_and_dependencies=None, packages_above_depth=None, packages_end=None, packages_ignore=None, packages_ignore_regex=None, packages_select=None, packages_select_build_failed=False, packages_select_by_dep=None, packages_select_regex=None, packages_select_test_failures=False, packages_skip=None, packages_skip_build_finished=False, packages_skip_by_dep=None, packages_skip_regex=None, packages_skip_test_passed=False, packages_skip_up_to=None, packages_start=None, packages_up_to=None, packages_up_to_regex=None, parallel_workers=12, paths=None, symlink_install=True, test_result_base=None, verb_extension=<colcon_core.verb.build.BuildVerb object at 0x7f99efbc4ca0>, verb_name='build', verb_parser=<colcon_defaults.argument_parser.defaults.DefaultArgumentsDecorator object at 0x7f99efbcf1c0>)
[0.133s] Level 1:colcon.colcon_core.package_discovery:discover_packages(colcon_meta) check parameters
[0.134s] Level 1:colcon.colcon_core.package_discovery:discover_packages(recursive) check parameters
[0.134s] Level 1:colcon.colcon_core.package_discovery:discover_packages(ignore) check parameters
[0.134s] Level 1:colcon.colcon_core.package_discovery:discover_packages(path) check parameters
[0.134s] Level 1:colcon.colcon_core.package_discovery:discover_packages(colcon_meta) discover
[0.134s] Level 1:colcon.colcon_core.package_discovery:discover_packages(recursive) discover
[0.134s] INFO:colcon.colcon_core.package_discovery:Crawling recursively for packages in '/home/omzlette/gitRos/LAB1_WS'
[0.134s] Level 1:colcon.colcon_core.package_identification:_identify(.) by extensions ['ignore', 'ignore_ament_install']
[0.134s] Level 1:colcon.colcon_core.package_identification:_identify(.) by extension 'ignore'
[0.134s] Level 1:colcon.colcon_core.package_identification:_identify(.) by extension 'ignore_ament_install'
[0.134s] Level 1:colcon.colcon_core.package_identification:_identify(.) by extensions ['colcon_pkg']
[0.134s] Level 1:colcon.colcon_core.package_identification:_identify(.) by extension 'colcon_pkg'
[0.134s] Level 1:colcon.colcon_core.package_identification:_identify(.) by extensions ['colcon_meta']
[0.134s] Level 1:colcon.colcon_core.package_identification:_identify(.) by extension 'colcon_meta'
[0.134s] Level 1:colcon.colcon_core.package_identification:_identify(.) by extensions ['ros']
[0.134s] Level 1:colcon.colcon_core.package_identification:_identify(.) by extension 'ros'
[0.142s] Level 1:colcon.colcon_core.package_identification:_identify(.) by extensions ['cmake', 'python']
[0.142s] Level 1:colcon.colcon_core.package_identification:_identify(.) by extension 'cmake'
[0.142s] Level 1:colcon.colcon_core.package_identification:_identify(.) by extension 'python'
[0.142s] Level 1:colcon.colcon_core.package_identification:_identify(.) by extensions ['python_setup_py']
[0.142s] Level 1:colcon.colcon_core.package_identification:_identify(.) by extension 'python_setup_py'
[0.142s] Level 1:colcon.colcon_core.package_identification:_identify(build) by extensions ['ignore', 'ignore_ament_install']
[0.142s] Level 1:colcon.colcon_core.package_identification:_identify(build) by extension 'ignore'
[0.142s] Level 1:colcon.colcon_core.package_identification:_identify(build) ignored
[0.142s] Level 1:colcon.colcon_core.package_identification:_identify(install) by extensions ['ignore', 'ignore_ament_install']
[0.142s] Level 1:colcon.colcon_core.package_identification:_identify(install) by extension 'ignore'
[0.142s] Level 1:colcon.colcon_core.package_identification:_identify(install) ignored
[0.142s] Level 1:colcon.colcon_core.package_identification:_identify(log) by extensions ['ignore', 'ignore_ament_install']
[0.142s] Level 1:colcon.colcon_core.package_identification:_identify(log) by extension 'ignore'
[0.142s] Level 1:colcon.colcon_core.package_identification:_identify(log) ignored
[0.142s] Level 1:colcon.colcon_core.package_identification:_identify(src) by extensions ['ignore', 'ignore_ament_install']
[0.142s] Level 1:colcon.colcon_core.package_identification:_identify(src) by extension 'ignore'
[0.142s] Level 1:colcon.colcon_core.package_identification:_identify(src) by extension 'ignore_ament_install'
[0.143s] Level 1:colcon.colcon_core.package_identification:_identify(src) by extensions ['colcon_pkg']
[0.143s] Level 1:colcon.colcon_core.package_identification:_identify(src) by extension 'colcon_pkg'
[0.143s] Level 1:colcon.colcon_core.package_identification:_identify(src) by extensions ['colcon_meta']
[0.143s] Level 1:colcon.colcon_core.package_identification:_identify(src) by extension 'colcon_meta'
[0.143s] Level 1:colcon.colcon_core.package_identification:_identify(src) by extensions ['ros']
[0.143s] Level 1:colcon.colcon_core.package_identification:_identify(src) by extension 'ros'
[0.143s] Level 1:colcon.colcon_core.package_identification:_identify(src) by extensions ['cmake', 'python']
[0.143s] Level 1:colcon.colcon_core.package_identification:_identify(src) by extension 'cmake'
[0.143s] Level 1:colcon.colcon_core.package_identification:_identify(src) by extension 'python'
[0.143s] Level 1:colcon.colcon_core.package_identification:_identify(src) by extensions ['python_setup_py']
[0.143s] Level 1:colcon.colcon_core.package_identification:_identify(src) by extension 'python_setup_py'
[0.143s] Level 1:colcon.colcon_core.package_identification:_identify(src/doc) by extensions ['ignore', 'ignore_ament_install']
[0.143s] Level 1:colcon.colcon_core.package_identification:_identify(src/doc) by extension 'ignore'
[0.143s] Level 1:colcon.colcon_core.package_identification:_identify(src/doc) by extension 'ignore_ament_install'
[0.143s] Level 1:colcon.colcon_core.package_identification:_identify(src/doc) by extensions ['colcon_pkg']
[0.143s] Level 1:colcon.colcon_core.package_identification:_identify(src/doc) by extension 'colcon_pkg'
[0.143s] Level 1:colcon.colcon_core.package_identification:_identify(src/doc) by extensions ['colcon_meta']
[0.143s] Level 1:colcon.colcon_core.package_identification:_identify(src/doc) by extension 'colcon_meta'
[0.143s] Level 1:colcon.colcon_core.package_identification:_identify(src/doc) by extensions ['ros']
[0.143s] Level 1:colcon.colcon_core.package_identification:_identify(src/doc) by extension 'ros'
[0.143s] Level 1:colcon.colcon_core.package_identification:_identify(src/doc) by extensions ['cmake', 'python']
[0.143s] Level 1:colcon.colcon_core.package_identification:_identify(src/doc) by extension 'cmake'
[0.143s] Level 1:colcon.colcon_core.package_identification:_identify(src/doc) by extension 'python'
[0.143s] Level 1:colcon.colcon_core.package_identification:_identify(src/doc) by extensions ['python_setup_py']
[0.143s] Level 1:colcon.colcon_core.package_identification:_identify(src/doc) by extension 'python_setup_py'
[0.143s] Level 1:colcon.colcon_core.package_identification:_identify(src/doc/pic) by extensions ['ignore', 'ignore_ament_install']
[0.143s] Level 1:colcon.colcon_core.package_identification:_identify(src/doc/pic) by extension 'ignore'
[0.143s] Level 1:colcon.colcon_core.package_identification:_identify(src/doc/pic) by extension 'ignore_ament_install'
[0.144s] Level 1:colcon.colcon_core.package_identification:_identify(src/doc/pic) by extensions ['colcon_pkg']
[0.144s] Level 1:colcon.colcon_core.package_identification:_identify(src/doc/pic) by extension 'colcon_pkg'
[0.144s] Level 1:colcon.colcon_core.package_identification:_identify(src/doc/pic) by extensions ['colcon_meta']
[0.144s] Level 1:colcon.colcon_core.package_identification:_identify(src/doc/pic) by extension 'colcon_meta'
[0.144s] Level 1:colcon.colcon_core.package_identification:_identify(src/doc/pic) by extensions ['ros']
[0.144s] Level 1:colcon.colcon_core.package_identification:_identify(src/doc/pic) by extension 'ros'
[0.144s] Level 1:colcon.colcon_core.package_identification:_identify(src/doc/pic) by extensions ['cmake', 'python']
[0.144s] Level 1:colcon.colcon_core.package_identification:_identify(src/doc/pic) by extension 'cmake'
[0.144s] Level 1:colcon.colcon_core.package_identification:_identify(src/doc/pic) by extension 'python'
[0.144s] Level 1:colcon.colcon_core.package_identification:_identify(src/doc/pic) by extensions ['python_setup_py']
[0.144s] Level 1:colcon.colcon_core.package_identification:_identify(src/doc/pic) by extension 'python_setup_py'
[0.144s] Level 1:colcon.colcon_core.package_identification:_identify(src/fra333_lab1_29) by extensions ['ignore', 'ignore_ament_install']
[0.144s] Level 1:colcon.colcon_core.package_identification:_identify(src/fra333_lab1_29) by extension 'ignore'
[0.144s] Level 1:colcon.colcon_core.package_identification:_identify(src/fra333_lab1_29) by extension 'ignore_ament_install'
[0.144s] Level 1:colcon.colcon_core.package_identification:_identify(src/fra333_lab1_29) by extensions ['colcon_pkg']
[0.144s] Level 1:colcon.colcon_core.package_identification:_identify(src/fra333_lab1_29) by extension 'colcon_pkg'
[0.144s] Level 1:colcon.colcon_core.package_identification:_identify(src/fra333_lab1_29) by extensions ['colcon_meta']
[0.144s] Level 1:colcon.colcon_core.package_identification:_identify(src/fra333_lab1_29) by extension 'colcon_meta'
[0.144s] Level 1:colcon.colcon_core.package_identification:_identify(src/fra333_lab1_29) by extensions ['ros']
[0.144s] Level 1:colcon.colcon_core.package_identification:_identify(src/fra333_lab1_29) by extension 'ros'
[0.151s] DEBUG:colcon.colcon_core.package_identification:Package 'src/fra333_lab1_29' with type 'ros.ament_cmake' and name 'fra333_lab1_29'
[0.151s] Level 1:colcon.colcon_core.package_identification:_identify(src/lab1_interfaces) by extensions ['ignore', 'ignore_ament_install']
[0.151s] Level 1:colcon.colcon_core.package_identification:_identify(src/lab1_interfaces) by extension 'ignore'
[0.151s] Level 1:colcon.colcon_core.package_identification:_identify(src/lab1_interfaces) by extension 'ignore_ament_install'
[0.152s] Level 1:colcon.colcon_core.package_identification:_identify(src/lab1_interfaces) by extensions ['colcon_pkg']
[0.152s] Level 1:colcon.colcon_core.package_identification:_identify(src/lab1_interfaces) by extension 'colcon_pkg'
[0.152s] Level 1:colcon.colcon_core.package_identification:_identify(src/lab1_interfaces) by extensions ['colcon_meta']
[0.152s] Level 1:colcon.colcon_core.package_identification:_identify(src/lab1_interfaces) by extension 'colcon_meta'
[0.152s] Level 1:colcon.colcon_core.package_identification:_identify(src/lab1_interfaces) by extensions ['ros']
[0.152s] Level 1:colcon.colcon_core.package_identification:_identify(src/lab1_interfaces) by extension 'ros'
[0.152s] DEBUG:colcon.colcon_core.package_identification:Package 'src/lab1_interfaces' with type 'ros.ament_cmake' and name 'lab1_interfaces'
[0.152s] Level 1:colcon.colcon_core.package_discovery:discover_packages(recursive) using defaults
[0.152s] Level 1:colcon.colcon_core.package_discovery:discover_packages(ignore) discover
[0.152s] Level 1:colcon.colcon_core.package_discovery:discover_packages(ignore) using defaults
[0.152s] Level 1:colcon.colcon_core.package_discovery:discover_packages(path) discover
[0.152s] Level 1:colcon.colcon_core.package_discovery:discover_packages(path) using defaults
[0.168s] Level 1:colcon.colcon_core.package_discovery:discover_packages(prefix_path) check parameters
[0.168s] Level 1:colcon.colcon_core.package_discovery:discover_packages(prefix_path) discover
[0.170s] DEBUG:colcon.colcon_installed_package_information.package_discovery:Found 1 installed packages in /home/omzlette/ROS2Dir/FRA333_WS/install
[0.171s] DEBUG:colcon.colcon_installed_package_information.package_discovery:Found 1 installed packages in /home/omzlette/ROS2Dir/estella_ws/install
[0.173s] DEBUG:colcon.colcon_installed_package_information.package_discovery:Found 263 installed packages in /opt/ros/foxy
[0.174s] Level 1:colcon.colcon_core.package_discovery:discover_packages(prefix_path) using defaults
[0.226s] Level 5:colcon.colcon_core.verb:set package 'fra333_lab1_29' build argument 'cmake_args' from command line to 'None'
[0.226s] Level 5:colcon.colcon_core.verb:set package 'fra333_lab1_29' build argument 'cmake_target' from command line to 'None'
[0.226s] Level 5:colcon.colcon_core.verb:set package 'fra333_lab1_29' build argument 'cmake_target_skip_unavailable' from command line to 'False'
[0.226s] Level 5:colcon.colcon_core.verb:set package 'fra333_lab1_29' build argument 'cmake_clean_cache' from command line to 'False'
[0.226s] Level 5:colcon.colcon_core.verb:set package 'fra333_lab1_29' build argument 'cmake_clean_first' from command line to 'False'
[0.226s] Level 5:colcon.colcon_core.verb:set package 'fra333_lab1_29' build argument 'cmake_force_configure' from command line to 'False'
[0.226s] Level 5:colcon.colcon_core.verb:set package 'fra333_lab1_29' build argument 'ament_cmake_args' from command line to 'None'
[0.227s] Level 5:colcon.colcon_core.verb:set package 'fra333_lab1_29' build argument 'catkin_cmake_args' from command line to 'None'
[0.227s] Level 5:colcon.colcon_core.verb:set package 'fra333_lab1_29' build argument 'catkin_skip_building_tests' from command line to 'False'
[0.227s] DEBUG:colcon.colcon_core.verb:Building package 'fra333_lab1_29' with the following arguments: {'ament_cmake_args': None, 'build_base': '/home/omzlette/gitRos/LAB1_WS/build/fra333_lab1_29', 'catkin_cmake_args': None, 'catkin_skip_building_tests': False, 'cmake_args': None, 'cmake_clean_cache': False, 'cmake_clean_first': False, 'cmake_force_configure': False, 'cmake_target': None, 'cmake_target_skip_unavailable': False, 'install_base': '/home/omzlette/gitRos/LAB1_WS/install/fra333_lab1_29', 'merge_install': False, 'path': '/home/omzlette/gitRos/LAB1_WS/src/fra333_lab1_29', 'symlink_install': True, 'test_result_base': None}
[0.228s] Level 5:colcon.colcon_core.verb:set package 'lab1_interfaces' build argument 'cmake_args' from command line to 'None'
[0.228s] Level 5:colcon.colcon_core.verb:set package 'lab1_interfaces' build argument 'cmake_target' from command line to 'None'
[0.228s] Level 5:colcon.colcon_core.verb:set package 'lab1_interfaces' build argument 'cmake_target_skip_unavailable' from command line to 'False'
[0.228s] Level 5:colcon.colcon_core.verb:set package 'lab1_interfaces' build argument 'cmake_clean_cache' from command line to 'False'
[0.228s] Level 5:colcon.colcon_core.verb:set package 'lab1_interfaces' build argument 'cmake_clean_first' from command line to 'False'
[0.228s] Level 5:colcon.colcon_core.verb:set package 'lab1_interfaces' build argument 'cmake_force_configure' from command line to 'False'
[0.228s] Level 5:colcon.colcon_core.verb:set package 'lab1_interfaces' build argument 'ament_cmake_args' from command line to 'None'
[0.228s] Level 5:colcon.colcon_core.verb:set package 'lab1_interfaces' build argument 'catkin_cmake_args' from command line to 'None'
[0.228s] Level 5:colcon.colcon_core.verb:set package 'lab1_interfaces' build argument 'catkin_skip_building_tests' from command line to 'False'
[0.228s] DEBUG:colcon.colcon_core.verb:Building package 'lab1_interfaces' with the following arguments: {'ament_cmake_args': None, 'build_base': '/home/omzlette/gitRos/LAB1_WS/build/lab1_interfaces', 'catkin_cmake_args': None, 'catkin_skip_building_tests': False, 'cmake_args': None, 'cmake_clean_cache': False, 'cmake_clean_first': False, 'cmake_force_configure': False, 'cmake_target': None, 'cmake_target_skip_unavailable': False, 'install_base': '/home/omzlette/gitRos/LAB1_WS/install/lab1_interfaces', 'merge_install': False, 'path': '/home/omzlette/gitRos/LAB1_WS/src/lab1_interfaces', 'symlink_install': True, 'test_result_base': None}
[0.229s] INFO:colcon.colcon_core.executor:Executing jobs using 'parallel' executor
[0.234s] DEBUG:colcon.colcon_parallel_executor.executor.parallel:run_until_complete
[0.234s] INFO:colcon.colcon_ros.task.ament_cmake.build:Building ROS package in '/home/omzlette/gitRos/LAB1_WS/src/fra333_lab1_29' with build type 'ament_cmake'
[0.234s] INFO:colcon.colcon_cmake.task.cmake.build:Building CMake package in '/home/omzlette/gitRos/LAB1_WS/src/fra333_lab1_29'
[0.238s] INFO:colcon.colcon_core.plugin_system:Skipping extension 'colcon_core.shell.bat': Not used on non-Windows systems
[0.238s] INFO:colcon.colcon_core.shell:Skip shell extension 'powershell' for command environment: Not usable outside of PowerShell
[0.238s] DEBUG:colcon.colcon_core.shell:Skip shell extension 'dsv' for command environment
[0.244s] INFO:colcon.colcon_ros.task.ament_cmake.build:Building ROS package in '/home/omzlette/gitRos/LAB1_WS/src/lab1_interfaces' with build type 'ament_cmake'
[0.244s] INFO:colcon.colcon_cmake.task.cmake.build:Building CMake package in '/home/omzlette/gitRos/LAB1_WS/src/lab1_interfaces'
[0.246s] INFO:colcon.colcon_core.shell:Skip shell extension 'powershell' for command environment: Not usable outside of PowerShell
[0.246s] DEBUG:colcon.colcon_core.shell:Skip shell extension 'dsv' for command environment
[0.257s] DEBUG:colcon.colcon_core.event_handler.log_command:Invoking command in '/home/omzlette/gitRos/LAB1_WS/build/fra333_lab1_29': CMAKE_PREFIX_PATH=${CMAKE_PREFIX_PATH}:/opt/ros/foxy /usr/bin/cmake /home/omzlette/gitRos/LAB1_WS/src/fra333_lab1_29 -DAMENT_CMAKE_SYMLINK_INSTALL=1 -DCMAKE_INSTALL_PREFIX=/home/omzlette/gitRos/LAB1_WS/install/fra333_lab1_29
[0.261s] DEBUG:colcon.colcon_core.event_handler.log_command:Invoking command in '/home/omzlette/gitRos/LAB1_WS/build/lab1_interfaces': CMAKE_PREFIX_PATH=${CMAKE_PREFIX_PATH}:/opt/ros/foxy /usr/bin/cmake /home/omzlette/gitRos/LAB1_WS/src/lab1_interfaces -DAMENT_CMAKE_SYMLINK_INSTALL=1 -DCMAKE_INSTALL_PREFIX=/home/omzlette/gitRos/LAB1_WS/install/lab1_interfaces
[1.352s] DEBUG:colcon.colcon_core.event_handler.log_command:Invoked command in '/home/omzlette/gitRos/LAB1_WS/build/fra333_lab1_29' returned '0': CMAKE_PREFIX_PATH=${CMAKE_PREFIX_PATH}:/opt/ros/foxy /usr/bin/cmake /home/omzlette/gitRos/LAB1_WS/src/fra333_lab1_29 -DAMENT_CMAKE_SYMLINK_INSTALL=1 -DCMAKE_INSTALL_PREFIX=/home/omzlette/gitRos/LAB1_WS/install/fra333_lab1_29
[1.354s] DEBUG:colcon.colcon_core.event_handler.log_command:Invoking command in '/home/omzlette/gitRos/LAB1_WS/build/fra333_lab1_29': CMAKE_PREFIX_PATH=${CMAKE_PREFIX_PATH}:/opt/ros/foxy /usr/bin/cmake --build /home/omzlette/gitRos/LAB1_WS/build/fra333_lab1_29 -- -j12 -l12
[1.381s] DEBUG:colcon.colcon_core.event_handler.log_command:Invoked command in '/home/omzlette/gitRos/LAB1_WS/build/fra333_lab1_29' returned '0': CMAKE_PREFIX_PATH=${CMAKE_PREFIX_PATH}:/opt/ros/foxy /usr/bin/cmake --build /home/omzlette/gitRos/LAB1_WS/build/fra333_lab1_29 -- -j12 -l12
[1.403s] DEBUG:colcon.colcon_core.event_handler.log_command:Invoking command in '/home/omzlette/gitRos/LAB1_WS/build/fra333_lab1_29': CMAKE_PREFIX_PATH=${CMAKE_PREFIX_PATH}:/opt/ros/foxy /usr/bin/cmake --install /home/omzlette/gitRos/LAB1_WS/build/fra333_lab1_29
[1.469s] DEBUG:colcon.colcon_core.event_handler.log_command:Invoked command in '/home/omzlette/gitRos/LAB1_WS/build/lab1_interfaces' returned '0': CMAKE_PREFIX_PATH=${CMAKE_PREFIX_PATH}:/opt/ros/foxy /usr/bin/cmake /home/omzlette/gitRos/LAB1_WS/src/lab1_interfaces -DAMENT_CMAKE_SYMLINK_INSTALL=1 -DCMAKE_INSTALL_PREFIX=/home/omzlette/gitRos/LAB1_WS/install/lab1_interfaces
[1.470s] DEBUG:colcon.colcon_core.event_handler.log_command:Invoking command in '/home/omzlette/gitRos/LAB1_WS/build/lab1_interfaces': CMAKE_PREFIX_PATH=${CMAKE_PREFIX_PATH}:/opt/ros/foxy /usr/bin/cmake --build /home/omzlette/gitRos/LAB1_WS/build/lab1_interfaces -- -j12 -l12
[1.541s] Level 1:colcon.colcon_core.environment:create_environment_scripts_only(fra333_lab1_29)
[1.542s] DEBUG:colcon.colcon_core.event_handler.log_command:Invoked command in '/home/omzlette/gitRos/LAB1_WS/build/fra333_lab1_29' returned '0': CMAKE_PREFIX_PATH=${CMAKE_PREFIX_PATH}:/opt/ros/foxy /usr/bin/cmake --install /home/omzlette/gitRos/LAB1_WS/build/fra333_lab1_29
[1.547s] Level 1:colcon.colcon_core.environment:checking '/home/omzlette/gitRos/LAB1_WS/install/fra333_lab1_29' for CMake module files
[1.547s] Level 1:colcon.colcon_core.environment:checking '/home/omzlette/gitRos/LAB1_WS/install/fra333_lab1_29' for CMake config files
[1.547s] Level 1:colcon.colcon_core.shell:create_environment_hook('fra333_lab1_29', 'cmake_prefix_path')
[1.549s] INFO:colcon.colcon_core.shell:Creating environment hook '/home/omzlette/gitRos/LAB1_WS/install/fra333_lab1_29/share/fra333_lab1_29/hook/cmake_prefix_path.ps1'
[1.550s] INFO:colcon.colcon_core.shell:Creating environment descriptor '/home/omzlette/gitRos/LAB1_WS/install/fra333_lab1_29/share/fra333_lab1_29/hook/cmake_prefix_path.dsv'
[1.550s] INFO:colcon.colcon_core.shell:Creating environment hook '/home/omzlette/gitRos/LAB1_WS/install/fra333_lab1_29/share/fra333_lab1_29/hook/cmake_prefix_path.sh'
[1.551s] Level 1:colcon.colcon_core.environment:checking '/home/omzlette/gitRos/LAB1_WS/install/fra333_lab1_29/lib'
[1.551s] Level 1:colcon.colcon_core.environment:checking '/home/omzlette/gitRos/LAB1_WS/install/fra333_lab1_29/bin'
[1.551s] Level 1:colcon.colcon_core.environment:checking '/home/omzlette/gitRos/LAB1_WS/install/fra333_lab1_29/lib/pkgconfig/fra333_lab1_29.pc'
[1.551s] Level 1:colcon.colcon_core.environment:checking '/home/omzlette/gitRos/LAB1_WS/install/fra333_lab1_29/lib/python3.8/site-packages'
[1.551s] Level 1:colcon.colcon_core.shell:create_environment_hook('fra333_lab1_29', 'pythonpath')
[1.553s] INFO:colcon.colcon_core.shell:Creating environment hook '/home/omzlette/gitRos/LAB1_WS/install/fra333_lab1_29/share/fra333_lab1_29/hook/pythonpath.ps1'
[1.553s] INFO:colcon.colcon_core.shell:Creating environment descriptor '/home/omzlette/gitRos/LAB1_WS/install/fra333_lab1_29/share/fra333_lab1_29/hook/pythonpath.dsv'
[1.553s] INFO:colcon.colcon_core.shell:Creating environment hook '/home/omzlette/gitRos/LAB1_WS/install/fra333_lab1_29/share/fra333_lab1_29/hook/pythonpath.sh'
[1.554s] Level 1:colcon.colcon_core.environment:checking '/home/omzlette/gitRos/LAB1_WS/install/fra333_lab1_29/bin'
[1.556s] INFO:colcon.colcon_core.shell:Creating package script '/home/omzlette/gitRos/LAB1_WS/install/fra333_lab1_29/share/fra333_lab1_29/package.ps1'
[1.556s] INFO:colcon.colcon_core.shell:Creating package descriptor '/home/omzlette/gitRos/LAB1_WS/install/fra333_lab1_29/share/fra333_lab1_29/package.dsv'
[1.557s] INFO:colcon.colcon_core.shell:Creating package script '/home/omzlette/gitRos/LAB1_WS/install/fra333_lab1_29/share/fra333_lab1_29/package.sh'
[1.557s] INFO:colcon.colcon_core.shell:Creating package script '/home/omzlette/gitRos/LAB1_WS/install/fra333_lab1_29/share/fra333_lab1_29/package.bash'
[1.558s] INFO:colcon.colcon_core.shell:Creating package script '/home/omzlette/gitRos/LAB1_WS/install/fra333_lab1_29/share/fra333_lab1_29/package.zsh'
[1.558s] Level 1:colcon.colcon_core.environment:create_file_with_runtime_dependencies(/home/omzlette/gitRos/LAB1_WS/install/fra333_lab1_29/share/colcon-core/packages/fra333_lab1_29)
[1.575s] Level 1:colcon.colcon_core.environment:create_environment_scripts_only(fra333_lab1_29)
[1.578s] Level 1:colcon.colcon_core.environment:checking '/home/omzlette/gitRos/LAB1_WS/install/fra333_lab1_29' for CMake module files
[1.578s] Level 1:colcon.colcon_core.environment:checking '/home/omzlette/gitRos/LAB1_WS/install/fra333_lab1_29' for CMake config files
[1.579s] Level 1:colcon.colcon_core.shell:create_environment_hook('fra333_lab1_29', 'cmake_prefix_path')
[1.581s] INFO:colcon.colcon_core.shell:Creating environment hook '/home/omzlette/gitRos/LAB1_WS/install/fra333_lab1_29/share/fra333_lab1_29/hook/cmake_prefix_path.ps1'
[1.581s] INFO:colcon.colcon_core.shell:Creating environment descriptor '/home/omzlette/gitRos/LAB1_WS/install/fra333_lab1_29/share/fra333_lab1_29/hook/cmake_prefix_path.dsv'
[1.581s] INFO:colcon.colcon_core.shell:Creating environment hook '/home/omzlette/gitRos/LAB1_WS/install/fra333_lab1_29/share/fra333_lab1_29/hook/cmake_prefix_path.sh'
[1.582s] Level 1:colcon.colcon_core.environment:checking '/home/omzlette/gitRos/LAB1_WS/install/fra333_lab1_29/lib'
[1.582s] Level 1:colcon.colcon_core.environment:checking '/home/omzlette/gitRos/LAB1_WS/install/fra333_lab1_29/bin'
[1.582s] Level 1:colcon.colcon_core.environment:checking '/home/omzlette/gitRos/LAB1_WS/install/fra333_lab1_29/lib/pkgconfig/fra333_lab1_29.pc'
[1.582s] Level 1:colcon.colcon_core.environment:checking '/home/omzlette/gitRos/LAB1_WS/install/fra333_lab1_29/lib/python3.8/site-packages'
[1.582s] Level 1:colcon.colcon_core.shell:create_environment_hook('fra333_lab1_29', 'pythonpath')
[1.584s] INFO:colcon.colcon_core.shell:Creating environment hook '/home/omzlette/gitRos/LAB1_WS/install/fra333_lab1_29/share/fra333_lab1_29/hook/pythonpath.ps1'
[1.584s] INFO:colcon.colcon_core.shell:Creating environment descriptor '/home/omzlette/gitRos/LAB1_WS/install/fra333_lab1_29/share/fra333_lab1_29/hook/pythonpath.dsv'
[1.585s] INFO:colcon.colcon_core.shell:Creating environment hook '/home/omzlette/gitRos/LAB1_WS/install/fra333_lab1_29/share/fra333_lab1_29/hook/pythonpath.sh'
[1.585s] Level 1:colcon.colcon_core.environment:checking '/home/omzlette/gitRos/LAB1_WS/install/fra333_lab1_29/bin'
[1.587s] INFO:colcon.colcon_core.shell:Creating package script '/home/omzlette/gitRos/LAB1_WS/install/fra333_lab1_29/share/fra333_lab1_29/package.ps1'
[1.587s] INFO:colcon.colcon_core.shell:Creating package descriptor '/home/omzlette/gitRos/LAB1_WS/install/fra333_lab1_29/share/fra333_lab1_29/package.dsv'
[1.588s] INFO:colcon.colcon_core.shell:Creating package script '/home/omzlette/gitRos/LAB1_WS/install/fra333_lab1_29/share/fra333_lab1_29/package.sh'
[1.588s] INFO:colcon.colcon_core.shell:Creating package script '/home/omzlette/gitRos/LAB1_WS/install/fra333_lab1_29/share/fra333_lab1_29/package.bash'
[1.589s] INFO:colcon.colcon_core.shell:Creating package script '/home/omzlette/gitRos/LAB1_WS/install/fra333_lab1_29/share/fra333_lab1_29/package.zsh'
[1.589s] Level 1:colcon.colcon_core.environment:create_file_with_runtime_dependencies(/home/omzlette/gitRos/LAB1_WS/install/fra333_lab1_29/share/colcon-core/packages/fra333_lab1_29)
[3.497s] DEBUG:colcon.colcon_core.event_handler.log_command:Invoked command in '/home/omzlette/gitRos/LAB1_WS/build/lab1_interfaces' returned '0': CMAKE_PREFIX_PATH=${CMAKE_PREFIX_PATH}:/opt/ros/foxy /usr/bin/cmake --build /home/omzlette/gitRos/LAB1_WS/build/lab1_interfaces -- -j12 -l12
[3.525s] DEBUG:colcon.colcon_core.event_handler.log_command:Invoking command in '/home/omzlette/gitRos/LAB1_WS/build/lab1_interfaces': CMAKE_PREFIX_PATH=${CMAKE_PREFIX_PATH}:/opt/ros/foxy /usr/bin/cmake --install /home/omzlette/gitRos/LAB1_WS/build/lab1_interfaces
[3.873s] Level 1:colcon.colcon_core.environment:create_environment_scripts_only(lab1_interfaces)
[3.876s] Level 1:colcon.colcon_core.environment:checking '/home/omzlette/gitRos/LAB1_WS/install/lab1_interfaces' for CMake module files
[3.876s] DEBUG:colcon.colcon_core.event_handler.log_command:Invoked command in '/home/omzlette/gitRos/LAB1_WS/build/lab1_interfaces' returned '0': CMAKE_PREFIX_PATH=${CMAKE_PREFIX_PATH}:/opt/ros/foxy /usr/bin/cmake --install /home/omzlette/gitRos/LAB1_WS/build/lab1_interfaces
[3.876s] Level 1:colcon.colcon_core.environment:checking '/home/omzlette/gitRos/LAB1_WS/install/lab1_interfaces' for CMake config files
[3.877s] Level 1:colcon.colcon_core.shell:create_environment_hook('lab1_interfaces', 'cmake_prefix_path')
[3.878s] INFO:colcon.colcon_core.shell:Creating environment hook '/home/omzlette/gitRos/LAB1_WS/install/lab1_interfaces/share/lab1_interfaces/hook/cmake_prefix_path.ps1'
[3.879s] INFO:colcon.colcon_core.shell:Creating environment descriptor '/home/omzlette/gitRos/LAB1_WS/install/lab1_interfaces/share/lab1_interfaces/hook/cmake_prefix_path.dsv'
[3.879s] INFO:colcon.colcon_core.shell:Creating environment hook '/home/omzlette/gitRos/LAB1_WS/install/lab1_interfaces/share/lab1_interfaces/hook/cmake_prefix_path.sh'
[3.879s] Level 1:colcon.colcon_core.environment:checking '/home/omzlette/gitRos/LAB1_WS/install/lab1_interfaces/lib'
[3.879s] Level 1:colcon.colcon_core.shell:create_environment_hook('lab1_interfaces', 'ld_library_path_lib')
[3.881s] INFO:colcon.colcon_core.shell:Creating environment hook '/home/omzlette/gitRos/LAB1_WS/install/lab1_interfaces/share/lab1_interfaces/hook/ld_library_path_lib.ps1'
[3.881s] INFO:colcon.colcon_core.shell:Creating environment descriptor '/home/omzlette/gitRos/LAB1_WS/install/lab1_interfaces/share/lab1_interfaces/hook/ld_library_path_lib.dsv'
[3.882s] INFO:colcon.colcon_core.shell:Creating environment hook '/home/omzlette/gitRos/LAB1_WS/install/lab1_interfaces/share/lab1_interfaces/hook/ld_library_path_lib.sh'
[3.882s] Level 1:colcon.colcon_core.environment:checking '/home/omzlette/gitRos/LAB1_WS/install/lab1_interfaces/bin'
[3.882s] Level 1:colcon.colcon_core.environment:checking '/home/omzlette/gitRos/LAB1_WS/install/lab1_interfaces/lib/pkgconfig/lab1_interfaces.pc'
[3.882s] Level 1:colcon.colcon_core.environment:checking '/home/omzlette/gitRos/LAB1_WS/install/lab1_interfaces/lib/python3.8/site-packages'
[3.882s] Level 1:colcon.colcon_core.shell:create_environment_hook('lab1_interfaces', 'pythonpath')
[3.884s] INFO:colcon.colcon_core.shell:Creating environment hook '/home/omzlette/gitRos/LAB1_WS/install/lab1_interfaces/share/lab1_interfaces/hook/pythonpath.ps1'
[3.884s] INFO:colcon.colcon_core.shell:Creating environment descriptor '/home/omzlette/gitRos/LAB1_WS/install/lab1_interfaces/share/lab1_interfaces/hook/pythonpath.dsv'
[3.884s] INFO:colcon.colcon_core.shell:Creating environment hook '/home/omzlette/gitRos/LAB1_WS/install/lab1_interfaces/share/lab1_interfaces/hook/pythonpath.sh'
[3.885s] Level 1:colcon.colcon_core.environment:checking '/home/omzlette/gitRos/LAB1_WS/install/lab1_interfaces/bin'
[3.886s] INFO:colcon.colcon_core.shell:Creating package script '/home/omzlette/gitRos/LAB1_WS/install/lab1_interfaces/share/lab1_interfaces/package.ps1'
[3.887s] INFO:colcon.colcon_core.shell:Creating package descriptor '/home/omzlette/gitRos/LAB1_WS/install/lab1_interfaces/share/lab1_interfaces/package.dsv'
[3.887s] INFO:colcon.colcon_core.shell:Creating package script '/home/omzlette/gitRos/LAB1_WS/install/lab1_interfaces/share/lab1_interfaces/package.sh'
[3.887s] INFO:colcon.colcon_core.shell:Creating package script '/home/omzlette/gitRos/LAB1_WS/install/lab1_interfaces/share/lab1_interfaces/package.bash'
[3.887s] INFO:colcon.colcon_core.shell:Creating package script '/home/omzlette/gitRos/LAB1_WS/install/lab1_interfaces/share/lab1_interfaces/package.zsh'
[3.888s] Level 1:colcon.colcon_core.environment:create_file_with_runtime_dependencies(/home/omzlette/gitRos/LAB1_WS/install/lab1_interfaces/share/colcon-core/packages/lab1_interfaces)
[3.917s] Level 1:colcon.colcon_core.environment:create_environment_scripts_only(lab1_interfaces)
[3.919s] Level 1:colcon.colcon_core.environment:checking '/home/omzlette/gitRos/LAB1_WS/install/lab1_interfaces' for CMake module files
[3.920s] Level 1:colcon.colcon_core.environment:checking '/home/omzlette/gitRos/LAB1_WS/install/lab1_interfaces' for CMake config files
[3.920s] Level 1:colcon.colcon_core.shell:create_environment_hook('lab1_interfaces', 'cmake_prefix_path')
[3.922s] INFO:colcon.colcon_core.shell:Creating environment hook '/home/omzlette/gitRos/LAB1_WS/install/lab1_interfaces/share/lab1_interfaces/hook/cmake_prefix_path.ps1'
[3.922s] INFO:colcon.colcon_core.shell:Creating environment descriptor '/home/omzlette/gitRos/LAB1_WS/install/lab1_interfaces/share/lab1_interfaces/hook/cmake_prefix_path.dsv'
[3.923s] INFO:colcon.colcon_core.shell:Creating environment hook '/home/omzlette/gitRos/LAB1_WS/install/lab1_interfaces/share/lab1_interfaces/hook/cmake_prefix_path.sh'
[3.923s] Level 1:colcon.colcon_core.environment:checking '/home/omzlette/gitRos/LAB1_WS/install/lab1_interfaces/lib'
[3.923s] Level 1:colcon.colcon_core.shell:create_environment_hook('lab1_interfaces', 'ld_library_path_lib')
[3.925s] INFO:colcon.colcon_core.shell:Creating environment hook '/home/omzlette/gitRos/LAB1_WS/install/lab1_interfaces/share/lab1_interfaces/hook/ld_library_path_lib.ps1'
[3.925s] INFO:colcon.colcon_core.shell:Creating environment descriptor '/home/omzlette/gitRos/LAB1_WS/install/lab1_interfaces/share/lab1_interfaces/hook/ld_library_path_lib.dsv'
[3.925s] INFO:colcon.colcon_core.shell:Creating environment hook '/home/omzlette/gitRos/LAB1_WS/install/lab1_interfaces/share/lab1_interfaces/hook/ld_library_path_lib.sh'
[3.926s] Level 1:colcon.colcon_core.environment:checking '/home/omzlette/gitRos/LAB1_WS/install/lab1_interfaces/bin'
[3.926s] Level 1:colcon.colcon_core.environment:checking '/home/omzlette/gitRos/LAB1_WS/install/lab1_interfaces/lib/pkgconfig/lab1_interfaces.pc'
[3.926s] Level 1:colcon.colcon_core.environment:checking '/home/omzlette/gitRos/LAB1_WS/install/lab1_interfaces/lib/python3.8/site-packages'
[3.926s] Level 1:colcon.colcon_core.shell:create_environment_hook('lab1_interfaces', 'pythonpath')
[3.928s] INFO:colcon.colcon_core.shell:Creating environment hook '/home/omzlette/gitRos/LAB1_WS/install/lab1_interfaces/share/lab1_interfaces/hook/pythonpath.ps1'
[3.928s] INFO:colcon.colcon_core.shell:Creating environment descriptor '/home/omzlette/gitRos/LAB1_WS/install/lab1_interfaces/share/lab1_interfaces/hook/pythonpath.dsv'
[3.928s] INFO:colcon.colcon_core.shell:Creating environment hook '/home/omzlette/gitRos/LAB1_WS/install/lab1_interfaces/share/lab1_interfaces/hook/pythonpath.sh'
[3.928s] Level 1:colcon.colcon_core.environment:checking '/home/omzlette/gitRos/LAB1_WS/install/lab1_interfaces/bin'
[3.930s] INFO:colcon.colcon_core.shell:Creating package script '/home/omzlette/gitRos/LAB1_WS/install/lab1_interfaces/share/lab1_interfaces/package.ps1'
[3.931s] INFO:colcon.colcon_core.shell:Creating package descriptor '/home/omzlette/gitRos/LAB1_WS/install/lab1_interfaces/share/lab1_interfaces/package.dsv'
[3.931s] INFO:colcon.colcon_core.shell:Creating package script '/home/omzlette/gitRos/LAB1_WS/install/lab1_interfaces/share/lab1_interfaces/package.sh'
[3.931s] INFO:colcon.colcon_core.shell:Creating package script '/home/omzlette/gitRos/LAB1_WS/install/lab1_interfaces/share/lab1_interfaces/package.bash'
[3.932s] INFO:colcon.colcon_core.shell:Creating package script '/home/omzlette/gitRos/LAB1_WS/install/lab1_interfaces/share/lab1_interfaces/package.zsh'
[3.932s] Level 1:colcon.colcon_core.environment:create_file_with_runtime_dependencies(/home/omzlette/gitRos/LAB1_WS/install/lab1_interfaces/share/colcon-core/packages/lab1_interfaces)
[3.932s] DEBUG:colcon.colcon_parallel_executor.executor.parallel:closing loop
[3.932s] DEBUG:colcon.colcon_parallel_executor.executor.parallel:loop closed
[3.932s] DEBUG:colcon.colcon_parallel_executor.executor.parallel:run_until_complete finished with '0'
[3.933s] DEBUG:colcon.colcon_core.event_reactor:joining thread
[3.938s] INFO:colcon.colcon_core.plugin_system:Skipping extension 'colcon_notification.desktop_notification.terminal_notifier': Not used on non-Darwin systems
[3.938s] INFO:colcon.colcon_core.plugin_system:Skipping extension 'colcon_notification.desktop_notification.win32': Not used on non-Windows systems
[3.938s] INFO:colcon.colcon_notification.desktop_notification:Sending desktop notification using 'notify2'
[3.948s] DEBUG:colcon.colcon_core.event_reactor:joined thread
[3.950s] INFO:colcon.colcon_core.shell:Creating prefix script '/home/omzlette/gitRos/LAB1_WS/install/local_setup.ps1'
[3.951s] INFO:colcon.colcon_core.shell:Creating prefix util module '/home/omzlette/gitRos/LAB1_WS/install/_local_setup_util_ps1.py'
[3.952s] INFO:colcon.colcon_core.shell:Creating prefix chain script '/home/omzlette/gitRos/LAB1_WS/install/setup.ps1'
[3.953s] INFO:colcon.colcon_core.shell:Creating prefix script '/home/omzlette/gitRos/LAB1_WS/install/local_setup.sh'
[3.953s] INFO:colcon.colcon_core.shell:Creating prefix util module '/home/omzlette/gitRos/LAB1_WS/install/_local_setup_util_sh.py'
[3.954s] INFO:colcon.colcon_core.shell:Creating prefix chain script '/home/omzlette/gitRos/LAB1_WS/install/setup.sh'
[3.955s] INFO:colcon.colcon_core.shell:Creating prefix script '/home/omzlette/gitRos/LAB1_WS/install/local_setup.bash'
[3.955s] INFO:colcon.colcon_core.shell:Creating prefix chain script '/home/omzlette/gitRos/LAB1_WS/install/setup.bash'
[3.956s] INFO:colcon.colcon_core.shell:Creating prefix script '/home/omzlette/gitRos/LAB1_WS/install/local_setup.zsh'
[3.956s] INFO:colcon.colcon_core.shell:Creating prefix chain script '/home/omzlette/gitRos/LAB1_WS/install/setup.zsh'
