[0.031s] Invoking command in '/home/valdeus1151/Y3T1/FRA333_LAB_HW/LAB4/build/doppelt_interfaces': CMAKE_PREFIX_PATH=${CMAKE_PREFIX_PATH}:/opt/ros/foxy /usr/bin/cmake /home/valdeus1151/Y3T1/FRA333_LAB_HW/LAB4/src/lab4_29/doppelt_interfaces -DAMENT_CMAKE_SYMLINK_INSTALL=1 -DCMAKE_INSTALL_PREFIX=/home/valdeus1151/Y3T1/FRA333_LAB_HW/LAB4/install/doppelt_interfaces
[0.091s] -- The C compiler identification is GNU 9.4.0
[0.151s] -- The CXX compiler identification is GNU 9.4.0
[0.157s] -- Check for working C compiler: /usr/bin/cc
[0.232s] -- Check for working C compiler: /usr/bin/cc -- works
[0.234s] -- Detecting C compiler ABI info
[0.327s] -- Detecting C compiler ABI info - done
[0.342s] -- Detecting C compile features
[0.343s] -- Detecting C compile features - done
[0.346s] -- Check for working CXX compiler: /usr/bin/c++
[0.454s] -- Check for working CXX compiler: /usr/bin/c++ -- works
[0.455s] -- Detecting CXX compiler ABI info
[0.558s] -- Detecting CXX compiler ABI info - done
[0.570s] -- Detecting CXX compile features
[0.571s] -- Detecting CXX compile features - done
[0.574s] -- Found ament_cmake: 0.9.11 (/opt/ros/foxy/share/ament_cmake/cmake)
[0.605s] -- Found PythonInterp: /usr/bin/python3 (found suitable version "3.8.10", minimum required is "3") 
[0.605s] -- Using PYTHON_EXECUTABLE: /usr/bin/python3
[0.822s] -- Override CMake install command with custom implementation using symlinks instead of copying resources
[0.859s] -- Found ament_lint_auto: 0.9.7 (/opt/ros/foxy/share/ament_lint_auto/cmake)
[0.952s] -- Found rosidl_default_generators: 1.0.1 (/opt/ros/foxy/share/rosidl_default_generators/cmake)
[0.959s] -- Using all available rosidl_typesupport_c: rosidl_typesupport_fastrtps_c;rosidl_typesupport_introspection_c
[0.967s] -- Found rosidl_adapter: 1.3.0 (/opt/ros/foxy/share/rosidl_adapter/cmake)
[1.116s] -- Found OpenSSL: /usr/lib/x86_64-linux-gnu/libcrypto.so (found version "1.1.1f")  
[1.153s] -- Found FastRTPS: /opt/ros/foxy/include  
[1.254s] -- Using all available rosidl_typesupport_cpp: rosidl_typesupport_fastrtps_cpp;rosidl_typesupport_introspection_cpp
[1.290s] -- Found std_msgs: 2.0.5 (/opt/ros/foxy/share/std_msgs/cmake)
[1.367s] -- Found PythonInterp: /usr/bin/python3 (found version "3.8.10") 
[1.496s] -- Found ament_cmake_ros: 0.9.2 (/opt/ros/foxy/share/ament_cmake_ros/cmake)
[1.736s] -- Using all available rosidl_typesupport_c: rosidl_typesupport_fastrtps_c;rosidl_typesupport_introspection_c
[1.818s] -- Using all available rosidl_typesupport_cpp: rosidl_typesupport_fastrtps_cpp;rosidl_typesupport_introspection_cpp
[1.848s] -- Found PythonInterp: /usr/bin/python3 (found suitable version "3.8.10", minimum required is "3.5") 
[1.851s] -- Found python_cmake_module: 0.8.1 (/opt/ros/foxy/share/python_cmake_module/cmake)
[1.885s] -- Found PythonLibs: /usr/lib/x86_64-linux-gnu/libpython3.8.so (found suitable version "3.8.10", minimum required is "3.5") 
[1.885s] -- Using PYTHON_EXECUTABLE: /usr/bin/python3
[1.885s] -- Using PYTHON_INCLUDE_DIRS: /usr/include/python3.8
[1.885s] -- Using PYTHON_LIBRARIES: /usr/lib/x86_64-linux-gnu/libpython3.8.so
[1.923s] -- Found PythonExtra: .so  
[2.018s] -- Added test 'copyright' to check source files copyright and LICENSE
[2.018s] -- Added test 'lint_cmake' to check CMake code style
[2.019s] -- Added test 'xmllint' to check XML markup files
[2.033s] -- Configuring done
[2.091s] -- Generating done
[2.097s] -- Build files have been written to: /home/valdeus1151/Y3T1/FRA333_LAB_HW/LAB4/build/doppelt_interfaces
[2.108s] Invoked command in '/home/valdeus1151/Y3T1/FRA333_LAB_HW/LAB4/build/doppelt_interfaces' returned '0': CMAKE_PREFIX_PATH=${CMAKE_PREFIX_PATH}:/opt/ros/foxy /usr/bin/cmake /home/valdeus1151/Y3T1/FRA333_LAB_HW/LAB4/src/lab4_29/doppelt_interfaces -DAMENT_CMAKE_SYMLINK_INSTALL=1 -DCMAKE_INSTALL_PREFIX=/home/valdeus1151/Y3T1/FRA333_LAB_HW/LAB4/install/doppelt_interfaces
[2.111s] Invoking command in '/home/valdeus1151/Y3T1/FRA333_LAB_HW/LAB4/build/doppelt_interfaces': CMAKE_PREFIX_PATH=${CMAKE_PREFIX_PATH}:/opt/ros/foxy /usr/bin/cmake --build /home/valdeus1151/Y3T1/FRA333_LAB_HW/LAB4/build/doppelt_interfaces -- -j12 -l12
[2.157s] [35m[1mScanning dependencies of target doppelt_interfaces__cpp[0m
[2.157s] [  3%] [34m[1mGenerating C code for ROS interfaces[0m
[2.170s] [  6%] [34m[1mGenerating C++ code for ROS interfaces[0m
[2.503s] [  6%] Built target doppelt_interfaces__cpp
[2.509s] [35m[1mScanning dependencies of target doppelt_interfaces__rosidl_generator_c[0m
[2.522s] [  9%] [34m[1mGenerating C++ type support dispatch for ROS interfaces[0m
[2.522s] [ 12%] [34m[1mGenerating C++ type support for eProsima Fast-RTPS[0m
[2.522s] [ 16%] [34m[1mGenerating C++ introspection for ROS interfaces[0m
[2.529s] [ 19%] [32mBuilding C object CMakeFiles/doppelt_interfaces__rosidl_generator_c.dir/rosidl_generator_c/doppelt_interfaces/srv/detail/enabler__functions.c.o[0m
[2.610s] [ 22%] [32m[1mLinking C shared library libdoppelt_interfaces__rosidl_generator_c.so[0m
[2.663s] [ 22%] Built target doppelt_interfaces__rosidl_generator_c
[2.677s] [ 29%] [34m[1mGenerating C introspection for ROS interfaces[0m
[2.678s] [ 29%] [34m[1mGenerating C type support dispatch for ROS interfaces[0m
[2.792s] [35m[1mScanning dependencies of target doppelt_interfaces__rosidl_typesupport_cpp[0m
[2.809s] [ 32%] [32mBuilding CXX object CMakeFiles/doppelt_interfaces__rosidl_typesupport_cpp.dir/rosidl_typesupport_cpp/doppelt_interfaces/srv/enabler__type_support.cpp.o[0m
[2.812s] [35m[1mScanning dependencies of target doppelt_interfaces__rosidl_typesupport_introspection_cpp[0m
[2.828s] [ 35%] [32mBuilding CXX object CMakeFiles/doppelt_interfaces__rosidl_typesupport_introspection_cpp.dir/rosidl_typesupport_introspection_cpp/doppelt_interfaces/srv/detail/enabler__type_support.cpp.o[0m
[2.837s] [35m[1mScanning dependencies of target doppelt_interfaces__rosidl_typesupport_fastrtps_cpp[0m
[2.857s] [ 38%] [32mBuilding CXX object CMakeFiles/doppelt_interfaces__rosidl_typesupport_fastrtps_cpp.dir/rosidl_typesupport_fastrtps_cpp/doppelt_interfaces/srv/detail/dds_fastrtps/enabler__type_support.cpp.o[0m
[2.958s] [35m[1mScanning dependencies of target doppelt_interfaces__rosidl_typesupport_c[0m
[2.970s] [35m[1mScanning dependencies of target doppelt_interfaces__rosidl_typesupport_introspection_c[0m
[2.974s] [ 41%] [32mBuilding CXX object CMakeFiles/doppelt_interfaces__rosidl_typesupport_c.dir/rosidl_typesupport_c/doppelt_interfaces/srv/enabler__type_support.cpp.o[0m
[2.987s] [ 45%] [32mBuilding C object CMakeFiles/doppelt_interfaces__rosidl_typesupport_introspection_c.dir/rosidl_typesupport_introspection_c/doppelt_interfaces/srv/detail/enabler__type_support.c.o[0m
[3.014s] [ 48%] [32m[1mLinking CXX shared library libdoppelt_interfaces__rosidl_typesupport_c.so[0m
[3.031s] [ 51%] [32m[1mLinking C shared library libdoppelt_interfaces__rosidl_typesupport_introspection_c.so[0m
[3.069s] [ 51%] Built target doppelt_interfaces__rosidl_typesupport_c
[3.074s] [ 51%] Built target doppelt_interfaces__rosidl_typesupport_introspection_c
[3.146s] [ 54%] [32m[1mLinking CXX shared library libdoppelt_interfaces__rosidl_typesupport_cpp.so[0m
[3.182s] [ 58%] [32m[1mLinking CXX shared library libdoppelt_interfaces__rosidl_typesupport_introspection_cpp.so[0m
[3.197s] [ 58%] Built target doppelt_interfaces__rosidl_typesupport_cpp
[3.258s] [ 58%] Built target doppelt_interfaces__rosidl_typesupport_introspection_cpp
[3.377s] [ 61%] [32m[1mLinking CXX shared library libdoppelt_interfaces__rosidl_typesupport_fastrtps_cpp.so[0m
[3.465s] [ 61%] Built target doppelt_interfaces__rosidl_typesupport_fastrtps_cpp
[3.476s] [ 64%] [34m[1mGenerating C type support for eProsima Fast-RTPS[0m
[3.720s] [35m[1mScanning dependencies of target doppelt_interfaces__rosidl_typesupport_fastrtps_c[0m
[3.738s] [ 67%] [32mBuilding CXX object CMakeFiles/doppelt_interfaces__rosidl_typesupport_fastrtps_c.dir/rosidl_typesupport_fastrtps_c/doppelt_interfaces/srv/detail/enabler__type_support_c.cpp.o[0m
[4.065s] [ 70%] [32m[1mLinking CXX shared library libdoppelt_interfaces__rosidl_typesupport_fastrtps_c.so[0m
[4.153s] [ 70%] Built target doppelt_interfaces__rosidl_typesupport_fastrtps_c
[4.164s] [35m[1mScanning dependencies of target doppelt_interfaces[0m
[4.174s] [ 70%] Built target doppelt_interfaces
[4.183s] [35m[1mScanning dependencies of target doppelt_interfaces__py[0m
[4.195s] [ 74%] [34m[1mGenerating Python code for ROS interfaces[0m
[4.677s] [ 74%] Built target doppelt_interfaces__py
[4.688s] [35m[1mScanning dependencies of target doppelt_interfaces__python[0m
[4.710s] [ 77%] [32mBuilding C object CMakeFiles/doppelt_interfaces__python.dir/rosidl_generator_py/doppelt_interfaces/srv/_enabler_s.c.o[0m
[4.804s] [ 80%] [32m[1mLinking C shared library rosidl_generator_py/doppelt_interfaces/libdoppelt_interfaces__python.so[0m
[4.845s] [ 80%] Built target doppelt_interfaces__python
[4.856s] [35m[1mScanning dependencies of target doppelt_interfaces__rosidl_typesupport_c__pyext[0m
[4.856s] [35m[1mScanning dependencies of target doppelt_interfaces__rosidl_typesupport_introspection_c__pyext[0m
[4.856s] [35m[1mScanning dependencies of target doppelt_interfaces__rosidl_typesupport_fastrtps_c__pyext[0m
[4.874s] [ 87%] [32mBuilding C object CMakeFiles/doppelt_interfaces__rosidl_typesupport_c__pyext.dir/rosidl_generator_py/doppelt_interfaces/_doppelt_interfaces_s.ep.rosidl_typesupport_c.c.o[0m
[4.874s] [ 87%] [32mBuilding C object CMakeFiles/doppelt_interfaces__rosidl_typesupport_introspection_c__pyext.dir/rosidl_generator_py/doppelt_interfaces/_doppelt_interfaces_s.ep.rosidl_typesupport_introspection_c.c.o[0m
[4.875s] [ 90%] [32mBuilding C object CMakeFiles/doppelt_interfaces__rosidl_typesupport_fastrtps_c__pyext.dir/rosidl_generator_py/doppelt_interfaces/_doppelt_interfaces_s.ep.rosidl_typesupport_fastrtps_c.c.o[0m
[4.964s] [ 93%] [32m[1mLinking C shared library rosidl_generator_py/doppelt_interfaces/doppelt_interfaces_s__rosidl_typesupport_introspection_c.cpython-38-x86_64-linux-gnu.so[0m
[4.965s] [ 96%] [32m[1mLinking C shared library rosidl_generator_py/doppelt_interfaces/doppelt_interfaces_s__rosidl_typesupport_c.cpython-38-x86_64-linux-gnu.so[0m
[4.965s] [100%] [32m[1mLinking CXX shared library rosidl_generator_py/doppelt_interfaces/doppelt_interfaces_s__rosidl_typesupport_fastrtps_c.cpython-38-x86_64-linux-gnu.so[0m
[5.007s] [100%] Built target doppelt_interfaces__rosidl_typesupport_c__pyext
[5.010s] [100%] Built target doppelt_interfaces__rosidl_typesupport_introspection_c__pyext
[5.039s] [100%] Built target doppelt_interfaces__rosidl_typesupport_fastrtps_c__pyext
[5.052s] Invoked command in '/home/valdeus1151/Y3T1/FRA333_LAB_HW/LAB4/build/doppelt_interfaces' returned '0': CMAKE_PREFIX_PATH=${CMAKE_PREFIX_PATH}:/opt/ros/foxy /usr/bin/cmake --build /home/valdeus1151/Y3T1/FRA333_LAB_HW/LAB4/build/doppelt_interfaces -- -j12 -l12
[5.103s] Invoking command in '/home/valdeus1151/Y3T1/FRA333_LAB_HW/LAB4/build/doppelt_interfaces': CMAKE_PREFIX_PATH=${CMAKE_PREFIX_PATH}:/opt/ros/foxy /usr/bin/cmake --install /home/valdeus1151/Y3T1/FRA333_LAB_HW/LAB4/build/doppelt_interfaces
[5.111s] -- Install configuration: ""
[5.111s] -- Execute custom install script
[5.112s] -- Symlinking: /home/valdeus1151/Y3T1/FRA333_LAB_HW/LAB4/install/doppelt_interfaces/share/ament_index/resource_index/rosidl_interfaces/doppelt_interfaces
[5.123s] -- Symlinking: /home/valdeus1151/Y3T1/FRA333_LAB_HW/LAB4/install/doppelt_interfaces/include/doppelt_interfaces/msg/rosidl_generator_c__visibility_control.h
[5.131s] -- Symlinking: /home/valdeus1151/Y3T1/FRA333_LAB_HW/LAB4/install/doppelt_interfaces/include/doppelt_interfaces/srv/detail/enabler__functions.h
[5.140s] -- Symlinking: /home/valdeus1151/Y3T1/FRA333_LAB_HW/LAB4/install/doppelt_interfaces/include/doppelt_interfaces/srv/detail/enabler__struct.h
[5.153s] -- Symlinking: /home/valdeus1151/Y3T1/FRA333_LAB_HW/LAB4/install/doppelt_interfaces/include/doppelt_interfaces/srv/detail/enabler__type_support.h
[5.164s] -- Symlinking: /home/valdeus1151/Y3T1/FRA333_LAB_HW/LAB4/install/doppelt_interfaces/include/doppelt_interfaces/srv/enabler.h
[5.175s] -- Symlinking: /home/valdeus1151/Y3T1/FRA333_LAB_HW/LAB4/install/doppelt_interfaces/share/doppelt_interfaces/environment/library_path.sh
[5.191s] -- Symlinking: /home/valdeus1151/Y3T1/FRA333_LAB_HW/LAB4/install/doppelt_interfaces/share/doppelt_interfaces/environment/library_path.dsv
[5.202s] -- Symlinking: /home/valdeus1151/Y3T1/FRA333_LAB_HW/LAB4/install/doppelt_interfaces/include/doppelt_interfaces/msg/rosidl_typesupport_fastrtps_c__visibility_control.h
[5.213s] -- Symlinking: /home/valdeus1151/Y3T1/FRA333_LAB_HW/LAB4/install/doppelt_interfaces/include/doppelt_interfaces/srv/detail/enabler__rosidl_typesupport_fastrtps_c.h
[5.224s] -- Symlinking: /home/valdeus1151/Y3T1/FRA333_LAB_HW/LAB4/install/doppelt_interfaces/lib/libdoppelt_interfaces__rosidl_typesupport_fastrtps_c.so
[5.234s] -- Symlinking: /home/valdeus1151/Y3T1/FRA333_LAB_HW/LAB4/install/doppelt_interfaces/include/doppelt_interfaces/msg/rosidl_typesupport_fastrtps_cpp__visibility_control.h
[5.243s] -- Symlinking: /home/valdeus1151/Y3T1/FRA333_LAB_HW/LAB4/install/doppelt_interfaces/include/doppelt_interfaces/srv/detail/enabler__rosidl_typesupport_fastrtps_cpp.hpp
[5.253s] -- Symlinking: /home/valdeus1151/Y3T1/FRA333_LAB_HW/LAB4/install/doppelt_interfaces/lib/libdoppelt_interfaces__rosidl_typesupport_fastrtps_cpp.so
[5.263s] -- Symlinking: /home/valdeus1151/Y3T1/FRA333_LAB_HW/LAB4/install/doppelt_interfaces/include/doppelt_interfaces/msg/rosidl_typesupport_introspection_c__visibility_control.h
[5.272s] -- Symlinking: /home/valdeus1151/Y3T1/FRA333_LAB_HW/LAB4/install/doppelt_interfaces/include/doppelt_interfaces/srv/detail/enabler__rosidl_typesupport_introspection_c.h
[5.281s] -- Symlinking: /home/valdeus1151/Y3T1/FRA333_LAB_HW/LAB4/install/doppelt_interfaces/include/doppelt_interfaces/srv/detail/enabler__builder.hpp
[5.291s] -- Symlinking: /home/valdeus1151/Y3T1/FRA333_LAB_HW/LAB4/install/doppelt_interfaces/include/doppelt_interfaces/srv/detail/enabler__struct.hpp
[5.299s] -- Symlinking: /home/valdeus1151/Y3T1/FRA333_LAB_HW/LAB4/install/doppelt_interfaces/include/doppelt_interfaces/srv/detail/enabler__traits.hpp
[5.307s] -- Symlinking: /home/valdeus1151/Y3T1/FRA333_LAB_HW/LAB4/install/doppelt_interfaces/include/doppelt_interfaces/srv/enabler.hpp
[5.317s] -- Symlinking: /home/valdeus1151/Y3T1/FRA333_LAB_HW/LAB4/install/doppelt_interfaces/include/doppelt_interfaces/srv/detail/enabler__rosidl_typesupport_introspection_cpp.hpp
[5.326s] -- Symlinking: /home/valdeus1151/Y3T1/FRA333_LAB_HW/LAB4/install/doppelt_interfaces/share/doppelt_interfaces/environment/pythonpath.sh
[5.334s] -- Symlinking: /home/valdeus1151/Y3T1/FRA333_LAB_HW/LAB4/install/doppelt_interfaces/share/doppelt_interfaces/environment/pythonpath.dsv
[5.343s] -- Symlinking: /home/valdeus1151/Y3T1/FRA333_LAB_HW/LAB4/install/doppelt_interfaces/lib/python3.8/site-packages/doppelt_interfaces/__init__.py
[5.352s] -- Symlinking: /home/valdeus1151/Y3T1/FRA333_LAB_HW/LAB4/install/doppelt_interfaces/lib/python3.8/site-packages/doppelt_interfaces/srv/__init__.py
[5.361s] -- Symlinking: /home/valdeus1151/Y3T1/FRA333_LAB_HW/LAB4/install/doppelt_interfaces/lib/python3.8/site-packages/doppelt_interfaces/srv/_enabler.py
[5.369s] -- Symlinking: /home/valdeus1151/Y3T1/FRA333_LAB_HW/LAB4/install/doppelt_interfaces/lib/python3.8/site-packages/doppelt_interfaces/doppelt_interfaces_s__rosidl_typesupport_fastrtps_c.cpython-38-x86_64-linux-gnu.so
[5.378s] -- Symlinking: /home/valdeus1151/Y3T1/FRA333_LAB_HW/LAB4/install/doppelt_interfaces/lib/python3.8/site-packages/doppelt_interfaces/doppelt_interfaces_s__rosidl_typesupport_introspection_c.cpython-38-x86_64-linux-gnu.so
[5.388s] -- Symlinking: /home/valdeus1151/Y3T1/FRA333_LAB_HW/LAB4/install/doppelt_interfaces/lib/python3.8/site-packages/doppelt_interfaces/doppelt_interfaces_s__rosidl_typesupport_c.cpython-38-x86_64-linux-gnu.so
[5.397s] -- Symlinking: /home/valdeus1151/Y3T1/FRA333_LAB_HW/LAB4/install/doppelt_interfaces/lib/libdoppelt_interfaces__python.so
[5.406s] -- Symlinking: /home/valdeus1151/Y3T1/FRA333_LAB_HW/LAB4/install/doppelt_interfaces/share/doppelt_interfaces/srv/Enabler.idl
[5.416s] -- Symlinking: /home/valdeus1151/Y3T1/FRA333_LAB_HW/LAB4/install/doppelt_interfaces/share/doppelt_interfaces/srv/Enabler.srv
[5.425s] -- Symlinking: /home/valdeus1151/Y3T1/FRA333_LAB_HW/LAB4/install/doppelt_interfaces/share/doppelt_interfaces/srv/Enabler_Request.msg
[5.434s] -- Symlinking: /home/valdeus1151/Y3T1/FRA333_LAB_HW/LAB4/install/doppelt_interfaces/share/doppelt_interfaces/srv/Enabler_Response.msg
[5.443s] -- Symlinking: /home/valdeus1151/Y3T1/FRA333_LAB_HW/LAB4/install/doppelt_interfaces/share/ament_index/resource_index/package_run_dependencies/doppelt_interfaces
[5.452s] -- Symlinking: /home/valdeus1151/Y3T1/FRA333_LAB_HW/LAB4/install/doppelt_interfaces/share/ament_index/resource_index/parent_prefix_path/doppelt_interfaces
[5.461s] -- Symlinking: /home/valdeus1151/Y3T1/FRA333_LAB_HW/LAB4/install/doppelt_interfaces/share/doppelt_interfaces/environment/ament_prefix_path.sh
[5.470s] -- Symlinking: /home/valdeus1151/Y3T1/FRA333_LAB_HW/LAB4/install/doppelt_interfaces/share/doppelt_interfaces/environment/ament_prefix_path.dsv
[5.479s] -- Symlinking: /home/valdeus1151/Y3T1/FRA333_LAB_HW/LAB4/install/doppelt_interfaces/share/doppelt_interfaces/environment/path.sh
[5.489s] -- Symlinking: /home/valdeus1151/Y3T1/FRA333_LAB_HW/LAB4/install/doppelt_interfaces/share/doppelt_interfaces/environment/path.dsv
[5.498s] -- Symlinking: /home/valdeus1151/Y3T1/FRA333_LAB_HW/LAB4/install/doppelt_interfaces/share/doppelt_interfaces/local_setup.bash
[5.507s] -- Symlinking: /home/valdeus1151/Y3T1/FRA333_LAB_HW/LAB4/install/doppelt_interfaces/share/doppelt_interfaces/local_setup.sh
[5.516s] -- Symlinking: /home/valdeus1151/Y3T1/FRA333_LAB_HW/LAB4/install/doppelt_interfaces/share/doppelt_interfaces/local_setup.zsh
[5.525s] -- Symlinking: /home/valdeus1151/Y3T1/FRA333_LAB_HW/LAB4/install/doppelt_interfaces/share/doppelt_interfaces/local_setup.dsv
[5.534s] -- Symlinking: /home/valdeus1151/Y3T1/FRA333_LAB_HW/LAB4/install/doppelt_interfaces/share/doppelt_interfaces/package.dsv
[5.542s] -- Symlinking: /home/valdeus1151/Y3T1/FRA333_LAB_HW/LAB4/install/doppelt_interfaces/share/ament_index/resource_index/packages/doppelt_interfaces
[5.551s] -- Symlinking: /home/valdeus1151/Y3T1/FRA333_LAB_HW/LAB4/install/doppelt_interfaces/share/doppelt_interfaces/cmake/rosidl_cmake-extras.cmake
[5.560s] -- Symlinking: /home/valdeus1151/Y3T1/FRA333_LAB_HW/LAB4/install/doppelt_interfaces/share/doppelt_interfaces/cmake/ament_cmake_export_dependencies-extras.cmake
[5.569s] -- Symlinking: /home/valdeus1151/Y3T1/FRA333_LAB_HW/LAB4/install/doppelt_interfaces/share/doppelt_interfaces/cmake/ament_cmake_export_libraries-extras.cmake
[5.577s] -- Symlinking: /home/valdeus1151/Y3T1/FRA333_LAB_HW/LAB4/install/doppelt_interfaces/share/doppelt_interfaces/cmake/ament_cmake_export_targets-extras.cmake
[5.586s] -- Symlinking: /home/valdeus1151/Y3T1/FRA333_LAB_HW/LAB4/install/doppelt_interfaces/share/doppelt_interfaces/cmake/ament_cmake_export_include_directories-extras.cmake
[5.595s] -- Symlinking: /home/valdeus1151/Y3T1/FRA333_LAB_HW/LAB4/install/doppelt_interfaces/share/doppelt_interfaces/cmake/rosidl_cmake_export_typesupport_libraries-extras.cmake
[5.604s] -- Symlinking: /home/valdeus1151/Y3T1/FRA333_LAB_HW/LAB4/install/doppelt_interfaces/share/doppelt_interfaces/cmake/rosidl_cmake_export_typesupport_targets-extras.cmake
[5.613s] -- Symlinking: /home/valdeus1151/Y3T1/FRA333_LAB_HW/LAB4/install/doppelt_interfaces/share/doppelt_interfaces/cmake/doppelt_interfacesConfig.cmake
[5.622s] -- Symlinking: /home/valdeus1151/Y3T1/FRA333_LAB_HW/LAB4/install/doppelt_interfaces/share/doppelt_interfaces/cmake/doppelt_interfacesConfig-version.cmake
[5.631s] -- Symlinking: /home/valdeus1151/Y3T1/FRA333_LAB_HW/LAB4/install/doppelt_interfaces/share/doppelt_interfaces/package.xml
[5.641s] -- Installing: /home/valdeus1151/Y3T1/FRA333_LAB_HW/LAB4/install/doppelt_interfaces/lib/libdoppelt_interfaces__rosidl_generator_c.so
[5.641s] -- Set runtime path of "/home/valdeus1151/Y3T1/FRA333_LAB_HW/LAB4/install/doppelt_interfaces/lib/libdoppelt_interfaces__rosidl_generator_c.so" to ""
[5.641s] -- Installing: /home/valdeus1151/Y3T1/FRA333_LAB_HW/LAB4/install/doppelt_interfaces/lib/libdoppelt_interfaces__rosidl_typesupport_introspection_c.so
[5.642s] -- Set runtime path of "/home/valdeus1151/Y3T1/FRA333_LAB_HW/LAB4/install/doppelt_interfaces/lib/libdoppelt_interfaces__rosidl_typesupport_introspection_c.so" to ""
[5.642s] -- Installing: /home/valdeus1151/Y3T1/FRA333_LAB_HW/LAB4/install/doppelt_interfaces/lib/libdoppelt_interfaces__rosidl_typesupport_c.so
[5.642s] -- Set runtime path of "/home/valdeus1151/Y3T1/FRA333_LAB_HW/LAB4/install/doppelt_interfaces/lib/libdoppelt_interfaces__rosidl_typesupport_c.so" to ""
[5.642s] -- Installing: /home/valdeus1151/Y3T1/FRA333_LAB_HW/LAB4/install/doppelt_interfaces/lib/libdoppelt_interfaces__rosidl_typesupport_introspection_cpp.so
[5.643s] -- Set runtime path of "/home/valdeus1151/Y3T1/FRA333_LAB_HW/LAB4/install/doppelt_interfaces/lib/libdoppelt_interfaces__rosidl_typesupport_introspection_cpp.so" to ""
[5.643s] -- Installing: /home/valdeus1151/Y3T1/FRA333_LAB_HW/LAB4/install/doppelt_interfaces/lib/libdoppelt_interfaces__rosidl_typesupport_cpp.so
[5.643s] -- Set runtime path of "/home/valdeus1151/Y3T1/FRA333_LAB_HW/LAB4/install/doppelt_interfaces/lib/libdoppelt_interfaces__rosidl_typesupport_cpp.so" to ""
[5.674s] Compiling '/home/valdeus1151/Y3T1/FRA333_LAB_HW/LAB4/install/doppelt_interfaces/lib/python3.8/site-packages/doppelt_interfaces/__init__.py'...
[5.679s] -- Installing: /home/valdeus1151/Y3T1/FRA333_LAB_HW/LAB4/install/doppelt_interfaces/share/doppelt_interfaces/cmake/doppelt_interfaces__rosidl_generator_cExport.cmake
[5.679s] -- Installing: /home/valdeus1151/Y3T1/FRA333_LAB_HW/LAB4/install/doppelt_interfaces/share/doppelt_interfaces/cmake/doppelt_interfaces__rosidl_generator_cExport-noconfig.cmake
[5.679s] -- Installing: /home/valdeus1151/Y3T1/FRA333_LAB_HW/LAB4/install/doppelt_interfaces/share/doppelt_interfaces/cmake/doppelt_interfaces__rosidl_typesupport_introspection_cExport.cmake
[5.679s] -- Installing: /home/valdeus1151/Y3T1/FRA333_LAB_HW/LAB4/install/doppelt_interfaces/share/doppelt_interfaces/cmake/doppelt_interfaces__rosidl_typesupport_introspection_cExport-noconfig.cmake
[5.679s] -- Installing: /home/valdeus1151/Y3T1/FRA333_LAB_HW/LAB4/install/doppelt_interfaces/share/doppelt_interfaces/cmake/doppelt_interfaces__rosidl_typesupport_cExport.cmake
[5.679s] -- Installing: /home/valdeus1151/Y3T1/FRA333_LAB_HW/LAB4/install/doppelt_interfaces/share/doppelt_interfaces/cmake/doppelt_interfaces__rosidl_typesupport_cExport-noconfig.cmake
[5.680s] -- Installing: /home/valdeus1151/Y3T1/FRA333_LAB_HW/LAB4/install/doppelt_interfaces/share/doppelt_interfaces/cmake/doppelt_interfaces__rosidl_generator_cppExport.cmake
[5.680s] -- Installing: /home/valdeus1151/Y3T1/FRA333_LAB_HW/LAB4/install/doppelt_interfaces/share/doppelt_interfaces/cmake/doppelt_interfaces__rosidl_typesupport_introspection_cppExport.cmake
[5.680s] -- Installing: /home/valdeus1151/Y3T1/FRA333_LAB_HW/LAB4/install/doppelt_interfaces/share/doppelt_interfaces/cmake/doppelt_interfaces__rosidl_typesupport_introspection_cppExport-noconfig.cmake
[5.680s] -- Installing: /home/valdeus1151/Y3T1/FRA333_LAB_HW/LAB4/install/doppelt_interfaces/share/doppelt_interfaces/cmake/doppelt_interfaces__rosidl_typesupport_cppExport.cmake
[5.680s] -- Installing: /home/valdeus1151/Y3T1/FRA333_LAB_HW/LAB4/install/doppelt_interfaces/share/doppelt_interfaces/cmake/doppelt_interfaces__rosidl_typesupport_cppExport-noconfig.cmake
[5.685s] Invoked command in '/home/valdeus1151/Y3T1/FRA333_LAB_HW/LAB4/build/doppelt_interfaces' returned '0': CMAKE_PREFIX_PATH=${CMAKE_PREFIX_PATH}:/opt/ros/foxy /usr/bin/cmake --install /home/valdeus1151/Y3T1/FRA333_LAB_HW/LAB4/build/doppelt_interfaces
