[0.057s] Invoking command in '/home/valdeus1151/Y3T1/FRA333_LAB_HW/LAB4/build/doppelt_control': CMAKE_PREFIX_PATH=${CMAKE_PREFIX_PATH}:/opt/ros/foxy /usr/bin/cmake /home/valdeus1151/Y3T1/FRA333_LAB_HW/LAB4/src/lab4_29/doppelt_control -DAMENT_CMAKE_SYMLINK_INSTALL=1 -DCMAKE_INSTALL_PREFIX=/home/valdeus1151/Y3T1/FRA333_LAB_HW/LAB4/install/doppelt_control
[0.220s] -- The C compiler identification is GNU 9.4.0
[0.347s] -- The CXX compiler identification is GNU 9.4.0
[0.359s] -- Check for working C compiler: /usr/bin/cc
[0.456s] -- Check for working C compiler: /usr/bin/cc -- works
[0.458s] -- Detecting C compiler ABI info
[0.563s] -- Detecting C compiler ABI info - done
[0.579s] -- Detecting C compile features
[0.579s] -- Detecting C compile features - done
[0.584s] -- Check for working CXX compiler: /usr/bin/c++
[0.706s] -- Check for working CXX compiler: /usr/bin/c++ -- works
[0.708s] -- Detecting CXX compiler ABI info
[0.826s] -- Detecting CXX compiler ABI info - done
[0.846s] -- Detecting CXX compile features
[0.847s] -- Detecting CXX compile features - done
[0.853s] -- Found rosidl_default_generators: 1.0.1 (/opt/ros/foxy/share/rosidl_default_generators/cmake)
[0.857s] -- Found ament_cmake_core: 0.9.11 (/opt/ros/foxy/share/ament_cmake_core/cmake)
[0.895s] -- Found PythonInterp: /usr/bin/python3 (found suitable version "3.8.10", minimum required is "3") 
[0.895s] -- Using PYTHON_EXECUTABLE: /usr/bin/python3
[1.190s] -- Override CMake install command with custom implementation using symlinks instead of copying resources
[1.203s] -- Using all available rosidl_typesupport_c: rosidl_typesupport_fastrtps_c;rosidl_typesupport_introspection_c
[1.223s] -- Found rosidl_adapter: 1.3.0 (/opt/ros/foxy/share/rosidl_adapter/cmake)
[1.468s] -- Found OpenSSL: /usr/lib/x86_64-linux-gnu/libcrypto.so (found version "1.1.1f")  
[1.516s] -- Found FastRTPS: /opt/ros/foxy/include  
[1.652s] -- Using all available rosidl_typesupport_cpp: rosidl_typesupport_fastrtps_cpp;rosidl_typesupport_introspection_cpp
[1.704s] -- Found rclcpp: 2.4.2 (/opt/ros/foxy/share/rclcpp/cmake)
[1.816s] -- Found rmw_implementation_cmake: 1.0.3 (/opt/ros/foxy/share/rmw_implementation_cmake/cmake)
[1.820s] -- Using RMW implementation 'rmw_fastrtps_cpp' as default
[1.822s] -- Looking for pthread.h
[1.941s] -- Looking for pthread.h - found
[1.942s] -- Performing Test CMAKE_HAVE_LIBC_PTHREAD
[2.058s] -- Performing Test CMAKE_HAVE_LIBC_PTHREAD - Failed
[2.058s] -- Looking for pthread_create in pthreads
[2.144s] -- Looking for pthread_create in pthreads - not found
[2.144s] -- Looking for pthread_create in pthread
[2.254s] -- Looking for pthread_create in pthread - found
[2.256s] -- Found Threads: TRUE  
[2.531s] -- Found rclpy: 1.0.11 (/opt/ros/foxy/share/rclpy/cmake)
[2.679s] -- Configuring done
[2.682s] -- Generating done
[2.684s] -- Build files have been written to: /home/valdeus1151/Y3T1/FRA333_LAB_HW/LAB4/build/doppelt_control
[2.697s] Invoked command in '/home/valdeus1151/Y3T1/FRA333_LAB_HW/LAB4/build/doppelt_control' returned '0': CMAKE_PREFIX_PATH=${CMAKE_PREFIX_PATH}:/opt/ros/foxy /usr/bin/cmake /home/valdeus1151/Y3T1/FRA333_LAB_HW/LAB4/src/lab4_29/doppelt_control -DAMENT_CMAKE_SYMLINK_INSTALL=1 -DCMAKE_INSTALL_PREFIX=/home/valdeus1151/Y3T1/FRA333_LAB_HW/LAB4/install/doppelt_control
[2.703s] Invoking command in '/home/valdeus1151/Y3T1/FRA333_LAB_HW/LAB4/build/doppelt_control': CMAKE_PREFIX_PATH=${CMAKE_PREFIX_PATH}:/opt/ros/foxy /usr/bin/cmake --build /home/valdeus1151/Y3T1/FRA333_LAB_HW/LAB4/build/doppelt_control -- -j12 -l12
[2.770s] Invoked command in '/home/valdeus1151/Y3T1/FRA333_LAB_HW/LAB4/build/doppelt_control' returned '0': CMAKE_PREFIX_PATH=${CMAKE_PREFIX_PATH}:/opt/ros/foxy /usr/bin/cmake --build /home/valdeus1151/Y3T1/FRA333_LAB_HW/LAB4/build/doppelt_control -- -j12 -l12
[2.817s] Invoking command in '/home/valdeus1151/Y3T1/FRA333_LAB_HW/LAB4/build/doppelt_control': CMAKE_PREFIX_PATH=${CMAKE_PREFIX_PATH}:/opt/ros/foxy /usr/bin/cmake --install /home/valdeus1151/Y3T1/FRA333_LAB_HW/LAB4/build/doppelt_control
[2.828s] -- Install configuration: ""
[2.829s] -- Execute custom install script
[2.830s] -- Symlinking: /home/valdeus1151/Y3T1/FRA333_LAB_HW/LAB4/install/doppelt_control/share/doppelt_control/environment/pythonpath.sh
[2.844s] -- Symlinking: /home/valdeus1151/Y3T1/FRA333_LAB_HW/LAB4/install/doppelt_control/share/doppelt_control/environment/pythonpath.dsv
[2.860s] -- Symlinking: /home/valdeus1151/Y3T1/FRA333_LAB_HW/LAB4/install/doppelt_control/lib/python3.8/site-packages/doppelt_control/__init__.py
[2.876s] -- Symlinking: /home/valdeus1151/Y3T1/FRA333_LAB_HW/LAB4/install/doppelt_control/lib/doppelt_control/tracker.py
[2.888s] -- Symlinking: /home/valdeus1151/Y3T1/FRA333_LAB_HW/LAB4/install/doppelt_control/lib/doppelt_control/scheduler.py
[2.903s] -- Symlinking: /home/valdeus1151/Y3T1/FRA333_LAB_HW/LAB4/install/doppelt_control/lib/doppelt_control/generator.py
[2.920s] -- Symlinking: /home/valdeus1151/Y3T1/FRA333_LAB_HW/LAB4/install/doppelt_control/share/doppelt_control/config/tracker_config.yaml
[2.935s] -- Symlinking: /home/valdeus1151/Y3T1/FRA333_LAB_HW/LAB4/install/doppelt_control/share/doppelt_control/config/via_points.yaml
[2.951s] -- Symlinking: /home/valdeus1151/Y3T1/FRA333_LAB_HW/LAB4/install/doppelt_control/share/doppelt_control/scripts/generator.py
[2.964s] -- Symlinking: /home/valdeus1151/Y3T1/FRA333_LAB_HW/LAB4/install/doppelt_control/share/doppelt_control/scripts/scheduler.py
[2.981s] -- Symlinking: /home/valdeus1151/Y3T1/FRA333_LAB_HW/LAB4/install/doppelt_control/share/doppelt_control/scripts/tracker.py
[2.996s] -- Symlinking: /home/valdeus1151/Y3T1/FRA333_LAB_HW/LAB4/install/doppelt_control/share/doppelt_control/launch/doppelt_ctrl.launch.py
[3.013s] -- Symlinking: /home/valdeus1151/Y3T1/FRA333_LAB_HW/LAB4/install/doppelt_control/share/ament_index/resource_index/package_run_dependencies/doppelt_control
[3.027s] -- Symlinking: /home/valdeus1151/Y3T1/FRA333_LAB_HW/LAB4/install/doppelt_control/share/ament_index/resource_index/parent_prefix_path/doppelt_control
[3.043s] -- Symlinking: /home/valdeus1151/Y3T1/FRA333_LAB_HW/LAB4/install/doppelt_control/share/doppelt_control/environment/ament_prefix_path.sh
[3.060s] -- Symlinking: /home/valdeus1151/Y3T1/FRA333_LAB_HW/LAB4/install/doppelt_control/share/doppelt_control/environment/ament_prefix_path.dsv
[3.077s] -- Symlinking: /home/valdeus1151/Y3T1/FRA333_LAB_HW/LAB4/install/doppelt_control/share/doppelt_control/environment/path.sh
[3.092s] -- Symlinking: /home/valdeus1151/Y3T1/FRA333_LAB_HW/LAB4/install/doppelt_control/share/doppelt_control/environment/path.dsv
[3.109s] -- Symlinking: /home/valdeus1151/Y3T1/FRA333_LAB_HW/LAB4/install/doppelt_control/share/doppelt_control/local_setup.bash
[3.126s] -- Symlinking: /home/valdeus1151/Y3T1/FRA333_LAB_HW/LAB4/install/doppelt_control/share/doppelt_control/local_setup.sh
[3.142s] -- Symlinking: /home/valdeus1151/Y3T1/FRA333_LAB_HW/LAB4/install/doppelt_control/share/doppelt_control/local_setup.zsh
[3.158s] -- Symlinking: /home/valdeus1151/Y3T1/FRA333_LAB_HW/LAB4/install/doppelt_control/share/doppelt_control/local_setup.dsv
[3.175s] -- Symlinking: /home/valdeus1151/Y3T1/FRA333_LAB_HW/LAB4/install/doppelt_control/share/doppelt_control/package.dsv
[3.191s] -- Symlinking: /home/valdeus1151/Y3T1/FRA333_LAB_HW/LAB4/install/doppelt_control/share/ament_index/resource_index/packages/doppelt_control
[3.208s] -- Symlinking: /home/valdeus1151/Y3T1/FRA333_LAB_HW/LAB4/install/doppelt_control/share/doppelt_control/cmake/doppelt_controlConfig.cmake
[3.224s] -- Symlinking: /home/valdeus1151/Y3T1/FRA333_LAB_HW/LAB4/install/doppelt_control/share/doppelt_control/cmake/doppelt_controlConfig-version.cmake
[3.242s] -- Symlinking: /home/valdeus1151/Y3T1/FRA333_LAB_HW/LAB4/install/doppelt_control/share/doppelt_control/package.xml
[3.314s] Listing '/home/valdeus1151/Y3T1/FRA333_LAB_HW/LAB4/install/doppelt_control/lib/python3.8/site-packages/doppelt_control'...
[3.314s] Compiling '/home/valdeus1151/Y3T1/FRA333_LAB_HW/LAB4/install/doppelt_control/lib/python3.8/site-packages/doppelt_control/__init__.py'...
[3.369s] Invoked command in '/home/valdeus1151/Y3T1/FRA333_LAB_HW/LAB4/build/doppelt_control' returned '0': CMAKE_PREFIX_PATH=${CMAKE_PREFIX_PATH}:/opt/ros/foxy /usr/bin/cmake --install /home/valdeus1151/Y3T1/FRA333_LAB_HW/LAB4/build/doppelt_control
