[0.156s] DEBUG:colcon:Command line arguments: ['/usr/bin/colcon', 'build']
[0.156s] DEBUG:colcon:Parsed command line arguments: Namespace(allow_overriding=[], ament_cmake_args=None, base_paths=['.'], build_base='build', catkin_cmake_args=None, catkin_skip_building_tests=False, cmake_args=None, cmake_clean_cache=False, cmake_clean_first=False, cmake_force_configure=False, cmake_target=None, cmake_target_skip_unavailable=False, continue_on_error=False, event_handlers=None, executor='parallel', ignore_user_meta=False, install_base='install', log_base=None, log_level=None, main=<bound method BuildVerb.main of <colcon_core.verb.build.BuildVerb object at 0x7fc23f76b2e0>>, merge_install=False, metas=['./colcon.meta'], packages_above=None, packages_above_and_dependencies=None, packages_above_depth=None, packages_end=None, packages_ignore=None, packages_ignore_regex=None, packages_select=None, packages_select_build_failed=False, packages_select_by_dep=None, packages_select_regex=None, packages_select_test_failures=False, packages_skip=None, packages_skip_build_finished=False, packages_skip_by_dep=None, packages_skip_regex=None, packages_skip_test_passed=False, packages_skip_up_to=None, packages_start=None, packages_up_to=None, packages_up_to_regex=None, parallel_workers=12, paths=None, symlink_install=False, test_result_base=None, verb_extension=<colcon_core.verb.build.BuildVerb object at 0x7fc23f76b2e0>, verb_name='build', verb_parser=<colcon_defaults.argument_parser.defaults.DefaultArgumentsDecorator object at 0x7fc23f76b820>)
[0.175s] Level 1:colcon.colcon_core.package_discovery:discover_packages(colcon_meta) check parameters
[0.175s] Level 1:colcon.colcon_core.package_discovery:discover_packages(recursive) check parameters
[0.175s] Level 1:colcon.colcon_core.package_discovery:discover_packages(ignore) check parameters
[0.175s] Level 1:colcon.colcon_core.package_discovery:discover_packages(path) check parameters
[0.175s] Level 1:colcon.colcon_core.package_discovery:discover_packages(colcon_meta) discover
[0.175s] Level 1:colcon.colcon_core.package_discovery:discover_packages(recursive) discover
[0.175s] INFO:colcon.colcon_core.package_discovery:Crawling recursively for packages in '/home/omzlette/gitROS/FRA333_LAB_HW/LAB3'
[0.176s] Level 1:colcon.colcon_core.package_identification:_identify(.) by extensions ['ignore', 'ignore_ament_install']
[0.176s] Level 1:colcon.colcon_core.package_identification:_identify(.) by extension 'ignore'
[0.176s] Level 1:colcon.colcon_core.package_identification:_identify(.) by extension 'ignore_ament_install'
[0.176s] Level 1:colcon.colcon_core.package_identification:_identify(.) by extensions ['colcon_pkg']
[0.176s] Level 1:colcon.colcon_core.package_identification:_identify(.) by extension 'colcon_pkg'
[0.176s] Level 1:colcon.colcon_core.package_identification:_identify(.) by extensions ['colcon_meta']
[0.176s] Level 1:colcon.colcon_core.package_identification:_identify(.) by extension 'colcon_meta'
[0.176s] Level 1:colcon.colcon_core.package_identification:_identify(.) by extensions ['ros']
[0.176s] Level 1:colcon.colcon_core.package_identification:_identify(.) by extension 'ros'
[0.185s] Level 1:colcon.colcon_core.package_identification:_identify(.) by extensions ['cmake', 'python']
[0.185s] Level 1:colcon.colcon_core.package_identification:_identify(.) by extension 'cmake'
[0.185s] Level 1:colcon.colcon_core.package_identification:_identify(.) by extension 'python'
[0.185s] Level 1:colcon.colcon_core.package_identification:_identify(.) by extensions ['python_setup_py']
[0.185s] Level 1:colcon.colcon_core.package_identification:_identify(.) by extension 'python_setup_py'
[0.186s] Level 1:colcon.colcon_core.package_identification:_identify(Read_IMU) by extensions ['ignore', 'ignore_ament_install']
[0.186s] Level 1:colcon.colcon_core.package_identification:_identify(Read_IMU) by extension 'ignore'
[0.186s] Level 1:colcon.colcon_core.package_identification:_identify(Read_IMU) by extension 'ignore_ament_install'
[0.186s] Level 1:colcon.colcon_core.package_identification:_identify(Read_IMU) by extensions ['colcon_pkg']
[0.186s] Level 1:colcon.colcon_core.package_identification:_identify(Read_IMU) by extension 'colcon_pkg'
[0.186s] Level 1:colcon.colcon_core.package_identification:_identify(Read_IMU) by extensions ['colcon_meta']
[0.186s] Level 1:colcon.colcon_core.package_identification:_identify(Read_IMU) by extension 'colcon_meta'
[0.186s] Level 1:colcon.colcon_core.package_identification:_identify(Read_IMU) by extensions ['ros']
[0.186s] Level 1:colcon.colcon_core.package_identification:_identify(Read_IMU) by extension 'ros'
[0.186s] Level 1:colcon.colcon_core.package_identification:_identify(Read_IMU) by extensions ['cmake', 'python']
[0.186s] Level 1:colcon.colcon_core.package_identification:_identify(Read_IMU) by extension 'cmake'
[0.186s] Level 1:colcon.colcon_core.package_identification:_identify(Read_IMU) by extension 'python'
[0.186s] Level 1:colcon.colcon_core.package_identification:_identify(Read_IMU) by extensions ['python_setup_py']
[0.187s] Level 1:colcon.colcon_core.package_identification:_identify(Read_IMU) by extension 'python_setup_py'
[0.187s] Level 1:colcon.colcon_core.package_identification:_identify(Read_IMU/include) by extensions ['ignore', 'ignore_ament_install']
[0.187s] Level 1:colcon.colcon_core.package_identification:_identify(Read_IMU/include) by extension 'ignore'
[0.187s] Level 1:colcon.colcon_core.package_identification:_identify(Read_IMU/include) by extension 'ignore_ament_install'
[0.187s] Level 1:colcon.colcon_core.package_identification:_identify(Read_IMU/include) by extensions ['colcon_pkg']
[0.187s] Level 1:colcon.colcon_core.package_identification:_identify(Read_IMU/include) by extension 'colcon_pkg'
[0.187s] Level 1:colcon.colcon_core.package_identification:_identify(Read_IMU/include) by extensions ['colcon_meta']
[0.187s] Level 1:colcon.colcon_core.package_identification:_identify(Read_IMU/include) by extension 'colcon_meta'
[0.187s] Level 1:colcon.colcon_core.package_identification:_identify(Read_IMU/include) by extensions ['ros']
[0.187s] Level 1:colcon.colcon_core.package_identification:_identify(Read_IMU/include) by extension 'ros'
[0.187s] Level 1:colcon.colcon_core.package_identification:_identify(Read_IMU/include) by extensions ['cmake', 'python']
[0.187s] Level 1:colcon.colcon_core.package_identification:_identify(Read_IMU/include) by extension 'cmake'
[0.188s] Level 1:colcon.colcon_core.package_identification:_identify(Read_IMU/include) by extension 'python'
[0.188s] Level 1:colcon.colcon_core.package_identification:_identify(Read_IMU/include) by extensions ['python_setup_py']
[0.188s] Level 1:colcon.colcon_core.package_identification:_identify(Read_IMU/include) by extension 'python_setup_py'
[0.188s] Level 1:colcon.colcon_core.package_identification:_identify(Read_IMU/lib) by extensions ['ignore', 'ignore_ament_install']
[0.188s] Level 1:colcon.colcon_core.package_identification:_identify(Read_IMU/lib) by extension 'ignore'
[0.188s] Level 1:colcon.colcon_core.package_identification:_identify(Read_IMU/lib) by extension 'ignore_ament_install'
[0.188s] Level 1:colcon.colcon_core.package_identification:_identify(Read_IMU/lib) by extensions ['colcon_pkg']
[0.188s] Level 1:colcon.colcon_core.package_identification:_identify(Read_IMU/lib) by extension 'colcon_pkg'
[0.188s] Level 1:colcon.colcon_core.package_identification:_identify(Read_IMU/lib) by extensions ['colcon_meta']
[0.188s] Level 1:colcon.colcon_core.package_identification:_identify(Read_IMU/lib) by extension 'colcon_meta'
[0.188s] Level 1:colcon.colcon_core.package_identification:_identify(Read_IMU/lib) by extensions ['ros']
[0.188s] Level 1:colcon.colcon_core.package_identification:_identify(Read_IMU/lib) by extension 'ros'
[0.189s] Level 1:colcon.colcon_core.package_identification:_identify(Read_IMU/lib) by extensions ['cmake', 'python']
[0.189s] Level 1:colcon.colcon_core.package_identification:_identify(Read_IMU/lib) by extension 'cmake'
[0.189s] Level 1:colcon.colcon_core.package_identification:_identify(Read_IMU/lib) by extension 'python'
[0.189s] Level 1:colcon.colcon_core.package_identification:_identify(Read_IMU/lib) by extensions ['python_setup_py']
[0.189s] Level 1:colcon.colcon_core.package_identification:_identify(Read_IMU/lib) by extension 'python_setup_py'
[0.189s] Level 1:colcon.colcon_core.package_identification:_identify(Read_IMU/lib/Xicro_read_imu_ID_3) by extensions ['ignore', 'ignore_ament_install']
[0.189s] Level 1:colcon.colcon_core.package_identification:_identify(Read_IMU/lib/Xicro_read_imu_ID_3) by extension 'ignore'
[0.189s] Level 1:colcon.colcon_core.package_identification:_identify(Read_IMU/lib/Xicro_read_imu_ID_3) by extension 'ignore_ament_install'
[0.189s] Level 1:colcon.colcon_core.package_identification:_identify(Read_IMU/lib/Xicro_read_imu_ID_3) by extensions ['colcon_pkg']
[0.189s] Level 1:colcon.colcon_core.package_identification:_identify(Read_IMU/lib/Xicro_read_imu_ID_3) by extension 'colcon_pkg'
[0.189s] Level 1:colcon.colcon_core.package_identification:_identify(Read_IMU/lib/Xicro_read_imu_ID_3) by extensions ['colcon_meta']
[0.189s] Level 1:colcon.colcon_core.package_identification:_identify(Read_IMU/lib/Xicro_read_imu_ID_3) by extension 'colcon_meta'
[0.189s] Level 1:colcon.colcon_core.package_identification:_identify(Read_IMU/lib/Xicro_read_imu_ID_3) by extensions ['ros']
[0.189s] Level 1:colcon.colcon_core.package_identification:_identify(Read_IMU/lib/Xicro_read_imu_ID_3) by extension 'ros'
[0.189s] Level 1:colcon.colcon_core.package_identification:_identify(Read_IMU/lib/Xicro_read_imu_ID_3) by extensions ['cmake', 'python']
[0.189s] Level 1:colcon.colcon_core.package_identification:_identify(Read_IMU/lib/Xicro_read_imu_ID_3) by extension 'cmake'
[0.190s] Level 1:colcon.colcon_core.package_identification:_identify(Read_IMU/lib/Xicro_read_imu_ID_3) by extension 'python'
[0.190s] Level 1:colcon.colcon_core.package_identification:_identify(Read_IMU/lib/Xicro_read_imu_ID_3) by extensions ['python_setup_py']
[0.190s] Level 1:colcon.colcon_core.package_identification:_identify(Read_IMU/lib/Xicro_read_imu_ID_3) by extension 'python_setup_py'
[0.190s] Level 1:colcon.colcon_core.package_identification:_identify(Read_IMU/src) by extensions ['ignore', 'ignore_ament_install']
[0.190s] Level 1:colcon.colcon_core.package_identification:_identify(Read_IMU/src) by extension 'ignore'
[0.190s] Level 1:colcon.colcon_core.package_identification:_identify(Read_IMU/src) by extension 'ignore_ament_install'
[0.190s] Level 1:colcon.colcon_core.package_identification:_identify(Read_IMU/src) by extensions ['colcon_pkg']
[0.190s] Level 1:colcon.colcon_core.package_identification:_identify(Read_IMU/src) by extension 'colcon_pkg'
[0.190s] Level 1:colcon.colcon_core.package_identification:_identify(Read_IMU/src) by extensions ['colcon_meta']
[0.190s] Level 1:colcon.colcon_core.package_identification:_identify(Read_IMU/src) by extension 'colcon_meta'
[0.190s] Level 1:colcon.colcon_core.package_identification:_identify(Read_IMU/src) by extensions ['ros']
[0.190s] Level 1:colcon.colcon_core.package_identification:_identify(Read_IMU/src) by extension 'ros'
[0.190s] Level 1:colcon.colcon_core.package_identification:_identify(Read_IMU/src) by extensions ['cmake', 'python']
[0.190s] Level 1:colcon.colcon_core.package_identification:_identify(Read_IMU/src) by extension 'cmake'
[0.191s] Level 1:colcon.colcon_core.package_identification:_identify(Read_IMU/src) by extension 'python'
[0.191s] Level 1:colcon.colcon_core.package_identification:_identify(Read_IMU/src) by extensions ['python_setup_py']
[0.191s] Level 1:colcon.colcon_core.package_identification:_identify(Read_IMU/src) by extension 'python_setup_py'
[0.191s] Level 1:colcon.colcon_core.package_identification:_identify(Read_IMU/test) by extensions ['ignore', 'ignore_ament_install']
[0.191s] Level 1:colcon.colcon_core.package_identification:_identify(Read_IMU/test) by extension 'ignore'
[0.191s] Level 1:colcon.colcon_core.package_identification:_identify(Read_IMU/test) by extension 'ignore_ament_install'
[0.191s] Level 1:colcon.colcon_core.package_identification:_identify(Read_IMU/test) by extensions ['colcon_pkg']
[0.191s] Level 1:colcon.colcon_core.package_identification:_identify(Read_IMU/test) by extension 'colcon_pkg'
[0.191s] Level 1:colcon.colcon_core.package_identification:_identify(Read_IMU/test) by extensions ['colcon_meta']
[0.191s] Level 1:colcon.colcon_core.package_identification:_identify(Read_IMU/test) by extension 'colcon_meta'
[0.191s] Level 1:colcon.colcon_core.package_identification:_identify(Read_IMU/test) by extensions ['ros']
[0.191s] Level 1:colcon.colcon_core.package_identification:_identify(Read_IMU/test) by extension 'ros'
[0.191s] Level 1:colcon.colcon_core.package_identification:_identify(Read_IMU/test) by extensions ['cmake', 'python']
[0.191s] Level 1:colcon.colcon_core.package_identification:_identify(Read_IMU/test) by extension 'cmake'
[0.191s] Level 1:colcon.colcon_core.package_identification:_identify(Read_IMU/test) by extension 'python'
[0.191s] Level 1:colcon.colcon_core.package_identification:_identify(Read_IMU/test) by extensions ['python_setup_py']
[0.192s] Level 1:colcon.colcon_core.package_identification:_identify(Read_IMU/test) by extension 'python_setup_py'
[0.192s] Level 1:colcon.colcon_core.package_identification:_identify(build) by extensions ['ignore', 'ignore_ament_install']
[0.192s] Level 1:colcon.colcon_core.package_identification:_identify(build) by extension 'ignore'
[0.192s] Level 1:colcon.colcon_core.package_identification:_identify(build) ignored
[0.192s] Level 1:colcon.colcon_core.package_identification:_identify(doc) by extensions ['ignore', 'ignore_ament_install']
[0.192s] Level 1:colcon.colcon_core.package_identification:_identify(doc) by extension 'ignore'
[0.192s] Level 1:colcon.colcon_core.package_identification:_identify(doc) by extension 'ignore_ament_install'
[0.192s] Level 1:colcon.colcon_core.package_identification:_identify(doc) by extensions ['colcon_pkg']
[0.192s] Level 1:colcon.colcon_core.package_identification:_identify(doc) by extension 'colcon_pkg'
[0.192s] Level 1:colcon.colcon_core.package_identification:_identify(doc) by extensions ['colcon_meta']
[0.192s] Level 1:colcon.colcon_core.package_identification:_identify(doc) by extension 'colcon_meta'
[0.192s] Level 1:colcon.colcon_core.package_identification:_identify(doc) by extensions ['ros']
[0.192s] Level 1:colcon.colcon_core.package_identification:_identify(doc) by extension 'ros'
[0.193s] Level 1:colcon.colcon_core.package_identification:_identify(doc) by extensions ['cmake', 'python']
[0.193s] Level 1:colcon.colcon_core.package_identification:_identify(doc) by extension 'cmake'
[0.193s] Level 1:colcon.colcon_core.package_identification:_identify(doc) by extension 'python'
[0.193s] Level 1:colcon.colcon_core.package_identification:_identify(doc) by extensions ['python_setup_py']
[0.193s] Level 1:colcon.colcon_core.package_identification:_identify(doc) by extension 'python_setup_py'
[0.193s] Level 1:colcon.colcon_core.package_identification:_identify(install) by extensions ['ignore', 'ignore_ament_install']
[0.193s] Level 1:colcon.colcon_core.package_identification:_identify(install) by extension 'ignore'
[0.193s] Level 1:colcon.colcon_core.package_identification:_identify(install) ignored
[0.193s] Level 1:colcon.colcon_core.package_identification:_identify(log) by extensions ['ignore', 'ignore_ament_install']
[0.193s] Level 1:colcon.colcon_core.package_identification:_identify(log) by extension 'ignore'
[0.193s] Level 1:colcon.colcon_core.package_identification:_identify(log) ignored
[0.193s] Level 1:colcon.colcon_core.package_identification:_identify(src) by extensions ['ignore', 'ignore_ament_install']
[0.193s] Level 1:colcon.colcon_core.package_identification:_identify(src) by extension 'ignore'
[0.193s] Level 1:colcon.colcon_core.package_identification:_identify(src) by extension 'ignore_ament_install'
[0.194s] Level 1:colcon.colcon_core.package_identification:_identify(src) by extensions ['colcon_pkg']
[0.194s] Level 1:colcon.colcon_core.package_identification:_identify(src) by extension 'colcon_pkg'
[0.194s] Level 1:colcon.colcon_core.package_identification:_identify(src) by extensions ['colcon_meta']
[0.194s] Level 1:colcon.colcon_core.package_identification:_identify(src) by extension 'colcon_meta'
[0.194s] Level 1:colcon.colcon_core.package_identification:_identify(src) by extensions ['ros']
[0.194s] Level 1:colcon.colcon_core.package_identification:_identify(src) by extension 'ros'
[0.194s] Level 1:colcon.colcon_core.package_identification:_identify(src) by extensions ['cmake', 'python']
[0.194s] Level 1:colcon.colcon_core.package_identification:_identify(src) by extension 'cmake'
[0.194s] Level 1:colcon.colcon_core.package_identification:_identify(src) by extension 'python'
[0.194s] Level 1:colcon.colcon_core.package_identification:_identify(src) by extensions ['python_setup_py']
[0.194s] Level 1:colcon.colcon_core.package_identification:_identify(src) by extension 'python_setup_py'
[0.194s] Level 1:colcon.colcon_core.package_identification:_identify(src/Xicro) by extensions ['ignore', 'ignore_ament_install']
[0.194s] Level 1:colcon.colcon_core.package_identification:_identify(src/Xicro) by extension 'ignore'
[0.194s] Level 1:colcon.colcon_core.package_identification:_identify(src/Xicro) by extension 'ignore_ament_install'
[0.195s] Level 1:colcon.colcon_core.package_identification:_identify(src/Xicro) by extensions ['colcon_pkg']
[0.195s] Level 1:colcon.colcon_core.package_identification:_identify(src/Xicro) by extension 'colcon_pkg'
[0.195s] Level 1:colcon.colcon_core.package_identification:_identify(src/Xicro) by extensions ['colcon_meta']
[0.195s] Level 1:colcon.colcon_core.package_identification:_identify(src/Xicro) by extension 'colcon_meta'
[0.195s] Level 1:colcon.colcon_core.package_identification:_identify(src/Xicro) by extensions ['ros']
[0.195s] Level 1:colcon.colcon_core.package_identification:_identify(src/Xicro) by extension 'ros'
[0.195s] Level 1:colcon.colcon_core.package_identification:_identify(src/Xicro) by extensions ['cmake', 'python']
[0.195s] Level 1:colcon.colcon_core.package_identification:_identify(src/Xicro) by extension 'cmake'
[0.195s] Level 1:colcon.colcon_core.package_identification:_identify(src/Xicro) by extension 'python'
[0.195s] Level 1:colcon.colcon_core.package_identification:_identify(src/Xicro) by extensions ['python_setup_py']
[0.195s] Level 1:colcon.colcon_core.package_identification:_identify(src/Xicro) by extension 'python_setup_py'
[0.195s] Level 1:colcon.colcon_core.package_identification:_identify(src/Xicro/arduino_code) by extensions ['ignore', 'ignore_ament_install']
[0.195s] Level 1:colcon.colcon_core.package_identification:_identify(src/Xicro/arduino_code) by extension 'ignore'
[0.195s] Level 1:colcon.colcon_core.package_identification:_identify(src/Xicro/arduino_code) by extension 'ignore_ament_install'
[0.196s] Level 1:colcon.colcon_core.package_identification:_identify(src/Xicro/arduino_code) by extensions ['colcon_pkg']
[0.196s] Level 1:colcon.colcon_core.package_identification:_identify(src/Xicro/arduino_code) by extension 'colcon_pkg'
[0.196s] Level 1:colcon.colcon_core.package_identification:_identify(src/Xicro/arduino_code) by extensions ['colcon_meta']
[0.196s] Level 1:colcon.colcon_core.package_identification:_identify(src/Xicro/arduino_code) by extension 'colcon_meta'
[0.196s] Level 1:colcon.colcon_core.package_identification:_identify(src/Xicro/arduino_code) by extensions ['ros']
[0.196s] Level 1:colcon.colcon_core.package_identification:_identify(src/Xicro/arduino_code) by extension 'ros'
[0.196s] Level 1:colcon.colcon_core.package_identification:_identify(src/Xicro/arduino_code) by extensions ['cmake', 'python']
[0.196s] Level 1:colcon.colcon_core.package_identification:_identify(src/Xicro/arduino_code) by extension 'cmake'
[0.196s] Level 1:colcon.colcon_core.package_identification:_identify(src/Xicro/arduino_code) by extension 'python'
[0.196s] Level 1:colcon.colcon_core.package_identification:_identify(src/Xicro/arduino_code) by extensions ['python_setup_py']
[0.196s] Level 1:colcon.colcon_core.package_identification:_identify(src/Xicro/arduino_code) by extension 'python_setup_py'
[0.196s] Level 1:colcon.colcon_core.package_identification:_identify(src/Xicro/arduino_code/Demo) by extensions ['ignore', 'ignore_ament_install']
[0.196s] Level 1:colcon.colcon_core.package_identification:_identify(src/Xicro/arduino_code/Demo) by extension 'ignore'
[0.196s] Level 1:colcon.colcon_core.package_identification:_identify(src/Xicro/arduino_code/Demo) by extension 'ignore_ament_install'
[0.196s] Level 1:colcon.colcon_core.package_identification:_identify(src/Xicro/arduino_code/Demo) by extensions ['colcon_pkg']
[0.197s] Level 1:colcon.colcon_core.package_identification:_identify(src/Xicro/arduino_code/Demo) by extension 'colcon_pkg'
[0.197s] Level 1:colcon.colcon_core.package_identification:_identify(src/Xicro/arduino_code/Demo) by extensions ['colcon_meta']
[0.197s] Level 1:colcon.colcon_core.package_identification:_identify(src/Xicro/arduino_code/Demo) by extension 'colcon_meta'
[0.197s] Level 1:colcon.colcon_core.package_identification:_identify(src/Xicro/arduino_code/Demo) by extensions ['ros']
[0.197s] Level 1:colcon.colcon_core.package_identification:_identify(src/Xicro/arduino_code/Demo) by extension 'ros'
[0.197s] Level 1:colcon.colcon_core.package_identification:_identify(src/Xicro/arduino_code/Demo) by extensions ['cmake', 'python']
[0.197s] Level 1:colcon.colcon_core.package_identification:_identify(src/Xicro/arduino_code/Demo) by extension 'cmake'
[0.197s] Level 1:colcon.colcon_core.package_identification:_identify(src/Xicro/arduino_code/Demo) by extension 'python'
[0.197s] Level 1:colcon.colcon_core.package_identification:_identify(src/Xicro/arduino_code/Demo) by extensions ['python_setup_py']
[0.197s] Level 1:colcon.colcon_core.package_identification:_identify(src/Xicro/arduino_code/Demo) by extension 'python_setup_py'
[0.197s] Level 1:colcon.colcon_core.package_identification:_identify(src/Xicro/arduino_code/fake_imu) by extensions ['ignore', 'ignore_ament_install']
[0.197s] Level 1:colcon.colcon_core.package_identification:_identify(src/Xicro/arduino_code/fake_imu) by extension 'ignore'
[0.197s] Level 1:colcon.colcon_core.package_identification:_identify(src/Xicro/arduino_code/fake_imu) by extension 'ignore_ament_install'
[0.197s] Level 1:colcon.colcon_core.package_identification:_identify(src/Xicro/arduino_code/fake_imu) by extensions ['colcon_pkg']
[0.197s] Level 1:colcon.colcon_core.package_identification:_identify(src/Xicro/arduino_code/fake_imu) by extension 'colcon_pkg'
[0.198s] Level 1:colcon.colcon_core.package_identification:_identify(src/Xicro/arduino_code/fake_imu) by extensions ['colcon_meta']
[0.198s] Level 1:colcon.colcon_core.package_identification:_identify(src/Xicro/arduino_code/fake_imu) by extension 'colcon_meta'
[0.198s] Level 1:colcon.colcon_core.package_identification:_identify(src/Xicro/arduino_code/fake_imu) by extensions ['ros']
[0.198s] Level 1:colcon.colcon_core.package_identification:_identify(src/Xicro/arduino_code/fake_imu) by extension 'ros'
[0.198s] Level 1:colcon.colcon_core.package_identification:_identify(src/Xicro/arduino_code/fake_imu) by extensions ['cmake', 'python']
[0.198s] Level 1:colcon.colcon_core.package_identification:_identify(src/Xicro/arduino_code/fake_imu) by extension 'cmake'
[0.198s] Level 1:colcon.colcon_core.package_identification:_identify(src/Xicro/arduino_code/fake_imu) by extension 'python'
[0.198s] Level 1:colcon.colcon_core.package_identification:_identify(src/Xicro/arduino_code/fake_imu) by extensions ['python_setup_py']
[0.198s] Level 1:colcon.colcon_core.package_identification:_identify(src/Xicro/arduino_code/fake_imu) by extension 'python_setup_py'
[0.198s] Level 1:colcon.colcon_core.package_identification:_identify(src/Xicro/xicro_interfaces) by extensions ['ignore', 'ignore_ament_install']
[0.198s] Level 1:colcon.colcon_core.package_identification:_identify(src/Xicro/xicro_interfaces) by extension 'ignore'
[0.198s] Level 1:colcon.colcon_core.package_identification:_identify(src/Xicro/xicro_interfaces) by extension 'ignore_ament_install'
[0.198s] Level 1:colcon.colcon_core.package_identification:_identify(src/Xicro/xicro_interfaces) by extensions ['colcon_pkg']
[0.198s] Level 1:colcon.colcon_core.package_identification:_identify(src/Xicro/xicro_interfaces) by extension 'colcon_pkg'
[0.198s] Level 1:colcon.colcon_core.package_identification:_identify(src/Xicro/xicro_interfaces) by extensions ['colcon_meta']
[0.199s] Level 1:colcon.colcon_core.package_identification:_identify(src/Xicro/xicro_interfaces) by extension 'colcon_meta'
[0.199s] Level 1:colcon.colcon_core.package_identification:_identify(src/Xicro/xicro_interfaces) by extensions ['ros']
[0.199s] Level 1:colcon.colcon_core.package_identification:_identify(src/Xicro/xicro_interfaces) by extension 'ros'
[0.201s] DEBUG:colcon.colcon_core.package_identification:Package 'src/Xicro/xicro_interfaces' with type 'ros.ament_cmake' and name 'xicro_interfaces'
[0.201s] Level 1:colcon.colcon_core.package_identification:_identify(src/Xicro/xicro_pkg) by extensions ['ignore', 'ignore_ament_install']
[0.201s] Level 1:colcon.colcon_core.package_identification:_identify(src/Xicro/xicro_pkg) by extension 'ignore'
[0.201s] Level 1:colcon.colcon_core.package_identification:_identify(src/Xicro/xicro_pkg) by extension 'ignore_ament_install'
[0.201s] Level 1:colcon.colcon_core.package_identification:_identify(src/Xicro/xicro_pkg) by extensions ['colcon_pkg']
[0.201s] Level 1:colcon.colcon_core.package_identification:_identify(src/Xicro/xicro_pkg) by extension 'colcon_pkg'
[0.201s] Level 1:colcon.colcon_core.package_identification:_identify(src/Xicro/xicro_pkg) by extensions ['colcon_meta']
[0.201s] Level 1:colcon.colcon_core.package_identification:_identify(src/Xicro/xicro_pkg) by extension 'colcon_meta'
[0.202s] Level 1:colcon.colcon_core.package_identification:_identify(src/Xicro/xicro_pkg) by extensions ['ros']
[0.202s] Level 1:colcon.colcon_core.package_identification:_identify(src/Xicro/xicro_pkg) by extension 'ros'
[0.202s] DEBUG:colcon.colcon_core.package_identification:Package 'src/Xicro/xicro_pkg' with type 'ros.ament_cmake' and name 'xicro_pkg'
[0.202s] Level 1:colcon.colcon_core.package_identification:_identify(src/ros2_control_demo_3r_robot) by extensions ['ignore', 'ignore_ament_install']
[0.202s] Level 1:colcon.colcon_core.package_identification:_identify(src/ros2_control_demo_3r_robot) by extension 'ignore'
[0.202s] Level 1:colcon.colcon_core.package_identification:_identify(src/ros2_control_demo_3r_robot) by extension 'ignore_ament_install'
[0.202s] Level 1:colcon.colcon_core.package_identification:_identify(src/ros2_control_demo_3r_robot) by extensions ['colcon_pkg']
[0.202s] Level 1:colcon.colcon_core.package_identification:_identify(src/ros2_control_demo_3r_robot) by extension 'colcon_pkg'
[0.203s] Level 1:colcon.colcon_core.package_identification:_identify(src/ros2_control_demo_3r_robot) by extensions ['colcon_meta']
[0.203s] Level 1:colcon.colcon_core.package_identification:_identify(src/ros2_control_demo_3r_robot) by extension 'colcon_meta'
[0.203s] Level 1:colcon.colcon_core.package_identification:_identify(src/ros2_control_demo_3r_robot) by extensions ['ros']
[0.203s] Level 1:colcon.colcon_core.package_identification:_identify(src/ros2_control_demo_3r_robot) by extension 'ros'
[0.204s] DEBUG:colcon.colcon_core.package_identification:Package 'src/ros2_control_demo_3r_robot' with type 'ros.ament_cmake' and name 'ros2_control_demo_3r_robot'
[0.204s] Level 1:colcon.colcon_core.package_discovery:discover_packages(recursive) using defaults
[0.204s] Level 1:colcon.colcon_core.package_discovery:discover_packages(ignore) discover
[0.204s] Level 1:colcon.colcon_core.package_discovery:discover_packages(ignore) using defaults
[0.204s] Level 1:colcon.colcon_core.package_discovery:discover_packages(path) discover
[0.204s] Level 1:colcon.colcon_core.package_discovery:discover_packages(path) using defaults
[0.227s] Level 1:colcon.colcon_core.package_discovery:discover_packages(prefix_path) check parameters
[0.227s] Level 1:colcon.colcon_core.package_discovery:discover_packages(prefix_path) discover
[0.230s] DEBUG:colcon.colcon_installed_package_information.package_discovery:Found 3 installed packages in /home/omzlette/gitROS/FRA333_LAB_HW/LAB3/install
[0.230s] DEBUG:colcon.colcon_installed_package_information.package_discovery:Found 3 installed packages in /home/omzlette/gitROS/FRA333_LAB_HW/LAB2/install
[0.232s] DEBUG:colcon.colcon_installed_package_information.package_discovery:Found 279 installed packages in /opt/ros/foxy
[0.233s] Level 1:colcon.colcon_core.package_discovery:discover_packages(prefix_path) using defaults
[0.293s] Level 5:colcon.colcon_core.verb:set package 'ros2_control_demo_3r_robot' build argument 'cmake_args' from command line to 'None'
[0.293s] Level 5:colcon.colcon_core.verb:set package 'ros2_control_demo_3r_robot' build argument 'cmake_target' from command line to 'None'
[0.293s] Level 5:colcon.colcon_core.verb:set package 'ros2_control_demo_3r_robot' build argument 'cmake_target_skip_unavailable' from command line to 'False'
[0.293s] Level 5:colcon.colcon_core.verb:set package 'ros2_control_demo_3r_robot' build argument 'cmake_clean_cache' from command line to 'False'
[0.293s] Level 5:colcon.colcon_core.verb:set package 'ros2_control_demo_3r_robot' build argument 'cmake_clean_first' from command line to 'False'
[0.293s] Level 5:colcon.colcon_core.verb:set package 'ros2_control_demo_3r_robot' build argument 'cmake_force_configure' from command line to 'False'
[0.293s] Level 5:colcon.colcon_core.verb:set package 'ros2_control_demo_3r_robot' build argument 'ament_cmake_args' from command line to 'None'
[0.293s] Level 5:colcon.colcon_core.verb:set package 'ros2_control_demo_3r_robot' build argument 'catkin_cmake_args' from command line to 'None'
[0.293s] Level 5:colcon.colcon_core.verb:set package 'ros2_control_demo_3r_robot' build argument 'catkin_skip_building_tests' from command line to 'False'
[0.293s] DEBUG:colcon.colcon_core.verb:Building package 'ros2_control_demo_3r_robot' with the following arguments: {'ament_cmake_args': None, 'build_base': '/home/omzlette/gitROS/FRA333_LAB_HW/LAB3/build/ros2_control_demo_3r_robot', 'catkin_cmake_args': None, 'catkin_skip_building_tests': False, 'cmake_args': None, 'cmake_clean_cache': False, 'cmake_clean_first': False, 'cmake_force_configure': False, 'cmake_target': None, 'cmake_target_skip_unavailable': False, 'install_base': '/home/omzlette/gitROS/FRA333_LAB_HW/LAB3/install/ros2_control_demo_3r_robot', 'merge_install': False, 'path': '/home/omzlette/gitROS/FRA333_LAB_HW/LAB3/src/ros2_control_demo_3r_robot', 'symlink_install': False, 'test_result_base': None}
[0.294s] Level 5:colcon.colcon_core.verb:set package 'xicro_interfaces' build argument 'cmake_args' from command line to 'None'
[0.294s] Level 5:colcon.colcon_core.verb:set package 'xicro_interfaces' build argument 'cmake_target' from command line to 'None'
[0.294s] Level 5:colcon.colcon_core.verb:set package 'xicro_interfaces' build argument 'cmake_target_skip_unavailable' from command line to 'False'
[0.294s] Level 5:colcon.colcon_core.verb:set package 'xicro_interfaces' build argument 'cmake_clean_cache' from command line to 'False'
[0.294s] Level 5:colcon.colcon_core.verb:set package 'xicro_interfaces' build argument 'cmake_clean_first' from command line to 'False'
[0.294s] Level 5:colcon.colcon_core.verb:set package 'xicro_interfaces' build argument 'cmake_force_configure' from command line to 'False'
[0.294s] Level 5:colcon.colcon_core.verb:set package 'xicro_interfaces' build argument 'ament_cmake_args' from command line to 'None'
[0.294s] Level 5:colcon.colcon_core.verb:set package 'xicro_interfaces' build argument 'catkin_cmake_args' from command line to 'None'
[0.294s] Level 5:colcon.colcon_core.verb:set package 'xicro_interfaces' build argument 'catkin_skip_building_tests' from command line to 'False'
[0.294s] DEBUG:colcon.colcon_core.verb:Building package 'xicro_interfaces' with the following arguments: {'ament_cmake_args': None, 'build_base': '/home/omzlette/gitROS/FRA333_LAB_HW/LAB3/build/xicro_interfaces', 'catkin_cmake_args': None, 'catkin_skip_building_tests': False, 'cmake_args': None, 'cmake_clean_cache': False, 'cmake_clean_first': False, 'cmake_force_configure': False, 'cmake_target': None, 'cmake_target_skip_unavailable': False, 'install_base': '/home/omzlette/gitROS/FRA333_LAB_HW/LAB3/install/xicro_interfaces', 'merge_install': False, 'path': '/home/omzlette/gitROS/FRA333_LAB_HW/LAB3/src/Xicro/xicro_interfaces', 'symlink_install': False, 'test_result_base': None}
[0.295s] Level 5:colcon.colcon_core.verb:set package 'xicro_pkg' build argument 'cmake_args' from command line to 'None'
[0.295s] Level 5:colcon.colcon_core.verb:set package 'xicro_pkg' build argument 'cmake_target' from command line to 'None'
[0.296s] Level 5:colcon.colcon_core.verb:set package 'xicro_pkg' build argument 'cmake_target_skip_unavailable' from command line to 'False'
[0.296s] Level 5:colcon.colcon_core.verb:set package 'xicro_pkg' build argument 'cmake_clean_cache' from command line to 'False'
[0.296s] Level 5:colcon.colcon_core.verb:set package 'xicro_pkg' build argument 'cmake_clean_first' from command line to 'False'
[0.296s] Level 5:colcon.colcon_core.verb:set package 'xicro_pkg' build argument 'cmake_force_configure' from command line to 'False'
[0.296s] Level 5:colcon.colcon_core.verb:set package 'xicro_pkg' build argument 'ament_cmake_args' from command line to 'None'
[0.296s] Level 5:colcon.colcon_core.verb:set package 'xicro_pkg' build argument 'catkin_cmake_args' from command line to 'None'
[0.296s] Level 5:colcon.colcon_core.verb:set package 'xicro_pkg' build argument 'catkin_skip_building_tests' from command line to 'False'
[0.296s] DEBUG:colcon.colcon_core.verb:Building package 'xicro_pkg' with the following arguments: {'ament_cmake_args': None, 'build_base': '/home/omzlette/gitROS/FRA333_LAB_HW/LAB3/build/xicro_pkg', 'catkin_cmake_args': None, 'catkin_skip_building_tests': False, 'cmake_args': None, 'cmake_clean_cache': False, 'cmake_clean_first': False, 'cmake_force_configure': False, 'cmake_target': None, 'cmake_target_skip_unavailable': False, 'install_base': '/home/omzlette/gitROS/FRA333_LAB_HW/LAB3/install/xicro_pkg', 'merge_install': False, 'path': '/home/omzlette/gitROS/FRA333_LAB_HW/LAB3/src/Xicro/xicro_pkg', 'symlink_install': False, 'test_result_base': None}
[0.297s] INFO:colcon.colcon_core.executor:Executing jobs using 'parallel' executor
[0.301s] DEBUG:colcon.colcon_parallel_executor.executor.parallel:run_until_complete
[0.301s] INFO:colcon.colcon_ros.task.ament_cmake.build:Building ROS package in '/home/omzlette/gitROS/FRA333_LAB_HW/LAB3/src/ros2_control_demo_3r_robot' with build type 'ament_cmake'
[0.301s] INFO:colcon.colcon_cmake.task.cmake.build:Building CMake package in '/home/omzlette/gitROS/FRA333_LAB_HW/LAB3/src/ros2_control_demo_3r_robot'
[0.306s] INFO:colcon.colcon_core.plugin_system:Skipping extension 'colcon_core.shell.bat': Not used on non-Windows systems
[0.306s] INFO:colcon.colcon_core.shell:Skip shell extension 'powershell' for command environment: Not usable outside of PowerShell
[0.306s] DEBUG:colcon.colcon_core.shell:Skip shell extension 'dsv' for command environment
[0.311s] INFO:colcon.colcon_ros.task.ament_cmake.build:Building ROS package in '/home/omzlette/gitROS/FRA333_LAB_HW/LAB3/src/Xicro/xicro_interfaces' with build type 'ament_cmake'
[0.312s] INFO:colcon.colcon_cmake.task.cmake.build:Building CMake package in '/home/omzlette/gitROS/FRA333_LAB_HW/LAB3/src/Xicro/xicro_interfaces'
[0.313s] INFO:colcon.colcon_core.shell:Skip shell extension 'powershell' for command environment: Not usable outside of PowerShell
[0.314s] DEBUG:colcon.colcon_core.shell:Skip shell extension 'dsv' for command environment
[0.319s] INFO:colcon.colcon_ros.task.ament_cmake.build:Building ROS package in '/home/omzlette/gitROS/FRA333_LAB_HW/LAB3/src/Xicro/xicro_pkg' with build type 'ament_cmake'
[0.319s] INFO:colcon.colcon_cmake.task.cmake.build:Building CMake package in '/home/omzlette/gitROS/FRA333_LAB_HW/LAB3/src/Xicro/xicro_pkg'
[0.321s] INFO:colcon.colcon_core.shell:Skip shell extension 'powershell' for command environment: Not usable outside of PowerShell
[0.321s] DEBUG:colcon.colcon_core.shell:Skip shell extension 'dsv' for command environment
[0.335s] DEBUG:colcon.colcon_core.event_handler.log_command:Invoking command in '/home/omzlette/gitROS/FRA333_LAB_HW/LAB3/build/ros2_control_demo_3r_robot': CMAKE_PREFIX_PATH=${CMAKE_PREFIX_PATH}:/opt/ros/foxy /usr/bin/cmake --build /home/omzlette/gitROS/FRA333_LAB_HW/LAB3/build/ros2_control_demo_3r_robot -- -j12 -l12
[0.340s] DEBUG:colcon.colcon_core.event_handler.log_command:Invoking command in '/home/omzlette/gitROS/FRA333_LAB_HW/LAB3/build/xicro_interfaces': CMAKE_PREFIX_PATH=${CMAKE_PREFIX_PATH}:/opt/ros/foxy /usr/bin/cmake --build /home/omzlette/gitROS/FRA333_LAB_HW/LAB3/build/xicro_interfaces -- -j12 -l12
[0.345s] DEBUG:colcon.colcon_core.event_handler.log_command:Invoking command in '/home/omzlette/gitROS/FRA333_LAB_HW/LAB3/build/xicro_pkg': CMAKE_PREFIX_PATH=${CMAKE_PREFIX_PATH}:/opt/ros/foxy /usr/bin/cmake --build /home/omzlette/gitROS/FRA333_LAB_HW/LAB3/build/xicro_pkg -- -j12 -l12
[0.362s] DEBUG:colcon.colcon_core.event_handler.log_command:Invoked command in '/home/omzlette/gitROS/FRA333_LAB_HW/LAB3/build/ros2_control_demo_3r_robot' returned '0': CMAKE_PREFIX_PATH=${CMAKE_PREFIX_PATH}:/opt/ros/foxy /usr/bin/cmake --build /home/omzlette/gitROS/FRA333_LAB_HW/LAB3/build/ros2_control_demo_3r_robot -- -j12 -l12
[0.371s] DEBUG:colcon.colcon_core.event_handler.log_command:Invoked command in '/home/omzlette/gitROS/FRA333_LAB_HW/LAB3/build/xicro_pkg' returned '0': CMAKE_PREFIX_PATH=${CMAKE_PREFIX_PATH}:/opt/ros/foxy /usr/bin/cmake --build /home/omzlette/gitROS/FRA333_LAB_HW/LAB3/build/xicro_pkg -- -j12 -l12
[0.387s] DEBUG:colcon.colcon_core.event_handler.log_command:Invoking command in '/home/omzlette/gitROS/FRA333_LAB_HW/LAB3/build/ros2_control_demo_3r_robot': CMAKE_PREFIX_PATH=${CMAKE_PREFIX_PATH}:/opt/ros/foxy /usr/bin/cmake --install /home/omzlette/gitROS/FRA333_LAB_HW/LAB3/build/ros2_control_demo_3r_robot
[0.392s] DEBUG:colcon.colcon_core.event_handler.log_command:Invoking command in '/home/omzlette/gitROS/FRA333_LAB_HW/LAB3/build/xicro_pkg': CMAKE_PREFIX_PATH=${CMAKE_PREFIX_PATH}:/opt/ros/foxy /usr/bin/cmake --install /home/omzlette/gitROS/FRA333_LAB_HW/LAB3/build/xicro_pkg
[0.433s] Level 1:colcon.colcon_core.environment:create_environment_scripts_only(xicro_pkg)
[0.443s] Level 1:colcon.colcon_core.environment:checking '/home/omzlette/gitROS/FRA333_LAB_HW/LAB3/install/xicro_pkg' for CMake module files
[0.444s] Level 1:colcon.colcon_core.environment:checking '/home/omzlette/gitROS/FRA333_LAB_HW/LAB3/install/xicro_pkg' for CMake config files
[0.445s] DEBUG:colcon.colcon_core.event_handler.log_command:Invoked command in '/home/omzlette/gitROS/FRA333_LAB_HW/LAB3/build/xicro_pkg' returned '0': CMAKE_PREFIX_PATH=${CMAKE_PREFIX_PATH}:/opt/ros/foxy /usr/bin/cmake --install /home/omzlette/gitROS/FRA333_LAB_HW/LAB3/build/xicro_pkg
[0.446s] Level 1:colcon.colcon_core.shell:create_environment_hook('xicro_pkg', 'cmake_prefix_path')
[0.447s] INFO:colcon.colcon_core.shell:Creating environment hook '/home/omzlette/gitROS/FRA333_LAB_HW/LAB3/install/xicro_pkg/share/xicro_pkg/hook/cmake_prefix_path.ps1'
[0.448s] INFO:colcon.colcon_core.shell:Creating environment descriptor '/home/omzlette/gitROS/FRA333_LAB_HW/LAB3/install/xicro_pkg/share/xicro_pkg/hook/cmake_prefix_path.dsv'
[0.448s] INFO:colcon.colcon_core.shell:Creating environment hook '/home/omzlette/gitROS/FRA333_LAB_HW/LAB3/install/xicro_pkg/share/xicro_pkg/hook/cmake_prefix_path.sh'
[0.449s] Level 1:colcon.colcon_core.environment:checking '/home/omzlette/gitROS/FRA333_LAB_HW/LAB3/install/xicro_pkg/lib'
[0.449s] Level 1:colcon.colcon_core.environment:checking '/home/omzlette/gitROS/FRA333_LAB_HW/LAB3/install/xicro_pkg/bin'
[0.449s] Level 1:colcon.colcon_core.environment:checking '/home/omzlette/gitROS/FRA333_LAB_HW/LAB3/install/xicro_pkg/lib/pkgconfig/xicro_pkg.pc'
[0.449s] Level 1:colcon.colcon_core.environment:checking '/home/omzlette/gitROS/FRA333_LAB_HW/LAB3/install/xicro_pkg/lib/python3.8/site-packages'
[0.449s] Level 1:colcon.colcon_core.shell:create_environment_hook('xicro_pkg', 'pythonpath')
[0.451s] INFO:colcon.colcon_core.shell:Creating environment hook '/home/omzlette/gitROS/FRA333_LAB_HW/LAB3/install/xicro_pkg/share/xicro_pkg/hook/pythonpath.ps1'
[0.451s] INFO:colcon.colcon_core.shell:Creating environment descriptor '/home/omzlette/gitROS/FRA333_LAB_HW/LAB3/install/xicro_pkg/share/xicro_pkg/hook/pythonpath.dsv'
[0.452s] INFO:colcon.colcon_core.shell:Creating environment hook '/home/omzlette/gitROS/FRA333_LAB_HW/LAB3/install/xicro_pkg/share/xicro_pkg/hook/pythonpath.sh'
[0.452s] Level 1:colcon.colcon_core.environment:checking '/home/omzlette/gitROS/FRA333_LAB_HW/LAB3/install/xicro_pkg/bin'
[0.453s] INFO:colcon.colcon_core.shell:Creating package script '/home/omzlette/gitROS/FRA333_LAB_HW/LAB3/install/xicro_pkg/share/xicro_pkg/package.ps1'
[0.454s] INFO:colcon.colcon_core.shell:Creating package descriptor '/home/omzlette/gitROS/FRA333_LAB_HW/LAB3/install/xicro_pkg/share/xicro_pkg/package.dsv'
[0.455s] INFO:colcon.colcon_core.shell:Creating package script '/home/omzlette/gitROS/FRA333_LAB_HW/LAB3/install/xicro_pkg/share/xicro_pkg/package.sh'
[0.455s] INFO:colcon.colcon_core.shell:Creating package script '/home/omzlette/gitROS/FRA333_LAB_HW/LAB3/install/xicro_pkg/share/xicro_pkg/package.bash'
[0.456s] INFO:colcon.colcon_core.shell:Creating package script '/home/omzlette/gitROS/FRA333_LAB_HW/LAB3/install/xicro_pkg/share/xicro_pkg/package.zsh'
[0.457s] Level 1:colcon.colcon_core.environment:create_file_with_runtime_dependencies(/home/omzlette/gitROS/FRA333_LAB_HW/LAB3/install/xicro_pkg/share/colcon-core/packages/xicro_pkg)
[0.460s] Level 1:colcon.colcon_core.environment:create_environment_scripts_only(ros2_control_demo_3r_robot)
[0.462s] Level 1:colcon.colcon_core.environment:checking '/home/omzlette/gitROS/FRA333_LAB_HW/LAB3/install/ros2_control_demo_3r_robot' for CMake module files
[0.463s] DEBUG:colcon.colcon_core.event_handler.log_command:Invoked command in '/home/omzlette/gitROS/FRA333_LAB_HW/LAB3/build/ros2_control_demo_3r_robot' returned '0': CMAKE_PREFIX_PATH=${CMAKE_PREFIX_PATH}:/opt/ros/foxy /usr/bin/cmake --install /home/omzlette/gitROS/FRA333_LAB_HW/LAB3/build/ros2_control_demo_3r_robot
[0.463s] Level 1:colcon.colcon_core.environment:checking '/home/omzlette/gitROS/FRA333_LAB_HW/LAB3/install/ros2_control_demo_3r_robot' for CMake config files
[0.464s] Level 1:colcon.colcon_core.shell:create_environment_hook('ros2_control_demo_3r_robot', 'cmake_prefix_path')
[0.465s] INFO:colcon.colcon_core.shell:Creating environment hook '/home/omzlette/gitROS/FRA333_LAB_HW/LAB3/install/ros2_control_demo_3r_robot/share/ros2_control_demo_3r_robot/hook/cmake_prefix_path.ps1'
[0.466s] INFO:colcon.colcon_core.shell:Creating environment descriptor '/home/omzlette/gitROS/FRA333_LAB_HW/LAB3/install/ros2_control_demo_3r_robot/share/ros2_control_demo_3r_robot/hook/cmake_prefix_path.dsv'
[0.466s] INFO:colcon.colcon_core.shell:Creating environment hook '/home/omzlette/gitROS/FRA333_LAB_HW/LAB3/install/ros2_control_demo_3r_robot/share/ros2_control_demo_3r_robot/hook/cmake_prefix_path.sh'
[0.466s] Level 1:colcon.colcon_core.environment:checking '/home/omzlette/gitROS/FRA333_LAB_HW/LAB3/install/ros2_control_demo_3r_robot/lib'
[0.467s] Level 1:colcon.colcon_core.environment:checking '/home/omzlette/gitROS/FRA333_LAB_HW/LAB3/install/ros2_control_demo_3r_robot/bin'
[0.467s] Level 1:colcon.colcon_core.environment:checking '/home/omzlette/gitROS/FRA333_LAB_HW/LAB3/install/ros2_control_demo_3r_robot/lib/pkgconfig/ros2_control_demo_3r_robot.pc'
[0.467s] Level 1:colcon.colcon_core.environment:checking '/home/omzlette/gitROS/FRA333_LAB_HW/LAB3/install/ros2_control_demo_3r_robot/lib/python3.8/site-packages'
[0.467s] Level 1:colcon.colcon_core.shell:create_environment_hook('ros2_control_demo_3r_robot', 'pythonpath')
[0.468s] INFO:colcon.colcon_core.shell:Creating environment hook '/home/omzlette/gitROS/FRA333_LAB_HW/LAB3/install/ros2_control_demo_3r_robot/share/ros2_control_demo_3r_robot/hook/pythonpath.ps1'
[0.468s] INFO:colcon.colcon_core.shell:Creating environment descriptor '/home/omzlette/gitROS/FRA333_LAB_HW/LAB3/install/ros2_control_demo_3r_robot/share/ros2_control_demo_3r_robot/hook/pythonpath.dsv'
[0.469s] INFO:colcon.colcon_core.shell:Creating environment hook '/home/omzlette/gitROS/FRA333_LAB_HW/LAB3/install/ros2_control_demo_3r_robot/share/ros2_control_demo_3r_robot/hook/pythonpath.sh'
[0.469s] Level 1:colcon.colcon_core.environment:checking '/home/omzlette/gitROS/FRA333_LAB_HW/LAB3/install/ros2_control_demo_3r_robot/bin'
[0.470s] INFO:colcon.colcon_core.shell:Creating package script '/home/omzlette/gitROS/FRA333_LAB_HW/LAB3/install/ros2_control_demo_3r_robot/share/ros2_control_demo_3r_robot/package.ps1'
[0.471s] INFO:colcon.colcon_core.shell:Creating package descriptor '/home/omzlette/gitROS/FRA333_LAB_HW/LAB3/install/ros2_control_demo_3r_robot/share/ros2_control_demo_3r_robot/package.dsv'
[0.472s] INFO:colcon.colcon_core.shell:Creating package script '/home/omzlette/gitROS/FRA333_LAB_HW/LAB3/install/ros2_control_demo_3r_robot/share/ros2_control_demo_3r_robot/package.sh'
[0.473s] INFO:colcon.colcon_core.shell:Creating package script '/home/omzlette/gitROS/FRA333_LAB_HW/LAB3/install/ros2_control_demo_3r_robot/share/ros2_control_demo_3r_robot/package.bash'
[0.473s] INFO:colcon.colcon_core.shell:Creating package script '/home/omzlette/gitROS/FRA333_LAB_HW/LAB3/install/ros2_control_demo_3r_robot/share/ros2_control_demo_3r_robot/package.zsh'
[0.474s] Level 1:colcon.colcon_core.environment:create_file_with_runtime_dependencies(/home/omzlette/gitROS/FRA333_LAB_HW/LAB3/install/ros2_control_demo_3r_robot/share/colcon-core/packages/ros2_control_demo_3r_robot)
[0.477s] Level 1:colcon.colcon_core.environment:create_environment_scripts_only(xicro_pkg)
[0.479s] Level 1:colcon.colcon_core.environment:checking '/home/omzlette/gitROS/FRA333_LAB_HW/LAB3/install/xicro_pkg' for CMake module files
[0.480s] Level 1:colcon.colcon_core.environment:checking '/home/omzlette/gitROS/FRA333_LAB_HW/LAB3/install/xicro_pkg' for CMake config files
[0.480s] Level 1:colcon.colcon_core.shell:create_environment_hook('xicro_pkg', 'cmake_prefix_path')
[0.481s] INFO:colcon.colcon_core.shell:Creating environment hook '/home/omzlette/gitROS/FRA333_LAB_HW/LAB3/install/xicro_pkg/share/xicro_pkg/hook/cmake_prefix_path.ps1'
[0.482s] INFO:colcon.colcon_core.shell:Creating environment descriptor '/home/omzlette/gitROS/FRA333_LAB_HW/LAB3/install/xicro_pkg/share/xicro_pkg/hook/cmake_prefix_path.dsv'
[0.482s] INFO:colcon.colcon_core.shell:Creating environment hook '/home/omzlette/gitROS/FRA333_LAB_HW/LAB3/install/xicro_pkg/share/xicro_pkg/hook/cmake_prefix_path.sh'
[0.482s] Level 1:colcon.colcon_core.environment:checking '/home/omzlette/gitROS/FRA333_LAB_HW/LAB3/install/xicro_pkg/lib'
[0.483s] Level 1:colcon.colcon_core.environment:checking '/home/omzlette/gitROS/FRA333_LAB_HW/LAB3/install/xicro_pkg/bin'
[0.483s] Level 1:colcon.colcon_core.environment:checking '/home/omzlette/gitROS/FRA333_LAB_HW/LAB3/install/xicro_pkg/lib/pkgconfig/xicro_pkg.pc'
[0.483s] Level 1:colcon.colcon_core.environment:checking '/home/omzlette/gitROS/FRA333_LAB_HW/LAB3/install/xicro_pkg/lib/python3.8/site-packages'
[0.483s] Level 1:colcon.colcon_core.shell:create_environment_hook('xicro_pkg', 'pythonpath')
[0.484s] INFO:colcon.colcon_core.shell:Creating environment hook '/home/omzlette/gitROS/FRA333_LAB_HW/LAB3/install/xicro_pkg/share/xicro_pkg/hook/pythonpath.ps1'
[0.484s] INFO:colcon.colcon_core.shell:Creating environment descriptor '/home/omzlette/gitROS/FRA333_LAB_HW/LAB3/install/xicro_pkg/share/xicro_pkg/hook/pythonpath.dsv'
[0.485s] INFO:colcon.colcon_core.shell:Creating environment hook '/home/omzlette/gitROS/FRA333_LAB_HW/LAB3/install/xicro_pkg/share/xicro_pkg/hook/pythonpath.sh'
[0.485s] Level 1:colcon.colcon_core.environment:checking '/home/omzlette/gitROS/FRA333_LAB_HW/LAB3/install/xicro_pkg/bin'
[0.487s] INFO:colcon.colcon_core.shell:Creating package script '/home/omzlette/gitROS/FRA333_LAB_HW/LAB3/install/xicro_pkg/share/xicro_pkg/package.ps1'
[0.487s] INFO:colcon.colcon_core.shell:Creating package descriptor '/home/omzlette/gitROS/FRA333_LAB_HW/LAB3/install/xicro_pkg/share/xicro_pkg/package.dsv'
[0.488s] INFO:colcon.colcon_core.shell:Creating package script '/home/omzlette/gitROS/FRA333_LAB_HW/LAB3/install/xicro_pkg/share/xicro_pkg/package.sh'
[0.488s] INFO:colcon.colcon_core.shell:Creating package script '/home/omzlette/gitROS/FRA333_LAB_HW/LAB3/install/xicro_pkg/share/xicro_pkg/package.bash'
[0.488s] INFO:colcon.colcon_core.shell:Creating package script '/home/omzlette/gitROS/FRA333_LAB_HW/LAB3/install/xicro_pkg/share/xicro_pkg/package.zsh'
[0.489s] Level 1:colcon.colcon_core.environment:create_file_with_runtime_dependencies(/home/omzlette/gitROS/FRA333_LAB_HW/LAB3/install/xicro_pkg/share/colcon-core/packages/xicro_pkg)
[0.491s] Level 1:colcon.colcon_core.environment:create_environment_scripts_only(ros2_control_demo_3r_robot)
[0.493s] Level 1:colcon.colcon_core.environment:checking '/home/omzlette/gitROS/FRA333_LAB_HW/LAB3/install/ros2_control_demo_3r_robot' for CMake module files
[0.494s] Level 1:colcon.colcon_core.environment:checking '/home/omzlette/gitROS/FRA333_LAB_HW/LAB3/install/ros2_control_demo_3r_robot' for CMake config files
[0.495s] Level 1:colcon.colcon_core.shell:create_environment_hook('ros2_control_demo_3r_robot', 'cmake_prefix_path')
[0.496s] INFO:colcon.colcon_core.shell:Creating environment hook '/home/omzlette/gitROS/FRA333_LAB_HW/LAB3/install/ros2_control_demo_3r_robot/share/ros2_control_demo_3r_robot/hook/cmake_prefix_path.ps1'
[0.496s] INFO:colcon.colcon_core.shell:Creating environment descriptor '/home/omzlette/gitROS/FRA333_LAB_HW/LAB3/install/ros2_control_demo_3r_robot/share/ros2_control_demo_3r_robot/hook/cmake_prefix_path.dsv'
[0.497s] INFO:colcon.colcon_core.shell:Creating environment hook '/home/omzlette/gitROS/FRA333_LAB_HW/LAB3/install/ros2_control_demo_3r_robot/share/ros2_control_demo_3r_robot/hook/cmake_prefix_path.sh'
[0.497s] Level 1:colcon.colcon_core.environment:checking '/home/omzlette/gitROS/FRA333_LAB_HW/LAB3/install/ros2_control_demo_3r_robot/lib'
[0.497s] Level 1:colcon.colcon_core.environment:checking '/home/omzlette/gitROS/FRA333_LAB_HW/LAB3/install/ros2_control_demo_3r_robot/bin'
[0.497s] Level 1:colcon.colcon_core.environment:checking '/home/omzlette/gitROS/FRA333_LAB_HW/LAB3/install/ros2_control_demo_3r_robot/lib/pkgconfig/ros2_control_demo_3r_robot.pc'
[0.498s] Level 1:colcon.colcon_core.environment:checking '/home/omzlette/gitROS/FRA333_LAB_HW/LAB3/install/ros2_control_demo_3r_robot/lib/python3.8/site-packages'
[0.498s] Level 1:colcon.colcon_core.shell:create_environment_hook('ros2_control_demo_3r_robot', 'pythonpath')
[0.499s] INFO:colcon.colcon_core.shell:Creating environment hook '/home/omzlette/gitROS/FRA333_LAB_HW/LAB3/install/ros2_control_demo_3r_robot/share/ros2_control_demo_3r_robot/hook/pythonpath.ps1'
[0.499s] INFO:colcon.colcon_core.shell:Creating environment descriptor '/home/omzlette/gitROS/FRA333_LAB_HW/LAB3/install/ros2_control_demo_3r_robot/share/ros2_control_demo_3r_robot/hook/pythonpath.dsv'
[0.499s] INFO:colcon.colcon_core.shell:Creating environment hook '/home/omzlette/gitROS/FRA333_LAB_HW/LAB3/install/ros2_control_demo_3r_robot/share/ros2_control_demo_3r_robot/hook/pythonpath.sh'
[0.500s] Level 1:colcon.colcon_core.environment:checking '/home/omzlette/gitROS/FRA333_LAB_HW/LAB3/install/ros2_control_demo_3r_robot/bin'
[0.501s] INFO:colcon.colcon_core.shell:Creating package script '/home/omzlette/gitROS/FRA333_LAB_HW/LAB3/install/ros2_control_demo_3r_robot/share/ros2_control_demo_3r_robot/package.ps1'
[0.502s] INFO:colcon.colcon_core.shell:Creating package descriptor '/home/omzlette/gitROS/FRA333_LAB_HW/LAB3/install/ros2_control_demo_3r_robot/share/ros2_control_demo_3r_robot/package.dsv'
[0.502s] INFO:colcon.colcon_core.shell:Creating package script '/home/omzlette/gitROS/FRA333_LAB_HW/LAB3/install/ros2_control_demo_3r_robot/share/ros2_control_demo_3r_robot/package.sh'
[0.503s] INFO:colcon.colcon_core.shell:Creating package script '/home/omzlette/gitROS/FRA333_LAB_HW/LAB3/install/ros2_control_demo_3r_robot/share/ros2_control_demo_3r_robot/package.bash'
[0.504s] INFO:colcon.colcon_core.shell:Creating package script '/home/omzlette/gitROS/FRA333_LAB_HW/LAB3/install/ros2_control_demo_3r_robot/share/ros2_control_demo_3r_robot/package.zsh'
[0.504s] Level 1:colcon.colcon_core.environment:create_file_with_runtime_dependencies(/home/omzlette/gitROS/FRA333_LAB_HW/LAB3/install/ros2_control_demo_3r_robot/share/colcon-core/packages/ros2_control_demo_3r_robot)
[0.534s] DEBUG:colcon.colcon_core.event_handler.log_command:Invoked command in '/home/omzlette/gitROS/FRA333_LAB_HW/LAB3/build/xicro_interfaces' returned '0': CMAKE_PREFIX_PATH=${CMAKE_PREFIX_PATH}:/opt/ros/foxy /usr/bin/cmake --build /home/omzlette/gitROS/FRA333_LAB_HW/LAB3/build/xicro_interfaces -- -j12 -l12
[0.804s] DEBUG:colcon.colcon_core.event_handler.log_command:Invoking command in '/home/omzlette/gitROS/FRA333_LAB_HW/LAB3/build/xicro_interfaces': CMAKE_PREFIX_PATH=${CMAKE_PREFIX_PATH}:/opt/ros/foxy /usr/bin/cmake --install /home/omzlette/gitROS/FRA333_LAB_HW/LAB3/build/xicro_interfaces
[0.875s] Level 1:colcon.colcon_core.environment:create_environment_scripts_only(xicro_interfaces)
[0.877s] Level 1:colcon.colcon_core.environment:checking '/home/omzlette/gitROS/FRA333_LAB_HW/LAB3/install/xicro_interfaces' for CMake module files
[0.879s] Level 1:colcon.colcon_core.environment:checking '/home/omzlette/gitROS/FRA333_LAB_HW/LAB3/install/xicro_interfaces' for CMake config files
[0.885s] Level 1:colcon.colcon_core.shell:create_environment_hook('xicro_interfaces', 'cmake_prefix_path')
[0.886s] INFO:colcon.colcon_core.shell:Creating environment hook '/home/omzlette/gitROS/FRA333_LAB_HW/LAB3/install/xicro_interfaces/share/xicro_interfaces/hook/cmake_prefix_path.ps1'
[0.887s] INFO:colcon.colcon_core.shell:Creating environment descriptor '/home/omzlette/gitROS/FRA333_LAB_HW/LAB3/install/xicro_interfaces/share/xicro_interfaces/hook/cmake_prefix_path.dsv'
[0.888s] INFO:colcon.colcon_core.shell:Creating environment hook '/home/omzlette/gitROS/FRA333_LAB_HW/LAB3/install/xicro_interfaces/share/xicro_interfaces/hook/cmake_prefix_path.sh'
[0.890s] Level 1:colcon.colcon_core.environment:checking '/home/omzlette/gitROS/FRA333_LAB_HW/LAB3/install/xicro_interfaces/lib'
[0.890s] Level 1:colcon.colcon_core.shell:create_environment_hook('xicro_interfaces', 'ld_library_path_lib')
[0.891s] INFO:colcon.colcon_core.shell:Creating environment hook '/home/omzlette/gitROS/FRA333_LAB_HW/LAB3/install/xicro_interfaces/share/xicro_interfaces/hook/ld_library_path_lib.ps1'
[0.892s] INFO:colcon.colcon_core.shell:Creating environment descriptor '/home/omzlette/gitROS/FRA333_LAB_HW/LAB3/install/xicro_interfaces/share/xicro_interfaces/hook/ld_library_path_lib.dsv'
[0.893s] INFO:colcon.colcon_core.shell:Creating environment hook '/home/omzlette/gitROS/FRA333_LAB_HW/LAB3/install/xicro_interfaces/share/xicro_interfaces/hook/ld_library_path_lib.sh'
[0.894s] Level 1:colcon.colcon_core.environment:checking '/home/omzlette/gitROS/FRA333_LAB_HW/LAB3/install/xicro_interfaces/bin'
[0.894s] Level 1:colcon.colcon_core.environment:checking '/home/omzlette/gitROS/FRA333_LAB_HW/LAB3/install/xicro_interfaces/lib/pkgconfig/xicro_interfaces.pc'
[0.894s] Level 1:colcon.colcon_core.environment:checking '/home/omzlette/gitROS/FRA333_LAB_HW/LAB3/install/xicro_interfaces/lib/python3.8/site-packages'
[0.895s] Level 1:colcon.colcon_core.shell:create_environment_hook('xicro_interfaces', 'pythonpath')
[0.896s] INFO:colcon.colcon_core.shell:Creating environment hook '/home/omzlette/gitROS/FRA333_LAB_HW/LAB3/install/xicro_interfaces/share/xicro_interfaces/hook/pythonpath.ps1'
[0.897s] INFO:colcon.colcon_core.shell:Creating environment descriptor '/home/omzlette/gitROS/FRA333_LAB_HW/LAB3/install/xicro_interfaces/share/xicro_interfaces/hook/pythonpath.dsv'
[0.898s] INFO:colcon.colcon_core.shell:Creating environment hook '/home/omzlette/gitROS/FRA333_LAB_HW/LAB3/install/xicro_interfaces/share/xicro_interfaces/hook/pythonpath.sh'
[0.899s] Level 1:colcon.colcon_core.environment:checking '/home/omzlette/gitROS/FRA333_LAB_HW/LAB3/install/xicro_interfaces/bin'
[0.900s] INFO:colcon.colcon_core.shell:Creating package script '/home/omzlette/gitROS/FRA333_LAB_HW/LAB3/install/xicro_interfaces/share/xicro_interfaces/package.ps1'
[0.901s] INFO:colcon.colcon_core.shell:Creating package descriptor '/home/omzlette/gitROS/FRA333_LAB_HW/LAB3/install/xicro_interfaces/share/xicro_interfaces/package.dsv'
[0.902s] INFO:colcon.colcon_core.shell:Creating package script '/home/omzlette/gitROS/FRA333_LAB_HW/LAB3/install/xicro_interfaces/share/xicro_interfaces/package.sh'
[0.903s] INFO:colcon.colcon_core.shell:Creating package script '/home/omzlette/gitROS/FRA333_LAB_HW/LAB3/install/xicro_interfaces/share/xicro_interfaces/package.bash'
[0.904s] INFO:colcon.colcon_core.shell:Creating package script '/home/omzlette/gitROS/FRA333_LAB_HW/LAB3/install/xicro_interfaces/share/xicro_interfaces/package.zsh'
[0.905s] Level 1:colcon.colcon_core.environment:create_file_with_runtime_dependencies(/home/omzlette/gitROS/FRA333_LAB_HW/LAB3/install/xicro_interfaces/share/colcon-core/packages/xicro_interfaces)
[0.909s] DEBUG:colcon.colcon_core.event_handler.log_command:Invoked command in '/home/omzlette/gitROS/FRA333_LAB_HW/LAB3/build/xicro_interfaces' returned '0': CMAKE_PREFIX_PATH=${CMAKE_PREFIX_PATH}:/opt/ros/foxy /usr/bin/cmake --install /home/omzlette/gitROS/FRA333_LAB_HW/LAB3/build/xicro_interfaces
[1.174s] Level 1:colcon.colcon_core.environment:create_environment_scripts_only(xicro_interfaces)
[1.175s] Level 1:colcon.colcon_core.environment:checking '/home/omzlette/gitROS/FRA333_LAB_HW/LAB3/install/xicro_interfaces' for CMake module files
[1.176s] Level 1:colcon.colcon_core.environment:checking '/home/omzlette/gitROS/FRA333_LAB_HW/LAB3/install/xicro_interfaces' for CMake config files
[1.177s] Level 1:colcon.colcon_core.shell:create_environment_hook('xicro_interfaces', 'cmake_prefix_path')
[1.178s] INFO:colcon.colcon_core.shell:Creating environment hook '/home/omzlette/gitROS/FRA333_LAB_HW/LAB3/install/xicro_interfaces/share/xicro_interfaces/hook/cmake_prefix_path.ps1'
[1.178s] INFO:colcon.colcon_core.shell:Creating environment descriptor '/home/omzlette/gitROS/FRA333_LAB_HW/LAB3/install/xicro_interfaces/share/xicro_interfaces/hook/cmake_prefix_path.dsv'
[1.178s] INFO:colcon.colcon_core.shell:Creating environment hook '/home/omzlette/gitROS/FRA333_LAB_HW/LAB3/install/xicro_interfaces/share/xicro_interfaces/hook/cmake_prefix_path.sh'
[1.179s] Level 1:colcon.colcon_core.environment:checking '/home/omzlette/gitROS/FRA333_LAB_HW/LAB3/install/xicro_interfaces/lib'
[1.179s] Level 1:colcon.colcon_core.shell:create_environment_hook('xicro_interfaces', 'ld_library_path_lib')
[1.180s] INFO:colcon.colcon_core.shell:Creating environment hook '/home/omzlette/gitROS/FRA333_LAB_HW/LAB3/install/xicro_interfaces/share/xicro_interfaces/hook/ld_library_path_lib.ps1'
[1.180s] INFO:colcon.colcon_core.shell:Creating environment descriptor '/home/omzlette/gitROS/FRA333_LAB_HW/LAB3/install/xicro_interfaces/share/xicro_interfaces/hook/ld_library_path_lib.dsv'
[1.181s] INFO:colcon.colcon_core.shell:Creating environment hook '/home/omzlette/gitROS/FRA333_LAB_HW/LAB3/install/xicro_interfaces/share/xicro_interfaces/hook/ld_library_path_lib.sh'
[1.181s] Level 1:colcon.colcon_core.environment:checking '/home/omzlette/gitROS/FRA333_LAB_HW/LAB3/install/xicro_interfaces/bin'
[1.181s] Level 1:colcon.colcon_core.environment:checking '/home/omzlette/gitROS/FRA333_LAB_HW/LAB3/install/xicro_interfaces/lib/pkgconfig/xicro_interfaces.pc'
[1.181s] Level 1:colcon.colcon_core.environment:checking '/home/omzlette/gitROS/FRA333_LAB_HW/LAB3/install/xicro_interfaces/lib/python3.8/site-packages'
[1.181s] Level 1:colcon.colcon_core.shell:create_environment_hook('xicro_interfaces', 'pythonpath')
[1.183s] INFO:colcon.colcon_core.shell:Creating environment hook '/home/omzlette/gitROS/FRA333_LAB_HW/LAB3/install/xicro_interfaces/share/xicro_interfaces/hook/pythonpath.ps1'
[1.183s] INFO:colcon.colcon_core.shell:Creating environment descriptor '/home/omzlette/gitROS/FRA333_LAB_HW/LAB3/install/xicro_interfaces/share/xicro_interfaces/hook/pythonpath.dsv'
[1.183s] INFO:colcon.colcon_core.shell:Creating environment hook '/home/omzlette/gitROS/FRA333_LAB_HW/LAB3/install/xicro_interfaces/share/xicro_interfaces/hook/pythonpath.sh'
[1.183s] Level 1:colcon.colcon_core.environment:checking '/home/omzlette/gitROS/FRA333_LAB_HW/LAB3/install/xicro_interfaces/bin'
[1.185s] INFO:colcon.colcon_core.shell:Creating package script '/home/omzlette/gitROS/FRA333_LAB_HW/LAB3/install/xicro_interfaces/share/xicro_interfaces/package.ps1'
[1.185s] INFO:colcon.colcon_core.shell:Creating package descriptor '/home/omzlette/gitROS/FRA333_LAB_HW/LAB3/install/xicro_interfaces/share/xicro_interfaces/package.dsv'
[1.186s] INFO:colcon.colcon_core.shell:Creating package script '/home/omzlette/gitROS/FRA333_LAB_HW/LAB3/install/xicro_interfaces/share/xicro_interfaces/package.sh'
[1.186s] INFO:colcon.colcon_core.shell:Creating package script '/home/omzlette/gitROS/FRA333_LAB_HW/LAB3/install/xicro_interfaces/share/xicro_interfaces/package.bash'
[1.186s] INFO:colcon.colcon_core.shell:Creating package script '/home/omzlette/gitROS/FRA333_LAB_HW/LAB3/install/xicro_interfaces/share/xicro_interfaces/package.zsh'
[1.187s] Level 1:colcon.colcon_core.environment:create_file_with_runtime_dependencies(/home/omzlette/gitROS/FRA333_LAB_HW/LAB3/install/xicro_interfaces/share/colcon-core/packages/xicro_interfaces)
[1.187s] DEBUG:colcon.colcon_parallel_executor.executor.parallel:closing loop
[1.188s] DEBUG:colcon.colcon_parallel_executor.executor.parallel:loop closed
[1.188s] DEBUG:colcon.colcon_parallel_executor.executor.parallel:run_until_complete finished with '0'
[1.188s] DEBUG:colcon.colcon_core.event_reactor:joining thread
[1.213s] INFO:colcon.colcon_core.plugin_system:Skipping extension 'colcon_notification.desktop_notification.notify_send': Could not find 'notify-send'
[1.213s] INFO:colcon.colcon_core.plugin_system:Skipping extension 'colcon_notification.desktop_notification.terminal_notifier': Not used on non-Darwin systems
[1.213s] INFO:colcon.colcon_core.plugin_system:Skipping extension 'colcon_notification.desktop_notification.win32': Not used on non-Windows systems
[1.213s] INFO:colcon.colcon_notification.desktop_notification:Sending desktop notification using 'notify2'
[66.152s] DEBUG:colcon.colcon_notification.desktop_notification.notify2:Failed to initialize notify2: org.freedesktop.DBus.Error.ServiceUnknown: The name org.freedesktop.Notifications was not provided by any .service files
[66.152s] DEBUG:colcon.colcon_core.event_reactor:joined thread
[66.154s] INFO:colcon.colcon_core.shell:Creating prefix script '/home/omzlette/gitROS/FRA333_LAB_HW/LAB3/install/local_setup.ps1'
[66.155s] INFO:colcon.colcon_core.shell:Creating prefix util module '/home/omzlette/gitROS/FRA333_LAB_HW/LAB3/install/_local_setup_util_ps1.py'
[66.156s] INFO:colcon.colcon_core.shell:Creating prefix chain script '/home/omzlette/gitROS/FRA333_LAB_HW/LAB3/install/setup.ps1'
[66.157s] INFO:colcon.colcon_core.shell:Creating prefix script '/home/omzlette/gitROS/FRA333_LAB_HW/LAB3/install/local_setup.sh'
[66.158s] INFO:colcon.colcon_core.shell:Creating prefix util module '/home/omzlette/gitROS/FRA333_LAB_HW/LAB3/install/_local_setup_util_sh.py'
[66.158s] INFO:colcon.colcon_core.shell:Creating prefix chain script '/home/omzlette/gitROS/FRA333_LAB_HW/LAB3/install/setup.sh'
[66.159s] INFO:colcon.colcon_core.shell:Creating prefix script '/home/omzlette/gitROS/FRA333_LAB_HW/LAB3/install/local_setup.bash'
[66.160s] INFO:colcon.colcon_core.shell:Creating prefix chain script '/home/omzlette/gitROS/FRA333_LAB_HW/LAB3/install/setup.bash'
[66.161s] INFO:colcon.colcon_core.shell:Creating prefix script '/home/omzlette/gitROS/FRA333_LAB_HW/LAB3/install/local_setup.zsh'
[66.161s] INFO:colcon.colcon_core.shell:Creating prefix chain script '/home/omzlette/gitROS/FRA333_LAB_HW/LAB3/install/setup.zsh'
