[0.164s] DEBUG:colcon:Command line arguments: ['/usr/bin/colcon', 'build']
[0.164s] DEBUG:colcon:Parsed command line arguments: Namespace(allow_overriding=[], ament_cmake_args=None, base_paths=['.'], build_base='build', catkin_cmake_args=None, catkin_skip_building_tests=False, cmake_args=None, cmake_clean_cache=False, cmake_clean_first=False, cmake_force_configure=False, cmake_target=None, cmake_target_skip_unavailable=False, continue_on_error=False, event_handlers=None, executor='parallel', ignore_user_meta=False, install_base='install', log_base=None, log_level=None, main=<bound method BuildVerb.main of <colcon_core.verb.build.BuildVerb object at 0x7ff83e4fd5b0>>, merge_install=False, metas=['./colcon.meta'], packages_above=None, packages_above_and_dependencies=None, packages_above_depth=None, packages_end=None, packages_ignore=None, packages_ignore_regex=None, packages_select=None, packages_select_build_failed=False, packages_select_by_dep=None, packages_select_regex=None, packages_select_test_failures=False, packages_skip=None, packages_skip_build_finished=False, packages_skip_by_dep=None, packages_skip_regex=None, packages_skip_test_passed=False, packages_skip_up_to=None, packages_start=None, packages_up_to=None, packages_up_to_regex=None, parallel_workers=12, paths=None, symlink_install=False, test_result_base=None, verb_extension=<colcon_core.verb.build.BuildVerb object at 0x7ff83e4fd5b0>, verb_name='build', verb_parser=<colcon_defaults.argument_parser.defaults.DefaultArgumentsDecorator object at 0x7ff83e4fdaf0>)
[0.183s] Level 1:colcon.colcon_core.package_discovery:discover_packages(colcon_meta) check parameters
[0.183s] Level 1:colcon.colcon_core.package_discovery:discover_packages(recursive) check parameters
[0.183s] Level 1:colcon.colcon_core.package_discovery:discover_packages(ignore) check parameters
[0.184s] Level 1:colcon.colcon_core.package_discovery:discover_packages(path) check parameters
[0.184s] Level 1:colcon.colcon_core.package_discovery:discover_packages(colcon_meta) discover
[0.184s] Level 1:colcon.colcon_core.package_discovery:discover_packages(recursive) discover
[0.184s] INFO:colcon.colcon_core.package_discovery:Crawling recursively for packages in '/home/omzlette/gitROS/FRA333_LAB_HW/LAB3'
[0.184s] Level 1:colcon.colcon_core.package_identification:_identify(.) by extensions ['ignore', 'ignore_ament_install']
[0.184s] Level 1:colcon.colcon_core.package_identification:_identify(.) by extension 'ignore'
[0.184s] Level 1:colcon.colcon_core.package_identification:_identify(.) by extension 'ignore_ament_install'
[0.184s] Level 1:colcon.colcon_core.package_identification:_identify(.) by extensions ['colcon_pkg']
[0.184s] Level 1:colcon.colcon_core.package_identification:_identify(.) by extension 'colcon_pkg'
[0.184s] Level 1:colcon.colcon_core.package_identification:_identify(.) by extensions ['colcon_meta']
[0.184s] Level 1:colcon.colcon_core.package_identification:_identify(.) by extension 'colcon_meta'
[0.184s] Level 1:colcon.colcon_core.package_identification:_identify(.) by extensions ['ros']
[0.184s] Level 1:colcon.colcon_core.package_identification:_identify(.) by extension 'ros'
[0.192s] Level 1:colcon.colcon_core.package_identification:_identify(.) by extensions ['cmake', 'python']
[0.192s] Level 1:colcon.colcon_core.package_identification:_identify(.) by extension 'cmake'
[0.192s] Level 1:colcon.colcon_core.package_identification:_identify(.) by extension 'python'
[0.192s] Level 1:colcon.colcon_core.package_identification:_identify(.) by extensions ['python_setup_py']
[0.192s] Level 1:colcon.colcon_core.package_identification:_identify(.) by extension 'python_setup_py'
[0.193s] Level 1:colcon.colcon_core.package_identification:_identify(Read_IMU) by extensions ['ignore', 'ignore_ament_install']
[0.193s] Level 1:colcon.colcon_core.package_identification:_identify(Read_IMU) by extension 'ignore'
[0.193s] Level 1:colcon.colcon_core.package_identification:_identify(Read_IMU) by extension 'ignore_ament_install'
[0.193s] Level 1:colcon.colcon_core.package_identification:_identify(Read_IMU) by extensions ['colcon_pkg']
[0.193s] Level 1:colcon.colcon_core.package_identification:_identify(Read_IMU) by extension 'colcon_pkg'
[0.193s] Level 1:colcon.colcon_core.package_identification:_identify(Read_IMU) by extensions ['colcon_meta']
[0.193s] Level 1:colcon.colcon_core.package_identification:_identify(Read_IMU) by extension 'colcon_meta'
[0.193s] Level 1:colcon.colcon_core.package_identification:_identify(Read_IMU) by extensions ['ros']
[0.193s] Level 1:colcon.colcon_core.package_identification:_identify(Read_IMU) by extension 'ros'
[0.193s] Level 1:colcon.colcon_core.package_identification:_identify(Read_IMU) by extensions ['cmake', 'python']
[0.193s] Level 1:colcon.colcon_core.package_identification:_identify(Read_IMU) by extension 'cmake'
[0.193s] Level 1:colcon.colcon_core.package_identification:_identify(Read_IMU) by extension 'python'
[0.193s] Level 1:colcon.colcon_core.package_identification:_identify(Read_IMU) by extensions ['python_setup_py']
[0.193s] Level 1:colcon.colcon_core.package_identification:_identify(Read_IMU) by extension 'python_setup_py'
[0.193s] Level 1:colcon.colcon_core.package_identification:_identify(Read_IMU/include) by extensions ['ignore', 'ignore_ament_install']
[0.193s] Level 1:colcon.colcon_core.package_identification:_identify(Read_IMU/include) by extension 'ignore'
[0.193s] Level 1:colcon.colcon_core.package_identification:_identify(Read_IMU/include) by extension 'ignore_ament_install'
[0.193s] Level 1:colcon.colcon_core.package_identification:_identify(Read_IMU/include) by extensions ['colcon_pkg']
[0.193s] Level 1:colcon.colcon_core.package_identification:_identify(Read_IMU/include) by extension 'colcon_pkg'
[0.193s] Level 1:colcon.colcon_core.package_identification:_identify(Read_IMU/include) by extensions ['colcon_meta']
[0.193s] Level 1:colcon.colcon_core.package_identification:_identify(Read_IMU/include) by extension 'colcon_meta'
[0.194s] Level 1:colcon.colcon_core.package_identification:_identify(Read_IMU/include) by extensions ['ros']
[0.194s] Level 1:colcon.colcon_core.package_identification:_identify(Read_IMU/include) by extension 'ros'
[0.194s] Level 1:colcon.colcon_core.package_identification:_identify(Read_IMU/include) by extensions ['cmake', 'python']
[0.194s] Level 1:colcon.colcon_core.package_identification:_identify(Read_IMU/include) by extension 'cmake'
[0.194s] Level 1:colcon.colcon_core.package_identification:_identify(Read_IMU/include) by extension 'python'
[0.194s] Level 1:colcon.colcon_core.package_identification:_identify(Read_IMU/include) by extensions ['python_setup_py']
[0.194s] Level 1:colcon.colcon_core.package_identification:_identify(Read_IMU/include) by extension 'python_setup_py'
[0.194s] Level 1:colcon.colcon_core.package_identification:_identify(Read_IMU/lib) by extensions ['ignore', 'ignore_ament_install']
[0.194s] Level 1:colcon.colcon_core.package_identification:_identify(Read_IMU/lib) by extension 'ignore'
[0.194s] Level 1:colcon.colcon_core.package_identification:_identify(Read_IMU/lib) by extension 'ignore_ament_install'
[0.194s] Level 1:colcon.colcon_core.package_identification:_identify(Read_IMU/lib) by extensions ['colcon_pkg']
[0.194s] Level 1:colcon.colcon_core.package_identification:_identify(Read_IMU/lib) by extension 'colcon_pkg'
[0.194s] Level 1:colcon.colcon_core.package_identification:_identify(Read_IMU/lib) by extensions ['colcon_meta']
[0.194s] Level 1:colcon.colcon_core.package_identification:_identify(Read_IMU/lib) by extension 'colcon_meta'
[0.194s] Level 1:colcon.colcon_core.package_identification:_identify(Read_IMU/lib) by extensions ['ros']
[0.194s] Level 1:colcon.colcon_core.package_identification:_identify(Read_IMU/lib) by extension 'ros'
[0.194s] Level 1:colcon.colcon_core.package_identification:_identify(Read_IMU/lib) by extensions ['cmake', 'python']
[0.194s] Level 1:colcon.colcon_core.package_identification:_identify(Read_IMU/lib) by extension 'cmake'
[0.194s] Level 1:colcon.colcon_core.package_identification:_identify(Read_IMU/lib) by extension 'python'
[0.194s] Level 1:colcon.colcon_core.package_identification:_identify(Read_IMU/lib) by extensions ['python_setup_py']
[0.194s] Level 1:colcon.colcon_core.package_identification:_identify(Read_IMU/lib) by extension 'python_setup_py'
[0.194s] Level 1:colcon.colcon_core.package_identification:_identify(Read_IMU/lib/Xicro_read_imu_ID_3) by extensions ['ignore', 'ignore_ament_install']
[0.194s] Level 1:colcon.colcon_core.package_identification:_identify(Read_IMU/lib/Xicro_read_imu_ID_3) by extension 'ignore'
[0.195s] Level 1:colcon.colcon_core.package_identification:_identify(Read_IMU/lib/Xicro_read_imu_ID_3) by extension 'ignore_ament_install'
[0.195s] Level 1:colcon.colcon_core.package_identification:_identify(Read_IMU/lib/Xicro_read_imu_ID_3) by extensions ['colcon_pkg']
[0.195s] Level 1:colcon.colcon_core.package_identification:_identify(Read_IMU/lib/Xicro_read_imu_ID_3) by extension 'colcon_pkg'
[0.195s] Level 1:colcon.colcon_core.package_identification:_identify(Read_IMU/lib/Xicro_read_imu_ID_3) by extensions ['colcon_meta']
[0.195s] Level 1:colcon.colcon_core.package_identification:_identify(Read_IMU/lib/Xicro_read_imu_ID_3) by extension 'colcon_meta'
[0.195s] Level 1:colcon.colcon_core.package_identification:_identify(Read_IMU/lib/Xicro_read_imu_ID_3) by extensions ['ros']
[0.195s] Level 1:colcon.colcon_core.package_identification:_identify(Read_IMU/lib/Xicro_read_imu_ID_3) by extension 'ros'
[0.195s] Level 1:colcon.colcon_core.package_identification:_identify(Read_IMU/lib/Xicro_read_imu_ID_3) by extensions ['cmake', 'python']
[0.195s] Level 1:colcon.colcon_core.package_identification:_identify(Read_IMU/lib/Xicro_read_imu_ID_3) by extension 'cmake'
[0.195s] Level 1:colcon.colcon_core.package_identification:_identify(Read_IMU/lib/Xicro_read_imu_ID_3) by extension 'python'
[0.195s] Level 1:colcon.colcon_core.package_identification:_identify(Read_IMU/lib/Xicro_read_imu_ID_3) by extensions ['python_setup_py']
[0.195s] Level 1:colcon.colcon_core.package_identification:_identify(Read_IMU/lib/Xicro_read_imu_ID_3) by extension 'python_setup_py'
[0.195s] Level 1:colcon.colcon_core.package_identification:_identify(Read_IMU/src) by extensions ['ignore', 'ignore_ament_install']
[0.195s] Level 1:colcon.colcon_core.package_identification:_identify(Read_IMU/src) by extension 'ignore'
[0.195s] Level 1:colcon.colcon_core.package_identification:_identify(Read_IMU/src) by extension 'ignore_ament_install'
[0.195s] Level 1:colcon.colcon_core.package_identification:_identify(Read_IMU/src) by extensions ['colcon_pkg']
[0.195s] Level 1:colcon.colcon_core.package_identification:_identify(Read_IMU/src) by extension 'colcon_pkg'
[0.195s] Level 1:colcon.colcon_core.package_identification:_identify(Read_IMU/src) by extensions ['colcon_meta']
[0.195s] Level 1:colcon.colcon_core.package_identification:_identify(Read_IMU/src) by extension 'colcon_meta'
[0.195s] Level 1:colcon.colcon_core.package_identification:_identify(Read_IMU/src) by extensions ['ros']
[0.195s] Level 1:colcon.colcon_core.package_identification:_identify(Read_IMU/src) by extension 'ros'
[0.195s] Level 1:colcon.colcon_core.package_identification:_identify(Read_IMU/src) by extensions ['cmake', 'python']
[0.195s] Level 1:colcon.colcon_core.package_identification:_identify(Read_IMU/src) by extension 'cmake'
[0.195s] Level 1:colcon.colcon_core.package_identification:_identify(Read_IMU/src) by extension 'python'
[0.195s] Level 1:colcon.colcon_core.package_identification:_identify(Read_IMU/src) by extensions ['python_setup_py']
[0.196s] Level 1:colcon.colcon_core.package_identification:_identify(Read_IMU/src) by extension 'python_setup_py'
[0.196s] Level 1:colcon.colcon_core.package_identification:_identify(Read_IMU/test) by extensions ['ignore', 'ignore_ament_install']
[0.196s] Level 1:colcon.colcon_core.package_identification:_identify(Read_IMU/test) by extension 'ignore'
[0.196s] Level 1:colcon.colcon_core.package_identification:_identify(Read_IMU/test) by extension 'ignore_ament_install'
[0.196s] Level 1:colcon.colcon_core.package_identification:_identify(Read_IMU/test) by extensions ['colcon_pkg']
[0.196s] Level 1:colcon.colcon_core.package_identification:_identify(Read_IMU/test) by extension 'colcon_pkg'
[0.196s] Level 1:colcon.colcon_core.package_identification:_identify(Read_IMU/test) by extensions ['colcon_meta']
[0.196s] Level 1:colcon.colcon_core.package_identification:_identify(Read_IMU/test) by extension 'colcon_meta'
[0.196s] Level 1:colcon.colcon_core.package_identification:_identify(Read_IMU/test) by extensions ['ros']
[0.196s] Level 1:colcon.colcon_core.package_identification:_identify(Read_IMU/test) by extension 'ros'
[0.196s] Level 1:colcon.colcon_core.package_identification:_identify(Read_IMU/test) by extensions ['cmake', 'python']
[0.196s] Level 1:colcon.colcon_core.package_identification:_identify(Read_IMU/test) by extension 'cmake'
[0.196s] Level 1:colcon.colcon_core.package_identification:_identify(Read_IMU/test) by extension 'python'
[0.196s] Level 1:colcon.colcon_core.package_identification:_identify(Read_IMU/test) by extensions ['python_setup_py']
[0.196s] Level 1:colcon.colcon_core.package_identification:_identify(Read_IMU/test) by extension 'python_setup_py'
[0.196s] Level 1:colcon.colcon_core.package_identification:_identify(build) by extensions ['ignore', 'ignore_ament_install']
[0.196s] Level 1:colcon.colcon_core.package_identification:_identify(build) by extension 'ignore'
[0.196s] Level 1:colcon.colcon_core.package_identification:_identify(build) ignored
[0.196s] Level 1:colcon.colcon_core.package_identification:_identify(doc) by extensions ['ignore', 'ignore_ament_install']
[0.196s] Level 1:colcon.colcon_core.package_identification:_identify(doc) by extension 'ignore'
[0.196s] Level 1:colcon.colcon_core.package_identification:_identify(doc) by extension 'ignore_ament_install'
[0.196s] Level 1:colcon.colcon_core.package_identification:_identify(doc) by extensions ['colcon_pkg']
[0.197s] Level 1:colcon.colcon_core.package_identification:_identify(doc) by extension 'colcon_pkg'
[0.197s] Level 1:colcon.colcon_core.package_identification:_identify(doc) by extensions ['colcon_meta']
[0.197s] Level 1:colcon.colcon_core.package_identification:_identify(doc) by extension 'colcon_meta'
[0.197s] Level 1:colcon.colcon_core.package_identification:_identify(doc) by extensions ['ros']
[0.197s] Level 1:colcon.colcon_core.package_identification:_identify(doc) by extension 'ros'
[0.197s] Level 1:colcon.colcon_core.package_identification:_identify(doc) by extensions ['cmake', 'python']
[0.197s] Level 1:colcon.colcon_core.package_identification:_identify(doc) by extension 'cmake'
[0.197s] Level 1:colcon.colcon_core.package_identification:_identify(doc) by extension 'python'
[0.197s] Level 1:colcon.colcon_core.package_identification:_identify(doc) by extensions ['python_setup_py']
[0.197s] Level 1:colcon.colcon_core.package_identification:_identify(doc) by extension 'python_setup_py'
[0.197s] Level 1:colcon.colcon_core.package_identification:_identify(install) by extensions ['ignore', 'ignore_ament_install']
[0.197s] Level 1:colcon.colcon_core.package_identification:_identify(install) by extension 'ignore'
[0.197s] Level 1:colcon.colcon_core.package_identification:_identify(install) ignored
[0.197s] Level 1:colcon.colcon_core.package_identification:_identify(log) by extensions ['ignore', 'ignore_ament_install']
[0.197s] Level 1:colcon.colcon_core.package_identification:_identify(log) by extension 'ignore'
[0.197s] Level 1:colcon.colcon_core.package_identification:_identify(log) ignored
[0.197s] Level 1:colcon.colcon_core.package_identification:_identify(src) by extensions ['ignore', 'ignore_ament_install']
[0.197s] Level 1:colcon.colcon_core.package_identification:_identify(src) by extension 'ignore'
[0.197s] Level 1:colcon.colcon_core.package_identification:_identify(src) by extension 'ignore_ament_install'
[0.197s] Level 1:colcon.colcon_core.package_identification:_identify(src) by extensions ['colcon_pkg']
[0.197s] Level 1:colcon.colcon_core.package_identification:_identify(src) by extension 'colcon_pkg'
[0.197s] Level 1:colcon.colcon_core.package_identification:_identify(src) by extensions ['colcon_meta']
[0.197s] Level 1:colcon.colcon_core.package_identification:_identify(src) by extension 'colcon_meta'
[0.197s] Level 1:colcon.colcon_core.package_identification:_identify(src) by extensions ['ros']
[0.198s] Level 1:colcon.colcon_core.package_identification:_identify(src) by extension 'ros'
[0.198s] Level 1:colcon.colcon_core.package_identification:_identify(src) by extensions ['cmake', 'python']
[0.198s] Level 1:colcon.colcon_core.package_identification:_identify(src) by extension 'cmake'
[0.198s] Level 1:colcon.colcon_core.package_identification:_identify(src) by extension 'python'
[0.198s] Level 1:colcon.colcon_core.package_identification:_identify(src) by extensions ['python_setup_py']
[0.198s] Level 1:colcon.colcon_core.package_identification:_identify(src) by extension 'python_setup_py'
[0.198s] Level 1:colcon.colcon_core.package_identification:_identify(src/ros2_control_demo_3r_robot) by extensions ['ignore', 'ignore_ament_install']
[0.198s] Level 1:colcon.colcon_core.package_identification:_identify(src/ros2_control_demo_3r_robot) by extension 'ignore'
[0.198s] Level 1:colcon.colcon_core.package_identification:_identify(src/ros2_control_demo_3r_robot) by extension 'ignore_ament_install'
[0.198s] Level 1:colcon.colcon_core.package_identification:_identify(src/ros2_control_demo_3r_robot) by extensions ['colcon_pkg']
[0.198s] Level 1:colcon.colcon_core.package_identification:_identify(src/ros2_control_demo_3r_robot) by extension 'colcon_pkg'
[0.198s] Level 1:colcon.colcon_core.package_identification:_identify(src/ros2_control_demo_3r_robot) by extensions ['colcon_meta']
[0.198s] Level 1:colcon.colcon_core.package_identification:_identify(src/ros2_control_demo_3r_robot) by extension 'colcon_meta'
[0.198s] Level 1:colcon.colcon_core.package_identification:_identify(src/ros2_control_demo_3r_robot) by extensions ['ros']
[0.198s] Level 1:colcon.colcon_core.package_identification:_identify(src/ros2_control_demo_3r_robot) by extension 'ros'
[0.200s] DEBUG:colcon.colcon_core.package_identification:Package 'src/ros2_control_demo_3r_robot' with type 'ros.ament_cmake' and name 'ros2_control_demo_3r_robot'
[0.200s] Level 1:colcon.colcon_core.package_discovery:discover_packages(recursive) using defaults
[0.200s] Level 1:colcon.colcon_core.package_discovery:discover_packages(ignore) discover
[0.200s] Level 1:colcon.colcon_core.package_discovery:discover_packages(ignore) using defaults
[0.200s] Level 1:colcon.colcon_core.package_discovery:discover_packages(path) discover
[0.200s] Level 1:colcon.colcon_core.package_discovery:discover_packages(path) using defaults
[0.222s] Level 1:colcon.colcon_core.package_discovery:discover_packages(prefix_path) check parameters
[0.222s] Level 1:colcon.colcon_core.package_discovery:discover_packages(prefix_path) discover
[0.225s] DEBUG:colcon.colcon_installed_package_information.package_discovery:Found 3 installed packages in /home/omzlette/gitROS/FRA333_LAB_HW/LAB2/install
[0.226s] DEBUG:colcon.colcon_installed_package_information.package_discovery:Found 258 installed packages in /opt/ros/foxy
[0.227s] Level 1:colcon.colcon_core.package_discovery:discover_packages(prefix_path) using defaults
[0.282s] Level 5:colcon.colcon_core.verb:set package 'ros2_control_demo_3r_robot' build argument 'cmake_args' from command line to 'None'
[0.282s] Level 5:colcon.colcon_core.verb:set package 'ros2_control_demo_3r_robot' build argument 'cmake_target' from command line to 'None'
[0.282s] Level 5:colcon.colcon_core.verb:set package 'ros2_control_demo_3r_robot' build argument 'cmake_target_skip_unavailable' from command line to 'False'
[0.282s] Level 5:colcon.colcon_core.verb:set package 'ros2_control_demo_3r_robot' build argument 'cmake_clean_cache' from command line to 'False'
[0.282s] Level 5:colcon.colcon_core.verb:set package 'ros2_control_demo_3r_robot' build argument 'cmake_clean_first' from command line to 'False'
[0.282s] Level 5:colcon.colcon_core.verb:set package 'ros2_control_demo_3r_robot' build argument 'cmake_force_configure' from command line to 'False'
[0.282s] Level 5:colcon.colcon_core.verb:set package 'ros2_control_demo_3r_robot' build argument 'ament_cmake_args' from command line to 'None'
[0.282s] Level 5:colcon.colcon_core.verb:set package 'ros2_control_demo_3r_robot' build argument 'catkin_cmake_args' from command line to 'None'
[0.282s] Level 5:colcon.colcon_core.verb:set package 'ros2_control_demo_3r_robot' build argument 'catkin_skip_building_tests' from command line to 'False'
[0.282s] DEBUG:colcon.colcon_core.verb:Building package 'ros2_control_demo_3r_robot' with the following arguments: {'ament_cmake_args': None, 'build_base': '/home/omzlette/gitROS/FRA333_LAB_HW/LAB3/build/ros2_control_demo_3r_robot', 'catkin_cmake_args': None, 'catkin_skip_building_tests': False, 'cmake_args': None, 'cmake_clean_cache': False, 'cmake_clean_first': False, 'cmake_force_configure': False, 'cmake_target': None, 'cmake_target_skip_unavailable': False, 'install_base': '/home/omzlette/gitROS/FRA333_LAB_HW/LAB3/install/ros2_control_demo_3r_robot', 'merge_install': False, 'path': '/home/omzlette/gitROS/FRA333_LAB_HW/LAB3/src/ros2_control_demo_3r_robot', 'symlink_install': False, 'test_result_base': None}
[0.282s] INFO:colcon.colcon_core.executor:Executing jobs using 'parallel' executor
[0.286s] DEBUG:colcon.colcon_parallel_executor.executor.parallel:run_until_complete
[0.286s] INFO:colcon.colcon_ros.task.ament_cmake.build:Building ROS package in '/home/omzlette/gitROS/FRA333_LAB_HW/LAB3/src/ros2_control_demo_3r_robot' with build type 'ament_cmake'
[0.286s] INFO:colcon.colcon_cmake.task.cmake.build:Building CMake package in '/home/omzlette/gitROS/FRA333_LAB_HW/LAB3/src/ros2_control_demo_3r_robot'
[0.290s] INFO:colcon.colcon_core.plugin_system:Skipping extension 'colcon_core.shell.bat': Not used on non-Windows systems
[0.290s] INFO:colcon.colcon_core.shell:Skip shell extension 'powershell' for command environment: Not usable outside of PowerShell
[0.290s] DEBUG:colcon.colcon_core.shell:Skip shell extension 'dsv' for command environment
[0.301s] DEBUG:colcon.colcon_core.event_handler.log_command:Invoking command in '/home/omzlette/gitROS/FRA333_LAB_HW/LAB3/build/ros2_control_demo_3r_robot': CMAKE_PREFIX_PATH=${CMAKE_PREFIX_PATH}:/opt/ros/foxy /usr/bin/cmake /home/omzlette/gitROS/FRA333_LAB_HW/LAB3/src/ros2_control_demo_3r_robot -DCMAKE_INSTALL_PREFIX=/home/omzlette/gitROS/FRA333_LAB_HW/LAB3/install/ros2_control_demo_3r_robot
[3.152s] DEBUG:colcon.colcon_core.event_handler.log_command:Invoked command in '/home/omzlette/gitROS/FRA333_LAB_HW/LAB3/build/ros2_control_demo_3r_robot' returned '0': CMAKE_PREFIX_PATH=${CMAKE_PREFIX_PATH}:/opt/ros/foxy /usr/bin/cmake /home/omzlette/gitROS/FRA333_LAB_HW/LAB3/src/ros2_control_demo_3r_robot -DCMAKE_INSTALL_PREFIX=/home/omzlette/gitROS/FRA333_LAB_HW/LAB3/install/ros2_control_demo_3r_robot
[3.152s] DEBUG:colcon.colcon_core.event_handler.log_command:Invoking command in '/home/omzlette/gitROS/FRA333_LAB_HW/LAB3/build/ros2_control_demo_3r_robot': CMAKE_PREFIX_PATH=${CMAKE_PREFIX_PATH}:/opt/ros/foxy /usr/bin/cmake --build /home/omzlette/gitROS/FRA333_LAB_HW/LAB3/build/ros2_control_demo_3r_robot -- -j12 -l12
[3.179s] DEBUG:colcon.colcon_core.event_handler.log_command:Invoked command in '/home/omzlette/gitROS/FRA333_LAB_HW/LAB3/build/ros2_control_demo_3r_robot' returned '0': CMAKE_PREFIX_PATH=${CMAKE_PREFIX_PATH}:/opt/ros/foxy /usr/bin/cmake --build /home/omzlette/gitROS/FRA333_LAB_HW/LAB3/build/ros2_control_demo_3r_robot -- -j12 -l12
[3.200s] DEBUG:colcon.colcon_core.event_handler.log_command:Invoking command in '/home/omzlette/gitROS/FRA333_LAB_HW/LAB3/build/ros2_control_demo_3r_robot': CMAKE_PREFIX_PATH=${CMAKE_PREFIX_PATH}:/opt/ros/foxy /usr/bin/cmake --install /home/omzlette/gitROS/FRA333_LAB_HW/LAB3/build/ros2_control_demo_3r_robot
[3.245s] Level 1:colcon.colcon_core.environment:create_environment_scripts_only(ros2_control_demo_3r_robot)
[3.248s] DEBUG:colcon.colcon_core.event_handler.log_command:Invoked command in '/home/omzlette/gitROS/FRA333_LAB_HW/LAB3/build/ros2_control_demo_3r_robot' returned '0': CMAKE_PREFIX_PATH=${CMAKE_PREFIX_PATH}:/opt/ros/foxy /usr/bin/cmake --install /home/omzlette/gitROS/FRA333_LAB_HW/LAB3/build/ros2_control_demo_3r_robot
[3.250s] Level 1:colcon.colcon_core.environment:checking '/home/omzlette/gitROS/FRA333_LAB_HW/LAB3/install/ros2_control_demo_3r_robot' for CMake module files
[3.251s] Level 1:colcon.colcon_core.environment:checking '/home/omzlette/gitROS/FRA333_LAB_HW/LAB3/install/ros2_control_demo_3r_robot' for CMake config files
[3.251s] Level 1:colcon.colcon_core.shell:create_environment_hook('ros2_control_demo_3r_robot', 'cmake_prefix_path')
[3.252s] INFO:colcon.colcon_core.shell:Creating environment hook '/home/omzlette/gitROS/FRA333_LAB_HW/LAB3/install/ros2_control_demo_3r_robot/share/ros2_control_demo_3r_robot/hook/cmake_prefix_path.ps1'
[3.253s] INFO:colcon.colcon_core.shell:Creating environment descriptor '/home/omzlette/gitROS/FRA333_LAB_HW/LAB3/install/ros2_control_demo_3r_robot/share/ros2_control_demo_3r_robot/hook/cmake_prefix_path.dsv'
[3.253s] INFO:colcon.colcon_core.shell:Creating environment hook '/home/omzlette/gitROS/FRA333_LAB_HW/LAB3/install/ros2_control_demo_3r_robot/share/ros2_control_demo_3r_robot/hook/cmake_prefix_path.sh'
[3.254s] Level 1:colcon.colcon_core.environment:checking '/home/omzlette/gitROS/FRA333_LAB_HW/LAB3/install/ros2_control_demo_3r_robot/lib'
[3.254s] Level 1:colcon.colcon_core.environment:checking '/home/omzlette/gitROS/FRA333_LAB_HW/LAB3/install/ros2_control_demo_3r_robot/bin'
[3.254s] Level 1:colcon.colcon_core.environment:checking '/home/omzlette/gitROS/FRA333_LAB_HW/LAB3/install/ros2_control_demo_3r_robot/lib/pkgconfig/ros2_control_demo_3r_robot.pc'
[3.254s] Level 1:colcon.colcon_core.environment:checking '/home/omzlette/gitROS/FRA333_LAB_HW/LAB3/install/ros2_control_demo_3r_robot/lib/python3.8/site-packages'
[3.254s] Level 1:colcon.colcon_core.shell:create_environment_hook('ros2_control_demo_3r_robot', 'pythonpath')
[3.255s] INFO:colcon.colcon_core.shell:Creating environment hook '/home/omzlette/gitROS/FRA333_LAB_HW/LAB3/install/ros2_control_demo_3r_robot/share/ros2_control_demo_3r_robot/hook/pythonpath.ps1'
[3.255s] INFO:colcon.colcon_core.shell:Creating environment descriptor '/home/omzlette/gitROS/FRA333_LAB_HW/LAB3/install/ros2_control_demo_3r_robot/share/ros2_control_demo_3r_robot/hook/pythonpath.dsv'
[3.256s] INFO:colcon.colcon_core.shell:Creating environment hook '/home/omzlette/gitROS/FRA333_LAB_HW/LAB3/install/ros2_control_demo_3r_robot/share/ros2_control_demo_3r_robot/hook/pythonpath.sh'
[3.256s] Level 1:colcon.colcon_core.environment:checking '/home/omzlette/gitROS/FRA333_LAB_HW/LAB3/install/ros2_control_demo_3r_robot/bin'
[3.257s] INFO:colcon.colcon_core.shell:Creating package script '/home/omzlette/gitROS/FRA333_LAB_HW/LAB3/install/ros2_control_demo_3r_robot/share/ros2_control_demo_3r_robot/package.ps1'
[3.258s] INFO:colcon.colcon_core.shell:Creating package descriptor '/home/omzlette/gitROS/FRA333_LAB_HW/LAB3/install/ros2_control_demo_3r_robot/share/ros2_control_demo_3r_robot/package.dsv'
[3.258s] INFO:colcon.colcon_core.shell:Creating package script '/home/omzlette/gitROS/FRA333_LAB_HW/LAB3/install/ros2_control_demo_3r_robot/share/ros2_control_demo_3r_robot/package.sh'
[3.258s] INFO:colcon.colcon_core.shell:Creating package script '/home/omzlette/gitROS/FRA333_LAB_HW/LAB3/install/ros2_control_demo_3r_robot/share/ros2_control_demo_3r_robot/package.bash'
[3.259s] INFO:colcon.colcon_core.shell:Creating package script '/home/omzlette/gitROS/FRA333_LAB_HW/LAB3/install/ros2_control_demo_3r_robot/share/ros2_control_demo_3r_robot/package.zsh'
[3.260s] Level 1:colcon.colcon_core.environment:create_file_with_runtime_dependencies(/home/omzlette/gitROS/FRA333_LAB_HW/LAB3/install/ros2_control_demo_3r_robot/share/colcon-core/packages/ros2_control_demo_3r_robot)
[3.275s] Level 1:colcon.colcon_core.environment:create_environment_scripts_only(ros2_control_demo_3r_robot)
[3.277s] Level 1:colcon.colcon_core.environment:checking '/home/omzlette/gitROS/FRA333_LAB_HW/LAB3/install/ros2_control_demo_3r_robot' for CMake module files
[3.277s] Level 1:colcon.colcon_core.environment:checking '/home/omzlette/gitROS/FRA333_LAB_HW/LAB3/install/ros2_control_demo_3r_robot' for CMake config files
[3.277s] Level 1:colcon.colcon_core.shell:create_environment_hook('ros2_control_demo_3r_robot', 'cmake_prefix_path')
[3.278s] INFO:colcon.colcon_core.shell:Creating environment hook '/home/omzlette/gitROS/FRA333_LAB_HW/LAB3/install/ros2_control_demo_3r_robot/share/ros2_control_demo_3r_robot/hook/cmake_prefix_path.ps1'
[3.279s] INFO:colcon.colcon_core.shell:Creating environment descriptor '/home/omzlette/gitROS/FRA333_LAB_HW/LAB3/install/ros2_control_demo_3r_robot/share/ros2_control_demo_3r_robot/hook/cmake_prefix_path.dsv'
[3.279s] INFO:colcon.colcon_core.shell:Creating environment hook '/home/omzlette/gitROS/FRA333_LAB_HW/LAB3/install/ros2_control_demo_3r_robot/share/ros2_control_demo_3r_robot/hook/cmake_prefix_path.sh'
[3.279s] Level 1:colcon.colcon_core.environment:checking '/home/omzlette/gitROS/FRA333_LAB_HW/LAB3/install/ros2_control_demo_3r_robot/lib'
[3.279s] Level 1:colcon.colcon_core.environment:checking '/home/omzlette/gitROS/FRA333_LAB_HW/LAB3/install/ros2_control_demo_3r_robot/bin'
[3.279s] Level 1:colcon.colcon_core.environment:checking '/home/omzlette/gitROS/FRA333_LAB_HW/LAB3/install/ros2_control_demo_3r_robot/lib/pkgconfig/ros2_control_demo_3r_robot.pc'
[3.279s] Level 1:colcon.colcon_core.environment:checking '/home/omzlette/gitROS/FRA333_LAB_HW/LAB3/install/ros2_control_demo_3r_robot/lib/python3.8/site-packages'
[3.280s] Level 1:colcon.colcon_core.shell:create_environment_hook('ros2_control_demo_3r_robot', 'pythonpath')
[3.281s] INFO:colcon.colcon_core.shell:Creating environment hook '/home/omzlette/gitROS/FRA333_LAB_HW/LAB3/install/ros2_control_demo_3r_robot/share/ros2_control_demo_3r_robot/hook/pythonpath.ps1'
[3.281s] INFO:colcon.colcon_core.shell:Creating environment descriptor '/home/omzlette/gitROS/FRA333_LAB_HW/LAB3/install/ros2_control_demo_3r_robot/share/ros2_control_demo_3r_robot/hook/pythonpath.dsv'
[3.281s] INFO:colcon.colcon_core.shell:Creating environment hook '/home/omzlette/gitROS/FRA333_LAB_HW/LAB3/install/ros2_control_demo_3r_robot/share/ros2_control_demo_3r_robot/hook/pythonpath.sh'
[3.282s] Level 1:colcon.colcon_core.environment:checking '/home/omzlette/gitROS/FRA333_LAB_HW/LAB3/install/ros2_control_demo_3r_robot/bin'
[3.283s] INFO:colcon.colcon_core.shell:Creating package script '/home/omzlette/gitROS/FRA333_LAB_HW/LAB3/install/ros2_control_demo_3r_robot/share/ros2_control_demo_3r_robot/package.ps1'
[3.283s] INFO:colcon.colcon_core.shell:Creating package descriptor '/home/omzlette/gitROS/FRA333_LAB_HW/LAB3/install/ros2_control_demo_3r_robot/share/ros2_control_demo_3r_robot/package.dsv'
[3.283s] INFO:colcon.colcon_core.shell:Creating package script '/home/omzlette/gitROS/FRA333_LAB_HW/LAB3/install/ros2_control_demo_3r_robot/share/ros2_control_demo_3r_robot/package.sh'
[3.284s] INFO:colcon.colcon_core.shell:Creating package script '/home/omzlette/gitROS/FRA333_LAB_HW/LAB3/install/ros2_control_demo_3r_robot/share/ros2_control_demo_3r_robot/package.bash'
[3.284s] INFO:colcon.colcon_core.shell:Creating package script '/home/omzlette/gitROS/FRA333_LAB_HW/LAB3/install/ros2_control_demo_3r_robot/share/ros2_control_demo_3r_robot/package.zsh'
[3.284s] Level 1:colcon.colcon_core.environment:create_file_with_runtime_dependencies(/home/omzlette/gitROS/FRA333_LAB_HW/LAB3/install/ros2_control_demo_3r_robot/share/colcon-core/packages/ros2_control_demo_3r_robot)
[3.284s] DEBUG:colcon.colcon_parallel_executor.executor.parallel:closing loop
[3.285s] DEBUG:colcon.colcon_parallel_executor.executor.parallel:loop closed
[3.285s] DEBUG:colcon.colcon_parallel_executor.executor.parallel:run_until_complete finished with '0'
[3.285s] DEBUG:colcon.colcon_core.event_reactor:joining thread
[3.315s] INFO:colcon.colcon_core.plugin_system:Skipping extension 'colcon_notification.desktop_notification.notify_send': Could not find 'notify-send'
[3.315s] INFO:colcon.colcon_core.plugin_system:Skipping extension 'colcon_notification.desktop_notification.terminal_notifier': Not used on non-Darwin systems
[3.315s] INFO:colcon.colcon_core.plugin_system:Skipping extension 'colcon_notification.desktop_notification.win32': Not used on non-Windows systems
[3.315s] INFO:colcon.colcon_notification.desktop_notification:Sending desktop notification using 'notify2'
[134.753s] DEBUG:colcon.colcon_notification.desktop_notification.notify2:Failed to initialize notify2: org.freedesktop.DBus.Error.Spawn.ExecFailed: /usr/bin/dbus-launch terminated abnormally with the following error: Autolaunch error: X11 initialization failed.

[134.754s] DEBUG:colcon.colcon_core.event_reactor:joined thread
[134.760s] INFO:colcon.colcon_core.shell:Creating prefix script '/home/omzlette/gitROS/FRA333_LAB_HW/LAB3/install/local_setup.ps1'
[134.771s] INFO:colcon.colcon_core.shell:Creating prefix util module '/home/omzlette/gitROS/FRA333_LAB_HW/LAB3/install/_local_setup_util_ps1.py'
[134.772s] INFO:colcon.colcon_core.shell:Creating prefix chain script '/home/omzlette/gitROS/FRA333_LAB_HW/LAB3/install/setup.ps1'
[134.773s] INFO:colcon.colcon_core.shell:Creating prefix script '/home/omzlette/gitROS/FRA333_LAB_HW/LAB3/install/local_setup.sh'
[134.774s] INFO:colcon.colcon_core.shell:Creating prefix util module '/home/omzlette/gitROS/FRA333_LAB_HW/LAB3/install/_local_setup_util_sh.py'
[134.774s] INFO:colcon.colcon_core.shell:Creating prefix chain script '/home/omzlette/gitROS/FRA333_LAB_HW/LAB3/install/setup.sh'
[134.776s] INFO:colcon.colcon_core.shell:Creating prefix script '/home/omzlette/gitROS/FRA333_LAB_HW/LAB3/install/local_setup.bash'
[134.777s] INFO:colcon.colcon_core.shell:Creating prefix chain script '/home/omzlette/gitROS/FRA333_LAB_HW/LAB3/install/setup.bash'
[134.778s] INFO:colcon.colcon_core.shell:Creating prefix script '/home/omzlette/gitROS/FRA333_LAB_HW/LAB3/install/local_setup.zsh'
[134.779s] INFO:colcon.colcon_core.shell:Creating prefix chain script '/home/omzlette/gitROS/FRA333_LAB_HW/LAB3/install/setup.zsh'
