[0.043s] Invoking command in '/home/valdeus1151/Y3T1/FRA333_LAB_HW/LAB4/build/doppelt_interfaces': CMAKE_PREFIX_PATH=${CMAKE_PREFIX_PATH}:/opt/ros/foxy /usr/bin/cmake /home/valdeus1151/Y3T1/FRA333_LAB_HW/LAB4/src/lab4_29/doppelt_interfaces -DAMENT_CMAKE_SYMLINK_INSTALL=1 -DCMAKE_INSTALL_PREFIX=/home/valdeus1151/Y3T1/FRA333_LAB_HW/LAB4/install/doppelt_interfaces
[0.189s] -- The C compiler identification is GNU 9.4.0
[0.319s] -- The CXX compiler identification is GNU 9.4.0
[0.328s] -- Check for working C compiler: /usr/bin/cc
[0.428s] -- Check for working C compiler: /usr/bin/cc -- works
[0.429s] -- Detecting C compiler ABI info
[0.532s] -- Detecting C compiler ABI info - done
[0.546s] -- Detecting C compile features
[0.547s] -- Detecting C compile features - done
[0.551s] -- Check for working CXX compiler: /usr/bin/c++
[0.673s] -- Check for working CXX compiler: /usr/bin/c++ -- works
[0.674s] -- Detecting CXX compiler ABI info
[0.795s] -- Detecting CXX compiler ABI info - done
[0.821s] -- Detecting CXX compile features
[0.821s] -- Detecting CXX compile features - done
[0.829s] -- Found ament_cmake: 0.9.11 (/opt/ros/foxy/share/ament_cmake/cmake)
[0.871s] -- Found PythonInterp: /usr/bin/python3 (found suitable version "3.8.10", minimum required is "3") 
[0.871s] -- Using PYTHON_EXECUTABLE: /usr/bin/python3
[1.144s] -- Override CMake install command with custom implementation using symlinks instead of copying resources
[1.200s] -- Found ament_lint_auto: 0.9.7 (/opt/ros/foxy/share/ament_lint_auto/cmake)
[1.353s] -- Found rosidl_default_generators: 1.0.1 (/opt/ros/foxy/share/rosidl_default_generators/cmake)
[1.361s] -- Using all available rosidl_typesupport_c: rosidl_typesupport_fastrtps_c;rosidl_typesupport_introspection_c
[1.370s] -- Found rosidl_adapter: 1.3.0 (/opt/ros/foxy/share/rosidl_adapter/cmake)
[1.539s] -- Found OpenSSL: /usr/lib/x86_64-linux-gnu/libcrypto.so (found version "1.1.1f")  
[1.594s] -- Found FastRTPS: /opt/ros/foxy/include  
[1.715s] -- Using all available rosidl_typesupport_cpp: rosidl_typesupport_fastrtps_cpp;rosidl_typesupport_introspection_cpp
[1.759s] -- Found std_msgs: 2.0.5 (/opt/ros/foxy/share/std_msgs/cmake)
[1.853s] -- Found PythonInterp: /usr/bin/python3 (found version "3.8.10") 
[2.023s] -- Found ament_cmake_ros: 0.9.2 (/opt/ros/foxy/share/ament_cmake_ros/cmake)
[2.322s] -- Using all available rosidl_typesupport_c: rosidl_typesupport_fastrtps_c;rosidl_typesupport_introspection_c
[2.421s] -- Using all available rosidl_typesupport_cpp: rosidl_typesupport_fastrtps_cpp;rosidl_typesupport_introspection_cpp
[2.463s] -- Found PythonInterp: /usr/bin/python3 (found suitable version "3.8.10", minimum required is "3.5") 
[2.466s] -- Found python_cmake_module: 0.8.1 (/opt/ros/foxy/share/python_cmake_module/cmake)
[2.512s] -- Found PythonLibs: /usr/lib/x86_64-linux-gnu/libpython3.8.so (found suitable version "3.8.10", minimum required is "3.5") 
[2.512s] -- Using PYTHON_EXECUTABLE: /usr/bin/python3
[2.512s] -- Using PYTHON_INCLUDE_DIRS: /usr/include/python3.8
[2.512s] -- Using PYTHON_LIBRARIES: /usr/lib/x86_64-linux-gnu/libpython3.8.so
[2.550s] -- Found PythonExtra: .so  
[2.693s] -- Added test 'copyright' to check source files copyright and LICENSE
[2.695s] -- Added test 'lint_cmake' to check CMake code style
[2.698s] -- Added test 'xmllint' to check XML markup files
[2.716s] -- Configuring done
[2.796s] -- Generating done
[2.804s] -- Build files have been written to: /home/valdeus1151/Y3T1/FRA333_LAB_HW/LAB4/build/doppelt_interfaces
[2.821s] Invoked command in '/home/valdeus1151/Y3T1/FRA333_LAB_HW/LAB4/build/doppelt_interfaces' returned '0': CMAKE_PREFIX_PATH=${CMAKE_PREFIX_PATH}:/opt/ros/foxy /usr/bin/cmake /home/valdeus1151/Y3T1/FRA333_LAB_HW/LAB4/src/lab4_29/doppelt_interfaces -DAMENT_CMAKE_SYMLINK_INSTALL=1 -DCMAKE_INSTALL_PREFIX=/home/valdeus1151/Y3T1/FRA333_LAB_HW/LAB4/install/doppelt_interfaces
[2.825s] Invoking command in '/home/valdeus1151/Y3T1/FRA333_LAB_HW/LAB4/build/doppelt_interfaces': CMAKE_PREFIX_PATH=${CMAKE_PREFIX_PATH}:/opt/ros/foxy /usr/bin/cmake --build /home/valdeus1151/Y3T1/FRA333_LAB_HW/LAB4/build/doppelt_interfaces -- -j12 -l12
[2.887s] [  3%] [34m[1mGenerating C code for ROS interfaces[0m
[2.887s] [35m[1mScanning dependencies of target doppelt_interfaces__cpp[0m
[2.903s] [  6%] [34m[1mGenerating C++ code for ROS interfaces[0m
[3.471s] [  6%] Built target doppelt_interfaces__cpp
[3.486s] [ 12%] [34m[1mGenerating C++ type support dispatch for ROS interfaces[0m
[3.486s] [ 12%] [34m[1mGenerating C++ type support for eProsima Fast-RTPS[0m
[3.486s] [ 16%] [34m[1mGenerating C++ introspection for ROS interfaces[0m
[3.486s] [35m[1mScanning dependencies of target doppelt_interfaces__rosidl_generator_c[0m
[3.506s] [ 19%] [32mBuilding C object CMakeFiles/doppelt_interfaces__rosidl_generator_c.dir/rosidl_generator_c/doppelt_interfaces/srv/detail/enabler__functions.c.o[0m
[3.600s] [ 22%] [32m[1mLinking C shared library libdoppelt_interfaces__rosidl_generator_c.so[0m
[3.667s] [ 22%] Built target doppelt_interfaces__rosidl_generator_c
[3.684s] [ 29%] [34m[1mGenerating C type support dispatch for ROS interfaces[0m
[3.684s] [ 29%] [34m[1mGenerating C introspection for ROS interfaces[0m
[3.849s] [35m[1mScanning dependencies of target doppelt_interfaces__rosidl_typesupport_cpp[0m
[3.856s] [35m[1mScanning dependencies of target doppelt_interfaces__rosidl_typesupport_introspection_cpp[0m
[3.870s] [35m[1mScanning dependencies of target doppelt_interfaces__rosidl_typesupport_fastrtps_cpp[0m
[3.877s] [ 32%] [32mBuilding CXX object CMakeFiles/doppelt_interfaces__rosidl_typesupport_cpp.dir/rosidl_typesupport_cpp/doppelt_interfaces/srv/enabler__type_support.cpp.o[0m
[3.880s] [ 35%] [32mBuilding CXX object CMakeFiles/doppelt_interfaces__rosidl_typesupport_introspection_cpp.dir/rosidl_typesupport_introspection_cpp/doppelt_interfaces/srv/detail/enabler__type_support.cpp.o[0m
[3.915s] [ 38%] [32mBuilding CXX object CMakeFiles/doppelt_interfaces__rosidl_typesupport_fastrtps_cpp.dir/rosidl_typesupport_fastrtps_cpp/doppelt_interfaces/srv/detail/dds_fastrtps/enabler__type_support.cpp.o[0m
[4.051s] [35m[1mScanning dependencies of target doppelt_interfaces__rosidl_typesupport_c[0m
[4.075s] [ 41%] [32mBuilding CXX object CMakeFiles/doppelt_interfaces__rosidl_typesupport_c.dir/rosidl_typesupport_c/doppelt_interfaces/srv/enabler__type_support.cpp.o[0m
[4.084s] [35m[1mScanning dependencies of target doppelt_interfaces__rosidl_typesupport_introspection_c[0m
[4.108s] [ 45%] [32mBuilding C object CMakeFiles/doppelt_interfaces__rosidl_typesupport_introspection_c.dir/rosidl_typesupport_introspection_c/doppelt_interfaces/srv/detail/enabler__type_support.c.o[0m
[4.129s] [ 48%] [32m[1mLinking CXX shared library libdoppelt_interfaces__rosidl_typesupport_c.so[0m
[4.169s] [ 51%] [32m[1mLinking C shared library libdoppelt_interfaces__rosidl_typesupport_introspection_c.so[0m
[4.211s] [ 51%] Built target doppelt_interfaces__rosidl_typesupport_c
[4.226s] [ 51%] Built target doppelt_interfaces__rosidl_typesupport_introspection_c
[4.343s] [ 54%] [32m[1mLinking CXX shared library libdoppelt_interfaces__rosidl_typesupport_cpp.so[0m
[4.367s] [ 58%] [32m[1mLinking CXX shared library libdoppelt_interfaces__rosidl_typesupport_introspection_cpp.so[0m
[4.407s] [ 58%] Built target doppelt_interfaces__rosidl_typesupport_cpp
[4.428s] [ 58%] Built target doppelt_interfaces__rosidl_typesupport_introspection_cpp
[4.575s] [ 61%] [32m[1mLinking CXX shared library libdoppelt_interfaces__rosidl_typesupport_fastrtps_cpp.so[0m
[4.695s] [ 61%] Built target doppelt_interfaces__rosidl_typesupport_fastrtps_cpp
[4.708s] [ 64%] [34m[1mGenerating C type support for eProsima Fast-RTPS[0m
[5.030s] [35m[1mScanning dependencies of target doppelt_interfaces__rosidl_typesupport_fastrtps_c[0m
[5.054s] [ 67%] [32mBuilding CXX object CMakeFiles/doppelt_interfaces__rosidl_typesupport_fastrtps_c.dir/rosidl_typesupport_fastrtps_c/doppelt_interfaces/srv/detail/enabler__type_support_c.cpp.o[0m
[5.504s] [ 70%] [32m[1mLinking CXX shared library libdoppelt_interfaces__rosidl_typesupport_fastrtps_c.so[0m
[5.616s] [ 70%] Built target doppelt_interfaces__rosidl_typesupport_fastrtps_c
[5.628s] [35m[1mScanning dependencies of target doppelt_interfaces[0m
[5.640s] [ 70%] Built target doppelt_interfaces
[5.652s] [35m[1mScanning dependencies of target doppelt_interfaces__py[0m
[5.664s] [ 74%] [34m[1mGenerating Python code for ROS interfaces[0m
[6.268s] [ 74%] Built target doppelt_interfaces__py
[6.281s] [35m[1mScanning dependencies of target doppelt_interfaces__python[0m
[6.324s] [ 77%] [32mBuilding C object CMakeFiles/doppelt_interfaces__python.dir/rosidl_generator_py/doppelt_interfaces/srv/_enabler_s.c.o[0m
[6.442s] [ 80%] [32m[1mLinking C shared library rosidl_generator_py/doppelt_interfaces/libdoppelt_interfaces__python.so[0m
[6.494s] [ 80%] Built target doppelt_interfaces__python
[6.507s] [35m[1mScanning dependencies of target doppelt_interfaces__rosidl_typesupport_fastrtps_c__pyext[0m
[6.507s] [35m[1mScanning dependencies of target doppelt_interfaces__rosidl_typesupport_introspection_c__pyext[0m
[6.509s] [35m[1mScanning dependencies of target doppelt_interfaces__rosidl_typesupport_c__pyext[0m
[6.529s] [ 83%] [32mBuilding C object CMakeFiles/doppelt_interfaces__rosidl_typesupport_introspection_c__pyext.dir/rosidl_generator_py/doppelt_interfaces/_doppelt_interfaces_s.ep.rosidl_typesupport_introspection_c.c.o[0m
[6.529s] [ 87%] [32mBuilding C object CMakeFiles/doppelt_interfaces__rosidl_typesupport_c__pyext.dir/rosidl_generator_py/doppelt_interfaces/_doppelt_interfaces_s.ep.rosidl_typesupport_c.c.o[0m
[6.535s] [ 90%] [32mBuilding C object CMakeFiles/doppelt_interfaces__rosidl_typesupport_fastrtps_c__pyext.dir/rosidl_generator_py/doppelt_interfaces/_doppelt_interfaces_s.ep.rosidl_typesupport_fastrtps_c.c.o[0m
[6.643s] [ 93%] [32m[1mLinking C shared library rosidl_generator_py/doppelt_interfaces/doppelt_interfaces_s__rosidl_typesupport_introspection_c.cpython-38-x86_64-linux-gnu.so[0m
[6.646s] [ 96%] [32m[1mLinking C shared library rosidl_generator_py/doppelt_interfaces/doppelt_interfaces_s__rosidl_typesupport_c.cpython-38-x86_64-linux-gnu.so[0m
[6.672s] [100%] [32m[1mLinking CXX shared library rosidl_generator_py/doppelt_interfaces/doppelt_interfaces_s__rosidl_typesupport_fastrtps_c.cpython-38-x86_64-linux-gnu.so[0m
[6.696s] [100%] Built target doppelt_interfaces__rosidl_typesupport_introspection_c__pyext
[6.699s] [100%] Built target doppelt_interfaces__rosidl_typesupport_c__pyext
[6.770s] [100%] Built target doppelt_interfaces__rosidl_typesupport_fastrtps_c__pyext
[6.786s] Invoked command in '/home/valdeus1151/Y3T1/FRA333_LAB_HW/LAB4/build/doppelt_interfaces' returned '0': CMAKE_PREFIX_PATH=${CMAKE_PREFIX_PATH}:/opt/ros/foxy /usr/bin/cmake --build /home/valdeus1151/Y3T1/FRA333_LAB_HW/LAB4/build/doppelt_interfaces -- -j12 -l12
[6.858s] Invoking command in '/home/valdeus1151/Y3T1/FRA333_LAB_HW/LAB4/build/doppelt_interfaces': CMAKE_PREFIX_PATH=${CMAKE_PREFIX_PATH}:/opt/ros/foxy /usr/bin/cmake --install /home/valdeus1151/Y3T1/FRA333_LAB_HW/LAB4/build/doppelt_interfaces
[6.869s] -- Install configuration: ""
[6.870s] -- Execute custom install script
[6.870s] -- Symlinking: /home/valdeus1151/Y3T1/FRA333_LAB_HW/LAB4/install/doppelt_interfaces/share/ament_index/resource_index/rosidl_interfaces/doppelt_interfaces
[6.883s] -- Symlinking: /home/valdeus1151/Y3T1/FRA333_LAB_HW/LAB4/install/doppelt_interfaces/include/doppelt_interfaces/msg/rosidl_generator_c__visibility_control.h
[6.893s] -- Symlinking: /home/valdeus1151/Y3T1/FRA333_LAB_HW/LAB4/install/doppelt_interfaces/include/doppelt_interfaces/srv/detail/enabler__functions.h
[6.905s] -- Symlinking: /home/valdeus1151/Y3T1/FRA333_LAB_HW/LAB4/install/doppelt_interfaces/include/doppelt_interfaces/srv/detail/enabler__struct.h
[6.916s] -- Symlinking: /home/valdeus1151/Y3T1/FRA333_LAB_HW/LAB4/install/doppelt_interfaces/include/doppelt_interfaces/srv/detail/enabler__type_support.h
[6.927s] -- Symlinking: /home/valdeus1151/Y3T1/FRA333_LAB_HW/LAB4/install/doppelt_interfaces/include/doppelt_interfaces/srv/enabler.h
[6.939s] -- Symlinking: /home/valdeus1151/Y3T1/FRA333_LAB_HW/LAB4/install/doppelt_interfaces/share/doppelt_interfaces/environment/library_path.sh
[6.951s] -- Symlinking: /home/valdeus1151/Y3T1/FRA333_LAB_HW/LAB4/install/doppelt_interfaces/share/doppelt_interfaces/environment/library_path.dsv
[6.963s] -- Symlinking: /home/valdeus1151/Y3T1/FRA333_LAB_HW/LAB4/install/doppelt_interfaces/include/doppelt_interfaces/msg/rosidl_typesupport_fastrtps_c__visibility_control.h
[6.974s] -- Symlinking: /home/valdeus1151/Y3T1/FRA333_LAB_HW/LAB4/install/doppelt_interfaces/include/doppelt_interfaces/srv/detail/enabler__rosidl_typesupport_fastrtps_c.h
[6.985s] -- Symlinking: /home/valdeus1151/Y3T1/FRA333_LAB_HW/LAB4/install/doppelt_interfaces/lib/libdoppelt_interfaces__rosidl_typesupport_fastrtps_c.so
[6.995s] -- Symlinking: /home/valdeus1151/Y3T1/FRA333_LAB_HW/LAB4/install/doppelt_interfaces/include/doppelt_interfaces/msg/rosidl_typesupport_fastrtps_cpp__visibility_control.h
[7.006s] -- Symlinking: /home/valdeus1151/Y3T1/FRA333_LAB_HW/LAB4/install/doppelt_interfaces/include/doppelt_interfaces/srv/detail/enabler__rosidl_typesupport_fastrtps_cpp.hpp
[7.017s] -- Symlinking: /home/valdeus1151/Y3T1/FRA333_LAB_HW/LAB4/install/doppelt_interfaces/lib/libdoppelt_interfaces__rosidl_typesupport_fastrtps_cpp.so
[7.029s] -- Symlinking: /home/valdeus1151/Y3T1/FRA333_LAB_HW/LAB4/install/doppelt_interfaces/include/doppelt_interfaces/msg/rosidl_typesupport_introspection_c__visibility_control.h
[7.040s] -- Symlinking: /home/valdeus1151/Y3T1/FRA333_LAB_HW/LAB4/install/doppelt_interfaces/include/doppelt_interfaces/srv/detail/enabler__rosidl_typesupport_introspection_c.h
[7.052s] -- Symlinking: /home/valdeus1151/Y3T1/FRA333_LAB_HW/LAB4/install/doppelt_interfaces/include/doppelt_interfaces/srv/detail/enabler__builder.hpp
[7.062s] -- Symlinking: /home/valdeus1151/Y3T1/FRA333_LAB_HW/LAB4/install/doppelt_interfaces/include/doppelt_interfaces/srv/detail/enabler__struct.hpp
[7.075s] -- Symlinking: /home/valdeus1151/Y3T1/FRA333_LAB_HW/LAB4/install/doppelt_interfaces/include/doppelt_interfaces/srv/detail/enabler__traits.hpp
[7.086s] -- Symlinking: /home/valdeus1151/Y3T1/FRA333_LAB_HW/LAB4/install/doppelt_interfaces/include/doppelt_interfaces/srv/enabler.hpp
[7.096s] -- Symlinking: /home/valdeus1151/Y3T1/FRA333_LAB_HW/LAB4/install/doppelt_interfaces/include/doppelt_interfaces/srv/detail/enabler__rosidl_typesupport_introspection_cpp.hpp
[7.108s] -- Symlinking: /home/valdeus1151/Y3T1/FRA333_LAB_HW/LAB4/install/doppelt_interfaces/share/doppelt_interfaces/environment/pythonpath.sh
[7.120s] -- Symlinking: /home/valdeus1151/Y3T1/FRA333_LAB_HW/LAB4/install/doppelt_interfaces/share/doppelt_interfaces/environment/pythonpath.dsv
[7.132s] -- Symlinking: /home/valdeus1151/Y3T1/FRA333_LAB_HW/LAB4/install/doppelt_interfaces/lib/python3.8/site-packages/doppelt_interfaces/__init__.py
[7.147s] -- Symlinking: /home/valdeus1151/Y3T1/FRA333_LAB_HW/LAB4/install/doppelt_interfaces/lib/python3.8/site-packages/doppelt_interfaces/srv/__init__.py
[7.157s] -- Symlinking: /home/valdeus1151/Y3T1/FRA333_LAB_HW/LAB4/install/doppelt_interfaces/lib/python3.8/site-packages/doppelt_interfaces/srv/_enabler.py
[7.169s] -- Symlinking: /home/valdeus1151/Y3T1/FRA333_LAB_HW/LAB4/install/doppelt_interfaces/lib/python3.8/site-packages/doppelt_interfaces/doppelt_interfaces_s__rosidl_typesupport_fastrtps_c.cpython-38-x86_64-linux-gnu.so
[7.179s] -- Symlinking: /home/valdeus1151/Y3T1/FRA333_LAB_HW/LAB4/install/doppelt_interfaces/lib/python3.8/site-packages/doppelt_interfaces/doppelt_interfaces_s__rosidl_typesupport_introspection_c.cpython-38-x86_64-linux-gnu.so
[7.190s] -- Symlinking: /home/valdeus1151/Y3T1/FRA333_LAB_HW/LAB4/install/doppelt_interfaces/lib/python3.8/site-packages/doppelt_interfaces/doppelt_interfaces_s__rosidl_typesupport_c.cpython-38-x86_64-linux-gnu.so
[7.201s] -- Symlinking: /home/valdeus1151/Y3T1/FRA333_LAB_HW/LAB4/install/doppelt_interfaces/lib/libdoppelt_interfaces__python.so
[7.212s] -- Symlinking: /home/valdeus1151/Y3T1/FRA333_LAB_HW/LAB4/install/doppelt_interfaces/share/doppelt_interfaces/srv/Enabler.idl
[7.222s] -- Symlinking: /home/valdeus1151/Y3T1/FRA333_LAB_HW/LAB4/install/doppelt_interfaces/share/doppelt_interfaces/srv/Enabler.srv
[7.233s] -- Symlinking: /home/valdeus1151/Y3T1/FRA333_LAB_HW/LAB4/install/doppelt_interfaces/share/doppelt_interfaces/srv/Enabler_Request.msg
[7.244s] -- Symlinking: /home/valdeus1151/Y3T1/FRA333_LAB_HW/LAB4/install/doppelt_interfaces/share/doppelt_interfaces/srv/Enabler_Response.msg
[7.255s] -- Symlinking: /home/valdeus1151/Y3T1/FRA333_LAB_HW/LAB4/install/doppelt_interfaces/share/ament_index/resource_index/package_run_dependencies/doppelt_interfaces
[7.269s] -- Symlinking: /home/valdeus1151/Y3T1/FRA333_LAB_HW/LAB4/install/doppelt_interfaces/share/ament_index/resource_index/parent_prefix_path/doppelt_interfaces
[7.279s] -- Symlinking: /home/valdeus1151/Y3T1/FRA333_LAB_HW/LAB4/install/doppelt_interfaces/share/doppelt_interfaces/environment/ament_prefix_path.sh
[7.290s] -- Symlinking: /home/valdeus1151/Y3T1/FRA333_LAB_HW/LAB4/install/doppelt_interfaces/share/doppelt_interfaces/environment/ament_prefix_path.dsv
[7.302s] -- Symlinking: /home/valdeus1151/Y3T1/FRA333_LAB_HW/LAB4/install/doppelt_interfaces/share/doppelt_interfaces/environment/path.sh
[7.314s] -- Symlinking: /home/valdeus1151/Y3T1/FRA333_LAB_HW/LAB4/install/doppelt_interfaces/share/doppelt_interfaces/environment/path.dsv
[7.325s] -- Symlinking: /home/valdeus1151/Y3T1/FRA333_LAB_HW/LAB4/install/doppelt_interfaces/share/doppelt_interfaces/local_setup.bash
[7.338s] -- Symlinking: /home/valdeus1151/Y3T1/FRA333_LAB_HW/LAB4/install/doppelt_interfaces/share/doppelt_interfaces/local_setup.sh
[7.349s] -- Symlinking: /home/valdeus1151/Y3T1/FRA333_LAB_HW/LAB4/install/doppelt_interfaces/share/doppelt_interfaces/local_setup.zsh
[7.359s] -- Symlinking: /home/valdeus1151/Y3T1/FRA333_LAB_HW/LAB4/install/doppelt_interfaces/share/doppelt_interfaces/local_setup.dsv
[7.371s] -- Symlinking: /home/valdeus1151/Y3T1/FRA333_LAB_HW/LAB4/install/doppelt_interfaces/share/doppelt_interfaces/package.dsv
[7.382s] -- Symlinking: /home/valdeus1151/Y3T1/FRA333_LAB_HW/LAB4/install/doppelt_interfaces/share/ament_index/resource_index/packages/doppelt_interfaces
[7.394s] -- Symlinking: /home/valdeus1151/Y3T1/FRA333_LAB_HW/LAB4/install/doppelt_interfaces/share/doppelt_interfaces/cmake/rosidl_cmake-extras.cmake
[7.406s] -- Symlinking: /home/valdeus1151/Y3T1/FRA333_LAB_HW/LAB4/install/doppelt_interfaces/share/doppelt_interfaces/cmake/ament_cmake_export_dependencies-extras.cmake
[7.418s] -- Symlinking: /home/valdeus1151/Y3T1/FRA333_LAB_HW/LAB4/install/doppelt_interfaces/share/doppelt_interfaces/cmake/ament_cmake_export_libraries-extras.cmake
[7.428s] -- Symlinking: /home/valdeus1151/Y3T1/FRA333_LAB_HW/LAB4/install/doppelt_interfaces/share/doppelt_interfaces/cmake/ament_cmake_export_targets-extras.cmake
[7.439s] -- Symlinking: /home/valdeus1151/Y3T1/FRA333_LAB_HW/LAB4/install/doppelt_interfaces/share/doppelt_interfaces/cmake/ament_cmake_export_include_directories-extras.cmake
[7.450s] -- Symlinking: /home/valdeus1151/Y3T1/FRA333_LAB_HW/LAB4/install/doppelt_interfaces/share/doppelt_interfaces/cmake/rosidl_cmake_export_typesupport_libraries-extras.cmake
[7.460s] -- Symlinking: /home/valdeus1151/Y3T1/FRA333_LAB_HW/LAB4/install/doppelt_interfaces/share/doppelt_interfaces/cmake/rosidl_cmake_export_typesupport_targets-extras.cmake
[7.472s] -- Symlinking: /home/valdeus1151/Y3T1/FRA333_LAB_HW/LAB4/install/doppelt_interfaces/share/doppelt_interfaces/cmake/doppelt_interfacesConfig.cmake
[7.483s] -- Symlinking: /home/valdeus1151/Y3T1/FRA333_LAB_HW/LAB4/install/doppelt_interfaces/share/doppelt_interfaces/cmake/doppelt_interfacesConfig-version.cmake
[7.493s] -- Symlinking: /home/valdeus1151/Y3T1/FRA333_LAB_HW/LAB4/install/doppelt_interfaces/share/doppelt_interfaces/package.xml
[7.505s] -- Installing: /home/valdeus1151/Y3T1/FRA333_LAB_HW/LAB4/install/doppelt_interfaces/lib/libdoppelt_interfaces__rosidl_generator_c.so
[7.505s] -- Set runtime path of "/home/valdeus1151/Y3T1/FRA333_LAB_HW/LAB4/install/doppelt_interfaces/lib/libdoppelt_interfaces__rosidl_generator_c.so" to ""
[7.505s] -- Installing: /home/valdeus1151/Y3T1/FRA333_LAB_HW/LAB4/install/doppelt_interfaces/lib/libdoppelt_interfaces__rosidl_typesupport_introspection_c.so
[7.506s] -- Set runtime path of "/home/valdeus1151/Y3T1/FRA333_LAB_HW/LAB4/install/doppelt_interfaces/lib/libdoppelt_interfaces__rosidl_typesupport_introspection_c.so" to ""
[7.506s] -- Installing: /home/valdeus1151/Y3T1/FRA333_LAB_HW/LAB4/install/doppelt_interfaces/lib/libdoppelt_interfaces__rosidl_typesupport_c.so
[7.506s] -- Set runtime path of "/home/valdeus1151/Y3T1/FRA333_LAB_HW/LAB4/install/doppelt_interfaces/lib/libdoppelt_interfaces__rosidl_typesupport_c.so" to ""
[7.507s] -- Installing: /home/valdeus1151/Y3T1/FRA333_LAB_HW/LAB4/install/doppelt_interfaces/lib/libdoppelt_interfaces__rosidl_typesupport_introspection_cpp.so
[7.507s] -- Set runtime path of "/home/valdeus1151/Y3T1/FRA333_LAB_HW/LAB4/install/doppelt_interfaces/lib/libdoppelt_interfaces__rosidl_typesupport_introspection_cpp.so" to ""
[7.507s] -- Installing: /home/valdeus1151/Y3T1/FRA333_LAB_HW/LAB4/install/doppelt_interfaces/lib/libdoppelt_interfaces__rosidl_typesupport_cpp.so
[7.507s] -- Set runtime path of "/home/valdeus1151/Y3T1/FRA333_LAB_HW/LAB4/install/doppelt_interfaces/lib/libdoppelt_interfaces__rosidl_typesupport_cpp.so" to ""
[7.547s] Compiling '/home/valdeus1151/Y3T1/FRA333_LAB_HW/LAB4/install/doppelt_interfaces/lib/python3.8/site-packages/doppelt_interfaces/__init__.py'...
[7.553s] -- Installing: /home/valdeus1151/Y3T1/FRA333_LAB_HW/LAB4/install/doppelt_interfaces/share/doppelt_interfaces/cmake/doppelt_interfaces__rosidl_generator_cExport.cmake
[7.553s] -- Installing: /home/valdeus1151/Y3T1/FRA333_LAB_HW/LAB4/install/doppelt_interfaces/share/doppelt_interfaces/cmake/doppelt_interfaces__rosidl_generator_cExport-noconfig.cmake
[7.553s] -- Installing: /home/valdeus1151/Y3T1/FRA333_LAB_HW/LAB4/install/doppelt_interfaces/share/doppelt_interfaces/cmake/doppelt_interfaces__rosidl_typesupport_introspection_cExport.cmake
[7.553s] -- Installing: /home/valdeus1151/Y3T1/FRA333_LAB_HW/LAB4/install/doppelt_interfaces/share/doppelt_interfaces/cmake/doppelt_interfaces__rosidl_typesupport_introspection_cExport-noconfig.cmake
[7.553s] -- Installing: /home/valdeus1151/Y3T1/FRA333_LAB_HW/LAB4/install/doppelt_interfaces/share/doppelt_interfaces/cmake/doppelt_interfaces__rosidl_typesupport_cExport.cmake
[7.554s] -- Installing: /home/valdeus1151/Y3T1/FRA333_LAB_HW/LAB4/install/doppelt_interfaces/share/doppelt_interfaces/cmake/doppelt_interfaces__rosidl_typesupport_cExport-noconfig.cmake
[7.554s] -- Installing: /home/valdeus1151/Y3T1/FRA333_LAB_HW/LAB4/install/doppelt_interfaces/share/doppelt_interfaces/cmake/doppelt_interfaces__rosidl_generator_cppExport.cmake
[7.554s] -- Installing: /home/valdeus1151/Y3T1/FRA333_LAB_HW/LAB4/install/doppelt_interfaces/share/doppelt_interfaces/cmake/doppelt_interfaces__rosidl_typesupport_introspection_cppExport.cmake
[7.554s] -- Installing: /home/valdeus1151/Y3T1/FRA333_LAB_HW/LAB4/install/doppelt_interfaces/share/doppelt_interfaces/cmake/doppelt_interfaces__rosidl_typesupport_introspection_cppExport-noconfig.cmake
[7.554s] -- Installing: /home/valdeus1151/Y3T1/FRA333_LAB_HW/LAB4/install/doppelt_interfaces/share/doppelt_interfaces/cmake/doppelt_interfaces__rosidl_typesupport_cppExport.cmake
[7.555s] -- Installing: /home/valdeus1151/Y3T1/FRA333_LAB_HW/LAB4/install/doppelt_interfaces/share/doppelt_interfaces/cmake/doppelt_interfaces__rosidl_typesupport_cppExport-noconfig.cmake
[7.561s] Invoked command in '/home/valdeus1151/Y3T1/FRA333_LAB_HW/LAB4/build/doppelt_interfaces' returned '0': CMAKE_PREFIX_PATH=${CMAKE_PREFIX_PATH}:/opt/ros/foxy /usr/bin/cmake --install /home/valdeus1151/Y3T1/FRA333_LAB_HW/LAB4/build/doppelt_interfaces
