[0.212s] DEBUG:colcon:Command line arguments: ['/usr/bin/colcon', 'build', '--symlink-install']
[0.212s] DEBUG:colcon:Parsed command line arguments: Namespace(allow_overriding=[], ament_cmake_args=None, base_paths=['.'], build_base='build', catkin_cmake_args=None, catkin_skip_building_tests=False, cmake_args=None, cmake_clean_cache=False, cmake_clean_first=False, cmake_force_configure=False, cmake_target=None, cmake_target_skip_unavailable=False, continue_on_error=False, event_handlers=None, executor='parallel', ignore_user_meta=False, install_base='install', log_base=None, log_level=None, main=<bound method BuildVerb.main of <colcon_core.verb.build.BuildVerb object at 0x7f436b9ab610>>, merge_install=False, metas=['./colcon.meta'], packages_above=None, packages_above_and_dependencies=None, packages_above_depth=None, packages_end=None, packages_ignore=None, packages_ignore_regex=None, packages_select=None, packages_select_build_failed=False, packages_select_by_dep=None, packages_select_regex=None, packages_select_test_failures=False, packages_skip=None, packages_skip_build_finished=False, packages_skip_by_dep=None, packages_skip_regex=None, packages_skip_test_passed=False, packages_skip_up_to=None, packages_start=None, packages_up_to=None, packages_up_to_regex=None, parallel_workers=12, paths=None, symlink_install=True, test_result_base=None, verb_extension=<colcon_core.verb.build.BuildVerb object at 0x7f436b9ab610>, verb_name='build', verb_parser=<colcon_defaults.argument_parser.defaults.DefaultArgumentsDecorator object at 0x7f436b9abb50>)
[0.256s] Level 1:colcon.colcon_core.package_discovery:discover_packages(colcon_meta) check parameters
[0.256s] Level 1:colcon.colcon_core.package_discovery:discover_packages(recursive) check parameters
[0.256s] Level 1:colcon.colcon_core.package_discovery:discover_packages(ignore) check parameters
[0.257s] Level 1:colcon.colcon_core.package_discovery:discover_packages(path) check parameters
[0.257s] Level 1:colcon.colcon_core.package_discovery:discover_packages(colcon_meta) discover
[0.257s] Level 1:colcon.colcon_core.package_discovery:discover_packages(recursive) discover
[0.257s] INFO:colcon.colcon_core.package_discovery:Crawling recursively for packages in '/home/valdeus1151/Y3T1/FRA333_LAB_HW/LAB4'
[0.257s] Level 1:colcon.colcon_core.package_identification:_identify(.) by extensions ['ignore', 'ignore_ament_install']
[0.257s] Level 1:colcon.colcon_core.package_identification:_identify(.) by extension 'ignore'
[0.257s] Level 1:colcon.colcon_core.package_identification:_identify(.) by extension 'ignore_ament_install'
[0.257s] Level 1:colcon.colcon_core.package_identification:_identify(.) by extensions ['colcon_pkg']
[0.257s] Level 1:colcon.colcon_core.package_identification:_identify(.) by extension 'colcon_pkg'
[0.257s] Level 1:colcon.colcon_core.package_identification:_identify(.) by extensions ['colcon_meta']
[0.257s] Level 1:colcon.colcon_core.package_identification:_identify(.) by extension 'colcon_meta'
[0.257s] Level 1:colcon.colcon_core.package_identification:_identify(.) by extensions ['ros']
[0.257s] Level 1:colcon.colcon_core.package_identification:_identify(.) by extension 'ros'
[0.271s] Level 1:colcon.colcon_core.package_identification:_identify(.) by extensions ['cmake', 'python']
[0.271s] Level 1:colcon.colcon_core.package_identification:_identify(.) by extension 'cmake'
[0.271s] Level 1:colcon.colcon_core.package_identification:_identify(.) by extension 'python'
[0.271s] Level 1:colcon.colcon_core.package_identification:_identify(.) by extensions ['python_setup_py']
[0.271s] Level 1:colcon.colcon_core.package_identification:_identify(.) by extension 'python_setup_py'
[0.271s] Level 1:colcon.colcon_core.package_identification:_identify(build) by extensions ['ignore', 'ignore_ament_install']
[0.271s] Level 1:colcon.colcon_core.package_identification:_identify(build) by extension 'ignore'
[0.271s] Level 1:colcon.colcon_core.package_identification:_identify(build) ignored
[0.272s] Level 1:colcon.colcon_core.package_identification:_identify(install) by extensions ['ignore', 'ignore_ament_install']
[0.272s] Level 1:colcon.colcon_core.package_identification:_identify(install) by extension 'ignore'
[0.272s] Level 1:colcon.colcon_core.package_identification:_identify(install) ignored
[0.272s] Level 1:colcon.colcon_core.package_identification:_identify(log) by extensions ['ignore', 'ignore_ament_install']
[0.272s] Level 1:colcon.colcon_core.package_identification:_identify(log) by extension 'ignore'
[0.272s] Level 1:colcon.colcon_core.package_identification:_identify(log) ignored
[0.272s] Level 1:colcon.colcon_core.package_identification:_identify(src) by extensions ['ignore', 'ignore_ament_install']
[0.272s] Level 1:colcon.colcon_core.package_identification:_identify(src) by extension 'ignore'
[0.272s] Level 1:colcon.colcon_core.package_identification:_identify(src) by extension 'ignore_ament_install'
[0.272s] Level 1:colcon.colcon_core.package_identification:_identify(src) by extensions ['colcon_pkg']
[0.272s] Level 1:colcon.colcon_core.package_identification:_identify(src) by extension 'colcon_pkg'
[0.272s] Level 1:colcon.colcon_core.package_identification:_identify(src) by extensions ['colcon_meta']
[0.273s] Level 1:colcon.colcon_core.package_identification:_identify(src) by extension 'colcon_meta'
[0.273s] Level 1:colcon.colcon_core.package_identification:_identify(src) by extensions ['ros']
[0.273s] Level 1:colcon.colcon_core.package_identification:_identify(src) by extension 'ros'
[0.273s] Level 1:colcon.colcon_core.package_identification:_identify(src) by extensions ['cmake', 'python']
[0.273s] Level 1:colcon.colcon_core.package_identification:_identify(src) by extension 'cmake'
[0.273s] Level 1:colcon.colcon_core.package_identification:_identify(src) by extension 'python'
[0.273s] Level 1:colcon.colcon_core.package_identification:_identify(src) by extensions ['python_setup_py']
[0.273s] Level 1:colcon.colcon_core.package_identification:_identify(src) by extension 'python_setup_py'
[0.273s] Level 1:colcon.colcon_core.package_identification:_identify(src/doc) by extensions ['ignore', 'ignore_ament_install']
[0.273s] Level 1:colcon.colcon_core.package_identification:_identify(src/doc) by extension 'ignore'
[0.273s] Level 1:colcon.colcon_core.package_identification:_identify(src/doc) by extension 'ignore_ament_install'
[0.273s] Level 1:colcon.colcon_core.package_identification:_identify(src/doc) by extensions ['colcon_pkg']
[0.273s] Level 1:colcon.colcon_core.package_identification:_identify(src/doc) by extension 'colcon_pkg'
[0.273s] Level 1:colcon.colcon_core.package_identification:_identify(src/doc) by extensions ['colcon_meta']
[0.274s] Level 1:colcon.colcon_core.package_identification:_identify(src/doc) by extension 'colcon_meta'
[0.274s] Level 1:colcon.colcon_core.package_identification:_identify(src/doc) by extensions ['ros']
[0.274s] Level 1:colcon.colcon_core.package_identification:_identify(src/doc) by extension 'ros'
[0.274s] Level 1:colcon.colcon_core.package_identification:_identify(src/doc) by extensions ['cmake', 'python']
[0.274s] Level 1:colcon.colcon_core.package_identification:_identify(src/doc) by extension 'cmake'
[0.274s] Level 1:colcon.colcon_core.package_identification:_identify(src/doc) by extension 'python'
[0.274s] Level 1:colcon.colcon_core.package_identification:_identify(src/doc) by extensions ['python_setup_py']
[0.274s] Level 1:colcon.colcon_core.package_identification:_identify(src/doc) by extension 'python_setup_py'
[0.274s] Level 1:colcon.colcon_core.package_identification:_identify(src/lab4_29) by extensions ['ignore', 'ignore_ament_install']
[0.274s] Level 1:colcon.colcon_core.package_identification:_identify(src/lab4_29) by extension 'ignore'
[0.274s] Level 1:colcon.colcon_core.package_identification:_identify(src/lab4_29) by extension 'ignore_ament_install'
[0.274s] Level 1:colcon.colcon_core.package_identification:_identify(src/lab4_29) by extensions ['colcon_pkg']
[0.274s] Level 1:colcon.colcon_core.package_identification:_identify(src/lab4_29) by extension 'colcon_pkg'
[0.274s] Level 1:colcon.colcon_core.package_identification:_identify(src/lab4_29) by extensions ['colcon_meta']
[0.274s] Level 1:colcon.colcon_core.package_identification:_identify(src/lab4_29) by extension 'colcon_meta'
[0.275s] Level 1:colcon.colcon_core.package_identification:_identify(src/lab4_29) by extensions ['ros']
[0.275s] Level 1:colcon.colcon_core.package_identification:_identify(src/lab4_29) by extension 'ros'
[0.275s] Level 1:colcon.colcon_core.package_identification:_identify(src/lab4_29) by extensions ['cmake', 'python']
[0.275s] Level 1:colcon.colcon_core.package_identification:_identify(src/lab4_29) by extension 'cmake'
[0.275s] Level 1:colcon.colcon_core.package_identification:_identify(src/lab4_29) by extension 'python'
[0.275s] Level 1:colcon.colcon_core.package_identification:_identify(src/lab4_29) by extensions ['python_setup_py']
[0.275s] Level 1:colcon.colcon_core.package_identification:_identify(src/lab4_29) by extension 'python_setup_py'
[0.275s] Level 1:colcon.colcon_core.package_identification:_identify(src/lab4_29/doppelt_control) by extensions ['ignore', 'ignore_ament_install']
[0.275s] Level 1:colcon.colcon_core.package_identification:_identify(src/lab4_29/doppelt_control) by extension 'ignore'
[0.275s] Level 1:colcon.colcon_core.package_identification:_identify(src/lab4_29/doppelt_control) by extension 'ignore_ament_install'
[0.275s] Level 1:colcon.colcon_core.package_identification:_identify(src/lab4_29/doppelt_control) by extensions ['colcon_pkg']
[0.275s] Level 1:colcon.colcon_core.package_identification:_identify(src/lab4_29/doppelt_control) by extension 'colcon_pkg'
[0.275s] Level 1:colcon.colcon_core.package_identification:_identify(src/lab4_29/doppelt_control) by extensions ['colcon_meta']
[0.275s] Level 1:colcon.colcon_core.package_identification:_identify(src/lab4_29/doppelt_control) by extension 'colcon_meta'
[0.275s] Level 1:colcon.colcon_core.package_identification:_identify(src/lab4_29/doppelt_control) by extensions ['ros']
[0.276s] Level 1:colcon.colcon_core.package_identification:_identify(src/lab4_29/doppelt_control) by extension 'ros'
[0.279s] DEBUG:colcon.colcon_core.package_identification:Package 'src/lab4_29/doppelt_control' with type 'ros.ament_cmake' and name 'doppelt_control'
[0.279s] Level 1:colcon.colcon_core.package_identification:_identify(src/lab4_29/doppelt_description) by extensions ['ignore', 'ignore_ament_install']
[0.279s] Level 1:colcon.colcon_core.package_identification:_identify(src/lab4_29/doppelt_description) by extension 'ignore'
[0.279s] Level 1:colcon.colcon_core.package_identification:_identify(src/lab4_29/doppelt_description) by extension 'ignore_ament_install'
[0.279s] Level 1:colcon.colcon_core.package_identification:_identify(src/lab4_29/doppelt_description) by extensions ['colcon_pkg']
[0.279s] Level 1:colcon.colcon_core.package_identification:_identify(src/lab4_29/doppelt_description) by extension 'colcon_pkg'
[0.279s] Level 1:colcon.colcon_core.package_identification:_identify(src/lab4_29/doppelt_description) by extensions ['colcon_meta']
[0.279s] Level 1:colcon.colcon_core.package_identification:_identify(src/lab4_29/doppelt_description) by extension 'colcon_meta'
[0.279s] Level 1:colcon.colcon_core.package_identification:_identify(src/lab4_29/doppelt_description) by extensions ['ros']
[0.279s] Level 1:colcon.colcon_core.package_identification:_identify(src/lab4_29/doppelt_description) by extension 'ros'
[0.280s] DEBUG:colcon.colcon_core.package_identification:Package 'src/lab4_29/doppelt_description' with type 'ros.ament_cmake' and name 'doppelt_description'
[0.280s] Level 1:colcon.colcon_core.package_identification:_identify(src/lab4_29/doppelt_interfaces) by extensions ['ignore', 'ignore_ament_install']
[0.280s] Level 1:colcon.colcon_core.package_identification:_identify(src/lab4_29/doppelt_interfaces) by extension 'ignore'
[0.281s] Level 1:colcon.colcon_core.package_identification:_identify(src/lab4_29/doppelt_interfaces) by extension 'ignore_ament_install'
[0.281s] Level 1:colcon.colcon_core.package_identification:_identify(src/lab4_29/doppelt_interfaces) by extensions ['colcon_pkg']
[0.281s] Level 1:colcon.colcon_core.package_identification:_identify(src/lab4_29/doppelt_interfaces) by extension 'colcon_pkg'
[0.281s] Level 1:colcon.colcon_core.package_identification:_identify(src/lab4_29/doppelt_interfaces) by extensions ['colcon_meta']
[0.281s] Level 1:colcon.colcon_core.package_identification:_identify(src/lab4_29/doppelt_interfaces) by extension 'colcon_meta'
[0.281s] Level 1:colcon.colcon_core.package_identification:_identify(src/lab4_29/doppelt_interfaces) by extensions ['ros']
[0.281s] Level 1:colcon.colcon_core.package_identification:_identify(src/lab4_29/doppelt_interfaces) by extension 'ros'
[0.283s] DEBUG:colcon.colcon_core.package_identification:Package 'src/lab4_29/doppelt_interfaces' with type 'ros.ament_cmake' and name 'doppelt_interfaces'
[0.283s] Level 1:colcon.colcon_core.package_identification:_identify(src/lab4_29/doppelt_kinematics) by extensions ['ignore', 'ignore_ament_install']
[0.283s] Level 1:colcon.colcon_core.package_identification:_identify(src/lab4_29/doppelt_kinematics) by extension 'ignore'
[0.283s] Level 1:colcon.colcon_core.package_identification:_identify(src/lab4_29/doppelt_kinematics) by extension 'ignore_ament_install'
[0.283s] Level 1:colcon.colcon_core.package_identification:_identify(src/lab4_29/doppelt_kinematics) by extensions ['colcon_pkg']
[0.283s] Level 1:colcon.colcon_core.package_identification:_identify(src/lab4_29/doppelt_kinematics) by extension 'colcon_pkg'
[0.283s] Level 1:colcon.colcon_core.package_identification:_identify(src/lab4_29/doppelt_kinematics) by extensions ['colcon_meta']
[0.283s] Level 1:colcon.colcon_core.package_identification:_identify(src/lab4_29/doppelt_kinematics) by extension 'colcon_meta'
[0.284s] Level 1:colcon.colcon_core.package_identification:_identify(src/lab4_29/doppelt_kinematics) by extensions ['ros']
[0.284s] Level 1:colcon.colcon_core.package_identification:_identify(src/lab4_29/doppelt_kinematics) by extension 'ros'
[0.285s] DEBUG:colcon.colcon_core.package_identification:Package 'src/lab4_29/doppelt_kinematics' with type 'ros.ament_cmake' and name 'doppelt_kinematics'
[0.285s] Level 1:colcon.colcon_core.package_discovery:discover_packages(recursive) using defaults
[0.285s] Level 1:colcon.colcon_core.package_discovery:discover_packages(ignore) discover
[0.285s] Level 1:colcon.colcon_core.package_discovery:discover_packages(ignore) using defaults
[0.285s] Level 1:colcon.colcon_core.package_discovery:discover_packages(path) discover
[0.285s] Level 1:colcon.colcon_core.package_discovery:discover_packages(path) using defaults
[0.326s] Level 1:colcon.colcon_core.package_discovery:discover_packages(prefix_path) check parameters
[0.326s] Level 1:colcon.colcon_core.package_discovery:discover_packages(prefix_path) discover
[0.332s] DEBUG:colcon.colcon_installed_package_information.package_discovery:Found 5 installed packages in /home/valdeus1151/Y3T1/FRA333_LAB_HW/LAB3/install
[0.334s] DEBUG:colcon.colcon_installed_package_information.package_discovery:Found 281 installed packages in /opt/ros/foxy
[0.336s] Level 1:colcon.colcon_core.package_discovery:discover_packages(prefix_path) using defaults
[0.455s] Level 5:colcon.colcon_core.verb:set package 'doppelt_control' build argument 'cmake_args' from command line to 'None'
[0.455s] Level 5:colcon.colcon_core.verb:set package 'doppelt_control' build argument 'cmake_target' from command line to 'None'
[0.455s] Level 5:colcon.colcon_core.verb:set package 'doppelt_control' build argument 'cmake_target_skip_unavailable' from command line to 'False'
[0.455s] Level 5:colcon.colcon_core.verb:set package 'doppelt_control' build argument 'cmake_clean_cache' from command line to 'False'
[0.455s] Level 5:colcon.colcon_core.verb:set package 'doppelt_control' build argument 'cmake_clean_first' from command line to 'False'
[0.455s] Level 5:colcon.colcon_core.verb:set package 'doppelt_control' build argument 'cmake_force_configure' from command line to 'False'
[0.455s] Level 5:colcon.colcon_core.verb:set package 'doppelt_control' build argument 'ament_cmake_args' from command line to 'None'
[0.455s] Level 5:colcon.colcon_core.verb:set package 'doppelt_control' build argument 'catkin_cmake_args' from command line to 'None'
[0.455s] Level 5:colcon.colcon_core.verb:set package 'doppelt_control' build argument 'catkin_skip_building_tests' from command line to 'False'
[0.455s] DEBUG:colcon.colcon_core.verb:Building package 'doppelt_control' with the following arguments: {'ament_cmake_args': None, 'build_base': '/home/valdeus1151/Y3T1/FRA333_LAB_HW/LAB4/build/doppelt_control', 'catkin_cmake_args': None, 'catkin_skip_building_tests': False, 'cmake_args': None, 'cmake_clean_cache': False, 'cmake_clean_first': False, 'cmake_force_configure': False, 'cmake_target': None, 'cmake_target_skip_unavailable': False, 'install_base': '/home/valdeus1151/Y3T1/FRA333_LAB_HW/LAB4/install/doppelt_control', 'merge_install': False, 'path': '/home/valdeus1151/Y3T1/FRA333_LAB_HW/LAB4/src/lab4_29/doppelt_control', 'symlink_install': True, 'test_result_base': None}
[0.457s] Level 5:colcon.colcon_core.verb:set package 'doppelt_description' build argument 'cmake_args' from command line to 'None'
[0.457s] Level 5:colcon.colcon_core.verb:set package 'doppelt_description' build argument 'cmake_target' from command line to 'None'
[0.457s] Level 5:colcon.colcon_core.verb:set package 'doppelt_description' build argument 'cmake_target_skip_unavailable' from command line to 'False'
[0.457s] Level 5:colcon.colcon_core.verb:set package 'doppelt_description' build argument 'cmake_clean_cache' from command line to 'False'
[0.457s] Level 5:colcon.colcon_core.verb:set package 'doppelt_description' build argument 'cmake_clean_first' from command line to 'False'
[0.457s] Level 5:colcon.colcon_core.verb:set package 'doppelt_description' build argument 'cmake_force_configure' from command line to 'False'
[0.457s] Level 5:colcon.colcon_core.verb:set package 'doppelt_description' build argument 'ament_cmake_args' from command line to 'None'
[0.457s] Level 5:colcon.colcon_core.verb:set package 'doppelt_description' build argument 'catkin_cmake_args' from command line to 'None'
[0.457s] Level 5:colcon.colcon_core.verb:set package 'doppelt_description' build argument 'catkin_skip_building_tests' from command line to 'False'
[0.457s] DEBUG:colcon.colcon_core.verb:Building package 'doppelt_description' with the following arguments: {'ament_cmake_args': None, 'build_base': '/home/valdeus1151/Y3T1/FRA333_LAB_HW/LAB4/build/doppelt_description', 'catkin_cmake_args': None, 'catkin_skip_building_tests': False, 'cmake_args': None, 'cmake_clean_cache': False, 'cmake_clean_first': False, 'cmake_force_configure': False, 'cmake_target': None, 'cmake_target_skip_unavailable': False, 'install_base': '/home/valdeus1151/Y3T1/FRA333_LAB_HW/LAB4/install/doppelt_description', 'merge_install': False, 'path': '/home/valdeus1151/Y3T1/FRA333_LAB_HW/LAB4/src/lab4_29/doppelt_description', 'symlink_install': True, 'test_result_base': None}
[0.458s] Level 5:colcon.colcon_core.verb:set package 'doppelt_interfaces' build argument 'cmake_args' from command line to 'None'
[0.458s] Level 5:colcon.colcon_core.verb:set package 'doppelt_interfaces' build argument 'cmake_target' from command line to 'None'
[0.458s] Level 5:colcon.colcon_core.verb:set package 'doppelt_interfaces' build argument 'cmake_target_skip_unavailable' from command line to 'False'
[0.458s] Level 5:colcon.colcon_core.verb:set package 'doppelt_interfaces' build argument 'cmake_clean_cache' from command line to 'False'
[0.458s] Level 5:colcon.colcon_core.verb:set package 'doppelt_interfaces' build argument 'cmake_clean_first' from command line to 'False'
[0.458s] Level 5:colcon.colcon_core.verb:set package 'doppelt_interfaces' build argument 'cmake_force_configure' from command line to 'False'
[0.458s] Level 5:colcon.colcon_core.verb:set package 'doppelt_interfaces' build argument 'ament_cmake_args' from command line to 'None'
[0.458s] Level 5:colcon.colcon_core.verb:set package 'doppelt_interfaces' build argument 'catkin_cmake_args' from command line to 'None'
[0.458s] Level 5:colcon.colcon_core.verb:set package 'doppelt_interfaces' build argument 'catkin_skip_building_tests' from command line to 'False'
[0.458s] DEBUG:colcon.colcon_core.verb:Building package 'doppelt_interfaces' with the following arguments: {'ament_cmake_args': None, 'build_base': '/home/valdeus1151/Y3T1/FRA333_LAB_HW/LAB4/build/doppelt_interfaces', 'catkin_cmake_args': None, 'catkin_skip_building_tests': False, 'cmake_args': None, 'cmake_clean_cache': False, 'cmake_clean_first': False, 'cmake_force_configure': False, 'cmake_target': None, 'cmake_target_skip_unavailable': False, 'install_base': '/home/valdeus1151/Y3T1/FRA333_LAB_HW/LAB4/install/doppelt_interfaces', 'merge_install': False, 'path': '/home/valdeus1151/Y3T1/FRA333_LAB_HW/LAB4/src/lab4_29/doppelt_interfaces', 'symlink_install': True, 'test_result_base': None}
[0.460s] Level 5:colcon.colcon_core.verb:set package 'doppelt_kinematics' build argument 'cmake_args' from command line to 'None'
[0.460s] Level 5:colcon.colcon_core.verb:set package 'doppelt_kinematics' build argument 'cmake_target' from command line to 'None'
[0.460s] Level 5:colcon.colcon_core.verb:set package 'doppelt_kinematics' build argument 'cmake_target_skip_unavailable' from command line to 'False'
[0.460s] Level 5:colcon.colcon_core.verb:set package 'doppelt_kinematics' build argument 'cmake_clean_cache' from command line to 'False'
[0.460s] Level 5:colcon.colcon_core.verb:set package 'doppelt_kinematics' build argument 'cmake_clean_first' from command line to 'False'
[0.460s] Level 5:colcon.colcon_core.verb:set package 'doppelt_kinematics' build argument 'cmake_force_configure' from command line to 'False'
[0.460s] Level 5:colcon.colcon_core.verb:set package 'doppelt_kinematics' build argument 'ament_cmake_args' from command line to 'None'
[0.460s] Level 5:colcon.colcon_core.verb:set package 'doppelt_kinematics' build argument 'catkin_cmake_args' from command line to 'None'
[0.460s] Level 5:colcon.colcon_core.verb:set package 'doppelt_kinematics' build argument 'catkin_skip_building_tests' from command line to 'False'
[0.460s] DEBUG:colcon.colcon_core.verb:Building package 'doppelt_kinematics' with the following arguments: {'ament_cmake_args': None, 'build_base': '/home/valdeus1151/Y3T1/FRA333_LAB_HW/LAB4/build/doppelt_kinematics', 'catkin_cmake_args': None, 'catkin_skip_building_tests': False, 'cmake_args': None, 'cmake_clean_cache': False, 'cmake_clean_first': False, 'cmake_force_configure': False, 'cmake_target': None, 'cmake_target_skip_unavailable': False, 'install_base': '/home/valdeus1151/Y3T1/FRA333_LAB_HW/LAB4/install/doppelt_kinematics', 'merge_install': False, 'path': '/home/valdeus1151/Y3T1/FRA333_LAB_HW/LAB4/src/lab4_29/doppelt_kinematics', 'symlink_install': True, 'test_result_base': None}
[0.461s] INFO:colcon.colcon_core.executor:Executing jobs using 'parallel' executor
[0.466s] DEBUG:colcon.colcon_parallel_executor.executor.parallel:run_until_complete
[0.466s] INFO:colcon.colcon_ros.task.ament_cmake.build:Building ROS package in '/home/valdeus1151/Y3T1/FRA333_LAB_HW/LAB4/src/lab4_29/doppelt_control' with build type 'ament_cmake'
[0.466s] INFO:colcon.colcon_cmake.task.cmake.build:Building CMake package in '/home/valdeus1151/Y3T1/FRA333_LAB_HW/LAB4/src/lab4_29/doppelt_control'
[0.475s] INFO:colcon.colcon_core.plugin_system:Skipping extension 'colcon_core.shell.bat': Not used on non-Windows systems
[0.476s] INFO:colcon.colcon_core.shell:Skip shell extension 'powershell' for command environment: Not usable outside of PowerShell
[0.476s] DEBUG:colcon.colcon_core.shell:Skip shell extension 'dsv' for command environment
[0.484s] INFO:colcon.colcon_ros.task.ament_cmake.build:Building ROS package in '/home/valdeus1151/Y3T1/FRA333_LAB_HW/LAB4/src/lab4_29/doppelt_description' with build type 'ament_cmake'
[0.484s] INFO:colcon.colcon_cmake.task.cmake.build:Building CMake package in '/home/valdeus1151/Y3T1/FRA333_LAB_HW/LAB4/src/lab4_29/doppelt_description'
[0.487s] INFO:colcon.colcon_core.shell:Skip shell extension 'powershell' for command environment: Not usable outside of PowerShell
[0.487s] DEBUG:colcon.colcon_core.shell:Skip shell extension 'dsv' for command environment
[0.496s] INFO:colcon.colcon_ros.task.ament_cmake.build:Building ROS package in '/home/valdeus1151/Y3T1/FRA333_LAB_HW/LAB4/src/lab4_29/doppelt_interfaces' with build type 'ament_cmake'
[0.496s] INFO:colcon.colcon_cmake.task.cmake.build:Building CMake package in '/home/valdeus1151/Y3T1/FRA333_LAB_HW/LAB4/src/lab4_29/doppelt_interfaces'
[0.498s] INFO:colcon.colcon_core.shell:Skip shell extension 'powershell' for command environment: Not usable outside of PowerShell
[0.499s] DEBUG:colcon.colcon_core.shell:Skip shell extension 'dsv' for command environment
[0.508s] INFO:colcon.colcon_ros.task.ament_cmake.build:Building ROS package in '/home/valdeus1151/Y3T1/FRA333_LAB_HW/LAB4/src/lab4_29/doppelt_kinematics' with build type 'ament_cmake'
[0.508s] INFO:colcon.colcon_cmake.task.cmake.build:Building CMake package in '/home/valdeus1151/Y3T1/FRA333_LAB_HW/LAB4/src/lab4_29/doppelt_kinematics'
[0.510s] INFO:colcon.colcon_core.shell:Skip shell extension 'powershell' for command environment: Not usable outside of PowerShell
[0.510s] DEBUG:colcon.colcon_core.shell:Skip shell extension 'dsv' for command environment
[0.525s] DEBUG:colcon.colcon_core.event_handler.log_command:Invoking command in '/home/valdeus1151/Y3T1/FRA333_LAB_HW/LAB4/build/doppelt_control': CMAKE_PREFIX_PATH=${CMAKE_PREFIX_PATH}:/opt/ros/foxy /usr/bin/cmake /home/valdeus1151/Y3T1/FRA333_LAB_HW/LAB4/src/lab4_29/doppelt_control -DAMENT_CMAKE_SYMLINK_INSTALL=1 -DCMAKE_INSTALL_PREFIX=/home/valdeus1151/Y3T1/FRA333_LAB_HW/LAB4/install/doppelt_control
[0.537s] DEBUG:colcon.colcon_core.event_handler.log_command:Invoking command in '/home/valdeus1151/Y3T1/FRA333_LAB_HW/LAB4/build/doppelt_description': CMAKE_PREFIX_PATH=${CMAKE_PREFIX_PATH}:/opt/ros/foxy /usr/bin/cmake /home/valdeus1151/Y3T1/FRA333_LAB_HW/LAB4/src/lab4_29/doppelt_description -DAMENT_CMAKE_SYMLINK_INSTALL=1 -DCMAKE_INSTALL_PREFIX=/home/valdeus1151/Y3T1/FRA333_LAB_HW/LAB4/install/doppelt_description
[0.543s] DEBUG:colcon.colcon_core.event_handler.log_command:Invoking command in '/home/valdeus1151/Y3T1/FRA333_LAB_HW/LAB4/build/doppelt_interfaces': CMAKE_PREFIX_PATH=${CMAKE_PREFIX_PATH}:/opt/ros/foxy /usr/bin/cmake /home/valdeus1151/Y3T1/FRA333_LAB_HW/LAB4/src/lab4_29/doppelt_interfaces -DAMENT_CMAKE_SYMLINK_INSTALL=1 -DCMAKE_INSTALL_PREFIX=/home/valdeus1151/Y3T1/FRA333_LAB_HW/LAB4/install/doppelt_interfaces
[0.546s] DEBUG:colcon.colcon_core.event_handler.log_command:Invoking command in '/home/valdeus1151/Y3T1/FRA333_LAB_HW/LAB4/build/doppelt_kinematics': CMAKE_PREFIX_PATH=${CMAKE_PREFIX_PATH}:/opt/ros/foxy /usr/bin/cmake /home/valdeus1151/Y3T1/FRA333_LAB_HW/LAB4/src/lab4_29/doppelt_kinematics -DAMENT_CMAKE_SYMLINK_INSTALL=1 -DCMAKE_INSTALL_PREFIX=/home/valdeus1151/Y3T1/FRA333_LAB_HW/LAB4/install/doppelt_kinematics
[3.553s] DEBUG:colcon.colcon_core.event_handler.log_command:Invoked command in '/home/valdeus1151/Y3T1/FRA333_LAB_HW/LAB4/build/doppelt_control' returned '0': CMAKE_PREFIX_PATH=${CMAKE_PREFIX_PATH}:/opt/ros/foxy /usr/bin/cmake /home/valdeus1151/Y3T1/FRA333_LAB_HW/LAB4/src/lab4_29/doppelt_control -DAMENT_CMAKE_SYMLINK_INSTALL=1 -DCMAKE_INSTALL_PREFIX=/home/valdeus1151/Y3T1/FRA333_LAB_HW/LAB4/install/doppelt_control
[3.558s] DEBUG:colcon.colcon_core.event_handler.log_command:Invoking command in '/home/valdeus1151/Y3T1/FRA333_LAB_HW/LAB4/build/doppelt_control': CMAKE_PREFIX_PATH=${CMAKE_PREFIX_PATH}:/opt/ros/foxy /usr/bin/cmake --build /home/valdeus1151/Y3T1/FRA333_LAB_HW/LAB4/build/doppelt_control -- -j12 -l12
[3.599s] DEBUG:colcon.colcon_core.event_handler.log_command:Invoked command in '/home/valdeus1151/Y3T1/FRA333_LAB_HW/LAB4/build/doppelt_description' returned '0': CMAKE_PREFIX_PATH=${CMAKE_PREFIX_PATH}:/opt/ros/foxy /usr/bin/cmake /home/valdeus1151/Y3T1/FRA333_LAB_HW/LAB4/src/lab4_29/doppelt_description -DAMENT_CMAKE_SYMLINK_INSTALL=1 -DCMAKE_INSTALL_PREFIX=/home/valdeus1151/Y3T1/FRA333_LAB_HW/LAB4/install/doppelt_description
[3.606s] DEBUG:colcon.colcon_core.event_handler.log_command:Invoking command in '/home/valdeus1151/Y3T1/FRA333_LAB_HW/LAB4/build/doppelt_description': CMAKE_PREFIX_PATH=${CMAKE_PREFIX_PATH}:/opt/ros/foxy /usr/bin/cmake --build /home/valdeus1151/Y3T1/FRA333_LAB_HW/LAB4/build/doppelt_description -- -j12 -l12
[3.628s] DEBUG:colcon.colcon_core.event_handler.log_command:Invoked command in '/home/valdeus1151/Y3T1/FRA333_LAB_HW/LAB4/build/doppelt_control' returned '0': CMAKE_PREFIX_PATH=${CMAKE_PREFIX_PATH}:/opt/ros/foxy /usr/bin/cmake --build /home/valdeus1151/Y3T1/FRA333_LAB_HW/LAB4/build/doppelt_control -- -j12 -l12
[3.644s] DEBUG:colcon.colcon_core.event_handler.log_command:Invoked command in '/home/valdeus1151/Y3T1/FRA333_LAB_HW/LAB4/build/doppelt_kinematics' returned '0': CMAKE_PREFIX_PATH=${CMAKE_PREFIX_PATH}:/opt/ros/foxy /usr/bin/cmake /home/valdeus1151/Y3T1/FRA333_LAB_HW/LAB4/src/lab4_29/doppelt_kinematics -DAMENT_CMAKE_SYMLINK_INSTALL=1 -DCMAKE_INSTALL_PREFIX=/home/valdeus1151/Y3T1/FRA333_LAB_HW/LAB4/install/doppelt_kinematics
[3.648s] DEBUG:colcon.colcon_core.event_handler.log_command:Invoking command in '/home/valdeus1151/Y3T1/FRA333_LAB_HW/LAB4/build/doppelt_kinematics': CMAKE_PREFIX_PATH=${CMAKE_PREFIX_PATH}:/opt/ros/foxy /usr/bin/cmake --build /home/valdeus1151/Y3T1/FRA333_LAB_HW/LAB4/build/doppelt_kinematics -- -j12 -l12
[3.688s] DEBUG:colcon.colcon_core.event_handler.log_command:Invoking command in '/home/valdeus1151/Y3T1/FRA333_LAB_HW/LAB4/build/doppelt_control': CMAKE_PREFIX_PATH=${CMAKE_PREFIX_PATH}:/opt/ros/foxy /usr/bin/cmake --install /home/valdeus1151/Y3T1/FRA333_LAB_HW/LAB4/build/doppelt_control
[3.692s] DEBUG:colcon.colcon_core.event_handler.log_command:Invoked command in '/home/valdeus1151/Y3T1/FRA333_LAB_HW/LAB4/build/doppelt_description' returned '0': CMAKE_PREFIX_PATH=${CMAKE_PREFIX_PATH}:/opt/ros/foxy /usr/bin/cmake --build /home/valdeus1151/Y3T1/FRA333_LAB_HW/LAB4/build/doppelt_description -- -j12 -l12
[3.718s] DEBUG:colcon.colcon_core.event_handler.log_command:Invoked command in '/home/valdeus1151/Y3T1/FRA333_LAB_HW/LAB4/build/doppelt_kinematics' returned '0': CMAKE_PREFIX_PATH=${CMAKE_PREFIX_PATH}:/opt/ros/foxy /usr/bin/cmake --build /home/valdeus1151/Y3T1/FRA333_LAB_HW/LAB4/build/doppelt_kinematics -- -j12 -l12
[3.733s] DEBUG:colcon.colcon_core.event_handler.log_command:Invoking command in '/home/valdeus1151/Y3T1/FRA333_LAB_HW/LAB4/build/doppelt_description': CMAKE_PREFIX_PATH=${CMAKE_PREFIX_PATH}:/opt/ros/foxy /usr/bin/cmake --install /home/valdeus1151/Y3T1/FRA333_LAB_HW/LAB4/build/doppelt_description
[3.761s] DEBUG:colcon.colcon_core.event_handler.log_command:Invoking command in '/home/valdeus1151/Y3T1/FRA333_LAB_HW/LAB4/build/doppelt_kinematics': CMAKE_PREFIX_PATH=${CMAKE_PREFIX_PATH}:/opt/ros/foxy /usr/bin/cmake --install /home/valdeus1151/Y3T1/FRA333_LAB_HW/LAB4/build/doppelt_kinematics
[3.873s] DEBUG:colcon.colcon_core.event_handler.log_command:Invoked command in '/home/valdeus1151/Y3T1/FRA333_LAB_HW/LAB4/build/doppelt_interfaces' returned '0': CMAKE_PREFIX_PATH=${CMAKE_PREFIX_PATH}:/opt/ros/foxy /usr/bin/cmake /home/valdeus1151/Y3T1/FRA333_LAB_HW/LAB4/src/lab4_29/doppelt_interfaces -DAMENT_CMAKE_SYMLINK_INSTALL=1 -DCMAKE_INSTALL_PREFIX=/home/valdeus1151/Y3T1/FRA333_LAB_HW/LAB4/install/doppelt_interfaces
[3.879s] DEBUG:colcon.colcon_core.event_handler.log_command:Invoking command in '/home/valdeus1151/Y3T1/FRA333_LAB_HW/LAB4/build/doppelt_interfaces': CMAKE_PREFIX_PATH=${CMAKE_PREFIX_PATH}:/opt/ros/foxy /usr/bin/cmake --build /home/valdeus1151/Y3T1/FRA333_LAB_HW/LAB4/build/doppelt_interfaces -- -j12 -l12
[4.267s] Level 1:colcon.colcon_core.environment:create_environment_scripts_only(doppelt_control)
[4.268s] DEBUG:colcon.colcon_core.event_handler.log_command:Invoked command in '/home/valdeus1151/Y3T1/FRA333_LAB_HW/LAB4/build/doppelt_control' returned '0': CMAKE_PREFIX_PATH=${CMAKE_PREFIX_PATH}:/opt/ros/foxy /usr/bin/cmake --install /home/valdeus1151/Y3T1/FRA333_LAB_HW/LAB4/build/doppelt_control
[4.289s] Level 1:colcon.colcon_core.environment:checking '/home/valdeus1151/Y3T1/FRA333_LAB_HW/LAB4/install/doppelt_control' for CMake module files
[4.290s] Level 1:colcon.colcon_core.environment:checking '/home/valdeus1151/Y3T1/FRA333_LAB_HW/LAB4/install/doppelt_control' for CMake config files
[4.290s] Level 1:colcon.colcon_core.shell:create_environment_hook('doppelt_control', 'cmake_prefix_path')
[4.293s] INFO:colcon.colcon_core.shell:Creating environment hook '/home/valdeus1151/Y3T1/FRA333_LAB_HW/LAB4/install/doppelt_control/share/doppelt_control/hook/cmake_prefix_path.ps1'
[4.295s] INFO:colcon.colcon_core.shell:Creating environment descriptor '/home/valdeus1151/Y3T1/FRA333_LAB_HW/LAB4/install/doppelt_control/share/doppelt_control/hook/cmake_prefix_path.dsv'
[4.297s] INFO:colcon.colcon_core.shell:Creating environment hook '/home/valdeus1151/Y3T1/FRA333_LAB_HW/LAB4/install/doppelt_control/share/doppelt_control/hook/cmake_prefix_path.sh'
[4.300s] Level 1:colcon.colcon_core.environment:checking '/home/valdeus1151/Y3T1/FRA333_LAB_HW/LAB4/install/doppelt_control/lib'
[4.301s] Level 1:colcon.colcon_core.environment:checking '/home/valdeus1151/Y3T1/FRA333_LAB_HW/LAB4/install/doppelt_control/bin'
[4.301s] Level 1:colcon.colcon_core.environment:checking '/home/valdeus1151/Y3T1/FRA333_LAB_HW/LAB4/install/doppelt_control/lib/pkgconfig/doppelt_control.pc'
[4.301s] Level 1:colcon.colcon_core.environment:checking '/home/valdeus1151/Y3T1/FRA333_LAB_HW/LAB4/install/doppelt_control/lib/python3.8/site-packages'
[4.302s] Level 1:colcon.colcon_core.shell:create_environment_hook('doppelt_control', 'pythonpath')
[4.304s] INFO:colcon.colcon_core.shell:Creating environment hook '/home/valdeus1151/Y3T1/FRA333_LAB_HW/LAB4/install/doppelt_control/share/doppelt_control/hook/pythonpath.ps1'
[4.305s] INFO:colcon.colcon_core.shell:Creating environment descriptor '/home/valdeus1151/Y3T1/FRA333_LAB_HW/LAB4/install/doppelt_control/share/doppelt_control/hook/pythonpath.dsv'
[4.306s] INFO:colcon.colcon_core.shell:Creating environment hook '/home/valdeus1151/Y3T1/FRA333_LAB_HW/LAB4/install/doppelt_control/share/doppelt_control/hook/pythonpath.sh'
[4.306s] Level 1:colcon.colcon_core.environment:checking '/home/valdeus1151/Y3T1/FRA333_LAB_HW/LAB4/install/doppelt_control/bin'
[4.310s] INFO:colcon.colcon_core.shell:Creating package script '/home/valdeus1151/Y3T1/FRA333_LAB_HW/LAB4/install/doppelt_control/share/doppelt_control/package.ps1'
[4.314s] INFO:colcon.colcon_core.shell:Creating package descriptor '/home/valdeus1151/Y3T1/FRA333_LAB_HW/LAB4/install/doppelt_control/share/doppelt_control/package.dsv'
[4.316s] INFO:colcon.colcon_core.shell:Creating package script '/home/valdeus1151/Y3T1/FRA333_LAB_HW/LAB4/install/doppelt_control/share/doppelt_control/package.sh'
[4.318s] INFO:colcon.colcon_core.shell:Creating package script '/home/valdeus1151/Y3T1/FRA333_LAB_HW/LAB4/install/doppelt_control/share/doppelt_control/package.bash'
[4.321s] INFO:colcon.colcon_core.shell:Creating package script '/home/valdeus1151/Y3T1/FRA333_LAB_HW/LAB4/install/doppelt_control/share/doppelt_control/package.zsh'
[4.322s] Level 1:colcon.colcon_core.environment:create_file_with_runtime_dependencies(/home/valdeus1151/Y3T1/FRA333_LAB_HW/LAB4/install/doppelt_control/share/colcon-core/packages/doppelt_control)
[4.329s] Level 1:colcon.colcon_core.environment:create_environment_scripts_only(doppelt_kinematics)
[4.334s] Level 1:colcon.colcon_core.environment:checking '/home/valdeus1151/Y3T1/FRA333_LAB_HW/LAB4/install/doppelt_kinematics' for CMake module files
[4.335s] DEBUG:colcon.colcon_core.event_handler.log_command:Invoked command in '/home/valdeus1151/Y3T1/FRA333_LAB_HW/LAB4/build/doppelt_kinematics' returned '0': CMAKE_PREFIX_PATH=${CMAKE_PREFIX_PATH}:/opt/ros/foxy /usr/bin/cmake --install /home/valdeus1151/Y3T1/FRA333_LAB_HW/LAB4/build/doppelt_kinematics
[4.336s] Level 1:colcon.colcon_core.environment:checking '/home/valdeus1151/Y3T1/FRA333_LAB_HW/LAB4/install/doppelt_kinematics' for CMake config files
[4.337s] Level 1:colcon.colcon_core.shell:create_environment_hook('doppelt_kinematics', 'cmake_prefix_path')
[4.339s] INFO:colcon.colcon_core.shell:Creating environment hook '/home/valdeus1151/Y3T1/FRA333_LAB_HW/LAB4/install/doppelt_kinematics/share/doppelt_kinematics/hook/cmake_prefix_path.ps1'
[4.340s] INFO:colcon.colcon_core.shell:Creating environment descriptor '/home/valdeus1151/Y3T1/FRA333_LAB_HW/LAB4/install/doppelt_kinematics/share/doppelt_kinematics/hook/cmake_prefix_path.dsv'
[4.341s] INFO:colcon.colcon_core.shell:Creating environment hook '/home/valdeus1151/Y3T1/FRA333_LAB_HW/LAB4/install/doppelt_kinematics/share/doppelt_kinematics/hook/cmake_prefix_path.sh'
[4.342s] Level 1:colcon.colcon_core.environment:checking '/home/valdeus1151/Y3T1/FRA333_LAB_HW/LAB4/install/doppelt_kinematics/lib'
[4.342s] Level 1:colcon.colcon_core.environment:checking '/home/valdeus1151/Y3T1/FRA333_LAB_HW/LAB4/install/doppelt_kinematics/bin'
[4.342s] Level 1:colcon.colcon_core.environment:checking '/home/valdeus1151/Y3T1/FRA333_LAB_HW/LAB4/install/doppelt_kinematics/lib/pkgconfig/doppelt_kinematics.pc'
[4.342s] Level 1:colcon.colcon_core.environment:checking '/home/valdeus1151/Y3T1/FRA333_LAB_HW/LAB4/install/doppelt_kinematics/lib/python3.8/site-packages'
[4.343s] Level 1:colcon.colcon_core.shell:create_environment_hook('doppelt_kinematics', 'pythonpath')
[4.345s] INFO:colcon.colcon_core.shell:Creating environment hook '/home/valdeus1151/Y3T1/FRA333_LAB_HW/LAB4/install/doppelt_kinematics/share/doppelt_kinematics/hook/pythonpath.ps1'
[4.347s] INFO:colcon.colcon_core.shell:Creating environment descriptor '/home/valdeus1151/Y3T1/FRA333_LAB_HW/LAB4/install/doppelt_kinematics/share/doppelt_kinematics/hook/pythonpath.dsv'
[4.348s] INFO:colcon.colcon_core.shell:Creating environment hook '/home/valdeus1151/Y3T1/FRA333_LAB_HW/LAB4/install/doppelt_kinematics/share/doppelt_kinematics/hook/pythonpath.sh'
[4.349s] Level 1:colcon.colcon_core.environment:checking '/home/valdeus1151/Y3T1/FRA333_LAB_HW/LAB4/install/doppelt_kinematics/bin'
[4.353s] INFO:colcon.colcon_core.shell:Creating package script '/home/valdeus1151/Y3T1/FRA333_LAB_HW/LAB4/install/doppelt_kinematics/share/doppelt_kinematics/package.ps1'
[4.354s] INFO:colcon.colcon_core.shell:Creating package descriptor '/home/valdeus1151/Y3T1/FRA333_LAB_HW/LAB4/install/doppelt_kinematics/share/doppelt_kinematics/package.dsv'
[4.354s] INFO:colcon.colcon_core.shell:Creating package script '/home/valdeus1151/Y3T1/FRA333_LAB_HW/LAB4/install/doppelt_kinematics/share/doppelt_kinematics/package.sh'
[4.355s] INFO:colcon.colcon_core.shell:Creating package script '/home/valdeus1151/Y3T1/FRA333_LAB_HW/LAB4/install/doppelt_kinematics/share/doppelt_kinematics/package.bash'
[4.356s] INFO:colcon.colcon_core.shell:Creating package script '/home/valdeus1151/Y3T1/FRA333_LAB_HW/LAB4/install/doppelt_kinematics/share/doppelt_kinematics/package.zsh'
[4.356s] Level 1:colcon.colcon_core.environment:create_file_with_runtime_dependencies(/home/valdeus1151/Y3T1/FRA333_LAB_HW/LAB4/install/doppelt_kinematics/share/colcon-core/packages/doppelt_kinematics)
[4.363s] Level 1:colcon.colcon_core.environment:create_environment_scripts_only(doppelt_description)
[4.370s] DEBUG:colcon.colcon_core.event_handler.log_command:Invoked command in '/home/valdeus1151/Y3T1/FRA333_LAB_HW/LAB4/build/doppelt_description' returned '0': CMAKE_PREFIX_PATH=${CMAKE_PREFIX_PATH}:/opt/ros/foxy /usr/bin/cmake --install /home/valdeus1151/Y3T1/FRA333_LAB_HW/LAB4/build/doppelt_description
[4.371s] Level 1:colcon.colcon_core.environment:checking '/home/valdeus1151/Y3T1/FRA333_LAB_HW/LAB4/install/doppelt_description' for CMake module files
[4.372s] Level 1:colcon.colcon_core.environment:checking '/home/valdeus1151/Y3T1/FRA333_LAB_HW/LAB4/install/doppelt_description' for CMake config files
[4.374s] Level 1:colcon.colcon_core.shell:create_environment_hook('doppelt_description', 'cmake_prefix_path')
[4.377s] INFO:colcon.colcon_core.shell:Creating environment hook '/home/valdeus1151/Y3T1/FRA333_LAB_HW/LAB4/install/doppelt_description/share/doppelt_description/hook/cmake_prefix_path.ps1'
[4.379s] INFO:colcon.colcon_core.shell:Creating environment descriptor '/home/valdeus1151/Y3T1/FRA333_LAB_HW/LAB4/install/doppelt_description/share/doppelt_description/hook/cmake_prefix_path.dsv'
[4.379s] INFO:colcon.colcon_core.shell:Creating environment hook '/home/valdeus1151/Y3T1/FRA333_LAB_HW/LAB4/install/doppelt_description/share/doppelt_description/hook/cmake_prefix_path.sh'
[4.380s] Level 1:colcon.colcon_core.environment:checking '/home/valdeus1151/Y3T1/FRA333_LAB_HW/LAB4/install/doppelt_description/lib'
[4.380s] Level 1:colcon.colcon_core.environment:checking '/home/valdeus1151/Y3T1/FRA333_LAB_HW/LAB4/install/doppelt_description/bin'
[4.380s] Level 1:colcon.colcon_core.environment:checking '/home/valdeus1151/Y3T1/FRA333_LAB_HW/LAB4/install/doppelt_description/lib/pkgconfig/doppelt_description.pc'
[4.381s] Level 1:colcon.colcon_core.environment:checking '/home/valdeus1151/Y3T1/FRA333_LAB_HW/LAB4/install/doppelt_description/lib/python3.8/site-packages'
[4.381s] Level 1:colcon.colcon_core.shell:create_environment_hook('doppelt_description', 'pythonpath')
[4.384s] INFO:colcon.colcon_core.shell:Creating environment hook '/home/valdeus1151/Y3T1/FRA333_LAB_HW/LAB4/install/doppelt_description/share/doppelt_description/hook/pythonpath.ps1'
[4.384s] INFO:colcon.colcon_core.shell:Creating environment descriptor '/home/valdeus1151/Y3T1/FRA333_LAB_HW/LAB4/install/doppelt_description/share/doppelt_description/hook/pythonpath.dsv'
[4.385s] INFO:colcon.colcon_core.shell:Creating environment hook '/home/valdeus1151/Y3T1/FRA333_LAB_HW/LAB4/install/doppelt_description/share/doppelt_description/hook/pythonpath.sh'
[4.386s] Level 1:colcon.colcon_core.environment:checking '/home/valdeus1151/Y3T1/FRA333_LAB_HW/LAB4/install/doppelt_description/bin'
[4.389s] INFO:colcon.colcon_core.shell:Creating package script '/home/valdeus1151/Y3T1/FRA333_LAB_HW/LAB4/install/doppelt_description/share/doppelt_description/package.ps1'
[4.390s] INFO:colcon.colcon_core.shell:Creating package descriptor '/home/valdeus1151/Y3T1/FRA333_LAB_HW/LAB4/install/doppelt_description/share/doppelt_description/package.dsv'
[4.391s] INFO:colcon.colcon_core.shell:Creating package script '/home/valdeus1151/Y3T1/FRA333_LAB_HW/LAB4/install/doppelt_description/share/doppelt_description/package.sh'
[4.392s] INFO:colcon.colcon_core.shell:Creating package script '/home/valdeus1151/Y3T1/FRA333_LAB_HW/LAB4/install/doppelt_description/share/doppelt_description/package.bash'
[4.392s] INFO:colcon.colcon_core.shell:Creating package script '/home/valdeus1151/Y3T1/FRA333_LAB_HW/LAB4/install/doppelt_description/share/doppelt_description/package.zsh'
[4.393s] Level 1:colcon.colcon_core.environment:create_file_with_runtime_dependencies(/home/valdeus1151/Y3T1/FRA333_LAB_HW/LAB4/install/doppelt_description/share/colcon-core/packages/doppelt_description)
[4.403s] Level 1:colcon.colcon_core.environment:create_environment_scripts_only(doppelt_control)
[4.407s] Level 1:colcon.colcon_core.environment:checking '/home/valdeus1151/Y3T1/FRA333_LAB_HW/LAB4/install/doppelt_control' for CMake module files
[4.408s] Level 1:colcon.colcon_core.environment:checking '/home/valdeus1151/Y3T1/FRA333_LAB_HW/LAB4/install/doppelt_control' for CMake config files
[4.409s] Level 1:colcon.colcon_core.shell:create_environment_hook('doppelt_control', 'cmake_prefix_path')
[4.411s] INFO:colcon.colcon_core.shell:Creating environment hook '/home/valdeus1151/Y3T1/FRA333_LAB_HW/LAB4/install/doppelt_control/share/doppelt_control/hook/cmake_prefix_path.ps1'
[4.412s] INFO:colcon.colcon_core.shell:Creating environment descriptor '/home/valdeus1151/Y3T1/FRA333_LAB_HW/LAB4/install/doppelt_control/share/doppelt_control/hook/cmake_prefix_path.dsv'
[4.413s] INFO:colcon.colcon_core.shell:Creating environment hook '/home/valdeus1151/Y3T1/FRA333_LAB_HW/LAB4/install/doppelt_control/share/doppelt_control/hook/cmake_prefix_path.sh'
[4.414s] Level 1:colcon.colcon_core.environment:checking '/home/valdeus1151/Y3T1/FRA333_LAB_HW/LAB4/install/doppelt_control/lib'
[4.414s] Level 1:colcon.colcon_core.environment:checking '/home/valdeus1151/Y3T1/FRA333_LAB_HW/LAB4/install/doppelt_control/bin'
[4.414s] Level 1:colcon.colcon_core.environment:checking '/home/valdeus1151/Y3T1/FRA333_LAB_HW/LAB4/install/doppelt_control/lib/pkgconfig/doppelt_control.pc'
[4.415s] Level 1:colcon.colcon_core.environment:checking '/home/valdeus1151/Y3T1/FRA333_LAB_HW/LAB4/install/doppelt_control/lib/python3.8/site-packages'
[4.415s] Level 1:colcon.colcon_core.shell:create_environment_hook('doppelt_control', 'pythonpath')
[4.418s] INFO:colcon.colcon_core.shell:Creating environment hook '/home/valdeus1151/Y3T1/FRA333_LAB_HW/LAB4/install/doppelt_control/share/doppelt_control/hook/pythonpath.ps1'
[4.419s] INFO:colcon.colcon_core.shell:Creating environment descriptor '/home/valdeus1151/Y3T1/FRA333_LAB_HW/LAB4/install/doppelt_control/share/doppelt_control/hook/pythonpath.dsv'
[4.419s] INFO:colcon.colcon_core.shell:Creating environment hook '/home/valdeus1151/Y3T1/FRA333_LAB_HW/LAB4/install/doppelt_control/share/doppelt_control/hook/pythonpath.sh'
[4.420s] Level 1:colcon.colcon_core.environment:checking '/home/valdeus1151/Y3T1/FRA333_LAB_HW/LAB4/install/doppelt_control/bin'
[4.423s] INFO:colcon.colcon_core.shell:Creating package script '/home/valdeus1151/Y3T1/FRA333_LAB_HW/LAB4/install/doppelt_control/share/doppelt_control/package.ps1'
[4.424s] INFO:colcon.colcon_core.shell:Creating package descriptor '/home/valdeus1151/Y3T1/FRA333_LAB_HW/LAB4/install/doppelt_control/share/doppelt_control/package.dsv'
[4.425s] INFO:colcon.colcon_core.shell:Creating package script '/home/valdeus1151/Y3T1/FRA333_LAB_HW/LAB4/install/doppelt_control/share/doppelt_control/package.sh'
[4.426s] INFO:colcon.colcon_core.shell:Creating package script '/home/valdeus1151/Y3T1/FRA333_LAB_HW/LAB4/install/doppelt_control/share/doppelt_control/package.bash'
[4.426s] INFO:colcon.colcon_core.shell:Creating package script '/home/valdeus1151/Y3T1/FRA333_LAB_HW/LAB4/install/doppelt_control/share/doppelt_control/package.zsh'
[4.427s] Level 1:colcon.colcon_core.environment:create_file_with_runtime_dependencies(/home/valdeus1151/Y3T1/FRA333_LAB_HW/LAB4/install/doppelt_control/share/colcon-core/packages/doppelt_control)
[4.430s] Level 1:colcon.colcon_core.environment:create_environment_scripts_only(doppelt_kinematics)
[4.434s] Level 1:colcon.colcon_core.environment:checking '/home/valdeus1151/Y3T1/FRA333_LAB_HW/LAB4/install/doppelt_kinematics' for CMake module files
[4.437s] Level 1:colcon.colcon_core.environment:checking '/home/valdeus1151/Y3T1/FRA333_LAB_HW/LAB4/install/doppelt_kinematics' for CMake config files
[4.438s] Level 1:colcon.colcon_core.shell:create_environment_hook('doppelt_kinematics', 'cmake_prefix_path')
[4.441s] INFO:colcon.colcon_core.shell:Creating environment hook '/home/valdeus1151/Y3T1/FRA333_LAB_HW/LAB4/install/doppelt_kinematics/share/doppelt_kinematics/hook/cmake_prefix_path.ps1'
[4.442s] INFO:colcon.colcon_core.shell:Creating environment descriptor '/home/valdeus1151/Y3T1/FRA333_LAB_HW/LAB4/install/doppelt_kinematics/share/doppelt_kinematics/hook/cmake_prefix_path.dsv'
[4.442s] INFO:colcon.colcon_core.shell:Creating environment hook '/home/valdeus1151/Y3T1/FRA333_LAB_HW/LAB4/install/doppelt_kinematics/share/doppelt_kinematics/hook/cmake_prefix_path.sh'
[4.443s] Level 1:colcon.colcon_core.environment:checking '/home/valdeus1151/Y3T1/FRA333_LAB_HW/LAB4/install/doppelt_kinematics/lib'
[4.443s] Level 1:colcon.colcon_core.environment:checking '/home/valdeus1151/Y3T1/FRA333_LAB_HW/LAB4/install/doppelt_kinematics/bin'
[4.443s] Level 1:colcon.colcon_core.environment:checking '/home/valdeus1151/Y3T1/FRA333_LAB_HW/LAB4/install/doppelt_kinematics/lib/pkgconfig/doppelt_kinematics.pc'
[4.444s] Level 1:colcon.colcon_core.environment:checking '/home/valdeus1151/Y3T1/FRA333_LAB_HW/LAB4/install/doppelt_kinematics/lib/python3.8/site-packages'
[4.444s] Level 1:colcon.colcon_core.shell:create_environment_hook('doppelt_kinematics', 'pythonpath')
[4.446s] INFO:colcon.colcon_core.shell:Creating environment hook '/home/valdeus1151/Y3T1/FRA333_LAB_HW/LAB4/install/doppelt_kinematics/share/doppelt_kinematics/hook/pythonpath.ps1'
[4.447s] INFO:colcon.colcon_core.shell:Creating environment descriptor '/home/valdeus1151/Y3T1/FRA333_LAB_HW/LAB4/install/doppelt_kinematics/share/doppelt_kinematics/hook/pythonpath.dsv'
[4.447s] INFO:colcon.colcon_core.shell:Creating environment hook '/home/valdeus1151/Y3T1/FRA333_LAB_HW/LAB4/install/doppelt_kinematics/share/doppelt_kinematics/hook/pythonpath.sh'
[4.448s] Level 1:colcon.colcon_core.environment:checking '/home/valdeus1151/Y3T1/FRA333_LAB_HW/LAB4/install/doppelt_kinematics/bin'
[4.451s] INFO:colcon.colcon_core.shell:Creating package script '/home/valdeus1151/Y3T1/FRA333_LAB_HW/LAB4/install/doppelt_kinematics/share/doppelt_kinematics/package.ps1'
[4.452s] INFO:colcon.colcon_core.shell:Creating package descriptor '/home/valdeus1151/Y3T1/FRA333_LAB_HW/LAB4/install/doppelt_kinematics/share/doppelt_kinematics/package.dsv'
[4.453s] INFO:colcon.colcon_core.shell:Creating package script '/home/valdeus1151/Y3T1/FRA333_LAB_HW/LAB4/install/doppelt_kinematics/share/doppelt_kinematics/package.sh'
[4.454s] INFO:colcon.colcon_core.shell:Creating package script '/home/valdeus1151/Y3T1/FRA333_LAB_HW/LAB4/install/doppelt_kinematics/share/doppelt_kinematics/package.bash'
[4.455s] INFO:colcon.colcon_core.shell:Creating package script '/home/valdeus1151/Y3T1/FRA333_LAB_HW/LAB4/install/doppelt_kinematics/share/doppelt_kinematics/package.zsh'
[4.455s] Level 1:colcon.colcon_core.environment:create_file_with_runtime_dependencies(/home/valdeus1151/Y3T1/FRA333_LAB_HW/LAB4/install/doppelt_kinematics/share/colcon-core/packages/doppelt_kinematics)
[4.459s] Level 1:colcon.colcon_core.environment:create_environment_scripts_only(doppelt_description)
[4.462s] Level 1:colcon.colcon_core.environment:checking '/home/valdeus1151/Y3T1/FRA333_LAB_HW/LAB4/install/doppelt_description' for CMake module files
[4.464s] Level 1:colcon.colcon_core.environment:checking '/home/valdeus1151/Y3T1/FRA333_LAB_HW/LAB4/install/doppelt_description' for CMake config files
[4.466s] Level 1:colcon.colcon_core.shell:create_environment_hook('doppelt_description', 'cmake_prefix_path')
[4.468s] INFO:colcon.colcon_core.shell:Creating environment hook '/home/valdeus1151/Y3T1/FRA333_LAB_HW/LAB4/install/doppelt_description/share/doppelt_description/hook/cmake_prefix_path.ps1'
[4.469s] INFO:colcon.colcon_core.shell:Creating environment descriptor '/home/valdeus1151/Y3T1/FRA333_LAB_HW/LAB4/install/doppelt_description/share/doppelt_description/hook/cmake_prefix_path.dsv'
[4.469s] INFO:colcon.colcon_core.shell:Creating environment hook '/home/valdeus1151/Y3T1/FRA333_LAB_HW/LAB4/install/doppelt_description/share/doppelt_description/hook/cmake_prefix_path.sh'
[4.470s] Level 1:colcon.colcon_core.environment:checking '/home/valdeus1151/Y3T1/FRA333_LAB_HW/LAB4/install/doppelt_description/lib'
[4.470s] Level 1:colcon.colcon_core.environment:checking '/home/valdeus1151/Y3T1/FRA333_LAB_HW/LAB4/install/doppelt_description/bin'
[4.470s] Level 1:colcon.colcon_core.environment:checking '/home/valdeus1151/Y3T1/FRA333_LAB_HW/LAB4/install/doppelt_description/lib/pkgconfig/doppelt_description.pc'
[4.471s] Level 1:colcon.colcon_core.environment:checking '/home/valdeus1151/Y3T1/FRA333_LAB_HW/LAB4/install/doppelt_description/lib/python3.8/site-packages'
[4.471s] Level 1:colcon.colcon_core.shell:create_environment_hook('doppelt_description', 'pythonpath')
[4.473s] INFO:colcon.colcon_core.shell:Creating environment hook '/home/valdeus1151/Y3T1/FRA333_LAB_HW/LAB4/install/doppelt_description/share/doppelt_description/hook/pythonpath.ps1'
[4.474s] INFO:colcon.colcon_core.shell:Creating environment descriptor '/home/valdeus1151/Y3T1/FRA333_LAB_HW/LAB4/install/doppelt_description/share/doppelt_description/hook/pythonpath.dsv'
[4.475s] INFO:colcon.colcon_core.shell:Creating environment hook '/home/valdeus1151/Y3T1/FRA333_LAB_HW/LAB4/install/doppelt_description/share/doppelt_description/hook/pythonpath.sh'
[4.476s] Level 1:colcon.colcon_core.environment:checking '/home/valdeus1151/Y3T1/FRA333_LAB_HW/LAB4/install/doppelt_description/bin'
[4.479s] INFO:colcon.colcon_core.shell:Creating package script '/home/valdeus1151/Y3T1/FRA333_LAB_HW/LAB4/install/doppelt_description/share/doppelt_description/package.ps1'
[4.480s] INFO:colcon.colcon_core.shell:Creating package descriptor '/home/valdeus1151/Y3T1/FRA333_LAB_HW/LAB4/install/doppelt_description/share/doppelt_description/package.dsv'
[4.481s] INFO:colcon.colcon_core.shell:Creating package script '/home/valdeus1151/Y3T1/FRA333_LAB_HW/LAB4/install/doppelt_description/share/doppelt_description/package.sh'
[4.482s] INFO:colcon.colcon_core.shell:Creating package script '/home/valdeus1151/Y3T1/FRA333_LAB_HW/LAB4/install/doppelt_description/share/doppelt_description/package.bash'
[4.483s] INFO:colcon.colcon_core.shell:Creating package script '/home/valdeus1151/Y3T1/FRA333_LAB_HW/LAB4/install/doppelt_description/share/doppelt_description/package.zsh'
[4.484s] Level 1:colcon.colcon_core.environment:create_file_with_runtime_dependencies(/home/valdeus1151/Y3T1/FRA333_LAB_HW/LAB4/install/doppelt_description/share/colcon-core/packages/doppelt_description)
[8.133s] DEBUG:colcon.colcon_core.event_handler.log_command:Invoked command in '/home/valdeus1151/Y3T1/FRA333_LAB_HW/LAB4/build/doppelt_interfaces' returned '0': CMAKE_PREFIX_PATH=${CMAKE_PREFIX_PATH}:/opt/ros/foxy /usr/bin/cmake --build /home/valdeus1151/Y3T1/FRA333_LAB_HW/LAB4/build/doppelt_interfaces -- -j12 -l12
[8.205s] DEBUG:colcon.colcon_core.event_handler.log_command:Invoking command in '/home/valdeus1151/Y3T1/FRA333_LAB_HW/LAB4/build/doppelt_interfaces': CMAKE_PREFIX_PATH=${CMAKE_PREFIX_PATH}:/opt/ros/foxy /usr/bin/cmake --install /home/valdeus1151/Y3T1/FRA333_LAB_HW/LAB4/build/doppelt_interfaces
[8.995s] Level 1:colcon.colcon_core.environment:create_environment_scripts_only(doppelt_interfaces)
[8.998s] Level 1:colcon.colcon_core.environment:checking '/home/valdeus1151/Y3T1/FRA333_LAB_HW/LAB4/install/doppelt_interfaces' for CMake module files
[8.999s] DEBUG:colcon.colcon_core.event_handler.log_command:Invoked command in '/home/valdeus1151/Y3T1/FRA333_LAB_HW/LAB4/build/doppelt_interfaces' returned '0': CMAKE_PREFIX_PATH=${CMAKE_PREFIX_PATH}:/opt/ros/foxy /usr/bin/cmake --install /home/valdeus1151/Y3T1/FRA333_LAB_HW/LAB4/build/doppelt_interfaces
[9.000s] Level 1:colcon.colcon_core.environment:checking '/home/valdeus1151/Y3T1/FRA333_LAB_HW/LAB4/install/doppelt_interfaces' for CMake config files
[9.000s] Level 1:colcon.colcon_core.shell:create_environment_hook('doppelt_interfaces', 'cmake_prefix_path')
[9.002s] INFO:colcon.colcon_core.shell:Creating environment hook '/home/valdeus1151/Y3T1/FRA333_LAB_HW/LAB4/install/doppelt_interfaces/share/doppelt_interfaces/hook/cmake_prefix_path.ps1'
[9.003s] INFO:colcon.colcon_core.shell:Creating environment descriptor '/home/valdeus1151/Y3T1/FRA333_LAB_HW/LAB4/install/doppelt_interfaces/share/doppelt_interfaces/hook/cmake_prefix_path.dsv'
[9.004s] INFO:colcon.colcon_core.shell:Creating environment hook '/home/valdeus1151/Y3T1/FRA333_LAB_HW/LAB4/install/doppelt_interfaces/share/doppelt_interfaces/hook/cmake_prefix_path.sh'
[9.004s] Level 1:colcon.colcon_core.environment:checking '/home/valdeus1151/Y3T1/FRA333_LAB_HW/LAB4/install/doppelt_interfaces/lib'
[9.005s] Level 1:colcon.colcon_core.shell:create_environment_hook('doppelt_interfaces', 'ld_library_path_lib')
[9.006s] INFO:colcon.colcon_core.shell:Creating environment hook '/home/valdeus1151/Y3T1/FRA333_LAB_HW/LAB4/install/doppelt_interfaces/share/doppelt_interfaces/hook/ld_library_path_lib.ps1'
[9.007s] INFO:colcon.colcon_core.shell:Creating environment descriptor '/home/valdeus1151/Y3T1/FRA333_LAB_HW/LAB4/install/doppelt_interfaces/share/doppelt_interfaces/hook/ld_library_path_lib.dsv'
[9.007s] INFO:colcon.colcon_core.shell:Creating environment hook '/home/valdeus1151/Y3T1/FRA333_LAB_HW/LAB4/install/doppelt_interfaces/share/doppelt_interfaces/hook/ld_library_path_lib.sh'
[9.007s] Level 1:colcon.colcon_core.environment:checking '/home/valdeus1151/Y3T1/FRA333_LAB_HW/LAB4/install/doppelt_interfaces/bin'
[9.008s] Level 1:colcon.colcon_core.environment:checking '/home/valdeus1151/Y3T1/FRA333_LAB_HW/LAB4/install/doppelt_interfaces/lib/pkgconfig/doppelt_interfaces.pc'
[9.008s] Level 1:colcon.colcon_core.environment:checking '/home/valdeus1151/Y3T1/FRA333_LAB_HW/LAB4/install/doppelt_interfaces/lib/python3.8/site-packages'
[9.008s] Level 1:colcon.colcon_core.shell:create_environment_hook('doppelt_interfaces', 'pythonpath')
[9.010s] INFO:colcon.colcon_core.shell:Creating environment hook '/home/valdeus1151/Y3T1/FRA333_LAB_HW/LAB4/install/doppelt_interfaces/share/doppelt_interfaces/hook/pythonpath.ps1'
[9.010s] INFO:colcon.colcon_core.shell:Creating environment descriptor '/home/valdeus1151/Y3T1/FRA333_LAB_HW/LAB4/install/doppelt_interfaces/share/doppelt_interfaces/hook/pythonpath.dsv'
[9.010s] INFO:colcon.colcon_core.shell:Creating environment hook '/home/valdeus1151/Y3T1/FRA333_LAB_HW/LAB4/install/doppelt_interfaces/share/doppelt_interfaces/hook/pythonpath.sh'
[9.011s] Level 1:colcon.colcon_core.environment:checking '/home/valdeus1151/Y3T1/FRA333_LAB_HW/LAB4/install/doppelt_interfaces/bin'
[9.013s] INFO:colcon.colcon_core.shell:Creating package script '/home/valdeus1151/Y3T1/FRA333_LAB_HW/LAB4/install/doppelt_interfaces/share/doppelt_interfaces/package.ps1'
[9.013s] INFO:colcon.colcon_core.shell:Creating package descriptor '/home/valdeus1151/Y3T1/FRA333_LAB_HW/LAB4/install/doppelt_interfaces/share/doppelt_interfaces/package.dsv'
[9.014s] INFO:colcon.colcon_core.shell:Creating package script '/home/valdeus1151/Y3T1/FRA333_LAB_HW/LAB4/install/doppelt_interfaces/share/doppelt_interfaces/package.sh'
[9.014s] INFO:colcon.colcon_core.shell:Creating package script '/home/valdeus1151/Y3T1/FRA333_LAB_HW/LAB4/install/doppelt_interfaces/share/doppelt_interfaces/package.bash'
[9.015s] INFO:colcon.colcon_core.shell:Creating package script '/home/valdeus1151/Y3T1/FRA333_LAB_HW/LAB4/install/doppelt_interfaces/share/doppelt_interfaces/package.zsh'
[9.015s] Level 1:colcon.colcon_core.environment:create_file_with_runtime_dependencies(/home/valdeus1151/Y3T1/FRA333_LAB_HW/LAB4/install/doppelt_interfaces/share/colcon-core/packages/doppelt_interfaces)
[9.082s] Level 1:colcon.colcon_core.environment:create_environment_scripts_only(doppelt_interfaces)
[9.085s] Level 1:colcon.colcon_core.environment:checking '/home/valdeus1151/Y3T1/FRA333_LAB_HW/LAB4/install/doppelt_interfaces' for CMake module files
[9.086s] Level 1:colcon.colcon_core.environment:checking '/home/valdeus1151/Y3T1/FRA333_LAB_HW/LAB4/install/doppelt_interfaces' for CMake config files
[9.086s] Level 1:colcon.colcon_core.shell:create_environment_hook('doppelt_interfaces', 'cmake_prefix_path')
[9.088s] INFO:colcon.colcon_core.shell:Creating environment hook '/home/valdeus1151/Y3T1/FRA333_LAB_HW/LAB4/install/doppelt_interfaces/share/doppelt_interfaces/hook/cmake_prefix_path.ps1'
[9.088s] INFO:colcon.colcon_core.shell:Creating environment descriptor '/home/valdeus1151/Y3T1/FRA333_LAB_HW/LAB4/install/doppelt_interfaces/share/doppelt_interfaces/hook/cmake_prefix_path.dsv'
[9.089s] INFO:colcon.colcon_core.shell:Creating environment hook '/home/valdeus1151/Y3T1/FRA333_LAB_HW/LAB4/install/doppelt_interfaces/share/doppelt_interfaces/hook/cmake_prefix_path.sh'
[9.090s] Level 1:colcon.colcon_core.environment:checking '/home/valdeus1151/Y3T1/FRA333_LAB_HW/LAB4/install/doppelt_interfaces/lib'
[9.090s] Level 1:colcon.colcon_core.shell:create_environment_hook('doppelt_interfaces', 'ld_library_path_lib')
[9.091s] INFO:colcon.colcon_core.shell:Creating environment hook '/home/valdeus1151/Y3T1/FRA333_LAB_HW/LAB4/install/doppelt_interfaces/share/doppelt_interfaces/hook/ld_library_path_lib.ps1'
[9.092s] INFO:colcon.colcon_core.shell:Creating environment descriptor '/home/valdeus1151/Y3T1/FRA333_LAB_HW/LAB4/install/doppelt_interfaces/share/doppelt_interfaces/hook/ld_library_path_lib.dsv'
[9.092s] INFO:colcon.colcon_core.shell:Creating environment hook '/home/valdeus1151/Y3T1/FRA333_LAB_HW/LAB4/install/doppelt_interfaces/share/doppelt_interfaces/hook/ld_library_path_lib.sh'
[9.093s] Level 1:colcon.colcon_core.environment:checking '/home/valdeus1151/Y3T1/FRA333_LAB_HW/LAB4/install/doppelt_interfaces/bin'
[9.093s] Level 1:colcon.colcon_core.environment:checking '/home/valdeus1151/Y3T1/FRA333_LAB_HW/LAB4/install/doppelt_interfaces/lib/pkgconfig/doppelt_interfaces.pc'
[9.093s] Level 1:colcon.colcon_core.environment:checking '/home/valdeus1151/Y3T1/FRA333_LAB_HW/LAB4/install/doppelt_interfaces/lib/python3.8/site-packages'
[9.093s] Level 1:colcon.colcon_core.shell:create_environment_hook('doppelt_interfaces', 'pythonpath')
[9.095s] INFO:colcon.colcon_core.shell:Creating environment hook '/home/valdeus1151/Y3T1/FRA333_LAB_HW/LAB4/install/doppelt_interfaces/share/doppelt_interfaces/hook/pythonpath.ps1'
[9.095s] INFO:colcon.colcon_core.shell:Creating environment descriptor '/home/valdeus1151/Y3T1/FRA333_LAB_HW/LAB4/install/doppelt_interfaces/share/doppelt_interfaces/hook/pythonpath.dsv'
[9.095s] INFO:colcon.colcon_core.shell:Creating environment hook '/home/valdeus1151/Y3T1/FRA333_LAB_HW/LAB4/install/doppelt_interfaces/share/doppelt_interfaces/hook/pythonpath.sh'
[9.096s] Level 1:colcon.colcon_core.environment:checking '/home/valdeus1151/Y3T1/FRA333_LAB_HW/LAB4/install/doppelt_interfaces/bin'
[9.098s] INFO:colcon.colcon_core.shell:Creating package script '/home/valdeus1151/Y3T1/FRA333_LAB_HW/LAB4/install/doppelt_interfaces/share/doppelt_interfaces/package.ps1'
[9.099s] INFO:colcon.colcon_core.shell:Creating package descriptor '/home/valdeus1151/Y3T1/FRA333_LAB_HW/LAB4/install/doppelt_interfaces/share/doppelt_interfaces/package.dsv'
[9.099s] INFO:colcon.colcon_core.shell:Creating package script '/home/valdeus1151/Y3T1/FRA333_LAB_HW/LAB4/install/doppelt_interfaces/share/doppelt_interfaces/package.sh'
[9.100s] INFO:colcon.colcon_core.shell:Creating package script '/home/valdeus1151/Y3T1/FRA333_LAB_HW/LAB4/install/doppelt_interfaces/share/doppelt_interfaces/package.bash'
[9.100s] INFO:colcon.colcon_core.shell:Creating package script '/home/valdeus1151/Y3T1/FRA333_LAB_HW/LAB4/install/doppelt_interfaces/share/doppelt_interfaces/package.zsh'
[9.101s] Level 1:colcon.colcon_core.environment:create_file_with_runtime_dependencies(/home/valdeus1151/Y3T1/FRA333_LAB_HW/LAB4/install/doppelt_interfaces/share/colcon-core/packages/doppelt_interfaces)
[9.101s] DEBUG:colcon.colcon_parallel_executor.executor.parallel:closing loop
[9.102s] DEBUG:colcon.colcon_parallel_executor.executor.parallel:loop closed
[9.102s] DEBUG:colcon.colcon_parallel_executor.executor.parallel:run_until_complete finished with '0'
[9.102s] DEBUG:colcon.colcon_core.event_reactor:joining thread
[9.113s] INFO:colcon.colcon_core.plugin_system:Skipping extension 'colcon_notification.desktop_notification.terminal_notifier': Not used on non-Darwin systems
[9.114s] INFO:colcon.colcon_core.plugin_system:Skipping extension 'colcon_notification.desktop_notification.win32': Not used on non-Windows systems
[9.114s] INFO:colcon.colcon_notification.desktop_notification:Sending desktop notification using 'notify2'
[9.131s] DEBUG:colcon.colcon_core.event_reactor:joined thread
[9.133s] INFO:colcon.colcon_core.shell:Creating prefix script '/home/valdeus1151/Y3T1/FRA333_LAB_HW/LAB4/install/local_setup.ps1'
[9.135s] INFO:colcon.colcon_core.shell:Creating prefix util module '/home/valdeus1151/Y3T1/FRA333_LAB_HW/LAB4/install/_local_setup_util_ps1.py'
[9.138s] INFO:colcon.colcon_core.shell:Creating prefix chain script '/home/valdeus1151/Y3T1/FRA333_LAB_HW/LAB4/install/setup.ps1'
[9.140s] INFO:colcon.colcon_core.shell:Creating prefix script '/home/valdeus1151/Y3T1/FRA333_LAB_HW/LAB4/install/local_setup.sh'
[9.142s] INFO:colcon.colcon_core.shell:Creating prefix util module '/home/valdeus1151/Y3T1/FRA333_LAB_HW/LAB4/install/_local_setup_util_sh.py'
[9.143s] INFO:colcon.colcon_core.shell:Creating prefix chain script '/home/valdeus1151/Y3T1/FRA333_LAB_HW/LAB4/install/setup.sh'
[9.145s] INFO:colcon.colcon_core.shell:Creating prefix script '/home/valdeus1151/Y3T1/FRA333_LAB_HW/LAB4/install/local_setup.bash'
[9.145s] INFO:colcon.colcon_core.shell:Creating prefix chain script '/home/valdeus1151/Y3T1/FRA333_LAB_HW/LAB4/install/setup.bash'
[9.148s] INFO:colcon.colcon_core.shell:Creating prefix script '/home/valdeus1151/Y3T1/FRA333_LAB_HW/LAB4/install/local_setup.zsh'
[9.149s] INFO:colcon.colcon_core.shell:Creating prefix chain script '/home/valdeus1151/Y3T1/FRA333_LAB_HW/LAB4/install/setup.zsh'
