[0.036s] Invoking command in '/home/omzlette/gitRos/LAB2/build/sandevistan_description': CMAKE_PREFIX_PATH=${CMAKE_PREFIX_PATH}:/opt/ros/foxy /usr/bin/cmake /home/omzlette/gitRos/LAB2/src/sandevistan_description -DAMENT_CMAKE_SYMLINK_INSTALL=1 -DCMAKE_INSTALL_PREFIX=/home/omzlette/gitRos/LAB2/install/sandevistan_description
[0.074s] -- The C compiler identification is GNU 9.4.0
[0.114s] -- The CXX compiler identification is GNU 9.4.0
[0.118s] -- Check for working C compiler: /usr/bin/cc
[0.167s] -- Check for working C compiler: /usr/bin/cc -- works
[0.167s] -- Detecting C compiler ABI info
[0.217s] -- Detecting C compiler ABI info - done
[0.226s] -- Detecting C compile features
[0.227s] -- Detecting C compile features - done
[0.228s] -- Check for working CXX compiler: /usr/bin/c++
[0.284s] -- Check for working CXX compiler: /usr/bin/c++ -- works
[0.285s] -- Detecting CXX compiler ABI info
[0.344s] -- Detecting CXX compiler ABI info - done
[0.354s] -- Detecting CXX compile features
[0.354s] -- Detecting CXX compile features - done
[0.356s] -- Found ament_cmake: 0.9.11 (/opt/ros/foxy/share/ament_cmake/cmake)
[0.376s] -- Found PythonInterp: /usr/bin/python3 (found suitable version "3.8.10", minimum required is "3") 
[0.377s] -- Using PYTHON_EXECUTABLE: /usr/bin/python3
[0.553s] -- Override CMake install command with custom implementation using symlinks instead of copying resources
[0.573s] -- Found rclcpp: 2.4.2 (/opt/ros/foxy/share/rclcpp/cmake)
[0.611s] -- Using all available rosidl_typesupport_c: rosidl_typesupport_fastrtps_c;rosidl_typesupport_introspection_c
[0.616s] -- Found rosidl_adapter: 1.3.0 (/opt/ros/foxy/share/rosidl_adapter/cmake)
[0.675s] -- Found OpenSSL: /usr/lib/x86_64-linux-gnu/libcrypto.so (found version "1.1.1f")  
[0.699s] -- Found FastRTPS: /opt/ros/foxy/include  
[0.762s] -- Using all available rosidl_typesupport_cpp: rosidl_typesupport_fastrtps_cpp;rosidl_typesupport_introspection_cpp
[0.809s] -- Found rmw_implementation_cmake: 1.0.3 (/opt/ros/foxy/share/rmw_implementation_cmake/cmake)
[0.810s] -- Using RMW implementation 'rmw_fastrtps_cpp' as default
[0.811s] -- Looking for pthread.h
[0.862s] -- Looking for pthread.h - found
[0.862s] -- Performing Test CMAKE_HAVE_LIBC_PTHREAD
[0.914s] -- Performing Test CMAKE_HAVE_LIBC_PTHREAD - Failed
[0.914s] -- Looking for pthread_create in pthreads
[0.957s] -- Looking for pthread_create in pthreads - not found
[0.957s] -- Looking for pthread_create in pthread
[1.015s] -- Looking for pthread_create in pthread - found
[1.016s] -- Found Threads: TRUE  
[1.170s] -- Found rclpy: 1.0.10 (/opt/ros/foxy/share/rclpy/cmake)
[1.243s] -- Configuring done
[1.245s] -- Generating done
[1.246s] -- Build files have been written to: /home/omzlette/gitRos/LAB2/build/sandevistan_description
[1.251s] Invoked command in '/home/omzlette/gitRos/LAB2/build/sandevistan_description' returned '0': CMAKE_PREFIX_PATH=${CMAKE_PREFIX_PATH}:/opt/ros/foxy /usr/bin/cmake /home/omzlette/gitRos/LAB2/src/sandevistan_description -DAMENT_CMAKE_SYMLINK_INSTALL=1 -DCMAKE_INSTALL_PREFIX=/home/omzlette/gitRos/LAB2/install/sandevistan_description
[1.254s] Invoking command in '/home/omzlette/gitRos/LAB2/build/sandevistan_description': CMAKE_PREFIX_PATH=${CMAKE_PREFIX_PATH}:/opt/ros/foxy /usr/bin/cmake --build /home/omzlette/gitRos/LAB2/build/sandevistan_description -- -j12 -l12
[1.283s] Invoked command in '/home/omzlette/gitRos/LAB2/build/sandevistan_description' returned '0': CMAKE_PREFIX_PATH=${CMAKE_PREFIX_PATH}:/opt/ros/foxy /usr/bin/cmake --build /home/omzlette/gitRos/LAB2/build/sandevistan_description -- -j12 -l12
[1.308s] Invoking command in '/home/omzlette/gitRos/LAB2/build/sandevistan_description': CMAKE_PREFIX_PATH=${CMAKE_PREFIX_PATH}:/opt/ros/foxy /usr/bin/cmake --install /home/omzlette/gitRos/LAB2/build/sandevistan_description
[1.314s] -- Install configuration: ""
[1.315s] -- Execute custom install script
[1.315s] -- Symlinking: /home/omzlette/gitRos/LAB2/install/sandevistan_description/share/sandevistan_description/environment/pythonpath.sh
[1.322s] -- Symlinking: /home/omzlette/gitRos/LAB2/install/sandevistan_description/share/sandevistan_description/environment/pythonpath.dsv
[1.330s] -- Symlinking: /home/omzlette/gitRos/LAB2/install/sandevistan_description/lib/python3.8/site-packages/sandevistan_description/__init__.py
[1.337s] -- Symlinking: /home/omzlette/gitRos/LAB2/install/sandevistan_description/lib/python3.8/site-packages/sandevistan_description/robot_module.py
[1.344s] -- Symlinking: /home/omzlette/gitRos/LAB2/install/sandevistan_description/lib/sandevistan_description/robot_script.py
[1.350s] -- Symlinking: /home/omzlette/gitRos/LAB2/install/sandevistan_description/share/sandevistan_description/config/sandevistan_kinematics.rviz
[1.357s] -- Symlinking: /home/omzlette/gitRos/LAB2/install/sandevistan_description/share/sandevistan_description/launch/display.launch.py
[1.364s] -- Symlinking: /home/omzlette/gitRos/LAB2/install/sandevistan_description/share/ament_index/resource_index/package_run_dependencies/sandevistan_description
[1.371s] -- Symlinking: /home/omzlette/gitRos/LAB2/install/sandevistan_description/share/ament_index/resource_index/parent_prefix_path/sandevistan_description
[1.377s] -- Symlinking: /home/omzlette/gitRos/LAB2/install/sandevistan_description/share/sandevistan_description/environment/ament_prefix_path.sh
[1.384s] -- Symlinking: /home/omzlette/gitRos/LAB2/install/sandevistan_description/share/sandevistan_description/environment/ament_prefix_path.dsv
[1.391s] -- Symlinking: /home/omzlette/gitRos/LAB2/install/sandevistan_description/share/sandevistan_description/environment/path.sh
[1.398s] -- Symlinking: /home/omzlette/gitRos/LAB2/install/sandevistan_description/share/sandevistan_description/environment/path.dsv
[1.405s] -- Symlinking: /home/omzlette/gitRos/LAB2/install/sandevistan_description/share/sandevistan_description/local_setup.bash
[1.412s] -- Symlinking: /home/omzlette/gitRos/LAB2/install/sandevistan_description/share/sandevistan_description/local_setup.sh
[1.419s] -- Symlinking: /home/omzlette/gitRos/LAB2/install/sandevistan_description/share/sandevistan_description/local_setup.zsh
[1.427s] -- Symlinking: /home/omzlette/gitRos/LAB2/install/sandevistan_description/share/sandevistan_description/local_setup.dsv
[1.434s] -- Symlinking: /home/omzlette/gitRos/LAB2/install/sandevistan_description/share/sandevistan_description/package.dsv
[1.441s] -- Symlinking: /home/omzlette/gitRos/LAB2/install/sandevistan_description/share/ament_index/resource_index/packages/sandevistan_description
[1.448s] -- Symlinking: /home/omzlette/gitRos/LAB2/install/sandevistan_description/share/sandevistan_description/cmake/sandevistan_descriptionConfig.cmake
[1.454s] -- Symlinking: /home/omzlette/gitRos/LAB2/install/sandevistan_description/share/sandevistan_description/cmake/sandevistan_descriptionConfig-version.cmake
[1.463s] -- Symlinking: /home/omzlette/gitRos/LAB2/install/sandevistan_description/share/sandevistan_description/package.xml
[1.494s] Listing '/home/omzlette/gitRos/LAB2/install/sandevistan_description/lib/python3.8/site-packages/sandevistan_description'...
[1.495s] Compiling '/home/omzlette/gitRos/LAB2/install/sandevistan_description/lib/python3.8/site-packages/sandevistan_description/__init__.py'...
[1.495s] Compiling '/home/omzlette/gitRos/LAB2/install/sandevistan_description/lib/python3.8/site-packages/sandevistan_description/robot_module.py'...
[1.500s] Invoked command in '/home/omzlette/gitRos/LAB2/build/sandevistan_description' returned '0': CMAKE_PREFIX_PATH=${CMAKE_PREFIX_PATH}:/opt/ros/foxy /usr/bin/cmake --install /home/omzlette/gitRos/LAB2/build/sandevistan_description
