[0.039s] Invoking command in '/home/valdeus1151/Y3T1/FRA333_LAB_HW/LAB3/build/sandevistan_description': CMAKE_PREFIX_PATH=/opt/ros/foxy /usr/bin/cmake /home/valdeus1151/Y3T1/FRA333_LAB_HW/LAB3/src/fra333_lab3_29_v1/sandevistan_description -DAMENT_CMAKE_SYMLINK_INSTALL=1 -DCMAKE_INSTALL_PREFIX=/home/valdeus1151/Y3T1/FRA333_LAB_HW/LAB3/install/sandevistan_description
[0.106s] -- The C compiler identification is GNU 9.4.0
[0.172s] -- The CXX compiler identification is GNU 9.4.0
[0.177s] -- Check for working C compiler: /usr/bin/cc
[0.265s] -- Check for working C compiler: /usr/bin/cc -- works
[0.267s] -- Detecting C compiler ABI info
[0.360s] -- Detecting C compiler ABI info - done
[0.382s] -- Detecting C compile features
[0.382s] -- Detecting C compile features - done
[0.387s] -- Check for working CXX compiler: /usr/bin/c++
[0.533s] -- Check for working CXX compiler: /usr/bin/c++ -- works
[0.535s] -- Detecting CXX compiler ABI info
[0.654s] -- Detecting CXX compiler ABI info - done
[0.678s] -- Detecting CXX compile features
[0.679s] -- Detecting CXX compile features - done
[0.681s] -- Found rosidl_default_generators: 1.0.1 (/opt/ros/foxy/share/rosidl_default_generators/cmake)
[0.683s] -- Found ament_cmake_core: 0.9.11 (/opt/ros/foxy/share/ament_cmake_core/cmake)
[0.715s] -- Found PythonInterp: /usr/bin/python3 (found suitable version "3.8.10", minimum required is "3") 
[0.715s] -- Using PYTHON_EXECUTABLE: /usr/bin/python3
[0.952s] -- Override CMake install command with custom implementation using symlinks instead of copying resources
[0.957s] -- Using all available rosidl_typesupport_c: rosidl_typesupport_fastrtps_c;rosidl_typesupport_introspection_c
[0.968s] -- Found rosidl_adapter: 1.3.0 (/opt/ros/foxy/share/rosidl_adapter/cmake)
[1.176s] -- Found OpenSSL: /usr/lib/x86_64-linux-gnu/libcrypto.so (found version "1.1.1f")  
[1.235s] -- Found FastRTPS: /opt/ros/foxy/include  
[1.397s] -- Using all available rosidl_typesupport_cpp: rosidl_typesupport_fastrtps_cpp;rosidl_typesupport_introspection_cpp
[1.461s] -- Found geometry_msgs: 2.0.5 (/opt/ros/foxy/share/geometry_msgs/cmake)
[1.624s] -- Found rclcpp: 2.4.2 (/opt/ros/foxy/share/rclcpp/cmake)
[1.715s] -- Found rmw_implementation_cmake: 1.0.3 (/opt/ros/foxy/share/rmw_implementation_cmake/cmake)
[1.718s] -- Using RMW implementation 'rmw_fastrtps_cpp' as default
[1.720s] -- Looking for pthread.h
[1.837s] -- Looking for pthread.h - found
[1.837s] -- Performing Test CMAKE_HAVE_LIBC_PTHREAD
[1.927s] -- Performing Test CMAKE_HAVE_LIBC_PTHREAD - Failed
[1.928s] -- Looking for pthread_create in pthreads
[2.001s] -- Looking for pthread_create in pthreads - not found
[2.001s] -- Looking for pthread_create in pthread
[2.092s] -- Looking for pthread_create in pthread - found
[2.094s] -- Found Threads: TRUE  
[2.332s] -- Found rclpy: 1.0.11 (/opt/ros/foxy/share/rclpy/cmake)
[2.485s] -- Configuring done
[2.490s] -- Generating done
[2.492s] -- Build files have been written to: /home/valdeus1151/Y3T1/FRA333_LAB_HW/LAB3/build/sandevistan_description
[2.506s] Invoked command in '/home/valdeus1151/Y3T1/FRA333_LAB_HW/LAB3/build/sandevistan_description' returned '0': CMAKE_PREFIX_PATH=/opt/ros/foxy /usr/bin/cmake /home/valdeus1151/Y3T1/FRA333_LAB_HW/LAB3/src/fra333_lab3_29_v1/sandevistan_description -DAMENT_CMAKE_SYMLINK_INSTALL=1 -DCMAKE_INSTALL_PREFIX=/home/valdeus1151/Y3T1/FRA333_LAB_HW/LAB3/install/sandevistan_description
[2.511s] Invoking command in '/home/valdeus1151/Y3T1/FRA333_LAB_HW/LAB3/build/sandevistan_description': CMAKE_PREFIX_PATH=/opt/ros/foxy /usr/bin/cmake --build /home/valdeus1151/Y3T1/FRA333_LAB_HW/LAB3/build/sandevistan_description -- -j12 -l12
[2.559s] Invoked command in '/home/valdeus1151/Y3T1/FRA333_LAB_HW/LAB3/build/sandevistan_description' returned '0': CMAKE_PREFIX_PATH=/opt/ros/foxy /usr/bin/cmake --build /home/valdeus1151/Y3T1/FRA333_LAB_HW/LAB3/build/sandevistan_description -- -j12 -l12
[2.591s] Invoking command in '/home/valdeus1151/Y3T1/FRA333_LAB_HW/LAB3/build/sandevistan_description': CMAKE_PREFIX_PATH=/opt/ros/foxy /usr/bin/cmake --install /home/valdeus1151/Y3T1/FRA333_LAB_HW/LAB3/build/sandevistan_description
[2.600s] -- Install configuration: ""
[2.601s] -- Execute custom install script
[2.601s] -- Symlinking: /home/valdeus1151/Y3T1/FRA333_LAB_HW/LAB3/install/sandevistan_description/share/sandevistan_description/environment/pythonpath.sh
[2.612s] -- Symlinking: /home/valdeus1151/Y3T1/FRA333_LAB_HW/LAB3/install/sandevistan_description/share/sandevistan_description/environment/pythonpath.dsv
[2.624s] -- Symlinking: /home/valdeus1151/Y3T1/FRA333_LAB_HW/LAB3/install/sandevistan_description/lib/python3.8/site-packages/sandevistan_description/__init__.py
[2.636s] -- Symlinking: /home/valdeus1151/Y3T1/FRA333_LAB_HW/LAB3/install/sandevistan_description/share/sandevistan_description/config/myrobot_controllers.yaml
[2.652s] -- Symlinking: /home/valdeus1151/Y3T1/FRA333_LAB_HW/LAB3/install/sandevistan_description/share/sandevistan_description/launch/sandevistan_gazebo.launch.py
[2.668s] -- Symlinking: /home/valdeus1151/Y3T1/FRA333_LAB_HW/LAB3/install/sandevistan_description/share/sandevistan_description/meshes/link_0.stl
[2.683s] -- Symlinking: /home/valdeus1151/Y3T1/FRA333_LAB_HW/LAB3/install/sandevistan_description/share/sandevistan_description/meshes/link_1.stl
[2.699s] -- Symlinking: /home/valdeus1151/Y3T1/FRA333_LAB_HW/LAB3/install/sandevistan_description/share/sandevistan_description/meshes/link_2.stl
[2.715s] -- Symlinking: /home/valdeus1151/Y3T1/FRA333_LAB_HW/LAB3/install/sandevistan_description/share/sandevistan_description/meshes/link_3.stl
[2.732s] -- Symlinking: /home/valdeus1151/Y3T1/FRA333_LAB_HW/LAB3/install/sandevistan_description/share/sandevistan_description/sandevistan_description/__init__.py
[2.747s] -- Symlinking: /home/valdeus1151/Y3T1/FRA333_LAB_HW/LAB3/install/sandevistan_description/share/sandevistan_description/xacro_description/create_link.xacro
[2.759s] -- Symlinking: /home/valdeus1151/Y3T1/FRA333_LAB_HW/LAB3/install/sandevistan_description/share/sandevistan_description/xacro_description/sandevistan_gazebo.xacro
[2.774s] -- Symlinking: /home/valdeus1151/Y3T1/FRA333_LAB_HW/LAB3/install/sandevistan_description/share/sandevistan_description/xacro_description/sandevistan_include.xacro
[2.790s] -- Symlinking: /home/valdeus1151/Y3T1/FRA333_LAB_HW/LAB3/install/sandevistan_description/share/sandevistan_description/xacro_description/sandevistan_robot.urdf.xacro
[2.806s] -- Symlinking: /home/valdeus1151/Y3T1/FRA333_LAB_HW/LAB3/install/sandevistan_description/share/ament_index/resource_index/package_run_dependencies/sandevistan_description
[2.820s] -- Symlinking: /home/valdeus1151/Y3T1/FRA333_LAB_HW/LAB3/install/sandevistan_description/share/ament_index/resource_index/parent_prefix_path/sandevistan_description
[2.837s] -- Symlinking: /home/valdeus1151/Y3T1/FRA333_LAB_HW/LAB3/install/sandevistan_description/share/sandevistan_description/environment/ament_prefix_path.sh
[2.849s] -- Symlinking: /home/valdeus1151/Y3T1/FRA333_LAB_HW/LAB3/install/sandevistan_description/share/sandevistan_description/environment/ament_prefix_path.dsv
[2.864s] -- Symlinking: /home/valdeus1151/Y3T1/FRA333_LAB_HW/LAB3/install/sandevistan_description/share/sandevistan_description/environment/path.sh
[2.878s] -- Symlinking: /home/valdeus1151/Y3T1/FRA333_LAB_HW/LAB3/install/sandevistan_description/share/sandevistan_description/environment/path.dsv
[2.894s] -- Symlinking: /home/valdeus1151/Y3T1/FRA333_LAB_HW/LAB3/install/sandevistan_description/share/sandevistan_description/local_setup.bash
[2.910s] -- Symlinking: /home/valdeus1151/Y3T1/FRA333_LAB_HW/LAB3/install/sandevistan_description/share/sandevistan_description/local_setup.sh
[2.929s] -- Symlinking: /home/valdeus1151/Y3T1/FRA333_LAB_HW/LAB3/install/sandevistan_description/share/sandevistan_description/local_setup.zsh
[2.945s] -- Symlinking: /home/valdeus1151/Y3T1/FRA333_LAB_HW/LAB3/install/sandevistan_description/share/sandevistan_description/local_setup.dsv
[2.963s] -- Symlinking: /home/valdeus1151/Y3T1/FRA333_LAB_HW/LAB3/install/sandevistan_description/share/sandevistan_description/package.dsv
[2.978s] -- Symlinking: /home/valdeus1151/Y3T1/FRA333_LAB_HW/LAB3/install/sandevistan_description/share/ament_index/resource_index/packages/sandevistan_description
[2.995s] -- Symlinking: /home/valdeus1151/Y3T1/FRA333_LAB_HW/LAB3/install/sandevistan_description/share/sandevistan_description/cmake/sandevistan_descriptionConfig.cmake
[3.014s] -- Symlinking: /home/valdeus1151/Y3T1/FRA333_LAB_HW/LAB3/install/sandevistan_description/share/sandevistan_description/cmake/sandevistan_descriptionConfig-version.cmake
[3.029s] -- Symlinking: /home/valdeus1151/Y3T1/FRA333_LAB_HW/LAB3/install/sandevistan_description/share/sandevistan_description/package.xml
[3.091s] Listing '/home/valdeus1151/Y3T1/FRA333_LAB_HW/LAB3/install/sandevistan_description/lib/python3.8/site-packages/sandevistan_description'...
[3.092s] Compiling '/home/valdeus1151/Y3T1/FRA333_LAB_HW/LAB3/install/sandevistan_description/lib/python3.8/site-packages/sandevistan_description/__init__.py'...
[3.118s] Invoked command in '/home/valdeus1151/Y3T1/FRA333_LAB_HW/LAB3/build/sandevistan_description' returned '0': CMAKE_PREFIX_PATH=/opt/ros/foxy /usr/bin/cmake --install /home/valdeus1151/Y3T1/FRA333_LAB_HW/LAB3/build/sandevistan_description
