[0.035s] Invoking command in '/home/valdeus1151/Y3T1/FRA333_LAB_HW/LAB4/build/doppelt_kinematics': CMAKE_PREFIX_PATH=${CMAKE_PREFIX_PATH}:/opt/ros/foxy /usr/bin/cmake /home/valdeus1151/Y3T1/FRA333_LAB_HW/LAB4/src/lab4_29/doppelt_kinematics -DAMENT_CMAKE_SYMLINK_INSTALL=1 -DCMAKE_INSTALL_PREFIX=/home/valdeus1151/Y3T1/FRA333_LAB_HW/LAB4/install/doppelt_kinematics
[0.264s] -- The C compiler identification is GNU 9.4.0
[0.427s] -- The CXX compiler identification is GNU 9.4.0
[0.440s] -- Check for working C compiler: /usr/bin/cc
[0.551s] -- Check for working C compiler: /usr/bin/cc -- works
[0.554s] -- Detecting C compiler ABI info
[0.667s] -- Detecting C compiler ABI info - done
[0.690s] -- Detecting C compile features
[0.691s] -- Detecting C compile features - done
[0.696s] -- Check for working CXX compiler: /usr/bin/c++
[0.832s] -- Check for working CXX compiler: /usr/bin/c++ -- works
[0.834s] -- Detecting CXX compiler ABI info
[0.966s] -- Detecting CXX compiler ABI info - done
[0.984s] -- Detecting CXX compile features
[0.985s] -- Detecting CXX compile features - done
[0.988s] -- Found rosidl_default_generators: 1.0.1 (/opt/ros/foxy/share/rosidl_default_generators/cmake)
[0.991s] -- Found ament_cmake_core: 0.9.11 (/opt/ros/foxy/share/ament_cmake_core/cmake)
[1.025s] -- Found PythonInterp: /usr/bin/python3 (found suitable version "3.8.10", minimum required is "3") 
[1.025s] -- Using PYTHON_EXECUTABLE: /usr/bin/python3
[1.350s] -- Override CMake install command with custom implementation using symlinks instead of copying resources
[1.361s] -- Using all available rosidl_typesupport_c: rosidl_typesupport_fastrtps_c;rosidl_typesupport_introspection_c
[1.380s] -- Found rosidl_adapter: 1.3.0 (/opt/ros/foxy/share/rosidl_adapter/cmake)
[1.611s] -- Found OpenSSL: /usr/lib/x86_64-linux-gnu/libcrypto.so (found version "1.1.1f")  
[1.661s] -- Found FastRTPS: /opt/ros/foxy/include  
[1.829s] -- Using all available rosidl_typesupport_cpp: rosidl_typesupport_fastrtps_cpp;rosidl_typesupport_introspection_cpp
[1.913s] -- Found geometry_msgs: 2.0.5 (/opt/ros/foxy/share/geometry_msgs/cmake)
[2.110s] -- Found rclcpp: 2.4.2 (/opt/ros/foxy/share/rclcpp/cmake)
[2.198s] -- Found rmw_implementation_cmake: 1.0.3 (/opt/ros/foxy/share/rmw_implementation_cmake/cmake)
[2.201s] -- Using RMW implementation 'rmw_fastrtps_cpp' as default
[2.202s] -- Looking for pthread.h
[2.325s] -- Looking for pthread.h - found
[2.325s] -- Performing Test CMAKE_HAVE_LIBC_PTHREAD
[2.450s] -- Performing Test CMAKE_HAVE_LIBC_PTHREAD - Failed
[2.451s] -- Looking for pthread_create in pthreads
[2.552s] -- Looking for pthread_create in pthreads - not found
[2.553s] -- Looking for pthread_create in pthread
[2.680s] -- Looking for pthread_create in pthread - found
[2.682s] -- Found Threads: TRUE  
[2.953s] -- Found rclpy: 1.0.11 (/opt/ros/foxy/share/rclpy/cmake)
[3.112s] -- Configuring done
[3.118s] -- Generating done
[3.121s] -- Build files have been written to: /home/valdeus1151/Y3T1/FRA333_LAB_HW/LAB4/build/doppelt_kinematics
[3.133s] Invoked command in '/home/valdeus1151/Y3T1/FRA333_LAB_HW/LAB4/build/doppelt_kinematics' returned '0': CMAKE_PREFIX_PATH=${CMAKE_PREFIX_PATH}:/opt/ros/foxy /usr/bin/cmake /home/valdeus1151/Y3T1/FRA333_LAB_HW/LAB4/src/lab4_29/doppelt_kinematics -DAMENT_CMAKE_SYMLINK_INSTALL=1 -DCMAKE_INSTALL_PREFIX=/home/valdeus1151/Y3T1/FRA333_LAB_HW/LAB4/install/doppelt_kinematics
[3.137s] Invoking command in '/home/valdeus1151/Y3T1/FRA333_LAB_HW/LAB4/build/doppelt_kinematics': CMAKE_PREFIX_PATH=${CMAKE_PREFIX_PATH}:/opt/ros/foxy /usr/bin/cmake --build /home/valdeus1151/Y3T1/FRA333_LAB_HW/LAB4/build/doppelt_kinematics -- -j12 -l12
[3.206s] Invoked command in '/home/valdeus1151/Y3T1/FRA333_LAB_HW/LAB4/build/doppelt_kinematics' returned '0': CMAKE_PREFIX_PATH=${CMAKE_PREFIX_PATH}:/opt/ros/foxy /usr/bin/cmake --build /home/valdeus1151/Y3T1/FRA333_LAB_HW/LAB4/build/doppelt_kinematics -- -j12 -l12
[3.249s] Invoking command in '/home/valdeus1151/Y3T1/FRA333_LAB_HW/LAB4/build/doppelt_kinematics': CMAKE_PREFIX_PATH=${CMAKE_PREFIX_PATH}:/opt/ros/foxy /usr/bin/cmake --install /home/valdeus1151/Y3T1/FRA333_LAB_HW/LAB4/build/doppelt_kinematics
[3.265s] -- Install configuration: ""
[3.266s] -- Execute custom install script
[3.267s] -- Symlinking: /home/valdeus1151/Y3T1/FRA333_LAB_HW/LAB4/install/doppelt_kinematics/share/doppelt_kinematics/environment/pythonpath.sh
[3.281s] -- Symlinking: /home/valdeus1151/Y3T1/FRA333_LAB_HW/LAB4/install/doppelt_kinematics/share/doppelt_kinematics/environment/pythonpath.dsv
[3.300s] -- Symlinking: /home/valdeus1151/Y3T1/FRA333_LAB_HW/LAB4/install/doppelt_kinematics/lib/python3.8/site-packages/doppelt_kinematics/__init__.py
[3.314s] -- Symlinking: /home/valdeus1151/Y3T1/FRA333_LAB_HW/LAB4/install/doppelt_kinematics/lib/doppelt_kinematics/proximity_server.py
[3.329s] -- Symlinking: /home/valdeus1151/Y3T1/FRA333_LAB_HW/LAB4/install/doppelt_kinematics/lib/doppelt_kinematics/traject_tracking_server.py
[3.344s] -- Symlinking: /home/valdeus1151/Y3T1/FRA333_LAB_HW/LAB4/install/doppelt_kinematics/share/doppelt_kinematics/scripts/proximity_server.py
[3.360s] -- Symlinking: /home/valdeus1151/Y3T1/FRA333_LAB_HW/LAB4/install/doppelt_kinematics/share/doppelt_kinematics/scripts/traject_tracking_server.py
[3.373s] -- Symlinking: /home/valdeus1151/Y3T1/FRA333_LAB_HW/LAB4/install/doppelt_kinematics/share/ament_index/resource_index/package_run_dependencies/doppelt_kinematics
[3.390s] -- Symlinking: /home/valdeus1151/Y3T1/FRA333_LAB_HW/LAB4/install/doppelt_kinematics/share/ament_index/resource_index/parent_prefix_path/doppelt_kinematics
[3.409s] -- Symlinking: /home/valdeus1151/Y3T1/FRA333_LAB_HW/LAB4/install/doppelt_kinematics/share/doppelt_kinematics/environment/ament_prefix_path.sh
[3.426s] -- Symlinking: /home/valdeus1151/Y3T1/FRA333_LAB_HW/LAB4/install/doppelt_kinematics/share/doppelt_kinematics/environment/ament_prefix_path.dsv
[3.454s] -- Symlinking: /home/valdeus1151/Y3T1/FRA333_LAB_HW/LAB4/install/doppelt_kinematics/share/doppelt_kinematics/environment/path.sh
[3.488s] -- Symlinking: /home/valdeus1151/Y3T1/FRA333_LAB_HW/LAB4/install/doppelt_kinematics/share/doppelt_kinematics/environment/path.dsv
[3.513s] -- Symlinking: /home/valdeus1151/Y3T1/FRA333_LAB_HW/LAB4/install/doppelt_kinematics/share/doppelt_kinematics/local_setup.bash
[3.537s] -- Symlinking: /home/valdeus1151/Y3T1/FRA333_LAB_HW/LAB4/install/doppelt_kinematics/share/doppelt_kinematics/local_setup.sh
[3.561s] -- Symlinking: /home/valdeus1151/Y3T1/FRA333_LAB_HW/LAB4/install/doppelt_kinematics/share/doppelt_kinematics/local_setup.zsh
[3.585s] -- Symlinking: /home/valdeus1151/Y3T1/FRA333_LAB_HW/LAB4/install/doppelt_kinematics/share/doppelt_kinematics/local_setup.dsv
[3.607s] -- Symlinking: /home/valdeus1151/Y3T1/FRA333_LAB_HW/LAB4/install/doppelt_kinematics/share/doppelt_kinematics/package.dsv
[3.627s] -- Symlinking: /home/valdeus1151/Y3T1/FRA333_LAB_HW/LAB4/install/doppelt_kinematics/share/ament_index/resource_index/packages/doppelt_kinematics
[3.644s] -- Symlinking: /home/valdeus1151/Y3T1/FRA333_LAB_HW/LAB4/install/doppelt_kinematics/share/doppelt_kinematics/cmake/doppelt_kinematicsConfig.cmake
[3.659s] -- Symlinking: /home/valdeus1151/Y3T1/FRA333_LAB_HW/LAB4/install/doppelt_kinematics/share/doppelt_kinematics/cmake/doppelt_kinematicsConfig-version.cmake
[3.677s] -- Symlinking: /home/valdeus1151/Y3T1/FRA333_LAB_HW/LAB4/install/doppelt_kinematics/share/doppelt_kinematics/package.xml
[3.769s] Listing '/home/valdeus1151/Y3T1/FRA333_LAB_HW/LAB4/install/doppelt_kinematics/lib/python3.8/site-packages/doppelt_kinematics'...
[3.770s] Compiling '/home/valdeus1151/Y3T1/FRA333_LAB_HW/LAB4/install/doppelt_kinematics/lib/python3.8/site-packages/doppelt_kinematics/__init__.py'...
[3.823s] Invoked command in '/home/valdeus1151/Y3T1/FRA333_LAB_HW/LAB4/build/doppelt_kinematics' returned '0': CMAKE_PREFIX_PATH=${CMAKE_PREFIX_PATH}:/opt/ros/foxy /usr/bin/cmake --install /home/valdeus1151/Y3T1/FRA333_LAB_HW/LAB4/build/doppelt_kinematics
