[0.038s] Invoking command in '/home/omzlette/gitRos/LAB2/build/sandevistan_description': CMAKE_PREFIX_PATH=${CMAKE_PREFIX_PATH}:/opt/ros/foxy /usr/bin/cmake --build /home/omzlette/gitRos/LAB2/build/sandevistan_description -- -j12 -l12
[0.067s] Invoked command in '/home/omzlette/gitRos/LAB2/build/sandevistan_description' returned '0': CMAKE_PREFIX_PATH=${CMAKE_PREFIX_PATH}:/opt/ros/foxy /usr/bin/cmake --build /home/omzlette/gitRos/LAB2/build/sandevistan_description -- -j12 -l12
[0.092s] Invoking command in '/home/omzlette/gitRos/LAB2/build/sandevistan_description': CMAKE_PREFIX_PATH=${CMAKE_PREFIX_PATH}:/opt/ros/foxy /usr/bin/cmake --install /home/omzlette/gitRos/LAB2/build/sandevistan_description
[0.100s] -- Install configuration: ""
[0.100s] -- Execute custom install script
[0.101s] -- Up-to-date symlink: /home/omzlette/gitRos/LAB2/install/sandevistan_description/share/sandevistan_description/environment/pythonpath.sh
[0.101s] -- Up-to-date symlink: /home/omzlette/gitRos/LAB2/install/sandevistan_description/share/sandevistan_description/environment/pythonpath.dsv
[0.102s] -- Up-to-date symlink: /home/omzlette/gitRos/LAB2/install/sandevistan_description/lib/python3.8/site-packages/sandevistan_description/__init__.py
[0.102s] -- Up-to-date symlink: /home/omzlette/gitRos/LAB2/install/sandevistan_description/lib/python3.8/site-packages/sandevistan_description/robot_module.py
[0.102s] -- Up-to-date symlink: /home/omzlette/gitRos/LAB2/install/sandevistan_description/lib/sandevistan_description/robot_script.py
[0.103s] -- Up-to-date symlink: /home/omzlette/gitRos/LAB2/install/sandevistan_description/share/sandevistan_description/config/sandevistan_kinematics.rviz
[0.103s] -- Up-to-date symlink: /home/omzlette/gitRos/LAB2/install/sandevistan_description/share/sandevistan_description/launch/display.launch.py
[0.103s] -- Up-to-date symlink: /home/omzlette/gitRos/LAB2/install/sandevistan_description/share/sandevistan_description/robot/sandevistan.urdf
[0.104s] -- Up-to-date symlink: /home/omzlette/gitRos/LAB2/install/sandevistan_description/share/sandevistan_description/meshes/link_0.STL
[0.104s] -- Up-to-date symlink: /home/omzlette/gitRos/LAB2/install/sandevistan_description/share/sandevistan_description/meshes/link_1.STL
[0.104s] -- Up-to-date symlink: /home/omzlette/gitRos/LAB2/install/sandevistan_description/share/sandevistan_description/meshes/link_2.STL
[0.104s] -- Up-to-date symlink: /home/omzlette/gitRos/LAB2/install/sandevistan_description/share/sandevistan_description/meshes/link_3.STL
[0.104s] -- Up-to-date symlink: /home/omzlette/gitRos/LAB2/install/sandevistan_description/share/sandevistan_description/meshes/link_4.STL
[0.104s] -- Up-to-date symlink: /home/omzlette/gitRos/LAB2/install/sandevistan_description/share/ament_index/resource_index/package_run_dependencies/sandevistan_description
[0.105s] -- Up-to-date symlink: /home/omzlette/gitRos/LAB2/install/sandevistan_description/share/ament_index/resource_index/parent_prefix_path/sandevistan_description
[0.105s] -- Up-to-date symlink: /home/omzlette/gitRos/LAB2/install/sandevistan_description/share/sandevistan_description/environment/ament_prefix_path.sh
[0.105s] -- Up-to-date symlink: /home/omzlette/gitRos/LAB2/install/sandevistan_description/share/sandevistan_description/environment/ament_prefix_path.dsv
[0.105s] -- Up-to-date symlink: /home/omzlette/gitRos/LAB2/install/sandevistan_description/share/sandevistan_description/environment/path.sh
[0.105s] -- Up-to-date symlink: /home/omzlette/gitRos/LAB2/install/sandevistan_description/share/sandevistan_description/environment/path.dsv
[0.106s] -- Up-to-date symlink: /home/omzlette/gitRos/LAB2/install/sandevistan_description/share/sandevistan_description/local_setup.bash
[0.106s] -- Up-to-date symlink: /home/omzlette/gitRos/LAB2/install/sandevistan_description/share/sandevistan_description/local_setup.sh
[0.106s] -- Up-to-date symlink: /home/omzlette/gitRos/LAB2/install/sandevistan_description/share/sandevistan_description/local_setup.zsh
[0.106s] -- Up-to-date symlink: /home/omzlette/gitRos/LAB2/install/sandevistan_description/share/sandevistan_description/local_setup.dsv
[0.106s] -- Symlinking: /home/omzlette/gitRos/LAB2/install/sandevistan_description/share/sandevistan_description/package.dsv
[0.113s] -- Up-to-date symlink: /home/omzlette/gitRos/LAB2/install/sandevistan_description/share/ament_index/resource_index/packages/sandevistan_description
[0.113s] -- Up-to-date symlink: /home/omzlette/gitRos/LAB2/install/sandevistan_description/share/sandevistan_description/cmake/sandevistan_descriptionConfig.cmake
[0.113s] -- Up-to-date symlink: /home/omzlette/gitRos/LAB2/install/sandevistan_description/share/sandevistan_description/cmake/sandevistan_descriptionConfig-version.cmake
[0.114s] -- Up-to-date symlink: /home/omzlette/gitRos/LAB2/install/sandevistan_description/share/sandevistan_description/package.xml
[0.137s] Listing '/home/omzlette/gitRos/LAB2/install/sandevistan_description/lib/python3.8/site-packages/sandevistan_description'...
[0.143s] Invoked command in '/home/omzlette/gitRos/LAB2/build/sandevistan_description' returned '0': CMAKE_PREFIX_PATH=${CMAKE_PREFIX_PATH}:/opt/ros/foxy /usr/bin/cmake --install /home/omzlette/gitRos/LAB2/build/sandevistan_description
