[0.032s] Invoking command in '/home/omzlette/gitROS/FRA333_LAB_HW/LAB4/build/doppelt_description': CMAKE_PREFIX_PATH=${CMAKE_PREFIX_PATH}:/opt/ros/foxy /usr/bin/cmake /home/omzlette/gitROS/FRA333_LAB_HW/LAB4/src/lab4_29/doppelt_description -DAMENT_CMAKE_SYMLINK_INSTALL=1 -DCMAKE_INSTALL_PREFIX=/home/omzlette/gitROS/FRA333_LAB_HW/LAB4/install/doppelt_description
[0.169s] -- The C compiler identification is GNU 9.4.0
[0.315s] -- The CXX compiler identification is GNU 9.4.0
[0.374s] -- Check for working C compiler: /usr/bin/cc
[0.468s] -- Check for working C compiler: /usr/bin/cc -- works
[0.470s] -- Detecting C compiler ABI info
[0.564s] -- Detecting C compiler ABI info - done
[0.575s] -- Detecting C compile features
[0.576s] -- Detecting C compile features - done
[0.579s] -- Check for working CXX compiler: /usr/bin/c++
[0.677s] -- Check for working CXX compiler: /usr/bin/c++ -- works
[0.678s] -- Detecting CXX compiler ABI info
[0.775s] -- Detecting CXX compiler ABI info - done
[0.788s] -- Detecting CXX compile features
[0.789s] -- Detecting CXX compile features - done
[0.793s] -- Found rosidl_default_generators: 1.0.1 (/opt/ros/foxy/share/rosidl_default_generators/cmake)
[0.795s] -- Found ament_cmake_core: 0.9.11 (/opt/ros/foxy/share/ament_cmake_core/cmake)
[0.820s] -- Found PythonInterp: /usr/bin/python3 (found suitable version "3.8.10", minimum required is "3") 
[0.820s] -- Using PYTHON_EXECUTABLE: /usr/bin/python3
[1.014s] -- Override CMake install command with custom implementation using symlinks instead of copying resources
[1.022s] -- Using all available rosidl_typesupport_c: rosidl_typesupport_fastrtps_c;rosidl_typesupport_introspection_c
[1.034s] -- Found rosidl_adapter: 1.3.0 (/opt/ros/foxy/share/rosidl_adapter/cmake)
[1.661s] -- Found OpenSSL: /usr/lib/x86_64-linux-gnu/libcrypto.so (found version "1.1.1f")  
[2.154s] -- Found FastRTPS: /opt/ros/foxy/include  
[3.065s] -- Using all available rosidl_typesupport_cpp: rosidl_typesupport_fastrtps_cpp;rosidl_typesupport_introspection_cpp
[3.104s] -- Found geometry_msgs: 2.0.5 (/opt/ros/foxy/share/geometry_msgs/cmake)
[3.196s] -- Found rclcpp: 2.4.2 (/opt/ros/foxy/share/rclcpp/cmake)
[3.267s] -- Found rmw_implementation_cmake: 1.0.3 (/opt/ros/foxy/share/rmw_implementation_cmake/cmake)
[3.270s] -- Using RMW implementation 'rmw_fastrtps_cpp' as default
[3.272s] -- Looking for pthread.h
[3.366s] -- Looking for pthread.h - found
[3.366s] -- Performing Test CMAKE_HAVE_LIBC_PTHREAD
[3.477s] -- Performing Test CMAKE_HAVE_LIBC_PTHREAD - Failed
[3.478s] -- Looking for pthread_create in pthreads
[3.590s] -- Looking for pthread_create in pthreads - not found
[3.590s] -- Looking for pthread_create in pthread
[3.715s] -- Looking for pthread_create in pthread - found
[3.716s] -- Found Threads: TRUE  
[3.905s] -- Found rclpy: 1.0.11 (/opt/ros/foxy/share/rclpy/cmake)
[4.032s] -- Configuring done
[4.037s] -- Generating done
[4.038s] -- Build files have been written to: /home/omzlette/gitROS/FRA333_LAB_HW/LAB4/build/doppelt_description
[4.047s] Invoked command in '/home/omzlette/gitROS/FRA333_LAB_HW/LAB4/build/doppelt_description' returned '0': CMAKE_PREFIX_PATH=${CMAKE_PREFIX_PATH}:/opt/ros/foxy /usr/bin/cmake /home/omzlette/gitROS/FRA333_LAB_HW/LAB4/src/lab4_29/doppelt_description -DAMENT_CMAKE_SYMLINK_INSTALL=1 -DCMAKE_INSTALL_PREFIX=/home/omzlette/gitROS/FRA333_LAB_HW/LAB4/install/doppelt_description
[4.049s] Invoking command in '/home/omzlette/gitROS/FRA333_LAB_HW/LAB4/build/doppelt_description': CMAKE_PREFIX_PATH=${CMAKE_PREFIX_PATH}:/opt/ros/foxy /usr/bin/cmake --build /home/omzlette/gitROS/FRA333_LAB_HW/LAB4/build/doppelt_description -- -j12 -l12
[4.087s] Invoked command in '/home/omzlette/gitROS/FRA333_LAB_HW/LAB4/build/doppelt_description' returned '0': CMAKE_PREFIX_PATH=${CMAKE_PREFIX_PATH}:/opt/ros/foxy /usr/bin/cmake --build /home/omzlette/gitROS/FRA333_LAB_HW/LAB4/build/doppelt_description -- -j12 -l12
[4.118s] Invoking command in '/home/omzlette/gitROS/FRA333_LAB_HW/LAB4/build/doppelt_description': CMAKE_PREFIX_PATH=${CMAKE_PREFIX_PATH}:/opt/ros/foxy /usr/bin/cmake --install /home/omzlette/gitROS/FRA333_LAB_HW/LAB4/build/doppelt_description
[4.126s] -- Install configuration: ""
[4.127s] -- Execute custom install script
[4.128s] -- Symlinking: /home/omzlette/gitROS/FRA333_LAB_HW/LAB4/install/doppelt_description/share/doppelt_description/environment/pythonpath.sh
[4.137s] -- Symlinking: /home/omzlette/gitROS/FRA333_LAB_HW/LAB4/install/doppelt_description/share/doppelt_description/environment/pythonpath.dsv
[4.147s] -- Symlinking: /home/omzlette/gitROS/FRA333_LAB_HW/LAB4/install/doppelt_description/lib/python3.8/site-packages/doppelt_description/__init__.py
[4.158s] -- Symlinking: /home/omzlette/gitROS/FRA333_LAB_HW/LAB4/install/doppelt_description/share/doppelt_description/config/doppelt_controllers.yaml
[4.166s] -- Symlinking: /home/omzlette/gitROS/FRA333_LAB_HW/LAB4/install/doppelt_description/share/doppelt_description/launch/doppelt_desc.launch.py
[4.174s] -- Symlinking: /home/omzlette/gitROS/FRA333_LAB_HW/LAB4/install/doppelt_description/share/doppelt_description/doppelt_description/__init__.py
[4.182s] -- Symlinking: /home/omzlette/gitROS/FRA333_LAB_HW/LAB4/install/doppelt_description/share/doppelt_description/xacro/create_link.xacro
[4.190s] -- Symlinking: /home/omzlette/gitROS/FRA333_LAB_HW/LAB4/install/doppelt_description/share/doppelt_description/xacro/doppelt_gazebo.xacro
[4.197s] -- Symlinking: /home/omzlette/gitROS/FRA333_LAB_HW/LAB4/install/doppelt_description/share/doppelt_description/xacro/doppelt_include.xacro
[4.209s] -- Symlinking: /home/omzlette/gitROS/FRA333_LAB_HW/LAB4/install/doppelt_description/share/doppelt_description/xacro/doppelt_robot.urdf.xacro
[4.217s] -- Symlinking: /home/omzlette/gitROS/FRA333_LAB_HW/LAB4/install/doppelt_description/share/ament_index/resource_index/package_run_dependencies/doppelt_description
[4.224s] -- Symlinking: /home/omzlette/gitROS/FRA333_LAB_HW/LAB4/install/doppelt_description/share/ament_index/resource_index/parent_prefix_path/doppelt_description
[4.232s] -- Symlinking: /home/omzlette/gitROS/FRA333_LAB_HW/LAB4/install/doppelt_description/share/doppelt_description/environment/ament_prefix_path.sh
[4.241s] -- Symlinking: /home/omzlette/gitROS/FRA333_LAB_HW/LAB4/install/doppelt_description/share/doppelt_description/environment/ament_prefix_path.dsv
[4.248s] -- Symlinking: /home/omzlette/gitROS/FRA333_LAB_HW/LAB4/install/doppelt_description/share/doppelt_description/environment/path.sh
[4.255s] -- Symlinking: /home/omzlette/gitROS/FRA333_LAB_HW/LAB4/install/doppelt_description/share/doppelt_description/environment/path.dsv
[4.263s] -- Symlinking: /home/omzlette/gitROS/FRA333_LAB_HW/LAB4/install/doppelt_description/share/doppelt_description/local_setup.bash
[4.271s] -- Symlinking: /home/omzlette/gitROS/FRA333_LAB_HW/LAB4/install/doppelt_description/share/doppelt_description/local_setup.sh
[4.279s] -- Symlinking: /home/omzlette/gitROS/FRA333_LAB_HW/LAB4/install/doppelt_description/share/doppelt_description/local_setup.zsh
[4.287s] -- Symlinking: /home/omzlette/gitROS/FRA333_LAB_HW/LAB4/install/doppelt_description/share/doppelt_description/local_setup.dsv
[4.294s] -- Symlinking: /home/omzlette/gitROS/FRA333_LAB_HW/LAB4/install/doppelt_description/share/doppelt_description/package.dsv
[4.303s] -- Symlinking: /home/omzlette/gitROS/FRA333_LAB_HW/LAB4/install/doppelt_description/share/ament_index/resource_index/packages/doppelt_description
[4.313s] -- Symlinking: /home/omzlette/gitROS/FRA333_LAB_HW/LAB4/install/doppelt_description/share/doppelt_description/cmake/doppelt_descriptionConfig.cmake
[4.321s] -- Symlinking: /home/omzlette/gitROS/FRA333_LAB_HW/LAB4/install/doppelt_description/share/doppelt_description/cmake/doppelt_descriptionConfig-version.cmake
[4.328s] -- Symlinking: /home/omzlette/gitROS/FRA333_LAB_HW/LAB4/install/doppelt_description/share/doppelt_description/package.xml
[4.368s] Listing '/home/omzlette/gitROS/FRA333_LAB_HW/LAB4/install/doppelt_description/lib/python3.8/site-packages/doppelt_description'...
[4.368s] Compiling '/home/omzlette/gitROS/FRA333_LAB_HW/LAB4/install/doppelt_description/lib/python3.8/site-packages/doppelt_description/__init__.py'...
[4.401s] Invoked command in '/home/omzlette/gitROS/FRA333_LAB_HW/LAB4/build/doppelt_description' returned '0': CMAKE_PREFIX_PATH=${CMAKE_PREFIX_PATH}:/opt/ros/foxy /usr/bin/cmake --install /home/omzlette/gitROS/FRA333_LAB_HW/LAB4/build/doppelt_description
