[0.028s] Invoking command in '/home/valdeus1151/Y3T1/FRA333_LAB_HW/LAB4/build/doppelt_kinematics': CMAKE_PREFIX_PATH=${CMAKE_PREFIX_PATH}:/opt/ros/foxy /usr/bin/cmake /home/valdeus1151/Y3T1/FRA333_LAB_HW/LAB4/src/lab4_29/doppelt_kinematics -DAMENT_CMAKE_SYMLINK_INSTALL=1 -DCMAKE_INSTALL_PREFIX=/home/valdeus1151/Y3T1/FRA333_LAB_HW/LAB4/install/doppelt_kinematics
[0.090s] -- The C compiler identification is GNU 9.4.0
[0.161s] -- The CXX compiler identification is GNU 9.4.0
[0.169s] -- Check for working C compiler: /usr/bin/cc
[0.249s] -- Check for working C compiler: /usr/bin/cc -- works
[0.251s] -- Detecting C compiler ABI info
[0.343s] -- Detecting C compiler ABI info - done
[0.357s] -- Detecting C compile features
[0.358s] -- Detecting C compile features - done
[0.361s] -- Check for working CXX compiler: /usr/bin/c++
[0.472s] -- Check for working CXX compiler: /usr/bin/c++ -- works
[0.474s] -- Detecting CXX compiler ABI info
[0.573s] -- Detecting CXX compiler ABI info - done
[0.587s] -- Detecting CXX compile features
[0.587s] -- Detecting CXX compile features - done
[0.590s] -- Found rosidl_default_generators: 1.0.1 (/opt/ros/foxy/share/rosidl_default_generators/cmake)
[0.591s] -- Found ament_cmake_core: 0.9.11 (/opt/ros/foxy/share/ament_cmake_core/cmake)
[0.618s] -- Found PythonInterp: /usr/bin/python3 (found suitable version "3.8.10", minimum required is "3") 
[0.618s] -- Using PYTHON_EXECUTABLE: /usr/bin/python3
[0.830s] -- Override CMake install command with custom implementation using symlinks instead of copying resources
[0.841s] -- Using all available rosidl_typesupport_c: rosidl_typesupport_fastrtps_c;rosidl_typesupport_introspection_c
[0.857s] -- Found rosidl_adapter: 1.3.0 (/opt/ros/foxy/share/rosidl_adapter/cmake)
[1.013s] -- Found OpenSSL: /usr/lib/x86_64-linux-gnu/libcrypto.so (found version "1.1.1f")  
[1.049s] -- Found FastRTPS: /opt/ros/foxy/include  
[1.195s] -- Using all available rosidl_typesupport_cpp: rosidl_typesupport_fastrtps_cpp;rosidl_typesupport_introspection_cpp
[1.259s] -- Found geometry_msgs: 2.0.5 (/opt/ros/foxy/share/geometry_msgs/cmake)
[1.359s] -- Found rclcpp: 2.4.2 (/opt/ros/foxy/share/rclcpp/cmake)
[1.420s] -- Found rmw_implementation_cmake: 1.0.3 (/opt/ros/foxy/share/rmw_implementation_cmake/cmake)
[1.422s] -- Using RMW implementation 'rmw_fastrtps_cpp' as default
[1.423s] -- Looking for pthread.h
[1.508s] -- Looking for pthread.h - found
[1.508s] -- Performing Test CMAKE_HAVE_LIBC_PTHREAD
[1.599s] -- Performing Test CMAKE_HAVE_LIBC_PTHREAD - Failed
[1.600s] -- Looking for pthread_create in pthreads
[1.673s] -- Looking for pthread_create in pthreads - not found
[1.673s] -- Looking for pthread_create in pthread
[1.757s] -- Looking for pthread_create in pthread - found
[1.759s] -- Found Threads: TRUE  
[1.965s] -- Found rclpy: 1.0.11 (/opt/ros/foxy/share/rclpy/cmake)
[2.084s] -- Configuring done
[2.089s] -- Generating done
[2.089s] -- Build files have been written to: /home/valdeus1151/Y3T1/FRA333_LAB_HW/LAB4/build/doppelt_kinematics
[2.105s] Invoked command in '/home/valdeus1151/Y3T1/FRA333_LAB_HW/LAB4/build/doppelt_kinematics' returned '0': CMAKE_PREFIX_PATH=${CMAKE_PREFIX_PATH}:/opt/ros/foxy /usr/bin/cmake /home/valdeus1151/Y3T1/FRA333_LAB_HW/LAB4/src/lab4_29/doppelt_kinematics -DAMENT_CMAKE_SYMLINK_INSTALL=1 -DCMAKE_INSTALL_PREFIX=/home/valdeus1151/Y3T1/FRA333_LAB_HW/LAB4/install/doppelt_kinematics
[2.108s] Invoking command in '/home/valdeus1151/Y3T1/FRA333_LAB_HW/LAB4/build/doppelt_kinematics': CMAKE_PREFIX_PATH=${CMAKE_PREFIX_PATH}:/opt/ros/foxy /usr/bin/cmake --build /home/valdeus1151/Y3T1/FRA333_LAB_HW/LAB4/build/doppelt_kinematics -- -j12 -l12
[2.155s] Invoked command in '/home/valdeus1151/Y3T1/FRA333_LAB_HW/LAB4/build/doppelt_kinematics' returned '0': CMAKE_PREFIX_PATH=${CMAKE_PREFIX_PATH}:/opt/ros/foxy /usr/bin/cmake --build /home/valdeus1151/Y3T1/FRA333_LAB_HW/LAB4/build/doppelt_kinematics -- -j12 -l12
[2.186s] Invoking command in '/home/valdeus1151/Y3T1/FRA333_LAB_HW/LAB4/build/doppelt_kinematics': CMAKE_PREFIX_PATH=${CMAKE_PREFIX_PATH}:/opt/ros/foxy /usr/bin/cmake --install /home/valdeus1151/Y3T1/FRA333_LAB_HW/LAB4/build/doppelt_kinematics
[2.197s] -- Install configuration: ""
[2.198s] -- Execute custom install script
[2.198s] -- Symlinking: /home/valdeus1151/Y3T1/FRA333_LAB_HW/LAB4/install/doppelt_kinematics/share/doppelt_kinematics/environment/pythonpath.sh
[2.211s] -- Symlinking: /home/valdeus1151/Y3T1/FRA333_LAB_HW/LAB4/install/doppelt_kinematics/share/doppelt_kinematics/environment/pythonpath.dsv
[2.223s] -- Symlinking: /home/valdeus1151/Y3T1/FRA333_LAB_HW/LAB4/install/doppelt_kinematics/lib/python3.8/site-packages/doppelt_kinematics/__init__.py
[2.236s] -- Symlinking: /home/valdeus1151/Y3T1/FRA333_LAB_HW/LAB4/install/doppelt_kinematics/lib/doppelt_kinematics/proximity_server.py
[2.247s] -- Symlinking: /home/valdeus1151/Y3T1/FRA333_LAB_HW/LAB4/install/doppelt_kinematics/lib/doppelt_kinematics/traject_tracking_server.py
[2.260s] -- Symlinking: /home/valdeus1151/Y3T1/FRA333_LAB_HW/LAB4/install/doppelt_kinematics/share/doppelt_kinematics/scripts/proximity_server.py
[2.272s] -- Symlinking: /home/valdeus1151/Y3T1/FRA333_LAB_HW/LAB4/install/doppelt_kinematics/share/doppelt_kinematics/scripts/traject_tracking_server.py
[2.285s] -- Symlinking: /home/valdeus1151/Y3T1/FRA333_LAB_HW/LAB4/install/doppelt_kinematics/share/ament_index/resource_index/package_run_dependencies/doppelt_kinematics
[2.297s] -- Symlinking: /home/valdeus1151/Y3T1/FRA333_LAB_HW/LAB4/install/doppelt_kinematics/share/ament_index/resource_index/parent_prefix_path/doppelt_kinematics
[2.309s] -- Symlinking: /home/valdeus1151/Y3T1/FRA333_LAB_HW/LAB4/install/doppelt_kinematics/share/doppelt_kinematics/environment/ament_prefix_path.sh
[2.320s] -- Symlinking: /home/valdeus1151/Y3T1/FRA333_LAB_HW/LAB4/install/doppelt_kinematics/share/doppelt_kinematics/environment/ament_prefix_path.dsv
[2.334s] -- Symlinking: /home/valdeus1151/Y3T1/FRA333_LAB_HW/LAB4/install/doppelt_kinematics/share/doppelt_kinematics/environment/path.sh
[2.346s] -- Symlinking: /home/valdeus1151/Y3T1/FRA333_LAB_HW/LAB4/install/doppelt_kinematics/share/doppelt_kinematics/environment/path.dsv
[2.357s] -- Symlinking: /home/valdeus1151/Y3T1/FRA333_LAB_HW/LAB4/install/doppelt_kinematics/share/doppelt_kinematics/local_setup.bash
[2.370s] -- Symlinking: /home/valdeus1151/Y3T1/FRA333_LAB_HW/LAB4/install/doppelt_kinematics/share/doppelt_kinematics/local_setup.sh
[2.382s] -- Symlinking: /home/valdeus1151/Y3T1/FRA333_LAB_HW/LAB4/install/doppelt_kinematics/share/doppelt_kinematics/local_setup.zsh
[2.399s] -- Symlinking: /home/valdeus1151/Y3T1/FRA333_LAB_HW/LAB4/install/doppelt_kinematics/share/doppelt_kinematics/local_setup.dsv
[2.408s] -- Symlinking: /home/valdeus1151/Y3T1/FRA333_LAB_HW/LAB4/install/doppelt_kinematics/share/doppelt_kinematics/package.dsv
[2.420s] -- Symlinking: /home/valdeus1151/Y3T1/FRA333_LAB_HW/LAB4/install/doppelt_kinematics/share/ament_index/resource_index/packages/doppelt_kinematics
[2.434s] -- Symlinking: /home/valdeus1151/Y3T1/FRA333_LAB_HW/LAB4/install/doppelt_kinematics/share/doppelt_kinematics/cmake/doppelt_kinematicsConfig.cmake
[2.446s] -- Symlinking: /home/valdeus1151/Y3T1/FRA333_LAB_HW/LAB4/install/doppelt_kinematics/share/doppelt_kinematics/cmake/doppelt_kinematicsConfig-version.cmake
[2.459s] -- Symlinking: /home/valdeus1151/Y3T1/FRA333_LAB_HW/LAB4/install/doppelt_kinematics/share/doppelt_kinematics/package.xml
[2.519s] Listing '/home/valdeus1151/Y3T1/FRA333_LAB_HW/LAB4/install/doppelt_kinematics/lib/python3.8/site-packages/doppelt_kinematics'...
[2.519s] Compiling '/home/valdeus1151/Y3T1/FRA333_LAB_HW/LAB4/install/doppelt_kinematics/lib/python3.8/site-packages/doppelt_kinematics/__init__.py'...
[2.540s] Invoked command in '/home/valdeus1151/Y3T1/FRA333_LAB_HW/LAB4/build/doppelt_kinematics' returned '0': CMAKE_PREFIX_PATH=${CMAKE_PREFIX_PATH}:/opt/ros/foxy /usr/bin/cmake --install /home/valdeus1151/Y3T1/FRA333_LAB_HW/LAB4/build/doppelt_kinematics
