-- Found ament_cmake: 0.9.11 (/opt/ros/foxy/share/ament_cmake/cmake)
-- Found PythonInterp: /usr/bin/python3 (found suitable version "3.8.10", minimum required is "3") 
-- Using PYTHON_EXECUTABLE: /usr/bin/python3
-- Override CMake install command with custom implementation using symlinks instead of copying resources
-- Found ament_lint_auto: 0.9.7 (/opt/ros/foxy/share/ament_lint_auto/cmake)
-- Found rosidl_default_generators: 1.0.1 (/opt/ros/foxy/share/rosidl_default_generators/cmake)
-- Using all available rosidl_typesupport_c: rosidl_typesupport_fastrtps_c;rosidl_typesupport_introspection_c
-- Found rosidl_adapter: 1.3.0 (/opt/ros/foxy/share/rosidl_adapter/cmake)
-- Using all available rosidl_typesupport_cpp: rosidl_typesupport_fastrtps_cpp;rosidl_typesupport_introspection_cpp
-- Found geometry_msgs: 2.0.5 (/opt/ros/foxy/share/geometry_msgs/cmake)
-- Found sensor_msgs: 2.0.5 (/opt/ros/foxy/share/sensor_msgs/cmake)
-- Found PythonInterp: /usr/bin/python3 (found version "3.8.10") 
-- Found ament_cmake_ros: 0.9.2 (/opt/ros/foxy/share/ament_cmake_ros/cmake)
-- Using all available rosidl_typesupport_c: rosidl_typesupport_fastrtps_c;rosidl_typesupport_introspection_c
-- Using all available rosidl_typesupport_cpp: rosidl_typesupport_fastrtps_cpp;rosidl_typesupport_introspection_cpp
-- Found PythonInterp: /usr/bin/python3 (found suitable version "3.8.10", minimum required is "3.5") 
-- Found python_cmake_module: 0.8.1 (/opt/ros/foxy/share/python_cmake_module/cmake)
-- Using PYTHON_EXECUTABLE: /usr/bin/python3
-- Using PYTHON_INCLUDE_DIRS: /usr/include/python3.8
-- Using PYTHON_LIBRARIES: /usr/lib/x86_64-linux-gnu/libpython3.8.so
-- Added test 'copyright' to check source files copyright and LICENSE
-- Added test 'lint_cmake' to check CMake code style
-- Added test 'xmllint' to check XML markup files
-- Configuring done
-- Generating done
-- Build files have been written to: /home/omzlette/gitRos/LAB2/build/sandevistan_kinematics_interfaces
[  2%] Built target sandevistan_kinematics_interfaces__cpp
[ 12%] Built target sandevistan_kinematics_interfaces__rosidl_generator_c
[ 23%] Built target sandevistan_kinematics_interfaces__rosidl_typesupport_introspection_cpp
[ 33%] Built target sandevistan_kinematics_interfaces__rosidl_typesupport_cpp
[ 43%] Built target sandevistan_kinematics_interfaces__rosidl_typesupport_c
[ 56%] Built target sandevistan_kinematics_interfaces__rosidl_typesupport_introspection_c
[ 64%] Built target sandevistan_kinematics_interfaces__rosidl_typesupport_fastrtps_cpp
[ 74%] Built target sandevistan_kinematics_interfaces__rosidl_typesupport_fastrtps_c
[ 74%] Built target sandevistan_kinematics_interfaces
[ 76%] Built target sandevistan_kinematics_interfaces__py
[ 84%] Built target sandevistan_kinematics_interfaces__python
[ 97%] Built target sandevistan_kinematics_interfaces__rosidl_typesupport_introspection_c__pyext
[ 97%] Built target sandevistan_kinematics_interfaces__rosidl_typesupport_fastrtps_c__pyext
[100%] Built target sandevistan_kinematics_interfaces__rosidl_typesupport_c__pyext
-- Install configuration: ""
-- Execute custom install script
-- Up-to-date symlink: /home/omzlette/gitRos/LAB2/install/sandevistan_kinematics_interfaces/share/ament_index/resource_index/rosidl_interfaces/sandevistan_kinematics_interfaces
-- Up-to-date symlink: /home/omzlette/gitRos/LAB2/install/sandevistan_kinematics_interfaces/include/sandevistan_kinematics_interfaces/msg/rosidl_generator_c__visibility_control.h
-- Up-to-date symlink: /home/omzlette/gitRos/LAB2/install/sandevistan_kinematics_interfaces/include/sandevistan_kinematics_interfaces/srv/detail/get_position__functions.h
-- Up-to-date symlink: /home/omzlette/gitRos/LAB2/install/sandevistan_kinematics_interfaces/include/sandevistan_kinematics_interfaces/srv/detail/get_position__struct.h
-- Up-to-date symlink: /home/omzlette/gitRos/LAB2/install/sandevistan_kinematics_interfaces/include/sandevistan_kinematics_interfaces/srv/detail/get_position__type_support.h
-- Up-to-date symlink: /home/omzlette/gitRos/LAB2/install/sandevistan_kinematics_interfaces/include/sandevistan_kinematics_interfaces/srv/detail/solve_ik__functions.h
-- Up-to-date symlink: /home/omzlette/gitRos/LAB2/install/sandevistan_kinematics_interfaces/include/sandevistan_kinematics_interfaces/srv/detail/solve_ik__struct.h
-- Up-to-date symlink: /home/omzlette/gitRos/LAB2/install/sandevistan_kinematics_interfaces/include/sandevistan_kinematics_interfaces/srv/detail/solve_ik__type_support.h
-- Up-to-date symlink: /home/omzlette/gitRos/LAB2/install/sandevistan_kinematics_interfaces/include/sandevistan_kinematics_interfaces/srv/get_position.h
-- Up-to-date symlink: /home/omzlette/gitRos/LAB2/install/sandevistan_kinematics_interfaces/include/sandevistan_kinematics_interfaces/srv/solve_ik.h
-- Up-to-date symlink: /home/omzlette/gitRos/LAB2/install/sandevistan_kinematics_interfaces/share/sandevistan_kinematics_interfaces/environment/library_path.sh
-- Up-to-date symlink: /home/omzlette/gitRos/LAB2/install/sandevistan_kinematics_interfaces/share/sandevistan_kinematics_interfaces/environment/library_path.dsv
-- Up-to-date symlink: /home/omzlette/gitRos/LAB2/install/sandevistan_kinematics_interfaces/include/sandevistan_kinematics_interfaces/msg/rosidl_typesupport_fastrtps_c__visibility_control.h
-- Up-to-date symlink: /home/omzlette/gitRos/LAB2/install/sandevistan_kinematics_interfaces/include/sandevistan_kinematics_interfaces/srv/detail/get_position__rosidl_typesupport_fastrtps_c.h
-- Up-to-date symlink: /home/omzlette/gitRos/LAB2/install/sandevistan_kinematics_interfaces/include/sandevistan_kinematics_interfaces/srv/detail/solve_ik__rosidl_typesupport_fastrtps_c.h
-- Up-to-date symlink: /home/omzlette/gitRos/LAB2/install/sandevistan_kinematics_interfaces/lib/libsandevistan_kinematics_interfaces__rosidl_typesupport_fastrtps_c.so
-- Up-to-date symlink: /home/omzlette/gitRos/LAB2/install/sandevistan_kinematics_interfaces/include/sandevistan_kinematics_interfaces/msg/rosidl_typesupport_fastrtps_cpp__visibility_control.h
-- Up-to-date symlink: /home/omzlette/gitRos/LAB2/install/sandevistan_kinematics_interfaces/include/sandevistan_kinematics_interfaces/srv/detail/get_position__rosidl_typesupport_fastrtps_cpp.hpp
-- Up-to-date symlink: /home/omzlette/gitRos/LAB2/install/sandevistan_kinematics_interfaces/include/sandevistan_kinematics_interfaces/srv/detail/solve_ik__rosidl_typesupport_fastrtps_cpp.hpp
-- Up-to-date symlink: /home/omzlette/gitRos/LAB2/install/sandevistan_kinematics_interfaces/lib/libsandevistan_kinematics_interfaces__rosidl_typesupport_fastrtps_cpp.so
-- Up-to-date symlink: /home/omzlette/gitRos/LAB2/install/sandevistan_kinematics_interfaces/include/sandevistan_kinematics_interfaces/msg/rosidl_typesupport_introspection_c__visibility_control.h
-- Up-to-date symlink: /home/omzlette/gitRos/LAB2/install/sandevistan_kinematics_interfaces/include/sandevistan_kinematics_interfaces/srv/detail/get_position__rosidl_typesupport_introspection_c.h
-- Up-to-date symlink: /home/omzlette/gitRos/LAB2/install/sandevistan_kinematics_interfaces/include/sandevistan_kinematics_interfaces/srv/detail/solve_ik__rosidl_typesupport_introspection_c.h
-- Up-to-date symlink: /home/omzlette/gitRos/LAB2/install/sandevistan_kinematics_interfaces/include/sandevistan_kinematics_interfaces/srv/detail/get_position__builder.hpp
-- Up-to-date symlink: /home/omzlette/gitRos/LAB2/install/sandevistan_kinematics_interfaces/include/sandevistan_kinematics_interfaces/srv/detail/get_position__struct.hpp
-- Up-to-date symlink: /home/omzlette/gitRos/LAB2/install/sandevistan_kinematics_interfaces/include/sandevistan_kinematics_interfaces/srv/detail/get_position__traits.hpp
-- Up-to-date symlink: /home/omzlette/gitRos/LAB2/install/sandevistan_kinematics_interfaces/include/sandevistan_kinematics_interfaces/srv/detail/solve_ik__builder.hpp
-- Up-to-date symlink: /home/omzlette/gitRos/LAB2/install/sandevistan_kinematics_interfaces/include/sandevistan_kinematics_interfaces/srv/detail/solve_ik__struct.hpp
-- Up-to-date symlink: /home/omzlette/gitRos/LAB2/install/sandevistan_kinematics_interfaces/include/sandevistan_kinematics_interfaces/srv/detail/solve_ik__traits.hpp
-- Up-to-date symlink: /home/omzlette/gitRos/LAB2/install/sandevistan_kinematics_interfaces/include/sandevistan_kinematics_interfaces/srv/get_position.hpp
-- Up-to-date symlink: /home/omzlette/gitRos/LAB2/install/sandevistan_kinematics_interfaces/include/sandevistan_kinematics_interfaces/srv/solve_ik.hpp
-- Up-to-date symlink: /home/omzlette/gitRos/LAB2/install/sandevistan_kinematics_interfaces/include/sandevistan_kinematics_interfaces/srv/detail/get_position__rosidl_typesupport_introspection_cpp.hpp
-- Up-to-date symlink: /home/omzlette/gitRos/LAB2/install/sandevistan_kinematics_interfaces/include/sandevistan_kinematics_interfaces/srv/detail/solve_ik__rosidl_typesupport_introspection_cpp.hpp
-- Up-to-date symlink: /home/omzlette/gitRos/LAB2/install/sandevistan_kinematics_interfaces/share/sandevistan_kinematics_interfaces/environment/pythonpath.sh
-- Up-to-date symlink: /home/omzlette/gitRos/LAB2/install/sandevistan_kinematics_interfaces/share/sandevistan_kinematics_interfaces/environment/pythonpath.dsv
-- Up-to-date symlink: /home/omzlette/gitRos/LAB2/install/sandevistan_kinematics_interfaces/lib/python3.8/site-packages/sandevistan_kinematics_interfaces/__init__.py
-- Up-to-date symlink: /home/omzlette/gitRos/LAB2/install/sandevistan_kinematics_interfaces/lib/python3.8/site-packages/sandevistan_kinematics_interfaces/srv/__init__.py
-- Up-to-date symlink: /home/omzlette/gitRos/LAB2/install/sandevistan_kinematics_interfaces/lib/python3.8/site-packages/sandevistan_kinematics_interfaces/srv/_get_position.py
-- Up-to-date symlink: /home/omzlette/gitRos/LAB2/install/sandevistan_kinematics_interfaces/lib/python3.8/site-packages/sandevistan_kinematics_interfaces/srv/_solve_ik.py
-- Up-to-date symlink: /home/omzlette/gitRos/LAB2/install/sandevistan_kinematics_interfaces/lib/python3.8/site-packages/sandevistan_kinematics_interfaces/sandevistan_kinematics_interfaces_s__rosidl_typesupport_fastrtps_c.cpython-38-x86_64-linux-gnu.so
-- Up-to-date symlink: /home/omzlette/gitRos/LAB2/install/sandevistan_kinematics_interfaces/lib/python3.8/site-packages/sandevistan_kinematics_interfaces/sandevistan_kinematics_interfaces_s__rosidl_typesupport_introspection_c.cpython-38-x86_64-linux-gnu.so
-- Up-to-date symlink: /home/omzlette/gitRos/LAB2/install/sandevistan_kinematics_interfaces/lib/python3.8/site-packages/sandevistan_kinematics_interfaces/sandevistan_kinematics_interfaces_s__rosidl_typesupport_c.cpython-38-x86_64-linux-gnu.so
-- Up-to-date symlink: /home/omzlette/gitRos/LAB2/install/sandevistan_kinematics_interfaces/lib/libsandevistan_kinematics_interfaces__python.so
-- Up-to-date symlink: /home/omzlette/gitRos/LAB2/install/sandevistan_kinematics_interfaces/share/sandevistan_kinematics_interfaces/srv/SolveIK.idl
-- Up-to-date symlink: /home/omzlette/gitRos/LAB2/install/sandevistan_kinematics_interfaces/share/sandevistan_kinematics_interfaces/srv/GetPosition.idl
-- Up-to-date symlink: /home/omzlette/gitRos/LAB2/install/sandevistan_kinematics_interfaces/share/sandevistan_kinematics_interfaces/srv/SolveIK.srv
-- Up-to-date symlink: /home/omzlette/gitRos/LAB2/install/sandevistan_kinematics_interfaces/share/sandevistan_kinematics_interfaces/srv/SolveIK_Request.msg
-- Up-to-date symlink: /home/omzlette/gitRos/LAB2/install/sandevistan_kinematics_interfaces/share/sandevistan_kinematics_interfaces/srv/SolveIK_Response.msg
-- Up-to-date symlink: /home/omzlette/gitRos/LAB2/install/sandevistan_kinematics_interfaces/share/sandevistan_kinematics_interfaces/srv/GetPosition.srv
-- Up-to-date symlink: /home/omzlette/gitRos/LAB2/install/sandevistan_kinematics_interfaces/share/sandevistan_kinematics_interfaces/srv/GetPosition_Request.msg
-- Up-to-date symlink: /home/omzlette/gitRos/LAB2/install/sandevistan_kinematics_interfaces/share/sandevistan_kinematics_interfaces/srv/GetPosition_Response.msg
-- Up-to-date symlink: /home/omzlette/gitRos/LAB2/install/sandevistan_kinematics_interfaces/share/ament_index/resource_index/package_run_dependencies/sandevistan_kinematics_interfaces
-- Up-to-date symlink: /home/omzlette/gitRos/LAB2/install/sandevistan_kinematics_interfaces/share/ament_index/resource_index/parent_prefix_path/sandevistan_kinematics_interfaces
-- Up-to-date symlink: /home/omzlette/gitRos/LAB2/install/sandevistan_kinematics_interfaces/share/sandevistan_kinematics_interfaces/environment/ament_prefix_path.sh
-- Up-to-date symlink: /home/omzlette/gitRos/LAB2/install/sandevistan_kinematics_interfaces/share/sandevistan_kinematics_interfaces/environment/ament_prefix_path.dsv
-- Up-to-date symlink: /home/omzlette/gitRos/LAB2/install/sandevistan_kinematics_interfaces/share/sandevistan_kinematics_interfaces/environment/path.sh
-- Up-to-date symlink: /home/omzlette/gitRos/LAB2/install/sandevistan_kinematics_interfaces/share/sandevistan_kinematics_interfaces/environment/path.dsv
-- Up-to-date symlink: /home/omzlette/gitRos/LAB2/install/sandevistan_kinematics_interfaces/share/sandevistan_kinematics_interfaces/local_setup.bash
-- Up-to-date symlink: /home/omzlette/gitRos/LAB2/install/sandevistan_kinematics_interfaces/share/sandevistan_kinematics_interfaces/local_setup.sh
-- Up-to-date symlink: /home/omzlette/gitRos/LAB2/install/sandevistan_kinematics_interfaces/share/sandevistan_kinematics_interfaces/local_setup.zsh
-- Up-to-date symlink: /home/omzlette/gitRos/LAB2/install/sandevistan_kinematics_interfaces/share/sandevistan_kinematics_interfaces/local_setup.dsv
-- Symlinking: /home/omzlette/gitRos/LAB2/install/sandevistan_kinematics_interfaces/share/sandevistan_kinematics_interfaces/package.dsv
-- Up-to-date symlink: /home/omzlette/gitRos/LAB2/install/sandevistan_kinematics_interfaces/share/ament_index/resource_index/packages/sandevistan_kinematics_interfaces
-- Up-to-date symlink: /home/omzlette/gitRos/LAB2/install/sandevistan_kinematics_interfaces/share/sandevistan_kinematics_interfaces/cmake/rosidl_cmake-extras.cmake
-- Up-to-date symlink: /home/omzlette/gitRos/LAB2/install/sandevistan_kinematics_interfaces/share/sandevistan_kinematics_interfaces/cmake/ament_cmake_export_dependencies-extras.cmake
-- Up-to-date symlink: /home/omzlette/gitRos/LAB2/install/sandevistan_kinematics_interfaces/share/sandevistan_kinematics_interfaces/cmake/ament_cmake_export_libraries-extras.cmake
-- Up-to-date symlink: /home/omzlette/gitRos/LAB2/install/sandevistan_kinematics_interfaces/share/sandevistan_kinematics_interfaces/cmake/ament_cmake_export_targets-extras.cmake
-- Up-to-date symlink: /home/omzlette/gitRos/LAB2/install/sandevistan_kinematics_interfaces/share/sandevistan_kinematics_interfaces/cmake/ament_cmake_export_include_directories-extras.cmake
-- Up-to-date symlink: /home/omzlette/gitRos/LAB2/install/sandevistan_kinematics_interfaces/share/sandevistan_kinematics_interfaces/cmake/rosidl_cmake_export_typesupport_libraries-extras.cmake
-- Up-to-date symlink: /home/omzlette/gitRos/LAB2/install/sandevistan_kinematics_interfaces/share/sandevistan_kinematics_interfaces/cmake/rosidl_cmake_export_typesupport_targets-extras.cmake
-- Up-to-date symlink: /home/omzlette/gitRos/LAB2/install/sandevistan_kinematics_interfaces/share/sandevistan_kinematics_interfaces/cmake/sandevistan_kinematics_interfacesConfig.cmake
-- Up-to-date symlink: /home/omzlette/gitRos/LAB2/install/sandevistan_kinematics_interfaces/share/sandevistan_kinematics_interfaces/cmake/sandevistan_kinematics_interfacesConfig-version.cmake
-- Up-to-date symlink: /home/omzlette/gitRos/LAB2/install/sandevistan_kinematics_interfaces/share/sandevistan_kinematics_interfaces/package.xml
-- Up-to-date: /home/omzlette/gitRos/LAB2/install/sandevistan_kinematics_interfaces/lib/libsandevistan_kinematics_interfaces__rosidl_generator_c.so
-- Up-to-date: /home/omzlette/gitRos/LAB2/install/sandevistan_kinematics_interfaces/lib/libsandevistan_kinematics_interfaces__rosidl_typesupport_introspection_c.so
-- Up-to-date: /home/omzlette/gitRos/LAB2/install/sandevistan_kinematics_interfaces/lib/libsandevistan_kinematics_interfaces__rosidl_typesupport_c.so
-- Up-to-date: /home/omzlette/gitRos/LAB2/install/sandevistan_kinematics_interfaces/lib/libsandevistan_kinematics_interfaces__rosidl_typesupport_introspection_cpp.so
-- Up-to-date: /home/omzlette/gitRos/LAB2/install/sandevistan_kinematics_interfaces/lib/libsandevistan_kinematics_interfaces__rosidl_typesupport_cpp.so
Compiling '/home/omzlette/gitRos/LAB2/install/sandevistan_kinematics_interfaces/lib/python3.8/site-packages/sandevistan_kinematics_interfaces/__init__.py'...
-- Up-to-date: /home/omzlette/gitRos/LAB2/install/sandevistan_kinematics_interfaces/share/sandevistan_kinematics_interfaces/cmake/sandevistan_kinematics_interfaces__rosidl_generator_cExport.cmake
-- Installing: /home/omzlette/gitRos/LAB2/install/sandevistan_kinematics_interfaces/share/sandevistan_kinematics_interfaces/cmake/sandevistan_kinematics_interfaces__rosidl_generator_cExport-noconfig.cmake
-- Up-to-date: /home/omzlette/gitRos/LAB2/install/sandevistan_kinematics_interfaces/share/sandevistan_kinematics_interfaces/cmake/sandevistan_kinematics_interfaces__rosidl_typesupport_introspection_cExport.cmake
-- Installing: /home/omzlette/gitRos/LAB2/install/sandevistan_kinematics_interfaces/share/sandevistan_kinematics_interfaces/cmake/sandevistan_kinematics_interfaces__rosidl_typesupport_introspection_cExport-noconfig.cmake
-- Up-to-date: /home/omzlette/gitRos/LAB2/install/sandevistan_kinematics_interfaces/share/sandevistan_kinematics_interfaces/cmake/sandevistan_kinematics_interfaces__rosidl_typesupport_cExport.cmake
-- Installing: /home/omzlette/gitRos/LAB2/install/sandevistan_kinematics_interfaces/share/sandevistan_kinematics_interfaces/cmake/sandevistan_kinematics_interfaces__rosidl_typesupport_cExport-noconfig.cmake
-- Up-to-date: /home/omzlette/gitRos/LAB2/install/sandevistan_kinematics_interfaces/share/sandevistan_kinematics_interfaces/cmake/sandevistan_kinematics_interfaces__rosidl_generator_cppExport.cmake
-- Up-to-date: /home/omzlette/gitRos/LAB2/install/sandevistan_kinematics_interfaces/share/sandevistan_kinematics_interfaces/cmake/sandevistan_kinematics_interfaces__rosidl_typesupport_introspection_cppExport.cmake
-- Installing: /home/omzlette/gitRos/LAB2/install/sandevistan_kinematics_interfaces/share/sandevistan_kinematics_interfaces/cmake/sandevistan_kinematics_interfaces__rosidl_typesupport_introspection_cppExport-noconfig.cmake
-- Up-to-date: /home/omzlette/gitRos/LAB2/install/sandevistan_kinematics_interfaces/share/sandevistan_kinematics_interfaces/cmake/sandevistan_kinematics_interfaces__rosidl_typesupport_cppExport.cmake
-- Installing: /home/omzlette/gitRos/LAB2/install/sandevistan_kinematics_interfaces/share/sandevistan_kinematics_interfaces/cmake/sandevistan_kinematics_interfaces__rosidl_typesupport_cppExport-noconfig.cmake
