[0.025s] Invoking command in '/home/omzlette/gitRos/LAB2/build/sandevistan_kinematics': CMAKE_PREFIX_PATH=${CMAKE_PREFIX_PATH}:/opt/ros/foxy /usr/bin/cmake /home/omzlette/gitRos/LAB2/src/sandevistan_kinematics -DAMENT_CMAKE_SYMLINK_INSTALL=1 -DCMAKE_INSTALL_PREFIX=/home/omzlette/gitRos/LAB2/install/sandevistan_kinematics
[0.062s] -- The C compiler identification is GNU 9.4.0
[0.101s] -- The CXX compiler identification is GNU 9.4.0
[0.104s] -- Check for working C compiler: /usr/bin/cc
[0.153s] -- Check for working C compiler: /usr/bin/cc -- works
[0.153s] -- Detecting C compiler ABI info
[0.201s] -- Detecting C compiler ABI info - done
[0.212s] -- Detecting C compile features
[0.212s] -- Detecting C compile features - done
[0.214s] -- Check for working CXX compiler: /usr/bin/c++
[0.268s] -- Check for working CXX compiler: /usr/bin/c++ -- works
[0.269s] -- Detecting CXX compiler ABI info
[0.325s] -- Detecting CXX compiler ABI info - done
[0.334s] -- Detecting CXX compile features
[0.335s] -- Detecting CXX compile features - done
[0.336s] -- Found ament_cmake: 0.9.11 (/opt/ros/foxy/share/ament_cmake/cmake)
[0.354s] -- Found PythonInterp: /usr/bin/python3 (found suitable version "3.8.10", minimum required is "3") 
[0.354s] -- Using PYTHON_EXECUTABLE: /usr/bin/python3
[0.503s] -- Override CMake install command with custom implementation using symlinks instead of copying resources
[0.520s] -- Found rclcpp: 2.4.2 (/opt/ros/foxy/share/rclcpp/cmake)
[0.554s] -- Using all available rosidl_typesupport_c: rosidl_typesupport_fastrtps_c;rosidl_typesupport_introspection_c
[0.559s] -- Found rosidl_adapter: 1.3.0 (/opt/ros/foxy/share/rosidl_adapter/cmake)
[0.610s] -- Found OpenSSL: /usr/lib/x86_64-linux-gnu/libcrypto.so (found version "1.1.1f")  
[0.632s] -- Found FastRTPS: /opt/ros/foxy/include  
[0.691s] -- Using all available rosidl_typesupport_cpp: rosidl_typesupport_fastrtps_cpp;rosidl_typesupport_introspection_cpp
[0.736s] -- Found rmw_implementation_cmake: 1.0.3 (/opt/ros/foxy/share/rmw_implementation_cmake/cmake)
[0.737s] -- Using RMW implementation 'rmw_fastrtps_cpp' as default
[0.738s] -- Looking for pthread.h
[0.787s] -- Looking for pthread.h - found
[0.787s] -- Performing Test CMAKE_HAVE_LIBC_PTHREAD
[0.839s] -- Performing Test CMAKE_HAVE_LIBC_PTHREAD - Failed
[0.839s] -- Looking for pthread_create in pthreads
[0.880s] -- Looking for pthread_create in pthreads - not found
[0.880s] -- Looking for pthread_create in pthread
[0.933s] -- Looking for pthread_create in pthread - found
[0.934s] -- Found Threads: TRUE  
[1.063s] -- Found rclpy: 1.0.10 (/opt/ros/foxy/share/rclpy/cmake)
[1.132s] -- Configuring done
[1.134s] -- Generating done
[1.135s] -- Build files have been written to: /home/omzlette/gitRos/LAB2/build/sandevistan_kinematics
[1.139s] Invoked command in '/home/omzlette/gitRos/LAB2/build/sandevistan_kinematics' returned '0': CMAKE_PREFIX_PATH=${CMAKE_PREFIX_PATH}:/opt/ros/foxy /usr/bin/cmake /home/omzlette/gitRos/LAB2/src/sandevistan_kinematics -DAMENT_CMAKE_SYMLINK_INSTALL=1 -DCMAKE_INSTALL_PREFIX=/home/omzlette/gitRos/LAB2/install/sandevistan_kinematics
[1.141s] Invoking command in '/home/omzlette/gitRos/LAB2/build/sandevistan_kinematics': CMAKE_PREFIX_PATH=${CMAKE_PREFIX_PATH}:/opt/ros/foxy /usr/bin/cmake --build /home/omzlette/gitRos/LAB2/build/sandevistan_kinematics -- -j12 -l12
[1.170s] Invoked command in '/home/omzlette/gitRos/LAB2/build/sandevistan_kinematics' returned '0': CMAKE_PREFIX_PATH=${CMAKE_PREFIX_PATH}:/opt/ros/foxy /usr/bin/cmake --build /home/omzlette/gitRos/LAB2/build/sandevistan_kinematics -- -j12 -l12
[1.195s] Invoking command in '/home/omzlette/gitRos/LAB2/build/sandevistan_kinematics': CMAKE_PREFIX_PATH=${CMAKE_PREFIX_PATH}:/opt/ros/foxy /usr/bin/cmake --install /home/omzlette/gitRos/LAB2/build/sandevistan_kinematics
[1.201s] -- Install configuration: ""
[1.201s] -- Execute custom install script
[1.201s] -- Symlinking: /home/omzlette/gitRos/LAB2/install/sandevistan_kinematics/share/sandevistan_kinematics/environment/pythonpath.sh
[1.209s] -- Symlinking: /home/omzlette/gitRos/LAB2/install/sandevistan_kinematics/share/sandevistan_kinematics/environment/pythonpath.dsv
[1.216s] -- Symlinking: /home/omzlette/gitRos/LAB2/install/sandevistan_kinematics/lib/python3.8/site-packages/sandevistan_kinematics/__init__.py
[1.222s] -- Symlinking: /home/omzlette/gitRos/LAB2/install/sandevistan_kinematics/lib/python3.8/site-packages/sandevistan_kinematics/robot_module.py
[1.229s] -- Symlinking: /home/omzlette/gitRos/LAB2/install/sandevistan_kinematics/lib/sandevistan_kinematics/robot_script.py
[1.236s] -- Symlinking: /home/omzlette/gitRos/LAB2/install/sandevistan_kinematics/share/sandevistan_kinematics/launch/display_with_kinematics_srv.launch.py
[1.242s] -- Symlinking: /home/omzlette/gitRos/LAB2/install/sandevistan_kinematics/share/ament_index/resource_index/package_run_dependencies/sandevistan_kinematics
[1.249s] -- Symlinking: /home/omzlette/gitRos/LAB2/install/sandevistan_kinematics/share/ament_index/resource_index/parent_prefix_path/sandevistan_kinematics
[1.255s] -- Symlinking: /home/omzlette/gitRos/LAB2/install/sandevistan_kinematics/share/sandevistan_kinematics/environment/ament_prefix_path.sh
[1.262s] -- Symlinking: /home/omzlette/gitRos/LAB2/install/sandevistan_kinematics/share/sandevistan_kinematics/environment/ament_prefix_path.dsv
[1.268s] -- Symlinking: /home/omzlette/gitRos/LAB2/install/sandevistan_kinematics/share/sandevistan_kinematics/environment/path.sh
[1.275s] -- Symlinking: /home/omzlette/gitRos/LAB2/install/sandevistan_kinematics/share/sandevistan_kinematics/environment/path.dsv
[1.282s] -- Symlinking: /home/omzlette/gitRos/LAB2/install/sandevistan_kinematics/share/sandevistan_kinematics/local_setup.bash
[1.288s] -- Symlinking: /home/omzlette/gitRos/LAB2/install/sandevistan_kinematics/share/sandevistan_kinematics/local_setup.sh
[1.295s] -- Symlinking: /home/omzlette/gitRos/LAB2/install/sandevistan_kinematics/share/sandevistan_kinematics/local_setup.zsh
[1.301s] -- Symlinking: /home/omzlette/gitRos/LAB2/install/sandevistan_kinematics/share/sandevistan_kinematics/local_setup.dsv
[1.308s] -- Symlinking: /home/omzlette/gitRos/LAB2/install/sandevistan_kinematics/share/sandevistan_kinematics/package.dsv
[1.314s] -- Symlinking: /home/omzlette/gitRos/LAB2/install/sandevistan_kinematics/share/ament_index/resource_index/packages/sandevistan_kinematics
[1.321s] -- Symlinking: /home/omzlette/gitRos/LAB2/install/sandevistan_kinematics/share/sandevistan_kinematics/cmake/sandevistan_kinematicsConfig.cmake
[1.327s] -- Symlinking: /home/omzlette/gitRos/LAB2/install/sandevistan_kinematics/share/sandevistan_kinematics/cmake/sandevistan_kinematicsConfig-version.cmake
[1.334s] -- Symlinking: /home/omzlette/gitRos/LAB2/install/sandevistan_kinematics/share/sandevistan_kinematics/package.xml
[1.365s] Listing '/home/omzlette/gitRos/LAB2/install/sandevistan_kinematics/lib/python3.8/site-packages/sandevistan_kinematics'...
[1.365s] Compiling '/home/omzlette/gitRos/LAB2/install/sandevistan_kinematics/lib/python3.8/site-packages/sandevistan_kinematics/__init__.py'...
[1.365s] Compiling '/home/omzlette/gitRos/LAB2/install/sandevistan_kinematics/lib/python3.8/site-packages/sandevistan_kinematics/robot_module.py'...
[1.370s] Invoked command in '/home/omzlette/gitRos/LAB2/build/sandevistan_kinematics' returned '0': CMAKE_PREFIX_PATH=${CMAKE_PREFIX_PATH}:/opt/ros/foxy /usr/bin/cmake --install /home/omzlette/gitRos/LAB2/build/sandevistan_kinematics
