[0.027s] Invoking command in '/home/omzlette/gitRos/LAB2/build/sandevistan_kinematics_interfaces': CMAKE_PREFIX_PATH=${CMAKE_PREFIX_PATH}:/opt/ros/foxy /usr/bin/cmake --build /home/omzlette/gitRos/LAB2/build/sandevistan_kinematics_interfaces -- -j12 -l12
[0.049s] -- Found ament_cmake: 0.9.11 (/opt/ros/foxy/share/ament_cmake/cmake)
[0.072s] -- Found PythonInterp: /usr/bin/python3 (found suitable version "3.8.10", minimum required is "3") 
[0.073s] -- Using PYTHON_EXECUTABLE: /usr/bin/python3
[0.242s] -- Override CMake install command with custom implementation using symlinks instead of copying resources
[0.249s] -- Found ament_lint_auto: 0.9.7 (/opt/ros/foxy/share/ament_lint_auto/cmake)
[0.311s] -- Found rosidl_default_generators: 1.0.1 (/opt/ros/foxy/share/rosidl_default_generators/cmake)
[0.313s] -- Using all available rosidl_typesupport_c: rosidl_typesupport_fastrtps_c;rosidl_typesupport_introspection_c
[0.316s] -- Found rosidl_adapter: 1.3.0 (/opt/ros/foxy/share/rosidl_adapter/cmake)
[0.448s] -- Using all available rosidl_typesupport_cpp: rosidl_typesupport_fastrtps_cpp;rosidl_typesupport_introspection_cpp
[0.475s] -- Found geometry_msgs: 2.0.5 (/opt/ros/foxy/share/geometry_msgs/cmake)
[0.555s] -- Found sensor_msgs: 2.0.5 (/opt/ros/foxy/share/sensor_msgs/cmake)
[0.661s] -- Found PythonInterp: /usr/bin/python3 (found version "3.8.10") 
[0.847s] -- Found ament_cmake_ros: 0.9.2 (/opt/ros/foxy/share/ament_cmake_ros/cmake)
[1.185s] -- Using all available rosidl_typesupport_c: rosidl_typesupport_fastrtps_c;rosidl_typesupport_introspection_c
[1.354s] -- Using all available rosidl_typesupport_cpp: rosidl_typesupport_fastrtps_cpp;rosidl_typesupport_introspection_cpp
[1.382s] -- Found PythonInterp: /usr/bin/python3 (found suitable version "3.8.10", minimum required is "3.5") 
[1.382s] -- Found python_cmake_module: 0.8.1 (/opt/ros/foxy/share/python_cmake_module/cmake)
[1.406s] -- Using PYTHON_EXECUTABLE: /usr/bin/python3
[1.406s] -- Using PYTHON_INCLUDE_DIRS: /usr/include/python3.8
[1.406s] -- Using PYTHON_LIBRARIES: /usr/lib/x86_64-linux-gnu/libpython3.8.so
[1.494s] -- Added test 'copyright' to check source files copyright and LICENSE
[1.496s] -- Added test 'lint_cmake' to check CMake code style
[1.496s] -- Added test 'xmllint' to check XML markup files
[1.504s] -- Configuring done
[1.572s] -- Generating done
[1.576s] -- Build files have been written to: /home/omzlette/gitRos/LAB2/build/sandevistan_kinematics_interfaces
[1.603s] [  2%] [34m[1mGenerating C code for ROS interfaces[0m
[1.613s] [  5%] [34m[1mGenerating C++ code for ROS interfaces[0m
[1.960s] [  5%] Built target sandevistan_kinematics_interfaces__cpp
[1.972s] [  7%] [34m[1mGenerating C++ type support dispatch for ROS interfaces[0m
[1.973s] [ 10%] [34m[1mGenerating C++ type support for eProsima Fast-RTPS[0m
[1.973s] [ 12%] [34m[1mGenerating C++ introspection for ROS interfaces[0m
[2.014s] [35m[1mScanning dependencies of target sandevistan_kinematics_interfaces__rosidl_generator_c[0m
[2.034s] [ 15%] [32mBuilding C object CMakeFiles/sandevistan_kinematics_interfaces__rosidl_generator_c.dir/rosidl_generator_c/sandevistan_kinematics_interfaces/srv/detail/solve_ik__functions.c.o[0m
[2.039s] [ 17%] [32mBuilding C object CMakeFiles/sandevistan_kinematics_interfaces__rosidl_generator_c.dir/rosidl_generator_c/sandevistan_kinematics_interfaces/srv/detail/get_position__functions.c.o[0m
[2.128s] [ 20%] [32m[1mLinking C shared library libsandevistan_kinematics_interfaces__rosidl_generator_c.so[0m
[2.177s] [ 20%] Built target sandevistan_kinematics_interfaces__rosidl_generator_c
[2.191s] [ 23%] [34m[1mGenerating C type support dispatch for ROS interfaces[0m
[2.192s] [ 25%] [34m[1mGenerating C introspection for ROS interfaces[0m
[2.379s] [35m[1mScanning dependencies of target sandevistan_kinematics_interfaces__rosidl_typesupport_introspection_cpp[0m
[2.399s] [ 30%] [32mBuilding CXX object CMakeFiles/sandevistan_kinematics_interfaces__rosidl_typesupport_introspection_cpp.dir/rosidl_typesupport_introspection_cpp/sandevistan_kinematics_interfaces/srv/detail/solve_ik__type_support.cpp.o[0m
[2.400s] [ 30%] [32mBuilding CXX object CMakeFiles/sandevistan_kinematics_interfaces__rosidl_typesupport_introspection_cpp.dir/rosidl_typesupport_introspection_cpp/sandevistan_kinematics_interfaces/srv/detail/get_position__type_support.cpp.o[0m
[2.425s] [35m[1mScanning dependencies of target sandevistan_kinematics_interfaces__rosidl_typesupport_fastrtps_cpp[0m
[2.428s] [35m[1mScanning dependencies of target sandevistan_kinematics_interfaces__rosidl_typesupport_cpp[0m
[2.452s] [ 33%] [32mBuilding CXX object CMakeFiles/sandevistan_kinematics_interfaces__rosidl_typesupport_cpp.dir/rosidl_typesupport_cpp/sandevistan_kinematics_interfaces/srv/get_position__type_support.cpp.o[0m
[2.452s] [ 41%] [32mBuilding CXX object CMakeFiles/sandevistan_kinematics_interfaces__rosidl_typesupport_fastrtps_cpp.dir/rosidl_typesupport_fastrtps_cpp/sandevistan_kinematics_interfaces/srv/detail/dds_fastrtps/get_position__type_support.cpp.o[0m
[2.452s] [ 41%] [32mBuilding CXX object CMakeFiles/sandevistan_kinematics_interfaces__rosidl_typesupport_fastrtps_cpp.dir/rosidl_typesupport_fastrtps_cpp/sandevistan_kinematics_interfaces/srv/detail/dds_fastrtps/solve_ik__type_support.cpp.o[0m
[2.453s] [ 41%] [32mBuilding CXX object CMakeFiles/sandevistan_kinematics_interfaces__rosidl_typesupport_cpp.dir/rosidl_typesupport_cpp/sandevistan_kinematics_interfaces/srv/solve_ik__type_support.cpp.o[0m
[2.665s] [35m[1mScanning dependencies of target sandevistan_kinematics_interfaces__rosidl_typesupport_introspection_c[0m
[2.694s] [ 43%] [32mBuilding C object CMakeFiles/sandevistan_kinematics_interfaces__rosidl_typesupport_introspection_c.dir/rosidl_typesupport_introspection_c/sandevistan_kinematics_interfaces/srv/detail/get_position__type_support.c.o[0m
[2.700s] [ 46%] [32mBuilding C object CMakeFiles/sandevistan_kinematics_interfaces__rosidl_typesupport_introspection_c.dir/rosidl_typesupport_introspection_c/sandevistan_kinematics_interfaces/srv/detail/solve_ik__type_support.c.o[0m
[2.744s] [35m[1mScanning dependencies of target sandevistan_kinematics_interfaces__rosidl_typesupport_c[0m
[2.770s] [ 48%] [32mBuilding CXX object CMakeFiles/sandevistan_kinematics_interfaces__rosidl_typesupport_c.dir/rosidl_typesupport_c/sandevistan_kinematics_interfaces/srv/get_position__type_support.cpp.o[0m
[2.772s] [ 51%] [32mBuilding CXX object CMakeFiles/sandevistan_kinematics_interfaces__rosidl_typesupport_c.dir/rosidl_typesupport_c/sandevistan_kinematics_interfaces/srv/solve_ik__type_support.cpp.o[0m
[2.774s] [ 53%] [32m[1mLinking C shared library libsandevistan_kinematics_interfaces__rosidl_typesupport_introspection_c.so[0m
[2.831s] [ 53%] Built target sandevistan_kinematics_interfaces__rosidl_typesupport_introspection_c
[2.834s] [ 56%] [32m[1mLinking CXX shared library libsandevistan_kinematics_interfaces__rosidl_typesupport_c.so[0m
[2.893s] [ 56%] Built target sandevistan_kinematics_interfaces__rosidl_typesupport_c
[3.053s] [ 58%] [32m[1mLinking CXX shared library libsandevistan_kinematics_interfaces__rosidl_typesupport_introspection_cpp.so[0m
[3.066s] [ 61%] [32m[1mLinking CXX shared library libsandevistan_kinematics_interfaces__rosidl_typesupport_cpp.so[0m
[3.130s] [ 61%] Built target sandevistan_kinematics_interfaces__rosidl_typesupport_cpp
[3.160s] [ 61%] Built target sandevistan_kinematics_interfaces__rosidl_typesupport_introspection_cpp
[3.285s] [ 64%] [32m[1mLinking CXX shared library libsandevistan_kinematics_interfaces__rosidl_typesupport_fastrtps_cpp.so[0m
[3.394s] [ 64%] Built target sandevistan_kinematics_interfaces__rosidl_typesupport_fastrtps_cpp
[3.407s] [ 66%] [34m[1mGenerating C type support for eProsima Fast-RTPS[0m
[3.811s] [35m[1mScanning dependencies of target sandevistan_kinematics_interfaces__rosidl_typesupport_fastrtps_c[0m
[3.832s] [ 69%] [32mBuilding CXX object CMakeFiles/sandevistan_kinematics_interfaces__rosidl_typesupport_fastrtps_c.dir/rosidl_typesupport_fastrtps_c/sandevistan_kinematics_interfaces/srv/detail/solve_ik__type_support_c.cpp.o[0m
[3.832s] [ 71%] [32mBuilding CXX object CMakeFiles/sandevistan_kinematics_interfaces__rosidl_typesupport_fastrtps_c.dir/rosidl_typesupport_fastrtps_c/sandevistan_kinematics_interfaces/srv/detail/get_position__type_support_c.cpp.o[0m
[4.283s] [ 74%] [32m[1mLinking CXX shared library libsandevistan_kinematics_interfaces__rosidl_typesupport_fastrtps_c.so[0m
[4.381s] [ 74%] Built target sandevistan_kinematics_interfaces__rosidl_typesupport_fastrtps_c
[4.402s] [ 74%] Built target sandevistan_kinematics_interfaces
[4.425s] [ 76%] [34m[1mGenerating Python code for ROS interfaces[0m
[5.024s] [ 76%] Built target sandevistan_kinematics_interfaces__py
[5.035s] [35m[1mScanning dependencies of target sandevistan_kinematics_interfaces__python[0m
[5.052s] [ 82%] [32mBuilding C object CMakeFiles/sandevistan_kinematics_interfaces__python.dir/rosidl_generator_py/sandevistan_kinematics_interfaces/srv/_solve_ik_s.c.o[0m
[5.052s] [ 82%] [32mBuilding C object CMakeFiles/sandevistan_kinematics_interfaces__python.dir/rosidl_generator_py/sandevistan_kinematics_interfaces/srv/_get_position_s.c.o[0m
[5.158s] [ 84%] [32m[1mLinking C shared library rosidl_generator_py/sandevistan_kinematics_interfaces/libsandevistan_kinematics_interfaces__python.so[0m
[5.204s] [ 84%] Built target sandevistan_kinematics_interfaces__python
[5.215s] [35m[1mScanning dependencies of target sandevistan_kinematics_interfaces__rosidl_typesupport_fastrtps_c__pyext[0m
[5.215s] [35m[1mScanning dependencies of target sandevistan_kinematics_interfaces__rosidl_typesupport_c__pyext[0m
[5.215s] [35m[1mScanning dependencies of target sandevistan_kinematics_interfaces__rosidl_typesupport_introspection_c__pyext[0m
[5.230s] [ 87%] [32mBuilding C object CMakeFiles/sandevistan_kinematics_interfaces__rosidl_typesupport_introspection_c__pyext.dir/rosidl_generator_py/sandevistan_kinematics_interfaces/_sandevistan_kinematics_interfaces_s.ep.rosidl_typesupport_introspection_c.c.o[0m
[5.231s] [ 89%] [32mBuilding C object CMakeFiles/sandevistan_kinematics_interfaces__rosidl_typesupport_c__pyext.dir/rosidl_generator_py/sandevistan_kinematics_interfaces/_sandevistan_kinematics_interfaces_s.ep.rosidl_typesupport_c.c.o[0m
[5.233s] [ 92%] [32mBuilding C object CMakeFiles/sandevistan_kinematics_interfaces__rosidl_typesupport_fastrtps_c__pyext.dir/rosidl_generator_py/sandevistan_kinematics_interfaces/_sandevistan_kinematics_interfaces_s.ep.rosidl_typesupport_fastrtps_c.c.o[0m
[5.319s] [ 94%] [32m[1mLinking C shared library rosidl_generator_py/sandevistan_kinematics_interfaces/sandevistan_kinematics_interfaces_s__rosidl_typesupport_c.cpython-38-x86_64-linux-gnu.so[0m
[5.320s] [ 97%] [32m[1mLinking C shared library rosidl_generator_py/sandevistan_kinematics_interfaces/sandevistan_kinematics_interfaces_s__rosidl_typesupport_introspection_c.cpython-38-x86_64-linux-gnu.so[0m
[5.323s] [100%] [32m[1mLinking CXX shared library rosidl_generator_py/sandevistan_kinematics_interfaces/sandevistan_kinematics_interfaces_s__rosidl_typesupport_fastrtps_c.cpython-38-x86_64-linux-gnu.so[0m
[5.364s] [100%] Built target sandevistan_kinematics_interfaces__rosidl_typesupport_introspection_c__pyext
[5.365s] [100%] Built target sandevistan_kinematics_interfaces__rosidl_typesupport_c__pyext
[5.399s] [100%] Built target sandevistan_kinematics_interfaces__rosidl_typesupport_fastrtps_c__pyext
[5.411s] Invoked command in '/home/omzlette/gitRos/LAB2/build/sandevistan_kinematics_interfaces' returned '0': CMAKE_PREFIX_PATH=${CMAKE_PREFIX_PATH}:/opt/ros/foxy /usr/bin/cmake --build /home/omzlette/gitRos/LAB2/build/sandevistan_kinematics_interfaces -- -j12 -l12
[5.466s] Invoking command in '/home/omzlette/gitRos/LAB2/build/sandevistan_kinematics_interfaces': CMAKE_PREFIX_PATH=${CMAKE_PREFIX_PATH}:/opt/ros/foxy /usr/bin/cmake --install /home/omzlette/gitRos/LAB2/build/sandevistan_kinematics_interfaces
[5.475s] -- Install configuration: ""
[5.475s] -- Execute custom install script
[5.476s] -- Up-to-date symlink: /home/omzlette/gitRos/LAB2/install/sandevistan_kinematics_interfaces/share/ament_index/resource_index/rosidl_interfaces/sandevistan_kinematics_interfaces
[5.476s] -- Up-to-date symlink: /home/omzlette/gitRos/LAB2/install/sandevistan_kinematics_interfaces/include/sandevistan_kinematics_interfaces/msg/rosidl_generator_c__visibility_control.h
[5.476s] -- Up-to-date symlink: /home/omzlette/gitRos/LAB2/install/sandevistan_kinematics_interfaces/include/sandevistan_kinematics_interfaces/srv/detail/get_position__functions.h
[5.477s] -- Up-to-date symlink: /home/omzlette/gitRos/LAB2/install/sandevistan_kinematics_interfaces/include/sandevistan_kinematics_interfaces/srv/detail/get_position__struct.h
[5.477s] -- Up-to-date symlink: /home/omzlette/gitRos/LAB2/install/sandevistan_kinematics_interfaces/include/sandevistan_kinematics_interfaces/srv/detail/get_position__type_support.h
[5.477s] -- Up-to-date symlink: /home/omzlette/gitRos/LAB2/install/sandevistan_kinematics_interfaces/include/sandevistan_kinematics_interfaces/srv/detail/solve_ik__functions.h
[5.478s] -- Up-to-date symlink: /home/omzlette/gitRos/LAB2/install/sandevistan_kinematics_interfaces/include/sandevistan_kinematics_interfaces/srv/detail/solve_ik__struct.h
[5.478s] -- Up-to-date symlink: /home/omzlette/gitRos/LAB2/install/sandevistan_kinematics_interfaces/include/sandevistan_kinematics_interfaces/srv/detail/solve_ik__type_support.h
[5.478s] -- Up-to-date symlink: /home/omzlette/gitRos/LAB2/install/sandevistan_kinematics_interfaces/include/sandevistan_kinematics_interfaces/srv/get_position.h
[5.478s] -- Up-to-date symlink: /home/omzlette/gitRos/LAB2/install/sandevistan_kinematics_interfaces/include/sandevistan_kinematics_interfaces/srv/solve_ik.h
[5.478s] -- Up-to-date symlink: /home/omzlette/gitRos/LAB2/install/sandevistan_kinematics_interfaces/share/sandevistan_kinematics_interfaces/environment/library_path.sh
[5.479s] -- Up-to-date symlink: /home/omzlette/gitRos/LAB2/install/sandevistan_kinematics_interfaces/share/sandevistan_kinematics_interfaces/environment/library_path.dsv
[5.479s] -- Up-to-date symlink: /home/omzlette/gitRos/LAB2/install/sandevistan_kinematics_interfaces/include/sandevistan_kinematics_interfaces/msg/rosidl_typesupport_fastrtps_c__visibility_control.h
[5.479s] -- Up-to-date symlink: /home/omzlette/gitRos/LAB2/install/sandevistan_kinematics_interfaces/include/sandevistan_kinematics_interfaces/srv/detail/get_position__rosidl_typesupport_fastrtps_c.h
[5.480s] -- Up-to-date symlink: /home/omzlette/gitRos/LAB2/install/sandevistan_kinematics_interfaces/include/sandevistan_kinematics_interfaces/srv/detail/solve_ik__rosidl_typesupport_fastrtps_c.h
[5.480s] -- Up-to-date symlink: /home/omzlette/gitRos/LAB2/install/sandevistan_kinematics_interfaces/lib/libsandevistan_kinematics_interfaces__rosidl_typesupport_fastrtps_c.so
[5.481s] -- Up-to-date symlink: /home/omzlette/gitRos/LAB2/install/sandevistan_kinematics_interfaces/include/sandevistan_kinematics_interfaces/msg/rosidl_typesupport_fastrtps_cpp__visibility_control.h
[5.481s] -- Up-to-date symlink: /home/omzlette/gitRos/LAB2/install/sandevistan_kinematics_interfaces/include/sandevistan_kinematics_interfaces/srv/detail/get_position__rosidl_typesupport_fastrtps_cpp.hpp
[5.481s] -- Up-to-date symlink: /home/omzlette/gitRos/LAB2/install/sandevistan_kinematics_interfaces/include/sandevistan_kinematics_interfaces/srv/detail/solve_ik__rosidl_typesupport_fastrtps_cpp.hpp
[5.481s] -- Up-to-date symlink: /home/omzlette/gitRos/LAB2/install/sandevistan_kinematics_interfaces/lib/libsandevistan_kinematics_interfaces__rosidl_typesupport_fastrtps_cpp.so
[5.482s] -- Up-to-date symlink: /home/omzlette/gitRos/LAB2/install/sandevistan_kinematics_interfaces/include/sandevistan_kinematics_interfaces/msg/rosidl_typesupport_introspection_c__visibility_control.h
[5.482s] -- Up-to-date symlink: /home/omzlette/gitRos/LAB2/install/sandevistan_kinematics_interfaces/include/sandevistan_kinematics_interfaces/srv/detail/get_position__rosidl_typesupport_introspection_c.h
[5.482s] -- Up-to-date symlink: /home/omzlette/gitRos/LAB2/install/sandevistan_kinematics_interfaces/include/sandevistan_kinematics_interfaces/srv/detail/solve_ik__rosidl_typesupport_introspection_c.h
[5.483s] -- Up-to-date symlink: /home/omzlette/gitRos/LAB2/install/sandevistan_kinematics_interfaces/include/sandevistan_kinematics_interfaces/srv/detail/get_position__builder.hpp
[5.483s] -- Up-to-date symlink: /home/omzlette/gitRos/LAB2/install/sandevistan_kinematics_interfaces/include/sandevistan_kinematics_interfaces/srv/detail/get_position__struct.hpp
[5.483s] -- Up-to-date symlink: /home/omzlette/gitRos/LAB2/install/sandevistan_kinematics_interfaces/include/sandevistan_kinematics_interfaces/srv/detail/get_position__traits.hpp
[5.483s] -- Up-to-date symlink: /home/omzlette/gitRos/LAB2/install/sandevistan_kinematics_interfaces/include/sandevistan_kinematics_interfaces/srv/detail/solve_ik__builder.hpp
[5.484s] -- Up-to-date symlink: /home/omzlette/gitRos/LAB2/install/sandevistan_kinematics_interfaces/include/sandevistan_kinematics_interfaces/srv/detail/solve_ik__struct.hpp
[5.484s] -- Up-to-date symlink: /home/omzlette/gitRos/LAB2/install/sandevistan_kinematics_interfaces/include/sandevistan_kinematics_interfaces/srv/detail/solve_ik__traits.hpp
[5.484s] -- Up-to-date symlink: /home/omzlette/gitRos/LAB2/install/sandevistan_kinematics_interfaces/include/sandevistan_kinematics_interfaces/srv/get_position.hpp
[5.484s] -- Up-to-date symlink: /home/omzlette/gitRos/LAB2/install/sandevistan_kinematics_interfaces/include/sandevistan_kinematics_interfaces/srv/solve_ik.hpp
[5.484s] -- Up-to-date symlink: /home/omzlette/gitRos/LAB2/install/sandevistan_kinematics_interfaces/include/sandevistan_kinematics_interfaces/srv/detail/get_position__rosidl_typesupport_introspection_cpp.hpp
[5.485s] -- Up-to-date symlink: /home/omzlette/gitRos/LAB2/install/sandevistan_kinematics_interfaces/include/sandevistan_kinematics_interfaces/srv/detail/solve_ik__rosidl_typesupport_introspection_cpp.hpp
[5.485s] -- Up-to-date symlink: /home/omzlette/gitRos/LAB2/install/sandevistan_kinematics_interfaces/share/sandevistan_kinematics_interfaces/environment/pythonpath.sh
[5.485s] -- Up-to-date symlink: /home/omzlette/gitRos/LAB2/install/sandevistan_kinematics_interfaces/share/sandevistan_kinematics_interfaces/environment/pythonpath.dsv
[5.485s] -- Up-to-date symlink: /home/omzlette/gitRos/LAB2/install/sandevistan_kinematics_interfaces/lib/python3.8/site-packages/sandevistan_kinematics_interfaces/__init__.py
[5.486s] -- Up-to-date symlink: /home/omzlette/gitRos/LAB2/install/sandevistan_kinematics_interfaces/lib/python3.8/site-packages/sandevistan_kinematics_interfaces/srv/__init__.py
[5.486s] -- Up-to-date symlink: /home/omzlette/gitRos/LAB2/install/sandevistan_kinematics_interfaces/lib/python3.8/site-packages/sandevistan_kinematics_interfaces/srv/_get_position.py
[5.486s] -- Up-to-date symlink: /home/omzlette/gitRos/LAB2/install/sandevistan_kinematics_interfaces/lib/python3.8/site-packages/sandevistan_kinematics_interfaces/srv/_solve_ik.py
[5.487s] -- Up-to-date symlink: /home/omzlette/gitRos/LAB2/install/sandevistan_kinematics_interfaces/lib/python3.8/site-packages/sandevistan_kinematics_interfaces/sandevistan_kinematics_interfaces_s__rosidl_typesupport_fastrtps_c.cpython-38-x86_64-linux-gnu.so
[5.487s] -- Up-to-date symlink: /home/omzlette/gitRos/LAB2/install/sandevistan_kinematics_interfaces/lib/python3.8/site-packages/sandevistan_kinematics_interfaces/sandevistan_kinematics_interfaces_s__rosidl_typesupport_introspection_c.cpython-38-x86_64-linux-gnu.so
[5.488s] -- Up-to-date symlink: /home/omzlette/gitRos/LAB2/install/sandevistan_kinematics_interfaces/lib/python3.8/site-packages/sandevistan_kinematics_interfaces/sandevistan_kinematics_interfaces_s__rosidl_typesupport_c.cpython-38-x86_64-linux-gnu.so
[5.488s] -- Up-to-date symlink: /home/omzlette/gitRos/LAB2/install/sandevistan_kinematics_interfaces/lib/libsandevistan_kinematics_interfaces__python.so
[5.488s] -- Up-to-date symlink: /home/omzlette/gitRos/LAB2/install/sandevistan_kinematics_interfaces/share/sandevistan_kinematics_interfaces/srv/SolveIK.idl
[5.489s] -- Up-to-date symlink: /home/omzlette/gitRos/LAB2/install/sandevistan_kinematics_interfaces/share/sandevistan_kinematics_interfaces/srv/GetPosition.idl
[5.489s] -- Up-to-date symlink: /home/omzlette/gitRos/LAB2/install/sandevistan_kinematics_interfaces/share/sandevistan_kinematics_interfaces/srv/SolveIK.srv
[5.489s] -- Up-to-date symlink: /home/omzlette/gitRos/LAB2/install/sandevistan_kinematics_interfaces/share/sandevistan_kinematics_interfaces/srv/SolveIK_Request.msg
[5.490s] -- Up-to-date symlink: /home/omzlette/gitRos/LAB2/install/sandevistan_kinematics_interfaces/share/sandevistan_kinematics_interfaces/srv/SolveIK_Response.msg
[5.490s] -- Up-to-date symlink: /home/omzlette/gitRos/LAB2/install/sandevistan_kinematics_interfaces/share/sandevistan_kinematics_interfaces/srv/GetPosition.srv
[5.490s] -- Up-to-date symlink: /home/omzlette/gitRos/LAB2/install/sandevistan_kinematics_interfaces/share/sandevistan_kinematics_interfaces/srv/GetPosition_Request.msg
[5.490s] -- Up-to-date symlink: /home/omzlette/gitRos/LAB2/install/sandevistan_kinematics_interfaces/share/sandevistan_kinematics_interfaces/srv/GetPosition_Response.msg
[5.491s] -- Up-to-date symlink: /home/omzlette/gitRos/LAB2/install/sandevistan_kinematics_interfaces/share/ament_index/resource_index/package_run_dependencies/sandevistan_kinematics_interfaces
[5.491s] -- Up-to-date symlink: /home/omzlette/gitRos/LAB2/install/sandevistan_kinematics_interfaces/share/ament_index/resource_index/parent_prefix_path/sandevistan_kinematics_interfaces
[5.491s] -- Up-to-date symlink: /home/omzlette/gitRos/LAB2/install/sandevistan_kinematics_interfaces/share/sandevistan_kinematics_interfaces/environment/ament_prefix_path.sh
[5.491s] -- Up-to-date symlink: /home/omzlette/gitRos/LAB2/install/sandevistan_kinematics_interfaces/share/sandevistan_kinematics_interfaces/environment/ament_prefix_path.dsv
[5.492s] -- Up-to-date symlink: /home/omzlette/gitRos/LAB2/install/sandevistan_kinematics_interfaces/share/sandevistan_kinematics_interfaces/environment/path.sh
[5.492s] -- Up-to-date symlink: /home/omzlette/gitRos/LAB2/install/sandevistan_kinematics_interfaces/share/sandevistan_kinematics_interfaces/environment/path.dsv
[5.492s] -- Up-to-date symlink: /home/omzlette/gitRos/LAB2/install/sandevistan_kinematics_interfaces/share/sandevistan_kinematics_interfaces/local_setup.bash
[5.493s] -- Up-to-date symlink: /home/omzlette/gitRos/LAB2/install/sandevistan_kinematics_interfaces/share/sandevistan_kinematics_interfaces/local_setup.sh
[5.493s] -- Up-to-date symlink: /home/omzlette/gitRos/LAB2/install/sandevistan_kinematics_interfaces/share/sandevistan_kinematics_interfaces/local_setup.zsh
[5.493s] -- Up-to-date symlink: /home/omzlette/gitRos/LAB2/install/sandevistan_kinematics_interfaces/share/sandevistan_kinematics_interfaces/local_setup.dsv
[5.493s] -- Symlinking: /home/omzlette/gitRos/LAB2/install/sandevistan_kinematics_interfaces/share/sandevistan_kinematics_interfaces/package.dsv
[5.503s] -- Up-to-date symlink: /home/omzlette/gitRos/LAB2/install/sandevistan_kinematics_interfaces/share/ament_index/resource_index/packages/sandevistan_kinematics_interfaces
[5.503s] -- Up-to-date symlink: /home/omzlette/gitRos/LAB2/install/sandevistan_kinematics_interfaces/share/sandevistan_kinematics_interfaces/cmake/rosidl_cmake-extras.cmake
[5.503s] -- Up-to-date symlink: /home/omzlette/gitRos/LAB2/install/sandevistan_kinematics_interfaces/share/sandevistan_kinematics_interfaces/cmake/ament_cmake_export_dependencies-extras.cmake
[5.504s] -- Up-to-date symlink: /home/omzlette/gitRos/LAB2/install/sandevistan_kinematics_interfaces/share/sandevistan_kinematics_interfaces/cmake/ament_cmake_export_libraries-extras.cmake
[5.504s] -- Up-to-date symlink: /home/omzlette/gitRos/LAB2/install/sandevistan_kinematics_interfaces/share/sandevistan_kinematics_interfaces/cmake/ament_cmake_export_targets-extras.cmake
[5.504s] -- Up-to-date symlink: /home/omzlette/gitRos/LAB2/install/sandevistan_kinematics_interfaces/share/sandevistan_kinematics_interfaces/cmake/ament_cmake_export_include_directories-extras.cmake
[5.505s] -- Up-to-date symlink: /home/omzlette/gitRos/LAB2/install/sandevistan_kinematics_interfaces/share/sandevistan_kinematics_interfaces/cmake/rosidl_cmake_export_typesupport_libraries-extras.cmake
[5.505s] -- Up-to-date symlink: /home/omzlette/gitRos/LAB2/install/sandevistan_kinematics_interfaces/share/sandevistan_kinematics_interfaces/cmake/rosidl_cmake_export_typesupport_targets-extras.cmake
[5.505s] -- Up-to-date symlink: /home/omzlette/gitRos/LAB2/install/sandevistan_kinematics_interfaces/share/sandevistan_kinematics_interfaces/cmake/sandevistan_kinematics_interfacesConfig.cmake
[5.505s] -- Up-to-date symlink: /home/omzlette/gitRos/LAB2/install/sandevistan_kinematics_interfaces/share/sandevistan_kinematics_interfaces/cmake/sandevistan_kinematics_interfacesConfig-version.cmake
[5.506s] -- Up-to-date symlink: /home/omzlette/gitRos/LAB2/install/sandevistan_kinematics_interfaces/share/sandevistan_kinematics_interfaces/package.xml
[5.506s] -- Installing: /home/omzlette/gitRos/LAB2/install/sandevistan_kinematics_interfaces/lib/libsandevistan_kinematics_interfaces__rosidl_generator_c.so
[5.506s] -- Set runtime path of "/home/omzlette/gitRos/LAB2/install/sandevistan_kinematics_interfaces/lib/libsandevistan_kinematics_interfaces__rosidl_generator_c.so" to ""
[5.507s] -- Installing: /home/omzlette/gitRos/LAB2/install/sandevistan_kinematics_interfaces/lib/libsandevistan_kinematics_interfaces__rosidl_typesupport_introspection_c.so
[5.507s] -- Set runtime path of "/home/omzlette/gitRos/LAB2/install/sandevistan_kinematics_interfaces/lib/libsandevistan_kinematics_interfaces__rosidl_typesupport_introspection_c.so" to ""
[5.507s] -- Installing: /home/omzlette/gitRos/LAB2/install/sandevistan_kinematics_interfaces/lib/libsandevistan_kinematics_interfaces__rosidl_typesupport_c.so
[5.508s] -- Set runtime path of "/home/omzlette/gitRos/LAB2/install/sandevistan_kinematics_interfaces/lib/libsandevistan_kinematics_interfaces__rosidl_typesupport_c.so" to ""
[5.508s] -- Installing: /home/omzlette/gitRos/LAB2/install/sandevistan_kinematics_interfaces/lib/libsandevistan_kinematics_interfaces__rosidl_typesupport_introspection_cpp.so
[5.508s] -- Set runtime path of "/home/omzlette/gitRos/LAB2/install/sandevistan_kinematics_interfaces/lib/libsandevistan_kinematics_interfaces__rosidl_typesupport_introspection_cpp.so" to ""
[5.509s] -- Installing: /home/omzlette/gitRos/LAB2/install/sandevistan_kinematics_interfaces/lib/libsandevistan_kinematics_interfaces__rosidl_typesupport_cpp.so
[5.509s] -- Set runtime path of "/home/omzlette/gitRos/LAB2/install/sandevistan_kinematics_interfaces/lib/libsandevistan_kinematics_interfaces__rosidl_typesupport_cpp.so" to ""
[5.542s] Compiling '/home/omzlette/gitRos/LAB2/install/sandevistan_kinematics_interfaces/lib/python3.8/site-packages/sandevistan_kinematics_interfaces/__init__.py'...
[5.546s] -- Up-to-date: /home/omzlette/gitRos/LAB2/install/sandevistan_kinematics_interfaces/share/sandevistan_kinematics_interfaces/cmake/sandevistan_kinematics_interfaces__rosidl_generator_cExport.cmake
[5.546s] -- Installing: /home/omzlette/gitRos/LAB2/install/sandevistan_kinematics_interfaces/share/sandevistan_kinematics_interfaces/cmake/sandevistan_kinematics_interfaces__rosidl_generator_cExport-noconfig.cmake
[5.546s] -- Up-to-date: /home/omzlette/gitRos/LAB2/install/sandevistan_kinematics_interfaces/share/sandevistan_kinematics_interfaces/cmake/sandevistan_kinematics_interfaces__rosidl_typesupport_introspection_cExport.cmake
[5.547s] -- Installing: /home/omzlette/gitRos/LAB2/install/sandevistan_kinematics_interfaces/share/sandevistan_kinematics_interfaces/cmake/sandevistan_kinematics_interfaces__rosidl_typesupport_introspection_cExport-noconfig.cmake
[5.547s] -- Up-to-date: /home/omzlette/gitRos/LAB2/install/sandevistan_kinematics_interfaces/share/sandevistan_kinematics_interfaces/cmake/sandevistan_kinematics_interfaces__rosidl_typesupport_cExport.cmake
[5.547s] -- Installing: /home/omzlette/gitRos/LAB2/install/sandevistan_kinematics_interfaces/share/sandevistan_kinematics_interfaces/cmake/sandevistan_kinematics_interfaces__rosidl_typesupport_cExport-noconfig.cmake
[5.547s] -- Up-to-date: /home/omzlette/gitRos/LAB2/install/sandevistan_kinematics_interfaces/share/sandevistan_kinematics_interfaces/cmake/sandevistan_kinematics_interfaces__rosidl_generator_cppExport.cmake
[5.547s] -- Up-to-date: /home/omzlette/gitRos/LAB2/install/sandevistan_kinematics_interfaces/share/sandevistan_kinematics_interfaces/cmake/sandevistan_kinematics_interfaces__rosidl_typesupport_introspection_cppExport.cmake
[5.548s] -- Installing: /home/omzlette/gitRos/LAB2/install/sandevistan_kinematics_interfaces/share/sandevistan_kinematics_interfaces/cmake/sandevistan_kinematics_interfaces__rosidl_typesupport_introspection_cppExport-noconfig.cmake
[5.548s] -- Up-to-date: /home/omzlette/gitRos/LAB2/install/sandevistan_kinematics_interfaces/share/sandevistan_kinematics_interfaces/cmake/sandevistan_kinematics_interfaces__rosidl_typesupport_cppExport.cmake
[5.548s] -- Installing: /home/omzlette/gitRos/LAB2/install/sandevistan_kinematics_interfaces/share/sandevistan_kinematics_interfaces/cmake/sandevistan_kinematics_interfaces__rosidl_typesupport_cppExport-noconfig.cmake
[5.555s] Invoked command in '/home/omzlette/gitRos/LAB2/build/sandevistan_kinematics_interfaces' returned '0': CMAKE_PREFIX_PATH=${CMAKE_PREFIX_PATH}:/opt/ros/foxy /usr/bin/cmake --install /home/omzlette/gitRos/LAB2/build/sandevistan_kinematics_interfaces
