[0.216s] DEBUG:colcon:Command line arguments: ['/usr/bin/colcon', 'build', '--symlink-install']
[0.216s] DEBUG:colcon:Parsed command line arguments: Namespace(allow_overriding=[], ament_cmake_args=None, base_paths=['.'], build_base='build', catkin_cmake_args=None, catkin_skip_building_tests=False, cmake_args=None, cmake_clean_cache=False, cmake_clean_first=False, cmake_force_configure=False, cmake_target=None, cmake_target_skip_unavailable=False, continue_on_error=False, event_handlers=None, executor='parallel', ignore_user_meta=False, install_base='install', log_base=None, log_level=None, main=<bound method BuildVerb.main of <colcon_core.verb.build.BuildVerb object at 0x7fbf641458b0>>, merge_install=False, metas=['./colcon.meta'], packages_above=None, packages_above_and_dependencies=None, packages_above_depth=None, packages_end=None, packages_ignore=None, packages_ignore_regex=None, packages_select=None, packages_select_build_failed=False, packages_select_by_dep=None, packages_select_regex=None, packages_select_test_failures=False, packages_skip=None, packages_skip_build_finished=False, packages_skip_by_dep=None, packages_skip_regex=None, packages_skip_test_passed=False, packages_skip_up_to=None, packages_start=None, packages_up_to=None, packages_up_to_regex=None, parallel_workers=12, paths=None, symlink_install=True, test_result_base=None, verb_extension=<colcon_core.verb.build.BuildVerb object at 0x7fbf641458b0>, verb_name='build', verb_parser=<colcon_defaults.argument_parser.defaults.DefaultArgumentsDecorator object at 0x7fbf64145e20>)
[0.256s] Level 1:colcon.colcon_core.package_discovery:discover_packages(colcon_meta) check parameters
[0.256s] Level 1:colcon.colcon_core.package_discovery:discover_packages(recursive) check parameters
[0.256s] Level 1:colcon.colcon_core.package_discovery:discover_packages(ignore) check parameters
[0.256s] Level 1:colcon.colcon_core.package_discovery:discover_packages(path) check parameters
[0.256s] Level 1:colcon.colcon_core.package_discovery:discover_packages(colcon_meta) discover
[0.256s] Level 1:colcon.colcon_core.package_discovery:discover_packages(recursive) discover
[0.256s] INFO:colcon.colcon_core.package_discovery:Crawling recursively for packages in '/home/valdeus1151/Y3T1/FRA333_LAB_HW/LAB4'
[0.257s] Level 1:colcon.colcon_core.package_identification:_identify(.) by extensions ['ignore', 'ignore_ament_install']
[0.257s] Level 1:colcon.colcon_core.package_identification:_identify(.) by extension 'ignore'
[0.257s] Level 1:colcon.colcon_core.package_identification:_identify(.) by extension 'ignore_ament_install'
[0.257s] Level 1:colcon.colcon_core.package_identification:_identify(.) by extensions ['colcon_pkg']
[0.257s] Level 1:colcon.colcon_core.package_identification:_identify(.) by extension 'colcon_pkg'
[0.257s] Level 1:colcon.colcon_core.package_identification:_identify(.) by extensions ['colcon_meta']
[0.257s] Level 1:colcon.colcon_core.package_identification:_identify(.) by extension 'colcon_meta'
[0.257s] Level 1:colcon.colcon_core.package_identification:_identify(.) by extensions ['ros']
[0.257s] Level 1:colcon.colcon_core.package_identification:_identify(.) by extension 'ros'
[0.274s] Level 1:colcon.colcon_core.package_identification:_identify(.) by extensions ['cmake', 'python']
[0.274s] Level 1:colcon.colcon_core.package_identification:_identify(.) by extension 'cmake'
[0.274s] Level 1:colcon.colcon_core.package_identification:_identify(.) by extension 'python'
[0.275s] Level 1:colcon.colcon_core.package_identification:_identify(.) by extensions ['python_setup_py']
[0.275s] Level 1:colcon.colcon_core.package_identification:_identify(.) by extension 'python_setup_py'
[0.275s] Level 1:colcon.colcon_core.package_identification:_identify(build) by extensions ['ignore', 'ignore_ament_install']
[0.275s] Level 1:colcon.colcon_core.package_identification:_identify(build) by extension 'ignore'
[0.275s] Level 1:colcon.colcon_core.package_identification:_identify(build) ignored
[0.275s] Level 1:colcon.colcon_core.package_identification:_identify(install) by extensions ['ignore', 'ignore_ament_install']
[0.275s] Level 1:colcon.colcon_core.package_identification:_identify(install) by extension 'ignore'
[0.275s] Level 1:colcon.colcon_core.package_identification:_identify(install) ignored
[0.276s] Level 1:colcon.colcon_core.package_identification:_identify(log) by extensions ['ignore', 'ignore_ament_install']
[0.276s] Level 1:colcon.colcon_core.package_identification:_identify(log) by extension 'ignore'
[0.276s] Level 1:colcon.colcon_core.package_identification:_identify(log) ignored
[0.276s] Level 1:colcon.colcon_core.package_identification:_identify(src) by extensions ['ignore', 'ignore_ament_install']
[0.276s] Level 1:colcon.colcon_core.package_identification:_identify(src) by extension 'ignore'
[0.276s] Level 1:colcon.colcon_core.package_identification:_identify(src) by extension 'ignore_ament_install'
[0.276s] Level 1:colcon.colcon_core.package_identification:_identify(src) by extensions ['colcon_pkg']
[0.276s] Level 1:colcon.colcon_core.package_identification:_identify(src) by extension 'colcon_pkg'
[0.276s] Level 1:colcon.colcon_core.package_identification:_identify(src) by extensions ['colcon_meta']
[0.276s] Level 1:colcon.colcon_core.package_identification:_identify(src) by extension 'colcon_meta'
[0.276s] Level 1:colcon.colcon_core.package_identification:_identify(src) by extensions ['ros']
[0.276s] Level 1:colcon.colcon_core.package_identification:_identify(src) by extension 'ros'
[0.277s] Level 1:colcon.colcon_core.package_identification:_identify(src) by extensions ['cmake', 'python']
[0.277s] Level 1:colcon.colcon_core.package_identification:_identify(src) by extension 'cmake'
[0.277s] Level 1:colcon.colcon_core.package_identification:_identify(src) by extension 'python'
[0.277s] Level 1:colcon.colcon_core.package_identification:_identify(src) by extensions ['python_setup_py']
[0.277s] Level 1:colcon.colcon_core.package_identification:_identify(src) by extension 'python_setup_py'
[0.277s] Level 1:colcon.colcon_core.package_identification:_identify(src/doc) by extensions ['ignore', 'ignore_ament_install']
[0.277s] Level 1:colcon.colcon_core.package_identification:_identify(src/doc) by extension 'ignore'
[0.277s] Level 1:colcon.colcon_core.package_identification:_identify(src/doc) by extension 'ignore_ament_install'
[0.277s] Level 1:colcon.colcon_core.package_identification:_identify(src/doc) by extensions ['colcon_pkg']
[0.277s] Level 1:colcon.colcon_core.package_identification:_identify(src/doc) by extension 'colcon_pkg'
[0.277s] Level 1:colcon.colcon_core.package_identification:_identify(src/doc) by extensions ['colcon_meta']
[0.277s] Level 1:colcon.colcon_core.package_identification:_identify(src/doc) by extension 'colcon_meta'
[0.277s] Level 1:colcon.colcon_core.package_identification:_identify(src/doc) by extensions ['ros']
[0.277s] Level 1:colcon.colcon_core.package_identification:_identify(src/doc) by extension 'ros'
[0.278s] Level 1:colcon.colcon_core.package_identification:_identify(src/doc) by extensions ['cmake', 'python']
[0.278s] Level 1:colcon.colcon_core.package_identification:_identify(src/doc) by extension 'cmake'
[0.278s] Level 1:colcon.colcon_core.package_identification:_identify(src/doc) by extension 'python'
[0.278s] Level 1:colcon.colcon_core.package_identification:_identify(src/doc) by extensions ['python_setup_py']
[0.278s] Level 1:colcon.colcon_core.package_identification:_identify(src/doc) by extension 'python_setup_py'
[0.278s] Level 1:colcon.colcon_core.package_identification:_identify(src/lab4_29) by extensions ['ignore', 'ignore_ament_install']
[0.278s] Level 1:colcon.colcon_core.package_identification:_identify(src/lab4_29) by extension 'ignore'
[0.278s] Level 1:colcon.colcon_core.package_identification:_identify(src/lab4_29) by extension 'ignore_ament_install'
[0.278s] Level 1:colcon.colcon_core.package_identification:_identify(src/lab4_29) by extensions ['colcon_pkg']
[0.278s] Level 1:colcon.colcon_core.package_identification:_identify(src/lab4_29) by extension 'colcon_pkg'
[0.278s] Level 1:colcon.colcon_core.package_identification:_identify(src/lab4_29) by extensions ['colcon_meta']
[0.278s] Level 1:colcon.colcon_core.package_identification:_identify(src/lab4_29) by extension 'colcon_meta'
[0.278s] Level 1:colcon.colcon_core.package_identification:_identify(src/lab4_29) by extensions ['ros']
[0.278s] Level 1:colcon.colcon_core.package_identification:_identify(src/lab4_29) by extension 'ros'
[0.278s] Level 1:colcon.colcon_core.package_identification:_identify(src/lab4_29) by extensions ['cmake', 'python']
[0.279s] Level 1:colcon.colcon_core.package_identification:_identify(src/lab4_29) by extension 'cmake'
[0.279s] Level 1:colcon.colcon_core.package_identification:_identify(src/lab4_29) by extension 'python'
[0.279s] Level 1:colcon.colcon_core.package_identification:_identify(src/lab4_29) by extensions ['python_setup_py']
[0.279s] Level 1:colcon.colcon_core.package_identification:_identify(src/lab4_29) by extension 'python_setup_py'
[0.279s] Level 1:colcon.colcon_core.package_identification:_identify(src/lab4_29/doppelt_control) by extensions ['ignore', 'ignore_ament_install']
[0.279s] Level 1:colcon.colcon_core.package_identification:_identify(src/lab4_29/doppelt_control) by extension 'ignore'
[0.279s] Level 1:colcon.colcon_core.package_identification:_identify(src/lab4_29/doppelt_control) by extension 'ignore_ament_install'
[0.279s] Level 1:colcon.colcon_core.package_identification:_identify(src/lab4_29/doppelt_control) by extensions ['colcon_pkg']
[0.279s] Level 1:colcon.colcon_core.package_identification:_identify(src/lab4_29/doppelt_control) by extension 'colcon_pkg'
[0.279s] Level 1:colcon.colcon_core.package_identification:_identify(src/lab4_29/doppelt_control) by extensions ['colcon_meta']
[0.279s] Level 1:colcon.colcon_core.package_identification:_identify(src/lab4_29/doppelt_control) by extension 'colcon_meta'
[0.279s] Level 1:colcon.colcon_core.package_identification:_identify(src/lab4_29/doppelt_control) by extensions ['ros']
[0.279s] Level 1:colcon.colcon_core.package_identification:_identify(src/lab4_29/doppelt_control) by extension 'ros'
[0.283s] DEBUG:colcon.colcon_core.package_identification:Package 'src/lab4_29/doppelt_control' with type 'ros.ament_cmake' and name 'doppelt_control'
[0.283s] Level 1:colcon.colcon_core.package_identification:_identify(src/lab4_29/doppelt_description) by extensions ['ignore', 'ignore_ament_install']
[0.284s] Level 1:colcon.colcon_core.package_identification:_identify(src/lab4_29/doppelt_description) by extension 'ignore'
[0.284s] Level 1:colcon.colcon_core.package_identification:_identify(src/lab4_29/doppelt_description) by extension 'ignore_ament_install'
[0.284s] Level 1:colcon.colcon_core.package_identification:_identify(src/lab4_29/doppelt_description) by extensions ['colcon_pkg']
[0.284s] Level 1:colcon.colcon_core.package_identification:_identify(src/lab4_29/doppelt_description) by extension 'colcon_pkg'
[0.284s] Level 1:colcon.colcon_core.package_identification:_identify(src/lab4_29/doppelt_description) by extensions ['colcon_meta']
[0.284s] Level 1:colcon.colcon_core.package_identification:_identify(src/lab4_29/doppelt_description) by extension 'colcon_meta'
[0.284s] Level 1:colcon.colcon_core.package_identification:_identify(src/lab4_29/doppelt_description) by extensions ['ros']
[0.284s] Level 1:colcon.colcon_core.package_identification:_identify(src/lab4_29/doppelt_description) by extension 'ros'
[0.285s] DEBUG:colcon.colcon_core.package_identification:Package 'src/lab4_29/doppelt_description' with type 'ros.ament_cmake' and name 'doppelt_description'
[0.286s] Level 1:colcon.colcon_core.package_identification:_identify(src/lab4_29/doppelt_interfaces) by extensions ['ignore', 'ignore_ament_install']
[0.286s] Level 1:colcon.colcon_core.package_identification:_identify(src/lab4_29/doppelt_interfaces) by extension 'ignore'
[0.286s] Level 1:colcon.colcon_core.package_identification:_identify(src/lab4_29/doppelt_interfaces) by extension 'ignore_ament_install'
[0.286s] Level 1:colcon.colcon_core.package_identification:_identify(src/lab4_29/doppelt_interfaces) by extensions ['colcon_pkg']
[0.286s] Level 1:colcon.colcon_core.package_identification:_identify(src/lab4_29/doppelt_interfaces) by extension 'colcon_pkg'
[0.286s] Level 1:colcon.colcon_core.package_identification:_identify(src/lab4_29/doppelt_interfaces) by extensions ['colcon_meta']
[0.286s] Level 1:colcon.colcon_core.package_identification:_identify(src/lab4_29/doppelt_interfaces) by extension 'colcon_meta'
[0.286s] Level 1:colcon.colcon_core.package_identification:_identify(src/lab4_29/doppelt_interfaces) by extensions ['ros']
[0.286s] Level 1:colcon.colcon_core.package_identification:_identify(src/lab4_29/doppelt_interfaces) by extension 'ros'
[0.288s] DEBUG:colcon.colcon_core.package_identification:Package 'src/lab4_29/doppelt_interfaces' with type 'ros.ament_cmake' and name 'doppelt_interfaces'
[0.288s] Level 1:colcon.colcon_core.package_identification:_identify(src/lab4_29/doppelt_kinematics) by extensions ['ignore', 'ignore_ament_install']
[0.288s] Level 1:colcon.colcon_core.package_identification:_identify(src/lab4_29/doppelt_kinematics) by extension 'ignore'
[0.289s] Level 1:colcon.colcon_core.package_identification:_identify(src/lab4_29/doppelt_kinematics) by extension 'ignore_ament_install'
[0.289s] Level 1:colcon.colcon_core.package_identification:_identify(src/lab4_29/doppelt_kinematics) by extensions ['colcon_pkg']
[0.289s] Level 1:colcon.colcon_core.package_identification:_identify(src/lab4_29/doppelt_kinematics) by extension 'colcon_pkg'
[0.289s] Level 1:colcon.colcon_core.package_identification:_identify(src/lab4_29/doppelt_kinematics) by extensions ['colcon_meta']
[0.289s] Level 1:colcon.colcon_core.package_identification:_identify(src/lab4_29/doppelt_kinematics) by extension 'colcon_meta'
[0.289s] Level 1:colcon.colcon_core.package_identification:_identify(src/lab4_29/doppelt_kinematics) by extensions ['ros']
[0.289s] Level 1:colcon.colcon_core.package_identification:_identify(src/lab4_29/doppelt_kinematics) by extension 'ros'
[0.290s] DEBUG:colcon.colcon_core.package_identification:Package 'src/lab4_29/doppelt_kinematics' with type 'ros.ament_cmake' and name 'doppelt_kinematics'
[0.290s] Level 1:colcon.colcon_core.package_discovery:discover_packages(recursive) using defaults
[0.290s] Level 1:colcon.colcon_core.package_discovery:discover_packages(ignore) discover
[0.290s] Level 1:colcon.colcon_core.package_discovery:discover_packages(ignore) using defaults
[0.290s] Level 1:colcon.colcon_core.package_discovery:discover_packages(path) discover
[0.290s] Level 1:colcon.colcon_core.package_discovery:discover_packages(path) using defaults
[0.328s] Level 1:colcon.colcon_core.package_discovery:discover_packages(prefix_path) check parameters
[0.328s] Level 1:colcon.colcon_core.package_discovery:discover_packages(prefix_path) discover
[0.334s] DEBUG:colcon.colcon_installed_package_information.package_discovery:Found 5 installed packages in /home/valdeus1151/Y3T1/FRA333_LAB_HW/LAB3/install
[0.337s] DEBUG:colcon.colcon_installed_package_information.package_discovery:Found 281 installed packages in /opt/ros/foxy
[0.339s] Level 1:colcon.colcon_core.package_discovery:discover_packages(prefix_path) using defaults
[0.450s] Level 5:colcon.colcon_core.verb:set package 'doppelt_control' build argument 'cmake_args' from command line to 'None'
[0.450s] Level 5:colcon.colcon_core.verb:set package 'doppelt_control' build argument 'cmake_target' from command line to 'None'
[0.451s] Level 5:colcon.colcon_core.verb:set package 'doppelt_control' build argument 'cmake_target_skip_unavailable' from command line to 'False'
[0.451s] Level 5:colcon.colcon_core.verb:set package 'doppelt_control' build argument 'cmake_clean_cache' from command line to 'False'
[0.451s] Level 5:colcon.colcon_core.verb:set package 'doppelt_control' build argument 'cmake_clean_first' from command line to 'False'
[0.451s] Level 5:colcon.colcon_core.verb:set package 'doppelt_control' build argument 'cmake_force_configure' from command line to 'False'
[0.451s] Level 5:colcon.colcon_core.verb:set package 'doppelt_control' build argument 'ament_cmake_args' from command line to 'None'
[0.451s] Level 5:colcon.colcon_core.verb:set package 'doppelt_control' build argument 'catkin_cmake_args' from command line to 'None'
[0.451s] Level 5:colcon.colcon_core.verb:set package 'doppelt_control' build argument 'catkin_skip_building_tests' from command line to 'False'
[0.451s] DEBUG:colcon.colcon_core.verb:Building package 'doppelt_control' with the following arguments: {'ament_cmake_args': None, 'build_base': '/home/valdeus1151/Y3T1/FRA333_LAB_HW/LAB4/build/doppelt_control', 'catkin_cmake_args': None, 'catkin_skip_building_tests': False, 'cmake_args': None, 'cmake_clean_cache': False, 'cmake_clean_first': False, 'cmake_force_configure': False, 'cmake_target': None, 'cmake_target_skip_unavailable': False, 'install_base': '/home/valdeus1151/Y3T1/FRA333_LAB_HW/LAB4/install/doppelt_control', 'merge_install': False, 'path': '/home/valdeus1151/Y3T1/FRA333_LAB_HW/LAB4/src/lab4_29/doppelt_control', 'symlink_install': True, 'test_result_base': None}
[0.452s] Level 5:colcon.colcon_core.verb:set package 'doppelt_description' build argument 'cmake_args' from command line to 'None'
[0.452s] Level 5:colcon.colcon_core.verb:set package 'doppelt_description' build argument 'cmake_target' from command line to 'None'
[0.452s] Level 5:colcon.colcon_core.verb:set package 'doppelt_description' build argument 'cmake_target_skip_unavailable' from command line to 'False'
[0.452s] Level 5:colcon.colcon_core.verb:set package 'doppelt_description' build argument 'cmake_clean_cache' from command line to 'False'
[0.452s] Level 5:colcon.colcon_core.verb:set package 'doppelt_description' build argument 'cmake_clean_first' from command line to 'False'
[0.452s] Level 5:colcon.colcon_core.verb:set package 'doppelt_description' build argument 'cmake_force_configure' from command line to 'False'
[0.452s] Level 5:colcon.colcon_core.verb:set package 'doppelt_description' build argument 'ament_cmake_args' from command line to 'None'
[0.452s] Level 5:colcon.colcon_core.verb:set package 'doppelt_description' build argument 'catkin_cmake_args' from command line to 'None'
[0.453s] Level 5:colcon.colcon_core.verb:set package 'doppelt_description' build argument 'catkin_skip_building_tests' from command line to 'False'
[0.453s] DEBUG:colcon.colcon_core.verb:Building package 'doppelt_description' with the following arguments: {'ament_cmake_args': None, 'build_base': '/home/valdeus1151/Y3T1/FRA333_LAB_HW/LAB4/build/doppelt_description', 'catkin_cmake_args': None, 'catkin_skip_building_tests': False, 'cmake_args': None, 'cmake_clean_cache': False, 'cmake_clean_first': False, 'cmake_force_configure': False, 'cmake_target': None, 'cmake_target_skip_unavailable': False, 'install_base': '/home/valdeus1151/Y3T1/FRA333_LAB_HW/LAB4/install/doppelt_description', 'merge_install': False, 'path': '/home/valdeus1151/Y3T1/FRA333_LAB_HW/LAB4/src/lab4_29/doppelt_description', 'symlink_install': True, 'test_result_base': None}
[0.454s] Level 5:colcon.colcon_core.verb:set package 'doppelt_interfaces' build argument 'cmake_args' from command line to 'None'
[0.454s] Level 5:colcon.colcon_core.verb:set package 'doppelt_interfaces' build argument 'cmake_target' from command line to 'None'
[0.454s] Level 5:colcon.colcon_core.verb:set package 'doppelt_interfaces' build argument 'cmake_target_skip_unavailable' from command line to 'False'
[0.454s] Level 5:colcon.colcon_core.verb:set package 'doppelt_interfaces' build argument 'cmake_clean_cache' from command line to 'False'
[0.454s] Level 5:colcon.colcon_core.verb:set package 'doppelt_interfaces' build argument 'cmake_clean_first' from command line to 'False'
[0.454s] Level 5:colcon.colcon_core.verb:set package 'doppelt_interfaces' build argument 'cmake_force_configure' from command line to 'False'
[0.454s] Level 5:colcon.colcon_core.verb:set package 'doppelt_interfaces' build argument 'ament_cmake_args' from command line to 'None'
[0.454s] Level 5:colcon.colcon_core.verb:set package 'doppelt_interfaces' build argument 'catkin_cmake_args' from command line to 'None'
[0.454s] Level 5:colcon.colcon_core.verb:set package 'doppelt_interfaces' build argument 'catkin_skip_building_tests' from command line to 'False'
[0.454s] DEBUG:colcon.colcon_core.verb:Building package 'doppelt_interfaces' with the following arguments: {'ament_cmake_args': None, 'build_base': '/home/valdeus1151/Y3T1/FRA333_LAB_HW/LAB4/build/doppelt_interfaces', 'catkin_cmake_args': None, 'catkin_skip_building_tests': False, 'cmake_args': None, 'cmake_clean_cache': False, 'cmake_clean_first': False, 'cmake_force_configure': False, 'cmake_target': None, 'cmake_target_skip_unavailable': False, 'install_base': '/home/valdeus1151/Y3T1/FRA333_LAB_HW/LAB4/install/doppelt_interfaces', 'merge_install': False, 'path': '/home/valdeus1151/Y3T1/FRA333_LAB_HW/LAB4/src/lab4_29/doppelt_interfaces', 'symlink_install': True, 'test_result_base': None}
[0.455s] Level 5:colcon.colcon_core.verb:set package 'doppelt_kinematics' build argument 'cmake_args' from command line to 'None'
[0.455s] Level 5:colcon.colcon_core.verb:set package 'doppelt_kinematics' build argument 'cmake_target' from command line to 'None'
[0.455s] Level 5:colcon.colcon_core.verb:set package 'doppelt_kinematics' build argument 'cmake_target_skip_unavailable' from command line to 'False'
[0.455s] Level 5:colcon.colcon_core.verb:set package 'doppelt_kinematics' build argument 'cmake_clean_cache' from command line to 'False'
[0.455s] Level 5:colcon.colcon_core.verb:set package 'doppelt_kinematics' build argument 'cmake_clean_first' from command line to 'False'
[0.455s] Level 5:colcon.colcon_core.verb:set package 'doppelt_kinematics' build argument 'cmake_force_configure' from command line to 'False'
[0.455s] Level 5:colcon.colcon_core.verb:set package 'doppelt_kinematics' build argument 'ament_cmake_args' from command line to 'None'
[0.455s] Level 5:colcon.colcon_core.verb:set package 'doppelt_kinematics' build argument 'catkin_cmake_args' from command line to 'None'
[0.455s] Level 5:colcon.colcon_core.verb:set package 'doppelt_kinematics' build argument 'catkin_skip_building_tests' from command line to 'False'
[0.455s] DEBUG:colcon.colcon_core.verb:Building package 'doppelt_kinematics' with the following arguments: {'ament_cmake_args': None, 'build_base': '/home/valdeus1151/Y3T1/FRA333_LAB_HW/LAB4/build/doppelt_kinematics', 'catkin_cmake_args': None, 'catkin_skip_building_tests': False, 'cmake_args': None, 'cmake_clean_cache': False, 'cmake_clean_first': False, 'cmake_force_configure': False, 'cmake_target': None, 'cmake_target_skip_unavailable': False, 'install_base': '/home/valdeus1151/Y3T1/FRA333_LAB_HW/LAB4/install/doppelt_kinematics', 'merge_install': False, 'path': '/home/valdeus1151/Y3T1/FRA333_LAB_HW/LAB4/src/lab4_29/doppelt_kinematics', 'symlink_install': True, 'test_result_base': None}
[0.456s] INFO:colcon.colcon_core.executor:Executing jobs using 'parallel' executor
[0.462s] DEBUG:colcon.colcon_parallel_executor.executor.parallel:run_until_complete
[0.462s] INFO:colcon.colcon_ros.task.ament_cmake.build:Building ROS package in '/home/valdeus1151/Y3T1/FRA333_LAB_HW/LAB4/src/lab4_29/doppelt_control' with build type 'ament_cmake'
[0.462s] INFO:colcon.colcon_cmake.task.cmake.build:Building CMake package in '/home/valdeus1151/Y3T1/FRA333_LAB_HW/LAB4/src/lab4_29/doppelt_control'
[0.470s] INFO:colcon.colcon_core.plugin_system:Skipping extension 'colcon_core.shell.bat': Not used on non-Windows systems
[0.470s] INFO:colcon.colcon_core.shell:Skip shell extension 'powershell' for command environment: Not usable outside of PowerShell
[0.470s] DEBUG:colcon.colcon_core.shell:Skip shell extension 'dsv' for command environment
[0.477s] INFO:colcon.colcon_ros.task.ament_cmake.build:Building ROS package in '/home/valdeus1151/Y3T1/FRA333_LAB_HW/LAB4/src/lab4_29/doppelt_description' with build type 'ament_cmake'
[0.477s] INFO:colcon.colcon_cmake.task.cmake.build:Building CMake package in '/home/valdeus1151/Y3T1/FRA333_LAB_HW/LAB4/src/lab4_29/doppelt_description'
[0.479s] INFO:colcon.colcon_core.shell:Skip shell extension 'powershell' for command environment: Not usable outside of PowerShell
[0.479s] DEBUG:colcon.colcon_core.shell:Skip shell extension 'dsv' for command environment
[0.489s] INFO:colcon.colcon_ros.task.ament_cmake.build:Building ROS package in '/home/valdeus1151/Y3T1/FRA333_LAB_HW/LAB4/src/lab4_29/doppelt_interfaces' with build type 'ament_cmake'
[0.489s] INFO:colcon.colcon_cmake.task.cmake.build:Building CMake package in '/home/valdeus1151/Y3T1/FRA333_LAB_HW/LAB4/src/lab4_29/doppelt_interfaces'
[0.493s] INFO:colcon.colcon_core.shell:Skip shell extension 'powershell' for command environment: Not usable outside of PowerShell
[0.493s] DEBUG:colcon.colcon_core.shell:Skip shell extension 'dsv' for command environment
[0.502s] INFO:colcon.colcon_ros.task.ament_cmake.build:Building ROS package in '/home/valdeus1151/Y3T1/FRA333_LAB_HW/LAB4/src/lab4_29/doppelt_kinematics' with build type 'ament_cmake'
[0.503s] INFO:colcon.colcon_cmake.task.cmake.build:Building CMake package in '/home/valdeus1151/Y3T1/FRA333_LAB_HW/LAB4/src/lab4_29/doppelt_kinematics'
[0.504s] INFO:colcon.colcon_core.shell:Skip shell extension 'powershell' for command environment: Not usable outside of PowerShell
[0.504s] DEBUG:colcon.colcon_core.shell:Skip shell extension 'dsv' for command environment
[0.520s] DEBUG:colcon.colcon_core.event_handler.log_command:Invoking command in '/home/valdeus1151/Y3T1/FRA333_LAB_HW/LAB4/build/doppelt_control': CMAKE_PREFIX_PATH=${CMAKE_PREFIX_PATH}:/opt/ros/foxy /usr/bin/cmake /home/valdeus1151/Y3T1/FRA333_LAB_HW/LAB4/src/lab4_29/doppelt_control -DAMENT_CMAKE_SYMLINK_INSTALL=1 -DCMAKE_INSTALL_PREFIX=/home/valdeus1151/Y3T1/FRA333_LAB_HW/LAB4/install/doppelt_control
[0.529s] DEBUG:colcon.colcon_core.event_handler.log_command:Invoking command in '/home/valdeus1151/Y3T1/FRA333_LAB_HW/LAB4/build/doppelt_description': CMAKE_PREFIX_PATH=${CMAKE_PREFIX_PATH}:/opt/ros/foxy /usr/bin/cmake /home/valdeus1151/Y3T1/FRA333_LAB_HW/LAB4/src/lab4_29/doppelt_description -DAMENT_CMAKE_SYMLINK_INSTALL=1 -DCMAKE_INSTALL_PREFIX=/home/valdeus1151/Y3T1/FRA333_LAB_HW/LAB4/install/doppelt_description
[0.538s] DEBUG:colcon.colcon_core.event_handler.log_command:Invoking command in '/home/valdeus1151/Y3T1/FRA333_LAB_HW/LAB4/build/doppelt_interfaces': CMAKE_PREFIX_PATH=${CMAKE_PREFIX_PATH}:/opt/ros/foxy /usr/bin/cmake /home/valdeus1151/Y3T1/FRA333_LAB_HW/LAB4/src/lab4_29/doppelt_interfaces -DAMENT_CMAKE_SYMLINK_INSTALL=1 -DCMAKE_INSTALL_PREFIX=/home/valdeus1151/Y3T1/FRA333_LAB_HW/LAB4/install/doppelt_interfaces
[0.547s] DEBUG:colcon.colcon_core.event_handler.log_command:Invoking command in '/home/valdeus1151/Y3T1/FRA333_LAB_HW/LAB4/build/doppelt_kinematics': CMAKE_PREFIX_PATH=${CMAKE_PREFIX_PATH}:/opt/ros/foxy /usr/bin/cmake /home/valdeus1151/Y3T1/FRA333_LAB_HW/LAB4/src/lab4_29/doppelt_kinematics -DAMENT_CMAKE_SYMLINK_INSTALL=1 -DCMAKE_INSTALL_PREFIX=/home/valdeus1151/Y3T1/FRA333_LAB_HW/LAB4/install/doppelt_kinematics
[3.150s] DEBUG:colcon.colcon_core.event_handler.log_command:Invoked command in '/home/valdeus1151/Y3T1/FRA333_LAB_HW/LAB4/build/doppelt_description' returned '0': CMAKE_PREFIX_PATH=${CMAKE_PREFIX_PATH}:/opt/ros/foxy /usr/bin/cmake /home/valdeus1151/Y3T1/FRA333_LAB_HW/LAB4/src/lab4_29/doppelt_description -DAMENT_CMAKE_SYMLINK_INSTALL=1 -DCMAKE_INSTALL_PREFIX=/home/valdeus1151/Y3T1/FRA333_LAB_HW/LAB4/install/doppelt_description
[3.157s] DEBUG:colcon.colcon_core.event_handler.log_command:Invoking command in '/home/valdeus1151/Y3T1/FRA333_LAB_HW/LAB4/build/doppelt_description': CMAKE_PREFIX_PATH=${CMAKE_PREFIX_PATH}:/opt/ros/foxy /usr/bin/cmake --build /home/valdeus1151/Y3T1/FRA333_LAB_HW/LAB4/build/doppelt_description -- -j12 -l12
[3.160s] DEBUG:colcon.colcon_core.event_handler.log_command:Invoked command in '/home/valdeus1151/Y3T1/FRA333_LAB_HW/LAB4/build/doppelt_control' returned '0': CMAKE_PREFIX_PATH=${CMAKE_PREFIX_PATH}:/opt/ros/foxy /usr/bin/cmake /home/valdeus1151/Y3T1/FRA333_LAB_HW/LAB4/src/lab4_29/doppelt_control -DAMENT_CMAKE_SYMLINK_INSTALL=1 -DCMAKE_INSTALL_PREFIX=/home/valdeus1151/Y3T1/FRA333_LAB_HW/LAB4/install/doppelt_control
[3.166s] DEBUG:colcon.colcon_core.event_handler.log_command:Invoking command in '/home/valdeus1151/Y3T1/FRA333_LAB_HW/LAB4/build/doppelt_control': CMAKE_PREFIX_PATH=${CMAKE_PREFIX_PATH}:/opt/ros/foxy /usr/bin/cmake --build /home/valdeus1151/Y3T1/FRA333_LAB_HW/LAB4/build/doppelt_control -- -j12 -l12
[3.218s] DEBUG:colcon.colcon_core.event_handler.log_command:Invoked command in '/home/valdeus1151/Y3T1/FRA333_LAB_HW/LAB4/build/doppelt_description' returned '0': CMAKE_PREFIX_PATH=${CMAKE_PREFIX_PATH}:/opt/ros/foxy /usr/bin/cmake --build /home/valdeus1151/Y3T1/FRA333_LAB_HW/LAB4/build/doppelt_description -- -j12 -l12
[3.224s] DEBUG:colcon.colcon_core.event_handler.log_command:Invoked command in '/home/valdeus1151/Y3T1/FRA333_LAB_HW/LAB4/build/doppelt_kinematics' returned '0': CMAKE_PREFIX_PATH=${CMAKE_PREFIX_PATH}:/opt/ros/foxy /usr/bin/cmake /home/valdeus1151/Y3T1/FRA333_LAB_HW/LAB4/src/lab4_29/doppelt_kinematics -DAMENT_CMAKE_SYMLINK_INSTALL=1 -DCMAKE_INSTALL_PREFIX=/home/valdeus1151/Y3T1/FRA333_LAB_HW/LAB4/install/doppelt_kinematics
[3.228s] DEBUG:colcon.colcon_core.event_handler.log_command:Invoking command in '/home/valdeus1151/Y3T1/FRA333_LAB_HW/LAB4/build/doppelt_kinematics': CMAKE_PREFIX_PATH=${CMAKE_PREFIX_PATH}:/opt/ros/foxy /usr/bin/cmake --build /home/valdeus1151/Y3T1/FRA333_LAB_HW/LAB4/build/doppelt_kinematics -- -j12 -l12
[3.233s] DEBUG:colcon.colcon_core.event_handler.log_command:Invoked command in '/home/valdeus1151/Y3T1/FRA333_LAB_HW/LAB4/build/doppelt_control' returned '0': CMAKE_PREFIX_PATH=${CMAKE_PREFIX_PATH}:/opt/ros/foxy /usr/bin/cmake --build /home/valdeus1151/Y3T1/FRA333_LAB_HW/LAB4/build/doppelt_control -- -j12 -l12
[3.272s] DEBUG:colcon.colcon_core.event_handler.log_command:Invoking command in '/home/valdeus1151/Y3T1/FRA333_LAB_HW/LAB4/build/doppelt_description': CMAKE_PREFIX_PATH=${CMAKE_PREFIX_PATH}:/opt/ros/foxy /usr/bin/cmake --install /home/valdeus1151/Y3T1/FRA333_LAB_HW/LAB4/build/doppelt_description
[3.280s] DEBUG:colcon.colcon_core.event_handler.log_command:Invoking command in '/home/valdeus1151/Y3T1/FRA333_LAB_HW/LAB4/build/doppelt_control': CMAKE_PREFIX_PATH=${CMAKE_PREFIX_PATH}:/opt/ros/foxy /usr/bin/cmake --install /home/valdeus1151/Y3T1/FRA333_LAB_HW/LAB4/build/doppelt_control
[3.291s] DEBUG:colcon.colcon_core.event_handler.log_command:Invoked command in '/home/valdeus1151/Y3T1/FRA333_LAB_HW/LAB4/build/doppelt_kinematics' returned '0': CMAKE_PREFIX_PATH=${CMAKE_PREFIX_PATH}:/opt/ros/foxy /usr/bin/cmake --build /home/valdeus1151/Y3T1/FRA333_LAB_HW/LAB4/build/doppelt_kinematics -- -j12 -l12
[3.315s] DEBUG:colcon.colcon_core.event_handler.log_command:Invoked command in '/home/valdeus1151/Y3T1/FRA333_LAB_HW/LAB4/build/doppelt_interfaces' returned '0': CMAKE_PREFIX_PATH=${CMAKE_PREFIX_PATH}:/opt/ros/foxy /usr/bin/cmake /home/valdeus1151/Y3T1/FRA333_LAB_HW/LAB4/src/lab4_29/doppelt_interfaces -DAMENT_CMAKE_SYMLINK_INSTALL=1 -DCMAKE_INSTALL_PREFIX=/home/valdeus1151/Y3T1/FRA333_LAB_HW/LAB4/install/doppelt_interfaces
[3.319s] DEBUG:colcon.colcon_core.event_handler.log_command:Invoking command in '/home/valdeus1151/Y3T1/FRA333_LAB_HW/LAB4/build/doppelt_interfaces': CMAKE_PREFIX_PATH=${CMAKE_PREFIX_PATH}:/opt/ros/foxy /usr/bin/cmake --build /home/valdeus1151/Y3T1/FRA333_LAB_HW/LAB4/build/doppelt_interfaces -- -j12 -l12
[3.330s] DEBUG:colcon.colcon_core.event_handler.log_command:Invoking command in '/home/valdeus1151/Y3T1/FRA333_LAB_HW/LAB4/build/doppelt_kinematics': CMAKE_PREFIX_PATH=${CMAKE_PREFIX_PATH}:/opt/ros/foxy /usr/bin/cmake --install /home/valdeus1151/Y3T1/FRA333_LAB_HW/LAB4/build/doppelt_kinematics
[3.781s] Level 1:colcon.colcon_core.environment:create_environment_scripts_only(doppelt_kinematics)
[3.783s] DEBUG:colcon.colcon_core.event_handler.log_command:Invoked command in '/home/valdeus1151/Y3T1/FRA333_LAB_HW/LAB4/build/doppelt_kinematics' returned '0': CMAKE_PREFIX_PATH=${CMAKE_PREFIX_PATH}:/opt/ros/foxy /usr/bin/cmake --install /home/valdeus1151/Y3T1/FRA333_LAB_HW/LAB4/build/doppelt_kinematics
[3.795s] Level 1:colcon.colcon_core.environment:checking '/home/valdeus1151/Y3T1/FRA333_LAB_HW/LAB4/install/doppelt_kinematics' for CMake module files
[3.796s] Level 1:colcon.colcon_core.environment:checking '/home/valdeus1151/Y3T1/FRA333_LAB_HW/LAB4/install/doppelt_kinematics' for CMake config files
[3.796s] Level 1:colcon.colcon_core.shell:create_environment_hook('doppelt_kinematics', 'cmake_prefix_path')
[3.799s] INFO:colcon.colcon_core.shell:Creating environment hook '/home/valdeus1151/Y3T1/FRA333_LAB_HW/LAB4/install/doppelt_kinematics/share/doppelt_kinematics/hook/cmake_prefix_path.ps1'
[3.800s] INFO:colcon.colcon_core.shell:Creating environment descriptor '/home/valdeus1151/Y3T1/FRA333_LAB_HW/LAB4/install/doppelt_kinematics/share/doppelt_kinematics/hook/cmake_prefix_path.dsv'
[3.801s] INFO:colcon.colcon_core.shell:Creating environment hook '/home/valdeus1151/Y3T1/FRA333_LAB_HW/LAB4/install/doppelt_kinematics/share/doppelt_kinematics/hook/cmake_prefix_path.sh'
[3.803s] Level 1:colcon.colcon_core.environment:checking '/home/valdeus1151/Y3T1/FRA333_LAB_HW/LAB4/install/doppelt_kinematics/lib'
[3.803s] Level 1:colcon.colcon_core.environment:checking '/home/valdeus1151/Y3T1/FRA333_LAB_HW/LAB4/install/doppelt_kinematics/bin'
[3.804s] Level 1:colcon.colcon_core.environment:checking '/home/valdeus1151/Y3T1/FRA333_LAB_HW/LAB4/install/doppelt_kinematics/lib/pkgconfig/doppelt_kinematics.pc'
[3.804s] Level 1:colcon.colcon_core.environment:checking '/home/valdeus1151/Y3T1/FRA333_LAB_HW/LAB4/install/doppelt_kinematics/lib/python3.8/site-packages'
[3.804s] Level 1:colcon.colcon_core.shell:create_environment_hook('doppelt_kinematics', 'pythonpath')
[3.807s] INFO:colcon.colcon_core.shell:Creating environment hook '/home/valdeus1151/Y3T1/FRA333_LAB_HW/LAB4/install/doppelt_kinematics/share/doppelt_kinematics/hook/pythonpath.ps1'
[3.808s] INFO:colcon.colcon_core.shell:Creating environment descriptor '/home/valdeus1151/Y3T1/FRA333_LAB_HW/LAB4/install/doppelt_kinematics/share/doppelt_kinematics/hook/pythonpath.dsv'
[3.809s] INFO:colcon.colcon_core.shell:Creating environment hook '/home/valdeus1151/Y3T1/FRA333_LAB_HW/LAB4/install/doppelt_kinematics/share/doppelt_kinematics/hook/pythonpath.sh'
[3.810s] Level 1:colcon.colcon_core.environment:checking '/home/valdeus1151/Y3T1/FRA333_LAB_HW/LAB4/install/doppelt_kinematics/bin'
[3.813s] INFO:colcon.colcon_core.shell:Creating package script '/home/valdeus1151/Y3T1/FRA333_LAB_HW/LAB4/install/doppelt_kinematics/share/doppelt_kinematics/package.ps1'
[3.816s] INFO:colcon.colcon_core.shell:Creating package descriptor '/home/valdeus1151/Y3T1/FRA333_LAB_HW/LAB4/install/doppelt_kinematics/share/doppelt_kinematics/package.dsv'
[3.817s] INFO:colcon.colcon_core.shell:Creating package script '/home/valdeus1151/Y3T1/FRA333_LAB_HW/LAB4/install/doppelt_kinematics/share/doppelt_kinematics/package.sh'
[3.818s] INFO:colcon.colcon_core.shell:Creating package script '/home/valdeus1151/Y3T1/FRA333_LAB_HW/LAB4/install/doppelt_kinematics/share/doppelt_kinematics/package.bash'
[3.819s] INFO:colcon.colcon_core.shell:Creating package script '/home/valdeus1151/Y3T1/FRA333_LAB_HW/LAB4/install/doppelt_kinematics/share/doppelt_kinematics/package.zsh'
[3.820s] Level 1:colcon.colcon_core.environment:create_file_with_runtime_dependencies(/home/valdeus1151/Y3T1/FRA333_LAB_HW/LAB4/install/doppelt_kinematics/share/colcon-core/packages/doppelt_kinematics)
[3.827s] Level 1:colcon.colcon_core.environment:create_environment_scripts_only(doppelt_control)
[3.831s] Level 1:colcon.colcon_core.environment:checking '/home/valdeus1151/Y3T1/FRA333_LAB_HW/LAB4/install/doppelt_control' for CMake module files
[3.833s] DEBUG:colcon.colcon_core.event_handler.log_command:Invoked command in '/home/valdeus1151/Y3T1/FRA333_LAB_HW/LAB4/build/doppelt_control' returned '0': CMAKE_PREFIX_PATH=${CMAKE_PREFIX_PATH}:/opt/ros/foxy /usr/bin/cmake --install /home/valdeus1151/Y3T1/FRA333_LAB_HW/LAB4/build/doppelt_control
[3.833s] Level 1:colcon.colcon_core.environment:checking '/home/valdeus1151/Y3T1/FRA333_LAB_HW/LAB4/install/doppelt_control' for CMake config files
[3.834s] Level 1:colcon.colcon_core.shell:create_environment_hook('doppelt_control', 'cmake_prefix_path')
[3.836s] INFO:colcon.colcon_core.shell:Creating environment hook '/home/valdeus1151/Y3T1/FRA333_LAB_HW/LAB4/install/doppelt_control/share/doppelt_control/hook/cmake_prefix_path.ps1'
[3.837s] INFO:colcon.colcon_core.shell:Creating environment descriptor '/home/valdeus1151/Y3T1/FRA333_LAB_HW/LAB4/install/doppelt_control/share/doppelt_control/hook/cmake_prefix_path.dsv'
[3.837s] INFO:colcon.colcon_core.shell:Creating environment hook '/home/valdeus1151/Y3T1/FRA333_LAB_HW/LAB4/install/doppelt_control/share/doppelt_control/hook/cmake_prefix_path.sh'
[3.838s] Level 1:colcon.colcon_core.environment:checking '/home/valdeus1151/Y3T1/FRA333_LAB_HW/LAB4/install/doppelt_control/lib'
[3.838s] Level 1:colcon.colcon_core.environment:checking '/home/valdeus1151/Y3T1/FRA333_LAB_HW/LAB4/install/doppelt_control/bin'
[3.838s] Level 1:colcon.colcon_core.environment:checking '/home/valdeus1151/Y3T1/FRA333_LAB_HW/LAB4/install/doppelt_control/lib/pkgconfig/doppelt_control.pc'
[3.839s] Level 1:colcon.colcon_core.environment:checking '/home/valdeus1151/Y3T1/FRA333_LAB_HW/LAB4/install/doppelt_control/lib/python3.8/site-packages'
[3.839s] Level 1:colcon.colcon_core.shell:create_environment_hook('doppelt_control', 'pythonpath')
[3.841s] INFO:colcon.colcon_core.shell:Creating environment hook '/home/valdeus1151/Y3T1/FRA333_LAB_HW/LAB4/install/doppelt_control/share/doppelt_control/hook/pythonpath.ps1'
[3.841s] INFO:colcon.colcon_core.shell:Creating environment descriptor '/home/valdeus1151/Y3T1/FRA333_LAB_HW/LAB4/install/doppelt_control/share/doppelt_control/hook/pythonpath.dsv'
[3.842s] INFO:colcon.colcon_core.shell:Creating environment hook '/home/valdeus1151/Y3T1/FRA333_LAB_HW/LAB4/install/doppelt_control/share/doppelt_control/hook/pythonpath.sh'
[3.843s] Level 1:colcon.colcon_core.environment:checking '/home/valdeus1151/Y3T1/FRA333_LAB_HW/LAB4/install/doppelt_control/bin'
[3.845s] INFO:colcon.colcon_core.shell:Creating package script '/home/valdeus1151/Y3T1/FRA333_LAB_HW/LAB4/install/doppelt_control/share/doppelt_control/package.ps1'
[3.846s] INFO:colcon.colcon_core.shell:Creating package descriptor '/home/valdeus1151/Y3T1/FRA333_LAB_HW/LAB4/install/doppelt_control/share/doppelt_control/package.dsv'
[3.846s] INFO:colcon.colcon_core.shell:Creating package script '/home/valdeus1151/Y3T1/FRA333_LAB_HW/LAB4/install/doppelt_control/share/doppelt_control/package.sh'
[3.847s] INFO:colcon.colcon_core.shell:Creating package script '/home/valdeus1151/Y3T1/FRA333_LAB_HW/LAB4/install/doppelt_control/share/doppelt_control/package.bash'
[3.847s] INFO:colcon.colcon_core.shell:Creating package script '/home/valdeus1151/Y3T1/FRA333_LAB_HW/LAB4/install/doppelt_control/share/doppelt_control/package.zsh'
[3.848s] Level 1:colcon.colcon_core.environment:create_file_with_runtime_dependencies(/home/valdeus1151/Y3T1/FRA333_LAB_HW/LAB4/install/doppelt_control/share/colcon-core/packages/doppelt_control)
[3.852s] Level 1:colcon.colcon_core.environment:create_environment_scripts_only(doppelt_description)
[3.856s] Level 1:colcon.colcon_core.environment:checking '/home/valdeus1151/Y3T1/FRA333_LAB_HW/LAB4/install/doppelt_description' for CMake module files
[3.857s] DEBUG:colcon.colcon_core.event_handler.log_command:Invoked command in '/home/valdeus1151/Y3T1/FRA333_LAB_HW/LAB4/build/doppelt_description' returned '0': CMAKE_PREFIX_PATH=${CMAKE_PREFIX_PATH}:/opt/ros/foxy /usr/bin/cmake --install /home/valdeus1151/Y3T1/FRA333_LAB_HW/LAB4/build/doppelt_description
[3.858s] Level 1:colcon.colcon_core.environment:checking '/home/valdeus1151/Y3T1/FRA333_LAB_HW/LAB4/install/doppelt_description' for CMake config files
[3.859s] Level 1:colcon.colcon_core.shell:create_environment_hook('doppelt_description', 'cmake_prefix_path')
[3.861s] INFO:colcon.colcon_core.shell:Creating environment hook '/home/valdeus1151/Y3T1/FRA333_LAB_HW/LAB4/install/doppelt_description/share/doppelt_description/hook/cmake_prefix_path.ps1'
[3.862s] INFO:colcon.colcon_core.shell:Creating environment descriptor '/home/valdeus1151/Y3T1/FRA333_LAB_HW/LAB4/install/doppelt_description/share/doppelt_description/hook/cmake_prefix_path.dsv'
[3.863s] INFO:colcon.colcon_core.shell:Creating environment hook '/home/valdeus1151/Y3T1/FRA333_LAB_HW/LAB4/install/doppelt_description/share/doppelt_description/hook/cmake_prefix_path.sh'
[3.864s] Level 1:colcon.colcon_core.environment:checking '/home/valdeus1151/Y3T1/FRA333_LAB_HW/LAB4/install/doppelt_description/lib'
[3.864s] Level 1:colcon.colcon_core.environment:checking '/home/valdeus1151/Y3T1/FRA333_LAB_HW/LAB4/install/doppelt_description/bin'
[3.864s] Level 1:colcon.colcon_core.environment:checking '/home/valdeus1151/Y3T1/FRA333_LAB_HW/LAB4/install/doppelt_description/lib/pkgconfig/doppelt_description.pc'
[3.865s] Level 1:colcon.colcon_core.environment:checking '/home/valdeus1151/Y3T1/FRA333_LAB_HW/LAB4/install/doppelt_description/lib/python3.8/site-packages'
[3.865s] Level 1:colcon.colcon_core.shell:create_environment_hook('doppelt_description', 'pythonpath')
[3.868s] INFO:colcon.colcon_core.shell:Creating environment hook '/home/valdeus1151/Y3T1/FRA333_LAB_HW/LAB4/install/doppelt_description/share/doppelt_description/hook/pythonpath.ps1'
[3.869s] INFO:colcon.colcon_core.shell:Creating environment descriptor '/home/valdeus1151/Y3T1/FRA333_LAB_HW/LAB4/install/doppelt_description/share/doppelt_description/hook/pythonpath.dsv'
[3.869s] INFO:colcon.colcon_core.shell:Creating environment hook '/home/valdeus1151/Y3T1/FRA333_LAB_HW/LAB4/install/doppelt_description/share/doppelt_description/hook/pythonpath.sh'
[3.870s] Level 1:colcon.colcon_core.environment:checking '/home/valdeus1151/Y3T1/FRA333_LAB_HW/LAB4/install/doppelt_description/bin'
[3.872s] INFO:colcon.colcon_core.shell:Creating package script '/home/valdeus1151/Y3T1/FRA333_LAB_HW/LAB4/install/doppelt_description/share/doppelt_description/package.ps1'
[3.873s] INFO:colcon.colcon_core.shell:Creating package descriptor '/home/valdeus1151/Y3T1/FRA333_LAB_HW/LAB4/install/doppelt_description/share/doppelt_description/package.dsv'
[3.874s] INFO:colcon.colcon_core.shell:Creating package script '/home/valdeus1151/Y3T1/FRA333_LAB_HW/LAB4/install/doppelt_description/share/doppelt_description/package.sh'
[3.875s] INFO:colcon.colcon_core.shell:Creating package script '/home/valdeus1151/Y3T1/FRA333_LAB_HW/LAB4/install/doppelt_description/share/doppelt_description/package.bash'
[3.876s] INFO:colcon.colcon_core.shell:Creating package script '/home/valdeus1151/Y3T1/FRA333_LAB_HW/LAB4/install/doppelt_description/share/doppelt_description/package.zsh'
[3.876s] Level 1:colcon.colcon_core.environment:create_file_with_runtime_dependencies(/home/valdeus1151/Y3T1/FRA333_LAB_HW/LAB4/install/doppelt_description/share/colcon-core/packages/doppelt_description)
[3.885s] Level 1:colcon.colcon_core.environment:create_environment_scripts_only(doppelt_kinematics)
[3.888s] Level 1:colcon.colcon_core.environment:checking '/home/valdeus1151/Y3T1/FRA333_LAB_HW/LAB4/install/doppelt_kinematics' for CMake module files
[3.889s] Level 1:colcon.colcon_core.environment:checking '/home/valdeus1151/Y3T1/FRA333_LAB_HW/LAB4/install/doppelt_kinematics' for CMake config files
[3.890s] Level 1:colcon.colcon_core.shell:create_environment_hook('doppelt_kinematics', 'cmake_prefix_path')
[3.893s] INFO:colcon.colcon_core.shell:Creating environment hook '/home/valdeus1151/Y3T1/FRA333_LAB_HW/LAB4/install/doppelt_kinematics/share/doppelt_kinematics/hook/cmake_prefix_path.ps1'
[3.894s] INFO:colcon.colcon_core.shell:Creating environment descriptor '/home/valdeus1151/Y3T1/FRA333_LAB_HW/LAB4/install/doppelt_kinematics/share/doppelt_kinematics/hook/cmake_prefix_path.dsv'
[3.895s] INFO:colcon.colcon_core.shell:Creating environment hook '/home/valdeus1151/Y3T1/FRA333_LAB_HW/LAB4/install/doppelt_kinematics/share/doppelt_kinematics/hook/cmake_prefix_path.sh'
[3.896s] Level 1:colcon.colcon_core.environment:checking '/home/valdeus1151/Y3T1/FRA333_LAB_HW/LAB4/install/doppelt_kinematics/lib'
[3.896s] Level 1:colcon.colcon_core.environment:checking '/home/valdeus1151/Y3T1/FRA333_LAB_HW/LAB4/install/doppelt_kinematics/bin'
[3.896s] Level 1:colcon.colcon_core.environment:checking '/home/valdeus1151/Y3T1/FRA333_LAB_HW/LAB4/install/doppelt_kinematics/lib/pkgconfig/doppelt_kinematics.pc'
[3.896s] Level 1:colcon.colcon_core.environment:checking '/home/valdeus1151/Y3T1/FRA333_LAB_HW/LAB4/install/doppelt_kinematics/lib/python3.8/site-packages'
[3.896s] Level 1:colcon.colcon_core.shell:create_environment_hook('doppelt_kinematics', 'pythonpath')
[3.899s] INFO:colcon.colcon_core.shell:Creating environment hook '/home/valdeus1151/Y3T1/FRA333_LAB_HW/LAB4/install/doppelt_kinematics/share/doppelt_kinematics/hook/pythonpath.ps1'
[3.900s] INFO:colcon.colcon_core.shell:Creating environment descriptor '/home/valdeus1151/Y3T1/FRA333_LAB_HW/LAB4/install/doppelt_kinematics/share/doppelt_kinematics/hook/pythonpath.dsv'
[3.901s] INFO:colcon.colcon_core.shell:Creating environment hook '/home/valdeus1151/Y3T1/FRA333_LAB_HW/LAB4/install/doppelt_kinematics/share/doppelt_kinematics/hook/pythonpath.sh'
[3.902s] Level 1:colcon.colcon_core.environment:checking '/home/valdeus1151/Y3T1/FRA333_LAB_HW/LAB4/install/doppelt_kinematics/bin'
[3.904s] INFO:colcon.colcon_core.shell:Creating package script '/home/valdeus1151/Y3T1/FRA333_LAB_HW/LAB4/install/doppelt_kinematics/share/doppelt_kinematics/package.ps1'
[3.905s] INFO:colcon.colcon_core.shell:Creating package descriptor '/home/valdeus1151/Y3T1/FRA333_LAB_HW/LAB4/install/doppelt_kinematics/share/doppelt_kinematics/package.dsv'
[3.906s] INFO:colcon.colcon_core.shell:Creating package script '/home/valdeus1151/Y3T1/FRA333_LAB_HW/LAB4/install/doppelt_kinematics/share/doppelt_kinematics/package.sh'
[3.907s] INFO:colcon.colcon_core.shell:Creating package script '/home/valdeus1151/Y3T1/FRA333_LAB_HW/LAB4/install/doppelt_kinematics/share/doppelt_kinematics/package.bash'
[3.908s] INFO:colcon.colcon_core.shell:Creating package script '/home/valdeus1151/Y3T1/FRA333_LAB_HW/LAB4/install/doppelt_kinematics/share/doppelt_kinematics/package.zsh'
[3.909s] Level 1:colcon.colcon_core.environment:create_file_with_runtime_dependencies(/home/valdeus1151/Y3T1/FRA333_LAB_HW/LAB4/install/doppelt_kinematics/share/colcon-core/packages/doppelt_kinematics)
[3.913s] Level 1:colcon.colcon_core.environment:create_environment_scripts_only(doppelt_control)
[3.916s] Level 1:colcon.colcon_core.environment:checking '/home/valdeus1151/Y3T1/FRA333_LAB_HW/LAB4/install/doppelt_control' for CMake module files
[3.917s] Level 1:colcon.colcon_core.environment:checking '/home/valdeus1151/Y3T1/FRA333_LAB_HW/LAB4/install/doppelt_control' for CMake config files
[3.918s] Level 1:colcon.colcon_core.shell:create_environment_hook('doppelt_control', 'cmake_prefix_path')
[3.920s] INFO:colcon.colcon_core.shell:Creating environment hook '/home/valdeus1151/Y3T1/FRA333_LAB_HW/LAB4/install/doppelt_control/share/doppelt_control/hook/cmake_prefix_path.ps1'
[3.920s] INFO:colcon.colcon_core.shell:Creating environment descriptor '/home/valdeus1151/Y3T1/FRA333_LAB_HW/LAB4/install/doppelt_control/share/doppelt_control/hook/cmake_prefix_path.dsv'
[3.921s] INFO:colcon.colcon_core.shell:Creating environment hook '/home/valdeus1151/Y3T1/FRA333_LAB_HW/LAB4/install/doppelt_control/share/doppelt_control/hook/cmake_prefix_path.sh'
[3.922s] Level 1:colcon.colcon_core.environment:checking '/home/valdeus1151/Y3T1/FRA333_LAB_HW/LAB4/install/doppelt_control/lib'
[3.922s] Level 1:colcon.colcon_core.environment:checking '/home/valdeus1151/Y3T1/FRA333_LAB_HW/LAB4/install/doppelt_control/bin'
[3.922s] Level 1:colcon.colcon_core.environment:checking '/home/valdeus1151/Y3T1/FRA333_LAB_HW/LAB4/install/doppelt_control/lib/pkgconfig/doppelt_control.pc'
[3.922s] Level 1:colcon.colcon_core.environment:checking '/home/valdeus1151/Y3T1/FRA333_LAB_HW/LAB4/install/doppelt_control/lib/python3.8/site-packages'
[3.922s] Level 1:colcon.colcon_core.shell:create_environment_hook('doppelt_control', 'pythonpath')
[3.924s] INFO:colcon.colcon_core.shell:Creating environment hook '/home/valdeus1151/Y3T1/FRA333_LAB_HW/LAB4/install/doppelt_control/share/doppelt_control/hook/pythonpath.ps1'
[3.925s] INFO:colcon.colcon_core.shell:Creating environment descriptor '/home/valdeus1151/Y3T1/FRA333_LAB_HW/LAB4/install/doppelt_control/share/doppelt_control/hook/pythonpath.dsv'
[3.926s] INFO:colcon.colcon_core.shell:Creating environment hook '/home/valdeus1151/Y3T1/FRA333_LAB_HW/LAB4/install/doppelt_control/share/doppelt_control/hook/pythonpath.sh'
[3.927s] Level 1:colcon.colcon_core.environment:checking '/home/valdeus1151/Y3T1/FRA333_LAB_HW/LAB4/install/doppelt_control/bin'
[3.929s] INFO:colcon.colcon_core.shell:Creating package script '/home/valdeus1151/Y3T1/FRA333_LAB_HW/LAB4/install/doppelt_control/share/doppelt_control/package.ps1'
[3.930s] INFO:colcon.colcon_core.shell:Creating package descriptor '/home/valdeus1151/Y3T1/FRA333_LAB_HW/LAB4/install/doppelt_control/share/doppelt_control/package.dsv'
[3.931s] INFO:colcon.colcon_core.shell:Creating package script '/home/valdeus1151/Y3T1/FRA333_LAB_HW/LAB4/install/doppelt_control/share/doppelt_control/package.sh'
[3.931s] INFO:colcon.colcon_core.shell:Creating package script '/home/valdeus1151/Y3T1/FRA333_LAB_HW/LAB4/install/doppelt_control/share/doppelt_control/package.bash'
[3.932s] INFO:colcon.colcon_core.shell:Creating package script '/home/valdeus1151/Y3T1/FRA333_LAB_HW/LAB4/install/doppelt_control/share/doppelt_control/package.zsh'
[3.933s] Level 1:colcon.colcon_core.environment:create_file_with_runtime_dependencies(/home/valdeus1151/Y3T1/FRA333_LAB_HW/LAB4/install/doppelt_control/share/colcon-core/packages/doppelt_control)
[3.937s] Level 1:colcon.colcon_core.environment:create_environment_scripts_only(doppelt_description)
[3.940s] Level 1:colcon.colcon_core.environment:checking '/home/valdeus1151/Y3T1/FRA333_LAB_HW/LAB4/install/doppelt_description' for CMake module files
[3.942s] Level 1:colcon.colcon_core.environment:checking '/home/valdeus1151/Y3T1/FRA333_LAB_HW/LAB4/install/doppelt_description' for CMake config files
[3.943s] Level 1:colcon.colcon_core.shell:create_environment_hook('doppelt_description', 'cmake_prefix_path')
[3.945s] INFO:colcon.colcon_core.shell:Creating environment hook '/home/valdeus1151/Y3T1/FRA333_LAB_HW/LAB4/install/doppelt_description/share/doppelt_description/hook/cmake_prefix_path.ps1'
[3.946s] INFO:colcon.colcon_core.shell:Creating environment descriptor '/home/valdeus1151/Y3T1/FRA333_LAB_HW/LAB4/install/doppelt_description/share/doppelt_description/hook/cmake_prefix_path.dsv'
[3.946s] INFO:colcon.colcon_core.shell:Creating environment hook '/home/valdeus1151/Y3T1/FRA333_LAB_HW/LAB4/install/doppelt_description/share/doppelt_description/hook/cmake_prefix_path.sh'
[3.947s] Level 1:colcon.colcon_core.environment:checking '/home/valdeus1151/Y3T1/FRA333_LAB_HW/LAB4/install/doppelt_description/lib'
[3.947s] Level 1:colcon.colcon_core.environment:checking '/home/valdeus1151/Y3T1/FRA333_LAB_HW/LAB4/install/doppelt_description/bin'
[3.947s] Level 1:colcon.colcon_core.environment:checking '/home/valdeus1151/Y3T1/FRA333_LAB_HW/LAB4/install/doppelt_description/lib/pkgconfig/doppelt_description.pc'
[3.947s] Level 1:colcon.colcon_core.environment:checking '/home/valdeus1151/Y3T1/FRA333_LAB_HW/LAB4/install/doppelt_description/lib/python3.8/site-packages'
[3.947s] Level 1:colcon.colcon_core.shell:create_environment_hook('doppelt_description', 'pythonpath')
[3.949s] INFO:colcon.colcon_core.shell:Creating environment hook '/home/valdeus1151/Y3T1/FRA333_LAB_HW/LAB4/install/doppelt_description/share/doppelt_description/hook/pythonpath.ps1'
[3.950s] INFO:colcon.colcon_core.shell:Creating environment descriptor '/home/valdeus1151/Y3T1/FRA333_LAB_HW/LAB4/install/doppelt_description/share/doppelt_description/hook/pythonpath.dsv'
[3.950s] INFO:colcon.colcon_core.shell:Creating environment hook '/home/valdeus1151/Y3T1/FRA333_LAB_HW/LAB4/install/doppelt_description/share/doppelt_description/hook/pythonpath.sh'
[3.951s] Level 1:colcon.colcon_core.environment:checking '/home/valdeus1151/Y3T1/FRA333_LAB_HW/LAB4/install/doppelt_description/bin'
[3.953s] INFO:colcon.colcon_core.shell:Creating package script '/home/valdeus1151/Y3T1/FRA333_LAB_HW/LAB4/install/doppelt_description/share/doppelt_description/package.ps1'
[3.953s] INFO:colcon.colcon_core.shell:Creating package descriptor '/home/valdeus1151/Y3T1/FRA333_LAB_HW/LAB4/install/doppelt_description/share/doppelt_description/package.dsv'
[3.954s] INFO:colcon.colcon_core.shell:Creating package script '/home/valdeus1151/Y3T1/FRA333_LAB_HW/LAB4/install/doppelt_description/share/doppelt_description/package.sh'
[3.955s] INFO:colcon.colcon_core.shell:Creating package script '/home/valdeus1151/Y3T1/FRA333_LAB_HW/LAB4/install/doppelt_description/share/doppelt_description/package.bash'
[3.955s] INFO:colcon.colcon_core.shell:Creating package script '/home/valdeus1151/Y3T1/FRA333_LAB_HW/LAB4/install/doppelt_description/share/doppelt_description/package.zsh'
[3.955s] Level 1:colcon.colcon_core.environment:create_file_with_runtime_dependencies(/home/valdeus1151/Y3T1/FRA333_LAB_HW/LAB4/install/doppelt_description/share/colcon-core/packages/doppelt_description)
[7.280s] DEBUG:colcon.colcon_core.event_handler.log_command:Invoked command in '/home/valdeus1151/Y3T1/FRA333_LAB_HW/LAB4/build/doppelt_interfaces' returned '0': CMAKE_PREFIX_PATH=${CMAKE_PREFIX_PATH}:/opt/ros/foxy /usr/bin/cmake --build /home/valdeus1151/Y3T1/FRA333_LAB_HW/LAB4/build/doppelt_interfaces -- -j12 -l12
[7.353s] DEBUG:colcon.colcon_core.event_handler.log_command:Invoking command in '/home/valdeus1151/Y3T1/FRA333_LAB_HW/LAB4/build/doppelt_interfaces': CMAKE_PREFIX_PATH=${CMAKE_PREFIX_PATH}:/opt/ros/foxy /usr/bin/cmake --install /home/valdeus1151/Y3T1/FRA333_LAB_HW/LAB4/build/doppelt_interfaces
[8.051s] Level 1:colcon.colcon_core.environment:create_environment_scripts_only(doppelt_interfaces)
[8.054s] Level 1:colcon.colcon_core.environment:checking '/home/valdeus1151/Y3T1/FRA333_LAB_HW/LAB4/install/doppelt_interfaces' for CMake module files
[8.055s] DEBUG:colcon.colcon_core.event_handler.log_command:Invoked command in '/home/valdeus1151/Y3T1/FRA333_LAB_HW/LAB4/build/doppelt_interfaces' returned '0': CMAKE_PREFIX_PATH=${CMAKE_PREFIX_PATH}:/opt/ros/foxy /usr/bin/cmake --install /home/valdeus1151/Y3T1/FRA333_LAB_HW/LAB4/build/doppelt_interfaces
[8.055s] Level 1:colcon.colcon_core.environment:checking '/home/valdeus1151/Y3T1/FRA333_LAB_HW/LAB4/install/doppelt_interfaces' for CMake config files
[8.056s] Level 1:colcon.colcon_core.shell:create_environment_hook('doppelt_interfaces', 'cmake_prefix_path')
[8.058s] INFO:colcon.colcon_core.shell:Creating environment hook '/home/valdeus1151/Y3T1/FRA333_LAB_HW/LAB4/install/doppelt_interfaces/share/doppelt_interfaces/hook/cmake_prefix_path.ps1'
[8.059s] INFO:colcon.colcon_core.shell:Creating environment descriptor '/home/valdeus1151/Y3T1/FRA333_LAB_HW/LAB4/install/doppelt_interfaces/share/doppelt_interfaces/hook/cmake_prefix_path.dsv'
[8.060s] INFO:colcon.colcon_core.shell:Creating environment hook '/home/valdeus1151/Y3T1/FRA333_LAB_HW/LAB4/install/doppelt_interfaces/share/doppelt_interfaces/hook/cmake_prefix_path.sh'
[8.060s] Level 1:colcon.colcon_core.environment:checking '/home/valdeus1151/Y3T1/FRA333_LAB_HW/LAB4/install/doppelt_interfaces/lib'
[8.060s] Level 1:colcon.colcon_core.shell:create_environment_hook('doppelt_interfaces', 'ld_library_path_lib')
[8.062s] INFO:colcon.colcon_core.shell:Creating environment hook '/home/valdeus1151/Y3T1/FRA333_LAB_HW/LAB4/install/doppelt_interfaces/share/doppelt_interfaces/hook/ld_library_path_lib.ps1'
[8.063s] INFO:colcon.colcon_core.shell:Creating environment descriptor '/home/valdeus1151/Y3T1/FRA333_LAB_HW/LAB4/install/doppelt_interfaces/share/doppelt_interfaces/hook/ld_library_path_lib.dsv'
[8.063s] INFO:colcon.colcon_core.shell:Creating environment hook '/home/valdeus1151/Y3T1/FRA333_LAB_HW/LAB4/install/doppelt_interfaces/share/doppelt_interfaces/hook/ld_library_path_lib.sh'
[8.063s] Level 1:colcon.colcon_core.environment:checking '/home/valdeus1151/Y3T1/FRA333_LAB_HW/LAB4/install/doppelt_interfaces/bin'
[8.063s] Level 1:colcon.colcon_core.environment:checking '/home/valdeus1151/Y3T1/FRA333_LAB_HW/LAB4/install/doppelt_interfaces/lib/pkgconfig/doppelt_interfaces.pc'
[8.064s] Level 1:colcon.colcon_core.environment:checking '/home/valdeus1151/Y3T1/FRA333_LAB_HW/LAB4/install/doppelt_interfaces/lib/python3.8/site-packages'
[8.064s] Level 1:colcon.colcon_core.shell:create_environment_hook('doppelt_interfaces', 'pythonpath')
[8.065s] INFO:colcon.colcon_core.shell:Creating environment hook '/home/valdeus1151/Y3T1/FRA333_LAB_HW/LAB4/install/doppelt_interfaces/share/doppelt_interfaces/hook/pythonpath.ps1'
[8.065s] INFO:colcon.colcon_core.shell:Creating environment descriptor '/home/valdeus1151/Y3T1/FRA333_LAB_HW/LAB4/install/doppelt_interfaces/share/doppelt_interfaces/hook/pythonpath.dsv'
[8.066s] INFO:colcon.colcon_core.shell:Creating environment hook '/home/valdeus1151/Y3T1/FRA333_LAB_HW/LAB4/install/doppelt_interfaces/share/doppelt_interfaces/hook/pythonpath.sh'
[8.066s] Level 1:colcon.colcon_core.environment:checking '/home/valdeus1151/Y3T1/FRA333_LAB_HW/LAB4/install/doppelt_interfaces/bin'
[8.068s] INFO:colcon.colcon_core.shell:Creating package script '/home/valdeus1151/Y3T1/FRA333_LAB_HW/LAB4/install/doppelt_interfaces/share/doppelt_interfaces/package.ps1'
[8.068s] INFO:colcon.colcon_core.shell:Creating package descriptor '/home/valdeus1151/Y3T1/FRA333_LAB_HW/LAB4/install/doppelt_interfaces/share/doppelt_interfaces/package.dsv'
[8.069s] INFO:colcon.colcon_core.shell:Creating package script '/home/valdeus1151/Y3T1/FRA333_LAB_HW/LAB4/install/doppelt_interfaces/share/doppelt_interfaces/package.sh'
[8.069s] INFO:colcon.colcon_core.shell:Creating package script '/home/valdeus1151/Y3T1/FRA333_LAB_HW/LAB4/install/doppelt_interfaces/share/doppelt_interfaces/package.bash'
[8.070s] INFO:colcon.colcon_core.shell:Creating package script '/home/valdeus1151/Y3T1/FRA333_LAB_HW/LAB4/install/doppelt_interfaces/share/doppelt_interfaces/package.zsh'
[8.070s] Level 1:colcon.colcon_core.environment:create_file_with_runtime_dependencies(/home/valdeus1151/Y3T1/FRA333_LAB_HW/LAB4/install/doppelt_interfaces/share/colcon-core/packages/doppelt_interfaces)
[8.133s] Level 1:colcon.colcon_core.environment:create_environment_scripts_only(doppelt_interfaces)
[8.137s] Level 1:colcon.colcon_core.environment:checking '/home/valdeus1151/Y3T1/FRA333_LAB_HW/LAB4/install/doppelt_interfaces' for CMake module files
[8.138s] Level 1:colcon.colcon_core.environment:checking '/home/valdeus1151/Y3T1/FRA333_LAB_HW/LAB4/install/doppelt_interfaces' for CMake config files
[8.139s] Level 1:colcon.colcon_core.shell:create_environment_hook('doppelt_interfaces', 'cmake_prefix_path')
[8.142s] INFO:colcon.colcon_core.shell:Creating environment hook '/home/valdeus1151/Y3T1/FRA333_LAB_HW/LAB4/install/doppelt_interfaces/share/doppelt_interfaces/hook/cmake_prefix_path.ps1'
[8.143s] INFO:colcon.colcon_core.shell:Creating environment descriptor '/home/valdeus1151/Y3T1/FRA333_LAB_HW/LAB4/install/doppelt_interfaces/share/doppelt_interfaces/hook/cmake_prefix_path.dsv'
[8.143s] INFO:colcon.colcon_core.shell:Creating environment hook '/home/valdeus1151/Y3T1/FRA333_LAB_HW/LAB4/install/doppelt_interfaces/share/doppelt_interfaces/hook/cmake_prefix_path.sh'
[8.144s] Level 1:colcon.colcon_core.environment:checking '/home/valdeus1151/Y3T1/FRA333_LAB_HW/LAB4/install/doppelt_interfaces/lib'
[8.144s] Level 1:colcon.colcon_core.shell:create_environment_hook('doppelt_interfaces', 'ld_library_path_lib')
[8.146s] INFO:colcon.colcon_core.shell:Creating environment hook '/home/valdeus1151/Y3T1/FRA333_LAB_HW/LAB4/install/doppelt_interfaces/share/doppelt_interfaces/hook/ld_library_path_lib.ps1'
[8.147s] INFO:colcon.colcon_core.shell:Creating environment descriptor '/home/valdeus1151/Y3T1/FRA333_LAB_HW/LAB4/install/doppelt_interfaces/share/doppelt_interfaces/hook/ld_library_path_lib.dsv'
[8.148s] INFO:colcon.colcon_core.shell:Creating environment hook '/home/valdeus1151/Y3T1/FRA333_LAB_HW/LAB4/install/doppelt_interfaces/share/doppelt_interfaces/hook/ld_library_path_lib.sh'
[8.148s] Level 1:colcon.colcon_core.environment:checking '/home/valdeus1151/Y3T1/FRA333_LAB_HW/LAB4/install/doppelt_interfaces/bin'
[8.148s] Level 1:colcon.colcon_core.environment:checking '/home/valdeus1151/Y3T1/FRA333_LAB_HW/LAB4/install/doppelt_interfaces/lib/pkgconfig/doppelt_interfaces.pc'
[8.149s] Level 1:colcon.colcon_core.environment:checking '/home/valdeus1151/Y3T1/FRA333_LAB_HW/LAB4/install/doppelt_interfaces/lib/python3.8/site-packages'
[8.149s] Level 1:colcon.colcon_core.shell:create_environment_hook('doppelt_interfaces', 'pythonpath')
[8.151s] INFO:colcon.colcon_core.shell:Creating environment hook '/home/valdeus1151/Y3T1/FRA333_LAB_HW/LAB4/install/doppelt_interfaces/share/doppelt_interfaces/hook/pythonpath.ps1'
[8.152s] INFO:colcon.colcon_core.shell:Creating environment descriptor '/home/valdeus1151/Y3T1/FRA333_LAB_HW/LAB4/install/doppelt_interfaces/share/doppelt_interfaces/hook/pythonpath.dsv'
[8.153s] INFO:colcon.colcon_core.shell:Creating environment hook '/home/valdeus1151/Y3T1/FRA333_LAB_HW/LAB4/install/doppelt_interfaces/share/doppelt_interfaces/hook/pythonpath.sh'
[8.154s] Level 1:colcon.colcon_core.environment:checking '/home/valdeus1151/Y3T1/FRA333_LAB_HW/LAB4/install/doppelt_interfaces/bin'
[8.158s] INFO:colcon.colcon_core.shell:Creating package script '/home/valdeus1151/Y3T1/FRA333_LAB_HW/LAB4/install/doppelt_interfaces/share/doppelt_interfaces/package.ps1'
[8.159s] INFO:colcon.colcon_core.shell:Creating package descriptor '/home/valdeus1151/Y3T1/FRA333_LAB_HW/LAB4/install/doppelt_interfaces/share/doppelt_interfaces/package.dsv'
[8.159s] INFO:colcon.colcon_core.shell:Creating package script '/home/valdeus1151/Y3T1/FRA333_LAB_HW/LAB4/install/doppelt_interfaces/share/doppelt_interfaces/package.sh'
[8.160s] INFO:colcon.colcon_core.shell:Creating package script '/home/valdeus1151/Y3T1/FRA333_LAB_HW/LAB4/install/doppelt_interfaces/share/doppelt_interfaces/package.bash'
[8.160s] INFO:colcon.colcon_core.shell:Creating package script '/home/valdeus1151/Y3T1/FRA333_LAB_HW/LAB4/install/doppelt_interfaces/share/doppelt_interfaces/package.zsh'
[8.161s] Level 1:colcon.colcon_core.environment:create_file_with_runtime_dependencies(/home/valdeus1151/Y3T1/FRA333_LAB_HW/LAB4/install/doppelt_interfaces/share/colcon-core/packages/doppelt_interfaces)
[8.161s] DEBUG:colcon.colcon_parallel_executor.executor.parallel:closing loop
[8.161s] DEBUG:colcon.colcon_parallel_executor.executor.parallel:loop closed
[8.161s] DEBUG:colcon.colcon_parallel_executor.executor.parallel:run_until_complete finished with '0'
[8.161s] DEBUG:colcon.colcon_core.event_reactor:joining thread
[8.174s] INFO:colcon.colcon_core.plugin_system:Skipping extension 'colcon_notification.desktop_notification.terminal_notifier': Not used on non-Darwin systems
[8.174s] INFO:colcon.colcon_core.plugin_system:Skipping extension 'colcon_notification.desktop_notification.win32': Not used on non-Windows systems
[8.175s] INFO:colcon.colcon_notification.desktop_notification:Sending desktop notification using 'notify2'
[8.194s] DEBUG:colcon.colcon_core.event_reactor:joined thread
[8.195s] INFO:colcon.colcon_core.shell:Creating prefix script '/home/valdeus1151/Y3T1/FRA333_LAB_HW/LAB4/install/local_setup.ps1'
[8.197s] INFO:colcon.colcon_core.shell:Creating prefix util module '/home/valdeus1151/Y3T1/FRA333_LAB_HW/LAB4/install/_local_setup_util_ps1.py'
[8.198s] INFO:colcon.colcon_core.shell:Creating prefix chain script '/home/valdeus1151/Y3T1/FRA333_LAB_HW/LAB4/install/setup.ps1'
[8.200s] INFO:colcon.colcon_core.shell:Creating prefix script '/home/valdeus1151/Y3T1/FRA333_LAB_HW/LAB4/install/local_setup.sh'
[8.201s] INFO:colcon.colcon_core.shell:Creating prefix util module '/home/valdeus1151/Y3T1/FRA333_LAB_HW/LAB4/install/_local_setup_util_sh.py'
[8.201s] INFO:colcon.colcon_core.shell:Creating prefix chain script '/home/valdeus1151/Y3T1/FRA333_LAB_HW/LAB4/install/setup.sh'
[8.203s] INFO:colcon.colcon_core.shell:Creating prefix script '/home/valdeus1151/Y3T1/FRA333_LAB_HW/LAB4/install/local_setup.bash'
[8.203s] INFO:colcon.colcon_core.shell:Creating prefix chain script '/home/valdeus1151/Y3T1/FRA333_LAB_HW/LAB4/install/setup.bash'
[8.205s] INFO:colcon.colcon_core.shell:Creating prefix script '/home/valdeus1151/Y3T1/FRA333_LAB_HW/LAB4/install/local_setup.zsh'
[8.206s] INFO:colcon.colcon_core.shell:Creating prefix chain script '/home/valdeus1151/Y3T1/FRA333_LAB_HW/LAB4/install/setup.zsh'
