[0.018s] Invoking command in '/home/omzlette/gitROS/FRA333_LAB_HW/Xicro_GH/build/xicro_pkg': CMAKE_PREFIX_PATH=${CMAKE_PREFIX_PATH}:/opt/ros/foxy /usr/bin/cmake /home/omzlette/gitROS/FRA333_LAB_HW/Xicro_GH/src/Xicro/xicro_pkg -DAMENT_CMAKE_SYMLINK_INSTALL=1 -DCMAKE_INSTALL_PREFIX=/home/omzlette/gitROS/FRA333_LAB_HW/Xicro_GH/install/xicro_pkg
[0.175s] -- The C compiler identification is GNU 9.4.0
[0.312s] -- The CXX compiler identification is GNU 9.4.0
[0.359s] -- Check for working C compiler: /usr/bin/cc
[0.445s] -- Check for working C compiler: /usr/bin/cc -- works
[0.447s] -- Detecting C compiler ABI info
[0.528s] -- Detecting C compiler ABI info - done
[0.538s] -- Detecting C compile features
[0.539s] -- Detecting C compile features - done
[0.543s] -- Check for working CXX compiler: /usr/bin/c++
[0.643s] -- Check for working CXX compiler: /usr/bin/c++ -- works
[0.644s] -- Detecting CXX compiler ABI info
[0.735s] -- Detecting CXX compiler ABI info - done
[0.746s] -- Detecting CXX compile features
[0.746s] -- Detecting CXX compile features - done
[0.751s] -- Found ament_cmake: 0.9.11 (/opt/ros/foxy/share/ament_cmake/cmake)
[0.781s] -- Found PythonInterp: /usr/bin/python3 (found suitable version "3.8.10", minimum required is "3") 
[0.781s] -- Using PYTHON_EXECUTABLE: /usr/bin/python3
[0.953s] -- Override CMake install command with custom implementation using symlinks instead of copying resources
[0.992s] -- Found rclcpp: 2.4.2 (/opt/ros/foxy/share/rclcpp/cmake)
[1.102s] -- Using all available rosidl_typesupport_c: rosidl_typesupport_fastrtps_c;rosidl_typesupport_introspection_c
[1.107s] -- Found rosidl_adapter: 1.3.0 (/opt/ros/foxy/share/rosidl_adapter/cmake)
[1.528s] -- Found OpenSSL: /usr/lib/x86_64-linux-gnu/libcrypto.so (found version "1.1.1f")  
[1.931s] -- Found FastRTPS: /opt/ros/foxy/include  
[2.694s] -- Using all available rosidl_typesupport_cpp: rosidl_typesupport_fastrtps_cpp;rosidl_typesupport_introspection_cpp
[2.764s] -- Found rmw_implementation_cmake: 1.0.3 (/opt/ros/foxy/share/rmw_implementation_cmake/cmake)
[2.766s] -- Using RMW implementation 'rmw_fastrtps_cpp' as default
[2.769s] -- Looking for pthread.h
[2.876s] -- Looking for pthread.h - found
[2.876s] -- Performing Test CMAKE_HAVE_LIBC_PTHREAD
[2.991s] -- Performing Test CMAKE_HAVE_LIBC_PTHREAD - Failed
[2.991s] -- Looking for pthread_create in pthreads
[3.085s] -- Looking for pthread_create in pthreads - not found
[3.086s] -- Looking for pthread_create in pthread
[3.184s] -- Looking for pthread_create in pthread - found
[3.185s] -- Found Threads: TRUE  
[3.348s] -- Found rclpy: 1.0.11 (/opt/ros/foxy/share/rclpy/cmake)
[3.431s] -- Configuring done
[3.433s] -- Generating done
[3.435s] -- Build files have been written to: /home/omzlette/gitROS/FRA333_LAB_HW/Xicro_GH/build/xicro_pkg
[3.441s] Invoked command in '/home/omzlette/gitROS/FRA333_LAB_HW/Xicro_GH/build/xicro_pkg' returned '0': CMAKE_PREFIX_PATH=${CMAKE_PREFIX_PATH}:/opt/ros/foxy /usr/bin/cmake /home/omzlette/gitROS/FRA333_LAB_HW/Xicro_GH/src/Xicro/xicro_pkg -DAMENT_CMAKE_SYMLINK_INSTALL=1 -DCMAKE_INSTALL_PREFIX=/home/omzlette/gitROS/FRA333_LAB_HW/Xicro_GH/install/xicro_pkg
[3.445s] Invoking command in '/home/omzlette/gitROS/FRA333_LAB_HW/Xicro_GH/build/xicro_pkg': CMAKE_PREFIX_PATH=${CMAKE_PREFIX_PATH}:/opt/ros/foxy /usr/bin/cmake --build /home/omzlette/gitROS/FRA333_LAB_HW/Xicro_GH/build/xicro_pkg -- -j12 -l12
[3.477s] Invoked command in '/home/omzlette/gitROS/FRA333_LAB_HW/Xicro_GH/build/xicro_pkg' returned '0': CMAKE_PREFIX_PATH=${CMAKE_PREFIX_PATH}:/opt/ros/foxy /usr/bin/cmake --build /home/omzlette/gitROS/FRA333_LAB_HW/Xicro_GH/build/xicro_pkg -- -j12 -l12
[3.506s] Invoking command in '/home/omzlette/gitROS/FRA333_LAB_HW/Xicro_GH/build/xicro_pkg': CMAKE_PREFIX_PATH=${CMAKE_PREFIX_PATH}:/opt/ros/foxy /usr/bin/cmake --install /home/omzlette/gitROS/FRA333_LAB_HW/Xicro_GH/build/xicro_pkg
[3.513s] -- Install configuration: ""
[3.513s] -- Execute custom install script
[3.514s] -- Symlinking: /home/omzlette/gitROS/FRA333_LAB_HW/Xicro_GH/install/xicro_pkg/share/xicro_pkg/environment/pythonpath.sh
[3.522s] -- Symlinking: /home/omzlette/gitROS/FRA333_LAB_HW/Xicro_GH/install/xicro_pkg/share/xicro_pkg/environment/pythonpath.dsv
[3.531s] -- Symlinking: /home/omzlette/gitROS/FRA333_LAB_HW/Xicro_GH/install/xicro_pkg/lib/python3.8/site-packages/xicro_pkg/__init__.py
[3.538s] -- Symlinking: /home/omzlette/gitROS/FRA333_LAB_HW/Xicro_GH/install/xicro_pkg/lib/xicro_pkg/gui_xicro.py
[3.546s] -- Symlinking: /home/omzlette/gitROS/FRA333_LAB_HW/Xicro_GH/install/xicro_pkg/lib/xicro_pkg/generate_library.py
[3.553s] -- Symlinking: /home/omzlette/gitROS/FRA333_LAB_HW/Xicro_GH/install/xicro_pkg/lib/xicro_pkg/generate_xicro_node.py
[3.561s] -- Symlinking: /home/omzlette/gitROS/FRA333_LAB_HW/Xicro_GH/install/xicro_pkg/lib/xicro_pkg/fake_Imu_node.py
[3.568s] -- Symlinking: /home/omzlette/gitROS/FRA333_LAB_HW/Xicro_GH/install/xicro_pkg/lib/xicro_pkg/xicro_node_read_imu_ID_3_arduino.py
[3.576s] -- Symlinking: /home/omzlette/gitROS/FRA333_LAB_HW/Xicro_GH/install/xicro_pkg/share/xicro_pkg/config/.Xicro_node_preSetup.txt
[3.584s] -- Symlinking: /home/omzlette/gitROS/FRA333_LAB_HW/Xicro_GH/install/xicro_pkg/share/xicro_pkg/config/.arduino_cpp_preSetup.txt
[3.592s] -- Symlinking: /home/omzlette/gitROS/FRA333_LAB_HW/Xicro_GH/install/xicro_pkg/share/xicro_pkg/config/.arduino_h_preSetup.txt
[3.599s] -- Symlinking: /home/omzlette/gitROS/FRA333_LAB_HW/Xicro_GH/install/xicro_pkg/share/xicro_pkg/config/.stm32_cpp_preSetup.txt
[3.609s] -- Symlinking: /home/omzlette/gitROS/FRA333_LAB_HW/Xicro_GH/install/xicro_pkg/share/xicro_pkg/config/.stm32_h_preSetup.txt
[3.616s] -- Symlinking: /home/omzlette/gitROS/FRA333_LAB_HW/Xicro_GH/install/xicro_pkg/share/xicro_pkg/config/setup_xicro.yaml
[3.627s] -- Symlinking: /home/omzlette/gitROS/FRA333_LAB_HW/Xicro_GH/install/xicro_pkg/share/ament_index/resource_index/package_run_dependencies/xicro_pkg
[3.635s] -- Symlinking: /home/omzlette/gitROS/FRA333_LAB_HW/Xicro_GH/install/xicro_pkg/share/ament_index/resource_index/parent_prefix_path/xicro_pkg
[3.642s] -- Symlinking: /home/omzlette/gitROS/FRA333_LAB_HW/Xicro_GH/install/xicro_pkg/share/xicro_pkg/environment/ament_prefix_path.sh
[3.651s] -- Symlinking: /home/omzlette/gitROS/FRA333_LAB_HW/Xicro_GH/install/xicro_pkg/share/xicro_pkg/environment/ament_prefix_path.dsv
[3.659s] -- Symlinking: /home/omzlette/gitROS/FRA333_LAB_HW/Xicro_GH/install/xicro_pkg/share/xicro_pkg/environment/path.sh
[3.669s] -- Symlinking: /home/omzlette/gitROS/FRA333_LAB_HW/Xicro_GH/install/xicro_pkg/share/xicro_pkg/environment/path.dsv
[3.680s] -- Symlinking: /home/omzlette/gitROS/FRA333_LAB_HW/Xicro_GH/install/xicro_pkg/share/xicro_pkg/local_setup.bash
[3.691s] -- Symlinking: /home/omzlette/gitROS/FRA333_LAB_HW/Xicro_GH/install/xicro_pkg/share/xicro_pkg/local_setup.sh
[3.701s] -- Symlinking: /home/omzlette/gitROS/FRA333_LAB_HW/Xicro_GH/install/xicro_pkg/share/xicro_pkg/local_setup.zsh
[3.710s] -- Symlinking: /home/omzlette/gitROS/FRA333_LAB_HW/Xicro_GH/install/xicro_pkg/share/xicro_pkg/local_setup.dsv
[3.720s] -- Symlinking: /home/omzlette/gitROS/FRA333_LAB_HW/Xicro_GH/install/xicro_pkg/share/xicro_pkg/package.dsv
[3.732s] -- Symlinking: /home/omzlette/gitROS/FRA333_LAB_HW/Xicro_GH/install/xicro_pkg/share/ament_index/resource_index/packages/xicro_pkg
[3.744s] -- Symlinking: /home/omzlette/gitROS/FRA333_LAB_HW/Xicro_GH/install/xicro_pkg/share/xicro_pkg/cmake/xicro_pkgConfig.cmake
[3.754s] -- Symlinking: /home/omzlette/gitROS/FRA333_LAB_HW/Xicro_GH/install/xicro_pkg/share/xicro_pkg/cmake/xicro_pkgConfig-version.cmake
[3.764s] -- Symlinking: /home/omzlette/gitROS/FRA333_LAB_HW/Xicro_GH/install/xicro_pkg/share/xicro_pkg/package.xml
[3.830s] Listing '/home/omzlette/gitROS/FRA333_LAB_HW/Xicro_GH/install/xicro_pkg/lib/python3.8/site-packages/xicro_pkg'...
[3.830s] Compiling '/home/omzlette/gitROS/FRA333_LAB_HW/Xicro_GH/install/xicro_pkg/lib/python3.8/site-packages/xicro_pkg/__init__.py'...
[3.840s] Invoked command in '/home/omzlette/gitROS/FRA333_LAB_HW/Xicro_GH/build/xicro_pkg' returned '0': CMAKE_PREFIX_PATH=${CMAKE_PREFIX_PATH}:/opt/ros/foxy /usr/bin/cmake --install /home/omzlette/gitROS/FRA333_LAB_HW/Xicro_GH/build/xicro_pkg
