-- Found ament_cmake: 0.9.9 (/opt/ros/foxy/share/ament_cmake/cmake)
-- Using PYTHON_EXECUTABLE: /usr/bin/python3
-- Override CMake install command with custom implementation using symlinks instead of copying resources
-- Found rclcpp: 2.4.1 (/opt/ros/foxy/share/rclcpp/cmake)
-- Using all available rosidl_typesupport_c: rosidl_typesupport_fastrtps_c;rosidl_typesupport_introspection_c
-- Found rosidl_adapter: 1.2.1 (/opt/ros/foxy/share/rosidl_adapter/cmake)
-- Using all available rosidl_typesupport_cpp: rosidl_typesupport_fastrtps_cpp;rosidl_typesupport_introspection_cpp
-- Found rmw_implementation_cmake: 1.0.3 (/opt/ros/foxy/share/rmw_implementation_cmake/cmake)
-- Using RMW implementation 'rmw_fastrtps_cpp' as default
-- Found rclpy: 1.0.8 (/opt/ros/foxy/share/rclpy/cmake)
-- Configuring done
-- Generating done
-- Build files have been written to: /home/omzlette/gitRos/LAB1_WS/build/fra333_lab1_29
-- Install configuration: ""
-- Execute custom install script
-- Up-to-date symlink: /home/omzlette/gitRos/LAB1_WS/install/fra333_lab1_29/share/fra333_lab1_29/environment/pythonpath.sh
-- Up-to-date symlink: /home/omzlette/gitRos/LAB1_WS/install/fra333_lab1_29/share/fra333_lab1_29/environment/pythonpath.dsv
-- Up-to-date symlink: /home/omzlette/gitRos/LAB1_WS/install/fra333_lab1_29/lib/python3.8/site-packages/fra333_lab1_29/__init__.py
-- Symlinking: /home/omzlette/gitRos/LAB1_WS/install/fra333_lab1_29/lib/fra333_lab1_29/noise_generator.py
-- Symlinking: /home/omzlette/gitRos/LAB1_WS/install/fra333_lab1_29/lib/fra333_lab1_29/velocity_mux.py
-- Symlinking: /home/omzlette/gitRos/LAB1_WS/install/fra333_lab1_29/share/fra333_lab1_29/launch/random_walk.launch.py
-- Up-to-date symlink: /home/omzlette/gitRos/LAB1_WS/install/fra333_lab1_29/share/ament_index/resource_index/package_run_dependencies/fra333_lab1_29
-- Up-to-date symlink: /home/omzlette/gitRos/LAB1_WS/install/fra333_lab1_29/share/ament_index/resource_index/parent_prefix_path/fra333_lab1_29
-- Up-to-date symlink: /home/omzlette/gitRos/LAB1_WS/install/fra333_lab1_29/share/fra333_lab1_29/environment/ament_prefix_path.sh
-- Up-to-date symlink: /home/omzlette/gitRos/LAB1_WS/install/fra333_lab1_29/share/fra333_lab1_29/environment/ament_prefix_path.dsv
-- Up-to-date symlink: /home/omzlette/gitRos/LAB1_WS/install/fra333_lab1_29/share/fra333_lab1_29/environment/path.sh
-- Up-to-date symlink: /home/omzlette/gitRos/LAB1_WS/install/fra333_lab1_29/share/fra333_lab1_29/environment/path.dsv
-- Up-to-date symlink: /home/omzlette/gitRos/LAB1_WS/install/fra333_lab1_29/share/fra333_lab1_29/local_setup.bash
-- Up-to-date symlink: /home/omzlette/gitRos/LAB1_WS/install/fra333_lab1_29/share/fra333_lab1_29/local_setup.sh
-- Up-to-date symlink: /home/omzlette/gitRos/LAB1_WS/install/fra333_lab1_29/share/fra333_lab1_29/local_setup.zsh
-- Up-to-date symlink: /home/omzlette/gitRos/LAB1_WS/install/fra333_lab1_29/share/fra333_lab1_29/local_setup.dsv
-- Symlinking: /home/omzlette/gitRos/LAB1_WS/install/fra333_lab1_29/share/fra333_lab1_29/package.dsv
-- Up-to-date symlink: /home/omzlette/gitRos/LAB1_WS/install/fra333_lab1_29/share/ament_index/resource_index/packages/fra333_lab1_29
-- Up-to-date symlink: /home/omzlette/gitRos/LAB1_WS/install/fra333_lab1_29/share/fra333_lab1_29/cmake/fra333_lab1_29Config.cmake
-- Up-to-date symlink: /home/omzlette/gitRos/LAB1_WS/install/fra333_lab1_29/share/fra333_lab1_29/cmake/fra333_lab1_29Config-version.cmake
-- Up-to-date symlink: /home/omzlette/gitRos/LAB1_WS/install/fra333_lab1_29/share/fra333_lab1_29/package.xml
Listing '/home/omzlette/gitRos/LAB1_WS/install/fra333_lab1_29/lib/python3.8/site-packages/fra333_lab1_29'...
