[0.028s] Invoking command in '/home/omzlette/gitRos/LAB2/build/sandevistan_kinematics_interfaces': CMAKE_PREFIX_PATH=${CMAKE_PREFIX_PATH}:/opt/ros/foxy /usr/bin/cmake --build /home/omzlette/gitRos/LAB2/build/sandevistan_kinematics_interfaces -- -j12 -l12
[0.049s] -- Found ament_cmake: 0.9.11 (/opt/ros/foxy/share/ament_cmake/cmake)
[0.071s] -- Found PythonInterp: /usr/bin/python3 (found suitable version "3.8.10", minimum required is "3") 
[0.071s] -- Using PYTHON_EXECUTABLE: /usr/bin/python3
[0.259s] -- Override CMake install command with custom implementation using symlinks instead of copying resources
[0.265s] -- Found ament_lint_auto: 0.9.7 (/opt/ros/foxy/share/ament_lint_auto/cmake)
[0.329s] -- Found rosidl_default_generators: 1.0.1 (/opt/ros/foxy/share/rosidl_default_generators/cmake)
[0.334s] -- Using all available rosidl_typesupport_c: rosidl_typesupport_fastrtps_c;rosidl_typesupport_introspection_c
[0.340s] -- Found rosidl_adapter: 1.3.0 (/opt/ros/foxy/share/rosidl_adapter/cmake)
[0.505s] -- Using all available rosidl_typesupport_cpp: rosidl_typesupport_fastrtps_cpp;rosidl_typesupport_introspection_cpp
[0.531s] -- Found geometry_msgs: 2.0.5 (/opt/ros/foxy/share/geometry_msgs/cmake)
[0.611s] -- Found sensor_msgs: 2.0.5 (/opt/ros/foxy/share/sensor_msgs/cmake)
[0.755s] -- Found PythonInterp: /usr/bin/python3 (found version "3.8.10") 
[0.955s] CMake Error at /opt/ros/foxy/share/rosidl_adapter/cmake/rosidl_adapt_interfaces.cmake:60 (message):
[0.955s]   execute_process(/usr/bin/python3 -m rosidl_adapter --package-name
[0.955s]   sandevistan_kinematics_interfaces --arguments-file
[0.956s]   /home/omzlette/gitRos/LAB2/build/sandevistan_kinematics_interfaces/rosidl_adapter__arguments__sandevistan_kinematics_interfaces.json
[0.956s]   --output-dir
[0.956s]   /home/omzlette/gitRos/LAB2/build/sandevistan_kinematics_interfaces/rosidl_adapter/sandevistan_kinematics_interfaces
[0.956s]   --output-file
[0.956s]   /home/omzlette/gitRos/LAB2/build/sandevistan_kinematics_interfaces/rosidl_adapter/sandevistan_kinematics_interfaces.idls)
[0.956s]   returned error code 1:
[0.956s] 
[0.956s]   Traceback (most recent call last):
[0.957s] 
[0.957s]     File "/usr/lib/python3.8/runpy.py", line 194, in _run_module_as_main
[0.957s]       return _run_code(code, main_globals, None,
[0.957s]     File "/usr/lib/python3.8/runpy.py", line 87, in _run_code
[0.957s]       exec(code, run_globals)
[0.957s]     File "/opt/ros/foxy/lib/python3.8/site-packages/rosidl_adapter/__main__.py", line 19, in <module>
[0.957s]       sys.exit(main())
[0.957s]     File "/opt/ros/foxy/lib/python3.8/site-packages/rosidl_adapter/main.py", line 53, in main
[0.958s]       abs_idl_file = convert_to_idl(
[0.958s]     File "/opt/ros/foxy/lib/python3.8/site-packages/rosidl_adapter/__init__.py", line 24, in convert_to_idl
[0.958s]       return convert_srv_to_idl(
[0.958s]     File "/opt/ros/foxy/lib/python3.8/site-packages/rosidl_adapter/srv/__init__.py", line 28, in convert_srv_to_idl
[0.958s]       srv = parse_service_string(package_name, input_file.stem, content)
[0.958s]     File "/opt/ros/foxy/lib/python3.8/site-packages/rosidl_adapter/parser.py", line 852, in parse_service_string
[0.958s]       request_message = parse_message_string(
[0.958s]     File "/opt/ros/foxy/lib/python3.8/site-packages/rosidl_adapter/parser.py", line 531, in parse_message_string
[0.958s]       constants.append(Constant(type_string, name, value))
[0.959s]     File "/opt/ros/foxy/lib/python3.8/site-packages/rosidl_adapter/parser.py", line 319, in __init__
[0.959s]       raise NameError(
[0.959s] 
[0.959s]   NameError: 'armconfig' is an invalid constant name.  It should have the
[0.959s]   pattern '^[A-Z]([A-Z0-9_]?[A-Z0-9]+)*$'
[0.959s] 
[0.959s] Call Stack (most recent call first):
[0.959s]   /opt/ros/foxy/share/rosidl_cmake/cmake/rosidl_generate_interfaces.cmake:130 (rosidl_adapt_interfaces)
[0.959s]   CMakeLists.txt:40 (rosidl_generate_interfaces)
[0.960s] 
[0.960s] 
[0.960s] -- Configuring incomplete, errors occurred!
[0.960s] See also "/home/omzlette/gitRos/LAB2/build/sandevistan_kinematics_interfaces/CMakeFiles/CMakeOutput.log".
[0.968s] make: *** [Makefile:988: cmake_check_build_system] Error 1
[0.970s] Invoked command in '/home/omzlette/gitRos/LAB2/build/sandevistan_kinematics_interfaces' returned '2': CMAKE_PREFIX_PATH=${CMAKE_PREFIX_PATH}:/opt/ros/foxy /usr/bin/cmake --build /home/omzlette/gitRos/LAB2/build/sandevistan_kinematics_interfaces -- -j12 -l12
