[0.031s] Invoking command in '/home/valdeus1151/Y3T1/FRA333_LAB_HW/LAB3/build/xicro_pkg': CMAKE_PREFIX_PATH=${CMAKE_PREFIX_PATH}:/opt/ros/foxy /usr/bin/cmake /home/valdeus1151/Y3T1/FRA333_LAB_HW/LAB3/src/Xicro/xicro_pkg -DAMENT_CMAKE_SYMLINK_INSTALL=1 -DCMAKE_INSTALL_PREFIX=/home/valdeus1151/Y3T1/FRA333_LAB_HW/LAB3/install/xicro_pkg
[0.146s] -- The C compiler identification is GNU 9.4.0
[0.265s] -- The CXX compiler identification is GNU 9.4.0
[0.274s] -- Check for working C compiler: /usr/bin/cc
[0.363s] -- Check for working C compiler: /usr/bin/cc -- works
[0.365s] -- Detecting C compiler ABI info
[0.457s] -- Detecting C compiler ABI info - done
[0.473s] -- Detecting C compile features
[0.474s] -- Detecting C compile features - done
[0.479s] -- Check for working CXX compiler: /usr/bin/c++
[0.603s] -- Check for working CXX compiler: /usr/bin/c++ -- works
[0.605s] -- Detecting CXX compiler ABI info
[0.700s] -- Detecting CXX compiler ABI info - done
[0.717s] -- Detecting CXX compile features
[0.718s] -- Detecting CXX compile features - done
[0.721s] -- Found ament_cmake: 0.9.11 (/opt/ros/foxy/share/ament_cmake/cmake)
[0.753s] -- Found PythonInterp: /usr/bin/python3 (found suitable version "3.8.10", minimum required is "3") 
[0.753s] -- Using PYTHON_EXECUTABLE: /usr/bin/python3
[1.025s] -- Override CMake install command with custom implementation using symlinks instead of copying resources
[1.079s] -- Found rclcpp: 2.4.2 (/opt/ros/foxy/share/rclcpp/cmake)
[1.165s] -- Using all available rosidl_typesupport_c: rosidl_typesupport_fastrtps_c;rosidl_typesupport_introspection_c
[1.177s] -- Found rosidl_adapter: 1.3.0 (/opt/ros/foxy/share/rosidl_adapter/cmake)
[1.300s] -- Found OpenSSL: /usr/lib/x86_64-linux-gnu/libcrypto.so (found version "1.1.1f")  
[1.351s] -- Found FastRTPS: /opt/ros/foxy/include  
[1.500s] -- Using all available rosidl_typesupport_cpp: rosidl_typesupport_fastrtps_cpp;rosidl_typesupport_introspection_cpp
[1.603s] -- Found rmw_implementation_cmake: 1.0.3 (/opt/ros/foxy/share/rmw_implementation_cmake/cmake)
[1.608s] -- Using RMW implementation 'rmw_fastrtps_cpp' as default
[1.611s] -- Looking for pthread.h
[1.737s] -- Looking for pthread.h - found
[1.738s] -- Performing Test CMAKE_HAVE_LIBC_PTHREAD
[1.837s] -- Performing Test CMAKE_HAVE_LIBC_PTHREAD - Failed
[1.837s] -- Looking for pthread_create in pthreads
[1.920s] -- Looking for pthread_create in pthreads - not found
[1.920s] -- Looking for pthread_create in pthread
[2.004s] -- Looking for pthread_create in pthread - found
[2.005s] -- Found Threads: TRUE  
[2.331s] -- Found rclpy: 1.0.11 (/opt/ros/foxy/share/rclpy/cmake)
[2.455s] -- Configuring done
[2.458s] -- Generating done
[2.460s] -- Build files have been written to: /home/valdeus1151/Y3T1/FRA333_LAB_HW/LAB3/build/xicro_pkg
[2.471s] Invoked command in '/home/valdeus1151/Y3T1/FRA333_LAB_HW/LAB3/build/xicro_pkg' returned '0': CMAKE_PREFIX_PATH=${CMAKE_PREFIX_PATH}:/opt/ros/foxy /usr/bin/cmake /home/valdeus1151/Y3T1/FRA333_LAB_HW/LAB3/src/Xicro/xicro_pkg -DAMENT_CMAKE_SYMLINK_INSTALL=1 -DCMAKE_INSTALL_PREFIX=/home/valdeus1151/Y3T1/FRA333_LAB_HW/LAB3/install/xicro_pkg
[2.475s] Invoking command in '/home/valdeus1151/Y3T1/FRA333_LAB_HW/LAB3/build/xicro_pkg': CMAKE_PREFIX_PATH=${CMAKE_PREFIX_PATH}:/opt/ros/foxy /usr/bin/cmake --build /home/valdeus1151/Y3T1/FRA333_LAB_HW/LAB3/build/xicro_pkg -- -j12 -l12
[2.527s] Invoked command in '/home/valdeus1151/Y3T1/FRA333_LAB_HW/LAB3/build/xicro_pkg' returned '0': CMAKE_PREFIX_PATH=${CMAKE_PREFIX_PATH}:/opt/ros/foxy /usr/bin/cmake --build /home/valdeus1151/Y3T1/FRA333_LAB_HW/LAB3/build/xicro_pkg -- -j12 -l12
[2.560s] Invoking command in '/home/valdeus1151/Y3T1/FRA333_LAB_HW/LAB3/build/xicro_pkg': CMAKE_PREFIX_PATH=${CMAKE_PREFIX_PATH}:/opt/ros/foxy /usr/bin/cmake --install /home/valdeus1151/Y3T1/FRA333_LAB_HW/LAB3/build/xicro_pkg
[2.574s] -- Install configuration: ""
[2.575s] -- Execute custom install script
[2.576s] -- Symlinking: /home/valdeus1151/Y3T1/FRA333_LAB_HW/LAB3/install/xicro_pkg/share/xicro_pkg/environment/pythonpath.sh
[2.591s] -- Symlinking: /home/valdeus1151/Y3T1/FRA333_LAB_HW/LAB3/install/xicro_pkg/share/xicro_pkg/environment/pythonpath.dsv
[2.608s] -- Symlinking: /home/valdeus1151/Y3T1/FRA333_LAB_HW/LAB3/install/xicro_pkg/lib/python3.8/site-packages/xicro_pkg/__init__.py
[2.624s] -- Symlinking: /home/valdeus1151/Y3T1/FRA333_LAB_HW/LAB3/install/xicro_pkg/lib/xicro_pkg/gui_xicro.py
[2.640s] -- Symlinking: /home/valdeus1151/Y3T1/FRA333_LAB_HW/LAB3/install/xicro_pkg/lib/xicro_pkg/generate_library.py
[2.656s] -- Symlinking: /home/valdeus1151/Y3T1/FRA333_LAB_HW/LAB3/install/xicro_pkg/lib/xicro_pkg/generate_xicro_node.py
[2.672s] -- Symlinking: /home/valdeus1151/Y3T1/FRA333_LAB_HW/LAB3/install/xicro_pkg/lib/xicro_pkg/fake_Imu_node.py
[2.689s] -- Symlinking: /home/valdeus1151/Y3T1/FRA333_LAB_HW/LAB3/install/xicro_pkg/lib/xicro_pkg/xicro_node_sandevistan_imu_ID_2_arduino.py
[2.706s] -- Symlinking: /home/valdeus1151/Y3T1/FRA333_LAB_HW/LAB3/install/xicro_pkg/share/xicro_pkg/config/.Xicro_node_preSetup.txt
[2.722s] -- Symlinking: /home/valdeus1151/Y3T1/FRA333_LAB_HW/LAB3/install/xicro_pkg/share/xicro_pkg/config/.arduino_cpp_preSetup.txt
[2.739s] -- Symlinking: /home/valdeus1151/Y3T1/FRA333_LAB_HW/LAB3/install/xicro_pkg/share/xicro_pkg/config/.arduino_h_preSetup.txt
[2.756s] -- Symlinking: /home/valdeus1151/Y3T1/FRA333_LAB_HW/LAB3/install/xicro_pkg/share/xicro_pkg/config/.stm32_cpp_preSetup.txt
[2.772s] -- Symlinking: /home/valdeus1151/Y3T1/FRA333_LAB_HW/LAB3/install/xicro_pkg/share/xicro_pkg/config/.stm32_h_preSetup.txt
[2.787s] -- Symlinking: /home/valdeus1151/Y3T1/FRA333_LAB_HW/LAB3/install/xicro_pkg/share/xicro_pkg/config/setup_xicro.yaml
[2.804s] -- Symlinking: /home/valdeus1151/Y3T1/FRA333_LAB_HW/LAB3/install/xicro_pkg/share/ament_index/resource_index/package_run_dependencies/xicro_pkg
[2.821s] -- Symlinking: /home/valdeus1151/Y3T1/FRA333_LAB_HW/LAB3/install/xicro_pkg/share/ament_index/resource_index/parent_prefix_path/xicro_pkg
[2.838s] -- Symlinking: /home/valdeus1151/Y3T1/FRA333_LAB_HW/LAB3/install/xicro_pkg/share/xicro_pkg/environment/ament_prefix_path.sh
[2.855s] -- Symlinking: /home/valdeus1151/Y3T1/FRA333_LAB_HW/LAB3/install/xicro_pkg/share/xicro_pkg/environment/ament_prefix_path.dsv
[2.871s] -- Symlinking: /home/valdeus1151/Y3T1/FRA333_LAB_HW/LAB3/install/xicro_pkg/share/xicro_pkg/environment/path.sh
[2.888s] -- Symlinking: /home/valdeus1151/Y3T1/FRA333_LAB_HW/LAB3/install/xicro_pkg/share/xicro_pkg/environment/path.dsv
[2.905s] -- Symlinking: /home/valdeus1151/Y3T1/FRA333_LAB_HW/LAB3/install/xicro_pkg/share/xicro_pkg/local_setup.bash
[2.922s] -- Symlinking: /home/valdeus1151/Y3T1/FRA333_LAB_HW/LAB3/install/xicro_pkg/share/xicro_pkg/local_setup.sh
[2.939s] -- Symlinking: /home/valdeus1151/Y3T1/FRA333_LAB_HW/LAB3/install/xicro_pkg/share/xicro_pkg/local_setup.zsh
[2.955s] -- Symlinking: /home/valdeus1151/Y3T1/FRA333_LAB_HW/LAB3/install/xicro_pkg/share/xicro_pkg/local_setup.dsv
[2.976s] -- Symlinking: /home/valdeus1151/Y3T1/FRA333_LAB_HW/LAB3/install/xicro_pkg/share/xicro_pkg/package.dsv
[2.994s] -- Symlinking: /home/valdeus1151/Y3T1/FRA333_LAB_HW/LAB3/install/xicro_pkg/share/ament_index/resource_index/packages/xicro_pkg
[3.023s] -- Symlinking: /home/valdeus1151/Y3T1/FRA333_LAB_HW/LAB3/install/xicro_pkg/share/xicro_pkg/cmake/xicro_pkgConfig.cmake
[3.040s] -- Symlinking: /home/valdeus1151/Y3T1/FRA333_LAB_HW/LAB3/install/xicro_pkg/share/xicro_pkg/cmake/xicro_pkgConfig-version.cmake
[3.058s] -- Symlinking: /home/valdeus1151/Y3T1/FRA333_LAB_HW/LAB3/install/xicro_pkg/share/xicro_pkg/package.xml
[3.140s] Listing '/home/valdeus1151/Y3T1/FRA333_LAB_HW/LAB3/install/xicro_pkg/lib/python3.8/site-packages/xicro_pkg'...
[3.140s] Compiling '/home/valdeus1151/Y3T1/FRA333_LAB_HW/LAB3/install/xicro_pkg/lib/python3.8/site-packages/xicro_pkg/__init__.py'...
[3.157s] Invoked command in '/home/valdeus1151/Y3T1/FRA333_LAB_HW/LAB3/build/xicro_pkg' returned '0': CMAKE_PREFIX_PATH=${CMAKE_PREFIX_PATH}:/opt/ros/foxy /usr/bin/cmake --install /home/valdeus1151/Y3T1/FRA333_LAB_HW/LAB3/build/xicro_pkg
