[0.024s] Invoking command in '/home/omzlette/gitRos/LAB2/build/sandevistan_kinematics_interfaces': CMAKE_PREFIX_PATH=${CMAKE_PREFIX_PATH}:/opt/ros/foxy /usr/bin/cmake --build /home/omzlette/gitRos/LAB2/build/sandevistan_kinematics_interfaces -- -j12 -l12
[0.044s] -- Found ament_cmake: 0.9.11 (/opt/ros/foxy/share/ament_cmake/cmake)
[0.064s] -- Found PythonInterp: /usr/bin/python3 (found suitable version "3.8.10", minimum required is "3") 
[0.064s] -- Using PYTHON_EXECUTABLE: /usr/bin/python3
[0.239s] -- Override CMake install command with custom implementation using symlinks instead of copying resources
[0.247s] -- Found ament_lint_auto: 0.9.7 (/opt/ros/foxy/share/ament_lint_auto/cmake)
[0.310s] -- Found rosidl_default_generators: 1.0.1 (/opt/ros/foxy/share/rosidl_default_generators/cmake)
[0.313s] -- Using all available rosidl_typesupport_c: rosidl_typesupport_fastrtps_c;rosidl_typesupport_introspection_c
[0.317s] -- Found rosidl_adapter: 1.3.0 (/opt/ros/foxy/share/rosidl_adapter/cmake)
[0.449s] -- Using all available rosidl_typesupport_cpp: rosidl_typesupport_fastrtps_cpp;rosidl_typesupport_introspection_cpp
[0.471s] -- Found geometry_msgs: 2.0.5 (/opt/ros/foxy/share/geometry_msgs/cmake)
[0.546s] -- Found sensor_msgs: 2.0.5 (/opt/ros/foxy/share/sensor_msgs/cmake)
[0.643s] -- Found PythonInterp: /usr/bin/python3 (found version "3.8.10") 
[0.840s] CMake Error at /opt/ros/foxy/share/rosidl_adapter/cmake/rosidl_adapt_interfaces.cmake:60 (message):
[0.840s]   execute_process(/usr/bin/python3 -m rosidl_adapter --package-name
[0.840s]   sandevistan_kinematics_interfaces --arguments-file
[0.841s]   /home/omzlette/gitRos/LAB2/build/sandevistan_kinematics_interfaces/rosidl_adapter__arguments__sandevistan_kinematics_interfaces.json
[0.841s]   --output-dir
[0.841s]   /home/omzlette/gitRos/LAB2/build/sandevistan_kinematics_interfaces/rosidl_adapter/sandevistan_kinematics_interfaces
[0.841s]   --output-file
[0.841s]   /home/omzlette/gitRos/LAB2/build/sandevistan_kinematics_interfaces/rosidl_adapter/sandevistan_kinematics_interfaces.idls)
[0.841s]   returned error code 1:
[0.841s] 
[0.841s]   Error processing 'geometry_msgs/Point position 1' of
[0.841s]   'sandevistan_kinematics_interfaces/SolveIK_Request': 'parsing string values
[0.841s]   into type 'geometry_msgs/Point' is not supported'
[0.841s] 
[0.841s]   Traceback (most recent call last):
[0.841s] 
[0.842s]     File "/usr/lib/python3.8/runpy.py", line 194, in _run_module_as_main
[0.842s]       return _run_code(code, main_globals, None,
[0.842s]     File "/usr/lib/python3.8/runpy.py", line 87, in _run_code
[0.842s]       exec(code, run_globals)
[0.842s]     File "/opt/ros/foxy/lib/python3.8/site-packages/rosidl_adapter/__main__.py", line 19, in <module>
[0.842s]       sys.exit(main())
[0.842s]     File "/opt/ros/foxy/lib/python3.8/site-packages/rosidl_adapter/main.py", line 53, in main
[0.842s]       abs_idl_file = convert_to_idl(
[0.842s]     File "/opt/ros/foxy/lib/python3.8/site-packages/rosidl_adapter/__init__.py", line 24, in convert_to_idl
[0.842s]       return convert_srv_to_idl(
[0.843s]     File "/opt/ros/foxy/lib/python3.8/site-packages/rosidl_adapter/srv/__init__.py", line 28, in convert_srv_to_idl
[0.843s]       srv = parse_service_string(package_name, input_file.stem, content)
[0.843s]     File "/opt/ros/foxy/lib/python3.8/site-packages/rosidl_adapter/parser.py", line 852, in parse_service_string
[0.843s]       request_message = parse_message_string(
[0.843s]     File "/opt/ros/foxy/lib/python3.8/site-packages/rosidl_adapter/parser.py", line 515, in parse_message_string
[0.843s]       fields.append(Field(
[0.843s]     File "/opt/ros/foxy/lib/python3.8/site-packages/rosidl_adapter/parser.py", line 360, in __init__
[0.843s]       self.default_value = parse_value_string(
[0.843s]     File "/opt/ros/foxy/lib/python3.8/site-packages/rosidl_adapter/parser.py", line 631, in parse_value_string
[0.843s]       raise NotImplementedError(
[0.843s] 
[0.843s]   NotImplementedError: parsing string values into type 'geometry_msgs/Point'
[0.843s]   is not supported
[0.843s] 
[0.843s] Call Stack (most recent call first):
[0.844s]   /opt/ros/foxy/share/rosidl_cmake/cmake/rosidl_generate_interfaces.cmake:130 (rosidl_adapt_interfaces)
[0.844s]   CMakeLists.txt:40 (rosidl_generate_interfaces)
[0.844s] 
[0.844s] 
[0.844s] -- Configuring incomplete, errors occurred!
[0.844s] See also "/home/omzlette/gitRos/LAB2/build/sandevistan_kinematics_interfaces/CMakeFiles/CMakeOutput.log".
[0.847s] make: *** [Makefile:988: cmake_check_build_system] Error 1
[0.849s] Invoked command in '/home/omzlette/gitRos/LAB2/build/sandevistan_kinematics_interfaces' returned '2': CMAKE_PREFIX_PATH=${CMAKE_PREFIX_PATH}:/opt/ros/foxy /usr/bin/cmake --build /home/omzlette/gitRos/LAB2/build/sandevistan_kinematics_interfaces -- -j12 -l12
