[0.025s] Invoking command in '/home/omzlette/gitROS/FRA333_LAB_HW/LAB3/build/xicro_pkg': CMAKE_PREFIX_PATH=${CMAKE_PREFIX_PATH}:/opt/ros/foxy /usr/bin/cmake --build /home/omzlette/gitROS/FRA333_LAB_HW/LAB3/build/xicro_pkg -- -j12 -l12
[0.045s] -- Found ament_cmake: 0.9.11 (/opt/ros/foxy/share/ament_cmake/cmake)
[0.065s] -- Using PYTHON_EXECUTABLE: /usr/bin/python3
[0.255s] -- Found rclcpp: 2.4.2 (/opt/ros/foxy/share/rclcpp/cmake)
[0.383s] -- Using all available rosidl_typesupport_c: rosidl_typesupport_fastrtps_c;rosidl_typesupport_introspection_c
[0.386s] -- Found rosidl_adapter: 1.3.0 (/opt/ros/foxy/share/rosidl_adapter/cmake)
[2.863s] -- Using all available rosidl_typesupport_cpp: rosidl_typesupport_fastrtps_cpp;rosidl_typesupport_introspection_cpp
[2.903s] -- Found rmw_implementation_cmake: 1.0.3 (/opt/ros/foxy/share/rmw_implementation_cmake/cmake)
[2.904s] -- Using RMW implementation 'rmw_fastrtps_cpp' as default
[3.018s] -- Found rclpy: 1.0.11 (/opt/ros/foxy/share/rclpy/cmake)
[3.062s] -- Configuring done
[3.065s] -- Generating done
[3.066s] -- Build files have been written to: /home/omzlette/gitROS/FRA333_LAB_HW/LAB3/build/xicro_pkg
[3.085s] Invoked command in '/home/omzlette/gitROS/FRA333_LAB_HW/LAB3/build/xicro_pkg' returned '0': CMAKE_PREFIX_PATH=${CMAKE_PREFIX_PATH}:/opt/ros/foxy /usr/bin/cmake --build /home/omzlette/gitROS/FRA333_LAB_HW/LAB3/build/xicro_pkg -- -j12 -l12
[3.101s] Invoking command in '/home/omzlette/gitROS/FRA333_LAB_HW/LAB3/build/xicro_pkg': CMAKE_PREFIX_PATH=${CMAKE_PREFIX_PATH}:/opt/ros/foxy /usr/bin/cmake --install /home/omzlette/gitROS/FRA333_LAB_HW/LAB3/build/xicro_pkg
[3.107s] -- Install configuration: ""
[3.107s] -- Up-to-date: /home/omzlette/gitROS/FRA333_LAB_HW/LAB3/install/xicro_pkg/share/xicro_pkg/environment/pythonpath.sh
[3.107s] -- Installing: /home/omzlette/gitROS/FRA333_LAB_HW/LAB3/install/xicro_pkg/share/xicro_pkg/environment/pythonpath.dsv
[3.107s] -- Up-to-date: /home/omzlette/gitROS/FRA333_LAB_HW/LAB3/install/xicro_pkg/lib/python3.8/site-packages/xicro_pkg
[3.107s] -- Up-to-date: /home/omzlette/gitROS/FRA333_LAB_HW/LAB3/install/xicro_pkg/lib/python3.8/site-packages/xicro_pkg/__init__.py
[3.129s] Listing '/home/omzlette/gitROS/FRA333_LAB_HW/LAB3/install/xicro_pkg/lib/python3.8/site-packages/xicro_pkg'...
[3.133s] -- Up-to-date: /home/omzlette/gitROS/FRA333_LAB_HW/LAB3/install/xicro_pkg/lib/xicro_pkg/gui_xicro.py
[3.133s] -- Up-to-date: /home/omzlette/gitROS/FRA333_LAB_HW/LAB3/install/xicro_pkg/lib/xicro_pkg/generate_library.py
[3.133s] -- Up-to-date: /home/omzlette/gitROS/FRA333_LAB_HW/LAB3/install/xicro_pkg/lib/xicro_pkg/generate_xicro_node.py
[3.133s] -- Up-to-date: /home/omzlette/gitROS/FRA333_LAB_HW/LAB3/install/xicro_pkg/lib/xicro_pkg/fake_Imu_node.py
[3.133s] -- Installing: /home/omzlette/gitROS/FRA333_LAB_HW/LAB3/install/xicro_pkg/lib/xicro_pkg/xicro_node_read_imu_ID_3_arduino.py
[3.134s] -- Up-to-date: /home/omzlette/gitROS/FRA333_LAB_HW/LAB3/install/xicro_pkg/share/xicro_pkg/config
[3.134s] -- Up-to-date: /home/omzlette/gitROS/FRA333_LAB_HW/LAB3/install/xicro_pkg/share/xicro_pkg/config/.arduino_cpp_preSetup.txt
[3.134s] -- Up-to-date: /home/omzlette/gitROS/FRA333_LAB_HW/LAB3/install/xicro_pkg/share/xicro_pkg/config/setup_xicro.yaml
[3.135s] -- Up-to-date: /home/omzlette/gitROS/FRA333_LAB_HW/LAB3/install/xicro_pkg/share/xicro_pkg/config/.stm32_cpp_preSetup.txt
[3.135s] -- Up-to-date: /home/omzlette/gitROS/FRA333_LAB_HW/LAB3/install/xicro_pkg/share/xicro_pkg/config/.stm32_h_preSetup.txt
[3.135s] -- Up-to-date: /home/omzlette/gitROS/FRA333_LAB_HW/LAB3/install/xicro_pkg/share/xicro_pkg/config/.Xicro_node_preSetup.txt
[3.135s] -- Up-to-date: /home/omzlette/gitROS/FRA333_LAB_HW/LAB3/install/xicro_pkg/share/xicro_pkg/config/.arduino_h_preSetup.txt
[3.135s] -- Up-to-date: /home/omzlette/gitROS/FRA333_LAB_HW/LAB3/install/xicro_pkg/share/ament_index/resource_index/package_run_dependencies/xicro_pkg
[3.135s] -- Installing: /home/omzlette/gitROS/FRA333_LAB_HW/LAB3/install/xicro_pkg/share/ament_index/resource_index/parent_prefix_path/xicro_pkg
[3.135s] -- Up-to-date: /home/omzlette/gitROS/FRA333_LAB_HW/LAB3/install/xicro_pkg/share/xicro_pkg/environment/ament_prefix_path.sh
[3.135s] -- Installing: /home/omzlette/gitROS/FRA333_LAB_HW/LAB3/install/xicro_pkg/share/xicro_pkg/environment/ament_prefix_path.dsv
[3.135s] -- Up-to-date: /home/omzlette/gitROS/FRA333_LAB_HW/LAB3/install/xicro_pkg/share/xicro_pkg/environment/path.sh
[3.136s] -- Installing: /home/omzlette/gitROS/FRA333_LAB_HW/LAB3/install/xicro_pkg/share/xicro_pkg/environment/path.dsv
[3.137s] -- Up-to-date: /home/omzlette/gitROS/FRA333_LAB_HW/LAB3/install/xicro_pkg/share/xicro_pkg/local_setup.bash
[3.140s] -- Up-to-date: /home/omzlette/gitROS/FRA333_LAB_HW/LAB3/install/xicro_pkg/share/xicro_pkg/local_setup.sh
[3.140s] -- Up-to-date: /home/omzlette/gitROS/FRA333_LAB_HW/LAB3/install/xicro_pkg/share/xicro_pkg/local_setup.zsh
[3.141s] -- Installing: /home/omzlette/gitROS/FRA333_LAB_HW/LAB3/install/xicro_pkg/share/xicro_pkg/local_setup.dsv
[3.141s] -- Installing: /home/omzlette/gitROS/FRA333_LAB_HW/LAB3/install/xicro_pkg/share/xicro_pkg/package.dsv
[3.142s] -- Up-to-date: /home/omzlette/gitROS/FRA333_LAB_HW/LAB3/install/xicro_pkg/share/ament_index/resource_index/packages/xicro_pkg
[3.142s] -- Up-to-date: /home/omzlette/gitROS/FRA333_LAB_HW/LAB3/install/xicro_pkg/share/xicro_pkg/cmake/xicro_pkgConfig.cmake
[3.143s] -- Up-to-date: /home/omzlette/gitROS/FRA333_LAB_HW/LAB3/install/xicro_pkg/share/xicro_pkg/cmake/xicro_pkgConfig-version.cmake
[3.144s] -- Up-to-date: /home/omzlette/gitROS/FRA333_LAB_HW/LAB3/install/xicro_pkg/share/xicro_pkg/package.xml
[3.145s] Invoked command in '/home/omzlette/gitROS/FRA333_LAB_HW/LAB3/build/xicro_pkg' returned '0': CMAKE_PREFIX_PATH=${CMAKE_PREFIX_PATH}:/opt/ros/foxy /usr/bin/cmake --install /home/omzlette/gitROS/FRA333_LAB_HW/LAB3/build/xicro_pkg
