[  3%] Built target lab1_interfaces__cpp
[ 12%] Built target lab1_interfaces__rosidl_generator_c
[ 51%] Built target lab1_interfaces__rosidl_typesupport_c
[ 51%] Built target lab1_interfaces__rosidl_typesupport_introspection_c
[ 51%] Built target lab1_interfaces__rosidl_typesupport_cpp
[ 51%] Built target lab1_interfaces__rosidl_typesupport_introspection_cpp
[ 61%] Built target lab1_interfaces__rosidl_typesupport_fastrtps_cpp
[ 70%] Built target lab1_interfaces__rosidl_typesupport_fastrtps_c
[ 70%] Built target lab1_interfaces
[ 74%] Built target lab1_interfaces__py
[ 80%] Built target lab1_interfaces__python
[100%] Built target lab1_interfaces__rosidl_typesupport_fastrtps_c__pyext
[100%] Built target lab1_interfaces__rosidl_typesupport_c__pyext
[100%] Built target lab1_interfaces__rosidl_typesupport_introspection_c__pyext
-- Install configuration: ""
-- Execute custom install script
-- Up-to-date symlink: /home/omzlette/gitRos/LAB1_WS/install/lab1_interfaces/share/ament_index/resource_index/rosidl_interfaces/lab1_interfaces
-- Up-to-date symlink: /home/omzlette/gitRos/LAB1_WS/install/lab1_interfaces/include/lab1_interfaces/msg/rosidl_generator_c__visibility_control.h
-- Up-to-date symlink: /home/omzlette/gitRos/LAB1_WS/install/lab1_interfaces/include/lab1_interfaces/srv/detail/set_noise__functions.h
-- Up-to-date symlink: /home/omzlette/gitRos/LAB1_WS/install/lab1_interfaces/include/lab1_interfaces/srv/detail/set_noise__struct.h
-- Up-to-date symlink: /home/omzlette/gitRos/LAB1_WS/install/lab1_interfaces/include/lab1_interfaces/srv/detail/set_noise__type_support.h
-- Up-to-date symlink: /home/omzlette/gitRos/LAB1_WS/install/lab1_interfaces/include/lab1_interfaces/srv/set_noise.h
-- Up-to-date symlink: /home/omzlette/gitRos/LAB1_WS/install/lab1_interfaces/share/lab1_interfaces/environment/library_path.sh
-- Up-to-date symlink: /home/omzlette/gitRos/LAB1_WS/install/lab1_interfaces/share/lab1_interfaces/environment/library_path.dsv
-- Up-to-date symlink: /home/omzlette/gitRos/LAB1_WS/install/lab1_interfaces/include/lab1_interfaces/msg/rosidl_typesupport_fastrtps_c__visibility_control.h
-- Up-to-date symlink: /home/omzlette/gitRos/LAB1_WS/install/lab1_interfaces/include/lab1_interfaces/srv/detail/set_noise__rosidl_typesupport_fastrtps_c.h
-- Up-to-date symlink: /home/omzlette/gitRos/LAB1_WS/install/lab1_interfaces/lib/liblab1_interfaces__rosidl_typesupport_fastrtps_c.so
-- Up-to-date symlink: /home/omzlette/gitRos/LAB1_WS/install/lab1_interfaces/include/lab1_interfaces/msg/rosidl_typesupport_fastrtps_cpp__visibility_control.h
-- Up-to-date symlink: /home/omzlette/gitRos/LAB1_WS/install/lab1_interfaces/include/lab1_interfaces/srv/detail/set_noise__rosidl_typesupport_fastrtps_cpp.hpp
-- Up-to-date symlink: /home/omzlette/gitRos/LAB1_WS/install/lab1_interfaces/lib/liblab1_interfaces__rosidl_typesupport_fastrtps_cpp.so
-- Up-to-date symlink: /home/omzlette/gitRos/LAB1_WS/install/lab1_interfaces/include/lab1_interfaces/msg/rosidl_typesupport_introspection_c__visibility_control.h
-- Up-to-date symlink: /home/omzlette/gitRos/LAB1_WS/install/lab1_interfaces/include/lab1_interfaces/srv/detail/set_noise__rosidl_typesupport_introspection_c.h
-- Up-to-date symlink: /home/omzlette/gitRos/LAB1_WS/install/lab1_interfaces/include/lab1_interfaces/srv/detail/set_noise__builder.hpp
-- Up-to-date symlink: /home/omzlette/gitRos/LAB1_WS/install/lab1_interfaces/include/lab1_interfaces/srv/detail/set_noise__struct.hpp
-- Up-to-date symlink: /home/omzlette/gitRos/LAB1_WS/install/lab1_interfaces/include/lab1_interfaces/srv/detail/set_noise__traits.hpp
-- Up-to-date symlink: /home/omzlette/gitRos/LAB1_WS/install/lab1_interfaces/include/lab1_interfaces/srv/set_noise.hpp
-- Up-to-date symlink: /home/omzlette/gitRos/LAB1_WS/install/lab1_interfaces/include/lab1_interfaces/srv/detail/set_noise__rosidl_typesupport_introspection_cpp.hpp
-- Up-to-date symlink: /home/omzlette/gitRos/LAB1_WS/install/lab1_interfaces/share/lab1_interfaces/environment/pythonpath.sh
-- Up-to-date symlink: /home/omzlette/gitRos/LAB1_WS/install/lab1_interfaces/share/lab1_interfaces/environment/pythonpath.dsv
-- Up-to-date symlink: /home/omzlette/gitRos/LAB1_WS/install/lab1_interfaces/lib/python3.8/site-packages/lab1_interfaces/__init__.py
-- Up-to-date symlink: /home/omzlette/gitRos/LAB1_WS/install/lab1_interfaces/lib/python3.8/site-packages/lab1_interfaces/srv/__init__.py
-- Up-to-date symlink: /home/omzlette/gitRos/LAB1_WS/install/lab1_interfaces/lib/python3.8/site-packages/lab1_interfaces/srv/_set_noise.py
-- Up-to-date symlink: /home/omzlette/gitRos/LAB1_WS/install/lab1_interfaces/lib/python3.8/site-packages/lab1_interfaces/lab1_interfaces_s__rosidl_typesupport_fastrtps_c.cpython-38-x86_64-linux-gnu.so
-- Up-to-date symlink: /home/omzlette/gitRos/LAB1_WS/install/lab1_interfaces/lib/python3.8/site-packages/lab1_interfaces/lab1_interfaces_s__rosidl_typesupport_introspection_c.cpython-38-x86_64-linux-gnu.so
-- Up-to-date symlink: /home/omzlette/gitRos/LAB1_WS/install/lab1_interfaces/lib/python3.8/site-packages/lab1_interfaces/lab1_interfaces_s__rosidl_typesupport_c.cpython-38-x86_64-linux-gnu.so
-- Up-to-date symlink: /home/omzlette/gitRos/LAB1_WS/install/lab1_interfaces/lib/liblab1_interfaces__python.so
-- Up-to-date symlink: /home/omzlette/gitRos/LAB1_WS/install/lab1_interfaces/share/lab1_interfaces/srv/SetNoise.idl
-- Up-to-date symlink: /home/omzlette/gitRos/LAB1_WS/install/lab1_interfaces/share/lab1_interfaces/srv/SetNoise.srv
-- Up-to-date symlink: /home/omzlette/gitRos/LAB1_WS/install/lab1_interfaces/share/lab1_interfaces/srv/SetNoise_Request.msg
-- Up-to-date symlink: /home/omzlette/gitRos/LAB1_WS/install/lab1_interfaces/share/lab1_interfaces/srv/SetNoise_Response.msg
-- Up-to-date symlink: /home/omzlette/gitRos/LAB1_WS/install/lab1_interfaces/share/ament_index/resource_index/package_run_dependencies/lab1_interfaces
-- Up-to-date symlink: /home/omzlette/gitRos/LAB1_WS/install/lab1_interfaces/share/ament_index/resource_index/parent_prefix_path/lab1_interfaces
-- Up-to-date symlink: /home/omzlette/gitRos/LAB1_WS/install/lab1_interfaces/share/lab1_interfaces/environment/ament_prefix_path.sh
-- Up-to-date symlink: /home/omzlette/gitRos/LAB1_WS/install/lab1_interfaces/share/lab1_interfaces/environment/ament_prefix_path.dsv
-- Up-to-date symlink: /home/omzlette/gitRos/LAB1_WS/install/lab1_interfaces/share/lab1_interfaces/environment/path.sh
-- Up-to-date symlink: /home/omzlette/gitRos/LAB1_WS/install/lab1_interfaces/share/lab1_interfaces/environment/path.dsv
-- Up-to-date symlink: /home/omzlette/gitRos/LAB1_WS/install/lab1_interfaces/share/lab1_interfaces/local_setup.bash
-- Up-to-date symlink: /home/omzlette/gitRos/LAB1_WS/install/lab1_interfaces/share/lab1_interfaces/local_setup.sh
-- Up-to-date symlink: /home/omzlette/gitRos/LAB1_WS/install/lab1_interfaces/share/lab1_interfaces/local_setup.zsh
-- Up-to-date symlink: /home/omzlette/gitRos/LAB1_WS/install/lab1_interfaces/share/lab1_interfaces/local_setup.dsv
-- Symlinking: /home/omzlette/gitRos/LAB1_WS/install/lab1_interfaces/share/lab1_interfaces/package.dsv
-- Up-to-date symlink: /home/omzlette/gitRos/LAB1_WS/install/lab1_interfaces/share/ament_index/resource_index/packages/lab1_interfaces
-- Up-to-date symlink: /home/omzlette/gitRos/LAB1_WS/install/lab1_interfaces/share/lab1_interfaces/cmake/rosidl_cmake-extras.cmake
-- Up-to-date symlink: /home/omzlette/gitRos/LAB1_WS/install/lab1_interfaces/share/lab1_interfaces/cmake/ament_cmake_export_dependencies-extras.cmake
-- Up-to-date symlink: /home/omzlette/gitRos/LAB1_WS/install/lab1_interfaces/share/lab1_interfaces/cmake/ament_cmake_export_libraries-extras.cmake
-- Up-to-date symlink: /home/omzlette/gitRos/LAB1_WS/install/lab1_interfaces/share/lab1_interfaces/cmake/ament_cmake_export_targets-extras.cmake
-- Up-to-date symlink: /home/omzlette/gitRos/LAB1_WS/install/lab1_interfaces/share/lab1_interfaces/cmake/ament_cmake_export_include_directories-extras.cmake
-- Up-to-date symlink: /home/omzlette/gitRos/LAB1_WS/install/lab1_interfaces/share/lab1_interfaces/cmake/rosidl_cmake_export_typesupport_libraries-extras.cmake
-- Up-to-date symlink: /home/omzlette/gitRos/LAB1_WS/install/lab1_interfaces/share/lab1_interfaces/cmake/rosidl_cmake_export_typesupport_targets-extras.cmake
-- Up-to-date symlink: /home/omzlette/gitRos/LAB1_WS/install/lab1_interfaces/share/lab1_interfaces/cmake/lab1_interfacesConfig.cmake
-- Up-to-date symlink: /home/omzlette/gitRos/LAB1_WS/install/lab1_interfaces/share/lab1_interfaces/cmake/lab1_interfacesConfig-version.cmake
-- Up-to-date symlink: /home/omzlette/gitRos/LAB1_WS/install/lab1_interfaces/share/lab1_interfaces/package.xml
-- Up-to-date: /home/omzlette/gitRos/LAB1_WS/install/lab1_interfaces/lib/liblab1_interfaces__rosidl_generator_c.so
-- Up-to-date: /home/omzlette/gitRos/LAB1_WS/install/lab1_interfaces/lib/liblab1_interfaces__rosidl_typesupport_introspection_c.so
-- Up-to-date: /home/omzlette/gitRos/LAB1_WS/install/lab1_interfaces/lib/liblab1_interfaces__rosidl_typesupport_c.so
-- Up-to-date: /home/omzlette/gitRos/LAB1_WS/install/lab1_interfaces/lib/liblab1_interfaces__rosidl_typesupport_introspection_cpp.so
-- Up-to-date: /home/omzlette/gitRos/LAB1_WS/install/lab1_interfaces/lib/liblab1_interfaces__rosidl_typesupport_cpp.so
Compiling '/home/omzlette/gitRos/LAB1_WS/install/lab1_interfaces/lib/python3.8/site-packages/lab1_interfaces/__init__.py'...
-- Up-to-date: /home/omzlette/gitRos/LAB1_WS/install/lab1_interfaces/share/lab1_interfaces/cmake/lab1_interfaces__rosidl_generator_cExport.cmake
-- Installing: /home/omzlette/gitRos/LAB1_WS/install/lab1_interfaces/share/lab1_interfaces/cmake/lab1_interfaces__rosidl_generator_cExport-noconfig.cmake
-- Up-to-date: /home/omzlette/gitRos/LAB1_WS/install/lab1_interfaces/share/lab1_interfaces/cmake/lab1_interfaces__rosidl_typesupport_introspection_cExport.cmake
-- Installing: /home/omzlette/gitRos/LAB1_WS/install/lab1_interfaces/share/lab1_interfaces/cmake/lab1_interfaces__rosidl_typesupport_introspection_cExport-noconfig.cmake
-- Up-to-date: /home/omzlette/gitRos/LAB1_WS/install/lab1_interfaces/share/lab1_interfaces/cmake/lab1_interfaces__rosidl_typesupport_cExport.cmake
-- Installing: /home/omzlette/gitRos/LAB1_WS/install/lab1_interfaces/share/lab1_interfaces/cmake/lab1_interfaces__rosidl_typesupport_cExport-noconfig.cmake
-- Up-to-date: /home/omzlette/gitRos/LAB1_WS/install/lab1_interfaces/share/lab1_interfaces/cmake/lab1_interfaces__rosidl_generator_cppExport.cmake
-- Up-to-date: /home/omzlette/gitRos/LAB1_WS/install/lab1_interfaces/share/lab1_interfaces/cmake/lab1_interfaces__rosidl_typesupport_introspection_cppExport.cmake
-- Installing: /home/omzlette/gitRos/LAB1_WS/install/lab1_interfaces/share/lab1_interfaces/cmake/lab1_interfaces__rosidl_typesupport_introspection_cppExport-noconfig.cmake
-- Up-to-date: /home/omzlette/gitRos/LAB1_WS/install/lab1_interfaces/share/lab1_interfaces/cmake/lab1_interfaces__rosidl_typesupport_cppExport.cmake
-- Installing: /home/omzlette/gitRos/LAB1_WS/install/lab1_interfaces/share/lab1_interfaces/cmake/lab1_interfaces__rosidl_typesupport_cppExport-noconfig.cmake
