[0.016s] Invoking command in '/home/omzlette/gitRos/LAB1_WS/build/lab1_interfaces': CMAKE_PREFIX_PATH=${CMAKE_PREFIX_PATH}:/opt/ros/foxy /usr/bin/cmake --build /home/omzlette/gitRos/LAB1_WS/build/lab1_interfaces -- -j12 -l12
[0.050s] [  3%] Built target lab1_interfaces__cpp
[0.051s] [ 12%] Built target lab1_interfaces__rosidl_generator_c
[0.067s] [ 51%] Built target lab1_interfaces__rosidl_typesupport_c
[0.067s] [ 51%] Built target lab1_interfaces__rosidl_typesupport_introspection_c
[0.067s] [ 51%] Built target lab1_interfaces__rosidl_typesupport_cpp
[0.067s] [ 51%] Built target lab1_interfaces__rosidl_typesupport_introspection_cpp
[0.069s] [ 61%] Built target lab1_interfaces__rosidl_typesupport_fastrtps_cpp
[0.087s] [ 70%] Built target lab1_interfaces__rosidl_typesupport_fastrtps_c
[0.101s] [ 70%] Built target lab1_interfaces
[0.115s] [ 74%] Built target lab1_interfaces__py
[0.132s] [ 80%] Built target lab1_interfaces__python
[0.151s] [100%] Built target lab1_interfaces__rosidl_typesupport_fastrtps_c__pyext
[0.151s] [100%] Built target lab1_interfaces__rosidl_typesupport_c__pyext
[0.151s] [100%] Built target lab1_interfaces__rosidl_typesupport_introspection_c__pyext
[0.160s] Invoked command in '/home/omzlette/gitRos/LAB1_WS/build/lab1_interfaces' returned '0': CMAKE_PREFIX_PATH=${CMAKE_PREFIX_PATH}:/opt/ros/foxy /usr/bin/cmake --build /home/omzlette/gitRos/LAB1_WS/build/lab1_interfaces -- -j12 -l12
[0.197s] Invoking command in '/home/omzlette/gitRos/LAB1_WS/build/lab1_interfaces': CMAKE_PREFIX_PATH=${CMAKE_PREFIX_PATH}:/opt/ros/foxy /usr/bin/cmake --install /home/omzlette/gitRos/LAB1_WS/build/lab1_interfaces
[0.202s] -- Install configuration: ""
[0.203s] -- Execute custom install script
[0.203s] -- Up-to-date symlink: /home/omzlette/gitRos/LAB1_WS/install/lab1_interfaces/share/ament_index/resource_index/rosidl_interfaces/lab1_interfaces
[0.204s] -- Up-to-date symlink: /home/omzlette/gitRos/LAB1_WS/install/lab1_interfaces/include/lab1_interfaces/msg/rosidl_generator_c__visibility_control.h
[0.204s] -- Up-to-date symlink: /home/omzlette/gitRos/LAB1_WS/install/lab1_interfaces/include/lab1_interfaces/srv/detail/set_noise__functions.h
[0.204s] -- Up-to-date symlink: /home/omzlette/gitRos/LAB1_WS/install/lab1_interfaces/include/lab1_interfaces/srv/detail/set_noise__struct.h
[0.204s] -- Up-to-date symlink: /home/omzlette/gitRos/LAB1_WS/install/lab1_interfaces/include/lab1_interfaces/srv/detail/set_noise__type_support.h
[0.204s] -- Up-to-date symlink: /home/omzlette/gitRos/LAB1_WS/install/lab1_interfaces/include/lab1_interfaces/srv/set_noise.h
[0.204s] -- Up-to-date symlink: /home/omzlette/gitRos/LAB1_WS/install/lab1_interfaces/share/lab1_interfaces/environment/library_path.sh
[0.204s] -- Up-to-date symlink: /home/omzlette/gitRos/LAB1_WS/install/lab1_interfaces/share/lab1_interfaces/environment/library_path.dsv
[0.205s] -- Up-to-date symlink: /home/omzlette/gitRos/LAB1_WS/install/lab1_interfaces/include/lab1_interfaces/msg/rosidl_typesupport_fastrtps_c__visibility_control.h
[0.205s] -- Up-to-date symlink: /home/omzlette/gitRos/LAB1_WS/install/lab1_interfaces/include/lab1_interfaces/srv/detail/set_noise__rosidl_typesupport_fastrtps_c.h
[0.205s] -- Up-to-date symlink: /home/omzlette/gitRos/LAB1_WS/install/lab1_interfaces/lib/liblab1_interfaces__rosidl_typesupport_fastrtps_c.so
[0.206s] -- Up-to-date symlink: /home/omzlette/gitRos/LAB1_WS/install/lab1_interfaces/include/lab1_interfaces/msg/rosidl_typesupport_fastrtps_cpp__visibility_control.h
[0.206s] -- Up-to-date symlink: /home/omzlette/gitRos/LAB1_WS/install/lab1_interfaces/include/lab1_interfaces/srv/detail/set_noise__rosidl_typesupport_fastrtps_cpp.hpp
[0.206s] -- Up-to-date symlink: /home/omzlette/gitRos/LAB1_WS/install/lab1_interfaces/lib/liblab1_interfaces__rosidl_typesupport_fastrtps_cpp.so
[0.207s] -- Up-to-date symlink: /home/omzlette/gitRos/LAB1_WS/install/lab1_interfaces/include/lab1_interfaces/msg/rosidl_typesupport_introspection_c__visibility_control.h
[0.207s] -- Up-to-date symlink: /home/omzlette/gitRos/LAB1_WS/install/lab1_interfaces/include/lab1_interfaces/srv/detail/set_noise__rosidl_typesupport_introspection_c.h
[0.207s] -- Up-to-date symlink: /home/omzlette/gitRos/LAB1_WS/install/lab1_interfaces/include/lab1_interfaces/srv/detail/set_noise__builder.hpp
[0.207s] -- Up-to-date symlink: /home/omzlette/gitRos/LAB1_WS/install/lab1_interfaces/include/lab1_interfaces/srv/detail/set_noise__struct.hpp
[0.207s] -- Up-to-date symlink: /home/omzlette/gitRos/LAB1_WS/install/lab1_interfaces/include/lab1_interfaces/srv/detail/set_noise__traits.hpp
[0.207s] -- Up-to-date symlink: /home/omzlette/gitRos/LAB1_WS/install/lab1_interfaces/include/lab1_interfaces/srv/set_noise.hpp
[0.208s] -- Up-to-date symlink: /home/omzlette/gitRos/LAB1_WS/install/lab1_interfaces/include/lab1_interfaces/srv/detail/set_noise__rosidl_typesupport_introspection_cpp.hpp
[0.208s] -- Up-to-date symlink: /home/omzlette/gitRos/LAB1_WS/install/lab1_interfaces/share/lab1_interfaces/environment/pythonpath.sh
[0.208s] -- Up-to-date symlink: /home/omzlette/gitRos/LAB1_WS/install/lab1_interfaces/share/lab1_interfaces/environment/pythonpath.dsv
[0.208s] -- Up-to-date symlink: /home/omzlette/gitRos/LAB1_WS/install/lab1_interfaces/lib/python3.8/site-packages/lab1_interfaces/__init__.py
[0.209s] -- Up-to-date symlink: /home/omzlette/gitRos/LAB1_WS/install/lab1_interfaces/lib/python3.8/site-packages/lab1_interfaces/srv/__init__.py
[0.209s] -- Up-to-date symlink: /home/omzlette/gitRos/LAB1_WS/install/lab1_interfaces/lib/python3.8/site-packages/lab1_interfaces/srv/_set_noise.py
[0.209s] -- Up-to-date symlink: /home/omzlette/gitRos/LAB1_WS/install/lab1_interfaces/lib/python3.8/site-packages/lab1_interfaces/lab1_interfaces_s__rosidl_typesupport_fastrtps_c.cpython-38-x86_64-linux-gnu.so
[0.209s] -- Up-to-date symlink: /home/omzlette/gitRos/LAB1_WS/install/lab1_interfaces/lib/python3.8/site-packages/lab1_interfaces/lab1_interfaces_s__rosidl_typesupport_introspection_c.cpython-38-x86_64-linux-gnu.so
[0.210s] -- Up-to-date symlink: /home/omzlette/gitRos/LAB1_WS/install/lab1_interfaces/lib/python3.8/site-packages/lab1_interfaces/lab1_interfaces_s__rosidl_typesupport_c.cpython-38-x86_64-linux-gnu.so
[0.210s] -- Up-to-date symlink: /home/omzlette/gitRos/LAB1_WS/install/lab1_interfaces/lib/liblab1_interfaces__python.so
[0.210s] -- Up-to-date symlink: /home/omzlette/gitRos/LAB1_WS/install/lab1_interfaces/share/lab1_interfaces/srv/SetNoise.idl
[0.210s] -- Up-to-date symlink: /home/omzlette/gitRos/LAB1_WS/install/lab1_interfaces/share/lab1_interfaces/srv/SetNoise.srv
[0.211s] -- Up-to-date symlink: /home/omzlette/gitRos/LAB1_WS/install/lab1_interfaces/share/lab1_interfaces/srv/SetNoise_Request.msg
[0.211s] -- Up-to-date symlink: /home/omzlette/gitRos/LAB1_WS/install/lab1_interfaces/share/lab1_interfaces/srv/SetNoise_Response.msg
[0.211s] -- Up-to-date symlink: /home/omzlette/gitRos/LAB1_WS/install/lab1_interfaces/share/ament_index/resource_index/package_run_dependencies/lab1_interfaces
[0.211s] -- Up-to-date symlink: /home/omzlette/gitRos/LAB1_WS/install/lab1_interfaces/share/ament_index/resource_index/parent_prefix_path/lab1_interfaces
[0.211s] -- Up-to-date symlink: /home/omzlette/gitRos/LAB1_WS/install/lab1_interfaces/share/lab1_interfaces/environment/ament_prefix_path.sh
[0.212s] -- Up-to-date symlink: /home/omzlette/gitRos/LAB1_WS/install/lab1_interfaces/share/lab1_interfaces/environment/ament_prefix_path.dsv
[0.212s] -- Up-to-date symlink: /home/omzlette/gitRos/LAB1_WS/install/lab1_interfaces/share/lab1_interfaces/environment/path.sh
[0.212s] -- Up-to-date symlink: /home/omzlette/gitRos/LAB1_WS/install/lab1_interfaces/share/lab1_interfaces/environment/path.dsv
[0.212s] -- Up-to-date symlink: /home/omzlette/gitRos/LAB1_WS/install/lab1_interfaces/share/lab1_interfaces/local_setup.bash
[0.212s] -- Up-to-date symlink: /home/omzlette/gitRos/LAB1_WS/install/lab1_interfaces/share/lab1_interfaces/local_setup.sh
[0.212s] -- Up-to-date symlink: /home/omzlette/gitRos/LAB1_WS/install/lab1_interfaces/share/lab1_interfaces/local_setup.zsh
[0.213s] -- Up-to-date symlink: /home/omzlette/gitRos/LAB1_WS/install/lab1_interfaces/share/lab1_interfaces/local_setup.dsv
[0.213s] -- Symlinking: /home/omzlette/gitRos/LAB1_WS/install/lab1_interfaces/share/lab1_interfaces/package.dsv
[0.219s] -- Up-to-date symlink: /home/omzlette/gitRos/LAB1_WS/install/lab1_interfaces/share/ament_index/resource_index/packages/lab1_interfaces
[0.219s] -- Up-to-date symlink: /home/omzlette/gitRos/LAB1_WS/install/lab1_interfaces/share/lab1_interfaces/cmake/rosidl_cmake-extras.cmake
[0.220s] -- Up-to-date symlink: /home/omzlette/gitRos/LAB1_WS/install/lab1_interfaces/share/lab1_interfaces/cmake/ament_cmake_export_dependencies-extras.cmake
[0.220s] -- Up-to-date symlink: /home/omzlette/gitRos/LAB1_WS/install/lab1_interfaces/share/lab1_interfaces/cmake/ament_cmake_export_libraries-extras.cmake
[0.220s] -- Up-to-date symlink: /home/omzlette/gitRos/LAB1_WS/install/lab1_interfaces/share/lab1_interfaces/cmake/ament_cmake_export_targets-extras.cmake
[0.220s] -- Up-to-date symlink: /home/omzlette/gitRos/LAB1_WS/install/lab1_interfaces/share/lab1_interfaces/cmake/ament_cmake_export_include_directories-extras.cmake
[0.220s] -- Up-to-date symlink: /home/omzlette/gitRos/LAB1_WS/install/lab1_interfaces/share/lab1_interfaces/cmake/rosidl_cmake_export_typesupport_libraries-extras.cmake
[0.221s] -- Up-to-date symlink: /home/omzlette/gitRos/LAB1_WS/install/lab1_interfaces/share/lab1_interfaces/cmake/rosidl_cmake_export_typesupport_targets-extras.cmake
[0.221s] -- Up-to-date symlink: /home/omzlette/gitRos/LAB1_WS/install/lab1_interfaces/share/lab1_interfaces/cmake/lab1_interfacesConfig.cmake
[0.221s] -- Up-to-date symlink: /home/omzlette/gitRos/LAB1_WS/install/lab1_interfaces/share/lab1_interfaces/cmake/lab1_interfacesConfig-version.cmake
[0.221s] -- Up-to-date symlink: /home/omzlette/gitRos/LAB1_WS/install/lab1_interfaces/share/lab1_interfaces/package.xml
[0.221s] -- Up-to-date: /home/omzlette/gitRos/LAB1_WS/install/lab1_interfaces/lib/liblab1_interfaces__rosidl_generator_c.so
[0.221s] -- Up-to-date: /home/omzlette/gitRos/LAB1_WS/install/lab1_interfaces/lib/liblab1_interfaces__rosidl_typesupport_introspection_c.so
[0.222s] -- Up-to-date: /home/omzlette/gitRos/LAB1_WS/install/lab1_interfaces/lib/liblab1_interfaces__rosidl_typesupport_c.so
[0.222s] -- Up-to-date: /home/omzlette/gitRos/LAB1_WS/install/lab1_interfaces/lib/liblab1_interfaces__rosidl_typesupport_introspection_cpp.so
[0.222s] -- Up-to-date: /home/omzlette/gitRos/LAB1_WS/install/lab1_interfaces/lib/liblab1_interfaces__rosidl_typesupport_cpp.so
[0.245s] Compiling '/home/omzlette/gitRos/LAB1_WS/install/lab1_interfaces/lib/python3.8/site-packages/lab1_interfaces/__init__.py'...
[0.248s] -- Up-to-date: /home/omzlette/gitRos/LAB1_WS/install/lab1_interfaces/share/lab1_interfaces/cmake/lab1_interfaces__rosidl_generator_cExport.cmake
[0.248s] -- Installing: /home/omzlette/gitRos/LAB1_WS/install/lab1_interfaces/share/lab1_interfaces/cmake/lab1_interfaces__rosidl_generator_cExport-noconfig.cmake
[0.248s] -- Up-to-date: /home/omzlette/gitRos/LAB1_WS/install/lab1_interfaces/share/lab1_interfaces/cmake/lab1_interfaces__rosidl_typesupport_introspection_cExport.cmake
[0.248s] -- Installing: /home/omzlette/gitRos/LAB1_WS/install/lab1_interfaces/share/lab1_interfaces/cmake/lab1_interfaces__rosidl_typesupport_introspection_cExport-noconfig.cmake
[0.248s] -- Up-to-date: /home/omzlette/gitRos/LAB1_WS/install/lab1_interfaces/share/lab1_interfaces/cmake/lab1_interfaces__rosidl_typesupport_cExport.cmake
[0.249s] -- Installing: /home/omzlette/gitRos/LAB1_WS/install/lab1_interfaces/share/lab1_interfaces/cmake/lab1_interfaces__rosidl_typesupport_cExport-noconfig.cmake
[0.249s] -- Up-to-date: /home/omzlette/gitRos/LAB1_WS/install/lab1_interfaces/share/lab1_interfaces/cmake/lab1_interfaces__rosidl_generator_cppExport.cmake
[0.249s] -- Up-to-date: /home/omzlette/gitRos/LAB1_WS/install/lab1_interfaces/share/lab1_interfaces/cmake/lab1_interfaces__rosidl_typesupport_introspection_cppExport.cmake
[0.249s] -- Installing: /home/omzlette/gitRos/LAB1_WS/install/lab1_interfaces/share/lab1_interfaces/cmake/lab1_interfaces__rosidl_typesupport_introspection_cppExport-noconfig.cmake
[0.249s] -- Up-to-date: /home/omzlette/gitRos/LAB1_WS/install/lab1_interfaces/share/lab1_interfaces/cmake/lab1_interfaces__rosidl_typesupport_cppExport.cmake
[0.249s] -- Installing: /home/omzlette/gitRos/LAB1_WS/install/lab1_interfaces/share/lab1_interfaces/cmake/lab1_interfaces__rosidl_typesupport_cppExport-noconfig.cmake
[0.251s] Invoked command in '/home/omzlette/gitRos/LAB1_WS/build/lab1_interfaces' returned '0': CMAKE_PREFIX_PATH=${CMAKE_PREFIX_PATH}:/opt/ros/foxy /usr/bin/cmake --install /home/omzlette/gitRos/LAB1_WS/build/lab1_interfaces
