-- The C compiler identification is GNU 9.4.0
-- The CXX compiler identification is GNU 9.4.0
-- Check for working C compiler: /usr/bin/cc
-- Check for working C compiler: /usr/bin/cc -- works
-- Detecting C compiler ABI info
-- Detecting C compiler ABI info - done
-- Detecting C compile features
-- Detecting C compile features - done
-- Check for working CXX compiler: /usr/bin/c++
-- Check for working CXX compiler: /usr/bin/c++ -- works
-- Detecting CXX compiler ABI info
-- Detecting CXX compiler ABI info - done
-- Detecting CXX compile features
-- Detecting CXX compile features - done
-- Found ament_cmake: 0.9.11 (/opt/ros/foxy/share/ament_cmake/cmake)
-- Found PythonInterp: /usr/bin/python3 (found suitable version "3.8.10", minimum required is "3") 
-- Using PYTHON_EXECUTABLE: /usr/bin/python3
-- Override CMake install command with custom implementation using symlinks instead of copying resources
-- Found ament_lint_auto: 0.9.7 (/opt/ros/foxy/share/ament_lint_auto/cmake)
-- Found rosidl_default_generators: 1.0.1 (/opt/ros/foxy/share/rosidl_default_generators/cmake)
-- Using all available rosidl_typesupport_c: rosidl_typesupport_fastrtps_c;rosidl_typesupport_introspection_c
-- Found rosidl_adapter: 1.3.0 (/opt/ros/foxy/share/rosidl_adapter/cmake)
-- Found OpenSSL: /usr/lib/x86_64-linux-gnu/libcrypto.so (found version "1.1.1f")  
-- Found FastRTPS: /opt/ros/foxy/include  
-- Using all available rosidl_typesupport_cpp: rosidl_typesupport_fastrtps_cpp;rosidl_typesupport_introspection_cpp
-- Found geometry_msgs: 2.0.5 (/opt/ros/foxy/share/geometry_msgs/cmake)
-- Found sensor_msgs: 2.0.5 (/opt/ros/foxy/share/sensor_msgs/cmake)
-- Found PythonInterp: /usr/bin/python3 (found version "3.8.10") 
-- Found ament_cmake_ros: 0.9.2 (/opt/ros/foxy/share/ament_cmake_ros/cmake)
-- Using all available rosidl_typesupport_c: rosidl_typesupport_fastrtps_c;rosidl_typesupport_introspection_c
-- Using all available rosidl_typesupport_cpp: rosidl_typesupport_fastrtps_cpp;rosidl_typesupport_introspection_cpp
-- Found PythonInterp: /usr/bin/python3 (found suitable version "3.8.10", minimum required is "3.5") 
-- Found python_cmake_module: 0.8.1 (/opt/ros/foxy/share/python_cmake_module/cmake)
-- Found PythonLibs: /usr/lib/x86_64-linux-gnu/libpython3.8.so (found suitable version "3.8.10", minimum required is "3.5") 
-- Using PYTHON_EXECUTABLE: /usr/bin/python3
-- Using PYTHON_INCLUDE_DIRS: /usr/include/python3.8
-- Using PYTHON_LIBRARIES: /usr/lib/x86_64-linux-gnu/libpython3.8.so
-- Found PythonExtra: .so  
-- Added test 'copyright' to check source files copyright and LICENSE
-- Added test 'lint_cmake' to check CMake code style
-- Added test 'xmllint' to check XML markup files
-- Configuring done
-- Generating done
-- Build files have been written to: /home/valdeus1151/Y3T1/FRA333_LAB_HW/LAB3/build/sandevistan_interface
[  3%] [34m[1mGenerating C code for ROS interfaces[0m
[35m[1mScanning dependencies of target sandevistan_interface__cpp[0m
[  6%] [34m[1mGenerating C++ code for ROS interfaces[0m
[35m[1mScanning dependencies of target sandevistan_interface__rosidl_generator_c[0m
[  6%] Built target sandevistan_interface__cpp
[  9%] [32mBuilding C object CMakeFiles/sandevistan_interface__rosidl_generator_c.dir/rosidl_generator_c/sandevistan_interface/msg/detail/imu_message__functions.c.o[0m
[ 12%] [34m[1mGenerating C++ type support for eProsima Fast-RTPS[0m
[ 16%] [34m[1mGenerating C++ type support dispatch for ROS interfaces[0m
[ 19%] [34m[1mGenerating C++ introspection for ROS interfaces[0m
[ 22%] [32m[1mLinking C shared library libsandevistan_interface__rosidl_generator_c.so[0m
[ 22%] Built target sandevistan_interface__rosidl_generator_c
[ 25%] [34m[1mGenerating C introspection for ROS interfaces[0m
[ 29%] [34m[1mGenerating C type support dispatch for ROS interfaces[0m
[35m[1mScanning dependencies of target sandevistan_interface__rosidl_typesupport_cpp[0m
[ 32%] [32mBuilding CXX object CMakeFiles/sandevistan_interface__rosidl_typesupport_cpp.dir/rosidl_typesupport_cpp/sandevistan_interface/msg/imu_message__type_support.cpp.o[0m
[35m[1mScanning dependencies of target sandevistan_interface__rosidl_typesupport_introspection_cpp[0m
[ 35%] [32mBuilding CXX object CMakeFiles/sandevistan_interface__rosidl_typesupport_introspection_cpp.dir/rosidl_typesupport_introspection_cpp/sandevistan_interface/msg/detail/imu_message__type_support.cpp.o[0m
[35m[1mScanning dependencies of target sandevistan_interface__rosidl_typesupport_fastrtps_cpp[0m
[ 38%] [32mBuilding CXX object CMakeFiles/sandevistan_interface__rosidl_typesupport_fastrtps_cpp.dir/rosidl_typesupport_fastrtps_cpp/sandevistan_interface/msg/detail/dds_fastrtps/imu_message__type_support.cpp.o[0m
[35m[1mScanning dependencies of target sandevistan_interface__rosidl_typesupport_c[0m
[ 41%] [32mBuilding CXX object CMakeFiles/sandevistan_interface__rosidl_typesupport_c.dir/rosidl_typesupport_c/sandevistan_interface/msg/imu_message__type_support.cpp.o[0m
[35m[1mScanning dependencies of target sandevistan_interface__rosidl_typesupport_introspection_c[0m
[ 45%] [32mBuilding C object CMakeFiles/sandevistan_interface__rosidl_typesupport_introspection_c.dir/rosidl_typesupport_introspection_c/sandevistan_interface/msg/detail/imu_message__type_support.c.o[0m
[ 48%] [32m[1mLinking CXX shared library libsandevistan_interface__rosidl_typesupport_c.so[0m
[ 51%] [32m[1mLinking C shared library libsandevistan_interface__rosidl_typesupport_introspection_c.so[0m
[ 51%] Built target sandevistan_interface__rosidl_typesupport_c
[ 51%] Built target sandevistan_interface__rosidl_typesupport_introspection_c
[ 54%] [32m[1mLinking CXX shared library libsandevistan_interface__rosidl_typesupport_cpp.so[0m
[ 58%] [32m[1mLinking CXX shared library libsandevistan_interface__rosidl_typesupport_introspection_cpp.so[0m
[ 58%] Built target sandevistan_interface__rosidl_typesupport_cpp
[ 58%] Built target sandevistan_interface__rosidl_typesupport_introspection_cpp
[ 61%] [32m[1mLinking CXX shared library libsandevistan_interface__rosidl_typesupport_fastrtps_cpp.so[0m
[ 61%] Built target sandevistan_interface__rosidl_typesupport_fastrtps_cpp
[ 64%] [34m[1mGenerating C type support for eProsima Fast-RTPS[0m
[35m[1mScanning dependencies of target sandevistan_interface__rosidl_typesupport_fastrtps_c[0m
[ 67%] [32mBuilding CXX object CMakeFiles/sandevistan_interface__rosidl_typesupport_fastrtps_c.dir/rosidl_typesupport_fastrtps_c/sandevistan_interface/msg/detail/imu_message__type_support_c.cpp.o[0m
[ 70%] [32m[1mLinking CXX shared library libsandevistan_interface__rosidl_typesupport_fastrtps_c.so[0m
[ 70%] Built target sandevistan_interface__rosidl_typesupport_fastrtps_c
[35m[1mScanning dependencies of target sandevistan_interface[0m
[ 70%] Built target sandevistan_interface
[35m[1mScanning dependencies of target sandevistan_interface__py[0m
[ 74%] [34m[1mGenerating Python code for ROS interfaces[0m
[ 74%] Built target sandevistan_interface__py
[35m[1mScanning dependencies of target sandevistan_interface__python[0m
[ 77%] [32mBuilding C object CMakeFiles/sandevistan_interface__python.dir/rosidl_generator_py/sandevistan_interface/msg/_imu_message_s.c.o[0m
[ 80%] [32m[1mLinking C shared library rosidl_generator_py/sandevistan_interface/libsandevistan_interface__python.so[0m
[ 80%] Built target sandevistan_interface__python
[35m[1mScanning dependencies of target sandevistan_interface__rosidl_typesupport_c__pyext[0m
[35m[1mScanning dependencies of target sandevistan_interface__rosidl_typesupport_introspection_c__pyext[0m
[35m[1mScanning dependencies of target sandevistan_interface__rosidl_typesupport_fastrtps_c__pyext[0m
[ 83%] [32mBuilding C object CMakeFiles/sandevistan_interface__rosidl_typesupport_introspection_c__pyext.dir/rosidl_generator_py/sandevistan_interface/_sandevistan_interface_s.ep.rosidl_typesupport_introspection_c.c.o[0m
[ 87%] [32mBuilding C object CMakeFiles/sandevistan_interface__rosidl_typesupport_c__pyext.dir/rosidl_generator_py/sandevistan_interface/_sandevistan_interface_s.ep.rosidl_typesupport_c.c.o[0m
[ 90%] [32mBuilding C object CMakeFiles/sandevistan_interface__rosidl_typesupport_fastrtps_c__pyext.dir/rosidl_generator_py/sandevistan_interface/_sandevistan_interface_s.ep.rosidl_typesupport_fastrtps_c.c.o[0m
[ 93%] [32m[1mLinking C shared library rosidl_generator_py/sandevistan_interface/sandevistan_interface_s__rosidl_typesupport_c.cpython-38-x86_64-linux-gnu.so[0m
[ 96%] [32m[1mLinking CXX shared library rosidl_generator_py/sandevistan_interface/sandevistan_interface_s__rosidl_typesupport_fastrtps_c.cpython-38-x86_64-linux-gnu.so[0m
[100%] [32m[1mLinking C shared library rosidl_generator_py/sandevistan_interface/sandevistan_interface_s__rosidl_typesupport_introspection_c.cpython-38-x86_64-linux-gnu.so[0m
[100%] Built target sandevistan_interface__rosidl_typesupport_c__pyext
[100%] Built target sandevistan_interface__rosidl_typesupport_fastrtps_c__pyext
[100%] Built target sandevistan_interface__rosidl_typesupport_introspection_c__pyext
-- Install configuration: ""
-- Execute custom install script
-- Symlinking: /home/valdeus1151/Y3T1/FRA333_LAB_HW/LAB3/install/sandevistan_interface/share/ament_index/resource_index/rosidl_interfaces/sandevistan_interface
-- Symlinking: /home/valdeus1151/Y3T1/FRA333_LAB_HW/LAB3/install/sandevistan_interface/include/sandevistan_interface/msg/detail/imu_message__functions.h
-- Symlinking: /home/valdeus1151/Y3T1/FRA333_LAB_HW/LAB3/install/sandevistan_interface/include/sandevistan_interface/msg/detail/imu_message__struct.h
-- Symlinking: /home/valdeus1151/Y3T1/FRA333_LAB_HW/LAB3/install/sandevistan_interface/include/sandevistan_interface/msg/detail/imu_message__type_support.h
-- Symlinking: /home/valdeus1151/Y3T1/FRA333_LAB_HW/LAB3/install/sandevistan_interface/include/sandevistan_interface/msg/imu_message.h
-- Symlinking: /home/valdeus1151/Y3T1/FRA333_LAB_HW/LAB3/install/sandevistan_interface/include/sandevistan_interface/msg/rosidl_generator_c__visibility_control.h
-- Symlinking: /home/valdeus1151/Y3T1/FRA333_LAB_HW/LAB3/install/sandevistan_interface/share/sandevistan_interface/environment/library_path.sh
-- Symlinking: /home/valdeus1151/Y3T1/FRA333_LAB_HW/LAB3/install/sandevistan_interface/share/sandevistan_interface/environment/library_path.dsv
-- Symlinking: /home/valdeus1151/Y3T1/FRA333_LAB_HW/LAB3/install/sandevistan_interface/include/sandevistan_interface/msg/detail/imu_message__rosidl_typesupport_fastrtps_c.h
-- Symlinking: /home/valdeus1151/Y3T1/FRA333_LAB_HW/LAB3/install/sandevistan_interface/include/sandevistan_interface/msg/rosidl_typesupport_fastrtps_c__visibility_control.h
-- Symlinking: /home/valdeus1151/Y3T1/FRA333_LAB_HW/LAB3/install/sandevistan_interface/lib/libsandevistan_interface__rosidl_typesupport_fastrtps_c.so
-- Symlinking: /home/valdeus1151/Y3T1/FRA333_LAB_HW/LAB3/install/sandevistan_interface/include/sandevistan_interface/msg/detail/imu_message__rosidl_typesupport_fastrtps_cpp.hpp
-- Symlinking: /home/valdeus1151/Y3T1/FRA333_LAB_HW/LAB3/install/sandevistan_interface/include/sandevistan_interface/msg/rosidl_typesupport_fastrtps_cpp__visibility_control.h
-- Symlinking: /home/valdeus1151/Y3T1/FRA333_LAB_HW/LAB3/install/sandevistan_interface/lib/libsandevistan_interface__rosidl_typesupport_fastrtps_cpp.so
-- Symlinking: /home/valdeus1151/Y3T1/FRA333_LAB_HW/LAB3/install/sandevistan_interface/include/sandevistan_interface/msg/detail/imu_message__rosidl_typesupport_introspection_c.h
-- Symlinking: /home/valdeus1151/Y3T1/FRA333_LAB_HW/LAB3/install/sandevistan_interface/include/sandevistan_interface/msg/rosidl_typesupport_introspection_c__visibility_control.h
-- Symlinking: /home/valdeus1151/Y3T1/FRA333_LAB_HW/LAB3/install/sandevistan_interface/include/sandevistan_interface/msg/detail/imu_message__builder.hpp
-- Symlinking: /home/valdeus1151/Y3T1/FRA333_LAB_HW/LAB3/install/sandevistan_interface/include/sandevistan_interface/msg/detail/imu_message__struct.hpp
-- Symlinking: /home/valdeus1151/Y3T1/FRA333_LAB_HW/LAB3/install/sandevistan_interface/include/sandevistan_interface/msg/detail/imu_message__traits.hpp
-- Symlinking: /home/valdeus1151/Y3T1/FRA333_LAB_HW/LAB3/install/sandevistan_interface/include/sandevistan_interface/msg/imu_message.hpp
-- Symlinking: /home/valdeus1151/Y3T1/FRA333_LAB_HW/LAB3/install/sandevistan_interface/include/sandevistan_interface/msg/detail/imu_message__rosidl_typesupport_introspection_cpp.hpp
-- Symlinking: /home/valdeus1151/Y3T1/FRA333_LAB_HW/LAB3/install/sandevistan_interface/share/sandevistan_interface/environment/pythonpath.sh
-- Symlinking: /home/valdeus1151/Y3T1/FRA333_LAB_HW/LAB3/install/sandevistan_interface/share/sandevistan_interface/environment/pythonpath.dsv
-- Symlinking: /home/valdeus1151/Y3T1/FRA333_LAB_HW/LAB3/install/sandevistan_interface/lib/python3.8/site-packages/sandevistan_interface/__init__.py
-- Symlinking: /home/valdeus1151/Y3T1/FRA333_LAB_HW/LAB3/install/sandevistan_interface/lib/python3.8/site-packages/sandevistan_interface/msg/__init__.py
-- Symlinking: /home/valdeus1151/Y3T1/FRA333_LAB_HW/LAB3/install/sandevistan_interface/lib/python3.8/site-packages/sandevistan_interface/msg/_imu_message.py
-- Symlinking: /home/valdeus1151/Y3T1/FRA333_LAB_HW/LAB3/install/sandevistan_interface/lib/python3.8/site-packages/sandevistan_interface/sandevistan_interface_s__rosidl_typesupport_fastrtps_c.cpython-38-x86_64-linux-gnu.so
-- Symlinking: /home/valdeus1151/Y3T1/FRA333_LAB_HW/LAB3/install/sandevistan_interface/lib/python3.8/site-packages/sandevistan_interface/sandevistan_interface_s__rosidl_typesupport_introspection_c.cpython-38-x86_64-linux-gnu.so
-- Symlinking: /home/valdeus1151/Y3T1/FRA333_LAB_HW/LAB3/install/sandevistan_interface/lib/python3.8/site-packages/sandevistan_interface/sandevistan_interface_s__rosidl_typesupport_c.cpython-38-x86_64-linux-gnu.so
-- Symlinking: /home/valdeus1151/Y3T1/FRA333_LAB_HW/LAB3/install/sandevistan_interface/lib/libsandevistan_interface__python.so
-- Symlinking: /home/valdeus1151/Y3T1/FRA333_LAB_HW/LAB3/install/sandevistan_interface/share/sandevistan_interface/msg/IMUMessage.idl
-- Symlinking: /home/valdeus1151/Y3T1/FRA333_LAB_HW/LAB3/install/sandevistan_interface/share/sandevistan_interface/msg/IMUMessage.msg
-- Symlinking: /home/valdeus1151/Y3T1/FRA333_LAB_HW/LAB3/install/sandevistan_interface/share/ament_index/resource_index/package_run_dependencies/sandevistan_interface
-- Symlinking: /home/valdeus1151/Y3T1/FRA333_LAB_HW/LAB3/install/sandevistan_interface/share/ament_index/resource_index/parent_prefix_path/sandevistan_interface
-- Symlinking: /home/valdeus1151/Y3T1/FRA333_LAB_HW/LAB3/install/sandevistan_interface/share/sandevistan_interface/environment/ament_prefix_path.sh
-- Symlinking: /home/valdeus1151/Y3T1/FRA333_LAB_HW/LAB3/install/sandevistan_interface/share/sandevistan_interface/environment/ament_prefix_path.dsv
-- Symlinking: /home/valdeus1151/Y3T1/FRA333_LAB_HW/LAB3/install/sandevistan_interface/share/sandevistan_interface/environment/path.sh
-- Symlinking: /home/valdeus1151/Y3T1/FRA333_LAB_HW/LAB3/install/sandevistan_interface/share/sandevistan_interface/environment/path.dsv
-- Symlinking: /home/valdeus1151/Y3T1/FRA333_LAB_HW/LAB3/install/sandevistan_interface/share/sandevistan_interface/local_setup.bash
-- Symlinking: /home/valdeus1151/Y3T1/FRA333_LAB_HW/LAB3/install/sandevistan_interface/share/sandevistan_interface/local_setup.sh
-- Symlinking: /home/valdeus1151/Y3T1/FRA333_LAB_HW/LAB3/install/sandevistan_interface/share/sandevistan_interface/local_setup.zsh
-- Symlinking: /home/valdeus1151/Y3T1/FRA333_LAB_HW/LAB3/install/sandevistan_interface/share/sandevistan_interface/local_setup.dsv
-- Symlinking: /home/valdeus1151/Y3T1/FRA333_LAB_HW/LAB3/install/sandevistan_interface/share/sandevistan_interface/package.dsv
-- Symlinking: /home/valdeus1151/Y3T1/FRA333_LAB_HW/LAB3/install/sandevistan_interface/share/ament_index/resource_index/packages/sandevistan_interface
-- Symlinking: /home/valdeus1151/Y3T1/FRA333_LAB_HW/LAB3/install/sandevistan_interface/share/sandevistan_interface/cmake/rosidl_cmake-extras.cmake
-- Symlinking: /home/valdeus1151/Y3T1/FRA333_LAB_HW/LAB3/install/sandevistan_interface/share/sandevistan_interface/cmake/ament_cmake_export_dependencies-extras.cmake
-- Symlinking: /home/valdeus1151/Y3T1/FRA333_LAB_HW/LAB3/install/sandevistan_interface/share/sandevistan_interface/cmake/ament_cmake_export_libraries-extras.cmake
-- Symlinking: /home/valdeus1151/Y3T1/FRA333_LAB_HW/LAB3/install/sandevistan_interface/share/sandevistan_interface/cmake/ament_cmake_export_targets-extras.cmake
-- Symlinking: /home/valdeus1151/Y3T1/FRA333_LAB_HW/LAB3/install/sandevistan_interface/share/sandevistan_interface/cmake/ament_cmake_export_include_directories-extras.cmake
-- Symlinking: /home/valdeus1151/Y3T1/FRA333_LAB_HW/LAB3/install/sandevistan_interface/share/sandevistan_interface/cmake/rosidl_cmake_export_typesupport_libraries-extras.cmake
-- Symlinking: /home/valdeus1151/Y3T1/FRA333_LAB_HW/LAB3/install/sandevistan_interface/share/sandevistan_interface/cmake/rosidl_cmake_export_typesupport_targets-extras.cmake
-- Symlinking: /home/valdeus1151/Y3T1/FRA333_LAB_HW/LAB3/install/sandevistan_interface/share/sandevistan_interface/cmake/sandevistan_interfaceConfig.cmake
-- Symlinking: /home/valdeus1151/Y3T1/FRA333_LAB_HW/LAB3/install/sandevistan_interface/share/sandevistan_interface/cmake/sandevistan_interfaceConfig-version.cmake
-- Symlinking: /home/valdeus1151/Y3T1/FRA333_LAB_HW/LAB3/install/sandevistan_interface/share/sandevistan_interface/package.xml
-- Installing: /home/valdeus1151/Y3T1/FRA333_LAB_HW/LAB3/install/sandevistan_interface/lib/libsandevistan_interface__rosidl_generator_c.so
-- Set runtime path of "/home/valdeus1151/Y3T1/FRA333_LAB_HW/LAB3/install/sandevistan_interface/lib/libsandevistan_interface__rosidl_generator_c.so" to ""
-- Installing: /home/valdeus1151/Y3T1/FRA333_LAB_HW/LAB3/install/sandevistan_interface/lib/libsandevistan_interface__rosidl_typesupport_introspection_c.so
-- Set runtime path of "/home/valdeus1151/Y3T1/FRA333_LAB_HW/LAB3/install/sandevistan_interface/lib/libsandevistan_interface__rosidl_typesupport_introspection_c.so" to ""
-- Installing: /home/valdeus1151/Y3T1/FRA333_LAB_HW/LAB3/install/sandevistan_interface/lib/libsandevistan_interface__rosidl_typesupport_c.so
-- Set runtime path of "/home/valdeus1151/Y3T1/FRA333_LAB_HW/LAB3/install/sandevistan_interface/lib/libsandevistan_interface__rosidl_typesupport_c.so" to ""
-- Installing: /home/valdeus1151/Y3T1/FRA333_LAB_HW/LAB3/install/sandevistan_interface/lib/libsandevistan_interface__rosidl_typesupport_introspection_cpp.so
-- Set runtime path of "/home/valdeus1151/Y3T1/FRA333_LAB_HW/LAB3/install/sandevistan_interface/lib/libsandevistan_interface__rosidl_typesupport_introspection_cpp.so" to ""
-- Installing: /home/valdeus1151/Y3T1/FRA333_LAB_HW/LAB3/install/sandevistan_interface/lib/libsandevistan_interface__rosidl_typesupport_cpp.so
-- Set runtime path of "/home/valdeus1151/Y3T1/FRA333_LAB_HW/LAB3/install/sandevistan_interface/lib/libsandevistan_interface__rosidl_typesupport_cpp.so" to ""
Compiling '/home/valdeus1151/Y3T1/FRA333_LAB_HW/LAB3/install/sandevistan_interface/lib/python3.8/site-packages/sandevistan_interface/__init__.py'...
-- Installing: /home/valdeus1151/Y3T1/FRA333_LAB_HW/LAB3/install/sandevistan_interface/share/sandevistan_interface/cmake/sandevistan_interface__rosidl_generator_cExport.cmake
-- Installing: /home/valdeus1151/Y3T1/FRA333_LAB_HW/LAB3/install/sandevistan_interface/share/sandevistan_interface/cmake/sandevistan_interface__rosidl_generator_cExport-noconfig.cmake
-- Installing: /home/valdeus1151/Y3T1/FRA333_LAB_HW/LAB3/install/sandevistan_interface/share/sandevistan_interface/cmake/sandevistan_interface__rosidl_typesupport_introspection_cExport.cmake
-- Installing: /home/valdeus1151/Y3T1/FRA333_LAB_HW/LAB3/install/sandevistan_interface/share/sandevistan_interface/cmake/sandevistan_interface__rosidl_typesupport_introspection_cExport-noconfig.cmake
-- Installing: /home/valdeus1151/Y3T1/FRA333_LAB_HW/LAB3/install/sandevistan_interface/share/sandevistan_interface/cmake/sandevistan_interface__rosidl_typesupport_cExport.cmake
-- Installing: /home/valdeus1151/Y3T1/FRA333_LAB_HW/LAB3/install/sandevistan_interface/share/sandevistan_interface/cmake/sandevistan_interface__rosidl_typesupport_cExport-noconfig.cmake
-- Installing: /home/valdeus1151/Y3T1/FRA333_LAB_HW/LAB3/install/sandevistan_interface/share/sandevistan_interface/cmake/sandevistan_interface__rosidl_generator_cppExport.cmake
-- Installing: /home/valdeus1151/Y3T1/FRA333_LAB_HW/LAB3/install/sandevistan_interface/share/sandevistan_interface/cmake/sandevistan_interface__rosidl_typesupport_introspection_cppExport.cmake
-- Installing: /home/valdeus1151/Y3T1/FRA333_LAB_HW/LAB3/install/sandevistan_interface/share/sandevistan_interface/cmake/sandevistan_interface__rosidl_typesupport_introspection_cppExport-noconfig.cmake
-- Installing: /home/valdeus1151/Y3T1/FRA333_LAB_HW/LAB3/install/sandevistan_interface/share/sandevistan_interface/cmake/sandevistan_interface__rosidl_typesupport_cppExport.cmake
-- Installing: /home/valdeus1151/Y3T1/FRA333_LAB_HW/LAB3/install/sandevistan_interface/share/sandevistan_interface/cmake/sandevistan_interface__rosidl_typesupport_cppExport-noconfig.cmake
