[0.041s] Invoking command in '/home/valdeus1151/Y3T1/FRA333_LAB_HW/LAB3/build/sandevistan_interface': CMAKE_PREFIX_PATH=${CMAKE_PREFIX_PATH}:/opt/ros/foxy /usr/bin/cmake /home/valdeus1151/Y3T1/FRA333_LAB_HW/LAB3/src/fra333_lab3_29_v1/sandevistan_interface -DAMENT_CMAKE_SYMLINK_INSTALL=1 -DCMAKE_INSTALL_PREFIX=/home/valdeus1151/Y3T1/FRA333_LAB_HW/LAB3/install/sandevistan_interface
[0.171s] -- The C compiler identification is GNU 9.4.0
[0.291s] -- The CXX compiler identification is GNU 9.4.0
[0.299s] -- Check for working C compiler: /usr/bin/cc
[0.387s] -- Check for working C compiler: /usr/bin/cc -- works
[0.389s] -- Detecting C compiler ABI info
[0.481s] -- Detecting C compiler ABI info - done
[0.499s] -- Detecting C compile features
[0.500s] -- Detecting C compile features - done
[0.505s] -- Check for working CXX compiler: /usr/bin/c++
[0.633s] -- Check for working CXX compiler: /usr/bin/c++ -- works
[0.635s] -- Detecting CXX compiler ABI info
[0.730s] -- Detecting CXX compiler ABI info - done
[0.755s] -- Detecting CXX compile features
[0.756s] -- Detecting CXX compile features - done
[0.759s] -- Found ament_cmake: 0.9.11 (/opt/ros/foxy/share/ament_cmake/cmake)
[0.792s] -- Found PythonInterp: /usr/bin/python3 (found suitable version "3.8.10", minimum required is "3") 
[0.793s] -- Using PYTHON_EXECUTABLE: /usr/bin/python3
[1.084s] -- Override CMake install command with custom implementation using symlinks instead of copying resources
[1.114s] -- Found ament_lint_auto: 0.9.7 (/opt/ros/foxy/share/ament_lint_auto/cmake)
[1.224s] -- Found rosidl_default_generators: 1.0.1 (/opt/ros/foxy/share/rosidl_default_generators/cmake)
[1.231s] -- Using all available rosidl_typesupport_c: rosidl_typesupport_fastrtps_c;rosidl_typesupport_introspection_c
[1.244s] -- Found rosidl_adapter: 1.3.0 (/opt/ros/foxy/share/rosidl_adapter/cmake)
[1.386s] -- Found OpenSSL: /usr/lib/x86_64-linux-gnu/libcrypto.so (found version "1.1.1f")  
[1.433s] -- Found FastRTPS: /opt/ros/foxy/include  
[1.593s] -- Using all available rosidl_typesupport_cpp: rosidl_typesupport_fastrtps_cpp;rosidl_typesupport_introspection_cpp
[1.655s] -- Found geometry_msgs: 2.0.5 (/opt/ros/foxy/share/geometry_msgs/cmake)
[1.820s] -- Found sensor_msgs: 2.0.5 (/opt/ros/foxy/share/sensor_msgs/cmake)
[1.996s] -- Found PythonInterp: /usr/bin/python3 (found version "3.8.10") 
[2.076s] -- Found ament_cmake_ros: 0.9.2 (/opt/ros/foxy/share/ament_cmake_ros/cmake)
[2.222s] -- Using all available rosidl_typesupport_c: rosidl_typesupport_fastrtps_c;rosidl_typesupport_introspection_c
[2.239s] -- Using all available rosidl_typesupport_cpp: rosidl_typesupport_fastrtps_cpp;rosidl_typesupport_introspection_cpp
[2.270s] -- Found PythonInterp: /usr/bin/python3 (found suitable version "3.8.10", minimum required is "3.5") 
[2.272s] -- Found python_cmake_module: 0.8.1 (/opt/ros/foxy/share/python_cmake_module/cmake)
[2.304s] -- Found PythonLibs: /usr/lib/x86_64-linux-gnu/libpython3.8.so (found suitable version "3.8.10", minimum required is "3.5") 
[2.305s] -- Using PYTHON_EXECUTABLE: /usr/bin/python3
[2.305s] -- Using PYTHON_INCLUDE_DIRS: /usr/include/python3.8
[2.305s] -- Using PYTHON_LIBRARIES: /usr/lib/x86_64-linux-gnu/libpython3.8.so
[2.340s] -- Found PythonExtra: .so  
[2.413s] -- Added test 'copyright' to check source files copyright and LICENSE
[2.415s] -- Added test 'lint_cmake' to check CMake code style
[2.417s] -- Added test 'xmllint' to check XML markup files
[2.431s] -- Configuring done
[2.483s] -- Generating done
[2.489s] -- Build files have been written to: /home/valdeus1151/Y3T1/FRA333_LAB_HW/LAB3/build/sandevistan_interface
[2.507s] Invoked command in '/home/valdeus1151/Y3T1/FRA333_LAB_HW/LAB3/build/sandevistan_interface' returned '0': CMAKE_PREFIX_PATH=${CMAKE_PREFIX_PATH}:/opt/ros/foxy /usr/bin/cmake /home/valdeus1151/Y3T1/FRA333_LAB_HW/LAB3/src/fra333_lab3_29_v1/sandevistan_interface -DAMENT_CMAKE_SYMLINK_INSTALL=1 -DCMAKE_INSTALL_PREFIX=/home/valdeus1151/Y3T1/FRA333_LAB_HW/LAB3/install/sandevistan_interface
[2.511s] Invoking command in '/home/valdeus1151/Y3T1/FRA333_LAB_HW/LAB3/build/sandevistan_interface': CMAKE_PREFIX_PATH=${CMAKE_PREFIX_PATH}:/opt/ros/foxy /usr/bin/cmake --build /home/valdeus1151/Y3T1/FRA333_LAB_HW/LAB3/build/sandevistan_interface -- -j12 -l12
[2.562s] [  3%] [34m[1mGenerating C code for ROS interfaces[0m
[2.565s] [35m[1mScanning dependencies of target sandevistan_interface__cpp[0m
[2.574s] [  6%] [34m[1mGenerating C++ code for ROS interfaces[0m
[2.901s] [35m[1mScanning dependencies of target sandevistan_interface__rosidl_generator_c[0m
[2.913s] [  6%] Built target sandevistan_interface__cpp
[2.923s] [  9%] [32mBuilding C object CMakeFiles/sandevistan_interface__rosidl_generator_c.dir/rosidl_generator_c/sandevistan_interface/msg/detail/imu_message__functions.c.o[0m
[2.930s] [ 12%] [34m[1mGenerating C++ type support for eProsima Fast-RTPS[0m
[2.930s] [ 16%] [34m[1mGenerating C++ type support dispatch for ROS interfaces[0m
[2.932s] [ 19%] [34m[1mGenerating C++ introspection for ROS interfaces[0m
[3.040s] [ 22%] [32m[1mLinking C shared library libsandevistan_interface__rosidl_generator_c.so[0m
[3.109s] [ 22%] Built target sandevistan_interface__rosidl_generator_c
[3.116s] [ 25%] [34m[1mGenerating C introspection for ROS interfaces[0m
[3.137s] [ 29%] [34m[1mGenerating C type support dispatch for ROS interfaces[0m
[3.342s] [35m[1mScanning dependencies of target sandevistan_interface__rosidl_typesupport_cpp[0m
[3.360s] [ 32%] [32mBuilding CXX object CMakeFiles/sandevistan_interface__rosidl_typesupport_cpp.dir/rosidl_typesupport_cpp/sandevistan_interface/msg/imu_message__type_support.cpp.o[0m
[3.373s] [35m[1mScanning dependencies of target sandevistan_interface__rosidl_typesupport_introspection_cpp[0m
[3.391s] [ 35%] [32mBuilding CXX object CMakeFiles/sandevistan_interface__rosidl_typesupport_introspection_cpp.dir/rosidl_typesupport_introspection_cpp/sandevistan_interface/msg/detail/imu_message__type_support.cpp.o[0m
[3.393s] [35m[1mScanning dependencies of target sandevistan_interface__rosidl_typesupport_fastrtps_cpp[0m
[3.421s] [ 38%] [32mBuilding CXX object CMakeFiles/sandevistan_interface__rosidl_typesupport_fastrtps_cpp.dir/rosidl_typesupport_fastrtps_cpp/sandevistan_interface/msg/detail/dds_fastrtps/imu_message__type_support.cpp.o[0m
[3.485s] [35m[1mScanning dependencies of target sandevistan_interface__rosidl_typesupport_c[0m
[3.501s] [ 41%] [32mBuilding CXX object CMakeFiles/sandevistan_interface__rosidl_typesupport_c.dir/rosidl_typesupport_c/sandevistan_interface/msg/imu_message__type_support.cpp.o[0m
[3.503s] [35m[1mScanning dependencies of target sandevistan_interface__rosidl_typesupport_introspection_c[0m
[3.519s] [ 45%] [32mBuilding C object CMakeFiles/sandevistan_interface__rosidl_typesupport_introspection_c.dir/rosidl_typesupport_introspection_c/sandevistan_interface/msg/detail/imu_message__type_support.c.o[0m
[3.540s] [ 48%] [32m[1mLinking CXX shared library libsandevistan_interface__rosidl_typesupport_c.so[0m
[3.560s] [ 51%] [32m[1mLinking C shared library libsandevistan_interface__rosidl_typesupport_introspection_c.so[0m
[3.591s] [ 51%] Built target sandevistan_interface__rosidl_typesupport_c
[3.597s] [ 51%] Built target sandevistan_interface__rosidl_typesupport_introspection_c
[3.833s] [ 54%] [32m[1mLinking CXX shared library libsandevistan_interface__rosidl_typesupport_cpp.so[0m
[3.855s] [ 58%] [32m[1mLinking CXX shared library libsandevistan_interface__rosidl_typesupport_introspection_cpp.so[0m
[3.883s] [ 58%] Built target sandevistan_interface__rosidl_typesupport_cpp
[3.941s] [ 58%] Built target sandevistan_interface__rosidl_typesupport_introspection_cpp
[4.039s] [ 61%] [32m[1mLinking CXX shared library libsandevistan_interface__rosidl_typesupport_fastrtps_cpp.so[0m
[4.134s] [ 61%] Built target sandevistan_interface__rosidl_typesupport_fastrtps_cpp
[4.146s] [ 64%] [34m[1mGenerating C type support for eProsima Fast-RTPS[0m
[4.425s] [35m[1mScanning dependencies of target sandevistan_interface__rosidl_typesupport_fastrtps_c[0m
[4.446s] [ 67%] [32mBuilding CXX object CMakeFiles/sandevistan_interface__rosidl_typesupport_fastrtps_c.dir/rosidl_typesupport_fastrtps_c/sandevistan_interface/msg/detail/imu_message__type_support_c.cpp.o[0m
[5.077s] [ 70%] [32m[1mLinking CXX shared library libsandevistan_interface__rosidl_typesupport_fastrtps_c.so[0m
[5.206s] [ 70%] Built target sandevistan_interface__rosidl_typesupport_fastrtps_c
[5.224s] [35m[1mScanning dependencies of target sandevistan_interface[0m
[5.245s] [ 70%] Built target sandevistan_interface
[5.263s] [35m[1mScanning dependencies of target sandevistan_interface__py[0m
[5.294s] [ 74%] [34m[1mGenerating Python code for ROS interfaces[0m
[5.988s] [ 74%] Built target sandevistan_interface__py
[6.001s] [35m[1mScanning dependencies of target sandevistan_interface__python[0m
[6.049s] [ 77%] [32mBuilding C object CMakeFiles/sandevistan_interface__python.dir/rosidl_generator_py/sandevistan_interface/msg/_imu_message_s.c.o[0m
[6.332s] [ 80%] [32m[1mLinking C shared library rosidl_generator_py/sandevistan_interface/libsandevistan_interface__python.so[0m
[6.516s] [ 80%] Built target sandevistan_interface__python
[6.597s] [35m[1mScanning dependencies of target sandevistan_interface__rosidl_typesupport_c__pyext[0m
[6.613s] [35m[1mScanning dependencies of target sandevistan_interface__rosidl_typesupport_introspection_c__pyext[0m
[6.613s] [35m[1mScanning dependencies of target sandevistan_interface__rosidl_typesupport_fastrtps_c__pyext[0m
[6.663s] [ 83%] [32mBuilding C object CMakeFiles/sandevistan_interface__rosidl_typesupport_introspection_c__pyext.dir/rosidl_generator_py/sandevistan_interface/_sandevistan_interface_s.ep.rosidl_typesupport_introspection_c.c.o[0m
[6.683s] [ 87%] [32mBuilding C object CMakeFiles/sandevistan_interface__rosidl_typesupport_c__pyext.dir/rosidl_generator_py/sandevistan_interface/_sandevistan_interface_s.ep.rosidl_typesupport_c.c.o[0m
[6.691s] [ 90%] [32mBuilding C object CMakeFiles/sandevistan_interface__rosidl_typesupport_fastrtps_c__pyext.dir/rosidl_generator_py/sandevistan_interface/_sandevistan_interface_s.ep.rosidl_typesupport_fastrtps_c.c.o[0m
[6.869s] [ 93%] [32m[1mLinking C shared library rosidl_generator_py/sandevistan_interface/sandevistan_interface_s__rosidl_typesupport_c.cpython-38-x86_64-linux-gnu.so[0m
[6.921s] [ 96%] [32m[1mLinking CXX shared library rosidl_generator_py/sandevistan_interface/sandevistan_interface_s__rosidl_typesupport_fastrtps_c.cpython-38-x86_64-linux-gnu.so[0m
[6.960s] [100%] [32m[1mLinking C shared library rosidl_generator_py/sandevistan_interface/sandevistan_interface_s__rosidl_typesupport_introspection_c.cpython-38-x86_64-linux-gnu.so[0m
[6.991s] [100%] Built target sandevistan_interface__rosidl_typesupport_c__pyext
[7.077s] [100%] Built target sandevistan_interface__rosidl_typesupport_fastrtps_c__pyext
[7.093s] [100%] Built target sandevistan_interface__rosidl_typesupport_introspection_c__pyext
[7.118s] Invoked command in '/home/valdeus1151/Y3T1/FRA333_LAB_HW/LAB3/build/sandevistan_interface' returned '0': CMAKE_PREFIX_PATH=${CMAKE_PREFIX_PATH}:/opt/ros/foxy /usr/bin/cmake --build /home/valdeus1151/Y3T1/FRA333_LAB_HW/LAB3/build/sandevistan_interface -- -j12 -l12
[7.522s] Invoking command in '/home/valdeus1151/Y3T1/FRA333_LAB_HW/LAB3/build/sandevistan_interface': CMAKE_PREFIX_PATH=${CMAKE_PREFIX_PATH}:/opt/ros/foxy /usr/bin/cmake --install /home/valdeus1151/Y3T1/FRA333_LAB_HW/LAB3/build/sandevistan_interface
[7.545s] -- Install configuration: ""
[7.546s] -- Execute custom install script
[7.546s] -- Symlinking: /home/valdeus1151/Y3T1/FRA333_LAB_HW/LAB3/install/sandevistan_interface/share/ament_index/resource_index/rosidl_interfaces/sandevistan_interface
[7.560s] -- Symlinking: /home/valdeus1151/Y3T1/FRA333_LAB_HW/LAB3/install/sandevistan_interface/include/sandevistan_interface/msg/detail/imu_message__functions.h
[7.593s] -- Symlinking: /home/valdeus1151/Y3T1/FRA333_LAB_HW/LAB3/install/sandevistan_interface/include/sandevistan_interface/msg/detail/imu_message__struct.h
[7.613s] -- Symlinking: /home/valdeus1151/Y3T1/FRA333_LAB_HW/LAB3/install/sandevistan_interface/include/sandevistan_interface/msg/detail/imu_message__type_support.h
[7.634s] -- Symlinking: /home/valdeus1151/Y3T1/FRA333_LAB_HW/LAB3/install/sandevistan_interface/include/sandevistan_interface/msg/imu_message.h
[7.653s] -- Symlinking: /home/valdeus1151/Y3T1/FRA333_LAB_HW/LAB3/install/sandevistan_interface/include/sandevistan_interface/msg/rosidl_generator_c__visibility_control.h
[7.673s] -- Symlinking: /home/valdeus1151/Y3T1/FRA333_LAB_HW/LAB3/install/sandevistan_interface/share/sandevistan_interface/environment/library_path.sh
[7.710s] -- Symlinking: /home/valdeus1151/Y3T1/FRA333_LAB_HW/LAB3/install/sandevistan_interface/share/sandevistan_interface/environment/library_path.dsv
[7.731s] -- Symlinking: /home/valdeus1151/Y3T1/FRA333_LAB_HW/LAB3/install/sandevistan_interface/include/sandevistan_interface/msg/detail/imu_message__rosidl_typesupport_fastrtps_c.h
[7.758s] -- Symlinking: /home/valdeus1151/Y3T1/FRA333_LAB_HW/LAB3/install/sandevistan_interface/include/sandevistan_interface/msg/rosidl_typesupport_fastrtps_c__visibility_control.h
[7.782s] -- Symlinking: /home/valdeus1151/Y3T1/FRA333_LAB_HW/LAB3/install/sandevistan_interface/lib/libsandevistan_interface__rosidl_typesupport_fastrtps_c.so
[7.803s] -- Symlinking: /home/valdeus1151/Y3T1/FRA333_LAB_HW/LAB3/install/sandevistan_interface/include/sandevistan_interface/msg/detail/imu_message__rosidl_typesupport_fastrtps_cpp.hpp
[7.859s] -- Symlinking: /home/valdeus1151/Y3T1/FRA333_LAB_HW/LAB3/install/sandevistan_interface/include/sandevistan_interface/msg/rosidl_typesupport_fastrtps_cpp__visibility_control.h
[7.911s] -- Symlinking: /home/valdeus1151/Y3T1/FRA333_LAB_HW/LAB3/install/sandevistan_interface/lib/libsandevistan_interface__rosidl_typesupport_fastrtps_cpp.so
[7.959s] -- Symlinking: /home/valdeus1151/Y3T1/FRA333_LAB_HW/LAB3/install/sandevistan_interface/include/sandevistan_interface/msg/detail/imu_message__rosidl_typesupport_introspection_c.h
[8.008s] -- Symlinking: /home/valdeus1151/Y3T1/FRA333_LAB_HW/LAB3/install/sandevistan_interface/include/sandevistan_interface/msg/rosidl_typesupport_introspection_c__visibility_control.h
[8.052s] -- Symlinking: /home/valdeus1151/Y3T1/FRA333_LAB_HW/LAB3/install/sandevistan_interface/include/sandevistan_interface/msg/detail/imu_message__builder.hpp
[8.114s] -- Symlinking: /home/valdeus1151/Y3T1/FRA333_LAB_HW/LAB3/install/sandevistan_interface/include/sandevistan_interface/msg/detail/imu_message__struct.hpp
[8.156s] -- Symlinking: /home/valdeus1151/Y3T1/FRA333_LAB_HW/LAB3/install/sandevistan_interface/include/sandevistan_interface/msg/detail/imu_message__traits.hpp
[8.205s] -- Symlinking: /home/valdeus1151/Y3T1/FRA333_LAB_HW/LAB3/install/sandevistan_interface/include/sandevistan_interface/msg/imu_message.hpp
[8.235s] -- Symlinking: /home/valdeus1151/Y3T1/FRA333_LAB_HW/LAB3/install/sandevistan_interface/include/sandevistan_interface/msg/detail/imu_message__rosidl_typesupport_introspection_cpp.hpp
[8.255s] -- Symlinking: /home/valdeus1151/Y3T1/FRA333_LAB_HW/LAB3/install/sandevistan_interface/share/sandevistan_interface/environment/pythonpath.sh
[8.277s] -- Symlinking: /home/valdeus1151/Y3T1/FRA333_LAB_HW/LAB3/install/sandevistan_interface/share/sandevistan_interface/environment/pythonpath.dsv
[8.313s] -- Symlinking: /home/valdeus1151/Y3T1/FRA333_LAB_HW/LAB3/install/sandevistan_interface/lib/python3.8/site-packages/sandevistan_interface/__init__.py
[8.334s] -- Symlinking: /home/valdeus1151/Y3T1/FRA333_LAB_HW/LAB3/install/sandevistan_interface/lib/python3.8/site-packages/sandevistan_interface/msg/__init__.py
[8.352s] -- Symlinking: /home/valdeus1151/Y3T1/FRA333_LAB_HW/LAB3/install/sandevistan_interface/lib/python3.8/site-packages/sandevistan_interface/msg/_imu_message.py
[8.372s] -- Symlinking: /home/valdeus1151/Y3T1/FRA333_LAB_HW/LAB3/install/sandevistan_interface/lib/python3.8/site-packages/sandevistan_interface/sandevistan_interface_s__rosidl_typesupport_fastrtps_c.cpython-38-x86_64-linux-gnu.so
[8.391s] -- Symlinking: /home/valdeus1151/Y3T1/FRA333_LAB_HW/LAB3/install/sandevistan_interface/lib/python3.8/site-packages/sandevistan_interface/sandevistan_interface_s__rosidl_typesupport_introspection_c.cpython-38-x86_64-linux-gnu.so
[8.409s] -- Symlinking: /home/valdeus1151/Y3T1/FRA333_LAB_HW/LAB3/install/sandevistan_interface/lib/python3.8/site-packages/sandevistan_interface/sandevistan_interface_s__rosidl_typesupport_c.cpython-38-x86_64-linux-gnu.so
[8.446s] -- Symlinking: /home/valdeus1151/Y3T1/FRA333_LAB_HW/LAB3/install/sandevistan_interface/lib/libsandevistan_interface__python.so
[8.465s] -- Symlinking: /home/valdeus1151/Y3T1/FRA333_LAB_HW/LAB3/install/sandevistan_interface/share/sandevistan_interface/msg/IMUMessage.idl
[8.487s] -- Symlinking: /home/valdeus1151/Y3T1/FRA333_LAB_HW/LAB3/install/sandevistan_interface/share/sandevistan_interface/msg/IMUMessage.msg
[8.508s] -- Symlinking: /home/valdeus1151/Y3T1/FRA333_LAB_HW/LAB3/install/sandevistan_interface/share/ament_index/resource_index/package_run_dependencies/sandevistan_interface
[8.536s] -- Symlinking: /home/valdeus1151/Y3T1/FRA333_LAB_HW/LAB3/install/sandevistan_interface/share/ament_index/resource_index/parent_prefix_path/sandevistan_interface
[8.557s] -- Symlinking: /home/valdeus1151/Y3T1/FRA333_LAB_HW/LAB3/install/sandevistan_interface/share/sandevistan_interface/environment/ament_prefix_path.sh
[8.591s] -- Symlinking: /home/valdeus1151/Y3T1/FRA333_LAB_HW/LAB3/install/sandevistan_interface/share/sandevistan_interface/environment/ament_prefix_path.dsv
[8.618s] -- Symlinking: /home/valdeus1151/Y3T1/FRA333_LAB_HW/LAB3/install/sandevistan_interface/share/sandevistan_interface/environment/path.sh
[8.640s] -- Symlinking: /home/valdeus1151/Y3T1/FRA333_LAB_HW/LAB3/install/sandevistan_interface/share/sandevistan_interface/environment/path.dsv
[8.665s] -- Symlinking: /home/valdeus1151/Y3T1/FRA333_LAB_HW/LAB3/install/sandevistan_interface/share/sandevistan_interface/local_setup.bash
[8.715s] -- Symlinking: /home/valdeus1151/Y3T1/FRA333_LAB_HW/LAB3/install/sandevistan_interface/share/sandevistan_interface/local_setup.sh
[8.765s] -- Symlinking: /home/valdeus1151/Y3T1/FRA333_LAB_HW/LAB3/install/sandevistan_interface/share/sandevistan_interface/local_setup.zsh
[8.790s] -- Symlinking: /home/valdeus1151/Y3T1/FRA333_LAB_HW/LAB3/install/sandevistan_interface/share/sandevistan_interface/local_setup.dsv
[8.834s] -- Symlinking: /home/valdeus1151/Y3T1/FRA333_LAB_HW/LAB3/install/sandevistan_interface/share/sandevistan_interface/package.dsv
[8.867s] -- Symlinking: /home/valdeus1151/Y3T1/FRA333_LAB_HW/LAB3/install/sandevistan_interface/share/ament_index/resource_index/packages/sandevistan_interface
[8.901s] -- Symlinking: /home/valdeus1151/Y3T1/FRA333_LAB_HW/LAB3/install/sandevistan_interface/share/sandevistan_interface/cmake/rosidl_cmake-extras.cmake
[8.922s] -- Symlinking: /home/valdeus1151/Y3T1/FRA333_LAB_HW/LAB3/install/sandevistan_interface/share/sandevistan_interface/cmake/ament_cmake_export_dependencies-extras.cmake
[8.945s] -- Symlinking: /home/valdeus1151/Y3T1/FRA333_LAB_HW/LAB3/install/sandevistan_interface/share/sandevistan_interface/cmake/ament_cmake_export_libraries-extras.cmake
[8.966s] -- Symlinking: /home/valdeus1151/Y3T1/FRA333_LAB_HW/LAB3/install/sandevistan_interface/share/sandevistan_interface/cmake/ament_cmake_export_targets-extras.cmake
[8.993s] -- Symlinking: /home/valdeus1151/Y3T1/FRA333_LAB_HW/LAB3/install/sandevistan_interface/share/sandevistan_interface/cmake/ament_cmake_export_include_directories-extras.cmake
[9.013s] -- Symlinking: /home/valdeus1151/Y3T1/FRA333_LAB_HW/LAB3/install/sandevistan_interface/share/sandevistan_interface/cmake/rosidl_cmake_export_typesupport_libraries-extras.cmake
[9.033s] -- Symlinking: /home/valdeus1151/Y3T1/FRA333_LAB_HW/LAB3/install/sandevistan_interface/share/sandevistan_interface/cmake/rosidl_cmake_export_typesupport_targets-extras.cmake
[9.053s] -- Symlinking: /home/valdeus1151/Y3T1/FRA333_LAB_HW/LAB3/install/sandevistan_interface/share/sandevistan_interface/cmake/sandevistan_interfaceConfig.cmake
[9.073s] -- Symlinking: /home/valdeus1151/Y3T1/FRA333_LAB_HW/LAB3/install/sandevistan_interface/share/sandevistan_interface/cmake/sandevistan_interfaceConfig-version.cmake
[9.092s] -- Symlinking: /home/valdeus1151/Y3T1/FRA333_LAB_HW/LAB3/install/sandevistan_interface/share/sandevistan_interface/package.xml
[9.127s] -- Installing: /home/valdeus1151/Y3T1/FRA333_LAB_HW/LAB3/install/sandevistan_interface/lib/libsandevistan_interface__rosidl_generator_c.so
[9.127s] -- Set runtime path of "/home/valdeus1151/Y3T1/FRA333_LAB_HW/LAB3/install/sandevistan_interface/lib/libsandevistan_interface__rosidl_generator_c.so" to ""
[9.128s] -- Installing: /home/valdeus1151/Y3T1/FRA333_LAB_HW/LAB3/install/sandevistan_interface/lib/libsandevistan_interface__rosidl_typesupport_introspection_c.so
[9.129s] -- Set runtime path of "/home/valdeus1151/Y3T1/FRA333_LAB_HW/LAB3/install/sandevistan_interface/lib/libsandevistan_interface__rosidl_typesupport_introspection_c.so" to ""
[9.129s] -- Installing: /home/valdeus1151/Y3T1/FRA333_LAB_HW/LAB3/install/sandevistan_interface/lib/libsandevistan_interface__rosidl_typesupport_c.so
[9.130s] -- Set runtime path of "/home/valdeus1151/Y3T1/FRA333_LAB_HW/LAB3/install/sandevistan_interface/lib/libsandevistan_interface__rosidl_typesupport_c.so" to ""
[9.131s] -- Installing: /home/valdeus1151/Y3T1/FRA333_LAB_HW/LAB3/install/sandevistan_interface/lib/libsandevistan_interface__rosidl_typesupport_introspection_cpp.so
[9.133s] -- Set runtime path of "/home/valdeus1151/Y3T1/FRA333_LAB_HW/LAB3/install/sandevistan_interface/lib/libsandevistan_interface__rosidl_typesupport_introspection_cpp.so" to ""
[9.133s] -- Installing: /home/valdeus1151/Y3T1/FRA333_LAB_HW/LAB3/install/sandevistan_interface/lib/libsandevistan_interface__rosidl_typesupport_cpp.so
[9.135s] -- Set runtime path of "/home/valdeus1151/Y3T1/FRA333_LAB_HW/LAB3/install/sandevistan_interface/lib/libsandevistan_interface__rosidl_typesupport_cpp.so" to ""
[9.248s] Compiling '/home/valdeus1151/Y3T1/FRA333_LAB_HW/LAB3/install/sandevistan_interface/lib/python3.8/site-packages/sandevistan_interface/__init__.py'...
[9.256s] -- Installing: /home/valdeus1151/Y3T1/FRA333_LAB_HW/LAB3/install/sandevistan_interface/share/sandevistan_interface/cmake/sandevistan_interface__rosidl_generator_cExport.cmake
[9.257s] -- Installing: /home/valdeus1151/Y3T1/FRA333_LAB_HW/LAB3/install/sandevistan_interface/share/sandevistan_interface/cmake/sandevistan_interface__rosidl_generator_cExport-noconfig.cmake
[9.257s] -- Installing: /home/valdeus1151/Y3T1/FRA333_LAB_HW/LAB3/install/sandevistan_interface/share/sandevistan_interface/cmake/sandevistan_interface__rosidl_typesupport_introspection_cExport.cmake
[9.258s] -- Installing: /home/valdeus1151/Y3T1/FRA333_LAB_HW/LAB3/install/sandevistan_interface/share/sandevistan_interface/cmake/sandevistan_interface__rosidl_typesupport_introspection_cExport-noconfig.cmake
[9.258s] -- Installing: /home/valdeus1151/Y3T1/FRA333_LAB_HW/LAB3/install/sandevistan_interface/share/sandevistan_interface/cmake/sandevistan_interface__rosidl_typesupport_cExport.cmake
[9.258s] -- Installing: /home/valdeus1151/Y3T1/FRA333_LAB_HW/LAB3/install/sandevistan_interface/share/sandevistan_interface/cmake/sandevistan_interface__rosidl_typesupport_cExport-noconfig.cmake
[9.259s] -- Installing: /home/valdeus1151/Y3T1/FRA333_LAB_HW/LAB3/install/sandevistan_interface/share/sandevistan_interface/cmake/sandevistan_interface__rosidl_generator_cppExport.cmake
[9.259s] -- Installing: /home/valdeus1151/Y3T1/FRA333_LAB_HW/LAB3/install/sandevistan_interface/share/sandevistan_interface/cmake/sandevistan_interface__rosidl_typesupport_introspection_cppExport.cmake
[9.260s] -- Installing: /home/valdeus1151/Y3T1/FRA333_LAB_HW/LAB3/install/sandevistan_interface/share/sandevistan_interface/cmake/sandevistan_interface__rosidl_typesupport_introspection_cppExport-noconfig.cmake
[9.260s] -- Installing: /home/valdeus1151/Y3T1/FRA333_LAB_HW/LAB3/install/sandevistan_interface/share/sandevistan_interface/cmake/sandevistan_interface__rosidl_typesupport_cppExport.cmake
[9.260s] -- Installing: /home/valdeus1151/Y3T1/FRA333_LAB_HW/LAB3/install/sandevistan_interface/share/sandevistan_interface/cmake/sandevistan_interface__rosidl_typesupport_cppExport-noconfig.cmake
[9.270s] Invoked command in '/home/valdeus1151/Y3T1/FRA333_LAB_HW/LAB3/build/sandevistan_interface' returned '0': CMAKE_PREFIX_PATH=${CMAKE_PREFIX_PATH}:/opt/ros/foxy /usr/bin/cmake --install /home/valdeus1151/Y3T1/FRA333_LAB_HW/LAB3/build/sandevistan_interface
