[0.034s] Invoking command in '/home/valdeus1151/Y3T1/FRA333_LAB_HW/LAB3/build/sandevistan_interface': CMAKE_PREFIX_PATH=/opt/ros/foxy /usr/bin/cmake /home/valdeus1151/Y3T1/FRA333_LAB_HW/LAB3/src/fra333_lab3_29_v1/sandevistan_interface -DAMENT_CMAKE_SYMLINK_INSTALL=1 -DCMAKE_INSTALL_PREFIX=/home/valdeus1151/Y3T1/FRA333_LAB_HW/LAB3/install/sandevistan_interface
[0.096s] -- The C compiler identification is GNU 9.4.0
[0.161s] -- The CXX compiler identification is GNU 9.4.0
[0.169s] -- Check for working C compiler: /usr/bin/cc
[0.257s] -- Check for working C compiler: /usr/bin/cc -- works
[0.259s] -- Detecting C compiler ABI info
[0.355s] -- Detecting C compiler ABI info - done
[0.378s] -- Detecting C compile features
[0.379s] -- Detecting C compile features - done
[0.383s] -- Check for working CXX compiler: /usr/bin/c++
[0.532s] -- Check for working CXX compiler: /usr/bin/c++ -- works
[0.536s] -- Detecting CXX compiler ABI info
[0.656s] -- Detecting CXX compiler ABI info - done
[0.684s] -- Detecting CXX compile features
[0.686s] -- Detecting CXX compile features - done
[0.690s] -- Found ament_cmake: 0.9.11 (/opt/ros/foxy/share/ament_cmake/cmake)
[0.724s] -- Found PythonInterp: /usr/bin/python3 (found suitable version "3.8.10", minimum required is "3") 
[0.724s] -- Using PYTHON_EXECUTABLE: /usr/bin/python3
[1.016s] -- Override CMake install command with custom implementation using symlinks instead of copying resources
[1.052s] -- Found ament_lint_auto: 0.9.7 (/opt/ros/foxy/share/ament_lint_auto/cmake)
[1.192s] -- Found rosidl_default_generators: 1.0.1 (/opt/ros/foxy/share/rosidl_default_generators/cmake)
[1.198s] -- Using all available rosidl_typesupport_c: rosidl_typesupport_fastrtps_c;rosidl_typesupport_introspection_c
[1.211s] -- Found rosidl_adapter: 1.3.0 (/opt/ros/foxy/share/rosidl_adapter/cmake)
[1.403s] -- Found OpenSSL: /usr/lib/x86_64-linux-gnu/libcrypto.so (found version "1.1.1f")  
[1.465s] -- Found FastRTPS: /opt/ros/foxy/include  
[1.615s] -- Using all available rosidl_typesupport_cpp: rosidl_typesupport_fastrtps_cpp;rosidl_typesupport_introspection_cpp
[1.655s] -- Found geometry_msgs: 2.0.5 (/opt/ros/foxy/share/geometry_msgs/cmake)
[1.791s] -- Found sensor_msgs: 2.0.5 (/opt/ros/foxy/share/sensor_msgs/cmake)
[1.982s] -- Found PythonInterp: /usr/bin/python3 (found version "3.8.10") 
[2.068s] -- Found ament_cmake_ros: 0.9.2 (/opt/ros/foxy/share/ament_cmake_ros/cmake)
[2.244s] -- Using all available rosidl_typesupport_c: rosidl_typesupport_fastrtps_c;rosidl_typesupport_introspection_c
[2.258s] -- Using all available rosidl_typesupport_cpp: rosidl_typesupport_fastrtps_cpp;rosidl_typesupport_introspection_cpp
[2.290s] -- Found PythonInterp: /usr/bin/python3 (found suitable version "3.8.10", minimum required is "3.5") 
[2.292s] -- Found python_cmake_module: 0.8.1 (/opt/ros/foxy/share/python_cmake_module/cmake)
[2.335s] -- Found PythonLibs: /usr/lib/x86_64-linux-gnu/libpython3.8.so (found suitable version "3.8.10", minimum required is "3.5") 
[2.335s] -- Using PYTHON_EXECUTABLE: /usr/bin/python3
[2.336s] -- Using PYTHON_INCLUDE_DIRS: /usr/include/python3.8
[2.336s] -- Using PYTHON_LIBRARIES: /usr/lib/x86_64-linux-gnu/libpython3.8.so
[2.365s] -- Found PythonExtra: .so  
[2.443s] -- Added test 'copyright' to check source files copyright and LICENSE
[2.446s] -- Added test 'lint_cmake' to check CMake code style
[2.448s] -- Added test 'xmllint' to check XML markup files
[2.470s] -- Configuring done
[2.515s] -- Generating done
[2.519s] -- Build files have been written to: /home/valdeus1151/Y3T1/FRA333_LAB_HW/LAB3/build/sandevistan_interface
[2.532s] Invoked command in '/home/valdeus1151/Y3T1/FRA333_LAB_HW/LAB3/build/sandevistan_interface' returned '0': CMAKE_PREFIX_PATH=/opt/ros/foxy /usr/bin/cmake /home/valdeus1151/Y3T1/FRA333_LAB_HW/LAB3/src/fra333_lab3_29_v1/sandevistan_interface -DAMENT_CMAKE_SYMLINK_INSTALL=1 -DCMAKE_INSTALL_PREFIX=/home/valdeus1151/Y3T1/FRA333_LAB_HW/LAB3/install/sandevistan_interface
[2.537s] Invoking command in '/home/valdeus1151/Y3T1/FRA333_LAB_HW/LAB3/build/sandevistan_interface': CMAKE_PREFIX_PATH=/opt/ros/foxy /usr/bin/cmake --build /home/valdeus1151/Y3T1/FRA333_LAB_HW/LAB3/build/sandevistan_interface -- -j12 -l12
[2.584s] [  3%] [34m[1mGenerating C code for ROS interfaces[0m
[2.584s] [35m[1mScanning dependencies of target sandevistan_interface__cpp[0m
[2.596s] [  6%] [34m[1mGenerating C++ code for ROS interfaces[0m
[2.872s] [35m[1mScanning dependencies of target sandevistan_interface__rosidl_generator_c[0m
[2.888s] [  9%] [32mBuilding C object CMakeFiles/sandevistan_interface__rosidl_generator_c.dir/rosidl_generator_c/sandevistan_interface/msg/detail/imu_message__functions.c.o[0m
[2.892s] [  9%] Built target sandevistan_interface__cpp
[2.907s] [ 12%] [34m[1mGenerating C++ introspection for ROS interfaces[0m
[2.910s] [ 16%] [34m[1mGenerating C++ type support dispatch for ROS interfaces[0m
[2.911s] [ 19%] [34m[1mGenerating C++ type support for eProsima Fast-RTPS[0m
[2.970s] [ 22%] [32m[1mLinking C shared library libsandevistan_interface__rosidl_generator_c.so[0m
[3.026s] [ 22%] Built target sandevistan_interface__rosidl_generator_c
[3.046s] [ 29%] [34m[1mGenerating C introspection for ROS interfaces[0m
[3.046s] [ 29%] [34m[1mGenerating C type support dispatch for ROS interfaces[0m
[3.257s] [35m[1mScanning dependencies of target sandevistan_interface__rosidl_typesupport_introspection_cpp[0m
[3.272s] [ 32%] [32mBuilding CXX object CMakeFiles/sandevistan_interface__rosidl_typesupport_introspection_cpp.dir/rosidl_typesupport_introspection_cpp/sandevistan_interface/msg/detail/imu_message__type_support.cpp.o[0m
[3.281s] [35m[1mScanning dependencies of target sandevistan_interface__rosidl_typesupport_cpp[0m
[3.302s] [ 35%] [32mBuilding CXX object CMakeFiles/sandevistan_interface__rosidl_typesupport_cpp.dir/rosidl_typesupport_cpp/sandevistan_interface/msg/imu_message__type_support.cpp.o[0m
[3.322s] [35m[1mScanning dependencies of target sandevistan_interface__rosidl_typesupport_fastrtps_cpp[0m
[3.328s] [35m[1mScanning dependencies of target sandevistan_interface__rosidl_typesupport_introspection_c[0m
[3.342s] [ 38%] [32mBuilding CXX object CMakeFiles/sandevistan_interface__rosidl_typesupport_fastrtps_cpp.dir/rosidl_typesupport_fastrtps_cpp/sandevistan_interface/msg/detail/dds_fastrtps/imu_message__type_support.cpp.o[0m
[3.345s] [ 41%] [32mBuilding C object CMakeFiles/sandevistan_interface__rosidl_typesupport_introspection_c.dir/rosidl_typesupport_introspection_c/sandevistan_interface/msg/detail/imu_message__type_support.c.o[0m
[3.376s] [35m[1mScanning dependencies of target sandevistan_interface__rosidl_typesupport_c[0m
[3.389s] [ 45%] [32m[1mLinking C shared library libsandevistan_interface__rosidl_typesupport_introspection_c.so[0m
[3.392s] [ 48%] [32mBuilding CXX object CMakeFiles/sandevistan_interface__rosidl_typesupport_c.dir/rosidl_typesupport_c/sandevistan_interface/msg/imu_message__type_support.cpp.o[0m
[3.431s] [ 51%] [32m[1mLinking CXX shared library libsandevistan_interface__rosidl_typesupport_c.so[0m
[3.433s] [ 51%] Built target sandevistan_interface__rosidl_typesupport_introspection_c
[3.479s] [ 51%] Built target sandevistan_interface__rosidl_typesupport_c
[3.613s] [ 54%] [32m[1mLinking CXX shared library libsandevistan_interface__rosidl_typesupport_introspection_cpp.so[0m
[3.703s] [ 54%] Built target sandevistan_interface__rosidl_typesupport_introspection_cpp
[3.718s] [ 58%] [32m[1mLinking CXX shared library libsandevistan_interface__rosidl_typesupport_cpp.so[0m
[3.772s] [ 58%] Built target sandevistan_interface__rosidl_typesupport_cpp
[3.843s] [ 61%] [32m[1mLinking CXX shared library libsandevistan_interface__rosidl_typesupport_fastrtps_cpp.so[0m
[3.929s] [ 61%] Built target sandevistan_interface__rosidl_typesupport_fastrtps_cpp
[3.940s] [ 64%] [34m[1mGenerating C type support for eProsima Fast-RTPS[0m
[4.137s] [35m[1mScanning dependencies of target sandevistan_interface__rosidl_typesupport_fastrtps_c[0m
[4.151s] [ 67%] [32mBuilding CXX object CMakeFiles/sandevistan_interface__rosidl_typesupport_fastrtps_c.dir/rosidl_typesupport_fastrtps_c/sandevistan_interface/msg/detail/imu_message__type_support_c.cpp.o[0m
[4.640s] [ 70%] [32m[1mLinking CXX shared library libsandevistan_interface__rosidl_typesupport_fastrtps_c.so[0m
[4.751s] [ 70%] Built target sandevistan_interface__rosidl_typesupport_fastrtps_c
[4.763s] [35m[1mScanning dependencies of target sandevistan_interface[0m
[4.776s] [ 70%] Built target sandevistan_interface
[4.789s] [35m[1mScanning dependencies of target sandevistan_interface__py[0m
[4.802s] [ 74%] [34m[1mGenerating Python code for ROS interfaces[0m
[5.581s] [ 74%] Built target sandevistan_interface__py
[5.594s] [35m[1mScanning dependencies of target sandevistan_interface__python[0m
[5.622s] [ 77%] [32mBuilding C object CMakeFiles/sandevistan_interface__python.dir/rosidl_generator_py/sandevistan_interface/msg/_imu_message_s.c.o[0m
[5.820s] [ 80%] [32m[1mLinking C shared library rosidl_generator_py/sandevistan_interface/libsandevistan_interface__python.so[0m
[5.889s] [ 80%] Built target sandevistan_interface__python
[5.907s] [35m[1mScanning dependencies of target sandevistan_interface__rosidl_typesupport_introspection_c__pyext[0m
[5.908s] [35m[1mScanning dependencies of target sandevistan_interface__rosidl_typesupport_c__pyext[0m
[5.908s] [35m[1mScanning dependencies of target sandevistan_interface__rosidl_typesupport_fastrtps_c__pyext[0m
[5.955s] [ 87%] [32mBuilding C object CMakeFiles/sandevistan_interface__rosidl_typesupport_c__pyext.dir/rosidl_generator_py/sandevistan_interface/_sandevistan_interface_s.ep.rosidl_typesupport_c.c.o[0m
[5.955s] [ 87%] [32mBuilding C object CMakeFiles/sandevistan_interface__rosidl_typesupport_introspection_c__pyext.dir/rosidl_generator_py/sandevistan_interface/_sandevistan_interface_s.ep.rosidl_typesupport_introspection_c.c.o[0m
[5.955s] [ 90%] [32mBuilding C object CMakeFiles/sandevistan_interface__rosidl_typesupport_fastrtps_c__pyext.dir/rosidl_generator_py/sandevistan_interface/_sandevistan_interface_s.ep.rosidl_typesupport_fastrtps_c.c.o[0m
[6.115s] [ 93%] [32m[1mLinking C shared library rosidl_generator_py/sandevistan_interface/sandevistan_interface_s__rosidl_typesupport_introspection_c.cpython-38-x86_64-linux-gnu.so[0m
[6.129s] [ 96%] [32m[1mLinking C shared library rosidl_generator_py/sandevistan_interface/sandevistan_interface_s__rosidl_typesupport_c.cpython-38-x86_64-linux-gnu.so[0m
[6.132s] [100%] [32m[1mLinking CXX shared library rosidl_generator_py/sandevistan_interface/sandevistan_interface_s__rosidl_typesupport_fastrtps_c.cpython-38-x86_64-linux-gnu.so[0m
[6.305s] [100%] Built target sandevistan_interface__rosidl_typesupport_c__pyext
[6.305s] [100%] Built target sandevistan_interface__rosidl_typesupport_introspection_c__pyext
[6.374s] [100%] Built target sandevistan_interface__rosidl_typesupport_fastrtps_c__pyext
[6.405s] Invoked command in '/home/valdeus1151/Y3T1/FRA333_LAB_HW/LAB3/build/sandevistan_interface' returned '0': CMAKE_PREFIX_PATH=/opt/ros/foxy /usr/bin/cmake --build /home/valdeus1151/Y3T1/FRA333_LAB_HW/LAB3/build/sandevistan_interface -- -j12 -l12
[6.637s] Invoking command in '/home/valdeus1151/Y3T1/FRA333_LAB_HW/LAB3/build/sandevistan_interface': CMAKE_PREFIX_PATH=/opt/ros/foxy /usr/bin/cmake --install /home/valdeus1151/Y3T1/FRA333_LAB_HW/LAB3/build/sandevistan_interface
[6.656s] -- Install configuration: ""
[6.671s] -- Execute custom install script
[6.672s] -- Symlinking: /home/valdeus1151/Y3T1/FRA333_LAB_HW/LAB3/install/sandevistan_interface/share/ament_index/resource_index/rosidl_interfaces/sandevistan_interface
[6.700s] -- Symlinking: /home/valdeus1151/Y3T1/FRA333_LAB_HW/LAB3/install/sandevistan_interface/include/sandevistan_interface/msg/detail/imu_message__functions.h
[6.719s] -- Symlinking: /home/valdeus1151/Y3T1/FRA333_LAB_HW/LAB3/install/sandevistan_interface/include/sandevistan_interface/msg/detail/imu_message__struct.h
[6.745s] -- Symlinking: /home/valdeus1151/Y3T1/FRA333_LAB_HW/LAB3/install/sandevistan_interface/include/sandevistan_interface/msg/detail/imu_message__type_support.h
[6.764s] -- Symlinking: /home/valdeus1151/Y3T1/FRA333_LAB_HW/LAB3/install/sandevistan_interface/include/sandevistan_interface/msg/imu_message.h
[6.788s] -- Symlinking: /home/valdeus1151/Y3T1/FRA333_LAB_HW/LAB3/install/sandevistan_interface/include/sandevistan_interface/msg/rosidl_generator_c__visibility_control.h
[6.804s] -- Symlinking: /home/valdeus1151/Y3T1/FRA333_LAB_HW/LAB3/install/sandevistan_interface/share/sandevistan_interface/environment/library_path.sh
[6.822s] -- Symlinking: /home/valdeus1151/Y3T1/FRA333_LAB_HW/LAB3/install/sandevistan_interface/share/sandevistan_interface/environment/library_path.dsv
[6.840s] -- Symlinking: /home/valdeus1151/Y3T1/FRA333_LAB_HW/LAB3/install/sandevistan_interface/include/sandevistan_interface/msg/detail/imu_message__rosidl_typesupport_fastrtps_c.h
[6.857s] -- Symlinking: /home/valdeus1151/Y3T1/FRA333_LAB_HW/LAB3/install/sandevistan_interface/include/sandevistan_interface/msg/rosidl_typesupport_fastrtps_c__visibility_control.h
[6.875s] -- Symlinking: /home/valdeus1151/Y3T1/FRA333_LAB_HW/LAB3/install/sandevistan_interface/lib/libsandevistan_interface__rosidl_typesupport_fastrtps_c.so
[6.893s] -- Symlinking: /home/valdeus1151/Y3T1/FRA333_LAB_HW/LAB3/install/sandevistan_interface/include/sandevistan_interface/msg/detail/imu_message__rosidl_typesupport_fastrtps_cpp.hpp
[6.922s] -- Symlinking: /home/valdeus1151/Y3T1/FRA333_LAB_HW/LAB3/install/sandevistan_interface/include/sandevistan_interface/msg/rosidl_typesupport_fastrtps_cpp__visibility_control.h
[6.967s] -- Symlinking: /home/valdeus1151/Y3T1/FRA333_LAB_HW/LAB3/install/sandevistan_interface/lib/libsandevistan_interface__rosidl_typesupport_fastrtps_cpp.so
[6.987s] -- Symlinking: /home/valdeus1151/Y3T1/FRA333_LAB_HW/LAB3/install/sandevistan_interface/include/sandevistan_interface/msg/detail/imu_message__rosidl_typesupport_introspection_c.h
[7.004s] -- Symlinking: /home/valdeus1151/Y3T1/FRA333_LAB_HW/LAB3/install/sandevistan_interface/include/sandevistan_interface/msg/rosidl_typesupport_introspection_c__visibility_control.h
[7.023s] -- Symlinking: /home/valdeus1151/Y3T1/FRA333_LAB_HW/LAB3/install/sandevistan_interface/include/sandevistan_interface/msg/detail/imu_message__builder.hpp
[7.043s] -- Symlinking: /home/valdeus1151/Y3T1/FRA333_LAB_HW/LAB3/install/sandevistan_interface/include/sandevistan_interface/msg/detail/imu_message__struct.hpp
[7.061s] -- Symlinking: /home/valdeus1151/Y3T1/FRA333_LAB_HW/LAB3/install/sandevistan_interface/include/sandevistan_interface/msg/detail/imu_message__traits.hpp
[7.079s] -- Symlinking: /home/valdeus1151/Y3T1/FRA333_LAB_HW/LAB3/install/sandevistan_interface/include/sandevistan_interface/msg/imu_message.hpp
[7.097s] -- Symlinking: /home/valdeus1151/Y3T1/FRA333_LAB_HW/LAB3/install/sandevistan_interface/include/sandevistan_interface/msg/detail/imu_message__rosidl_typesupport_introspection_cpp.hpp
[7.115s] -- Symlinking: /home/valdeus1151/Y3T1/FRA333_LAB_HW/LAB3/install/sandevistan_interface/share/sandevistan_interface/environment/pythonpath.sh
[7.133s] -- Symlinking: /home/valdeus1151/Y3T1/FRA333_LAB_HW/LAB3/install/sandevistan_interface/share/sandevistan_interface/environment/pythonpath.dsv
[7.151s] -- Symlinking: /home/valdeus1151/Y3T1/FRA333_LAB_HW/LAB3/install/sandevistan_interface/lib/python3.8/site-packages/sandevistan_interface/__init__.py
[7.169s] -- Symlinking: /home/valdeus1151/Y3T1/FRA333_LAB_HW/LAB3/install/sandevistan_interface/lib/python3.8/site-packages/sandevistan_interface/msg/__init__.py
[7.185s] -- Symlinking: /home/valdeus1151/Y3T1/FRA333_LAB_HW/LAB3/install/sandevistan_interface/lib/python3.8/site-packages/sandevistan_interface/msg/_imu_message.py
[7.236s] -- Symlinking: /home/valdeus1151/Y3T1/FRA333_LAB_HW/LAB3/install/sandevistan_interface/lib/python3.8/site-packages/sandevistan_interface/sandevistan_interface_s__rosidl_typesupport_fastrtps_c.cpython-38-x86_64-linux-gnu.so
[7.254s] -- Symlinking: /home/valdeus1151/Y3T1/FRA333_LAB_HW/LAB3/install/sandevistan_interface/lib/python3.8/site-packages/sandevistan_interface/sandevistan_interface_s__rosidl_typesupport_introspection_c.cpython-38-x86_64-linux-gnu.so
[7.273s] -- Symlinking: /home/valdeus1151/Y3T1/FRA333_LAB_HW/LAB3/install/sandevistan_interface/lib/python3.8/site-packages/sandevistan_interface/sandevistan_interface_s__rosidl_typesupport_c.cpython-38-x86_64-linux-gnu.so
[7.290s] -- Symlinking: /home/valdeus1151/Y3T1/FRA333_LAB_HW/LAB3/install/sandevistan_interface/lib/libsandevistan_interface__python.so
[7.309s] -- Symlinking: /home/valdeus1151/Y3T1/FRA333_LAB_HW/LAB3/install/sandevistan_interface/share/sandevistan_interface/msg/IMUMessage.idl
[7.346s] -- Symlinking: /home/valdeus1151/Y3T1/FRA333_LAB_HW/LAB3/install/sandevistan_interface/share/sandevistan_interface/msg/IMUMessage.msg
[7.364s] -- Symlinking: /home/valdeus1151/Y3T1/FRA333_LAB_HW/LAB3/install/sandevistan_interface/share/ament_index/resource_index/package_run_dependencies/sandevistan_interface
[7.391s] -- Symlinking: /home/valdeus1151/Y3T1/FRA333_LAB_HW/LAB3/install/sandevistan_interface/share/ament_index/resource_index/parent_prefix_path/sandevistan_interface
[7.423s] -- Symlinking: /home/valdeus1151/Y3T1/FRA333_LAB_HW/LAB3/install/sandevistan_interface/share/sandevistan_interface/environment/ament_prefix_path.sh
[7.451s] -- Symlinking: /home/valdeus1151/Y3T1/FRA333_LAB_HW/LAB3/install/sandevistan_interface/share/sandevistan_interface/environment/ament_prefix_path.dsv
[7.473s] -- Symlinking: /home/valdeus1151/Y3T1/FRA333_LAB_HW/LAB3/install/sandevistan_interface/share/sandevistan_interface/environment/path.sh
[7.491s] -- Symlinking: /home/valdeus1151/Y3T1/FRA333_LAB_HW/LAB3/install/sandevistan_interface/share/sandevistan_interface/environment/path.dsv
[7.512s] -- Symlinking: /home/valdeus1151/Y3T1/FRA333_LAB_HW/LAB3/install/sandevistan_interface/share/sandevistan_interface/local_setup.bash
[7.529s] -- Symlinking: /home/valdeus1151/Y3T1/FRA333_LAB_HW/LAB3/install/sandevistan_interface/share/sandevistan_interface/local_setup.sh
[7.546s] -- Symlinking: /home/valdeus1151/Y3T1/FRA333_LAB_HW/LAB3/install/sandevistan_interface/share/sandevistan_interface/local_setup.zsh
[7.563s] -- Symlinking: /home/valdeus1151/Y3T1/FRA333_LAB_HW/LAB3/install/sandevistan_interface/share/sandevistan_interface/local_setup.dsv
[7.581s] -- Symlinking: /home/valdeus1151/Y3T1/FRA333_LAB_HW/LAB3/install/sandevistan_interface/share/sandevistan_interface/package.dsv
[7.599s] -- Symlinking: /home/valdeus1151/Y3T1/FRA333_LAB_HW/LAB3/install/sandevistan_interface/share/ament_index/resource_index/packages/sandevistan_interface
[7.618s] -- Symlinking: /home/valdeus1151/Y3T1/FRA333_LAB_HW/LAB3/install/sandevistan_interface/share/sandevistan_interface/cmake/rosidl_cmake-extras.cmake
[7.658s] -- Symlinking: /home/valdeus1151/Y3T1/FRA333_LAB_HW/LAB3/install/sandevistan_interface/share/sandevistan_interface/cmake/ament_cmake_export_dependencies-extras.cmake
[7.675s] -- Symlinking: /home/valdeus1151/Y3T1/FRA333_LAB_HW/LAB3/install/sandevistan_interface/share/sandevistan_interface/cmake/ament_cmake_export_libraries-extras.cmake
[7.694s] -- Symlinking: /home/valdeus1151/Y3T1/FRA333_LAB_HW/LAB3/install/sandevistan_interface/share/sandevistan_interface/cmake/ament_cmake_export_targets-extras.cmake
[7.721s] -- Symlinking: /home/valdeus1151/Y3T1/FRA333_LAB_HW/LAB3/install/sandevistan_interface/share/sandevistan_interface/cmake/ament_cmake_export_include_directories-extras.cmake
[7.740s] -- Symlinking: /home/valdeus1151/Y3T1/FRA333_LAB_HW/LAB3/install/sandevistan_interface/share/sandevistan_interface/cmake/rosidl_cmake_export_typesupport_libraries-extras.cmake
[7.759s] -- Symlinking: /home/valdeus1151/Y3T1/FRA333_LAB_HW/LAB3/install/sandevistan_interface/share/sandevistan_interface/cmake/rosidl_cmake_export_typesupport_targets-extras.cmake
[7.778s] -- Symlinking: /home/valdeus1151/Y3T1/FRA333_LAB_HW/LAB3/install/sandevistan_interface/share/sandevistan_interface/cmake/sandevistan_interfaceConfig.cmake
[7.801s] -- Symlinking: /home/valdeus1151/Y3T1/FRA333_LAB_HW/LAB3/install/sandevistan_interface/share/sandevistan_interface/cmake/sandevistan_interfaceConfig-version.cmake
[7.820s] -- Symlinking: /home/valdeus1151/Y3T1/FRA333_LAB_HW/LAB3/install/sandevistan_interface/share/sandevistan_interface/package.xml
[7.838s] -- Installing: /home/valdeus1151/Y3T1/FRA333_LAB_HW/LAB3/install/sandevistan_interface/lib/libsandevistan_interface__rosidl_generator_c.so
[7.839s] -- Set runtime path of "/home/valdeus1151/Y3T1/FRA333_LAB_HW/LAB3/install/sandevistan_interface/lib/libsandevistan_interface__rosidl_generator_c.so" to ""
[7.840s] -- Installing: /home/valdeus1151/Y3T1/FRA333_LAB_HW/LAB3/install/sandevistan_interface/lib/libsandevistan_interface__rosidl_typesupport_introspection_c.so
[7.842s] -- Set runtime path of "/home/valdeus1151/Y3T1/FRA333_LAB_HW/LAB3/install/sandevistan_interface/lib/libsandevistan_interface__rosidl_typesupport_introspection_c.so" to ""
[7.843s] -- Installing: /home/valdeus1151/Y3T1/FRA333_LAB_HW/LAB3/install/sandevistan_interface/lib/libsandevistan_interface__rosidl_typesupport_c.so
[7.844s] -- Set runtime path of "/home/valdeus1151/Y3T1/FRA333_LAB_HW/LAB3/install/sandevistan_interface/lib/libsandevistan_interface__rosidl_typesupport_c.so" to ""
[7.845s] -- Installing: /home/valdeus1151/Y3T1/FRA333_LAB_HW/LAB3/install/sandevistan_interface/lib/libsandevistan_interface__rosidl_typesupport_introspection_cpp.so
[7.847s] -- Set runtime path of "/home/valdeus1151/Y3T1/FRA333_LAB_HW/LAB3/install/sandevistan_interface/lib/libsandevistan_interface__rosidl_typesupport_introspection_cpp.so" to ""
[7.848s] -- Installing: /home/valdeus1151/Y3T1/FRA333_LAB_HW/LAB3/install/sandevistan_interface/lib/libsandevistan_interface__rosidl_typesupport_cpp.so
[7.849s] -- Set runtime path of "/home/valdeus1151/Y3T1/FRA333_LAB_HW/LAB3/install/sandevistan_interface/lib/libsandevistan_interface__rosidl_typesupport_cpp.so" to ""
[7.925s] Compiling '/home/valdeus1151/Y3T1/FRA333_LAB_HW/LAB3/install/sandevistan_interface/lib/python3.8/site-packages/sandevistan_interface/__init__.py'...
[7.935s] -- Installing: /home/valdeus1151/Y3T1/FRA333_LAB_HW/LAB3/install/sandevistan_interface/share/sandevistan_interface/cmake/sandevistan_interface__rosidl_generator_cExport.cmake
[7.936s] -- Installing: /home/valdeus1151/Y3T1/FRA333_LAB_HW/LAB3/install/sandevistan_interface/share/sandevistan_interface/cmake/sandevistan_interface__rosidl_generator_cExport-noconfig.cmake
[7.937s] -- Installing: /home/valdeus1151/Y3T1/FRA333_LAB_HW/LAB3/install/sandevistan_interface/share/sandevistan_interface/cmake/sandevistan_interface__rosidl_typesupport_introspection_cExport.cmake
[7.938s] -- Installing: /home/valdeus1151/Y3T1/FRA333_LAB_HW/LAB3/install/sandevistan_interface/share/sandevistan_interface/cmake/sandevistan_interface__rosidl_typesupport_introspection_cExport-noconfig.cmake
[7.939s] -- Installing: /home/valdeus1151/Y3T1/FRA333_LAB_HW/LAB3/install/sandevistan_interface/share/sandevistan_interface/cmake/sandevistan_interface__rosidl_typesupport_cExport.cmake
[7.941s] -- Installing: /home/valdeus1151/Y3T1/FRA333_LAB_HW/LAB3/install/sandevistan_interface/share/sandevistan_interface/cmake/sandevistan_interface__rosidl_typesupport_cExport-noconfig.cmake
[7.942s] -- Installing: /home/valdeus1151/Y3T1/FRA333_LAB_HW/LAB3/install/sandevistan_interface/share/sandevistan_interface/cmake/sandevistan_interface__rosidl_generator_cppExport.cmake
[7.943s] -- Installing: /home/valdeus1151/Y3T1/FRA333_LAB_HW/LAB3/install/sandevistan_interface/share/sandevistan_interface/cmake/sandevistan_interface__rosidl_typesupport_introspection_cppExport.cmake
[7.944s] -- Installing: /home/valdeus1151/Y3T1/FRA333_LAB_HW/LAB3/install/sandevistan_interface/share/sandevistan_interface/cmake/sandevistan_interface__rosidl_typesupport_introspection_cppExport-noconfig.cmake
[7.946s] -- Installing: /home/valdeus1151/Y3T1/FRA333_LAB_HW/LAB3/install/sandevistan_interface/share/sandevistan_interface/cmake/sandevistan_interface__rosidl_typesupport_cppExport.cmake
[7.947s] -- Installing: /home/valdeus1151/Y3T1/FRA333_LAB_HW/LAB3/install/sandevistan_interface/share/sandevistan_interface/cmake/sandevistan_interface__rosidl_typesupport_cppExport-noconfig.cmake
[7.967s] Invoked command in '/home/valdeus1151/Y3T1/FRA333_LAB_HW/LAB3/build/sandevistan_interface' returned '0': CMAKE_PREFIX_PATH=/opt/ros/foxy /usr/bin/cmake --install /home/valdeus1151/Y3T1/FRA333_LAB_HW/LAB3/build/sandevistan_interface
