-- The C compiler identification is GNU 9.4.0
-- The CXX compiler identification is GNU 9.4.0
-- Check for working C compiler: /usr/bin/cc
-- Check for working C compiler: /usr/bin/cc -- works
-- Detecting C compiler ABI info
-- Detecting C compiler ABI info - done
-- Detecting C compile features
-- Detecting C compile features - done
-- Check for working CXX compiler: /usr/bin/c++
-- Check for working CXX compiler: /usr/bin/c++ -- works
-- Detecting CXX compiler ABI info
-- Detecting CXX compiler ABI info - done
-- Detecting CXX compile features
-- Detecting CXX compile features - done
-- Found ament_cmake: 0.9.11 (/opt/ros/foxy/share/ament_cmake/cmake)
-- Found PythonInterp: /usr/bin/python3 (found suitable version "3.8.10", minimum required is "3") 
-- Using PYTHON_EXECUTABLE: /usr/bin/python3
-- Override CMake install command with custom implementation using symlinks instead of copying resources
-- Found rclcpp: 2.4.2 (/opt/ros/foxy/share/rclcpp/cmake)
-- Using all available rosidl_typesupport_c: rosidl_typesupport_fastrtps_c;rosidl_typesupport_introspection_c
-- Found rosidl_adapter: 1.3.0 (/opt/ros/foxy/share/rosidl_adapter/cmake)
-- Found OpenSSL: /usr/lib/x86_64-linux-gnu/libcrypto.so (found version "1.1.1f")  
-- Found FastRTPS: /opt/ros/foxy/include  
-- Using all available rosidl_typesupport_cpp: rosidl_typesupport_fastrtps_cpp;rosidl_typesupport_introspection_cpp
-- Found rmw_implementation_cmake: 1.0.3 (/opt/ros/foxy/share/rmw_implementation_cmake/cmake)
-- Using RMW implementation 'rmw_fastrtps_cpp' as default
-- Looking for pthread.h
-- Looking for pthread.h - found
-- Performing Test CMAKE_HAVE_LIBC_PTHREAD
-- Performing Test CMAKE_HAVE_LIBC_PTHREAD - Failed
-- Looking for pthread_create in pthreads
-- Looking for pthread_create in pthreads - not found
-- Looking for pthread_create in pthread
-- Looking for pthread_create in pthread - found
-- Found Threads: TRUE  
-- Found rclpy: 1.0.11 (/opt/ros/foxy/share/rclpy/cmake)
-- Configuring done
-- Generating done
-- Build files have been written to: /home/omzlette/gitROS/FRA333_LAB_HW/Xicro_GH/build/xicro_pkg
-- Install configuration: ""
-- Execute custom install script
-- Symlinking: /home/omzlette/gitROS/FRA333_LAB_HW/Xicro_GH/install/xicro_pkg/share/xicro_pkg/environment/pythonpath.sh
-- Symlinking: /home/omzlette/gitROS/FRA333_LAB_HW/Xicro_GH/install/xicro_pkg/share/xicro_pkg/environment/pythonpath.dsv
-- Symlinking: /home/omzlette/gitROS/FRA333_LAB_HW/Xicro_GH/install/xicro_pkg/lib/python3.8/site-packages/xicro_pkg/__init__.py
-- Symlinking: /home/omzlette/gitROS/FRA333_LAB_HW/Xicro_GH/install/xicro_pkg/lib/xicro_pkg/gui_xicro.py
-- Symlinking: /home/omzlette/gitROS/FRA333_LAB_HW/Xicro_GH/install/xicro_pkg/lib/xicro_pkg/generate_library.py
-- Symlinking: /home/omzlette/gitROS/FRA333_LAB_HW/Xicro_GH/install/xicro_pkg/lib/xicro_pkg/generate_xicro_node.py
-- Symlinking: /home/omzlette/gitROS/FRA333_LAB_HW/Xicro_GH/install/xicro_pkg/lib/xicro_pkg/fake_Imu_node.py
-- Symlinking: /home/omzlette/gitROS/FRA333_LAB_HW/Xicro_GH/install/xicro_pkg/lib/xicro_pkg/xicro_node_read_imu_ID_3_arduino.py
-- Symlinking: /home/omzlette/gitROS/FRA333_LAB_HW/Xicro_GH/install/xicro_pkg/share/xicro_pkg/config/.Xicro_node_preSetup.txt
-- Symlinking: /home/omzlette/gitROS/FRA333_LAB_HW/Xicro_GH/install/xicro_pkg/share/xicro_pkg/config/.arduino_cpp_preSetup.txt
-- Symlinking: /home/omzlette/gitROS/FRA333_LAB_HW/Xicro_GH/install/xicro_pkg/share/xicro_pkg/config/.arduino_h_preSetup.txt
-- Symlinking: /home/omzlette/gitROS/FRA333_LAB_HW/Xicro_GH/install/xicro_pkg/share/xicro_pkg/config/.stm32_cpp_preSetup.txt
-- Symlinking: /home/omzlette/gitROS/FRA333_LAB_HW/Xicro_GH/install/xicro_pkg/share/xicro_pkg/config/.stm32_h_preSetup.txt
-- Symlinking: /home/omzlette/gitROS/FRA333_LAB_HW/Xicro_GH/install/xicro_pkg/share/xicro_pkg/config/setup_xicro.yaml
-- Symlinking: /home/omzlette/gitROS/FRA333_LAB_HW/Xicro_GH/install/xicro_pkg/share/ament_index/resource_index/package_run_dependencies/xicro_pkg
-- Symlinking: /home/omzlette/gitROS/FRA333_LAB_HW/Xicro_GH/install/xicro_pkg/share/ament_index/resource_index/parent_prefix_path/xicro_pkg
-- Symlinking: /home/omzlette/gitROS/FRA333_LAB_HW/Xicro_GH/install/xicro_pkg/share/xicro_pkg/environment/ament_prefix_path.sh
-- Symlinking: /home/omzlette/gitROS/FRA333_LAB_HW/Xicro_GH/install/xicro_pkg/share/xicro_pkg/environment/ament_prefix_path.dsv
-- Symlinking: /home/omzlette/gitROS/FRA333_LAB_HW/Xicro_GH/install/xicro_pkg/share/xicro_pkg/environment/path.sh
-- Symlinking: /home/omzlette/gitROS/FRA333_LAB_HW/Xicro_GH/install/xicro_pkg/share/xicro_pkg/environment/path.dsv
-- Symlinking: /home/omzlette/gitROS/FRA333_LAB_HW/Xicro_GH/install/xicro_pkg/share/xicro_pkg/local_setup.bash
-- Symlinking: /home/omzlette/gitROS/FRA333_LAB_HW/Xicro_GH/install/xicro_pkg/share/xicro_pkg/local_setup.sh
-- Symlinking: /home/omzlette/gitROS/FRA333_LAB_HW/Xicro_GH/install/xicro_pkg/share/xicro_pkg/local_setup.zsh
-- Symlinking: /home/omzlette/gitROS/FRA333_LAB_HW/Xicro_GH/install/xicro_pkg/share/xicro_pkg/local_setup.dsv
-- Symlinking: /home/omzlette/gitROS/FRA333_LAB_HW/Xicro_GH/install/xicro_pkg/share/xicro_pkg/package.dsv
-- Symlinking: /home/omzlette/gitROS/FRA333_LAB_HW/Xicro_GH/install/xicro_pkg/share/ament_index/resource_index/packages/xicro_pkg
-- Symlinking: /home/omzlette/gitROS/FRA333_LAB_HW/Xicro_GH/install/xicro_pkg/share/xicro_pkg/cmake/xicro_pkgConfig.cmake
-- Symlinking: /home/omzlette/gitROS/FRA333_LAB_HW/Xicro_GH/install/xicro_pkg/share/xicro_pkg/cmake/xicro_pkgConfig-version.cmake
-- Symlinking: /home/omzlette/gitROS/FRA333_LAB_HW/Xicro_GH/install/xicro_pkg/share/xicro_pkg/package.xml
Listing '/home/omzlette/gitROS/FRA333_LAB_HW/Xicro_GH/install/xicro_pkg/lib/python3.8/site-packages/xicro_pkg'...
Compiling '/home/omzlette/gitROS/FRA333_LAB_HW/Xicro_GH/install/xicro_pkg/lib/python3.8/site-packages/xicro_pkg/__init__.py'...
