[0.020s] Invoking command in '/home/omzlette/gitROS/FRA333_LAB_HW/Xicro_GH/build/xicro_pkg': CMAKE_PREFIX_PATH=${CMAKE_PREFIX_PATH}:/opt/ros/foxy /usr/bin/cmake /home/omzlette/gitROS/FRA333_LAB_HW/Xicro_GH/src/Xicro/xicro_pkg -DAMENT_CMAKE_SYMLINK_INSTALL=1 -DCMAKE_INSTALL_PREFIX=/home/omzlette/gitROS/FRA333_LAB_HW/Xicro_GH/install/xicro_pkg
[0.156s] -- The C compiler identification is GNU 9.4.0
[0.274s] -- The CXX compiler identification is GNU 9.4.0
[0.316s] -- Check for working C compiler: /usr/bin/cc
[0.389s] -- Check for working C compiler: /usr/bin/cc -- works
[0.391s] -- Detecting C compiler ABI info
[0.463s] -- Detecting C compiler ABI info - done
[0.473s] -- Detecting C compile features
[0.473s] -- Detecting C compile features - done
[0.476s] -- Check for working CXX compiler: /usr/bin/c++
[0.559s] -- Check for working CXX compiler: /usr/bin/c++ -- works
[0.560s] -- Detecting CXX compiler ABI info
[0.644s] -- Detecting CXX compiler ABI info - done
[0.654s] -- Detecting CXX compile features
[0.655s] -- Detecting CXX compile features - done
[0.659s] -- Found ament_cmake: 0.9.11 (/opt/ros/foxy/share/ament_cmake/cmake)
[0.683s] -- Found PythonInterp: /usr/bin/python3 (found suitable version "3.8.10", minimum required is "3") 
[0.683s] -- Using PYTHON_EXECUTABLE: /usr/bin/python3
[0.840s] -- Override CMake install command with custom implementation using symlinks instead of copying resources
[0.873s] -- Found rclcpp: 2.4.2 (/opt/ros/foxy/share/rclcpp/cmake)
[0.973s] -- Using all available rosidl_typesupport_c: rosidl_typesupport_fastrtps_c;rosidl_typesupport_introspection_c
[0.978s] -- Found rosidl_adapter: 1.3.0 (/opt/ros/foxy/share/rosidl_adapter/cmake)
[1.328s] -- Found OpenSSL: /usr/lib/x86_64-linux-gnu/libcrypto.so (found version "1.1.1f")  
[1.671s] -- Found FastRTPS: /opt/ros/foxy/include  
[2.281s] -- Using all available rosidl_typesupport_cpp: rosidl_typesupport_fastrtps_cpp;rosidl_typesupport_introspection_cpp
[2.350s] -- Found rmw_implementation_cmake: 1.0.3 (/opt/ros/foxy/share/rmw_implementation_cmake/cmake)
[2.353s] -- Using RMW implementation 'rmw_fastrtps_cpp' as default
[2.355s] -- Looking for pthread.h
[2.457s] -- Looking for pthread.h - found
[2.457s] -- Performing Test CMAKE_HAVE_LIBC_PTHREAD
[2.558s] -- Performing Test CMAKE_HAVE_LIBC_PTHREAD - Failed
[2.558s] -- Looking for pthread_create in pthreads
[2.638s] -- Looking for pthread_create in pthreads - not found
[2.639s] -- Looking for pthread_create in pthread
[2.727s] -- Looking for pthread_create in pthread - found
[2.728s] -- Found Threads: TRUE  
[2.944s] -- Found rclpy: 1.0.11 (/opt/ros/foxy/share/rclpy/cmake)
[3.028s] -- Configuring done
[3.030s] -- Generating done
[3.031s] -- Build files have been written to: /home/omzlette/gitROS/FRA333_LAB_HW/Xicro_GH/build/xicro_pkg
[3.037s] Invoked command in '/home/omzlette/gitROS/FRA333_LAB_HW/Xicro_GH/build/xicro_pkg' returned '0': CMAKE_PREFIX_PATH=${CMAKE_PREFIX_PATH}:/opt/ros/foxy /usr/bin/cmake /home/omzlette/gitROS/FRA333_LAB_HW/Xicro_GH/src/Xicro/xicro_pkg -DAMENT_CMAKE_SYMLINK_INSTALL=1 -DCMAKE_INSTALL_PREFIX=/home/omzlette/gitROS/FRA333_LAB_HW/Xicro_GH/install/xicro_pkg
[3.040s] Invoking command in '/home/omzlette/gitROS/FRA333_LAB_HW/Xicro_GH/build/xicro_pkg': CMAKE_PREFIX_PATH=${CMAKE_PREFIX_PATH}:/opt/ros/foxy /usr/bin/cmake --build /home/omzlette/gitROS/FRA333_LAB_HW/Xicro_GH/build/xicro_pkg -- -j12 -l12
[3.071s] Invoked command in '/home/omzlette/gitROS/FRA333_LAB_HW/Xicro_GH/build/xicro_pkg' returned '0': CMAKE_PREFIX_PATH=${CMAKE_PREFIX_PATH}:/opt/ros/foxy /usr/bin/cmake --build /home/omzlette/gitROS/FRA333_LAB_HW/Xicro_GH/build/xicro_pkg -- -j12 -l12
[3.100s] Invoking command in '/home/omzlette/gitROS/FRA333_LAB_HW/Xicro_GH/build/xicro_pkg': CMAKE_PREFIX_PATH=${CMAKE_PREFIX_PATH}:/opt/ros/foxy /usr/bin/cmake --install /home/omzlette/gitROS/FRA333_LAB_HW/Xicro_GH/build/xicro_pkg
[3.108s] -- Install configuration: ""
[3.109s] -- Execute custom install script
[3.109s] -- Symlinking: /home/omzlette/gitROS/FRA333_LAB_HW/Xicro_GH/install/xicro_pkg/share/xicro_pkg/environment/pythonpath.sh
[3.117s] -- Symlinking: /home/omzlette/gitROS/FRA333_LAB_HW/Xicro_GH/install/xicro_pkg/share/xicro_pkg/environment/pythonpath.dsv
[3.124s] -- Symlinking: /home/omzlette/gitROS/FRA333_LAB_HW/Xicro_GH/install/xicro_pkg/lib/python3.8/site-packages/xicro_pkg/__init__.py
[3.132s] -- Symlinking: /home/omzlette/gitROS/FRA333_LAB_HW/Xicro_GH/install/xicro_pkg/lib/xicro_pkg/gui_xicro.py
[3.138s] -- Symlinking: /home/omzlette/gitROS/FRA333_LAB_HW/Xicro_GH/install/xicro_pkg/lib/xicro_pkg/generate_library.py
[3.145s] -- Symlinking: /home/omzlette/gitROS/FRA333_LAB_HW/Xicro_GH/install/xicro_pkg/lib/xicro_pkg/generate_xicro_node.py
[3.152s] -- Symlinking: /home/omzlette/gitROS/FRA333_LAB_HW/Xicro_GH/install/xicro_pkg/lib/xicro_pkg/fake_Imu_node.py
[3.159s] -- Symlinking: /home/omzlette/gitROS/FRA333_LAB_HW/Xicro_GH/install/xicro_pkg/lib/xicro_pkg/xicro_node_read_imu_ID_3_arduino.py
[3.166s] -- Symlinking: /home/omzlette/gitROS/FRA333_LAB_HW/Xicro_GH/install/xicro_pkg/share/xicro_pkg/config/.Xicro_node_preSetup.txt
[3.173s] -- Symlinking: /home/omzlette/gitROS/FRA333_LAB_HW/Xicro_GH/install/xicro_pkg/share/xicro_pkg/config/.arduino_cpp_preSetup.txt
[3.179s] -- Symlinking: /home/omzlette/gitROS/FRA333_LAB_HW/Xicro_GH/install/xicro_pkg/share/xicro_pkg/config/.arduino_h_preSetup.txt
[3.186s] -- Symlinking: /home/omzlette/gitROS/FRA333_LAB_HW/Xicro_GH/install/xicro_pkg/share/xicro_pkg/config/.stm32_cpp_preSetup.txt
[3.193s] -- Symlinking: /home/omzlette/gitROS/FRA333_LAB_HW/Xicro_GH/install/xicro_pkg/share/xicro_pkg/config/.stm32_h_preSetup.txt
[3.201s] -- Symlinking: /home/omzlette/gitROS/FRA333_LAB_HW/Xicro_GH/install/xicro_pkg/share/xicro_pkg/config/setup_xicro.yaml
[3.208s] -- Symlinking: /home/omzlette/gitROS/FRA333_LAB_HW/Xicro_GH/install/xicro_pkg/share/ament_index/resource_index/package_run_dependencies/xicro_pkg
[3.216s] -- Symlinking: /home/omzlette/gitROS/FRA333_LAB_HW/Xicro_GH/install/xicro_pkg/share/ament_index/resource_index/parent_prefix_path/xicro_pkg
[3.223s] -- Symlinking: /home/omzlette/gitROS/FRA333_LAB_HW/Xicro_GH/install/xicro_pkg/share/xicro_pkg/environment/ament_prefix_path.sh
[3.229s] -- Symlinking: /home/omzlette/gitROS/FRA333_LAB_HW/Xicro_GH/install/xicro_pkg/share/xicro_pkg/environment/ament_prefix_path.dsv
[3.236s] -- Symlinking: /home/omzlette/gitROS/FRA333_LAB_HW/Xicro_GH/install/xicro_pkg/share/xicro_pkg/environment/path.sh
[3.242s] -- Symlinking: /home/omzlette/gitROS/FRA333_LAB_HW/Xicro_GH/install/xicro_pkg/share/xicro_pkg/environment/path.dsv
[3.250s] -- Symlinking: /home/omzlette/gitROS/FRA333_LAB_HW/Xicro_GH/install/xicro_pkg/share/xicro_pkg/local_setup.bash
[3.256s] -- Symlinking: /home/omzlette/gitROS/FRA333_LAB_HW/Xicro_GH/install/xicro_pkg/share/xicro_pkg/local_setup.sh
[3.264s] -- Symlinking: /home/omzlette/gitROS/FRA333_LAB_HW/Xicro_GH/install/xicro_pkg/share/xicro_pkg/local_setup.zsh
[3.270s] -- Symlinking: /home/omzlette/gitROS/FRA333_LAB_HW/Xicro_GH/install/xicro_pkg/share/xicro_pkg/local_setup.dsv
[3.278s] -- Symlinking: /home/omzlette/gitROS/FRA333_LAB_HW/Xicro_GH/install/xicro_pkg/share/xicro_pkg/package.dsv
[3.284s] -- Symlinking: /home/omzlette/gitROS/FRA333_LAB_HW/Xicro_GH/install/xicro_pkg/share/ament_index/resource_index/packages/xicro_pkg
[3.290s] -- Symlinking: /home/omzlette/gitROS/FRA333_LAB_HW/Xicro_GH/install/xicro_pkg/share/xicro_pkg/cmake/xicro_pkgConfig.cmake
[3.297s] -- Symlinking: /home/omzlette/gitROS/FRA333_LAB_HW/Xicro_GH/install/xicro_pkg/share/xicro_pkg/cmake/xicro_pkgConfig-version.cmake
[3.305s] -- Symlinking: /home/omzlette/gitROS/FRA333_LAB_HW/Xicro_GH/install/xicro_pkg/share/xicro_pkg/package.xml
[3.339s] Listing '/home/omzlette/gitROS/FRA333_LAB_HW/Xicro_GH/install/xicro_pkg/lib/python3.8/site-packages/xicro_pkg'...
[3.339s] Compiling '/home/omzlette/gitROS/FRA333_LAB_HW/Xicro_GH/install/xicro_pkg/lib/python3.8/site-packages/xicro_pkg/__init__.py'...
[3.345s] Invoked command in '/home/omzlette/gitROS/FRA333_LAB_HW/Xicro_GH/build/xicro_pkg' returned '0': CMAKE_PREFIX_PATH=${CMAKE_PREFIX_PATH}:/opt/ros/foxy /usr/bin/cmake --install /home/omzlette/gitROS/FRA333_LAB_HW/Xicro_GH/build/xicro_pkg
