[0.117s] DEBUG:colcon:Command line arguments: ['/usr/bin/colcon', 'build', '--symlink-install']
[0.117s] DEBUG:colcon:Parsed command line arguments: Namespace(allow_overriding=[], ament_cmake_args=None, base_paths=['.'], build_base='build', catkin_cmake_args=None, catkin_skip_building_tests=False, cmake_args=None, cmake_clean_cache=False, cmake_clean_first=False, cmake_force_configure=False, cmake_target=None, cmake_target_skip_unavailable=False, continue_on_error=False, event_handlers=None, executor='parallel', ignore_user_meta=False, install_base='install', log_base=None, log_level=None, main=<bound method BuildVerb.main of <colcon_core.verb.build.BuildVerb object at 0x7fbe1502bdc0>>, merge_install=False, metas=['./colcon.meta'], packages_above=None, packages_above_and_dependencies=None, packages_above_depth=None, packages_end=None, packages_ignore=None, packages_ignore_regex=None, packages_select=None, packages_select_build_failed=False, packages_select_by_dep=None, packages_select_regex=None, packages_select_test_failures=False, packages_skip=None, packages_skip_build_finished=False, packages_skip_by_dep=None, packages_skip_regex=None, packages_skip_test_passed=False, packages_skip_up_to=None, packages_start=None, packages_up_to=None, packages_up_to_regex=None, parallel_workers=12, paths=None, symlink_install=True, test_result_base=None, verb_extension=<colcon_core.verb.build.BuildVerb object at 0x7fbe1502bdc0>, verb_name='build', verb_parser=<colcon_defaults.argument_parser.defaults.DefaultArgumentsDecorator object at 0x7fbe150352e0>)
[0.137s] Level 1:colcon.colcon_core.package_discovery:discover_packages(colcon_meta) check parameters
[0.137s] Level 1:colcon.colcon_core.package_discovery:discover_packages(recursive) check parameters
[0.137s] Level 1:colcon.colcon_core.package_discovery:discover_packages(ignore) check parameters
[0.137s] Level 1:colcon.colcon_core.package_discovery:discover_packages(path) check parameters
[0.137s] Level 1:colcon.colcon_core.package_discovery:discover_packages(colcon_meta) discover
[0.137s] Level 1:colcon.colcon_core.package_discovery:discover_packages(recursive) discover
[0.137s] INFO:colcon.colcon_core.package_discovery:Crawling recursively for packages in '/home/omzlette/gitRos/LAB1_WS'
[0.137s] Level 1:colcon.colcon_core.package_identification:_identify(.) by extensions ['ignore', 'ignore_ament_install']
[0.137s] Level 1:colcon.colcon_core.package_identification:_identify(.) by extension 'ignore'
[0.137s] Level 1:colcon.colcon_core.package_identification:_identify(.) by extension 'ignore_ament_install'
[0.137s] Level 1:colcon.colcon_core.package_identification:_identify(.) by extensions ['colcon_pkg']
[0.137s] Level 1:colcon.colcon_core.package_identification:_identify(.) by extension 'colcon_pkg'
[0.137s] Level 1:colcon.colcon_core.package_identification:_identify(.) by extensions ['colcon_meta']
[0.137s] Level 1:colcon.colcon_core.package_identification:_identify(.) by extension 'colcon_meta'
[0.137s] Level 1:colcon.colcon_core.package_identification:_identify(.) by extensions ['ros']
[0.137s] Level 1:colcon.colcon_core.package_identification:_identify(.) by extension 'ros'
[0.145s] Level 1:colcon.colcon_core.package_identification:_identify(.) by extensions ['cmake', 'python']
[0.145s] Level 1:colcon.colcon_core.package_identification:_identify(.) by extension 'cmake'
[0.145s] Level 1:colcon.colcon_core.package_identification:_identify(.) by extension 'python'
[0.146s] Level 1:colcon.colcon_core.package_identification:_identify(.) by extensions ['python_setup_py']
[0.146s] Level 1:colcon.colcon_core.package_identification:_identify(.) by extension 'python_setup_py'
[0.146s] Level 1:colcon.colcon_core.package_identification:_identify(build) by extensions ['ignore', 'ignore_ament_install']
[0.146s] Level 1:colcon.colcon_core.package_identification:_identify(build) by extension 'ignore'
[0.146s] Level 1:colcon.colcon_core.package_identification:_identify(build) ignored
[0.146s] Level 1:colcon.colcon_core.package_identification:_identify(install) by extensions ['ignore', 'ignore_ament_install']
[0.146s] Level 1:colcon.colcon_core.package_identification:_identify(install) by extension 'ignore'
[0.146s] Level 1:colcon.colcon_core.package_identification:_identify(install) ignored
[0.146s] Level 1:colcon.colcon_core.package_identification:_identify(log) by extensions ['ignore', 'ignore_ament_install']
[0.146s] Level 1:colcon.colcon_core.package_identification:_identify(log) by extension 'ignore'
[0.146s] Level 1:colcon.colcon_core.package_identification:_identify(log) ignored
[0.146s] Level 1:colcon.colcon_core.package_identification:_identify(src) by extensions ['ignore', 'ignore_ament_install']
[0.146s] Level 1:colcon.colcon_core.package_identification:_identify(src) by extension 'ignore'
[0.146s] Level 1:colcon.colcon_core.package_identification:_identify(src) by extension 'ignore_ament_install'
[0.146s] Level 1:colcon.colcon_core.package_identification:_identify(src) by extensions ['colcon_pkg']
[0.146s] Level 1:colcon.colcon_core.package_identification:_identify(src) by extension 'colcon_pkg'
[0.146s] Level 1:colcon.colcon_core.package_identification:_identify(src) by extensions ['colcon_meta']
[0.147s] Level 1:colcon.colcon_core.package_identification:_identify(src) by extension 'colcon_meta'
[0.147s] Level 1:colcon.colcon_core.package_identification:_identify(src) by extensions ['ros']
[0.147s] Level 1:colcon.colcon_core.package_identification:_identify(src) by extension 'ros'
[0.147s] Level 1:colcon.colcon_core.package_identification:_identify(src) by extensions ['cmake', 'python']
[0.147s] Level 1:colcon.colcon_core.package_identification:_identify(src) by extension 'cmake'
[0.147s] Level 1:colcon.colcon_core.package_identification:_identify(src) by extension 'python'
[0.147s] Level 1:colcon.colcon_core.package_identification:_identify(src) by extensions ['python_setup_py']
[0.147s] Level 1:colcon.colcon_core.package_identification:_identify(src) by extension 'python_setup_py'
[0.147s] Level 1:colcon.colcon_core.package_identification:_identify(src/doc) by extensions ['ignore', 'ignore_ament_install']
[0.147s] Level 1:colcon.colcon_core.package_identification:_identify(src/doc) by extension 'ignore'
[0.147s] Level 1:colcon.colcon_core.package_identification:_identify(src/doc) by extension 'ignore_ament_install'
[0.147s] Level 1:colcon.colcon_core.package_identification:_identify(src/doc) by extensions ['colcon_pkg']
[0.147s] Level 1:colcon.colcon_core.package_identification:_identify(src/doc) by extension 'colcon_pkg'
[0.147s] Level 1:colcon.colcon_core.package_identification:_identify(src/doc) by extensions ['colcon_meta']
[0.147s] Level 1:colcon.colcon_core.package_identification:_identify(src/doc) by extension 'colcon_meta'
[0.147s] Level 1:colcon.colcon_core.package_identification:_identify(src/doc) by extensions ['ros']
[0.147s] Level 1:colcon.colcon_core.package_identification:_identify(src/doc) by extension 'ros'
[0.147s] Level 1:colcon.colcon_core.package_identification:_identify(src/doc) by extensions ['cmake', 'python']
[0.147s] Level 1:colcon.colcon_core.package_identification:_identify(src/doc) by extension 'cmake'
[0.147s] Level 1:colcon.colcon_core.package_identification:_identify(src/doc) by extension 'python'
[0.147s] Level 1:colcon.colcon_core.package_identification:_identify(src/doc) by extensions ['python_setup_py']
[0.147s] Level 1:colcon.colcon_core.package_identification:_identify(src/doc) by extension 'python_setup_py'
[0.147s] Level 1:colcon.colcon_core.package_identification:_identify(src/doc/pic) by extensions ['ignore', 'ignore_ament_install']
[0.148s] Level 1:colcon.colcon_core.package_identification:_identify(src/doc/pic) by extension 'ignore'
[0.148s] Level 1:colcon.colcon_core.package_identification:_identify(src/doc/pic) by extension 'ignore_ament_install'
[0.148s] Level 1:colcon.colcon_core.package_identification:_identify(src/doc/pic) by extensions ['colcon_pkg']
[0.148s] Level 1:colcon.colcon_core.package_identification:_identify(src/doc/pic) by extension 'colcon_pkg'
[0.148s] Level 1:colcon.colcon_core.package_identification:_identify(src/doc/pic) by extensions ['colcon_meta']
[0.148s] Level 1:colcon.colcon_core.package_identification:_identify(src/doc/pic) by extension 'colcon_meta'
[0.148s] Level 1:colcon.colcon_core.package_identification:_identify(src/doc/pic) by extensions ['ros']
[0.148s] Level 1:colcon.colcon_core.package_identification:_identify(src/doc/pic) by extension 'ros'
[0.148s] Level 1:colcon.colcon_core.package_identification:_identify(src/doc/pic) by extensions ['cmake', 'python']
[0.148s] Level 1:colcon.colcon_core.package_identification:_identify(src/doc/pic) by extension 'cmake'
[0.148s] Level 1:colcon.colcon_core.package_identification:_identify(src/doc/pic) by extension 'python'
[0.148s] Level 1:colcon.colcon_core.package_identification:_identify(src/doc/pic) by extensions ['python_setup_py']
[0.148s] Level 1:colcon.colcon_core.package_identification:_identify(src/doc/pic) by extension 'python_setup_py'
[0.148s] Level 1:colcon.colcon_core.package_identification:_identify(src/fra333_lab1_29) by extensions ['ignore', 'ignore_ament_install']
[0.148s] Level 1:colcon.colcon_core.package_identification:_identify(src/fra333_lab1_29) by extension 'ignore'
[0.148s] Level 1:colcon.colcon_core.package_identification:_identify(src/fra333_lab1_29) by extension 'ignore_ament_install'
[0.148s] Level 1:colcon.colcon_core.package_identification:_identify(src/fra333_lab1_29) by extensions ['colcon_pkg']
[0.148s] Level 1:colcon.colcon_core.package_identification:_identify(src/fra333_lab1_29) by extension 'colcon_pkg'
[0.148s] Level 1:colcon.colcon_core.package_identification:_identify(src/fra333_lab1_29) by extensions ['colcon_meta']
[0.148s] Level 1:colcon.colcon_core.package_identification:_identify(src/fra333_lab1_29) by extension 'colcon_meta'
[0.148s] Level 1:colcon.colcon_core.package_identification:_identify(src/fra333_lab1_29) by extensions ['ros']
[0.148s] Level 1:colcon.colcon_core.package_identification:_identify(src/fra333_lab1_29) by extension 'ros'
[0.156s] DEBUG:colcon.colcon_core.package_identification:Package 'src/fra333_lab1_29' with type 'ros.ament_cmake' and name 'fra333_lab1_29'
[0.156s] Level 1:colcon.colcon_core.package_identification:_identify(src/lab1_interfaces) by extensions ['ignore', 'ignore_ament_install']
[0.156s] Level 1:colcon.colcon_core.package_identification:_identify(src/lab1_interfaces) by extension 'ignore'
[0.156s] Level 1:colcon.colcon_core.package_identification:_identify(src/lab1_interfaces) by extension 'ignore_ament_install'
[0.156s] Level 1:colcon.colcon_core.package_identification:_identify(src/lab1_interfaces) by extensions ['colcon_pkg']
[0.156s] Level 1:colcon.colcon_core.package_identification:_identify(src/lab1_interfaces) by extension 'colcon_pkg'
[0.156s] Level 1:colcon.colcon_core.package_identification:_identify(src/lab1_interfaces) by extensions ['colcon_meta']
[0.156s] Level 1:colcon.colcon_core.package_identification:_identify(src/lab1_interfaces) by extension 'colcon_meta'
[0.156s] Level 1:colcon.colcon_core.package_identification:_identify(src/lab1_interfaces) by extensions ['ros']
[0.156s] Level 1:colcon.colcon_core.package_identification:_identify(src/lab1_interfaces) by extension 'ros'
[0.156s] DEBUG:colcon.colcon_core.package_identification:Package 'src/lab1_interfaces' with type 'ros.ament_cmake' and name 'lab1_interfaces'
[0.156s] Level 1:colcon.colcon_core.package_discovery:discover_packages(recursive) using defaults
[0.157s] Level 1:colcon.colcon_core.package_discovery:discover_packages(ignore) discover
[0.157s] Level 1:colcon.colcon_core.package_discovery:discover_packages(ignore) using defaults
[0.157s] Level 1:colcon.colcon_core.package_discovery:discover_packages(path) discover
[0.157s] Level 1:colcon.colcon_core.package_discovery:discover_packages(path) using defaults
[0.173s] Level 1:colcon.colcon_core.package_discovery:discover_packages(prefix_path) check parameters
[0.173s] Level 1:colcon.colcon_core.package_discovery:discover_packages(prefix_path) discover
[0.175s] DEBUG:colcon.colcon_installed_package_information.package_discovery:Found 1 installed packages in /home/omzlette/ROS2Dir/FRA333_WS/install
[0.176s] DEBUG:colcon.colcon_installed_package_information.package_discovery:Found 1 installed packages in /home/omzlette/ROS2Dir/estella_ws/install
[0.177s] DEBUG:colcon.colcon_installed_package_information.package_discovery:Found 263 installed packages in /opt/ros/foxy
[0.178s] Level 1:colcon.colcon_core.package_discovery:discover_packages(prefix_path) using defaults
[0.233s] Level 5:colcon.colcon_core.verb:set package 'fra333_lab1_29' build argument 'cmake_args' from command line to 'None'
[0.233s] Level 5:colcon.colcon_core.verb:set package 'fra333_lab1_29' build argument 'cmake_target' from command line to 'None'
[0.233s] Level 5:colcon.colcon_core.verb:set package 'fra333_lab1_29' build argument 'cmake_target_skip_unavailable' from command line to 'False'
[0.233s] Level 5:colcon.colcon_core.verb:set package 'fra333_lab1_29' build argument 'cmake_clean_cache' from command line to 'False'
[0.233s] Level 5:colcon.colcon_core.verb:set package 'fra333_lab1_29' build argument 'cmake_clean_first' from command line to 'False'
[0.233s] Level 5:colcon.colcon_core.verb:set package 'fra333_lab1_29' build argument 'cmake_force_configure' from command line to 'False'
[0.233s] Level 5:colcon.colcon_core.verb:set package 'fra333_lab1_29' build argument 'ament_cmake_args' from command line to 'None'
[0.233s] Level 5:colcon.colcon_core.verb:set package 'fra333_lab1_29' build argument 'catkin_cmake_args' from command line to 'None'
[0.233s] Level 5:colcon.colcon_core.verb:set package 'fra333_lab1_29' build argument 'catkin_skip_building_tests' from command line to 'False'
[0.233s] DEBUG:colcon.colcon_core.verb:Building package 'fra333_lab1_29' with the following arguments: {'ament_cmake_args': None, 'build_base': '/home/omzlette/gitRos/LAB1_WS/build/fra333_lab1_29', 'catkin_cmake_args': None, 'catkin_skip_building_tests': False, 'cmake_args': None, 'cmake_clean_cache': False, 'cmake_clean_first': False, 'cmake_force_configure': False, 'cmake_target': None, 'cmake_target_skip_unavailable': False, 'install_base': '/home/omzlette/gitRos/LAB1_WS/install/fra333_lab1_29', 'merge_install': False, 'path': '/home/omzlette/gitRos/LAB1_WS/src/fra333_lab1_29', 'symlink_install': True, 'test_result_base': None}
[0.235s] Level 5:colcon.colcon_core.verb:set package 'lab1_interfaces' build argument 'cmake_args' from command line to 'None'
[0.235s] Level 5:colcon.colcon_core.verb:set package 'lab1_interfaces' build argument 'cmake_target' from command line to 'None'
[0.235s] Level 5:colcon.colcon_core.verb:set package 'lab1_interfaces' build argument 'cmake_target_skip_unavailable' from command line to 'False'
[0.235s] Level 5:colcon.colcon_core.verb:set package 'lab1_interfaces' build argument 'cmake_clean_cache' from command line to 'False'
[0.235s] Level 5:colcon.colcon_core.verb:set package 'lab1_interfaces' build argument 'cmake_clean_first' from command line to 'False'
[0.235s] Level 5:colcon.colcon_core.verb:set package 'lab1_interfaces' build argument 'cmake_force_configure' from command line to 'False'
[0.235s] Level 5:colcon.colcon_core.verb:set package 'lab1_interfaces' build argument 'ament_cmake_args' from command line to 'None'
[0.235s] Level 5:colcon.colcon_core.verb:set package 'lab1_interfaces' build argument 'catkin_cmake_args' from command line to 'None'
[0.235s] Level 5:colcon.colcon_core.verb:set package 'lab1_interfaces' build argument 'catkin_skip_building_tests' from command line to 'False'
[0.235s] DEBUG:colcon.colcon_core.verb:Building package 'lab1_interfaces' with the following arguments: {'ament_cmake_args': None, 'build_base': '/home/omzlette/gitRos/LAB1_WS/build/lab1_interfaces', 'catkin_cmake_args': None, 'catkin_skip_building_tests': False, 'cmake_args': None, 'cmake_clean_cache': False, 'cmake_clean_first': False, 'cmake_force_configure': False, 'cmake_target': None, 'cmake_target_skip_unavailable': False, 'install_base': '/home/omzlette/gitRos/LAB1_WS/install/lab1_interfaces', 'merge_install': False, 'path': '/home/omzlette/gitRos/LAB1_WS/src/lab1_interfaces', 'symlink_install': True, 'test_result_base': None}
[0.236s] INFO:colcon.colcon_core.executor:Executing jobs using 'parallel' executor
[0.241s] DEBUG:colcon.colcon_parallel_executor.executor.parallel:run_until_complete
[0.241s] INFO:colcon.colcon_ros.task.ament_cmake.build:Building ROS package in '/home/omzlette/gitRos/LAB1_WS/src/fra333_lab1_29' with build type 'ament_cmake'
[0.241s] INFO:colcon.colcon_cmake.task.cmake.build:Building CMake package in '/home/omzlette/gitRos/LAB1_WS/src/fra333_lab1_29'
[0.245s] INFO:colcon.colcon_core.plugin_system:Skipping extension 'colcon_core.shell.bat': Not used on non-Windows systems
[0.245s] INFO:colcon.colcon_core.shell:Skip shell extension 'powershell' for command environment: Not usable outside of PowerShell
[0.245s] DEBUG:colcon.colcon_core.shell:Skip shell extension 'dsv' for command environment
[0.251s] INFO:colcon.colcon_ros.task.ament_cmake.build:Building ROS package in '/home/omzlette/gitRos/LAB1_WS/src/lab1_interfaces' with build type 'ament_cmake'
[0.252s] INFO:colcon.colcon_cmake.task.cmake.build:Building CMake package in '/home/omzlette/gitRos/LAB1_WS/src/lab1_interfaces'
[0.254s] INFO:colcon.colcon_core.shell:Skip shell extension 'powershell' for command environment: Not usable outside of PowerShell
[0.254s] DEBUG:colcon.colcon_core.shell:Skip shell extension 'dsv' for command environment
[0.265s] DEBUG:colcon.colcon_core.event_handler.log_command:Invoking command in '/home/omzlette/gitRos/LAB1_WS/build/fra333_lab1_29': CMAKE_PREFIX_PATH=${CMAKE_PREFIX_PATH}:/opt/ros/foxy /usr/bin/cmake --build /home/omzlette/gitRos/LAB1_WS/build/fra333_lab1_29 -- -j12 -l12
[0.270s] DEBUG:colcon.colcon_core.event_handler.log_command:Invoking command in '/home/omzlette/gitRos/LAB1_WS/build/lab1_interfaces': CMAKE_PREFIX_PATH=${CMAKE_PREFIX_PATH}:/opt/ros/foxy /usr/bin/cmake --build /home/omzlette/gitRos/LAB1_WS/build/lab1_interfaces -- -j12 -l12
[0.292s] DEBUG:colcon.colcon_core.event_handler.log_command:Invoked command in '/home/omzlette/gitRos/LAB1_WS/build/fra333_lab1_29' returned '0': CMAKE_PREFIX_PATH=${CMAKE_PREFIX_PATH}:/opt/ros/foxy /usr/bin/cmake --build /home/omzlette/gitRos/LAB1_WS/build/fra333_lab1_29 -- -j12 -l12
[0.315s] DEBUG:colcon.colcon_core.event_handler.log_command:Invoking command in '/home/omzlette/gitRos/LAB1_WS/build/fra333_lab1_29': CMAKE_PREFIX_PATH=${CMAKE_PREFIX_PATH}:/opt/ros/foxy /usr/bin/cmake --install /home/omzlette/gitRos/LAB1_WS/build/fra333_lab1_29
[0.356s] Level 1:colcon.colcon_core.environment:create_environment_scripts_only(fra333_lab1_29)
[0.357s] DEBUG:colcon.colcon_core.event_handler.log_command:Invoked command in '/home/omzlette/gitRos/LAB1_WS/build/fra333_lab1_29' returned '0': CMAKE_PREFIX_PATH=${CMAKE_PREFIX_PATH}:/opt/ros/foxy /usr/bin/cmake --install /home/omzlette/gitRos/LAB1_WS/build/fra333_lab1_29
[0.361s] Level 1:colcon.colcon_core.environment:checking '/home/omzlette/gitRos/LAB1_WS/install/fra333_lab1_29' for CMake module files
[0.362s] Level 1:colcon.colcon_core.environment:checking '/home/omzlette/gitRos/LAB1_WS/install/fra333_lab1_29' for CMake config files
[0.362s] Level 1:colcon.colcon_core.shell:create_environment_hook('fra333_lab1_29', 'cmake_prefix_path')
[0.364s] INFO:colcon.colcon_core.shell:Creating environment hook '/home/omzlette/gitRos/LAB1_WS/install/fra333_lab1_29/share/fra333_lab1_29/hook/cmake_prefix_path.ps1'
[0.364s] INFO:colcon.colcon_core.shell:Creating environment descriptor '/home/omzlette/gitRos/LAB1_WS/install/fra333_lab1_29/share/fra333_lab1_29/hook/cmake_prefix_path.dsv'
[0.365s] INFO:colcon.colcon_core.shell:Creating environment hook '/home/omzlette/gitRos/LAB1_WS/install/fra333_lab1_29/share/fra333_lab1_29/hook/cmake_prefix_path.sh'
[0.365s] Level 1:colcon.colcon_core.environment:checking '/home/omzlette/gitRos/LAB1_WS/install/fra333_lab1_29/lib'
[0.365s] Level 1:colcon.colcon_core.environment:checking '/home/omzlette/gitRos/LAB1_WS/install/fra333_lab1_29/bin'
[0.365s] Level 1:colcon.colcon_core.environment:checking '/home/omzlette/gitRos/LAB1_WS/install/fra333_lab1_29/lib/pkgconfig/fra333_lab1_29.pc'
[0.366s] Level 1:colcon.colcon_core.environment:checking '/home/omzlette/gitRos/LAB1_WS/install/fra333_lab1_29/lib/python3.8/site-packages'
[0.366s] Level 1:colcon.colcon_core.shell:create_environment_hook('fra333_lab1_29', 'pythonpath')
[0.367s] INFO:colcon.colcon_core.shell:Creating environment hook '/home/omzlette/gitRos/LAB1_WS/install/fra333_lab1_29/share/fra333_lab1_29/hook/pythonpath.ps1'
[0.368s] INFO:colcon.colcon_core.shell:Creating environment descriptor '/home/omzlette/gitRos/LAB1_WS/install/fra333_lab1_29/share/fra333_lab1_29/hook/pythonpath.dsv'
[0.368s] INFO:colcon.colcon_core.shell:Creating environment hook '/home/omzlette/gitRos/LAB1_WS/install/fra333_lab1_29/share/fra333_lab1_29/hook/pythonpath.sh'
[0.368s] Level 1:colcon.colcon_core.environment:checking '/home/omzlette/gitRos/LAB1_WS/install/fra333_lab1_29/bin'
[0.370s] INFO:colcon.colcon_core.shell:Creating package script '/home/omzlette/gitRos/LAB1_WS/install/fra333_lab1_29/share/fra333_lab1_29/package.ps1'
[0.371s] INFO:colcon.colcon_core.shell:Creating package descriptor '/home/omzlette/gitRos/LAB1_WS/install/fra333_lab1_29/share/fra333_lab1_29/package.dsv'
[0.371s] INFO:colcon.colcon_core.shell:Creating package script '/home/omzlette/gitRos/LAB1_WS/install/fra333_lab1_29/share/fra333_lab1_29/package.sh'
[0.372s] INFO:colcon.colcon_core.shell:Creating package script '/home/omzlette/gitRos/LAB1_WS/install/fra333_lab1_29/share/fra333_lab1_29/package.bash'
[0.372s] INFO:colcon.colcon_core.shell:Creating package script '/home/omzlette/gitRos/LAB1_WS/install/fra333_lab1_29/share/fra333_lab1_29/package.zsh'
[0.373s] Level 1:colcon.colcon_core.environment:create_file_with_runtime_dependencies(/home/omzlette/gitRos/LAB1_WS/install/fra333_lab1_29/share/colcon-core/packages/fra333_lab1_29)
[0.388s] Level 1:colcon.colcon_core.environment:create_environment_scripts_only(fra333_lab1_29)
[0.391s] Level 1:colcon.colcon_core.environment:checking '/home/omzlette/gitRos/LAB1_WS/install/fra333_lab1_29' for CMake module files
[0.391s] Level 1:colcon.colcon_core.environment:checking '/home/omzlette/gitRos/LAB1_WS/install/fra333_lab1_29' for CMake config files
[0.391s] Level 1:colcon.colcon_core.shell:create_environment_hook('fra333_lab1_29', 'cmake_prefix_path')
[0.393s] INFO:colcon.colcon_core.shell:Creating environment hook '/home/omzlette/gitRos/LAB1_WS/install/fra333_lab1_29/share/fra333_lab1_29/hook/cmake_prefix_path.ps1'
[0.393s] INFO:colcon.colcon_core.shell:Creating environment descriptor '/home/omzlette/gitRos/LAB1_WS/install/fra333_lab1_29/share/fra333_lab1_29/hook/cmake_prefix_path.dsv'
[0.393s] INFO:colcon.colcon_core.shell:Creating environment hook '/home/omzlette/gitRos/LAB1_WS/install/fra333_lab1_29/share/fra333_lab1_29/hook/cmake_prefix_path.sh'
[0.394s] Level 1:colcon.colcon_core.environment:checking '/home/omzlette/gitRos/LAB1_WS/install/fra333_lab1_29/lib'
[0.394s] Level 1:colcon.colcon_core.environment:checking '/home/omzlette/gitRos/LAB1_WS/install/fra333_lab1_29/bin'
[0.394s] Level 1:colcon.colcon_core.environment:checking '/home/omzlette/gitRos/LAB1_WS/install/fra333_lab1_29/lib/pkgconfig/fra333_lab1_29.pc'
[0.394s] Level 1:colcon.colcon_core.environment:checking '/home/omzlette/gitRos/LAB1_WS/install/fra333_lab1_29/lib/python3.8/site-packages'
[0.394s] Level 1:colcon.colcon_core.shell:create_environment_hook('fra333_lab1_29', 'pythonpath')
[0.396s] INFO:colcon.colcon_core.shell:Creating environment hook '/home/omzlette/gitRos/LAB1_WS/install/fra333_lab1_29/share/fra333_lab1_29/hook/pythonpath.ps1'
[0.396s] INFO:colcon.colcon_core.shell:Creating environment descriptor '/home/omzlette/gitRos/LAB1_WS/install/fra333_lab1_29/share/fra333_lab1_29/hook/pythonpath.dsv'
[0.396s] INFO:colcon.colcon_core.shell:Creating environment hook '/home/omzlette/gitRos/LAB1_WS/install/fra333_lab1_29/share/fra333_lab1_29/hook/pythonpath.sh'
[0.397s] Level 1:colcon.colcon_core.environment:checking '/home/omzlette/gitRos/LAB1_WS/install/fra333_lab1_29/bin'
[0.399s] INFO:colcon.colcon_core.shell:Creating package script '/home/omzlette/gitRos/LAB1_WS/install/fra333_lab1_29/share/fra333_lab1_29/package.ps1'
[0.399s] INFO:colcon.colcon_core.shell:Creating package descriptor '/home/omzlette/gitRos/LAB1_WS/install/fra333_lab1_29/share/fra333_lab1_29/package.dsv'
[0.399s] INFO:colcon.colcon_core.shell:Creating package script '/home/omzlette/gitRos/LAB1_WS/install/fra333_lab1_29/share/fra333_lab1_29/package.sh'
[0.400s] INFO:colcon.colcon_core.shell:Creating package script '/home/omzlette/gitRos/LAB1_WS/install/fra333_lab1_29/share/fra333_lab1_29/package.bash'
[0.400s] INFO:colcon.colcon_core.shell:Creating package script '/home/omzlette/gitRos/LAB1_WS/install/fra333_lab1_29/share/fra333_lab1_29/package.zsh'
[0.400s] Level 1:colcon.colcon_core.environment:create_file_with_runtime_dependencies(/home/omzlette/gitRos/LAB1_WS/install/fra333_lab1_29/share/colcon-core/packages/fra333_lab1_29)
[3.117s] DEBUG:colcon.colcon_core.event_handler.log_command:Invoked command in '/home/omzlette/gitRos/LAB1_WS/build/lab1_interfaces' returned '0': CMAKE_PREFIX_PATH=${CMAKE_PREFIX_PATH}:/opt/ros/foxy /usr/bin/cmake --build /home/omzlette/gitRos/LAB1_WS/build/lab1_interfaces -- -j12 -l12
[3.150s] DEBUG:colcon.colcon_core.event_handler.log_command:Invoking command in '/home/omzlette/gitRos/LAB1_WS/build/lab1_interfaces': CMAKE_PREFIX_PATH=${CMAKE_PREFIX_PATH}:/opt/ros/foxy /usr/bin/cmake --install /home/omzlette/gitRos/LAB1_WS/build/lab1_interfaces
[3.205s] Level 1:colcon.colcon_core.environment:create_environment_scripts_only(lab1_interfaces)
[3.209s] Level 1:colcon.colcon_core.environment:checking '/home/omzlette/gitRos/LAB1_WS/install/lab1_interfaces' for CMake module files
[3.209s] DEBUG:colcon.colcon_core.event_handler.log_command:Invoked command in '/home/omzlette/gitRos/LAB1_WS/build/lab1_interfaces' returned '0': CMAKE_PREFIX_PATH=${CMAKE_PREFIX_PATH}:/opt/ros/foxy /usr/bin/cmake --install /home/omzlette/gitRos/LAB1_WS/build/lab1_interfaces
[3.209s] Level 1:colcon.colcon_core.environment:checking '/home/omzlette/gitRos/LAB1_WS/install/lab1_interfaces' for CMake config files
[3.210s] Level 1:colcon.colcon_core.shell:create_environment_hook('lab1_interfaces', 'cmake_prefix_path')
[3.212s] INFO:colcon.colcon_core.shell:Creating environment hook '/home/omzlette/gitRos/LAB1_WS/install/lab1_interfaces/share/lab1_interfaces/hook/cmake_prefix_path.ps1'
[3.212s] INFO:colcon.colcon_core.shell:Creating environment descriptor '/home/omzlette/gitRos/LAB1_WS/install/lab1_interfaces/share/lab1_interfaces/hook/cmake_prefix_path.dsv'
[3.212s] INFO:colcon.colcon_core.shell:Creating environment hook '/home/omzlette/gitRos/LAB1_WS/install/lab1_interfaces/share/lab1_interfaces/hook/cmake_prefix_path.sh'
[3.213s] Level 1:colcon.colcon_core.environment:checking '/home/omzlette/gitRos/LAB1_WS/install/lab1_interfaces/lib'
[3.213s] Level 1:colcon.colcon_core.shell:create_environment_hook('lab1_interfaces', 'ld_library_path_lib')
[3.215s] INFO:colcon.colcon_core.shell:Creating environment hook '/home/omzlette/gitRos/LAB1_WS/install/lab1_interfaces/share/lab1_interfaces/hook/ld_library_path_lib.ps1'
[3.215s] INFO:colcon.colcon_core.shell:Creating environment descriptor '/home/omzlette/gitRos/LAB1_WS/install/lab1_interfaces/share/lab1_interfaces/hook/ld_library_path_lib.dsv'
[3.215s] INFO:colcon.colcon_core.shell:Creating environment hook '/home/omzlette/gitRos/LAB1_WS/install/lab1_interfaces/share/lab1_interfaces/hook/ld_library_path_lib.sh'
[3.216s] Level 1:colcon.colcon_core.environment:checking '/home/omzlette/gitRos/LAB1_WS/install/lab1_interfaces/bin'
[3.216s] Level 1:colcon.colcon_core.environment:checking '/home/omzlette/gitRos/LAB1_WS/install/lab1_interfaces/lib/pkgconfig/lab1_interfaces.pc'
[3.216s] Level 1:colcon.colcon_core.environment:checking '/home/omzlette/gitRos/LAB1_WS/install/lab1_interfaces/lib/python3.8/site-packages'
[3.216s] Level 1:colcon.colcon_core.shell:create_environment_hook('lab1_interfaces', 'pythonpath')
[3.218s] INFO:colcon.colcon_core.shell:Creating environment hook '/home/omzlette/gitRos/LAB1_WS/install/lab1_interfaces/share/lab1_interfaces/hook/pythonpath.ps1'
[3.218s] INFO:colcon.colcon_core.shell:Creating environment descriptor '/home/omzlette/gitRos/LAB1_WS/install/lab1_interfaces/share/lab1_interfaces/hook/pythonpath.dsv'
[3.219s] INFO:colcon.colcon_core.shell:Creating environment hook '/home/omzlette/gitRos/LAB1_WS/install/lab1_interfaces/share/lab1_interfaces/hook/pythonpath.sh'
[3.219s] Level 1:colcon.colcon_core.environment:checking '/home/omzlette/gitRos/LAB1_WS/install/lab1_interfaces/bin'
[3.221s] INFO:colcon.colcon_core.shell:Creating package script '/home/omzlette/gitRos/LAB1_WS/install/lab1_interfaces/share/lab1_interfaces/package.ps1'
[3.221s] INFO:colcon.colcon_core.shell:Creating package descriptor '/home/omzlette/gitRos/LAB1_WS/install/lab1_interfaces/share/lab1_interfaces/package.dsv'
[3.222s] INFO:colcon.colcon_core.shell:Creating package script '/home/omzlette/gitRos/LAB1_WS/install/lab1_interfaces/share/lab1_interfaces/package.sh'
[3.222s] INFO:colcon.colcon_core.shell:Creating package script '/home/omzlette/gitRos/LAB1_WS/install/lab1_interfaces/share/lab1_interfaces/package.bash'
[3.222s] INFO:colcon.colcon_core.shell:Creating package script '/home/omzlette/gitRos/LAB1_WS/install/lab1_interfaces/share/lab1_interfaces/package.zsh'
[3.223s] Level 1:colcon.colcon_core.environment:create_file_with_runtime_dependencies(/home/omzlette/gitRos/LAB1_WS/install/lab1_interfaces/share/colcon-core/packages/lab1_interfaces)
[3.255s] Level 1:colcon.colcon_core.environment:create_environment_scripts_only(lab1_interfaces)
[3.258s] Level 1:colcon.colcon_core.environment:checking '/home/omzlette/gitRos/LAB1_WS/install/lab1_interfaces' for CMake module files
[3.258s] Level 1:colcon.colcon_core.environment:checking '/home/omzlette/gitRos/LAB1_WS/install/lab1_interfaces' for CMake config files
[3.259s] Level 1:colcon.colcon_core.shell:create_environment_hook('lab1_interfaces', 'cmake_prefix_path')
[3.261s] INFO:colcon.colcon_core.shell:Creating environment hook '/home/omzlette/gitRos/LAB1_WS/install/lab1_interfaces/share/lab1_interfaces/hook/cmake_prefix_path.ps1'
[3.261s] INFO:colcon.colcon_core.shell:Creating environment descriptor '/home/omzlette/gitRos/LAB1_WS/install/lab1_interfaces/share/lab1_interfaces/hook/cmake_prefix_path.dsv'
[3.261s] INFO:colcon.colcon_core.shell:Creating environment hook '/home/omzlette/gitRos/LAB1_WS/install/lab1_interfaces/share/lab1_interfaces/hook/cmake_prefix_path.sh'
[3.262s] Level 1:colcon.colcon_core.environment:checking '/home/omzlette/gitRos/LAB1_WS/install/lab1_interfaces/lib'
[3.262s] Level 1:colcon.colcon_core.shell:create_environment_hook('lab1_interfaces', 'ld_library_path_lib')
[3.264s] INFO:colcon.colcon_core.shell:Creating environment hook '/home/omzlette/gitRos/LAB1_WS/install/lab1_interfaces/share/lab1_interfaces/hook/ld_library_path_lib.ps1'
[3.264s] INFO:colcon.colcon_core.shell:Creating environment descriptor '/home/omzlette/gitRos/LAB1_WS/install/lab1_interfaces/share/lab1_interfaces/hook/ld_library_path_lib.dsv'
[3.264s] INFO:colcon.colcon_core.shell:Creating environment hook '/home/omzlette/gitRos/LAB1_WS/install/lab1_interfaces/share/lab1_interfaces/hook/ld_library_path_lib.sh'
[3.265s] Level 1:colcon.colcon_core.environment:checking '/home/omzlette/gitRos/LAB1_WS/install/lab1_interfaces/bin'
[3.265s] Level 1:colcon.colcon_core.environment:checking '/home/omzlette/gitRos/LAB1_WS/install/lab1_interfaces/lib/pkgconfig/lab1_interfaces.pc'
[3.265s] Level 1:colcon.colcon_core.environment:checking '/home/omzlette/gitRos/LAB1_WS/install/lab1_interfaces/lib/python3.8/site-packages'
[3.265s] Level 1:colcon.colcon_core.shell:create_environment_hook('lab1_interfaces', 'pythonpath')
[3.267s] INFO:colcon.colcon_core.shell:Creating environment hook '/home/omzlette/gitRos/LAB1_WS/install/lab1_interfaces/share/lab1_interfaces/hook/pythonpath.ps1'
[3.267s] INFO:colcon.colcon_core.shell:Creating environment descriptor '/home/omzlette/gitRos/LAB1_WS/install/lab1_interfaces/share/lab1_interfaces/hook/pythonpath.dsv'
[3.267s] INFO:colcon.colcon_core.shell:Creating environment hook '/home/omzlette/gitRos/LAB1_WS/install/lab1_interfaces/share/lab1_interfaces/hook/pythonpath.sh'
[3.268s] Level 1:colcon.colcon_core.environment:checking '/home/omzlette/gitRos/LAB1_WS/install/lab1_interfaces/bin'
[3.270s] INFO:colcon.colcon_core.shell:Creating package script '/home/omzlette/gitRos/LAB1_WS/install/lab1_interfaces/share/lab1_interfaces/package.ps1'
[3.270s] INFO:colcon.colcon_core.shell:Creating package descriptor '/home/omzlette/gitRos/LAB1_WS/install/lab1_interfaces/share/lab1_interfaces/package.dsv'
[3.271s] INFO:colcon.colcon_core.shell:Creating package script '/home/omzlette/gitRos/LAB1_WS/install/lab1_interfaces/share/lab1_interfaces/package.sh'
[3.271s] INFO:colcon.colcon_core.shell:Creating package script '/home/omzlette/gitRos/LAB1_WS/install/lab1_interfaces/share/lab1_interfaces/package.bash'
[3.272s] INFO:colcon.colcon_core.shell:Creating package script '/home/omzlette/gitRos/LAB1_WS/install/lab1_interfaces/share/lab1_interfaces/package.zsh'
[3.272s] Level 1:colcon.colcon_core.environment:create_file_with_runtime_dependencies(/home/omzlette/gitRos/LAB1_WS/install/lab1_interfaces/share/colcon-core/packages/lab1_interfaces)
[3.272s] DEBUG:colcon.colcon_parallel_executor.executor.parallel:closing loop
[3.273s] DEBUG:colcon.colcon_parallel_executor.executor.parallel:loop closed
[3.273s] DEBUG:colcon.colcon_parallel_executor.executor.parallel:run_until_complete finished with '0'
[3.273s] DEBUG:colcon.colcon_core.event_reactor:joining thread
[3.279s] INFO:colcon.colcon_core.plugin_system:Skipping extension 'colcon_notification.desktop_notification.terminal_notifier': Not used on non-Darwin systems
[3.279s] INFO:colcon.colcon_core.plugin_system:Skipping extension 'colcon_notification.desktop_notification.win32': Not used on non-Windows systems
[3.279s] INFO:colcon.colcon_notification.desktop_notification:Sending desktop notification using 'notify2'
[3.290s] DEBUG:colcon.colcon_core.event_reactor:joined thread
[3.292s] INFO:colcon.colcon_core.shell:Creating prefix script '/home/omzlette/gitRos/LAB1_WS/install/local_setup.ps1'
[3.293s] INFO:colcon.colcon_core.shell:Creating prefix util module '/home/omzlette/gitRos/LAB1_WS/install/_local_setup_util_ps1.py'
[3.294s] INFO:colcon.colcon_core.shell:Creating prefix chain script '/home/omzlette/gitRos/LAB1_WS/install/setup.ps1'
[3.295s] INFO:colcon.colcon_core.shell:Creating prefix script '/home/omzlette/gitRos/LAB1_WS/install/local_setup.sh'
[3.296s] INFO:colcon.colcon_core.shell:Creating prefix util module '/home/omzlette/gitRos/LAB1_WS/install/_local_setup_util_sh.py'
[3.296s] INFO:colcon.colcon_core.shell:Creating prefix chain script '/home/omzlette/gitRos/LAB1_WS/install/setup.sh'
[3.297s] INFO:colcon.colcon_core.shell:Creating prefix script '/home/omzlette/gitRos/LAB1_WS/install/local_setup.bash'
[3.298s] INFO:colcon.colcon_core.shell:Creating prefix chain script '/home/omzlette/gitRos/LAB1_WS/install/setup.bash'
[3.299s] INFO:colcon.colcon_core.shell:Creating prefix script '/home/omzlette/gitRos/LAB1_WS/install/local_setup.zsh'
[3.299s] INFO:colcon.colcon_core.shell:Creating prefix chain script '/home/omzlette/gitRos/LAB1_WS/install/setup.zsh'
