-- The C compiler identification is GNU 9.4.0
-- The CXX compiler identification is GNU 9.4.0
-- Check for working C compiler: /usr/bin/cc
-- Check for working C compiler: /usr/bin/cc -- works
-- Detecting C compiler ABI info
-- Detecting C compiler ABI info - done
-- Detecting C compile features
-- Detecting C compile features - done
-- Check for working CXX compiler: /usr/bin/c++
-- Check for working CXX compiler: /usr/bin/c++ -- works
-- Detecting CXX compiler ABI info
-- Detecting CXX compiler ABI info - done
-- Detecting CXX compile features
-- Detecting CXX compile features - done
-- Found ament_cmake: 0.9.11 (/opt/ros/foxy/share/ament_cmake/cmake)
-- Found PythonInterp: /usr/bin/python3 (found suitable version "3.8.10", minimum required is "3") 
-- Using PYTHON_EXECUTABLE: /usr/bin/python3
-- Override CMake install command with custom implementation using symlinks instead of copying resources
-- Found ament_lint_auto: 0.9.7 (/opt/ros/foxy/share/ament_lint_auto/cmake)
-- Found rosidl_default_generators: 1.0.1 (/opt/ros/foxy/share/rosidl_default_generators/cmake)
-- Using all available rosidl_typesupport_c: rosidl_typesupport_fastrtps_c;rosidl_typesupport_introspection_c
-- Found rosidl_adapter: 1.3.0 (/opt/ros/foxy/share/rosidl_adapter/cmake)
-- Found OpenSSL: /usr/lib/x86_64-linux-gnu/libcrypto.so (found version "1.1.1f")  
-- Found FastRTPS: /opt/ros/foxy/include  
-- Using all available rosidl_typesupport_cpp: rosidl_typesupport_fastrtps_cpp;rosidl_typesupport_introspection_cpp
-- Found geometry_msgs: 2.0.5 (/opt/ros/foxy/share/geometry_msgs/cmake)
-- Found sensor_msgs: 2.0.5 (/opt/ros/foxy/share/sensor_msgs/cmake)
-- Found PythonInterp: /usr/bin/python3 (found version "3.8.10") 
-- Found ament_cmake_ros: 0.9.2 (/opt/ros/foxy/share/ament_cmake_ros/cmake)
-- Using all available rosidl_typesupport_c: rosidl_typesupport_fastrtps_c;rosidl_typesupport_introspection_c
-- Using all available rosidl_typesupport_cpp: rosidl_typesupport_fastrtps_cpp;rosidl_typesupport_introspection_cpp
-- Found PythonInterp: /usr/bin/python3 (found suitable version "3.8.10", minimum required is "3.5") 
-- Found python_cmake_module: 0.8.1 (/opt/ros/foxy/share/python_cmake_module/cmake)
-- Found PythonLibs: /usr/lib/x86_64-linux-gnu/libpython3.8.so (found suitable version "3.8.10", minimum required is "3.5") 
-- Using PYTHON_EXECUTABLE: /usr/bin/python3
-- Using PYTHON_INCLUDE_DIRS: /usr/include/python3.8
-- Using PYTHON_LIBRARIES: /usr/lib/x86_64-linux-gnu/libpython3.8.so
-- Found PythonExtra: .so  
-- Added test 'copyright' to check source files copyright and LICENSE
-- Added test 'lint_cmake' to check CMake code style
-- Added test 'xmllint' to check XML markup files
-- Configuring done
-- Generating done
-- Build files have been written to: /home/omzlette/gitROS/FRA333_LAB_HW/LAB4/build/doppelt_interfaces
[  3%] [34m[1mGenerating C code for ROS interfaces[0m
[35m[1mScanning dependencies of target doppelt_interfaces__cpp[0m
[  6%] [34m[1mGenerating C++ code for ROS interfaces[0m
[  6%] Built target doppelt_interfaces__cpp
[  9%] [34m[1mGenerating C++ type support dispatch for ROS interfaces[0m
[ 12%] [34m[1mGenerating C++ introspection for ROS interfaces[0m
[ 16%] [34m[1mGenerating C++ type support for eProsima Fast-RTPS[0m
[35m[1mScanning dependencies of target doppelt_interfaces__rosidl_generator_c[0m
[ 19%] [32mBuilding C object CMakeFiles/doppelt_interfaces__rosidl_generator_c.dir/rosidl_generator_c/doppelt_interfaces/srv/detail/enabler__functions.c.o[0m
[ 22%] [32m[1mLinking C shared library libdoppelt_interfaces__rosidl_generator_c.so[0m
[ 22%] Built target doppelt_interfaces__rosidl_generator_c
[ 25%] [34m[1mGenerating C introspection for ROS interfaces[0m
[ 29%] [34m[1mGenerating C type support dispatch for ROS interfaces[0m
[35m[1mScanning dependencies of target doppelt_interfaces__rosidl_typesupport_cpp[0m
[35m[1mScanning dependencies of target doppelt_interfaces__rosidl_typesupport_introspection_cpp[0m
[ 32%] [32mBuilding CXX object CMakeFiles/doppelt_interfaces__rosidl_typesupport_cpp.dir/rosidl_typesupport_cpp/doppelt_interfaces/srv/enabler__type_support.cpp.o[0m
[ 35%] [32mBuilding CXX object CMakeFiles/doppelt_interfaces__rosidl_typesupport_introspection_cpp.dir/rosidl_typesupport_introspection_cpp/doppelt_interfaces/srv/detail/enabler__type_support.cpp.o[0m
[35m[1mScanning dependencies of target doppelt_interfaces__rosidl_typesupport_fastrtps_cpp[0m
[ 38%] [32mBuilding CXX object CMakeFiles/doppelt_interfaces__rosidl_typesupport_fastrtps_cpp.dir/rosidl_typesupport_fastrtps_cpp/doppelt_interfaces/srv/detail/dds_fastrtps/enabler__type_support.cpp.o[0m
[35m[1mScanning dependencies of target doppelt_interfaces__rosidl_typesupport_c[0m
[ 41%] [32mBuilding CXX object CMakeFiles/doppelt_interfaces__rosidl_typesupport_c.dir/rosidl_typesupport_c/doppelt_interfaces/srv/enabler__type_support.cpp.o[0m
[35m[1mScanning dependencies of target doppelt_interfaces__rosidl_typesupport_introspection_c[0m
[ 48%] [32mBuilding C object CMakeFiles/doppelt_interfaces__rosidl_typesupport_introspection_c.dir/rosidl_typesupport_introspection_c/doppelt_interfaces/srv/detail/enabler__type_support.c.o[0m
[ 48%] [32m[1mLinking CXX shared library libdoppelt_interfaces__rosidl_typesupport_c.so[0m
[ 51%] [32m[1mLinking C shared library libdoppelt_interfaces__rosidl_typesupport_introspection_c.so[0m
[ 51%] Built target doppelt_interfaces__rosidl_typesupport_c
[ 54%] [32m[1mLinking CXX shared library libdoppelt_interfaces__rosidl_typesupport_cpp.so[0m
[ 54%] Built target doppelt_interfaces__rosidl_typesupport_introspection_c
[ 58%] [32m[1mLinking CXX shared library libdoppelt_interfaces__rosidl_typesupport_introspection_cpp.so[0m
[ 58%] Built target doppelt_interfaces__rosidl_typesupport_cpp
[ 58%] Built target doppelt_interfaces__rosidl_typesupport_introspection_cpp
[ 61%] [32m[1mLinking CXX shared library libdoppelt_interfaces__rosidl_typesupport_fastrtps_cpp.so[0m
[ 61%] Built target doppelt_interfaces__rosidl_typesupport_fastrtps_cpp
[ 64%] [34m[1mGenerating C type support for eProsima Fast-RTPS[0m
[35m[1mScanning dependencies of target doppelt_interfaces__rosidl_typesupport_fastrtps_c[0m
[ 67%] [32mBuilding CXX object CMakeFiles/doppelt_interfaces__rosidl_typesupport_fastrtps_c.dir/rosidl_typesupport_fastrtps_c/doppelt_interfaces/srv/detail/enabler__type_support_c.cpp.o[0m
[ 70%] [32m[1mLinking CXX shared library libdoppelt_interfaces__rosidl_typesupport_fastrtps_c.so[0m
[ 70%] Built target doppelt_interfaces__rosidl_typesupport_fastrtps_c
[35m[1mScanning dependencies of target doppelt_interfaces[0m
[ 70%] Built target doppelt_interfaces
[35m[1mScanning dependencies of target doppelt_interfaces__py[0m
[ 74%] [34m[1mGenerating Python code for ROS interfaces[0m
[ 74%] Built target doppelt_interfaces__py
[35m[1mScanning dependencies of target doppelt_interfaces__python[0m
[ 77%] [32mBuilding C object CMakeFiles/doppelt_interfaces__python.dir/rosidl_generator_py/doppelt_interfaces/srv/_enabler_s.c.o[0m
[ 80%] [32m[1mLinking C shared library rosidl_generator_py/doppelt_interfaces/libdoppelt_interfaces__python.so[0m
[ 80%] Built target doppelt_interfaces__python
[35m[1mScanning dependencies of target doppelt_interfaces__rosidl_typesupport_c__pyext[0m
[35m[1mScanning dependencies of target doppelt_interfaces__rosidl_typesupport_introspection_c__pyext[0m
[35m[1mScanning dependencies of target doppelt_interfaces__rosidl_typesupport_fastrtps_c__pyext[0m
[ 83%] [32mBuilding C object CMakeFiles/doppelt_interfaces__rosidl_typesupport_c__pyext.dir/rosidl_generator_py/doppelt_interfaces/_doppelt_interfaces_s.ep.rosidl_typesupport_c.c.o[0m
[ 87%] [32mBuilding C object CMakeFiles/doppelt_interfaces__rosidl_typesupport_introspection_c__pyext.dir/rosidl_generator_py/doppelt_interfaces/_doppelt_interfaces_s.ep.rosidl_typesupport_introspection_c.c.o[0m
[ 90%] [32mBuilding C object CMakeFiles/doppelt_interfaces__rosidl_typesupport_fastrtps_c__pyext.dir/rosidl_generator_py/doppelt_interfaces/_doppelt_interfaces_s.ep.rosidl_typesupport_fastrtps_c.c.o[0m
[ 93%] [32m[1mLinking C shared library rosidl_generator_py/doppelt_interfaces/doppelt_interfaces_s__rosidl_typesupport_introspection_c.cpython-38-x86_64-linux-gnu.so[0m
[ 96%] [32m[1mLinking CXX shared library rosidl_generator_py/doppelt_interfaces/doppelt_interfaces_s__rosidl_typesupport_fastrtps_c.cpython-38-x86_64-linux-gnu.so[0m
[100%] [32m[1mLinking C shared library rosidl_generator_py/doppelt_interfaces/doppelt_interfaces_s__rosidl_typesupport_c.cpython-38-x86_64-linux-gnu.so[0m
[100%] Built target doppelt_interfaces__rosidl_typesupport_c__pyext
[100%] Built target doppelt_interfaces__rosidl_typesupport_introspection_c__pyext
[100%] Built target doppelt_interfaces__rosidl_typesupport_fastrtps_c__pyext
-- Install configuration: ""
-- Execute custom install script
-- Symlinking: /home/omzlette/gitROS/FRA333_LAB_HW/LAB4/install/doppelt_interfaces/share/ament_index/resource_index/rosidl_interfaces/doppelt_interfaces
-- Symlinking: /home/omzlette/gitROS/FRA333_LAB_HW/LAB4/install/doppelt_interfaces/include/doppelt_interfaces/msg/rosidl_generator_c__visibility_control.h
-- Symlinking: /home/omzlette/gitROS/FRA333_LAB_HW/LAB4/install/doppelt_interfaces/include/doppelt_interfaces/srv/detail/enabler__functions.h
-- Symlinking: /home/omzlette/gitROS/FRA333_LAB_HW/LAB4/install/doppelt_interfaces/include/doppelt_interfaces/srv/detail/enabler__struct.h
-- Symlinking: /home/omzlette/gitROS/FRA333_LAB_HW/LAB4/install/doppelt_interfaces/include/doppelt_interfaces/srv/detail/enabler__type_support.h
-- Symlinking: /home/omzlette/gitROS/FRA333_LAB_HW/LAB4/install/doppelt_interfaces/include/doppelt_interfaces/srv/enabler.h
-- Symlinking: /home/omzlette/gitROS/FRA333_LAB_HW/LAB4/install/doppelt_interfaces/share/doppelt_interfaces/environment/library_path.sh
-- Symlinking: /home/omzlette/gitROS/FRA333_LAB_HW/LAB4/install/doppelt_interfaces/share/doppelt_interfaces/environment/library_path.dsv
-- Symlinking: /home/omzlette/gitROS/FRA333_LAB_HW/LAB4/install/doppelt_interfaces/include/doppelt_interfaces/msg/rosidl_typesupport_fastrtps_c__visibility_control.h
-- Symlinking: /home/omzlette/gitROS/FRA333_LAB_HW/LAB4/install/doppelt_interfaces/include/doppelt_interfaces/srv/detail/enabler__rosidl_typesupport_fastrtps_c.h
-- Symlinking: /home/omzlette/gitROS/FRA333_LAB_HW/LAB4/install/doppelt_interfaces/lib/libdoppelt_interfaces__rosidl_typesupport_fastrtps_c.so
-- Symlinking: /home/omzlette/gitROS/FRA333_LAB_HW/LAB4/install/doppelt_interfaces/include/doppelt_interfaces/msg/rosidl_typesupport_fastrtps_cpp__visibility_control.h
-- Symlinking: /home/omzlette/gitROS/FRA333_LAB_HW/LAB4/install/doppelt_interfaces/include/doppelt_interfaces/srv/detail/enabler__rosidl_typesupport_fastrtps_cpp.hpp
-- Symlinking: /home/omzlette/gitROS/FRA333_LAB_HW/LAB4/install/doppelt_interfaces/lib/libdoppelt_interfaces__rosidl_typesupport_fastrtps_cpp.so
-- Symlinking: /home/omzlette/gitROS/FRA333_LAB_HW/LAB4/install/doppelt_interfaces/include/doppelt_interfaces/msg/rosidl_typesupport_introspection_c__visibility_control.h
-- Symlinking: /home/omzlette/gitROS/FRA333_LAB_HW/LAB4/install/doppelt_interfaces/include/doppelt_interfaces/srv/detail/enabler__rosidl_typesupport_introspection_c.h
-- Symlinking: /home/omzlette/gitROS/FRA333_LAB_HW/LAB4/install/doppelt_interfaces/include/doppelt_interfaces/srv/detail/enabler__builder.hpp
-- Symlinking: /home/omzlette/gitROS/FRA333_LAB_HW/LAB4/install/doppelt_interfaces/include/doppelt_interfaces/srv/detail/enabler__struct.hpp
-- Symlinking: /home/omzlette/gitROS/FRA333_LAB_HW/LAB4/install/doppelt_interfaces/include/doppelt_interfaces/srv/detail/enabler__traits.hpp
-- Symlinking: /home/omzlette/gitROS/FRA333_LAB_HW/LAB4/install/doppelt_interfaces/include/doppelt_interfaces/srv/enabler.hpp
-- Symlinking: /home/omzlette/gitROS/FRA333_LAB_HW/LAB4/install/doppelt_interfaces/include/doppelt_interfaces/srv/detail/enabler__rosidl_typesupport_introspection_cpp.hpp
-- Symlinking: /home/omzlette/gitROS/FRA333_LAB_HW/LAB4/install/doppelt_interfaces/share/doppelt_interfaces/environment/pythonpath.sh
-- Symlinking: /home/omzlette/gitROS/FRA333_LAB_HW/LAB4/install/doppelt_interfaces/share/doppelt_interfaces/environment/pythonpath.dsv
-- Symlinking: /home/omzlette/gitROS/FRA333_LAB_HW/LAB4/install/doppelt_interfaces/lib/python3.8/site-packages/doppelt_interfaces/__init__.py
-- Symlinking: /home/omzlette/gitROS/FRA333_LAB_HW/LAB4/install/doppelt_interfaces/lib/python3.8/site-packages/doppelt_interfaces/srv/__init__.py
-- Symlinking: /home/omzlette/gitROS/FRA333_LAB_HW/LAB4/install/doppelt_interfaces/lib/python3.8/site-packages/doppelt_interfaces/srv/_enabler.py
-- Symlinking: /home/omzlette/gitROS/FRA333_LAB_HW/LAB4/install/doppelt_interfaces/lib/python3.8/site-packages/doppelt_interfaces/doppelt_interfaces_s__rosidl_typesupport_fastrtps_c.cpython-38-x86_64-linux-gnu.so
-- Symlinking: /home/omzlette/gitROS/FRA333_LAB_HW/LAB4/install/doppelt_interfaces/lib/python3.8/site-packages/doppelt_interfaces/doppelt_interfaces_s__rosidl_typesupport_introspection_c.cpython-38-x86_64-linux-gnu.so
-- Symlinking: /home/omzlette/gitROS/FRA333_LAB_HW/LAB4/install/doppelt_interfaces/lib/python3.8/site-packages/doppelt_interfaces/doppelt_interfaces_s__rosidl_typesupport_c.cpython-38-x86_64-linux-gnu.so
-- Symlinking: /home/omzlette/gitROS/FRA333_LAB_HW/LAB4/install/doppelt_interfaces/lib/libdoppelt_interfaces__python.so
-- Symlinking: /home/omzlette/gitROS/FRA333_LAB_HW/LAB4/install/doppelt_interfaces/share/doppelt_interfaces/srv/Enabler.idl
-- Symlinking: /home/omzlette/gitROS/FRA333_LAB_HW/LAB4/install/doppelt_interfaces/share/doppelt_interfaces/srv/Enabler.srv
-- Symlinking: /home/omzlette/gitROS/FRA333_LAB_HW/LAB4/install/doppelt_interfaces/share/doppelt_interfaces/srv/Enabler_Request.msg
-- Symlinking: /home/omzlette/gitROS/FRA333_LAB_HW/LAB4/install/doppelt_interfaces/share/doppelt_interfaces/srv/Enabler_Response.msg
-- Symlinking: /home/omzlette/gitROS/FRA333_LAB_HW/LAB4/install/doppelt_interfaces/share/ament_index/resource_index/package_run_dependencies/doppelt_interfaces
-- Symlinking: /home/omzlette/gitROS/FRA333_LAB_HW/LAB4/install/doppelt_interfaces/share/ament_index/resource_index/parent_prefix_path/doppelt_interfaces
-- Symlinking: /home/omzlette/gitROS/FRA333_LAB_HW/LAB4/install/doppelt_interfaces/share/doppelt_interfaces/environment/ament_prefix_path.sh
-- Symlinking: /home/omzlette/gitROS/FRA333_LAB_HW/LAB4/install/doppelt_interfaces/share/doppelt_interfaces/environment/ament_prefix_path.dsv
-- Symlinking: /home/omzlette/gitROS/FRA333_LAB_HW/LAB4/install/doppelt_interfaces/share/doppelt_interfaces/environment/path.sh
-- Symlinking: /home/omzlette/gitROS/FRA333_LAB_HW/LAB4/install/doppelt_interfaces/share/doppelt_interfaces/environment/path.dsv
-- Symlinking: /home/omzlette/gitROS/FRA333_LAB_HW/LAB4/install/doppelt_interfaces/share/doppelt_interfaces/local_setup.bash
-- Symlinking: /home/omzlette/gitROS/FRA333_LAB_HW/LAB4/install/doppelt_interfaces/share/doppelt_interfaces/local_setup.sh
-- Symlinking: /home/omzlette/gitROS/FRA333_LAB_HW/LAB4/install/doppelt_interfaces/share/doppelt_interfaces/local_setup.zsh
-- Symlinking: /home/omzlette/gitROS/FRA333_LAB_HW/LAB4/install/doppelt_interfaces/share/doppelt_interfaces/local_setup.dsv
-- Symlinking: /home/omzlette/gitROS/FRA333_LAB_HW/LAB4/install/doppelt_interfaces/share/doppelt_interfaces/package.dsv
-- Symlinking: /home/omzlette/gitROS/FRA333_LAB_HW/LAB4/install/doppelt_interfaces/share/ament_index/resource_index/packages/doppelt_interfaces
-- Symlinking: /home/omzlette/gitROS/FRA333_LAB_HW/LAB4/install/doppelt_interfaces/share/doppelt_interfaces/cmake/rosidl_cmake-extras.cmake
-- Symlinking: /home/omzlette/gitROS/FRA333_LAB_HW/LAB4/install/doppelt_interfaces/share/doppelt_interfaces/cmake/ament_cmake_export_dependencies-extras.cmake
-- Symlinking: /home/omzlette/gitROS/FRA333_LAB_HW/LAB4/install/doppelt_interfaces/share/doppelt_interfaces/cmake/ament_cmake_export_libraries-extras.cmake
-- Symlinking: /home/omzlette/gitROS/FRA333_LAB_HW/LAB4/install/doppelt_interfaces/share/doppelt_interfaces/cmake/ament_cmake_export_targets-extras.cmake
-- Symlinking: /home/omzlette/gitROS/FRA333_LAB_HW/LAB4/install/doppelt_interfaces/share/doppelt_interfaces/cmake/ament_cmake_export_include_directories-extras.cmake
-- Symlinking: /home/omzlette/gitROS/FRA333_LAB_HW/LAB4/install/doppelt_interfaces/share/doppelt_interfaces/cmake/rosidl_cmake_export_typesupport_libraries-extras.cmake
-- Symlinking: /home/omzlette/gitROS/FRA333_LAB_HW/LAB4/install/doppelt_interfaces/share/doppelt_interfaces/cmake/rosidl_cmake_export_typesupport_targets-extras.cmake
-- Symlinking: /home/omzlette/gitROS/FRA333_LAB_HW/LAB4/install/doppelt_interfaces/share/doppelt_interfaces/cmake/doppelt_interfacesConfig.cmake
-- Symlinking: /home/omzlette/gitROS/FRA333_LAB_HW/LAB4/install/doppelt_interfaces/share/doppelt_interfaces/cmake/doppelt_interfacesConfig-version.cmake
-- Symlinking: /home/omzlette/gitROS/FRA333_LAB_HW/LAB4/install/doppelt_interfaces/share/doppelt_interfaces/package.xml
-- Installing: /home/omzlette/gitROS/FRA333_LAB_HW/LAB4/install/doppelt_interfaces/lib/libdoppelt_interfaces__rosidl_generator_c.so
-- Set runtime path of "/home/omzlette/gitROS/FRA333_LAB_HW/LAB4/install/doppelt_interfaces/lib/libdoppelt_interfaces__rosidl_generator_c.so" to ""
-- Installing: /home/omzlette/gitROS/FRA333_LAB_HW/LAB4/install/doppelt_interfaces/lib/libdoppelt_interfaces__rosidl_typesupport_introspection_c.so
-- Set runtime path of "/home/omzlette/gitROS/FRA333_LAB_HW/LAB4/install/doppelt_interfaces/lib/libdoppelt_interfaces__rosidl_typesupport_introspection_c.so" to ""
-- Installing: /home/omzlette/gitROS/FRA333_LAB_HW/LAB4/install/doppelt_interfaces/lib/libdoppelt_interfaces__rosidl_typesupport_c.so
-- Set runtime path of "/home/omzlette/gitROS/FRA333_LAB_HW/LAB4/install/doppelt_interfaces/lib/libdoppelt_interfaces__rosidl_typesupport_c.so" to ""
-- Installing: /home/omzlette/gitROS/FRA333_LAB_HW/LAB4/install/doppelt_interfaces/lib/libdoppelt_interfaces__rosidl_typesupport_introspection_cpp.so
-- Set runtime path of "/home/omzlette/gitROS/FRA333_LAB_HW/LAB4/install/doppelt_interfaces/lib/libdoppelt_interfaces__rosidl_typesupport_introspection_cpp.so" to ""
-- Installing: /home/omzlette/gitROS/FRA333_LAB_HW/LAB4/install/doppelt_interfaces/lib/libdoppelt_interfaces__rosidl_typesupport_cpp.so
-- Set runtime path of "/home/omzlette/gitROS/FRA333_LAB_HW/LAB4/install/doppelt_interfaces/lib/libdoppelt_interfaces__rosidl_typesupport_cpp.so" to ""
Compiling '/home/omzlette/gitROS/FRA333_LAB_HW/LAB4/install/doppelt_interfaces/lib/python3.8/site-packages/doppelt_interfaces/__init__.py'...
-- Installing: /home/omzlette/gitROS/FRA333_LAB_HW/LAB4/install/doppelt_interfaces/share/doppelt_interfaces/cmake/doppelt_interfaces__rosidl_generator_cExport.cmake
-- Installing: /home/omzlette/gitROS/FRA333_LAB_HW/LAB4/install/doppelt_interfaces/share/doppelt_interfaces/cmake/doppelt_interfaces__rosidl_generator_cExport-noconfig.cmake
-- Installing: /home/omzlette/gitROS/FRA333_LAB_HW/LAB4/install/doppelt_interfaces/share/doppelt_interfaces/cmake/doppelt_interfaces__rosidl_typesupport_introspection_cExport.cmake
-- Installing: /home/omzlette/gitROS/FRA333_LAB_HW/LAB4/install/doppelt_interfaces/share/doppelt_interfaces/cmake/doppelt_interfaces__rosidl_typesupport_introspection_cExport-noconfig.cmake
-- Installing: /home/omzlette/gitROS/FRA333_LAB_HW/LAB4/install/doppelt_interfaces/share/doppelt_interfaces/cmake/doppelt_interfaces__rosidl_typesupport_cExport.cmake
-- Installing: /home/omzlette/gitROS/FRA333_LAB_HW/LAB4/install/doppelt_interfaces/share/doppelt_interfaces/cmake/doppelt_interfaces__rosidl_typesupport_cExport-noconfig.cmake
-- Installing: /home/omzlette/gitROS/FRA333_LAB_HW/LAB4/install/doppelt_interfaces/share/doppelt_interfaces/cmake/doppelt_interfaces__rosidl_generator_cppExport.cmake
-- Installing: /home/omzlette/gitROS/FRA333_LAB_HW/LAB4/install/doppelt_interfaces/share/doppelt_interfaces/cmake/doppelt_interfaces__rosidl_typesupport_introspection_cppExport.cmake
-- Installing: /home/omzlette/gitROS/FRA333_LAB_HW/LAB4/install/doppelt_interfaces/share/doppelt_interfaces/cmake/doppelt_interfaces__rosidl_typesupport_introspection_cppExport-noconfig.cmake
-- Installing: /home/omzlette/gitROS/FRA333_LAB_HW/LAB4/install/doppelt_interfaces/share/doppelt_interfaces/cmake/doppelt_interfaces__rosidl_typesupport_cppExport.cmake
-- Installing: /home/omzlette/gitROS/FRA333_LAB_HW/LAB4/install/doppelt_interfaces/share/doppelt_interfaces/cmake/doppelt_interfaces__rosidl_typesupport_cppExport-noconfig.cmake
