[0.028s] Invoking command in '/home/omzlette/gitROS/FRA333_LAB_HW/LAB4/build/doppelt_interfaces': CMAKE_PREFIX_PATH=${CMAKE_PREFIX_PATH}:/opt/ros/foxy /usr/bin/cmake /home/omzlette/gitROS/FRA333_LAB_HW/LAB4/src/lab4_29/doppelt_interfaces -DAMENT_CMAKE_SYMLINK_INSTALL=1 -DCMAKE_INSTALL_PREFIX=/home/omzlette/gitROS/FRA333_LAB_HW/LAB4/install/doppelt_interfaces
[0.160s] -- The C compiler identification is GNU 9.4.0
[0.309s] -- The CXX compiler identification is GNU 9.4.0
[0.364s] -- Check for working C compiler: /usr/bin/cc
[0.459s] -- Check for working C compiler: /usr/bin/cc -- works
[0.461s] -- Detecting C compiler ABI info
[0.554s] -- Detecting C compiler ABI info - done
[0.564s] -- Detecting C compile features
[0.565s] -- Detecting C compile features - done
[0.569s] -- Check for working CXX compiler: /usr/bin/c++
[0.668s] -- Check for working CXX compiler: /usr/bin/c++ -- works
[0.669s] -- Detecting CXX compiler ABI info
[0.766s] -- Detecting CXX compiler ABI info - done
[0.777s] -- Detecting CXX compile features
[0.778s] -- Detecting CXX compile features - done
[0.784s] -- Found ament_cmake: 0.9.11 (/opt/ros/foxy/share/ament_cmake/cmake)
[0.811s] -- Found PythonInterp: /usr/bin/python3 (found suitable version "3.8.10", minimum required is "3") 
[0.811s] -- Using PYTHON_EXECUTABLE: /usr/bin/python3
[1.011s] -- Override CMake install command with custom implementation using symlinks instead of copying resources
[1.050s] -- Found ament_lint_auto: 0.9.7 (/opt/ros/foxy/share/ament_lint_auto/cmake)
[1.133s] -- Found rosidl_default_generators: 1.0.1 (/opt/ros/foxy/share/rosidl_default_generators/cmake)
[1.137s] -- Using all available rosidl_typesupport_c: rosidl_typesupport_fastrtps_c;rosidl_typesupport_introspection_c
[1.143s] -- Found rosidl_adapter: 1.3.0 (/opt/ros/foxy/share/rosidl_adapter/cmake)
[2.072s] -- Found OpenSSL: /usr/lib/x86_64-linux-gnu/libcrypto.so (found version "1.1.1f")  
[2.662s] -- Found FastRTPS: /opt/ros/foxy/include  
[4.223s] -- Using all available rosidl_typesupport_cpp: rosidl_typesupport_fastrtps_cpp;rosidl_typesupport_introspection_cpp
[4.253s] -- Found geometry_msgs: 2.0.5 (/opt/ros/foxy/share/geometry_msgs/cmake)
[4.364s] -- Found sensor_msgs: 2.0.5 (/opt/ros/foxy/share/sensor_msgs/cmake)
[4.463s] -- Found PythonInterp: /usr/bin/python3 (found version "3.8.10") 
[4.572s] -- Found ament_cmake_ros: 0.9.2 (/opt/ros/foxy/share/ament_cmake_ros/cmake)
[7.587s] -- Using all available rosidl_typesupport_c: rosidl_typesupport_fastrtps_c;rosidl_typesupport_introspection_c
[7.652s] -- Using all available rosidl_typesupport_cpp: rosidl_typesupport_fastrtps_cpp;rosidl_typesupport_introspection_cpp
[7.677s] -- Found PythonInterp: /usr/bin/python3 (found suitable version "3.8.10", minimum required is "3.5") 
[7.679s] -- Found python_cmake_module: 0.8.1 (/opt/ros/foxy/share/python_cmake_module/cmake)
[7.929s] -- Found PythonLibs: /usr/lib/x86_64-linux-gnu/libpython3.8.so (found suitable version "3.8.10", minimum required is "3.5") 
[7.929s] -- Using PYTHON_EXECUTABLE: /usr/bin/python3
[7.929s] -- Using PYTHON_INCLUDE_DIRS: /usr/include/python3.8
[7.929s] -- Using PYTHON_LIBRARIES: /usr/lib/x86_64-linux-gnu/libpython3.8.so
[7.953s] -- Found PythonExtra: .so  
[8.051s] -- Added test 'copyright' to check source files copyright and LICENSE
[8.054s] -- Added test 'lint_cmake' to check CMake code style
[8.056s] -- Added test 'xmllint' to check XML markup files
[8.069s] -- Configuring done
[8.121s] -- Generating done
[8.124s] -- Build files have been written to: /home/omzlette/gitROS/FRA333_LAB_HW/LAB4/build/doppelt_interfaces
[8.133s] Invoked command in '/home/omzlette/gitROS/FRA333_LAB_HW/LAB4/build/doppelt_interfaces' returned '0': CMAKE_PREFIX_PATH=${CMAKE_PREFIX_PATH}:/opt/ros/foxy /usr/bin/cmake /home/omzlette/gitROS/FRA333_LAB_HW/LAB4/src/lab4_29/doppelt_interfaces -DAMENT_CMAKE_SYMLINK_INSTALL=1 -DCMAKE_INSTALL_PREFIX=/home/omzlette/gitROS/FRA333_LAB_HW/LAB4/install/doppelt_interfaces
[8.134s] Invoking command in '/home/omzlette/gitROS/FRA333_LAB_HW/LAB4/build/doppelt_interfaces': CMAKE_PREFIX_PATH=${CMAKE_PREFIX_PATH}:/opt/ros/foxy /usr/bin/cmake --build /home/omzlette/gitROS/FRA333_LAB_HW/LAB4/build/doppelt_interfaces -- -j12 -l12
[8.165s] [  3%] [34m[1mGenerating C code for ROS interfaces[0m
[8.165s] [35m[1mScanning dependencies of target doppelt_interfaces__cpp[0m
[8.174s] [  6%] [34m[1mGenerating C++ code for ROS interfaces[0m
[8.424s] [  6%] Built target doppelt_interfaces__cpp
[8.434s] [  9%] [34m[1mGenerating C++ type support dispatch for ROS interfaces[0m
[8.435s] [ 12%] [34m[1mGenerating C++ introspection for ROS interfaces[0m
[8.435s] [ 16%] [34m[1mGenerating C++ type support for eProsima Fast-RTPS[0m
[8.442s] [35m[1mScanning dependencies of target doppelt_interfaces__rosidl_generator_c[0m
[8.460s] [ 19%] [32mBuilding C object CMakeFiles/doppelt_interfaces__rosidl_generator_c.dir/rosidl_generator_c/doppelt_interfaces/srv/detail/enabler__functions.c.o[0m
[8.518s] [ 22%] [32m[1mLinking C shared library libdoppelt_interfaces__rosidl_generator_c.so[0m
[8.629s] [ 22%] Built target doppelt_interfaces__rosidl_generator_c
[8.643s] [ 25%] [34m[1mGenerating C introspection for ROS interfaces[0m
[8.643s] [ 29%] [34m[1mGenerating C type support dispatch for ROS interfaces[0m
[8.740s] [35m[1mScanning dependencies of target doppelt_interfaces__rosidl_typesupport_cpp[0m
[8.760s] [35m[1mScanning dependencies of target doppelt_interfaces__rosidl_typesupport_introspection_cpp[0m
[8.773s] [ 32%] [32mBuilding CXX object CMakeFiles/doppelt_interfaces__rosidl_typesupport_cpp.dir/rosidl_typesupport_cpp/doppelt_interfaces/srv/enabler__type_support.cpp.o[0m
[8.781s] [ 35%] [32mBuilding CXX object CMakeFiles/doppelt_interfaces__rosidl_typesupport_introspection_cpp.dir/rosidl_typesupport_introspection_cpp/doppelt_interfaces/srv/detail/enabler__type_support.cpp.o[0m
[8.804s] [35m[1mScanning dependencies of target doppelt_interfaces__rosidl_typesupport_fastrtps_cpp[0m
[8.859s] [ 38%] [32mBuilding CXX object CMakeFiles/doppelt_interfaces__rosidl_typesupport_fastrtps_cpp.dir/rosidl_typesupport_fastrtps_cpp/doppelt_interfaces/srv/detail/dds_fastrtps/enabler__type_support.cpp.o[0m
[9.032s] [35m[1mScanning dependencies of target doppelt_interfaces__rosidl_typesupport_c[0m
[9.049s] [ 41%] [32mBuilding CXX object CMakeFiles/doppelt_interfaces__rosidl_typesupport_c.dir/rosidl_typesupport_c/doppelt_interfaces/srv/enabler__type_support.cpp.o[0m
[9.068s] [35m[1mScanning dependencies of target doppelt_interfaces__rosidl_typesupport_introspection_c[0m
[9.082s] [ 48%] [32mBuilding C object CMakeFiles/doppelt_interfaces__rosidl_typesupport_introspection_c.dir/rosidl_typesupport_introspection_c/doppelt_interfaces/srv/detail/enabler__type_support.c.o[0m
[9.082s] [ 48%] [32m[1mLinking CXX shared library libdoppelt_interfaces__rosidl_typesupport_c.so[0m
[9.131s] [ 51%] [32m[1mLinking C shared library libdoppelt_interfaces__rosidl_typesupport_introspection_c.so[0m
[9.212s] [ 51%] Built target doppelt_interfaces__rosidl_typesupport_c
[9.224s] [ 54%] [32m[1mLinking CXX shared library libdoppelt_interfaces__rosidl_typesupport_cpp.so[0m
[9.241s] [ 54%] Built target doppelt_interfaces__rosidl_typesupport_introspection_c
[9.242s] [ 58%] [32m[1mLinking CXX shared library libdoppelt_interfaces__rosidl_typesupport_introspection_cpp.so[0m
[9.321s] [ 58%] Built target doppelt_interfaces__rosidl_typesupport_cpp
[9.359s] [ 58%] Built target doppelt_interfaces__rosidl_typesupport_introspection_cpp
[9.460s] [ 61%] [32m[1mLinking CXX shared library libdoppelt_interfaces__rosidl_typesupport_fastrtps_cpp.so[0m
[9.612s] [ 61%] Built target doppelt_interfaces__rosidl_typesupport_fastrtps_cpp
[9.621s] [ 64%] [34m[1mGenerating C type support for eProsima Fast-RTPS[0m
[9.886s] [35m[1mScanning dependencies of target doppelt_interfaces__rosidl_typesupport_fastrtps_c[0m
[9.907s] [ 67%] [32mBuilding CXX object CMakeFiles/doppelt_interfaces__rosidl_typesupport_fastrtps_c.dir/rosidl_typesupport_fastrtps_c/doppelt_interfaces/srv/detail/enabler__type_support_c.cpp.o[0m
[10.294s] [ 70%] [32m[1mLinking CXX shared library libdoppelt_interfaces__rosidl_typesupport_fastrtps_c.so[0m
[10.419s] [ 70%] Built target doppelt_interfaces__rosidl_typesupport_fastrtps_c
[10.428s] [35m[1mScanning dependencies of target doppelt_interfaces[0m
[10.437s] [ 70%] Built target doppelt_interfaces
[10.445s] [35m[1mScanning dependencies of target doppelt_interfaces__py[0m
[10.454s] [ 74%] [34m[1mGenerating Python code for ROS interfaces[0m
[10.953s] [ 74%] Built target doppelt_interfaces__py
[10.962s] [35m[1mScanning dependencies of target doppelt_interfaces__python[0m
[10.978s] [ 77%] [32mBuilding C object CMakeFiles/doppelt_interfaces__python.dir/rosidl_generator_py/doppelt_interfaces/srv/_enabler_s.c.o[0m
[11.066s] [ 80%] [32m[1mLinking C shared library rosidl_generator_py/doppelt_interfaces/libdoppelt_interfaces__python.so[0m
[11.150s] [ 80%] Built target doppelt_interfaces__python
[11.161s] [35m[1mScanning dependencies of target doppelt_interfaces__rosidl_typesupport_c__pyext[0m
[11.161s] [35m[1mScanning dependencies of target doppelt_interfaces__rosidl_typesupport_introspection_c__pyext[0m
[11.161s] [35m[1mScanning dependencies of target doppelt_interfaces__rosidl_typesupport_fastrtps_c__pyext[0m
[11.178s] [ 83%] [32mBuilding C object CMakeFiles/doppelt_interfaces__rosidl_typesupport_c__pyext.dir/rosidl_generator_py/doppelt_interfaces/_doppelt_interfaces_s.ep.rosidl_typesupport_c.c.o[0m
[11.179s] [ 87%] [32mBuilding C object CMakeFiles/doppelt_interfaces__rosidl_typesupport_introspection_c__pyext.dir/rosidl_generator_py/doppelt_interfaces/_doppelt_interfaces_s.ep.rosidl_typesupport_introspection_c.c.o[0m
[11.180s] [ 90%] [32mBuilding C object CMakeFiles/doppelt_interfaces__rosidl_typesupport_fastrtps_c__pyext.dir/rosidl_generator_py/doppelt_interfaces/_doppelt_interfaces_s.ep.rosidl_typesupport_fastrtps_c.c.o[0m
[11.267s] [ 93%] [32m[1mLinking C shared library rosidl_generator_py/doppelt_interfaces/doppelt_interfaces_s__rosidl_typesupport_introspection_c.cpython-38-x86_64-linux-gnu.so[0m
[11.276s] [ 96%] [32m[1mLinking CXX shared library rosidl_generator_py/doppelt_interfaces/doppelt_interfaces_s__rosidl_typesupport_fastrtps_c.cpython-38-x86_64-linux-gnu.so[0m
[11.278s] [100%] [32m[1mLinking C shared library rosidl_generator_py/doppelt_interfaces/doppelt_interfaces_s__rosidl_typesupport_c.cpython-38-x86_64-linux-gnu.so[0m
[11.343s] [100%] Built target doppelt_interfaces__rosidl_typesupport_c__pyext
[11.349s] [100%] Built target doppelt_interfaces__rosidl_typesupport_introspection_c__pyext
[11.378s] [100%] Built target doppelt_interfaces__rosidl_typesupport_fastrtps_c__pyext
[11.393s] Invoked command in '/home/omzlette/gitROS/FRA333_LAB_HW/LAB4/build/doppelt_interfaces' returned '0': CMAKE_PREFIX_PATH=${CMAKE_PREFIX_PATH}:/opt/ros/foxy /usr/bin/cmake --build /home/omzlette/gitROS/FRA333_LAB_HW/LAB4/build/doppelt_interfaces -- -j12 -l12
[11.442s] Invoking command in '/home/omzlette/gitROS/FRA333_LAB_HW/LAB4/build/doppelt_interfaces': CMAKE_PREFIX_PATH=${CMAKE_PREFIX_PATH}:/opt/ros/foxy /usr/bin/cmake --install /home/omzlette/gitROS/FRA333_LAB_HW/LAB4/build/doppelt_interfaces
[11.450s] -- Install configuration: ""
[11.451s] -- Execute custom install script
[11.452s] -- Symlinking: /home/omzlette/gitROS/FRA333_LAB_HW/LAB4/install/doppelt_interfaces/share/ament_index/resource_index/rosidl_interfaces/doppelt_interfaces
[11.463s] -- Symlinking: /home/omzlette/gitROS/FRA333_LAB_HW/LAB4/install/doppelt_interfaces/include/doppelt_interfaces/msg/rosidl_generator_c__visibility_control.h
[11.473s] -- Symlinking: /home/omzlette/gitROS/FRA333_LAB_HW/LAB4/install/doppelt_interfaces/include/doppelt_interfaces/srv/detail/enabler__functions.h
[11.481s] -- Symlinking: /home/omzlette/gitROS/FRA333_LAB_HW/LAB4/install/doppelt_interfaces/include/doppelt_interfaces/srv/detail/enabler__struct.h
[11.489s] -- Symlinking: /home/omzlette/gitROS/FRA333_LAB_HW/LAB4/install/doppelt_interfaces/include/doppelt_interfaces/srv/detail/enabler__type_support.h
[11.497s] -- Symlinking: /home/omzlette/gitROS/FRA333_LAB_HW/LAB4/install/doppelt_interfaces/include/doppelt_interfaces/srv/enabler.h
[11.507s] -- Symlinking: /home/omzlette/gitROS/FRA333_LAB_HW/LAB4/install/doppelt_interfaces/share/doppelt_interfaces/environment/library_path.sh
[11.516s] -- Symlinking: /home/omzlette/gitROS/FRA333_LAB_HW/LAB4/install/doppelt_interfaces/share/doppelt_interfaces/environment/library_path.dsv
[11.524s] -- Symlinking: /home/omzlette/gitROS/FRA333_LAB_HW/LAB4/install/doppelt_interfaces/include/doppelt_interfaces/msg/rosidl_typesupport_fastrtps_c__visibility_control.h
[11.533s] -- Symlinking: /home/omzlette/gitROS/FRA333_LAB_HW/LAB4/install/doppelt_interfaces/include/doppelt_interfaces/srv/detail/enabler__rosidl_typesupport_fastrtps_c.h
[11.542s] -- Symlinking: /home/omzlette/gitROS/FRA333_LAB_HW/LAB4/install/doppelt_interfaces/lib/libdoppelt_interfaces__rosidl_typesupport_fastrtps_c.so
[11.550s] -- Symlinking: /home/omzlette/gitROS/FRA333_LAB_HW/LAB4/install/doppelt_interfaces/include/doppelt_interfaces/msg/rosidl_typesupport_fastrtps_cpp__visibility_control.h
[11.558s] -- Symlinking: /home/omzlette/gitROS/FRA333_LAB_HW/LAB4/install/doppelt_interfaces/include/doppelt_interfaces/srv/detail/enabler__rosidl_typesupport_fastrtps_cpp.hpp
[11.566s] -- Symlinking: /home/omzlette/gitROS/FRA333_LAB_HW/LAB4/install/doppelt_interfaces/lib/libdoppelt_interfaces__rosidl_typesupport_fastrtps_cpp.so
[11.575s] -- Symlinking: /home/omzlette/gitROS/FRA333_LAB_HW/LAB4/install/doppelt_interfaces/include/doppelt_interfaces/msg/rosidl_typesupport_introspection_c__visibility_control.h
[11.585s] -- Symlinking: /home/omzlette/gitROS/FRA333_LAB_HW/LAB4/install/doppelt_interfaces/include/doppelt_interfaces/srv/detail/enabler__rosidl_typesupport_introspection_c.h
[11.593s] -- Symlinking: /home/omzlette/gitROS/FRA333_LAB_HW/LAB4/install/doppelt_interfaces/include/doppelt_interfaces/srv/detail/enabler__builder.hpp
[11.602s] -- Symlinking: /home/omzlette/gitROS/FRA333_LAB_HW/LAB4/install/doppelt_interfaces/include/doppelt_interfaces/srv/detail/enabler__struct.hpp
[11.611s] -- Symlinking: /home/omzlette/gitROS/FRA333_LAB_HW/LAB4/install/doppelt_interfaces/include/doppelt_interfaces/srv/detail/enabler__traits.hpp
[11.620s] -- Symlinking: /home/omzlette/gitROS/FRA333_LAB_HW/LAB4/install/doppelt_interfaces/include/doppelt_interfaces/srv/enabler.hpp
[11.628s] -- Symlinking: /home/omzlette/gitROS/FRA333_LAB_HW/LAB4/install/doppelt_interfaces/include/doppelt_interfaces/srv/detail/enabler__rosidl_typesupport_introspection_cpp.hpp
[11.638s] -- Symlinking: /home/omzlette/gitROS/FRA333_LAB_HW/LAB4/install/doppelt_interfaces/share/doppelt_interfaces/environment/pythonpath.sh
[11.647s] -- Symlinking: /home/omzlette/gitROS/FRA333_LAB_HW/LAB4/install/doppelt_interfaces/share/doppelt_interfaces/environment/pythonpath.dsv
[11.655s] -- Symlinking: /home/omzlette/gitROS/FRA333_LAB_HW/LAB4/install/doppelt_interfaces/lib/python3.8/site-packages/doppelt_interfaces/__init__.py
[11.663s] -- Symlinking: /home/omzlette/gitROS/FRA333_LAB_HW/LAB4/install/doppelt_interfaces/lib/python3.8/site-packages/doppelt_interfaces/srv/__init__.py
[11.673s] -- Symlinking: /home/omzlette/gitROS/FRA333_LAB_HW/LAB4/install/doppelt_interfaces/lib/python3.8/site-packages/doppelt_interfaces/srv/_enabler.py
[11.681s] -- Symlinking: /home/omzlette/gitROS/FRA333_LAB_HW/LAB4/install/doppelt_interfaces/lib/python3.8/site-packages/doppelt_interfaces/doppelt_interfaces_s__rosidl_typesupport_fastrtps_c.cpython-38-x86_64-linux-gnu.so
[11.690s] -- Symlinking: /home/omzlette/gitROS/FRA333_LAB_HW/LAB4/install/doppelt_interfaces/lib/python3.8/site-packages/doppelt_interfaces/doppelt_interfaces_s__rosidl_typesupport_introspection_c.cpython-38-x86_64-linux-gnu.so
[11.699s] -- Symlinking: /home/omzlette/gitROS/FRA333_LAB_HW/LAB4/install/doppelt_interfaces/lib/python3.8/site-packages/doppelt_interfaces/doppelt_interfaces_s__rosidl_typesupport_c.cpython-38-x86_64-linux-gnu.so
[11.709s] -- Symlinking: /home/omzlette/gitROS/FRA333_LAB_HW/LAB4/install/doppelt_interfaces/lib/libdoppelt_interfaces__python.so
[11.717s] -- Symlinking: /home/omzlette/gitROS/FRA333_LAB_HW/LAB4/install/doppelt_interfaces/share/doppelt_interfaces/srv/Enabler.idl
[11.727s] -- Symlinking: /home/omzlette/gitROS/FRA333_LAB_HW/LAB4/install/doppelt_interfaces/share/doppelt_interfaces/srv/Enabler.srv
[11.736s] -- Symlinking: /home/omzlette/gitROS/FRA333_LAB_HW/LAB4/install/doppelt_interfaces/share/doppelt_interfaces/srv/Enabler_Request.msg
[11.745s] -- Symlinking: /home/omzlette/gitROS/FRA333_LAB_HW/LAB4/install/doppelt_interfaces/share/doppelt_interfaces/srv/Enabler_Response.msg
[11.754s] -- Symlinking: /home/omzlette/gitROS/FRA333_LAB_HW/LAB4/install/doppelt_interfaces/share/ament_index/resource_index/package_run_dependencies/doppelt_interfaces
[11.762s] -- Symlinking: /home/omzlette/gitROS/FRA333_LAB_HW/LAB4/install/doppelt_interfaces/share/ament_index/resource_index/parent_prefix_path/doppelt_interfaces
[11.772s] -- Symlinking: /home/omzlette/gitROS/FRA333_LAB_HW/LAB4/install/doppelt_interfaces/share/doppelt_interfaces/environment/ament_prefix_path.sh
[11.780s] -- Symlinking: /home/omzlette/gitROS/FRA333_LAB_HW/LAB4/install/doppelt_interfaces/share/doppelt_interfaces/environment/ament_prefix_path.dsv
[11.789s] -- Symlinking: /home/omzlette/gitROS/FRA333_LAB_HW/LAB4/install/doppelt_interfaces/share/doppelt_interfaces/environment/path.sh
[11.802s] -- Symlinking: /home/omzlette/gitROS/FRA333_LAB_HW/LAB4/install/doppelt_interfaces/share/doppelt_interfaces/environment/path.dsv
[11.811s] -- Symlinking: /home/omzlette/gitROS/FRA333_LAB_HW/LAB4/install/doppelt_interfaces/share/doppelt_interfaces/local_setup.bash
[11.820s] -- Symlinking: /home/omzlette/gitROS/FRA333_LAB_HW/LAB4/install/doppelt_interfaces/share/doppelt_interfaces/local_setup.sh
[11.831s] -- Symlinking: /home/omzlette/gitROS/FRA333_LAB_HW/LAB4/install/doppelt_interfaces/share/doppelt_interfaces/local_setup.zsh
[11.840s] -- Symlinking: /home/omzlette/gitROS/FRA333_LAB_HW/LAB4/install/doppelt_interfaces/share/doppelt_interfaces/local_setup.dsv
[11.848s] -- Symlinking: /home/omzlette/gitROS/FRA333_LAB_HW/LAB4/install/doppelt_interfaces/share/doppelt_interfaces/package.dsv
[11.856s] -- Symlinking: /home/omzlette/gitROS/FRA333_LAB_HW/LAB4/install/doppelt_interfaces/share/ament_index/resource_index/packages/doppelt_interfaces
[11.864s] -- Symlinking: /home/omzlette/gitROS/FRA333_LAB_HW/LAB4/install/doppelt_interfaces/share/doppelt_interfaces/cmake/rosidl_cmake-extras.cmake
[11.872s] -- Symlinking: /home/omzlette/gitROS/FRA333_LAB_HW/LAB4/install/doppelt_interfaces/share/doppelt_interfaces/cmake/ament_cmake_export_dependencies-extras.cmake
[11.880s] -- Symlinking: /home/omzlette/gitROS/FRA333_LAB_HW/LAB4/install/doppelt_interfaces/share/doppelt_interfaces/cmake/ament_cmake_export_libraries-extras.cmake
[11.888s] -- Symlinking: /home/omzlette/gitROS/FRA333_LAB_HW/LAB4/install/doppelt_interfaces/share/doppelt_interfaces/cmake/ament_cmake_export_targets-extras.cmake
[11.896s] -- Symlinking: /home/omzlette/gitROS/FRA333_LAB_HW/LAB4/install/doppelt_interfaces/share/doppelt_interfaces/cmake/ament_cmake_export_include_directories-extras.cmake
[11.904s] -- Symlinking: /home/omzlette/gitROS/FRA333_LAB_HW/LAB4/install/doppelt_interfaces/share/doppelt_interfaces/cmake/rosidl_cmake_export_typesupport_libraries-extras.cmake
[11.913s] -- Symlinking: /home/omzlette/gitROS/FRA333_LAB_HW/LAB4/install/doppelt_interfaces/share/doppelt_interfaces/cmake/rosidl_cmake_export_typesupport_targets-extras.cmake
[11.922s] -- Symlinking: /home/omzlette/gitROS/FRA333_LAB_HW/LAB4/install/doppelt_interfaces/share/doppelt_interfaces/cmake/doppelt_interfacesConfig.cmake
[11.930s] -- Symlinking: /home/omzlette/gitROS/FRA333_LAB_HW/LAB4/install/doppelt_interfaces/share/doppelt_interfaces/cmake/doppelt_interfacesConfig-version.cmake
[11.938s] -- Symlinking: /home/omzlette/gitROS/FRA333_LAB_HW/LAB4/install/doppelt_interfaces/share/doppelt_interfaces/package.xml
[11.946s] -- Installing: /home/omzlette/gitROS/FRA333_LAB_HW/LAB4/install/doppelt_interfaces/lib/libdoppelt_interfaces__rosidl_generator_c.so
[11.946s] -- Set runtime path of "/home/omzlette/gitROS/FRA333_LAB_HW/LAB4/install/doppelt_interfaces/lib/libdoppelt_interfaces__rosidl_generator_c.so" to ""
[11.947s] -- Installing: /home/omzlette/gitROS/FRA333_LAB_HW/LAB4/install/doppelt_interfaces/lib/libdoppelt_interfaces__rosidl_typesupport_introspection_c.so
[11.947s] -- Set runtime path of "/home/omzlette/gitROS/FRA333_LAB_HW/LAB4/install/doppelt_interfaces/lib/libdoppelt_interfaces__rosidl_typesupport_introspection_c.so" to ""
[11.947s] -- Installing: /home/omzlette/gitROS/FRA333_LAB_HW/LAB4/install/doppelt_interfaces/lib/libdoppelt_interfaces__rosidl_typesupport_c.so
[11.948s] -- Set runtime path of "/home/omzlette/gitROS/FRA333_LAB_HW/LAB4/install/doppelt_interfaces/lib/libdoppelt_interfaces__rosidl_typesupport_c.so" to ""
[11.948s] -- Installing: /home/omzlette/gitROS/FRA333_LAB_HW/LAB4/install/doppelt_interfaces/lib/libdoppelt_interfaces__rosidl_typesupport_introspection_cpp.so
[11.948s] -- Set runtime path of "/home/omzlette/gitROS/FRA333_LAB_HW/LAB4/install/doppelt_interfaces/lib/libdoppelt_interfaces__rosidl_typesupport_introspection_cpp.so" to ""
[11.949s] -- Installing: /home/omzlette/gitROS/FRA333_LAB_HW/LAB4/install/doppelt_interfaces/lib/libdoppelt_interfaces__rosidl_typesupport_cpp.so
[11.949s] -- Set runtime path of "/home/omzlette/gitROS/FRA333_LAB_HW/LAB4/install/doppelt_interfaces/lib/libdoppelt_interfaces__rosidl_typesupport_cpp.so" to ""
[11.988s] Compiling '/home/omzlette/gitROS/FRA333_LAB_HW/LAB4/install/doppelt_interfaces/lib/python3.8/site-packages/doppelt_interfaces/__init__.py'...
[11.992s] -- Installing: /home/omzlette/gitROS/FRA333_LAB_HW/LAB4/install/doppelt_interfaces/share/doppelt_interfaces/cmake/doppelt_interfaces__rosidl_generator_cExport.cmake
[11.992s] -- Installing: /home/omzlette/gitROS/FRA333_LAB_HW/LAB4/install/doppelt_interfaces/share/doppelt_interfaces/cmake/doppelt_interfaces__rosidl_generator_cExport-noconfig.cmake
[11.993s] -- Installing: /home/omzlette/gitROS/FRA333_LAB_HW/LAB4/install/doppelt_interfaces/share/doppelt_interfaces/cmake/doppelt_interfaces__rosidl_typesupport_introspection_cExport.cmake
[11.993s] -- Installing: /home/omzlette/gitROS/FRA333_LAB_HW/LAB4/install/doppelt_interfaces/share/doppelt_interfaces/cmake/doppelt_interfaces__rosidl_typesupport_introspection_cExport-noconfig.cmake
[11.993s] -- Installing: /home/omzlette/gitROS/FRA333_LAB_HW/LAB4/install/doppelt_interfaces/share/doppelt_interfaces/cmake/doppelt_interfaces__rosidl_typesupport_cExport.cmake
[11.994s] -- Installing: /home/omzlette/gitROS/FRA333_LAB_HW/LAB4/install/doppelt_interfaces/share/doppelt_interfaces/cmake/doppelt_interfaces__rosidl_typesupport_cExport-noconfig.cmake
[11.994s] -- Installing: /home/omzlette/gitROS/FRA333_LAB_HW/LAB4/install/doppelt_interfaces/share/doppelt_interfaces/cmake/doppelt_interfaces__rosidl_generator_cppExport.cmake
[11.994s] -- Installing: /home/omzlette/gitROS/FRA333_LAB_HW/LAB4/install/doppelt_interfaces/share/doppelt_interfaces/cmake/doppelt_interfaces__rosidl_typesupport_introspection_cppExport.cmake
[11.994s] -- Installing: /home/omzlette/gitROS/FRA333_LAB_HW/LAB4/install/doppelt_interfaces/share/doppelt_interfaces/cmake/doppelt_interfaces__rosidl_typesupport_introspection_cppExport-noconfig.cmake
[11.994s] -- Installing: /home/omzlette/gitROS/FRA333_LAB_HW/LAB4/install/doppelt_interfaces/share/doppelt_interfaces/cmake/doppelt_interfaces__rosidl_typesupport_cppExport.cmake
[11.994s] -- Installing: /home/omzlette/gitROS/FRA333_LAB_HW/LAB4/install/doppelt_interfaces/share/doppelt_interfaces/cmake/doppelt_interfaces__rosidl_typesupport_cppExport-noconfig.cmake
[12.000s] Invoked command in '/home/omzlette/gitROS/FRA333_LAB_HW/LAB4/build/doppelt_interfaces' returned '0': CMAKE_PREFIX_PATH=${CMAKE_PREFIX_PATH}:/opt/ros/foxy /usr/bin/cmake --install /home/omzlette/gitROS/FRA333_LAB_HW/LAB4/build/doppelt_interfaces
