[0.030s] Invoking command in '/home/valdeus1151/Y3T1/FRA333_LAB_HW/LAB3/build/sandevistan_kinematic': CMAKE_PREFIX_PATH=/opt/ros/foxy /usr/bin/cmake /home/valdeus1151/Y3T1/FRA333_LAB_HW/LAB3/src/fra333_lab3_29_v1/sandevistan_kinematic -DAMENT_CMAKE_SYMLINK_INSTALL=1 -DCMAKE_INSTALL_PREFIX=/home/valdeus1151/Y3T1/FRA333_LAB_HW/LAB3/install/sandevistan_kinematic
[0.093s] -- The C compiler identification is GNU 9.4.0
[0.157s] -- The CXX compiler identification is GNU 9.4.0
[0.165s] -- Check for working C compiler: /usr/bin/cc
[0.253s] -- Check for working C compiler: /usr/bin/cc -- works
[0.255s] -- Detecting C compiler ABI info
[0.352s] -- Detecting C compiler ABI info - done
[0.375s] -- Detecting C compile features
[0.376s] -- Detecting C compile features - done
[0.380s] -- Check for working CXX compiler: /usr/bin/c++
[0.551s] -- Check for working CXX compiler: /usr/bin/c++ -- works
[0.554s] -- Detecting CXX compiler ABI info
[0.690s] -- Detecting CXX compiler ABI info - done
[0.705s] -- Detecting CXX compile features
[0.706s] -- Detecting CXX compile features - done
[0.708s] -- Found rosidl_default_generators: 1.0.1 (/opt/ros/foxy/share/rosidl_default_generators/cmake)
[0.709s] -- Found ament_cmake_core: 0.9.11 (/opt/ros/foxy/share/ament_cmake_core/cmake)
[0.736s] -- Found PythonInterp: /usr/bin/python3 (found suitable version "3.8.10", minimum required is "3") 
[0.736s] -- Using PYTHON_EXECUTABLE: /usr/bin/python3
[0.995s] -- Override CMake install command with custom implementation using symlinks instead of copying resources
[1.003s] -- Using all available rosidl_typesupport_c: rosidl_typesupport_fastrtps_c;rosidl_typesupport_introspection_c
[1.017s] -- Found rosidl_adapter: 1.3.0 (/opt/ros/foxy/share/rosidl_adapter/cmake)
[1.258s] -- Found OpenSSL: /usr/lib/x86_64-linux-gnu/libcrypto.so (found version "1.1.1f")  
[1.323s] -- Found FastRTPS: /opt/ros/foxy/include  
[1.493s] -- Using all available rosidl_typesupport_cpp: rosidl_typesupport_fastrtps_cpp;rosidl_typesupport_introspection_cpp
[1.540s] -- Found geometry_msgs: 2.0.5 (/opt/ros/foxy/share/geometry_msgs/cmake)
[1.665s] -- Found rclcpp: 2.4.2 (/opt/ros/foxy/share/rclcpp/cmake)
[1.734s] -- Found rmw_implementation_cmake: 1.0.3 (/opt/ros/foxy/share/rmw_implementation_cmake/cmake)
[1.737s] -- Using RMW implementation 'rmw_fastrtps_cpp' as default
[1.739s] -- Looking for pthread.h
[1.846s] -- Looking for pthread.h - found
[1.846s] -- Performing Test CMAKE_HAVE_LIBC_PTHREAD
[1.939s] -- Performing Test CMAKE_HAVE_LIBC_PTHREAD - Failed
[1.939s] -- Looking for pthread_create in pthreads
[2.014s] -- Looking for pthread_create in pthreads - not found
[2.014s] -- Looking for pthread_create in pthread
[2.101s] -- Looking for pthread_create in pthread - found
[2.102s] -- Found Threads: TRUE  
[2.300s] -- Found rclpy: 1.0.11 (/opt/ros/foxy/share/rclpy/cmake)
[2.436s] -- Configuring done
[2.441s] -- Generating done
[2.444s] -- Build files have been written to: /home/valdeus1151/Y3T1/FRA333_LAB_HW/LAB3/build/sandevistan_kinematic
[2.457s] Invoked command in '/home/valdeus1151/Y3T1/FRA333_LAB_HW/LAB3/build/sandevistan_kinematic' returned '0': CMAKE_PREFIX_PATH=/opt/ros/foxy /usr/bin/cmake /home/valdeus1151/Y3T1/FRA333_LAB_HW/LAB3/src/fra333_lab3_29_v1/sandevistan_kinematic -DAMENT_CMAKE_SYMLINK_INSTALL=1 -DCMAKE_INSTALL_PREFIX=/home/valdeus1151/Y3T1/FRA333_LAB_HW/LAB3/install/sandevistan_kinematic
[2.461s] Invoking command in '/home/valdeus1151/Y3T1/FRA333_LAB_HW/LAB3/build/sandevistan_kinematic': CMAKE_PREFIX_PATH=/opt/ros/foxy /usr/bin/cmake --build /home/valdeus1151/Y3T1/FRA333_LAB_HW/LAB3/build/sandevistan_kinematic -- -j12 -l12
[2.519s] Invoked command in '/home/valdeus1151/Y3T1/FRA333_LAB_HW/LAB3/build/sandevistan_kinematic' returned '0': CMAKE_PREFIX_PATH=/opt/ros/foxy /usr/bin/cmake --build /home/valdeus1151/Y3T1/FRA333_LAB_HW/LAB3/build/sandevistan_kinematic -- -j12 -l12
[2.551s] Invoking command in '/home/valdeus1151/Y3T1/FRA333_LAB_HW/LAB3/build/sandevistan_kinematic': CMAKE_PREFIX_PATH=/opt/ros/foxy /usr/bin/cmake --install /home/valdeus1151/Y3T1/FRA333_LAB_HW/LAB3/build/sandevistan_kinematic
[2.562s] -- Install configuration: ""
[2.563s] -- Execute custom install script
[2.564s] -- Symlinking: /home/valdeus1151/Y3T1/FRA333_LAB_HW/LAB3/install/sandevistan_kinematic/share/sandevistan_kinematic/environment/pythonpath.sh
[2.576s] -- Symlinking: /home/valdeus1151/Y3T1/FRA333_LAB_HW/LAB3/install/sandevistan_kinematic/share/sandevistan_kinematic/environment/pythonpath.dsv
[2.584s] -- Symlinking: /home/valdeus1151/Y3T1/FRA333_LAB_HW/LAB3/install/sandevistan_kinematic/lib/python3.8/site-packages/sandevistan_kinematic/__init__.py
[2.595s] -- Symlinking: /home/valdeus1151/Y3T1/FRA333_LAB_HW/LAB3/install/sandevistan_kinematic/lib/sandevistan_kinematic/kinematic_server.py
[2.606s] -- Symlinking: /home/valdeus1151/Y3T1/FRA333_LAB_HW/LAB3/install/sandevistan_kinematic/lib/sandevistan_kinematic/trajectory_gen.py
[2.619s] -- Symlinking: /home/valdeus1151/Y3T1/FRA333_LAB_HW/LAB3/install/sandevistan_kinematic/share/sandevistan_kinematic/scripts/kinematic_server.py
[2.630s] -- Symlinking: /home/valdeus1151/Y3T1/FRA333_LAB_HW/LAB3/install/sandevistan_kinematic/share/sandevistan_kinematic/scripts/trajectory_gen.py
[2.642s] -- Symlinking: /home/valdeus1151/Y3T1/FRA333_LAB_HW/LAB3/install/sandevistan_kinematic/share/ament_index/resource_index/package_run_dependencies/sandevistan_kinematic
[2.654s] -- Symlinking: /home/valdeus1151/Y3T1/FRA333_LAB_HW/LAB3/install/sandevistan_kinematic/share/ament_index/resource_index/parent_prefix_path/sandevistan_kinematic
[2.665s] -- Symlinking: /home/valdeus1151/Y3T1/FRA333_LAB_HW/LAB3/install/sandevistan_kinematic/share/sandevistan_kinematic/environment/ament_prefix_path.sh
[2.677s] -- Symlinking: /home/valdeus1151/Y3T1/FRA333_LAB_HW/LAB3/install/sandevistan_kinematic/share/sandevistan_kinematic/environment/ament_prefix_path.dsv
[2.689s] -- Symlinking: /home/valdeus1151/Y3T1/FRA333_LAB_HW/LAB3/install/sandevistan_kinematic/share/sandevistan_kinematic/environment/path.sh
[2.701s] -- Symlinking: /home/valdeus1151/Y3T1/FRA333_LAB_HW/LAB3/install/sandevistan_kinematic/share/sandevistan_kinematic/environment/path.dsv
[2.713s] -- Symlinking: /home/valdeus1151/Y3T1/FRA333_LAB_HW/LAB3/install/sandevistan_kinematic/share/sandevistan_kinematic/local_setup.bash
[2.725s] -- Symlinking: /home/valdeus1151/Y3T1/FRA333_LAB_HW/LAB3/install/sandevistan_kinematic/share/sandevistan_kinematic/local_setup.sh
[2.742s] -- Symlinking: /home/valdeus1151/Y3T1/FRA333_LAB_HW/LAB3/install/sandevistan_kinematic/share/sandevistan_kinematic/local_setup.zsh
[2.753s] -- Symlinking: /home/valdeus1151/Y3T1/FRA333_LAB_HW/LAB3/install/sandevistan_kinematic/share/sandevistan_kinematic/local_setup.dsv
[2.769s] -- Symlinking: /home/valdeus1151/Y3T1/FRA333_LAB_HW/LAB3/install/sandevistan_kinematic/share/sandevistan_kinematic/package.dsv
[2.786s] -- Symlinking: /home/valdeus1151/Y3T1/FRA333_LAB_HW/LAB3/install/sandevistan_kinematic/share/ament_index/resource_index/packages/sandevistan_kinematic
[2.800s] -- Symlinking: /home/valdeus1151/Y3T1/FRA333_LAB_HW/LAB3/install/sandevistan_kinematic/share/sandevistan_kinematic/cmake/sandevistan_kinematicConfig.cmake
[2.811s] -- Symlinking: /home/valdeus1151/Y3T1/FRA333_LAB_HW/LAB3/install/sandevistan_kinematic/share/sandevistan_kinematic/cmake/sandevistan_kinematicConfig-version.cmake
[2.824s] -- Symlinking: /home/valdeus1151/Y3T1/FRA333_LAB_HW/LAB3/install/sandevistan_kinematic/share/sandevistan_kinematic/package.xml
[2.896s] Listing '/home/valdeus1151/Y3T1/FRA333_LAB_HW/LAB3/install/sandevistan_kinematic/lib/python3.8/site-packages/sandevistan_kinematic'...
[2.896s] Compiling '/home/valdeus1151/Y3T1/FRA333_LAB_HW/LAB3/install/sandevistan_kinematic/lib/python3.8/site-packages/sandevistan_kinematic/__init__.py'...
[2.908s] Invoked command in '/home/valdeus1151/Y3T1/FRA333_LAB_HW/LAB3/build/sandevistan_kinematic' returned '0': CMAKE_PREFIX_PATH=/opt/ros/foxy /usr/bin/cmake --install /home/valdeus1151/Y3T1/FRA333_LAB_HW/LAB3/build/sandevistan_kinematic
