[0.014s] Invoking command in '/home/omzlette/gitRos/LAB1_WS/build/lab1_interfaces': CMAKE_PREFIX_PATH=${CMAKE_PREFIX_PATH}:/opt/ros/foxy /usr/bin/cmake /home/omzlette/gitRos/LAB1_WS/src/lab1_interfaces -DAMENT_CMAKE_SYMLINK_INSTALL=1 -DCMAKE_INSTALL_PREFIX=/home/omzlette/gitRos/LAB1_WS/install/lab1_interfaces
[0.074s] -- The C compiler identification is GNU 9.4.0
[0.137s] -- The CXX compiler identification is GNU 9.4.0
[0.140s] -- Check for working C compiler: /usr/bin/cc
[0.184s] -- Check for working C compiler: /usr/bin/cc -- works
[0.185s] -- Detecting C compiler ABI info
[0.230s] -- Detecting C compiler ABI info - done
[0.238s] -- Detecting C compile features
[0.239s] -- Detecting C compile features - done
[0.240s] -- Check for working CXX compiler: /usr/bin/c++
[0.293s] -- Check for working CXX compiler: /usr/bin/c++ -- works
[0.293s] -- Detecting CXX compiler ABI info
[0.346s] -- Detecting CXX compiler ABI info - done
[0.355s] -- Detecting CXX compile features
[0.355s] -- Detecting CXX compile features - done
[0.357s] -- Found ament_cmake: 0.9.9 (/opt/ros/foxy/share/ament_cmake/cmake)
[0.373s] -- Found PythonInterp: /usr/bin/python3 (found suitable version "3.8.10", minimum required is "3") 
[0.373s] -- Using PYTHON_EXECUTABLE: /usr/bin/python3
[0.505s] -- Override CMake install command with custom implementation using symlinks instead of copying resources
[0.520s] -- Found ament_lint_auto: 0.9.6 (/opt/ros/foxy/share/ament_lint_auto/cmake)
[0.571s] -- Found rosidl_default_generators: 1.0.1 (/opt/ros/foxy/share/rosidl_default_generators/cmake)
[0.573s] -- Using all available rosidl_typesupport_c: rosidl_typesupport_fastrtps_c;rosidl_typesupport_introspection_c
[0.578s] -- Found rosidl_adapter: 1.2.1 (/opt/ros/foxy/share/rosidl_adapter/cmake)
[0.638s] -- Found OpenSSL: /usr/lib/x86_64-linux-gnu/libcrypto.so (found version "1.1.1f")  
[0.658s] -- Found FastRTPS: /opt/ros/foxy/include  
[0.715s] -- Using all available rosidl_typesupport_cpp: rosidl_typesupport_fastrtps_cpp;rosidl_typesupport_introspection_cpp
[0.736s] -- Found std_msgs: 2.0.5 (/opt/ros/foxy/share/std_msgs/cmake)
[0.777s] -- Found PythonInterp: /usr/bin/python3 (found version "3.8.10") 
[0.858s] -- Found ament_cmake_ros: 0.9.2 (/opt/ros/foxy/share/ament_cmake_ros/cmake)
[0.998s] -- Using all available rosidl_typesupport_c: rosidl_typesupport_fastrtps_c;rosidl_typesupport_introspection_c
[1.053s] -- Using all available rosidl_typesupport_cpp: rosidl_typesupport_fastrtps_cpp;rosidl_typesupport_introspection_cpp
[1.071s] -- Found PythonInterp: /usr/bin/python3 (found suitable version "3.8.10", minimum required is "3.5") 
[1.072s] -- Found python_cmake_module: 0.8.1 (/opt/ros/foxy/share/python_cmake_module/cmake)
[1.093s] -- Found PythonLibs: /usr/lib/x86_64-linux-gnu/libpython3.8.so (found suitable version "3.8.10", minimum required is "3.5") 
[1.093s] -- Using PYTHON_EXECUTABLE: /usr/bin/python3
[1.093s] -- Using PYTHON_INCLUDE_DIRS: /usr/include/python3.8
[1.093s] -- Using PYTHON_LIBRARIES: /usr/lib/x86_64-linux-gnu/libpython3.8.so
[1.110s] -- Found PythonExtra: .so  
[1.164s] -- Added test 'copyright' to check source files copyright and LICENSE
[1.166s] -- Added test 'lint_cmake' to check CMake code style
[1.167s] -- Added test 'xmllint' to check XML markup files
[1.176s] -- Configuring done
[1.212s] -- Generating done
[1.215s] -- Build files have been written to: /home/omzlette/gitRos/LAB1_WS/build/lab1_interfaces
[1.222s] Invoked command in '/home/omzlette/gitRos/LAB1_WS/build/lab1_interfaces' returned '0': CMAKE_PREFIX_PATH=${CMAKE_PREFIX_PATH}:/opt/ros/foxy /usr/bin/cmake /home/omzlette/gitRos/LAB1_WS/src/lab1_interfaces -DAMENT_CMAKE_SYMLINK_INSTALL=1 -DCMAKE_INSTALL_PREFIX=/home/omzlette/gitRos/LAB1_WS/install/lab1_interfaces
[1.223s] Invoking command in '/home/omzlette/gitRos/LAB1_WS/build/lab1_interfaces': CMAKE_PREFIX_PATH=${CMAKE_PREFIX_PATH}:/opt/ros/foxy /usr/bin/cmake --build /home/omzlette/gitRos/LAB1_WS/build/lab1_interfaces -- -j12 -l12
[1.248s] [35m[1mScanning dependencies of target lab1_interfaces__cpp[0m
[1.249s] [  3%] [34m[1mGenerating C code for ROS interfaces[0m
[1.256s] [  6%] [34m[1mGenerating C++ code for ROS interfaces[0m
[1.446s] [  6%] Built target lab1_interfaces__cpp
[1.453s] [35m[1mScanning dependencies of target lab1_interfaces__rosidl_generator_c[0m
[1.453s] [ 12%] [34m[1mGenerating C++ type support for eProsima Fast-RTPS[0m
[1.453s] [ 12%] [34m[1mGenerating C++ introspection for ROS interfaces[0m
[1.453s] [ 16%] [34m[1mGenerating C++ type support dispatch for ROS interfaces[0m
[1.461s] [ 19%] [32mBuilding C object CMakeFiles/lab1_interfaces__rosidl_generator_c.dir/rosidl_generator_c/lab1_interfaces/srv/detail/set_noise__functions.c.o[0m
[1.498s] [ 22%] [32m[1mLinking C shared library liblab1_interfaces__rosidl_generator_c.so[0m
[1.531s] [ 22%] Built target lab1_interfaces__rosidl_generator_c
[1.538s] [ 29%] [34m[1mGenerating C introspection for ROS interfaces[0m
[1.538s] [ 29%] [34m[1mGenerating C type support dispatch for ROS interfaces[0m
[1.617s] [35m[1mScanning dependencies of target lab1_interfaces__rosidl_typesupport_cpp[0m
[1.633s] [ 32%] [32mBuilding CXX object CMakeFiles/lab1_interfaces__rosidl_typesupport_cpp.dir/rosidl_typesupport_cpp/lab1_interfaces/srv/set_noise__type_support.cpp.o[0m
[1.640s] [35m[1mScanning dependencies of target lab1_interfaces__rosidl_typesupport_introspection_cpp[0m
[1.647s] [35m[1mScanning dependencies of target lab1_interfaces__rosidl_typesupport_fastrtps_cpp[0m
[1.651s] [ 35%] [32mBuilding CXX object CMakeFiles/lab1_interfaces__rosidl_typesupport_introspection_cpp.dir/rosidl_typesupport_introspection_cpp/lab1_interfaces/srv/detail/set_noise__type_support.cpp.o[0m
[1.668s] [ 38%] [32mBuilding CXX object CMakeFiles/lab1_interfaces__rosidl_typesupport_fastrtps_cpp.dir/rosidl_typesupport_fastrtps_cpp/lab1_interfaces/srv/detail/dds_fastrtps/set_noise__type_support.cpp.o[0m
[1.707s] [35m[1mScanning dependencies of target lab1_interfaces__rosidl_typesupport_c[0m
[1.717s] [ 41%] [32mBuilding CXX object CMakeFiles/lab1_interfaces__rosidl_typesupport_c.dir/rosidl_typesupport_c/lab1_interfaces/srv/set_noise__type_support.cpp.o[0m
[1.734s] [35m[1mScanning dependencies of target lab1_interfaces__rosidl_typesupport_introspection_c[0m
[1.743s] [ 45%] [32m[1mLinking CXX shared library liblab1_interfaces__rosidl_typesupport_c.so[0m
[1.744s] [ 48%] [32mBuilding C object CMakeFiles/lab1_interfaces__rosidl_typesupport_introspection_c.dir/rosidl_typesupport_introspection_c/lab1_interfaces/srv/detail/set_noise__type_support.c.o[0m
[1.770s] [ 51%] [32m[1mLinking C shared library liblab1_interfaces__rosidl_typesupport_introspection_c.so[0m
[1.774s] [ 51%] Built target lab1_interfaces__rosidl_typesupport_c
[1.793s] [ 51%] Built target lab1_interfaces__rosidl_typesupport_introspection_c
[1.883s] [ 54%] [32m[1mLinking CXX shared library liblab1_interfaces__rosidl_typesupport_introspection_cpp.so[0m
[1.913s] [ 54%] Built target lab1_interfaces__rosidl_typesupport_introspection_cpp
[1.915s] [ 58%] [32m[1mLinking CXX shared library liblab1_interfaces__rosidl_typesupport_cpp.so[0m
[1.944s] [ 58%] Built target lab1_interfaces__rosidl_typesupport_cpp
[2.029s] [ 61%] [32m[1mLinking CXX shared library liblab1_interfaces__rosidl_typesupport_fastrtps_cpp.so[0m
[2.086s] [ 61%] Built target lab1_interfaces__rosidl_typesupport_fastrtps_cpp
[2.093s] [ 64%] [34m[1mGenerating C type support for eProsima Fast-RTPS[0m
[2.272s] [35m[1mScanning dependencies of target lab1_interfaces__rosidl_typesupport_fastrtps_c[0m
[2.283s] [ 67%] [32mBuilding CXX object CMakeFiles/lab1_interfaces__rosidl_typesupport_fastrtps_c.dir/rosidl_typesupport_fastrtps_c/lab1_interfaces/srv/detail/set_noise__type_support_c.cpp.o[0m
[2.529s] [ 70%] [32m[1mLinking CXX shared library liblab1_interfaces__rosidl_typesupport_fastrtps_c.so[0m
[2.586s] [ 70%] Built target lab1_interfaces__rosidl_typesupport_fastrtps_c
[2.593s] [35m[1mScanning dependencies of target lab1_interfaces[0m
[2.600s] [ 70%] Built target lab1_interfaces
[2.607s] [35m[1mScanning dependencies of target lab1_interfaces__py[0m
[2.614s] [ 74%] [34m[1mGenerating Python code for ROS interfaces[0m
[2.977s] [ 74%] Built target lab1_interfaces__py
[2.983s] [35m[1mScanning dependencies of target lab1_interfaces__python[0m
[3.013s] [ 77%] [32mBuilding C object CMakeFiles/lab1_interfaces__python.dir/rosidl_generator_py/lab1_interfaces/srv/_set_noise_s.c.o[0m
[3.093s] [ 80%] [32m[1mLinking C shared library rosidl_generator_py/lab1_interfaces/liblab1_interfaces__python.so[0m
[3.120s] [ 80%] Built target lab1_interfaces__python
[3.127s] [35m[1mScanning dependencies of target lab1_interfaces__rosidl_typesupport_introspection_c__pyext[0m
[3.127s] [35m[1mScanning dependencies of target lab1_interfaces__rosidl_typesupport_c__pyext[0m
[3.127s] [35m[1mScanning dependencies of target lab1_interfaces__rosidl_typesupport_fastrtps_c__pyext[0m
[3.139s] [ 87%] [32mBuilding C object CMakeFiles/lab1_interfaces__rosidl_typesupport_c__pyext.dir/rosidl_generator_py/lab1_interfaces/_lab1_interfaces_s.ep.rosidl_typesupport_c.c.o[0m
[3.139s] [ 87%] [32mBuilding C object CMakeFiles/lab1_interfaces__rosidl_typesupport_introspection_c__pyext.dir/rosidl_generator_py/lab1_interfaces/_lab1_interfaces_s.ep.rosidl_typesupport_introspection_c.c.o[0m
[3.139s] [ 90%] [32mBuilding C object CMakeFiles/lab1_interfaces__rosidl_typesupport_fastrtps_c__pyext.dir/rosidl_generator_py/lab1_interfaces/_lab1_interfaces_s.ep.rosidl_typesupport_fastrtps_c.c.o[0m
[3.197s] [100%] [32m[1mLinking C shared library rosidl_generator_py/lab1_interfaces/lab1_interfaces_s__rosidl_typesupport_introspection_c.cpython-38-x86_64-linux-gnu.so[0m
[3.197s] [100%] [32m[1mLinking CXX shared library rosidl_generator_py/lab1_interfaces/lab1_interfaces_s__rosidl_typesupport_fastrtps_c.cpython-38-x86_64-linux-gnu.so[0m
[3.197s] [100%] [32m[1mLinking C shared library rosidl_generator_py/lab1_interfaces/lab1_interfaces_s__rosidl_typesupport_c.cpython-38-x86_64-linux-gnu.so[0m
[3.223s] [100%] Built target lab1_interfaces__rosidl_typesupport_c__pyext
[3.223s] [100%] Built target lab1_interfaces__rosidl_typesupport_introspection_c__pyext
[3.243s] [100%] Built target lab1_interfaces__rosidl_typesupport_fastrtps_c__pyext
[3.250s] Invoked command in '/home/omzlette/gitRos/LAB1_WS/build/lab1_interfaces' returned '0': CMAKE_PREFIX_PATH=${CMAKE_PREFIX_PATH}:/opt/ros/foxy /usr/bin/cmake --build /home/omzlette/gitRos/LAB1_WS/build/lab1_interfaces -- -j12 -l12
[3.278s] Invoking command in '/home/omzlette/gitRos/LAB1_WS/build/lab1_interfaces': CMAKE_PREFIX_PATH=${CMAKE_PREFIX_PATH}:/opt/ros/foxy /usr/bin/cmake --install /home/omzlette/gitRos/LAB1_WS/build/lab1_interfaces
[3.284s] -- Install configuration: ""
[3.285s] -- Execute custom install script
[3.285s] -- Symlinking: /home/omzlette/gitRos/LAB1_WS/install/lab1_interfaces/share/ament_index/resource_index/rosidl_interfaces/lab1_interfaces
[3.291s] -- Symlinking: /home/omzlette/gitRos/LAB1_WS/install/lab1_interfaces/include/lab1_interfaces/msg/rosidl_generator_c__visibility_control.h
[3.296s] -- Symlinking: /home/omzlette/gitRos/LAB1_WS/install/lab1_interfaces/include/lab1_interfaces/srv/detail/set_noise__functions.h
[3.302s] -- Symlinking: /home/omzlette/gitRos/LAB1_WS/install/lab1_interfaces/include/lab1_interfaces/srv/detail/set_noise__struct.h
[3.307s] -- Symlinking: /home/omzlette/gitRos/LAB1_WS/install/lab1_interfaces/include/lab1_interfaces/srv/detail/set_noise__type_support.h
[3.313s] -- Symlinking: /home/omzlette/gitRos/LAB1_WS/install/lab1_interfaces/include/lab1_interfaces/srv/set_noise.h
[3.319s] -- Symlinking: /home/omzlette/gitRos/LAB1_WS/install/lab1_interfaces/share/lab1_interfaces/environment/library_path.sh
[3.326s] -- Symlinking: /home/omzlette/gitRos/LAB1_WS/install/lab1_interfaces/share/lab1_interfaces/environment/library_path.dsv
[3.331s] -- Symlinking: /home/omzlette/gitRos/LAB1_WS/install/lab1_interfaces/include/lab1_interfaces/msg/rosidl_typesupport_fastrtps_c__visibility_control.h
[3.337s] -- Symlinking: /home/omzlette/gitRos/LAB1_WS/install/lab1_interfaces/include/lab1_interfaces/srv/detail/set_noise__rosidl_typesupport_fastrtps_c.h
[3.342s] -- Symlinking: /home/omzlette/gitRos/LAB1_WS/install/lab1_interfaces/lib/liblab1_interfaces__rosidl_typesupport_fastrtps_c.so
[3.348s] -- Symlinking: /home/omzlette/gitRos/LAB1_WS/install/lab1_interfaces/include/lab1_interfaces/msg/rosidl_typesupport_fastrtps_cpp__visibility_control.h
[3.353s] -- Symlinking: /home/omzlette/gitRos/LAB1_WS/install/lab1_interfaces/include/lab1_interfaces/srv/detail/set_noise__rosidl_typesupport_fastrtps_cpp.hpp
[3.359s] -- Symlinking: /home/omzlette/gitRos/LAB1_WS/install/lab1_interfaces/lib/liblab1_interfaces__rosidl_typesupport_fastrtps_cpp.so
[3.365s] -- Symlinking: /home/omzlette/gitRos/LAB1_WS/install/lab1_interfaces/include/lab1_interfaces/msg/rosidl_typesupport_introspection_c__visibility_control.h
[3.370s] -- Symlinking: /home/omzlette/gitRos/LAB1_WS/install/lab1_interfaces/include/lab1_interfaces/srv/detail/set_noise__rosidl_typesupport_introspection_c.h
[3.375s] -- Symlinking: /home/omzlette/gitRos/LAB1_WS/install/lab1_interfaces/include/lab1_interfaces/srv/detail/set_noise__builder.hpp
[3.381s] -- Symlinking: /home/omzlette/gitRos/LAB1_WS/install/lab1_interfaces/include/lab1_interfaces/srv/detail/set_noise__struct.hpp
[3.386s] -- Symlinking: /home/omzlette/gitRos/LAB1_WS/install/lab1_interfaces/include/lab1_interfaces/srv/detail/set_noise__traits.hpp
[3.392s] -- Symlinking: /home/omzlette/gitRos/LAB1_WS/install/lab1_interfaces/include/lab1_interfaces/srv/set_noise.hpp
[3.397s] -- Symlinking: /home/omzlette/gitRos/LAB1_WS/install/lab1_interfaces/include/lab1_interfaces/srv/detail/set_noise__rosidl_typesupport_introspection_cpp.hpp
[3.403s] -- Symlinking: /home/omzlette/gitRos/LAB1_WS/install/lab1_interfaces/share/lab1_interfaces/environment/pythonpath.sh
[3.408s] -- Symlinking: /home/omzlette/gitRos/LAB1_WS/install/lab1_interfaces/share/lab1_interfaces/environment/pythonpath.dsv
[3.414s] -- Symlinking: /home/omzlette/gitRos/LAB1_WS/install/lab1_interfaces/lib/python3.8/site-packages/lab1_interfaces/__init__.py
[3.420s] -- Symlinking: /home/omzlette/gitRos/LAB1_WS/install/lab1_interfaces/lib/python3.8/site-packages/lab1_interfaces/srv/__init__.py
[3.426s] -- Symlinking: /home/omzlette/gitRos/LAB1_WS/install/lab1_interfaces/lib/python3.8/site-packages/lab1_interfaces/srv/_set_noise.py
[3.431s] -- Symlinking: /home/omzlette/gitRos/LAB1_WS/install/lab1_interfaces/lib/python3.8/site-packages/lab1_interfaces/lab1_interfaces_s__rosidl_typesupport_fastrtps_c.cpython-38-x86_64-linux-gnu.so
[3.437s] -- Symlinking: /home/omzlette/gitRos/LAB1_WS/install/lab1_interfaces/lib/python3.8/site-packages/lab1_interfaces/lab1_interfaces_s__rosidl_typesupport_introspection_c.cpython-38-x86_64-linux-gnu.so
[3.442s] -- Symlinking: /home/omzlette/gitRos/LAB1_WS/install/lab1_interfaces/lib/python3.8/site-packages/lab1_interfaces/lab1_interfaces_s__rosidl_typesupport_c.cpython-38-x86_64-linux-gnu.so
[3.448s] -- Symlinking: /home/omzlette/gitRos/LAB1_WS/install/lab1_interfaces/lib/liblab1_interfaces__python.so
[3.453s] -- Symlinking: /home/omzlette/gitRos/LAB1_WS/install/lab1_interfaces/share/lab1_interfaces/srv/SetNoise.idl
[3.459s] -- Symlinking: /home/omzlette/gitRos/LAB1_WS/install/lab1_interfaces/share/lab1_interfaces/srv/SetNoise.srv
[3.464s] -- Symlinking: /home/omzlette/gitRos/LAB1_WS/install/lab1_interfaces/share/lab1_interfaces/srv/SetNoise_Request.msg
[3.470s] -- Symlinking: /home/omzlette/gitRos/LAB1_WS/install/lab1_interfaces/share/lab1_interfaces/srv/SetNoise_Response.msg
[3.475s] -- Symlinking: /home/omzlette/gitRos/LAB1_WS/install/lab1_interfaces/share/ament_index/resource_index/package_run_dependencies/lab1_interfaces
[3.480s] -- Symlinking: /home/omzlette/gitRos/LAB1_WS/install/lab1_interfaces/share/ament_index/resource_index/parent_prefix_path/lab1_interfaces
[3.486s] -- Symlinking: /home/omzlette/gitRos/LAB1_WS/install/lab1_interfaces/share/lab1_interfaces/environment/ament_prefix_path.sh
[3.492s] -- Symlinking: /home/omzlette/gitRos/LAB1_WS/install/lab1_interfaces/share/lab1_interfaces/environment/ament_prefix_path.dsv
[3.497s] -- Symlinking: /home/omzlette/gitRos/LAB1_WS/install/lab1_interfaces/share/lab1_interfaces/environment/path.sh
[3.503s] -- Symlinking: /home/omzlette/gitRos/LAB1_WS/install/lab1_interfaces/share/lab1_interfaces/environment/path.dsv
[3.508s] -- Symlinking: /home/omzlette/gitRos/LAB1_WS/install/lab1_interfaces/share/lab1_interfaces/local_setup.bash
[3.514s] -- Symlinking: /home/omzlette/gitRos/LAB1_WS/install/lab1_interfaces/share/lab1_interfaces/local_setup.sh
[3.520s] -- Symlinking: /home/omzlette/gitRos/LAB1_WS/install/lab1_interfaces/share/lab1_interfaces/local_setup.zsh
[3.525s] -- Symlinking: /home/omzlette/gitRos/LAB1_WS/install/lab1_interfaces/share/lab1_interfaces/local_setup.dsv
[3.531s] -- Symlinking: /home/omzlette/gitRos/LAB1_WS/install/lab1_interfaces/share/lab1_interfaces/package.dsv
[3.537s] -- Symlinking: /home/omzlette/gitRos/LAB1_WS/install/lab1_interfaces/share/ament_index/resource_index/packages/lab1_interfaces
[3.543s] -- Symlinking: /home/omzlette/gitRos/LAB1_WS/install/lab1_interfaces/share/lab1_interfaces/cmake/rosidl_cmake-extras.cmake
[3.549s] -- Symlinking: /home/omzlette/gitRos/LAB1_WS/install/lab1_interfaces/share/lab1_interfaces/cmake/ament_cmake_export_dependencies-extras.cmake
[3.554s] -- Symlinking: /home/omzlette/gitRos/LAB1_WS/install/lab1_interfaces/share/lab1_interfaces/cmake/ament_cmake_export_libraries-extras.cmake
[3.560s] -- Symlinking: /home/omzlette/gitRos/LAB1_WS/install/lab1_interfaces/share/lab1_interfaces/cmake/ament_cmake_export_targets-extras.cmake
[3.565s] -- Symlinking: /home/omzlette/gitRos/LAB1_WS/install/lab1_interfaces/share/lab1_interfaces/cmake/ament_cmake_export_include_directories-extras.cmake
[3.571s] -- Symlinking: /home/omzlette/gitRos/LAB1_WS/install/lab1_interfaces/share/lab1_interfaces/cmake/rosidl_cmake_export_typesupport_libraries-extras.cmake
[3.576s] -- Symlinking: /home/omzlette/gitRos/LAB1_WS/install/lab1_interfaces/share/lab1_interfaces/cmake/rosidl_cmake_export_typesupport_targets-extras.cmake
[3.582s] -- Symlinking: /home/omzlette/gitRos/LAB1_WS/install/lab1_interfaces/share/lab1_interfaces/cmake/lab1_interfacesConfig.cmake
[3.587s] -- Symlinking: /home/omzlette/gitRos/LAB1_WS/install/lab1_interfaces/share/lab1_interfaces/cmake/lab1_interfacesConfig-version.cmake
[3.593s] -- Symlinking: /home/omzlette/gitRos/LAB1_WS/install/lab1_interfaces/share/lab1_interfaces/package.xml
[3.599s] -- Installing: /home/omzlette/gitRos/LAB1_WS/install/lab1_interfaces/lib/liblab1_interfaces__rosidl_generator_c.so
[3.599s] -- Set runtime path of "/home/omzlette/gitRos/LAB1_WS/install/lab1_interfaces/lib/liblab1_interfaces__rosidl_generator_c.so" to ""
[3.599s] -- Installing: /home/omzlette/gitRos/LAB1_WS/install/lab1_interfaces/lib/liblab1_interfaces__rosidl_typesupport_introspection_c.so
[3.599s] -- Set runtime path of "/home/omzlette/gitRos/LAB1_WS/install/lab1_interfaces/lib/liblab1_interfaces__rosidl_typesupport_introspection_c.so" to ""
[3.600s] -- Installing: /home/omzlette/gitRos/LAB1_WS/install/lab1_interfaces/lib/liblab1_interfaces__rosidl_typesupport_c.so
[3.600s] -- Set runtime path of "/home/omzlette/gitRos/LAB1_WS/install/lab1_interfaces/lib/liblab1_interfaces__rosidl_typesupport_c.so" to ""
[3.600s] -- Installing: /home/omzlette/gitRos/LAB1_WS/install/lab1_interfaces/lib/liblab1_interfaces__rosidl_typesupport_introspection_cpp.so
[3.600s] -- Set runtime path of "/home/omzlette/gitRos/LAB1_WS/install/lab1_interfaces/lib/liblab1_interfaces__rosidl_typesupport_introspection_cpp.so" to ""
[3.600s] -- Installing: /home/omzlette/gitRos/LAB1_WS/install/lab1_interfaces/lib/liblab1_interfaces__rosidl_typesupport_cpp.so
[3.600s] -- Set runtime path of "/home/omzlette/gitRos/LAB1_WS/install/lab1_interfaces/lib/liblab1_interfaces__rosidl_typesupport_cpp.so" to ""
[3.620s] Compiling '/home/omzlette/gitRos/LAB1_WS/install/lab1_interfaces/lib/python3.8/site-packages/lab1_interfaces/__init__.py'...
[3.623s] -- Installing: /home/omzlette/gitRos/LAB1_WS/install/lab1_interfaces/share/lab1_interfaces/cmake/lab1_interfaces__rosidl_generator_cExport.cmake
[3.623s] -- Installing: /home/omzlette/gitRos/LAB1_WS/install/lab1_interfaces/share/lab1_interfaces/cmake/lab1_interfaces__rosidl_generator_cExport-noconfig.cmake
[3.624s] -- Installing: /home/omzlette/gitRos/LAB1_WS/install/lab1_interfaces/share/lab1_interfaces/cmake/lab1_interfaces__rosidl_typesupport_introspection_cExport.cmake
[3.624s] -- Installing: /home/omzlette/gitRos/LAB1_WS/install/lab1_interfaces/share/lab1_interfaces/cmake/lab1_interfaces__rosidl_typesupport_introspection_cExport-noconfig.cmake
[3.624s] -- Installing: /home/omzlette/gitRos/LAB1_WS/install/lab1_interfaces/share/lab1_interfaces/cmake/lab1_interfaces__rosidl_typesupport_cExport.cmake
[3.624s] -- Installing: /home/omzlette/gitRos/LAB1_WS/install/lab1_interfaces/share/lab1_interfaces/cmake/lab1_interfaces__rosidl_typesupport_cExport-noconfig.cmake
[3.624s] -- Installing: /home/omzlette/gitRos/LAB1_WS/install/lab1_interfaces/share/lab1_interfaces/cmake/lab1_interfaces__rosidl_generator_cppExport.cmake
[3.624s] -- Installing: /home/omzlette/gitRos/LAB1_WS/install/lab1_interfaces/share/lab1_interfaces/cmake/lab1_interfaces__rosidl_typesupport_introspection_cppExport.cmake
[3.625s] -- Installing: /home/omzlette/gitRos/LAB1_WS/install/lab1_interfaces/share/lab1_interfaces/cmake/lab1_interfaces__rosidl_typesupport_introspection_cppExport-noconfig.cmake
[3.625s] -- Installing: /home/omzlette/gitRos/LAB1_WS/install/lab1_interfaces/share/lab1_interfaces/cmake/lab1_interfaces__rosidl_typesupport_cppExport.cmake
[3.625s] -- Installing: /home/omzlette/gitRos/LAB1_WS/install/lab1_interfaces/share/lab1_interfaces/cmake/lab1_interfaces__rosidl_typesupport_cppExport-noconfig.cmake
[3.629s] Invoked command in '/home/omzlette/gitRos/LAB1_WS/build/lab1_interfaces' returned '0': CMAKE_PREFIX_PATH=${CMAKE_PREFIX_PATH}:/opt/ros/foxy /usr/bin/cmake --install /home/omzlette/gitRos/LAB1_WS/build/lab1_interfaces
