[0.181s] DEBUG:colcon:Command line arguments: ['/usr/bin/colcon', 'build', '--symlink-install']
[0.181s] DEBUG:colcon:Parsed command line arguments: Namespace(allow_overriding=[], ament_cmake_args=None, base_paths=['.'], build_base='build', catkin_cmake_args=None, catkin_skip_building_tests=False, cmake_args=None, cmake_clean_cache=False, cmake_clean_first=False, cmake_force_configure=False, cmake_target=None, cmake_target_skip_unavailable=False, continue_on_error=False, event_handlers=None, executor='parallel', ignore_user_meta=False, install_base='install', log_base=None, log_level=None, main=<bound method BuildVerb.main of <colcon_core.verb.build.BuildVerb object at 0x7f5837ac1820>>, merge_install=False, metas=['./colcon.meta'], packages_above=None, packages_above_and_dependencies=None, packages_above_depth=None, packages_end=None, packages_ignore=None, packages_ignore_regex=None, packages_select=None, packages_select_build_failed=False, packages_select_by_dep=None, packages_select_regex=None, packages_select_test_failures=False, packages_skip=None, packages_skip_build_finished=False, packages_skip_by_dep=None, packages_skip_regex=None, packages_skip_test_passed=False, packages_skip_up_to=None, packages_start=None, packages_up_to=None, packages_up_to_regex=None, parallel_workers=12, paths=None, symlink_install=True, test_result_base=None, verb_extension=<colcon_core.verb.build.BuildVerb object at 0x7f5837ac1820>, verb_name='build', verb_parser=<colcon_defaults.argument_parser.defaults.DefaultArgumentsDecorator object at 0x7f5837ac1d90>)
[0.209s] Level 1:colcon.colcon_core.package_discovery:discover_packages(colcon_meta) check parameters
[0.209s] Level 1:colcon.colcon_core.package_discovery:discover_packages(recursive) check parameters
[0.209s] Level 1:colcon.colcon_core.package_discovery:discover_packages(ignore) check parameters
[0.209s] Level 1:colcon.colcon_core.package_discovery:discover_packages(path) check parameters
[0.209s] Level 1:colcon.colcon_core.package_discovery:discover_packages(colcon_meta) discover
[0.209s] Level 1:colcon.colcon_core.package_discovery:discover_packages(recursive) discover
[0.209s] INFO:colcon.colcon_core.package_discovery:Crawling recursively for packages in '/home/valdeus1151/Y3T1/FRA333_LAB_HW/LAB4'
[0.209s] Level 1:colcon.colcon_core.package_identification:_identify(.) by extensions ['ignore', 'ignore_ament_install']
[0.210s] Level 1:colcon.colcon_core.package_identification:_identify(.) by extension 'ignore'
[0.210s] Level 1:colcon.colcon_core.package_identification:_identify(.) by extension 'ignore_ament_install'
[0.210s] Level 1:colcon.colcon_core.package_identification:_identify(.) by extensions ['colcon_pkg']
[0.210s] Level 1:colcon.colcon_core.package_identification:_identify(.) by extension 'colcon_pkg'
[0.210s] Level 1:colcon.colcon_core.package_identification:_identify(.) by extensions ['colcon_meta']
[0.210s] Level 1:colcon.colcon_core.package_identification:_identify(.) by extension 'colcon_meta'
[0.210s] Level 1:colcon.colcon_core.package_identification:_identify(.) by extensions ['ros']
[0.210s] Level 1:colcon.colcon_core.package_identification:_identify(.) by extension 'ros'
[0.222s] Level 1:colcon.colcon_core.package_identification:_identify(.) by extensions ['cmake', 'python']
[0.222s] Level 1:colcon.colcon_core.package_identification:_identify(.) by extension 'cmake'
[0.222s] Level 1:colcon.colcon_core.package_identification:_identify(.) by extension 'python'
[0.222s] Level 1:colcon.colcon_core.package_identification:_identify(.) by extensions ['python_setup_py']
[0.222s] Level 1:colcon.colcon_core.package_identification:_identify(.) by extension 'python_setup_py'
[0.222s] Level 1:colcon.colcon_core.package_identification:_identify(build) by extensions ['ignore', 'ignore_ament_install']
[0.222s] Level 1:colcon.colcon_core.package_identification:_identify(build) by extension 'ignore'
[0.222s] Level 1:colcon.colcon_core.package_identification:_identify(build) ignored
[0.222s] Level 1:colcon.colcon_core.package_identification:_identify(install) by extensions ['ignore', 'ignore_ament_install']
[0.222s] Level 1:colcon.colcon_core.package_identification:_identify(install) by extension 'ignore'
[0.223s] Level 1:colcon.colcon_core.package_identification:_identify(install) ignored
[0.223s] Level 1:colcon.colcon_core.package_identification:_identify(log) by extensions ['ignore', 'ignore_ament_install']
[0.223s] Level 1:colcon.colcon_core.package_identification:_identify(log) by extension 'ignore'
[0.223s] Level 1:colcon.colcon_core.package_identification:_identify(log) ignored
[0.223s] Level 1:colcon.colcon_core.package_identification:_identify(src) by extensions ['ignore', 'ignore_ament_install']
[0.223s] Level 1:colcon.colcon_core.package_identification:_identify(src) by extension 'ignore'
[0.223s] Level 1:colcon.colcon_core.package_identification:_identify(src) by extension 'ignore_ament_install'
[0.223s] Level 1:colcon.colcon_core.package_identification:_identify(src) by extensions ['colcon_pkg']
[0.223s] Level 1:colcon.colcon_core.package_identification:_identify(src) by extension 'colcon_pkg'
[0.223s] Level 1:colcon.colcon_core.package_identification:_identify(src) by extensions ['colcon_meta']
[0.223s] Level 1:colcon.colcon_core.package_identification:_identify(src) by extension 'colcon_meta'
[0.223s] Level 1:colcon.colcon_core.package_identification:_identify(src) by extensions ['ros']
[0.223s] Level 1:colcon.colcon_core.package_identification:_identify(src) by extension 'ros'
[0.223s] Level 1:colcon.colcon_core.package_identification:_identify(src) by extensions ['cmake', 'python']
[0.223s] Level 1:colcon.colcon_core.package_identification:_identify(src) by extension 'cmake'
[0.223s] Level 1:colcon.colcon_core.package_identification:_identify(src) by extension 'python'
[0.223s] Level 1:colcon.colcon_core.package_identification:_identify(src) by extensions ['python_setup_py']
[0.224s] Level 1:colcon.colcon_core.package_identification:_identify(src) by extension 'python_setup_py'
[0.224s] Level 1:colcon.colcon_core.package_identification:_identify(src/doc) by extensions ['ignore', 'ignore_ament_install']
[0.224s] Level 1:colcon.colcon_core.package_identification:_identify(src/doc) by extension 'ignore'
[0.224s] Level 1:colcon.colcon_core.package_identification:_identify(src/doc) by extension 'ignore_ament_install'
[0.224s] Level 1:colcon.colcon_core.package_identification:_identify(src/doc) by extensions ['colcon_pkg']
[0.224s] Level 1:colcon.colcon_core.package_identification:_identify(src/doc) by extension 'colcon_pkg'
[0.224s] Level 1:colcon.colcon_core.package_identification:_identify(src/doc) by extensions ['colcon_meta']
[0.224s] Level 1:colcon.colcon_core.package_identification:_identify(src/doc) by extension 'colcon_meta'
[0.224s] Level 1:colcon.colcon_core.package_identification:_identify(src/doc) by extensions ['ros']
[0.224s] Level 1:colcon.colcon_core.package_identification:_identify(src/doc) by extension 'ros'
[0.224s] Level 1:colcon.colcon_core.package_identification:_identify(src/doc) by extensions ['cmake', 'python']
[0.224s] Level 1:colcon.colcon_core.package_identification:_identify(src/doc) by extension 'cmake'
[0.224s] Level 1:colcon.colcon_core.package_identification:_identify(src/doc) by extension 'python'
[0.224s] Level 1:colcon.colcon_core.package_identification:_identify(src/doc) by extensions ['python_setup_py']
[0.224s] Level 1:colcon.colcon_core.package_identification:_identify(src/doc) by extension 'python_setup_py'
[0.224s] Level 1:colcon.colcon_core.package_identification:_identify(src/lab4_29) by extensions ['ignore', 'ignore_ament_install']
[0.225s] Level 1:colcon.colcon_core.package_identification:_identify(src/lab4_29) by extension 'ignore'
[0.225s] Level 1:colcon.colcon_core.package_identification:_identify(src/lab4_29) by extension 'ignore_ament_install'
[0.225s] Level 1:colcon.colcon_core.package_identification:_identify(src/lab4_29) by extensions ['colcon_pkg']
[0.225s] Level 1:colcon.colcon_core.package_identification:_identify(src/lab4_29) by extension 'colcon_pkg'
[0.225s] Level 1:colcon.colcon_core.package_identification:_identify(src/lab4_29) by extensions ['colcon_meta']
[0.225s] Level 1:colcon.colcon_core.package_identification:_identify(src/lab4_29) by extension 'colcon_meta'
[0.225s] Level 1:colcon.colcon_core.package_identification:_identify(src/lab4_29) by extensions ['ros']
[0.225s] Level 1:colcon.colcon_core.package_identification:_identify(src/lab4_29) by extension 'ros'
[0.225s] Level 1:colcon.colcon_core.package_identification:_identify(src/lab4_29) by extensions ['cmake', 'python']
[0.225s] Level 1:colcon.colcon_core.package_identification:_identify(src/lab4_29) by extension 'cmake'
[0.225s] Level 1:colcon.colcon_core.package_identification:_identify(src/lab4_29) by extension 'python'
[0.225s] Level 1:colcon.colcon_core.package_identification:_identify(src/lab4_29) by extensions ['python_setup_py']
[0.225s] Level 1:colcon.colcon_core.package_identification:_identify(src/lab4_29) by extension 'python_setup_py'
[0.225s] Level 1:colcon.colcon_core.package_identification:_identify(src/lab4_29/doppelt_control) by extensions ['ignore', 'ignore_ament_install']
[0.225s] Level 1:colcon.colcon_core.package_identification:_identify(src/lab4_29/doppelt_control) by extension 'ignore'
[0.225s] Level 1:colcon.colcon_core.package_identification:_identify(src/lab4_29/doppelt_control) by extension 'ignore_ament_install'
[0.225s] Level 1:colcon.colcon_core.package_identification:_identify(src/lab4_29/doppelt_control) by extensions ['colcon_pkg']
[0.225s] Level 1:colcon.colcon_core.package_identification:_identify(src/lab4_29/doppelt_control) by extension 'colcon_pkg'
[0.226s] Level 1:colcon.colcon_core.package_identification:_identify(src/lab4_29/doppelt_control) by extensions ['colcon_meta']
[0.226s] Level 1:colcon.colcon_core.package_identification:_identify(src/lab4_29/doppelt_control) by extension 'colcon_meta'
[0.226s] Level 1:colcon.colcon_core.package_identification:_identify(src/lab4_29/doppelt_control) by extensions ['ros']
[0.226s] Level 1:colcon.colcon_core.package_identification:_identify(src/lab4_29/doppelt_control) by extension 'ros'
[0.228s] DEBUG:colcon.colcon_core.package_identification:Package 'src/lab4_29/doppelt_control' with type 'ros.ament_cmake' and name 'doppelt_control'
[0.229s] Level 1:colcon.colcon_core.package_identification:_identify(src/lab4_29/doppelt_description) by extensions ['ignore', 'ignore_ament_install']
[0.229s] Level 1:colcon.colcon_core.package_identification:_identify(src/lab4_29/doppelt_description) by extension 'ignore'
[0.229s] Level 1:colcon.colcon_core.package_identification:_identify(src/lab4_29/doppelt_description) by extension 'ignore_ament_install'
[0.229s] Level 1:colcon.colcon_core.package_identification:_identify(src/lab4_29/doppelt_description) by extensions ['colcon_pkg']
[0.229s] Level 1:colcon.colcon_core.package_identification:_identify(src/lab4_29/doppelt_description) by extension 'colcon_pkg'
[0.229s] Level 1:colcon.colcon_core.package_identification:_identify(src/lab4_29/doppelt_description) by extensions ['colcon_meta']
[0.229s] Level 1:colcon.colcon_core.package_identification:_identify(src/lab4_29/doppelt_description) by extension 'colcon_meta'
[0.229s] Level 1:colcon.colcon_core.package_identification:_identify(src/lab4_29/doppelt_description) by extensions ['ros']
[0.229s] Level 1:colcon.colcon_core.package_identification:_identify(src/lab4_29/doppelt_description) by extension 'ros'
[0.230s] DEBUG:colcon.colcon_core.package_identification:Package 'src/lab4_29/doppelt_description' with type 'ros.ament_cmake' and name 'doppelt_description'
[0.230s] Level 1:colcon.colcon_core.package_identification:_identify(src/lab4_29/doppelt_interfaces) by extensions ['ignore', 'ignore_ament_install']
[0.230s] Level 1:colcon.colcon_core.package_identification:_identify(src/lab4_29/doppelt_interfaces) by extension 'ignore'
[0.230s] Level 1:colcon.colcon_core.package_identification:_identify(src/lab4_29/doppelt_interfaces) by extension 'ignore_ament_install'
[0.230s] Level 1:colcon.colcon_core.package_identification:_identify(src/lab4_29/doppelt_interfaces) by extensions ['colcon_pkg']
[0.230s] Level 1:colcon.colcon_core.package_identification:_identify(src/lab4_29/doppelt_interfaces) by extension 'colcon_pkg'
[0.230s] Level 1:colcon.colcon_core.package_identification:_identify(src/lab4_29/doppelt_interfaces) by extensions ['colcon_meta']
[0.230s] Level 1:colcon.colcon_core.package_identification:_identify(src/lab4_29/doppelt_interfaces) by extension 'colcon_meta'
[0.230s] Level 1:colcon.colcon_core.package_identification:_identify(src/lab4_29/doppelt_interfaces) by extensions ['ros']
[0.230s] Level 1:colcon.colcon_core.package_identification:_identify(src/lab4_29/doppelt_interfaces) by extension 'ros'
[0.232s] DEBUG:colcon.colcon_core.package_identification:Package 'src/lab4_29/doppelt_interfaces' with type 'ros.ament_cmake' and name 'doppelt_interfaces'
[0.232s] Level 1:colcon.colcon_core.package_identification:_identify(src/lab4_29/doppelt_kinematics) by extensions ['ignore', 'ignore_ament_install']
[0.233s] Level 1:colcon.colcon_core.package_identification:_identify(src/lab4_29/doppelt_kinematics) by extension 'ignore'
[0.233s] Level 1:colcon.colcon_core.package_identification:_identify(src/lab4_29/doppelt_kinematics) by extension 'ignore_ament_install'
[0.233s] Level 1:colcon.colcon_core.package_identification:_identify(src/lab4_29/doppelt_kinematics) by extensions ['colcon_pkg']
[0.233s] Level 1:colcon.colcon_core.package_identification:_identify(src/lab4_29/doppelt_kinematics) by extension 'colcon_pkg'
[0.233s] Level 1:colcon.colcon_core.package_identification:_identify(src/lab4_29/doppelt_kinematics) by extensions ['colcon_meta']
[0.233s] Level 1:colcon.colcon_core.package_identification:_identify(src/lab4_29/doppelt_kinematics) by extension 'colcon_meta'
[0.233s] Level 1:colcon.colcon_core.package_identification:_identify(src/lab4_29/doppelt_kinematics) by extensions ['ros']
[0.233s] Level 1:colcon.colcon_core.package_identification:_identify(src/lab4_29/doppelt_kinematics) by extension 'ros'
[0.234s] DEBUG:colcon.colcon_core.package_identification:Package 'src/lab4_29/doppelt_kinematics' with type 'ros.ament_cmake' and name 'doppelt_kinematics'
[0.234s] Level 1:colcon.colcon_core.package_discovery:discover_packages(recursive) using defaults
[0.234s] Level 1:colcon.colcon_core.package_discovery:discover_packages(ignore) discover
[0.234s] Level 1:colcon.colcon_core.package_discovery:discover_packages(ignore) using defaults
[0.234s] Level 1:colcon.colcon_core.package_discovery:discover_packages(path) discover
[0.234s] Level 1:colcon.colcon_core.package_discovery:discover_packages(path) using defaults
[0.268s] Level 1:colcon.colcon_core.package_discovery:discover_packages(prefix_path) check parameters
[0.268s] Level 1:colcon.colcon_core.package_discovery:discover_packages(prefix_path) discover
[0.272s] DEBUG:colcon.colcon_installed_package_information.package_discovery:Found 5 installed packages in /home/valdeus1151/Y3T1/FRA333_LAB_HW/LAB3/install
[0.274s] DEBUG:colcon.colcon_installed_package_information.package_discovery:Found 281 installed packages in /opt/ros/foxy
[0.275s] Level 1:colcon.colcon_core.package_discovery:discover_packages(prefix_path) using defaults
[0.360s] Level 5:colcon.colcon_core.verb:set package 'doppelt_control' build argument 'cmake_args' from command line to 'None'
[0.360s] Level 5:colcon.colcon_core.verb:set package 'doppelt_control' build argument 'cmake_target' from command line to 'None'
[0.360s] Level 5:colcon.colcon_core.verb:set package 'doppelt_control' build argument 'cmake_target_skip_unavailable' from command line to 'False'
[0.360s] Level 5:colcon.colcon_core.verb:set package 'doppelt_control' build argument 'cmake_clean_cache' from command line to 'False'
[0.360s] Level 5:colcon.colcon_core.verb:set package 'doppelt_control' build argument 'cmake_clean_first' from command line to 'False'
[0.360s] Level 5:colcon.colcon_core.verb:set package 'doppelt_control' build argument 'cmake_force_configure' from command line to 'False'
[0.360s] Level 5:colcon.colcon_core.verb:set package 'doppelt_control' build argument 'ament_cmake_args' from command line to 'None'
[0.360s] Level 5:colcon.colcon_core.verb:set package 'doppelt_control' build argument 'catkin_cmake_args' from command line to 'None'
[0.360s] Level 5:colcon.colcon_core.verb:set package 'doppelt_control' build argument 'catkin_skip_building_tests' from command line to 'False'
[0.360s] DEBUG:colcon.colcon_core.verb:Building package 'doppelt_control' with the following arguments: {'ament_cmake_args': None, 'build_base': '/home/valdeus1151/Y3T1/FRA333_LAB_HW/LAB4/build/doppelt_control', 'catkin_cmake_args': None, 'catkin_skip_building_tests': False, 'cmake_args': None, 'cmake_clean_cache': False, 'cmake_clean_first': False, 'cmake_force_configure': False, 'cmake_target': None, 'cmake_target_skip_unavailable': False, 'install_base': '/home/valdeus1151/Y3T1/FRA333_LAB_HW/LAB4/install/doppelt_control', 'merge_install': False, 'path': '/home/valdeus1151/Y3T1/FRA333_LAB_HW/LAB4/src/lab4_29/doppelt_control', 'symlink_install': True, 'test_result_base': None}
[0.362s] Level 5:colcon.colcon_core.verb:set package 'doppelt_description' build argument 'cmake_args' from command line to 'None'
[0.362s] Level 5:colcon.colcon_core.verb:set package 'doppelt_description' build argument 'cmake_target' from command line to 'None'
[0.362s] Level 5:colcon.colcon_core.verb:set package 'doppelt_description' build argument 'cmake_target_skip_unavailable' from command line to 'False'
[0.362s] Level 5:colcon.colcon_core.verb:set package 'doppelt_description' build argument 'cmake_clean_cache' from command line to 'False'
[0.362s] Level 5:colcon.colcon_core.verb:set package 'doppelt_description' build argument 'cmake_clean_first' from command line to 'False'
[0.362s] Level 5:colcon.colcon_core.verb:set package 'doppelt_description' build argument 'cmake_force_configure' from command line to 'False'
[0.362s] Level 5:colcon.colcon_core.verb:set package 'doppelt_description' build argument 'ament_cmake_args' from command line to 'None'
[0.362s] Level 5:colcon.colcon_core.verb:set package 'doppelt_description' build argument 'catkin_cmake_args' from command line to 'None'
[0.362s] Level 5:colcon.colcon_core.verb:set package 'doppelt_description' build argument 'catkin_skip_building_tests' from command line to 'False'
[0.362s] DEBUG:colcon.colcon_core.verb:Building package 'doppelt_description' with the following arguments: {'ament_cmake_args': None, 'build_base': '/home/valdeus1151/Y3T1/FRA333_LAB_HW/LAB4/build/doppelt_description', 'catkin_cmake_args': None, 'catkin_skip_building_tests': False, 'cmake_args': None, 'cmake_clean_cache': False, 'cmake_clean_first': False, 'cmake_force_configure': False, 'cmake_target': None, 'cmake_target_skip_unavailable': False, 'install_base': '/home/valdeus1151/Y3T1/FRA333_LAB_HW/LAB4/install/doppelt_description', 'merge_install': False, 'path': '/home/valdeus1151/Y3T1/FRA333_LAB_HW/LAB4/src/lab4_29/doppelt_description', 'symlink_install': True, 'test_result_base': None}
[0.363s] Level 5:colcon.colcon_core.verb:set package 'doppelt_interfaces' build argument 'cmake_args' from command line to 'None'
[0.363s] Level 5:colcon.colcon_core.verb:set package 'doppelt_interfaces' build argument 'cmake_target' from command line to 'None'
[0.363s] Level 5:colcon.colcon_core.verb:set package 'doppelt_interfaces' build argument 'cmake_target_skip_unavailable' from command line to 'False'
[0.363s] Level 5:colcon.colcon_core.verb:set package 'doppelt_interfaces' build argument 'cmake_clean_cache' from command line to 'False'
[0.363s] Level 5:colcon.colcon_core.verb:set package 'doppelt_interfaces' build argument 'cmake_clean_first' from command line to 'False'
[0.363s] Level 5:colcon.colcon_core.verb:set package 'doppelt_interfaces' build argument 'cmake_force_configure' from command line to 'False'
[0.363s] Level 5:colcon.colcon_core.verb:set package 'doppelt_interfaces' build argument 'ament_cmake_args' from command line to 'None'
[0.363s] Level 5:colcon.colcon_core.verb:set package 'doppelt_interfaces' build argument 'catkin_cmake_args' from command line to 'None'
[0.364s] Level 5:colcon.colcon_core.verb:set package 'doppelt_interfaces' build argument 'catkin_skip_building_tests' from command line to 'False'
[0.364s] DEBUG:colcon.colcon_core.verb:Building package 'doppelt_interfaces' with the following arguments: {'ament_cmake_args': None, 'build_base': '/home/valdeus1151/Y3T1/FRA333_LAB_HW/LAB4/build/doppelt_interfaces', 'catkin_cmake_args': None, 'catkin_skip_building_tests': False, 'cmake_args': None, 'cmake_clean_cache': False, 'cmake_clean_first': False, 'cmake_force_configure': False, 'cmake_target': None, 'cmake_target_skip_unavailable': False, 'install_base': '/home/valdeus1151/Y3T1/FRA333_LAB_HW/LAB4/install/doppelt_interfaces', 'merge_install': False, 'path': '/home/valdeus1151/Y3T1/FRA333_LAB_HW/LAB4/src/lab4_29/doppelt_interfaces', 'symlink_install': True, 'test_result_base': None}
[0.365s] Level 5:colcon.colcon_core.verb:set package 'doppelt_kinematics' build argument 'cmake_args' from command line to 'None'
[0.366s] Level 5:colcon.colcon_core.verb:set package 'doppelt_kinematics' build argument 'cmake_target' from command line to 'None'
[0.366s] Level 5:colcon.colcon_core.verb:set package 'doppelt_kinematics' build argument 'cmake_target_skip_unavailable' from command line to 'False'
[0.366s] Level 5:colcon.colcon_core.verb:set package 'doppelt_kinematics' build argument 'cmake_clean_cache' from command line to 'False'
[0.366s] Level 5:colcon.colcon_core.verb:set package 'doppelt_kinematics' build argument 'cmake_clean_first' from command line to 'False'
[0.366s] Level 5:colcon.colcon_core.verb:set package 'doppelt_kinematics' build argument 'cmake_force_configure' from command line to 'False'
[0.366s] Level 5:colcon.colcon_core.verb:set package 'doppelt_kinematics' build argument 'ament_cmake_args' from command line to 'None'
[0.366s] Level 5:colcon.colcon_core.verb:set package 'doppelt_kinematics' build argument 'catkin_cmake_args' from command line to 'None'
[0.366s] Level 5:colcon.colcon_core.verb:set package 'doppelt_kinematics' build argument 'catkin_skip_building_tests' from command line to 'False'
[0.366s] DEBUG:colcon.colcon_core.verb:Building package 'doppelt_kinematics' with the following arguments: {'ament_cmake_args': None, 'build_base': '/home/valdeus1151/Y3T1/FRA333_LAB_HW/LAB4/build/doppelt_kinematics', 'catkin_cmake_args': None, 'catkin_skip_building_tests': False, 'cmake_args': None, 'cmake_clean_cache': False, 'cmake_clean_first': False, 'cmake_force_configure': False, 'cmake_target': None, 'cmake_target_skip_unavailable': False, 'install_base': '/home/valdeus1151/Y3T1/FRA333_LAB_HW/LAB4/install/doppelt_kinematics', 'merge_install': False, 'path': '/home/valdeus1151/Y3T1/FRA333_LAB_HW/LAB4/src/lab4_29/doppelt_kinematics', 'symlink_install': True, 'test_result_base': None}
[0.368s] INFO:colcon.colcon_core.executor:Executing jobs using 'parallel' executor
[0.373s] DEBUG:colcon.colcon_parallel_executor.executor.parallel:run_until_complete
[0.373s] INFO:colcon.colcon_ros.task.ament_cmake.build:Building ROS package in '/home/valdeus1151/Y3T1/FRA333_LAB_HW/LAB4/src/lab4_29/doppelt_control' with build type 'ament_cmake'
[0.373s] INFO:colcon.colcon_cmake.task.cmake.build:Building CMake package in '/home/valdeus1151/Y3T1/FRA333_LAB_HW/LAB4/src/lab4_29/doppelt_control'
[0.378s] INFO:colcon.colcon_core.plugin_system:Skipping extension 'colcon_core.shell.bat': Not used on non-Windows systems
[0.378s] INFO:colcon.colcon_core.shell:Skip shell extension 'powershell' for command environment: Not usable outside of PowerShell
[0.378s] DEBUG:colcon.colcon_core.shell:Skip shell extension 'dsv' for command environment
[0.385s] INFO:colcon.colcon_ros.task.ament_cmake.build:Building ROS package in '/home/valdeus1151/Y3T1/FRA333_LAB_HW/LAB4/src/lab4_29/doppelt_description' with build type 'ament_cmake'
[0.386s] INFO:colcon.colcon_cmake.task.cmake.build:Building CMake package in '/home/valdeus1151/Y3T1/FRA333_LAB_HW/LAB4/src/lab4_29/doppelt_description'
[0.388s] INFO:colcon.colcon_core.shell:Skip shell extension 'powershell' for command environment: Not usable outside of PowerShell
[0.388s] DEBUG:colcon.colcon_core.shell:Skip shell extension 'dsv' for command environment
[0.395s] INFO:colcon.colcon_ros.task.ament_cmake.build:Building ROS package in '/home/valdeus1151/Y3T1/FRA333_LAB_HW/LAB4/src/lab4_29/doppelt_interfaces' with build type 'ament_cmake'
[0.396s] INFO:colcon.colcon_cmake.task.cmake.build:Building CMake package in '/home/valdeus1151/Y3T1/FRA333_LAB_HW/LAB4/src/lab4_29/doppelt_interfaces'
[0.398s] INFO:colcon.colcon_core.shell:Skip shell extension 'powershell' for command environment: Not usable outside of PowerShell
[0.398s] DEBUG:colcon.colcon_core.shell:Skip shell extension 'dsv' for command environment
[0.408s] INFO:colcon.colcon_ros.task.ament_cmake.build:Building ROS package in '/home/valdeus1151/Y3T1/FRA333_LAB_HW/LAB4/src/lab4_29/doppelt_kinematics' with build type 'ament_cmake'
[0.408s] INFO:colcon.colcon_cmake.task.cmake.build:Building CMake package in '/home/valdeus1151/Y3T1/FRA333_LAB_HW/LAB4/src/lab4_29/doppelt_kinematics'
[0.410s] INFO:colcon.colcon_core.shell:Skip shell extension 'powershell' for command environment: Not usable outside of PowerShell
[0.410s] DEBUG:colcon.colcon_core.shell:Skip shell extension 'dsv' for command environment
[0.422s] DEBUG:colcon.colcon_core.event_handler.log_command:Invoking command in '/home/valdeus1151/Y3T1/FRA333_LAB_HW/LAB4/build/doppelt_control': CMAKE_PREFIX_PATH=${CMAKE_PREFIX_PATH}:/opt/ros/foxy /usr/bin/cmake /home/valdeus1151/Y3T1/FRA333_LAB_HW/LAB4/src/lab4_29/doppelt_control -DAMENT_CMAKE_SYMLINK_INSTALL=1 -DCMAKE_INSTALL_PREFIX=/home/valdeus1151/Y3T1/FRA333_LAB_HW/LAB4/install/doppelt_control
[0.430s] DEBUG:colcon.colcon_core.event_handler.log_command:Invoking command in '/home/valdeus1151/Y3T1/FRA333_LAB_HW/LAB4/build/doppelt_description': CMAKE_PREFIX_PATH=${CMAKE_PREFIX_PATH}:/opt/ros/foxy /usr/bin/cmake /home/valdeus1151/Y3T1/FRA333_LAB_HW/LAB4/src/lab4_29/doppelt_description -DAMENT_CMAKE_SYMLINK_INSTALL=1 -DCMAKE_INSTALL_PREFIX=/home/valdeus1151/Y3T1/FRA333_LAB_HW/LAB4/install/doppelt_description
[0.436s] DEBUG:colcon.colcon_core.event_handler.log_command:Invoking command in '/home/valdeus1151/Y3T1/FRA333_LAB_HW/LAB4/build/doppelt_interfaces': CMAKE_PREFIX_PATH=${CMAKE_PREFIX_PATH}:/opt/ros/foxy /usr/bin/cmake /home/valdeus1151/Y3T1/FRA333_LAB_HW/LAB4/src/lab4_29/doppelt_interfaces -DAMENT_CMAKE_SYMLINK_INSTALL=1 -DCMAKE_INSTALL_PREFIX=/home/valdeus1151/Y3T1/FRA333_LAB_HW/LAB4/install/doppelt_interfaces
[0.446s] DEBUG:colcon.colcon_core.event_handler.log_command:Invoking command in '/home/valdeus1151/Y3T1/FRA333_LAB_HW/LAB4/build/doppelt_kinematics': CMAKE_PREFIX_PATH=${CMAKE_PREFIX_PATH}:/opt/ros/foxy /usr/bin/cmake /home/valdeus1151/Y3T1/FRA333_LAB_HW/LAB4/src/lab4_29/doppelt_kinematics -DAMENT_CMAKE_SYMLINK_INSTALL=1 -DCMAKE_INSTALL_PREFIX=/home/valdeus1151/Y3T1/FRA333_LAB_HW/LAB4/install/doppelt_kinematics
[3.726s] DEBUG:colcon.colcon_core.event_handler.log_command:Invoked command in '/home/valdeus1151/Y3T1/FRA333_LAB_HW/LAB4/build/doppelt_description' returned '0': CMAKE_PREFIX_PATH=${CMAKE_PREFIX_PATH}:/opt/ros/foxy /usr/bin/cmake /home/valdeus1151/Y3T1/FRA333_LAB_HW/LAB4/src/lab4_29/doppelt_description -DAMENT_CMAKE_SYMLINK_INSTALL=1 -DCMAKE_INSTALL_PREFIX=/home/valdeus1151/Y3T1/FRA333_LAB_HW/LAB4/install/doppelt_description
[3.733s] DEBUG:colcon.colcon_core.event_handler.log_command:Invoking command in '/home/valdeus1151/Y3T1/FRA333_LAB_HW/LAB4/build/doppelt_description': CMAKE_PREFIX_PATH=${CMAKE_PREFIX_PATH}:/opt/ros/foxy /usr/bin/cmake --build /home/valdeus1151/Y3T1/FRA333_LAB_HW/LAB4/build/doppelt_description -- -j12 -l12
[3.784s] DEBUG:colcon.colcon_core.event_handler.log_command:Invoked command in '/home/valdeus1151/Y3T1/FRA333_LAB_HW/LAB4/build/doppelt_control' returned '0': CMAKE_PREFIX_PATH=${CMAKE_PREFIX_PATH}:/opt/ros/foxy /usr/bin/cmake /home/valdeus1151/Y3T1/FRA333_LAB_HW/LAB4/src/lab4_29/doppelt_control -DAMENT_CMAKE_SYMLINK_INSTALL=1 -DCMAKE_INSTALL_PREFIX=/home/valdeus1151/Y3T1/FRA333_LAB_HW/LAB4/install/doppelt_control
[3.788s] DEBUG:colcon.colcon_core.event_handler.log_command:Invoking command in '/home/valdeus1151/Y3T1/FRA333_LAB_HW/LAB4/build/doppelt_control': CMAKE_PREFIX_PATH=${CMAKE_PREFIX_PATH}:/opt/ros/foxy /usr/bin/cmake --build /home/valdeus1151/Y3T1/FRA333_LAB_HW/LAB4/build/doppelt_control -- -j12 -l12
[3.798s] DEBUG:colcon.colcon_core.event_handler.log_command:Invoked command in '/home/valdeus1151/Y3T1/FRA333_LAB_HW/LAB4/build/doppelt_description' returned '0': CMAKE_PREFIX_PATH=${CMAKE_PREFIX_PATH}:/opt/ros/foxy /usr/bin/cmake --build /home/valdeus1151/Y3T1/FRA333_LAB_HW/LAB4/build/doppelt_description -- -j12 -l12
[3.848s] DEBUG:colcon.colcon_core.event_handler.log_command:Invoking command in '/home/valdeus1151/Y3T1/FRA333_LAB_HW/LAB4/build/doppelt_description': CMAKE_PREFIX_PATH=${CMAKE_PREFIX_PATH}:/opt/ros/foxy /usr/bin/cmake --install /home/valdeus1151/Y3T1/FRA333_LAB_HW/LAB4/build/doppelt_description
[3.851s] DEBUG:colcon.colcon_core.event_handler.log_command:Invoked command in '/home/valdeus1151/Y3T1/FRA333_LAB_HW/LAB4/build/doppelt_kinematics' returned '0': CMAKE_PREFIX_PATH=${CMAKE_PREFIX_PATH}:/opt/ros/foxy /usr/bin/cmake /home/valdeus1151/Y3T1/FRA333_LAB_HW/LAB4/src/lab4_29/doppelt_kinematics -DAMENT_CMAKE_SYMLINK_INSTALL=1 -DCMAKE_INSTALL_PREFIX=/home/valdeus1151/Y3T1/FRA333_LAB_HW/LAB4/install/doppelt_kinematics
[3.854s] DEBUG:colcon.colcon_core.event_handler.log_command:Invoking command in '/home/valdeus1151/Y3T1/FRA333_LAB_HW/LAB4/build/doppelt_kinematics': CMAKE_PREFIX_PATH=${CMAKE_PREFIX_PATH}:/opt/ros/foxy /usr/bin/cmake --build /home/valdeus1151/Y3T1/FRA333_LAB_HW/LAB4/build/doppelt_kinematics -- -j12 -l12
[3.857s] DEBUG:colcon.colcon_core.event_handler.log_command:Invoked command in '/home/valdeus1151/Y3T1/FRA333_LAB_HW/LAB4/build/doppelt_control' returned '0': CMAKE_PREFIX_PATH=${CMAKE_PREFIX_PATH}:/opt/ros/foxy /usr/bin/cmake --build /home/valdeus1151/Y3T1/FRA333_LAB_HW/LAB4/build/doppelt_control -- -j12 -l12
[3.894s] DEBUG:colcon.colcon_core.event_handler.log_command:Invoking command in '/home/valdeus1151/Y3T1/FRA333_LAB_HW/LAB4/build/doppelt_control': CMAKE_PREFIX_PATH=${CMAKE_PREFIX_PATH}:/opt/ros/foxy /usr/bin/cmake --install /home/valdeus1151/Y3T1/FRA333_LAB_HW/LAB4/build/doppelt_control
[3.917s] DEBUG:colcon.colcon_core.event_handler.log_command:Invoked command in '/home/valdeus1151/Y3T1/FRA333_LAB_HW/LAB4/build/doppelt_kinematics' returned '0': CMAKE_PREFIX_PATH=${CMAKE_PREFIX_PATH}:/opt/ros/foxy /usr/bin/cmake --build /home/valdeus1151/Y3T1/FRA333_LAB_HW/LAB4/build/doppelt_kinematics -- -j12 -l12
[3.956s] DEBUG:colcon.colcon_core.event_handler.log_command:Invoking command in '/home/valdeus1151/Y3T1/FRA333_LAB_HW/LAB4/build/doppelt_kinematics': CMAKE_PREFIX_PATH=${CMAKE_PREFIX_PATH}:/opt/ros/foxy /usr/bin/cmake --install /home/valdeus1151/Y3T1/FRA333_LAB_HW/LAB4/build/doppelt_kinematics
[3.987s] DEBUG:colcon.colcon_core.event_handler.log_command:Invoked command in '/home/valdeus1151/Y3T1/FRA333_LAB_HW/LAB4/build/doppelt_interfaces' returned '0': CMAKE_PREFIX_PATH=${CMAKE_PREFIX_PATH}:/opt/ros/foxy /usr/bin/cmake /home/valdeus1151/Y3T1/FRA333_LAB_HW/LAB4/src/lab4_29/doppelt_interfaces -DAMENT_CMAKE_SYMLINK_INSTALL=1 -DCMAKE_INSTALL_PREFIX=/home/valdeus1151/Y3T1/FRA333_LAB_HW/LAB4/install/doppelt_interfaces
[3.992s] DEBUG:colcon.colcon_core.event_handler.log_command:Invoking command in '/home/valdeus1151/Y3T1/FRA333_LAB_HW/LAB4/build/doppelt_interfaces': CMAKE_PREFIX_PATH=${CMAKE_PREFIX_PATH}:/opt/ros/foxy /usr/bin/cmake --build /home/valdeus1151/Y3T1/FRA333_LAB_HW/LAB4/build/doppelt_interfaces -- -j12 -l12
[4.349s] Level 1:colcon.colcon_core.environment:create_environment_scripts_only(doppelt_description)
[4.350s] DEBUG:colcon.colcon_core.event_handler.log_command:Invoked command in '/home/valdeus1151/Y3T1/FRA333_LAB_HW/LAB4/build/doppelt_description' returned '0': CMAKE_PREFIX_PATH=${CMAKE_PREFIX_PATH}:/opt/ros/foxy /usr/bin/cmake --install /home/valdeus1151/Y3T1/FRA333_LAB_HW/LAB4/build/doppelt_description
[4.358s] Level 1:colcon.colcon_core.environment:checking '/home/valdeus1151/Y3T1/FRA333_LAB_HW/LAB4/install/doppelt_description' for CMake module files
[4.360s] Level 1:colcon.colcon_core.environment:checking '/home/valdeus1151/Y3T1/FRA333_LAB_HW/LAB4/install/doppelt_description' for CMake config files
[4.361s] Level 1:colcon.colcon_core.shell:create_environment_hook('doppelt_description', 'cmake_prefix_path')
[4.363s] INFO:colcon.colcon_core.shell:Creating environment hook '/home/valdeus1151/Y3T1/FRA333_LAB_HW/LAB4/install/doppelt_description/share/doppelt_description/hook/cmake_prefix_path.ps1'
[4.364s] INFO:colcon.colcon_core.shell:Creating environment descriptor '/home/valdeus1151/Y3T1/FRA333_LAB_HW/LAB4/install/doppelt_description/share/doppelt_description/hook/cmake_prefix_path.dsv'
[4.365s] INFO:colcon.colcon_core.shell:Creating environment hook '/home/valdeus1151/Y3T1/FRA333_LAB_HW/LAB4/install/doppelt_description/share/doppelt_description/hook/cmake_prefix_path.sh'
[4.366s] Level 1:colcon.colcon_core.environment:checking '/home/valdeus1151/Y3T1/FRA333_LAB_HW/LAB4/install/doppelt_description/lib'
[4.366s] Level 1:colcon.colcon_core.environment:checking '/home/valdeus1151/Y3T1/FRA333_LAB_HW/LAB4/install/doppelt_description/bin'
[4.367s] Level 1:colcon.colcon_core.environment:checking '/home/valdeus1151/Y3T1/FRA333_LAB_HW/LAB4/install/doppelt_description/lib/pkgconfig/doppelt_description.pc'
[4.367s] Level 1:colcon.colcon_core.environment:checking '/home/valdeus1151/Y3T1/FRA333_LAB_HW/LAB4/install/doppelt_description/lib/python3.8/site-packages'
[4.367s] Level 1:colcon.colcon_core.shell:create_environment_hook('doppelt_description', 'pythonpath')
[4.370s] INFO:colcon.colcon_core.shell:Creating environment hook '/home/valdeus1151/Y3T1/FRA333_LAB_HW/LAB4/install/doppelt_description/share/doppelt_description/hook/pythonpath.ps1'
[4.371s] INFO:colcon.colcon_core.shell:Creating environment descriptor '/home/valdeus1151/Y3T1/FRA333_LAB_HW/LAB4/install/doppelt_description/share/doppelt_description/hook/pythonpath.dsv'
[4.372s] INFO:colcon.colcon_core.shell:Creating environment hook '/home/valdeus1151/Y3T1/FRA333_LAB_HW/LAB4/install/doppelt_description/share/doppelt_description/hook/pythonpath.sh'
[4.373s] Level 1:colcon.colcon_core.environment:checking '/home/valdeus1151/Y3T1/FRA333_LAB_HW/LAB4/install/doppelt_description/bin'
[4.375s] INFO:colcon.colcon_core.shell:Creating package script '/home/valdeus1151/Y3T1/FRA333_LAB_HW/LAB4/install/doppelt_description/share/doppelt_description/package.ps1'
[4.379s] INFO:colcon.colcon_core.shell:Creating package descriptor '/home/valdeus1151/Y3T1/FRA333_LAB_HW/LAB4/install/doppelt_description/share/doppelt_description/package.dsv'
[4.379s] INFO:colcon.colcon_core.shell:Creating package script '/home/valdeus1151/Y3T1/FRA333_LAB_HW/LAB4/install/doppelt_description/share/doppelt_description/package.sh'
[4.380s] INFO:colcon.colcon_core.shell:Creating package script '/home/valdeus1151/Y3T1/FRA333_LAB_HW/LAB4/install/doppelt_description/share/doppelt_description/package.bash'
[4.382s] INFO:colcon.colcon_core.shell:Creating package script '/home/valdeus1151/Y3T1/FRA333_LAB_HW/LAB4/install/doppelt_description/share/doppelt_description/package.zsh'
[4.382s] Level 1:colcon.colcon_core.environment:create_file_with_runtime_dependencies(/home/valdeus1151/Y3T1/FRA333_LAB_HW/LAB4/install/doppelt_description/share/colcon-core/packages/doppelt_description)
[4.388s] Level 1:colcon.colcon_core.environment:create_environment_scripts_only(doppelt_kinematics)
[4.394s] Level 1:colcon.colcon_core.environment:checking '/home/valdeus1151/Y3T1/FRA333_LAB_HW/LAB4/install/doppelt_kinematics' for CMake module files
[4.396s] DEBUG:colcon.colcon_core.event_handler.log_command:Invoked command in '/home/valdeus1151/Y3T1/FRA333_LAB_HW/LAB4/build/doppelt_kinematics' returned '0': CMAKE_PREFIX_PATH=${CMAKE_PREFIX_PATH}:/opt/ros/foxy /usr/bin/cmake --install /home/valdeus1151/Y3T1/FRA333_LAB_HW/LAB4/build/doppelt_kinematics
[4.397s] Level 1:colcon.colcon_core.environment:checking '/home/valdeus1151/Y3T1/FRA333_LAB_HW/LAB4/install/doppelt_kinematics' for CMake config files
[4.397s] Level 1:colcon.colcon_core.shell:create_environment_hook('doppelt_kinematics', 'cmake_prefix_path')
[4.399s] INFO:colcon.colcon_core.shell:Creating environment hook '/home/valdeus1151/Y3T1/FRA333_LAB_HW/LAB4/install/doppelt_kinematics/share/doppelt_kinematics/hook/cmake_prefix_path.ps1'
[4.400s] INFO:colcon.colcon_core.shell:Creating environment descriptor '/home/valdeus1151/Y3T1/FRA333_LAB_HW/LAB4/install/doppelt_kinematics/share/doppelt_kinematics/hook/cmake_prefix_path.dsv'
[4.401s] INFO:colcon.colcon_core.shell:Creating environment hook '/home/valdeus1151/Y3T1/FRA333_LAB_HW/LAB4/install/doppelt_kinematics/share/doppelt_kinematics/hook/cmake_prefix_path.sh'
[4.402s] Level 1:colcon.colcon_core.environment:checking '/home/valdeus1151/Y3T1/FRA333_LAB_HW/LAB4/install/doppelt_kinematics/lib'
[4.402s] Level 1:colcon.colcon_core.environment:checking '/home/valdeus1151/Y3T1/FRA333_LAB_HW/LAB4/install/doppelt_kinematics/bin'
[4.402s] Level 1:colcon.colcon_core.environment:checking '/home/valdeus1151/Y3T1/FRA333_LAB_HW/LAB4/install/doppelt_kinematics/lib/pkgconfig/doppelt_kinematics.pc'
[4.402s] Level 1:colcon.colcon_core.environment:checking '/home/valdeus1151/Y3T1/FRA333_LAB_HW/LAB4/install/doppelt_kinematics/lib/python3.8/site-packages'
[4.402s] Level 1:colcon.colcon_core.shell:create_environment_hook('doppelt_kinematics', 'pythonpath')
[4.405s] INFO:colcon.colcon_core.shell:Creating environment hook '/home/valdeus1151/Y3T1/FRA333_LAB_HW/LAB4/install/doppelt_kinematics/share/doppelt_kinematics/hook/pythonpath.ps1'
[4.406s] INFO:colcon.colcon_core.shell:Creating environment descriptor '/home/valdeus1151/Y3T1/FRA333_LAB_HW/LAB4/install/doppelt_kinematics/share/doppelt_kinematics/hook/pythonpath.dsv'
[4.406s] INFO:colcon.colcon_core.shell:Creating environment hook '/home/valdeus1151/Y3T1/FRA333_LAB_HW/LAB4/install/doppelt_kinematics/share/doppelt_kinematics/hook/pythonpath.sh'
[4.407s] Level 1:colcon.colcon_core.environment:checking '/home/valdeus1151/Y3T1/FRA333_LAB_HW/LAB4/install/doppelt_kinematics/bin'
[4.409s] INFO:colcon.colcon_core.shell:Creating package script '/home/valdeus1151/Y3T1/FRA333_LAB_HW/LAB4/install/doppelt_kinematics/share/doppelt_kinematics/package.ps1'
[4.410s] INFO:colcon.colcon_core.shell:Creating package descriptor '/home/valdeus1151/Y3T1/FRA333_LAB_HW/LAB4/install/doppelt_kinematics/share/doppelt_kinematics/package.dsv'
[4.411s] INFO:colcon.colcon_core.shell:Creating package script '/home/valdeus1151/Y3T1/FRA333_LAB_HW/LAB4/install/doppelt_kinematics/share/doppelt_kinematics/package.sh'
[4.411s] INFO:colcon.colcon_core.shell:Creating package script '/home/valdeus1151/Y3T1/FRA333_LAB_HW/LAB4/install/doppelt_kinematics/share/doppelt_kinematics/package.bash'
[4.412s] INFO:colcon.colcon_core.shell:Creating package script '/home/valdeus1151/Y3T1/FRA333_LAB_HW/LAB4/install/doppelt_kinematics/share/doppelt_kinematics/package.zsh'
[4.412s] Level 1:colcon.colcon_core.environment:create_file_with_runtime_dependencies(/home/valdeus1151/Y3T1/FRA333_LAB_HW/LAB4/install/doppelt_kinematics/share/colcon-core/packages/doppelt_kinematics)
[4.417s] Level 1:colcon.colcon_core.environment:create_environment_scripts_only(doppelt_control)
[4.420s] Level 1:colcon.colcon_core.environment:checking '/home/valdeus1151/Y3T1/FRA333_LAB_HW/LAB4/install/doppelt_control' for CMake module files
[4.422s] DEBUG:colcon.colcon_core.event_handler.log_command:Invoked command in '/home/valdeus1151/Y3T1/FRA333_LAB_HW/LAB4/build/doppelt_control' returned '0': CMAKE_PREFIX_PATH=${CMAKE_PREFIX_PATH}:/opt/ros/foxy /usr/bin/cmake --install /home/valdeus1151/Y3T1/FRA333_LAB_HW/LAB4/build/doppelt_control
[4.423s] Level 1:colcon.colcon_core.environment:checking '/home/valdeus1151/Y3T1/FRA333_LAB_HW/LAB4/install/doppelt_control' for CMake config files
[4.423s] Level 1:colcon.colcon_core.shell:create_environment_hook('doppelt_control', 'cmake_prefix_path')
[4.425s] INFO:colcon.colcon_core.shell:Creating environment hook '/home/valdeus1151/Y3T1/FRA333_LAB_HW/LAB4/install/doppelt_control/share/doppelt_control/hook/cmake_prefix_path.ps1'
[4.426s] INFO:colcon.colcon_core.shell:Creating environment descriptor '/home/valdeus1151/Y3T1/FRA333_LAB_HW/LAB4/install/doppelt_control/share/doppelt_control/hook/cmake_prefix_path.dsv'
[4.427s] INFO:colcon.colcon_core.shell:Creating environment hook '/home/valdeus1151/Y3T1/FRA333_LAB_HW/LAB4/install/doppelt_control/share/doppelt_control/hook/cmake_prefix_path.sh'
[4.428s] Level 1:colcon.colcon_core.environment:checking '/home/valdeus1151/Y3T1/FRA333_LAB_HW/LAB4/install/doppelt_control/lib'
[4.428s] Level 1:colcon.colcon_core.environment:checking '/home/valdeus1151/Y3T1/FRA333_LAB_HW/LAB4/install/doppelt_control/bin'
[4.428s] Level 1:colcon.colcon_core.environment:checking '/home/valdeus1151/Y3T1/FRA333_LAB_HW/LAB4/install/doppelt_control/lib/pkgconfig/doppelt_control.pc'
[4.428s] Level 1:colcon.colcon_core.environment:checking '/home/valdeus1151/Y3T1/FRA333_LAB_HW/LAB4/install/doppelt_control/lib/python3.8/site-packages'
[4.428s] Level 1:colcon.colcon_core.shell:create_environment_hook('doppelt_control', 'pythonpath')
[4.432s] INFO:colcon.colcon_core.shell:Creating environment hook '/home/valdeus1151/Y3T1/FRA333_LAB_HW/LAB4/install/doppelt_control/share/doppelt_control/hook/pythonpath.ps1'
[4.433s] INFO:colcon.colcon_core.shell:Creating environment descriptor '/home/valdeus1151/Y3T1/FRA333_LAB_HW/LAB4/install/doppelt_control/share/doppelt_control/hook/pythonpath.dsv'
[4.433s] INFO:colcon.colcon_core.shell:Creating environment hook '/home/valdeus1151/Y3T1/FRA333_LAB_HW/LAB4/install/doppelt_control/share/doppelt_control/hook/pythonpath.sh'
[4.434s] Level 1:colcon.colcon_core.environment:checking '/home/valdeus1151/Y3T1/FRA333_LAB_HW/LAB4/install/doppelt_control/bin'
[4.437s] INFO:colcon.colcon_core.shell:Creating package script '/home/valdeus1151/Y3T1/FRA333_LAB_HW/LAB4/install/doppelt_control/share/doppelt_control/package.ps1'
[4.438s] INFO:colcon.colcon_core.shell:Creating package descriptor '/home/valdeus1151/Y3T1/FRA333_LAB_HW/LAB4/install/doppelt_control/share/doppelt_control/package.dsv'
[4.438s] INFO:colcon.colcon_core.shell:Creating package script '/home/valdeus1151/Y3T1/FRA333_LAB_HW/LAB4/install/doppelt_control/share/doppelt_control/package.sh'
[4.439s] INFO:colcon.colcon_core.shell:Creating package script '/home/valdeus1151/Y3T1/FRA333_LAB_HW/LAB4/install/doppelt_control/share/doppelt_control/package.bash'
[4.439s] INFO:colcon.colcon_core.shell:Creating package script '/home/valdeus1151/Y3T1/FRA333_LAB_HW/LAB4/install/doppelt_control/share/doppelt_control/package.zsh'
[4.440s] Level 1:colcon.colcon_core.environment:create_file_with_runtime_dependencies(/home/valdeus1151/Y3T1/FRA333_LAB_HW/LAB4/install/doppelt_control/share/colcon-core/packages/doppelt_control)
[4.447s] Level 1:colcon.colcon_core.environment:create_environment_scripts_only(doppelt_description)
[4.450s] Level 1:colcon.colcon_core.environment:checking '/home/valdeus1151/Y3T1/FRA333_LAB_HW/LAB4/install/doppelt_description' for CMake module files
[4.451s] Level 1:colcon.colcon_core.environment:checking '/home/valdeus1151/Y3T1/FRA333_LAB_HW/LAB4/install/doppelt_description' for CMake config files
[4.451s] Level 1:colcon.colcon_core.shell:create_environment_hook('doppelt_description', 'cmake_prefix_path')
[4.453s] INFO:colcon.colcon_core.shell:Creating environment hook '/home/valdeus1151/Y3T1/FRA333_LAB_HW/LAB4/install/doppelt_description/share/doppelt_description/hook/cmake_prefix_path.ps1'
[4.454s] INFO:colcon.colcon_core.shell:Creating environment descriptor '/home/valdeus1151/Y3T1/FRA333_LAB_HW/LAB4/install/doppelt_description/share/doppelt_description/hook/cmake_prefix_path.dsv'
[4.454s] INFO:colcon.colcon_core.shell:Creating environment hook '/home/valdeus1151/Y3T1/FRA333_LAB_HW/LAB4/install/doppelt_description/share/doppelt_description/hook/cmake_prefix_path.sh'
[4.455s] Level 1:colcon.colcon_core.environment:checking '/home/valdeus1151/Y3T1/FRA333_LAB_HW/LAB4/install/doppelt_description/lib'
[4.456s] Level 1:colcon.colcon_core.environment:checking '/home/valdeus1151/Y3T1/FRA333_LAB_HW/LAB4/install/doppelt_description/bin'
[4.456s] Level 1:colcon.colcon_core.environment:checking '/home/valdeus1151/Y3T1/FRA333_LAB_HW/LAB4/install/doppelt_description/lib/pkgconfig/doppelt_description.pc'
[4.457s] Level 1:colcon.colcon_core.environment:checking '/home/valdeus1151/Y3T1/FRA333_LAB_HW/LAB4/install/doppelt_description/lib/python3.8/site-packages'
[4.457s] Level 1:colcon.colcon_core.shell:create_environment_hook('doppelt_description', 'pythonpath')
[4.461s] INFO:colcon.colcon_core.shell:Creating environment hook '/home/valdeus1151/Y3T1/FRA333_LAB_HW/LAB4/install/doppelt_description/share/doppelt_description/hook/pythonpath.ps1'
[4.462s] INFO:colcon.colcon_core.shell:Creating environment descriptor '/home/valdeus1151/Y3T1/FRA333_LAB_HW/LAB4/install/doppelt_description/share/doppelt_description/hook/pythonpath.dsv'
[4.463s] INFO:colcon.colcon_core.shell:Creating environment hook '/home/valdeus1151/Y3T1/FRA333_LAB_HW/LAB4/install/doppelt_description/share/doppelt_description/hook/pythonpath.sh'
[4.464s] Level 1:colcon.colcon_core.environment:checking '/home/valdeus1151/Y3T1/FRA333_LAB_HW/LAB4/install/doppelt_description/bin'
[4.467s] INFO:colcon.colcon_core.shell:Creating package script '/home/valdeus1151/Y3T1/FRA333_LAB_HW/LAB4/install/doppelt_description/share/doppelt_description/package.ps1'
[4.469s] INFO:colcon.colcon_core.shell:Creating package descriptor '/home/valdeus1151/Y3T1/FRA333_LAB_HW/LAB4/install/doppelt_description/share/doppelt_description/package.dsv'
[4.470s] INFO:colcon.colcon_core.shell:Creating package script '/home/valdeus1151/Y3T1/FRA333_LAB_HW/LAB4/install/doppelt_description/share/doppelt_description/package.sh'
[4.470s] INFO:colcon.colcon_core.shell:Creating package script '/home/valdeus1151/Y3T1/FRA333_LAB_HW/LAB4/install/doppelt_description/share/doppelt_description/package.bash'
[4.471s] INFO:colcon.colcon_core.shell:Creating package script '/home/valdeus1151/Y3T1/FRA333_LAB_HW/LAB4/install/doppelt_description/share/doppelt_description/package.zsh'
[4.471s] Level 1:colcon.colcon_core.environment:create_file_with_runtime_dependencies(/home/valdeus1151/Y3T1/FRA333_LAB_HW/LAB4/install/doppelt_description/share/colcon-core/packages/doppelt_description)
[4.476s] Level 1:colcon.colcon_core.environment:create_environment_scripts_only(doppelt_kinematics)
[4.479s] Level 1:colcon.colcon_core.environment:checking '/home/valdeus1151/Y3T1/FRA333_LAB_HW/LAB4/install/doppelt_kinematics' for CMake module files
[4.481s] Level 1:colcon.colcon_core.environment:checking '/home/valdeus1151/Y3T1/FRA333_LAB_HW/LAB4/install/doppelt_kinematics' for CMake config files
[4.482s] Level 1:colcon.colcon_core.shell:create_environment_hook('doppelt_kinematics', 'cmake_prefix_path')
[4.484s] INFO:colcon.colcon_core.shell:Creating environment hook '/home/valdeus1151/Y3T1/FRA333_LAB_HW/LAB4/install/doppelt_kinematics/share/doppelt_kinematics/hook/cmake_prefix_path.ps1'
[4.484s] INFO:colcon.colcon_core.shell:Creating environment descriptor '/home/valdeus1151/Y3T1/FRA333_LAB_HW/LAB4/install/doppelt_kinematics/share/doppelt_kinematics/hook/cmake_prefix_path.dsv'
[4.485s] INFO:colcon.colcon_core.shell:Creating environment hook '/home/valdeus1151/Y3T1/FRA333_LAB_HW/LAB4/install/doppelt_kinematics/share/doppelt_kinematics/hook/cmake_prefix_path.sh'
[4.486s] Level 1:colcon.colcon_core.environment:checking '/home/valdeus1151/Y3T1/FRA333_LAB_HW/LAB4/install/doppelt_kinematics/lib'
[4.486s] Level 1:colcon.colcon_core.environment:checking '/home/valdeus1151/Y3T1/FRA333_LAB_HW/LAB4/install/doppelt_kinematics/bin'
[4.486s] Level 1:colcon.colcon_core.environment:checking '/home/valdeus1151/Y3T1/FRA333_LAB_HW/LAB4/install/doppelt_kinematics/lib/pkgconfig/doppelt_kinematics.pc'
[4.486s] Level 1:colcon.colcon_core.environment:checking '/home/valdeus1151/Y3T1/FRA333_LAB_HW/LAB4/install/doppelt_kinematics/lib/python3.8/site-packages'
[4.486s] Level 1:colcon.colcon_core.shell:create_environment_hook('doppelt_kinematics', 'pythonpath')
[4.488s] INFO:colcon.colcon_core.shell:Creating environment hook '/home/valdeus1151/Y3T1/FRA333_LAB_HW/LAB4/install/doppelt_kinematics/share/doppelt_kinematics/hook/pythonpath.ps1'
[4.488s] INFO:colcon.colcon_core.shell:Creating environment descriptor '/home/valdeus1151/Y3T1/FRA333_LAB_HW/LAB4/install/doppelt_kinematics/share/doppelt_kinematics/hook/pythonpath.dsv'
[4.489s] INFO:colcon.colcon_core.shell:Creating environment hook '/home/valdeus1151/Y3T1/FRA333_LAB_HW/LAB4/install/doppelt_kinematics/share/doppelt_kinematics/hook/pythonpath.sh'
[4.490s] Level 1:colcon.colcon_core.environment:checking '/home/valdeus1151/Y3T1/FRA333_LAB_HW/LAB4/install/doppelt_kinematics/bin'
[4.492s] INFO:colcon.colcon_core.shell:Creating package script '/home/valdeus1151/Y3T1/FRA333_LAB_HW/LAB4/install/doppelt_kinematics/share/doppelt_kinematics/package.ps1'
[4.493s] INFO:colcon.colcon_core.shell:Creating package descriptor '/home/valdeus1151/Y3T1/FRA333_LAB_HW/LAB4/install/doppelt_kinematics/share/doppelt_kinematics/package.dsv'
[4.494s] INFO:colcon.colcon_core.shell:Creating package script '/home/valdeus1151/Y3T1/FRA333_LAB_HW/LAB4/install/doppelt_kinematics/share/doppelt_kinematics/package.sh'
[4.494s] INFO:colcon.colcon_core.shell:Creating package script '/home/valdeus1151/Y3T1/FRA333_LAB_HW/LAB4/install/doppelt_kinematics/share/doppelt_kinematics/package.bash'
[4.495s] INFO:colcon.colcon_core.shell:Creating package script '/home/valdeus1151/Y3T1/FRA333_LAB_HW/LAB4/install/doppelt_kinematics/share/doppelt_kinematics/package.zsh'
[4.495s] Level 1:colcon.colcon_core.environment:create_file_with_runtime_dependencies(/home/valdeus1151/Y3T1/FRA333_LAB_HW/LAB4/install/doppelt_kinematics/share/colcon-core/packages/doppelt_kinematics)
[4.499s] Level 1:colcon.colcon_core.environment:create_environment_scripts_only(doppelt_control)
[4.505s] Level 1:colcon.colcon_core.environment:checking '/home/valdeus1151/Y3T1/FRA333_LAB_HW/LAB4/install/doppelt_control' for CMake module files
[4.507s] Level 1:colcon.colcon_core.environment:checking '/home/valdeus1151/Y3T1/FRA333_LAB_HW/LAB4/install/doppelt_control' for CMake config files
[4.508s] Level 1:colcon.colcon_core.shell:create_environment_hook('doppelt_control', 'cmake_prefix_path')
[4.512s] INFO:colcon.colcon_core.shell:Creating environment hook '/home/valdeus1151/Y3T1/FRA333_LAB_HW/LAB4/install/doppelt_control/share/doppelt_control/hook/cmake_prefix_path.ps1'
[4.512s] INFO:colcon.colcon_core.shell:Creating environment descriptor '/home/valdeus1151/Y3T1/FRA333_LAB_HW/LAB4/install/doppelt_control/share/doppelt_control/hook/cmake_prefix_path.dsv'
[4.513s] INFO:colcon.colcon_core.shell:Creating environment hook '/home/valdeus1151/Y3T1/FRA333_LAB_HW/LAB4/install/doppelt_control/share/doppelt_control/hook/cmake_prefix_path.sh'
[4.514s] Level 1:colcon.colcon_core.environment:checking '/home/valdeus1151/Y3T1/FRA333_LAB_HW/LAB4/install/doppelt_control/lib'
[4.514s] Level 1:colcon.colcon_core.environment:checking '/home/valdeus1151/Y3T1/FRA333_LAB_HW/LAB4/install/doppelt_control/bin'
[4.514s] Level 1:colcon.colcon_core.environment:checking '/home/valdeus1151/Y3T1/FRA333_LAB_HW/LAB4/install/doppelt_control/lib/pkgconfig/doppelt_control.pc'
[4.515s] Level 1:colcon.colcon_core.environment:checking '/home/valdeus1151/Y3T1/FRA333_LAB_HW/LAB4/install/doppelt_control/lib/python3.8/site-packages'
[4.515s] Level 1:colcon.colcon_core.shell:create_environment_hook('doppelt_control', 'pythonpath')
[4.518s] INFO:colcon.colcon_core.shell:Creating environment hook '/home/valdeus1151/Y3T1/FRA333_LAB_HW/LAB4/install/doppelt_control/share/doppelt_control/hook/pythonpath.ps1'
[4.519s] INFO:colcon.colcon_core.shell:Creating environment descriptor '/home/valdeus1151/Y3T1/FRA333_LAB_HW/LAB4/install/doppelt_control/share/doppelt_control/hook/pythonpath.dsv'
[4.520s] INFO:colcon.colcon_core.shell:Creating environment hook '/home/valdeus1151/Y3T1/FRA333_LAB_HW/LAB4/install/doppelt_control/share/doppelt_control/hook/pythonpath.sh'
[4.521s] Level 1:colcon.colcon_core.environment:checking '/home/valdeus1151/Y3T1/FRA333_LAB_HW/LAB4/install/doppelt_control/bin'
[4.525s] INFO:colcon.colcon_core.shell:Creating package script '/home/valdeus1151/Y3T1/FRA333_LAB_HW/LAB4/install/doppelt_control/share/doppelt_control/package.ps1'
[4.526s] INFO:colcon.colcon_core.shell:Creating package descriptor '/home/valdeus1151/Y3T1/FRA333_LAB_HW/LAB4/install/doppelt_control/share/doppelt_control/package.dsv'
[4.527s] INFO:colcon.colcon_core.shell:Creating package script '/home/valdeus1151/Y3T1/FRA333_LAB_HW/LAB4/install/doppelt_control/share/doppelt_control/package.sh'
[4.528s] INFO:colcon.colcon_core.shell:Creating package script '/home/valdeus1151/Y3T1/FRA333_LAB_HW/LAB4/install/doppelt_control/share/doppelt_control/package.bash'
[4.529s] INFO:colcon.colcon_core.shell:Creating package script '/home/valdeus1151/Y3T1/FRA333_LAB_HW/LAB4/install/doppelt_control/share/doppelt_control/package.zsh'
[4.530s] Level 1:colcon.colcon_core.environment:create_file_with_runtime_dependencies(/home/valdeus1151/Y3T1/FRA333_LAB_HW/LAB4/install/doppelt_control/share/colcon-core/packages/doppelt_control)
[7.808s] DEBUG:colcon.colcon_core.event_handler.log_command:Invoked command in '/home/valdeus1151/Y3T1/FRA333_LAB_HW/LAB4/build/doppelt_interfaces' returned '0': CMAKE_PREFIX_PATH=${CMAKE_PREFIX_PATH}:/opt/ros/foxy /usr/bin/cmake --build /home/valdeus1151/Y3T1/FRA333_LAB_HW/LAB4/build/doppelt_interfaces -- -j12 -l12
[7.871s] DEBUG:colcon.colcon_core.event_handler.log_command:Invoking command in '/home/valdeus1151/Y3T1/FRA333_LAB_HW/LAB4/build/doppelt_interfaces': CMAKE_PREFIX_PATH=${CMAKE_PREFIX_PATH}:/opt/ros/foxy /usr/bin/cmake --install /home/valdeus1151/Y3T1/FRA333_LAB_HW/LAB4/build/doppelt_interfaces
[8.522s] Level 1:colcon.colcon_core.environment:create_environment_scripts_only(doppelt_interfaces)
[8.522s] DEBUG:colcon.colcon_core.event_handler.log_command:Invoked command in '/home/valdeus1151/Y3T1/FRA333_LAB_HW/LAB4/build/doppelt_interfaces' returned '0': CMAKE_PREFIX_PATH=${CMAKE_PREFIX_PATH}:/opt/ros/foxy /usr/bin/cmake --install /home/valdeus1151/Y3T1/FRA333_LAB_HW/LAB4/build/doppelt_interfaces
[8.525s] Level 1:colcon.colcon_core.environment:checking '/home/valdeus1151/Y3T1/FRA333_LAB_HW/LAB4/install/doppelt_interfaces' for CMake module files
[8.526s] Level 1:colcon.colcon_core.environment:checking '/home/valdeus1151/Y3T1/FRA333_LAB_HW/LAB4/install/doppelt_interfaces' for CMake config files
[8.527s] Level 1:colcon.colcon_core.shell:create_environment_hook('doppelt_interfaces', 'cmake_prefix_path')
[8.529s] INFO:colcon.colcon_core.shell:Creating environment hook '/home/valdeus1151/Y3T1/FRA333_LAB_HW/LAB4/install/doppelt_interfaces/share/doppelt_interfaces/hook/cmake_prefix_path.ps1'
[8.530s] INFO:colcon.colcon_core.shell:Creating environment descriptor '/home/valdeus1151/Y3T1/FRA333_LAB_HW/LAB4/install/doppelt_interfaces/share/doppelt_interfaces/hook/cmake_prefix_path.dsv'
[8.530s] INFO:colcon.colcon_core.shell:Creating environment hook '/home/valdeus1151/Y3T1/FRA333_LAB_HW/LAB4/install/doppelt_interfaces/share/doppelt_interfaces/hook/cmake_prefix_path.sh'
[8.531s] Level 1:colcon.colcon_core.environment:checking '/home/valdeus1151/Y3T1/FRA333_LAB_HW/LAB4/install/doppelt_interfaces/lib'
[8.531s] Level 1:colcon.colcon_core.shell:create_environment_hook('doppelt_interfaces', 'ld_library_path_lib')
[8.532s] INFO:colcon.colcon_core.shell:Creating environment hook '/home/valdeus1151/Y3T1/FRA333_LAB_HW/LAB4/install/doppelt_interfaces/share/doppelt_interfaces/hook/ld_library_path_lib.ps1'
[8.533s] INFO:colcon.colcon_core.shell:Creating environment descriptor '/home/valdeus1151/Y3T1/FRA333_LAB_HW/LAB4/install/doppelt_interfaces/share/doppelt_interfaces/hook/ld_library_path_lib.dsv'
[8.533s] INFO:colcon.colcon_core.shell:Creating environment hook '/home/valdeus1151/Y3T1/FRA333_LAB_HW/LAB4/install/doppelt_interfaces/share/doppelt_interfaces/hook/ld_library_path_lib.sh'
[8.534s] Level 1:colcon.colcon_core.environment:checking '/home/valdeus1151/Y3T1/FRA333_LAB_HW/LAB4/install/doppelt_interfaces/bin'
[8.534s] Level 1:colcon.colcon_core.environment:checking '/home/valdeus1151/Y3T1/FRA333_LAB_HW/LAB4/install/doppelt_interfaces/lib/pkgconfig/doppelt_interfaces.pc'
[8.534s] Level 1:colcon.colcon_core.environment:checking '/home/valdeus1151/Y3T1/FRA333_LAB_HW/LAB4/install/doppelt_interfaces/lib/python3.8/site-packages'
[8.534s] Level 1:colcon.colcon_core.shell:create_environment_hook('doppelt_interfaces', 'pythonpath')
[8.537s] INFO:colcon.colcon_core.shell:Creating environment hook '/home/valdeus1151/Y3T1/FRA333_LAB_HW/LAB4/install/doppelt_interfaces/share/doppelt_interfaces/hook/pythonpath.ps1'
[8.538s] INFO:colcon.colcon_core.shell:Creating environment descriptor '/home/valdeus1151/Y3T1/FRA333_LAB_HW/LAB4/install/doppelt_interfaces/share/doppelt_interfaces/hook/pythonpath.dsv'
[8.538s] INFO:colcon.colcon_core.shell:Creating environment hook '/home/valdeus1151/Y3T1/FRA333_LAB_HW/LAB4/install/doppelt_interfaces/share/doppelt_interfaces/hook/pythonpath.sh'
[8.539s] Level 1:colcon.colcon_core.environment:checking '/home/valdeus1151/Y3T1/FRA333_LAB_HW/LAB4/install/doppelt_interfaces/bin'
[8.541s] INFO:colcon.colcon_core.shell:Creating package script '/home/valdeus1151/Y3T1/FRA333_LAB_HW/LAB4/install/doppelt_interfaces/share/doppelt_interfaces/package.ps1'
[8.541s] INFO:colcon.colcon_core.shell:Creating package descriptor '/home/valdeus1151/Y3T1/FRA333_LAB_HW/LAB4/install/doppelt_interfaces/share/doppelt_interfaces/package.dsv'
[8.542s] INFO:colcon.colcon_core.shell:Creating package script '/home/valdeus1151/Y3T1/FRA333_LAB_HW/LAB4/install/doppelt_interfaces/share/doppelt_interfaces/package.sh'
[8.542s] INFO:colcon.colcon_core.shell:Creating package script '/home/valdeus1151/Y3T1/FRA333_LAB_HW/LAB4/install/doppelt_interfaces/share/doppelt_interfaces/package.bash'
[8.542s] INFO:colcon.colcon_core.shell:Creating package script '/home/valdeus1151/Y3T1/FRA333_LAB_HW/LAB4/install/doppelt_interfaces/share/doppelt_interfaces/package.zsh'
[8.542s] Level 1:colcon.colcon_core.environment:create_file_with_runtime_dependencies(/home/valdeus1151/Y3T1/FRA333_LAB_HW/LAB4/install/doppelt_interfaces/share/colcon-core/packages/doppelt_interfaces)
[8.606s] Level 1:colcon.colcon_core.environment:create_environment_scripts_only(doppelt_interfaces)
[8.608s] Level 1:colcon.colcon_core.environment:checking '/home/valdeus1151/Y3T1/FRA333_LAB_HW/LAB4/install/doppelt_interfaces' for CMake module files
[8.609s] Level 1:colcon.colcon_core.environment:checking '/home/valdeus1151/Y3T1/FRA333_LAB_HW/LAB4/install/doppelt_interfaces' for CMake config files
[8.610s] Level 1:colcon.colcon_core.shell:create_environment_hook('doppelt_interfaces', 'cmake_prefix_path')
[8.611s] INFO:colcon.colcon_core.shell:Creating environment hook '/home/valdeus1151/Y3T1/FRA333_LAB_HW/LAB4/install/doppelt_interfaces/share/doppelt_interfaces/hook/cmake_prefix_path.ps1'
[8.612s] INFO:colcon.colcon_core.shell:Creating environment descriptor '/home/valdeus1151/Y3T1/FRA333_LAB_HW/LAB4/install/doppelt_interfaces/share/doppelt_interfaces/hook/cmake_prefix_path.dsv'
[8.612s] INFO:colcon.colcon_core.shell:Creating environment hook '/home/valdeus1151/Y3T1/FRA333_LAB_HW/LAB4/install/doppelt_interfaces/share/doppelt_interfaces/hook/cmake_prefix_path.sh'
[8.612s] Level 1:colcon.colcon_core.environment:checking '/home/valdeus1151/Y3T1/FRA333_LAB_HW/LAB4/install/doppelt_interfaces/lib'
[8.613s] Level 1:colcon.colcon_core.shell:create_environment_hook('doppelt_interfaces', 'ld_library_path_lib')
[8.614s] INFO:colcon.colcon_core.shell:Creating environment hook '/home/valdeus1151/Y3T1/FRA333_LAB_HW/LAB4/install/doppelt_interfaces/share/doppelt_interfaces/hook/ld_library_path_lib.ps1'
[8.614s] INFO:colcon.colcon_core.shell:Creating environment descriptor '/home/valdeus1151/Y3T1/FRA333_LAB_HW/LAB4/install/doppelt_interfaces/share/doppelt_interfaces/hook/ld_library_path_lib.dsv'
[8.615s] INFO:colcon.colcon_core.shell:Creating environment hook '/home/valdeus1151/Y3T1/FRA333_LAB_HW/LAB4/install/doppelt_interfaces/share/doppelt_interfaces/hook/ld_library_path_lib.sh'
[8.615s] Level 1:colcon.colcon_core.environment:checking '/home/valdeus1151/Y3T1/FRA333_LAB_HW/LAB4/install/doppelt_interfaces/bin'
[8.615s] Level 1:colcon.colcon_core.environment:checking '/home/valdeus1151/Y3T1/FRA333_LAB_HW/LAB4/install/doppelt_interfaces/lib/pkgconfig/doppelt_interfaces.pc'
[8.615s] Level 1:colcon.colcon_core.environment:checking '/home/valdeus1151/Y3T1/FRA333_LAB_HW/LAB4/install/doppelt_interfaces/lib/python3.8/site-packages'
[8.615s] Level 1:colcon.colcon_core.shell:create_environment_hook('doppelt_interfaces', 'pythonpath')
[8.617s] INFO:colcon.colcon_core.shell:Creating environment hook '/home/valdeus1151/Y3T1/FRA333_LAB_HW/LAB4/install/doppelt_interfaces/share/doppelt_interfaces/hook/pythonpath.ps1'
[8.617s] INFO:colcon.colcon_core.shell:Creating environment descriptor '/home/valdeus1151/Y3T1/FRA333_LAB_HW/LAB4/install/doppelt_interfaces/share/doppelt_interfaces/hook/pythonpath.dsv'
[8.618s] INFO:colcon.colcon_core.shell:Creating environment hook '/home/valdeus1151/Y3T1/FRA333_LAB_HW/LAB4/install/doppelt_interfaces/share/doppelt_interfaces/hook/pythonpath.sh'
[8.618s] Level 1:colcon.colcon_core.environment:checking '/home/valdeus1151/Y3T1/FRA333_LAB_HW/LAB4/install/doppelt_interfaces/bin'
[8.620s] INFO:colcon.colcon_core.shell:Creating package script '/home/valdeus1151/Y3T1/FRA333_LAB_HW/LAB4/install/doppelt_interfaces/share/doppelt_interfaces/package.ps1'
[8.620s] INFO:colcon.colcon_core.shell:Creating package descriptor '/home/valdeus1151/Y3T1/FRA333_LAB_HW/LAB4/install/doppelt_interfaces/share/doppelt_interfaces/package.dsv'
[8.621s] INFO:colcon.colcon_core.shell:Creating package script '/home/valdeus1151/Y3T1/FRA333_LAB_HW/LAB4/install/doppelt_interfaces/share/doppelt_interfaces/package.sh'
[8.621s] INFO:colcon.colcon_core.shell:Creating package script '/home/valdeus1151/Y3T1/FRA333_LAB_HW/LAB4/install/doppelt_interfaces/share/doppelt_interfaces/package.bash'
[8.622s] INFO:colcon.colcon_core.shell:Creating package script '/home/valdeus1151/Y3T1/FRA333_LAB_HW/LAB4/install/doppelt_interfaces/share/doppelt_interfaces/package.zsh'
[8.622s] Level 1:colcon.colcon_core.environment:create_file_with_runtime_dependencies(/home/valdeus1151/Y3T1/FRA333_LAB_HW/LAB4/install/doppelt_interfaces/share/colcon-core/packages/doppelt_interfaces)
[8.623s] DEBUG:colcon.colcon_parallel_executor.executor.parallel:closing loop
[8.623s] DEBUG:colcon.colcon_parallel_executor.executor.parallel:loop closed
[8.623s] DEBUG:colcon.colcon_parallel_executor.executor.parallel:run_until_complete finished with '0'
[8.623s] DEBUG:colcon.colcon_core.event_reactor:joining thread
[8.634s] INFO:colcon.colcon_core.plugin_system:Skipping extension 'colcon_notification.desktop_notification.terminal_notifier': Not used on non-Darwin systems
[8.634s] INFO:colcon.colcon_core.plugin_system:Skipping extension 'colcon_notification.desktop_notification.win32': Not used on non-Windows systems
[8.634s] INFO:colcon.colcon_notification.desktop_notification:Sending desktop notification using 'notify2'
[8.653s] DEBUG:colcon.colcon_core.event_reactor:joined thread
[8.655s] INFO:colcon.colcon_core.shell:Creating prefix script '/home/valdeus1151/Y3T1/FRA333_LAB_HW/LAB4/install/local_setup.ps1'
[8.656s] INFO:colcon.colcon_core.shell:Creating prefix util module '/home/valdeus1151/Y3T1/FRA333_LAB_HW/LAB4/install/_local_setup_util_ps1.py'
[8.658s] INFO:colcon.colcon_core.shell:Creating prefix chain script '/home/valdeus1151/Y3T1/FRA333_LAB_HW/LAB4/install/setup.ps1'
[8.661s] INFO:colcon.colcon_core.shell:Creating prefix script '/home/valdeus1151/Y3T1/FRA333_LAB_HW/LAB4/install/local_setup.sh'
[8.661s] INFO:colcon.colcon_core.shell:Creating prefix util module '/home/valdeus1151/Y3T1/FRA333_LAB_HW/LAB4/install/_local_setup_util_sh.py'
[8.662s] INFO:colcon.colcon_core.shell:Creating prefix chain script '/home/valdeus1151/Y3T1/FRA333_LAB_HW/LAB4/install/setup.sh'
[8.663s] INFO:colcon.colcon_core.shell:Creating prefix script '/home/valdeus1151/Y3T1/FRA333_LAB_HW/LAB4/install/local_setup.bash'
[8.664s] INFO:colcon.colcon_core.shell:Creating prefix chain script '/home/valdeus1151/Y3T1/FRA333_LAB_HW/LAB4/install/setup.bash'
[8.666s] INFO:colcon.colcon_core.shell:Creating prefix script '/home/valdeus1151/Y3T1/FRA333_LAB_HW/LAB4/install/local_setup.zsh'
[8.666s] INFO:colcon.colcon_core.shell:Creating prefix chain script '/home/valdeus1151/Y3T1/FRA333_LAB_HW/LAB4/install/setup.zsh'
