[0.015s] Invoking command in '/home/omzlette/gitROS/FRA333_LAB_HW/LAB3/build/ros2_control_demo_3r_robot': CMAKE_PREFIX_PATH=${CMAKE_PREFIX_PATH}:/opt/ros/foxy /usr/bin/cmake --build /home/omzlette/gitROS/FRA333_LAB_HW/LAB3/build/ros2_control_demo_3r_robot -- -j12 -l12
[0.043s] Invoked command in '/home/omzlette/gitROS/FRA333_LAB_HW/LAB3/build/ros2_control_demo_3r_robot' returned '0': CMAKE_PREFIX_PATH=${CMAKE_PREFIX_PATH}:/opt/ros/foxy /usr/bin/cmake --build /home/omzlette/gitROS/FRA333_LAB_HW/LAB3/build/ros2_control_demo_3r_robot -- -j12 -l12
[0.065s] Invoking command in '/home/omzlette/gitROS/FRA333_LAB_HW/LAB3/build/ros2_control_demo_3r_robot': CMAKE_PREFIX_PATH=${CMAKE_PREFIX_PATH}:/opt/ros/foxy /usr/bin/cmake --install /home/omzlette/gitROS/FRA333_LAB_HW/LAB3/build/ros2_control_demo_3r_robot
[0.070s] -- Install configuration: ""
[0.070s] -- Execute custom install script
[0.071s] -- Up-to-date symlink: /home/omzlette/gitROS/FRA333_LAB_HW/LAB3/install/ros2_control_demo_3r_robot/share/ros2_control_demo_3r_robot/environment/pythonpath.sh
[0.071s] -- Up-to-date symlink: /home/omzlette/gitROS/FRA333_LAB_HW/LAB3/install/ros2_control_demo_3r_robot/share/ros2_control_demo_3r_robot/environment/pythonpath.dsv
[0.071s] -- Up-to-date symlink: /home/omzlette/gitROS/FRA333_LAB_HW/LAB3/install/ros2_control_demo_3r_robot/lib/python3.8/site-packages/ros2_control_demo_3r_robot/__init__.py
[0.072s] -- Up-to-date symlink: /home/omzlette/gitROS/FRA333_LAB_HW/LAB3/install/ros2_control_demo_3r_robot/lib/ros2_control_demo_3r_robot/trajectory_gen.py
[0.072s] -- Up-to-date symlink: /home/omzlette/gitROS/FRA333_LAB_HW/LAB3/install/ros2_control_demo_3r_robot/share/ros2_control_demo_3r_robot/description/example_gazebo.xacro
[0.073s] -- Up-to-date symlink: /home/omzlette/gitROS/FRA333_LAB_HW/LAB3/install/ros2_control_demo_3r_robot/share/ros2_control_demo_3r_robot/description/example_include.xacro
[0.073s] -- Up-to-date symlink: /home/omzlette/gitROS/FRA333_LAB_HW/LAB3/install/ros2_control_demo_3r_robot/share/ros2_control_demo_3r_robot/description/example_robot.urdf.xacro
[0.073s] -- Up-to-date symlink: /home/omzlette/gitROS/FRA333_LAB_HW/LAB3/install/ros2_control_demo_3r_robot/share/ros2_control_demo_3r_robot/launch/dummy_gazebo.launch.py
[0.073s] -- Up-to-date symlink: /home/omzlette/gitROS/FRA333_LAB_HW/LAB3/install/ros2_control_demo_3r_robot/share/ros2_control_demo_3r_robot/config/myrobot_controllers.yaml
[0.073s] -- Up-to-date symlink: /home/omzlette/gitROS/FRA333_LAB_HW/LAB3/install/ros2_control_demo_3r_robot/share/ros2_control_demo_3r_robot/scripts/trajectory_gen.py
[0.074s] -- Up-to-date symlink: /home/omzlette/gitROS/FRA333_LAB_HW/LAB3/install/ros2_control_demo_3r_robot/share/ros2_control_demo_3r_robot/meshes/link_0.stl
[0.074s] -- Up-to-date symlink: /home/omzlette/gitROS/FRA333_LAB_HW/LAB3/install/ros2_control_demo_3r_robot/share/ros2_control_demo_3r_robot/meshes/link_1.stl
[0.074s] -- Up-to-date symlink: /home/omzlette/gitROS/FRA333_LAB_HW/LAB3/install/ros2_control_demo_3r_robot/share/ros2_control_demo_3r_robot/meshes/link_2.stl
[0.074s] -- Up-to-date symlink: /home/omzlette/gitROS/FRA333_LAB_HW/LAB3/install/ros2_control_demo_3r_robot/share/ros2_control_demo_3r_robot/meshes/link_3.stl
[0.075s] -- Up-to-date symlink: /home/omzlette/gitROS/FRA333_LAB_HW/LAB3/install/ros2_control_demo_3r_robot/share/ament_index/resource_index/package_run_dependencies/ros2_control_demo_3r_robot
[0.075s] -- Up-to-date symlink: /home/omzlette/gitROS/FRA333_LAB_HW/LAB3/install/ros2_control_demo_3r_robot/share/ament_index/resource_index/parent_prefix_path/ros2_control_demo_3r_robot
[0.075s] -- Up-to-date symlink: /home/omzlette/gitROS/FRA333_LAB_HW/LAB3/install/ros2_control_demo_3r_robot/share/ros2_control_demo_3r_robot/environment/ament_prefix_path.sh
[0.075s] -- Up-to-date symlink: /home/omzlette/gitROS/FRA333_LAB_HW/LAB3/install/ros2_control_demo_3r_robot/share/ros2_control_demo_3r_robot/environment/ament_prefix_path.dsv
[0.075s] -- Up-to-date symlink: /home/omzlette/gitROS/FRA333_LAB_HW/LAB3/install/ros2_control_demo_3r_robot/share/ros2_control_demo_3r_robot/environment/path.sh
[0.076s] -- Up-to-date symlink: /home/omzlette/gitROS/FRA333_LAB_HW/LAB3/install/ros2_control_demo_3r_robot/share/ros2_control_demo_3r_robot/environment/path.dsv
[0.076s] -- Up-to-date symlink: /home/omzlette/gitROS/FRA333_LAB_HW/LAB3/install/ros2_control_demo_3r_robot/share/ros2_control_demo_3r_robot/local_setup.bash
[0.076s] -- Up-to-date symlink: /home/omzlette/gitROS/FRA333_LAB_HW/LAB3/install/ros2_control_demo_3r_robot/share/ros2_control_demo_3r_robot/local_setup.sh
[0.076s] -- Up-to-date symlink: /home/omzlette/gitROS/FRA333_LAB_HW/LAB3/install/ros2_control_demo_3r_robot/share/ros2_control_demo_3r_robot/local_setup.zsh
[0.077s] -- Up-to-date symlink: /home/omzlette/gitROS/FRA333_LAB_HW/LAB3/install/ros2_control_demo_3r_robot/share/ros2_control_demo_3r_robot/local_setup.dsv
[0.077s] -- Symlinking: /home/omzlette/gitROS/FRA333_LAB_HW/LAB3/install/ros2_control_demo_3r_robot/share/ros2_control_demo_3r_robot/package.dsv
[0.083s] -- Up-to-date symlink: /home/omzlette/gitROS/FRA333_LAB_HW/LAB3/install/ros2_control_demo_3r_robot/share/ament_index/resource_index/packages/ros2_control_demo_3r_robot
[0.083s] -- Up-to-date symlink: /home/omzlette/gitROS/FRA333_LAB_HW/LAB3/install/ros2_control_demo_3r_robot/share/ros2_control_demo_3r_robot/cmake/ros2_control_demo_3r_robotConfig.cmake
[0.084s] -- Up-to-date symlink: /home/omzlette/gitROS/FRA333_LAB_HW/LAB3/install/ros2_control_demo_3r_robot/share/ros2_control_demo_3r_robot/cmake/ros2_control_demo_3r_robotConfig-version.cmake
[0.084s] -- Up-to-date symlink: /home/omzlette/gitROS/FRA333_LAB_HW/LAB3/install/ros2_control_demo_3r_robot/share/ros2_control_demo_3r_robot/package.xml
[0.105s] Listing '/home/omzlette/gitROS/FRA333_LAB_HW/LAB3/install/ros2_control_demo_3r_robot/lib/python3.8/site-packages/ros2_control_demo_3r_robot'...
[0.111s] Invoked command in '/home/omzlette/gitROS/FRA333_LAB_HW/LAB3/build/ros2_control_demo_3r_robot' returned '0': CMAKE_PREFIX_PATH=${CMAKE_PREFIX_PATH}:/opt/ros/foxy /usr/bin/cmake --install /home/omzlette/gitROS/FRA333_LAB_HW/LAB3/build/ros2_control_demo_3r_robot
