[0.125s] DEBUG:colcon:Command line arguments: ['/usr/bin/colcon', 'build', '--symlink-install']
[0.125s] DEBUG:colcon:Parsed command line arguments: Namespace(allow_overriding=[], ament_cmake_args=None, base_paths=['.'], build_base='build', catkin_cmake_args=None, catkin_skip_building_tests=False, cmake_args=None, cmake_clean_cache=False, cmake_clean_first=False, cmake_force_configure=False, cmake_target=None, cmake_target_skip_unavailable=False, continue_on_error=False, event_handlers=None, executor='parallel', ignore_user_meta=False, install_base='install', log_base=None, log_level=None, main=<bound method BuildVerb.main of <colcon_core.verb.build.BuildVerb object at 0x7f1cb77c9b80>>, merge_install=False, metas=['./colcon.meta'], packages_above=None, packages_above_and_dependencies=None, packages_above_depth=None, packages_end=None, packages_ignore=None, packages_ignore_regex=None, packages_select=None, packages_select_build_failed=False, packages_select_by_dep=None, packages_select_regex=None, packages_select_test_failures=False, packages_skip=None, packages_skip_build_finished=False, packages_skip_by_dep=None, packages_skip_regex=None, packages_skip_test_passed=False, packages_skip_up_to=None, packages_start=None, packages_up_to=None, packages_up_to_regex=None, parallel_workers=12, paths=None, symlink_install=True, test_result_base=None, verb_extension=<colcon_core.verb.build.BuildVerb object at 0x7f1cb77c9b80>, verb_name='build', verb_parser=<colcon_defaults.argument_parser.defaults.DefaultArgumentsDecorator object at 0x7f1cb77d6130>)
[0.146s] Level 1:colcon.colcon_core.package_discovery:discover_packages(colcon_meta) check parameters
[0.146s] Level 1:colcon.colcon_core.package_discovery:discover_packages(recursive) check parameters
[0.146s] Level 1:colcon.colcon_core.package_discovery:discover_packages(ignore) check parameters
[0.146s] Level 1:colcon.colcon_core.package_discovery:discover_packages(path) check parameters
[0.146s] Level 1:colcon.colcon_core.package_discovery:discover_packages(colcon_meta) discover
[0.146s] Level 1:colcon.colcon_core.package_discovery:discover_packages(recursive) discover
[0.146s] INFO:colcon.colcon_core.package_discovery:Crawling recursively for packages in '/home/omzlette/gitRos/LAB2'
[0.147s] Level 1:colcon.colcon_core.package_identification:_identify(.) by extensions ['ignore', 'ignore_ament_install']
[0.147s] Level 1:colcon.colcon_core.package_identification:_identify(.) by extension 'ignore'
[0.147s] Level 1:colcon.colcon_core.package_identification:_identify(.) by extension 'ignore_ament_install'
[0.147s] Level 1:colcon.colcon_core.package_identification:_identify(.) by extensions ['colcon_pkg']
[0.147s] Level 1:colcon.colcon_core.package_identification:_identify(.) by extension 'colcon_pkg'
[0.147s] Level 1:colcon.colcon_core.package_identification:_identify(.) by extensions ['colcon_meta']
[0.147s] Level 1:colcon.colcon_core.package_identification:_identify(.) by extension 'colcon_meta'
[0.147s] Level 1:colcon.colcon_core.package_identification:_identify(.) by extensions ['ros']
[0.147s] Level 1:colcon.colcon_core.package_identification:_identify(.) by extension 'ros'
[0.160s] Level 1:colcon.colcon_core.package_identification:_identify(.) by extensions ['cmake', 'python']
[0.160s] Level 1:colcon.colcon_core.package_identification:_identify(.) by extension 'cmake'
[0.160s] Level 1:colcon.colcon_core.package_identification:_identify(.) by extension 'python'
[0.160s] Level 1:colcon.colcon_core.package_identification:_identify(.) by extensions ['python_setup_py']
[0.160s] Level 1:colcon.colcon_core.package_identification:_identify(.) by extension 'python_setup_py'
[0.160s] Level 1:colcon.colcon_core.package_identification:_identify(build) by extensions ['ignore', 'ignore_ament_install']
[0.160s] Level 1:colcon.colcon_core.package_identification:_identify(build) by extension 'ignore'
[0.160s] Level 1:colcon.colcon_core.package_identification:_identify(build) ignored
[0.160s] Level 1:colcon.colcon_core.package_identification:_identify(install) by extensions ['ignore', 'ignore_ament_install']
[0.161s] Level 1:colcon.colcon_core.package_identification:_identify(install) by extension 'ignore'
[0.161s] Level 1:colcon.colcon_core.package_identification:_identify(install) ignored
[0.161s] Level 1:colcon.colcon_core.package_identification:_identify(log) by extensions ['ignore', 'ignore_ament_install']
[0.161s] Level 1:colcon.colcon_core.package_identification:_identify(log) by extension 'ignore'
[0.161s] Level 1:colcon.colcon_core.package_identification:_identify(log) ignored
[0.161s] Level 1:colcon.colcon_core.package_identification:_identify(src) by extensions ['ignore', 'ignore_ament_install']
[0.161s] Level 1:colcon.colcon_core.package_identification:_identify(src) by extension 'ignore'
[0.161s] Level 1:colcon.colcon_core.package_identification:_identify(src) by extension 'ignore_ament_install'
[0.161s] Level 1:colcon.colcon_core.package_identification:_identify(src) by extensions ['colcon_pkg']
[0.161s] Level 1:colcon.colcon_core.package_identification:_identify(src) by extension 'colcon_pkg'
[0.161s] Level 1:colcon.colcon_core.package_identification:_identify(src) by extensions ['colcon_meta']
[0.161s] Level 1:colcon.colcon_core.package_identification:_identify(src) by extension 'colcon_meta'
[0.161s] Level 1:colcon.colcon_core.package_identification:_identify(src) by extensions ['ros']
[0.161s] Level 1:colcon.colcon_core.package_identification:_identify(src) by extension 'ros'
[0.161s] Level 1:colcon.colcon_core.package_identification:_identify(src) by extensions ['cmake', 'python']
[0.161s] Level 1:colcon.colcon_core.package_identification:_identify(src) by extension 'cmake'
[0.161s] Level 1:colcon.colcon_core.package_identification:_identify(src) by extension 'python'
[0.161s] Level 1:colcon.colcon_core.package_identification:_identify(src) by extensions ['python_setup_py']
[0.161s] Level 1:colcon.colcon_core.package_identification:_identify(src) by extension 'python_setup_py'
[0.161s] Level 1:colcon.colcon_core.package_identification:_identify(src/CAD) by extensions ['ignore', 'ignore_ament_install']
[0.161s] Level 1:colcon.colcon_core.package_identification:_identify(src/CAD) by extension 'ignore'
[0.161s] Level 1:colcon.colcon_core.package_identification:_identify(src/CAD) by extension 'ignore_ament_install'
[0.162s] Level 1:colcon.colcon_core.package_identification:_identify(src/CAD) by extensions ['colcon_pkg']
[0.162s] Level 1:colcon.colcon_core.package_identification:_identify(src/CAD) by extension 'colcon_pkg'
[0.162s] Level 1:colcon.colcon_core.package_identification:_identify(src/CAD) by extensions ['colcon_meta']
[0.162s] Level 1:colcon.colcon_core.package_identification:_identify(src/CAD) by extension 'colcon_meta'
[0.162s] Level 1:colcon.colcon_core.package_identification:_identify(src/CAD) by extensions ['ros']
[0.162s] Level 1:colcon.colcon_core.package_identification:_identify(src/CAD) by extension 'ros'
[0.162s] Level 1:colcon.colcon_core.package_identification:_identify(src/CAD) by extensions ['cmake', 'python']
[0.162s] Level 1:colcon.colcon_core.package_identification:_identify(src/CAD) by extension 'cmake'
[0.162s] Level 1:colcon.colcon_core.package_identification:_identify(src/CAD) by extension 'python'
[0.162s] Level 1:colcon.colcon_core.package_identification:_identify(src/CAD) by extensions ['python_setup_py']
[0.162s] Level 1:colcon.colcon_core.package_identification:_identify(src/CAD) by extension 'python_setup_py'
[0.162s] Level 1:colcon.colcon_core.package_identification:_identify(src/doc) by extensions ['ignore', 'ignore_ament_install']
[0.162s] Level 1:colcon.colcon_core.package_identification:_identify(src/doc) by extension 'ignore'
[0.162s] Level 1:colcon.colcon_core.package_identification:_identify(src/doc) by extension 'ignore_ament_install'
[0.162s] Level 1:colcon.colcon_core.package_identification:_identify(src/doc) by extensions ['colcon_pkg']
[0.162s] Level 1:colcon.colcon_core.package_identification:_identify(src/doc) by extension 'colcon_pkg'
[0.162s] Level 1:colcon.colcon_core.package_identification:_identify(src/doc) by extensions ['colcon_meta']
[0.162s] Level 1:colcon.colcon_core.package_identification:_identify(src/doc) by extension 'colcon_meta'
[0.162s] Level 1:colcon.colcon_core.package_identification:_identify(src/doc) by extensions ['ros']
[0.162s] Level 1:colcon.colcon_core.package_identification:_identify(src/doc) by extension 'ros'
[0.162s] Level 1:colcon.colcon_core.package_identification:_identify(src/doc) by extensions ['cmake', 'python']
[0.162s] Level 1:colcon.colcon_core.package_identification:_identify(src/doc) by extension 'cmake'
[0.162s] Level 1:colcon.colcon_core.package_identification:_identify(src/doc) by extension 'python'
[0.162s] Level 1:colcon.colcon_core.package_identification:_identify(src/doc) by extensions ['python_setup_py']
[0.162s] Level 1:colcon.colcon_core.package_identification:_identify(src/doc) by extension 'python_setup_py'
[0.162s] Level 1:colcon.colcon_core.package_identification:_identify(src/doc/pic) by extensions ['ignore', 'ignore_ament_install']
[0.162s] Level 1:colcon.colcon_core.package_identification:_identify(src/doc/pic) by extension 'ignore'
[0.163s] Level 1:colcon.colcon_core.package_identification:_identify(src/doc/pic) by extension 'ignore_ament_install'
[0.163s] Level 1:colcon.colcon_core.package_identification:_identify(src/doc/pic) by extensions ['colcon_pkg']
[0.163s] Level 1:colcon.colcon_core.package_identification:_identify(src/doc/pic) by extension 'colcon_pkg'
[0.163s] Level 1:colcon.colcon_core.package_identification:_identify(src/doc/pic) by extensions ['colcon_meta']
[0.163s] Level 1:colcon.colcon_core.package_identification:_identify(src/doc/pic) by extension 'colcon_meta'
[0.163s] Level 1:colcon.colcon_core.package_identification:_identify(src/doc/pic) by extensions ['ros']
[0.163s] Level 1:colcon.colcon_core.package_identification:_identify(src/doc/pic) by extension 'ros'
[0.163s] Level 1:colcon.colcon_core.package_identification:_identify(src/doc/pic) by extensions ['cmake', 'python']
[0.163s] Level 1:colcon.colcon_core.package_identification:_identify(src/doc/pic) by extension 'cmake'
[0.163s] Level 1:colcon.colcon_core.package_identification:_identify(src/doc/pic) by extension 'python'
[0.163s] Level 1:colcon.colcon_core.package_identification:_identify(src/doc/pic) by extensions ['python_setup_py']
[0.163s] Level 1:colcon.colcon_core.package_identification:_identify(src/doc/pic) by extension 'python_setup_py'
[0.163s] Level 1:colcon.colcon_core.package_identification:_identify(src/sandevistan_description) by extensions ['ignore', 'ignore_ament_install']
[0.163s] Level 1:colcon.colcon_core.package_identification:_identify(src/sandevistan_description) by extension 'ignore'
[0.163s] Level 1:colcon.colcon_core.package_identification:_identify(src/sandevistan_description) by extension 'ignore_ament_install'
[0.163s] Level 1:colcon.colcon_core.package_identification:_identify(src/sandevistan_description) by extensions ['colcon_pkg']
[0.163s] Level 1:colcon.colcon_core.package_identification:_identify(src/sandevistan_description) by extension 'colcon_pkg'
[0.163s] Level 1:colcon.colcon_core.package_identification:_identify(src/sandevistan_description) by extensions ['colcon_meta']
[0.163s] Level 1:colcon.colcon_core.package_identification:_identify(src/sandevistan_description) by extension 'colcon_meta'
[0.163s] Level 1:colcon.colcon_core.package_identification:_identify(src/sandevistan_description) by extensions ['ros']
[0.163s] Level 1:colcon.colcon_core.package_identification:_identify(src/sandevistan_description) by extension 'ros'
[0.165s] DEBUG:colcon.colcon_core.package_identification:Package 'src/sandevistan_description' with type 'ros.ament_cmake' and name 'sandevistan_description'
[0.165s] Level 1:colcon.colcon_core.package_identification:_identify(src/sandevistan_kinematics) by extensions ['ignore', 'ignore_ament_install']
[0.165s] Level 1:colcon.colcon_core.package_identification:_identify(src/sandevistan_kinematics) by extension 'ignore'
[0.166s] Level 1:colcon.colcon_core.package_identification:_identify(src/sandevistan_kinematics) by extension 'ignore_ament_install'
[0.166s] Level 1:colcon.colcon_core.package_identification:_identify(src/sandevistan_kinematics) by extensions ['colcon_pkg']
[0.166s] Level 1:colcon.colcon_core.package_identification:_identify(src/sandevistan_kinematics) by extension 'colcon_pkg'
[0.166s] Level 1:colcon.colcon_core.package_identification:_identify(src/sandevistan_kinematics) by extensions ['colcon_meta']
[0.166s] Level 1:colcon.colcon_core.package_identification:_identify(src/sandevistan_kinematics) by extension 'colcon_meta'
[0.166s] Level 1:colcon.colcon_core.package_identification:_identify(src/sandevistan_kinematics) by extensions ['ros']
[0.166s] Level 1:colcon.colcon_core.package_identification:_identify(src/sandevistan_kinematics) by extension 'ros'
[0.166s] DEBUG:colcon.colcon_core.package_identification:Package 'src/sandevistan_kinematics' with type 'ros.ament_cmake' and name 'sandevistan_kinematics'
[0.166s] Level 1:colcon.colcon_core.package_identification:_identify(src/sandevistan_kinematics_interfaces) by extensions ['ignore', 'ignore_ament_install']
[0.166s] Level 1:colcon.colcon_core.package_identification:_identify(src/sandevistan_kinematics_interfaces) by extension 'ignore'
[0.166s] Level 1:colcon.colcon_core.package_identification:_identify(src/sandevistan_kinematics_interfaces) by extension 'ignore_ament_install'
[0.167s] Level 1:colcon.colcon_core.package_identification:_identify(src/sandevistan_kinematics_interfaces) by extensions ['colcon_pkg']
[0.167s] Level 1:colcon.colcon_core.package_identification:_identify(src/sandevistan_kinematics_interfaces) by extension 'colcon_pkg'
[0.167s] Level 1:colcon.colcon_core.package_identification:_identify(src/sandevistan_kinematics_interfaces) by extensions ['colcon_meta']
[0.167s] Level 1:colcon.colcon_core.package_identification:_identify(src/sandevistan_kinematics_interfaces) by extension 'colcon_meta'
[0.167s] Level 1:colcon.colcon_core.package_identification:_identify(src/sandevistan_kinematics_interfaces) by extensions ['ros']
[0.167s] Level 1:colcon.colcon_core.package_identification:_identify(src/sandevistan_kinematics_interfaces) by extension 'ros'
[0.167s] DEBUG:colcon.colcon_core.package_identification:Package 'src/sandevistan_kinematics_interfaces' with type 'ros.ament_cmake' and name 'sandevistan_kinematics_interfaces'
[0.167s] Level 1:colcon.colcon_core.package_discovery:discover_packages(recursive) using defaults
[0.167s] Level 1:colcon.colcon_core.package_discovery:discover_packages(ignore) discover
[0.167s] Level 1:colcon.colcon_core.package_discovery:discover_packages(ignore) using defaults
[0.167s] Level 1:colcon.colcon_core.package_discovery:discover_packages(path) discover
[0.167s] Level 1:colcon.colcon_core.package_discovery:discover_packages(path) using defaults
[0.185s] Level 1:colcon.colcon_core.package_discovery:discover_packages(prefix_path) check parameters
[0.185s] Level 1:colcon.colcon_core.package_discovery:discover_packages(prefix_path) discover
[0.186s] WARNING:colcon.colcon_ros.prefix_path.ament:The path '/home/omzlette/gitRos/LAB2/install/sandevistan_kinematics_interfaces' in the environment variable AMENT_PREFIX_PATH doesn't exist
[0.186s] WARNING:colcon.colcon_ros.prefix_path.ament:The path '/home/omzlette/gitRos/LAB2/install/sandevistan_kinematics' in the environment variable AMENT_PREFIX_PATH doesn't exist
[0.186s] WARNING:colcon.colcon_ros.prefix_path.ament:The path '/home/omzlette/gitRos/LAB2/install/sandevistan_description' in the environment variable AMENT_PREFIX_PATH doesn't exist
[0.186s] WARNING:colcon.colcon_ros.prefix_path.catkin:The path '/home/omzlette/gitRos/LAB2/install/sandevistan_kinematics_interfaces' in the environment variable CMAKE_PREFIX_PATH doesn't exist
[0.187s] WARNING:colcon.colcon_ros.prefix_path.catkin:The path '/home/omzlette/gitRos/LAB2/install/sandevistan_kinematics' in the environment variable CMAKE_PREFIX_PATH doesn't exist
[0.187s] WARNING:colcon.colcon_ros.prefix_path.catkin:The path '/home/omzlette/gitRos/LAB2/install/sandevistan_description' in the environment variable CMAKE_PREFIX_PATH doesn't exist
[0.188s] DEBUG:colcon.colcon_installed_package_information.package_discovery:Found 0 installed packages in /home/omzlette/gitRos/LAB2/install
[0.189s] DEBUG:colcon.colcon_installed_package_information.package_discovery:Found 2 installed packages in /home/omzlette/gitRos/LAB1_WS/install
[0.190s] DEBUG:colcon.colcon_installed_package_information.package_discovery:Found 1 installed packages in /home/omzlette/ROS2Dir/FRA333_WS/install
[0.191s] DEBUG:colcon.colcon_installed_package_information.package_discovery:Found 1 installed packages in /home/omzlette/ROS2Dir/estella_ws/install
[0.192s] DEBUG:colcon.colcon_installed_package_information.package_discovery:Found 263 installed packages in /opt/ros/foxy
[0.193s] Level 1:colcon.colcon_core.package_discovery:discover_packages(prefix_path) using defaults
[0.252s] Level 5:colcon.colcon_core.verb:set package 'sandevistan_description' build argument 'cmake_args' from command line to 'None'
[0.252s] Level 5:colcon.colcon_core.verb:set package 'sandevistan_description' build argument 'cmake_target' from command line to 'None'
[0.252s] Level 5:colcon.colcon_core.verb:set package 'sandevistan_description' build argument 'cmake_target_skip_unavailable' from command line to 'False'
[0.252s] Level 5:colcon.colcon_core.verb:set package 'sandevistan_description' build argument 'cmake_clean_cache' from command line to 'False'
[0.252s] Level 5:colcon.colcon_core.verb:set package 'sandevistan_description' build argument 'cmake_clean_first' from command line to 'False'
[0.252s] Level 5:colcon.colcon_core.verb:set package 'sandevistan_description' build argument 'cmake_force_configure' from command line to 'False'
[0.252s] Level 5:colcon.colcon_core.verb:set package 'sandevistan_description' build argument 'ament_cmake_args' from command line to 'None'
[0.252s] Level 5:colcon.colcon_core.verb:set package 'sandevistan_description' build argument 'catkin_cmake_args' from command line to 'None'
[0.252s] Level 5:colcon.colcon_core.verb:set package 'sandevistan_description' build argument 'catkin_skip_building_tests' from command line to 'False'
[0.252s] DEBUG:colcon.colcon_core.verb:Building package 'sandevistan_description' with the following arguments: {'ament_cmake_args': None, 'build_base': '/home/omzlette/gitRos/LAB2/build/sandevistan_description', 'catkin_cmake_args': None, 'catkin_skip_building_tests': False, 'cmake_args': None, 'cmake_clean_cache': False, 'cmake_clean_first': False, 'cmake_force_configure': False, 'cmake_target': None, 'cmake_target_skip_unavailable': False, 'install_base': '/home/omzlette/gitRos/LAB2/install/sandevistan_description', 'merge_install': False, 'path': '/home/omzlette/gitRos/LAB2/src/sandevistan_description', 'symlink_install': True, 'test_result_base': None}
[0.253s] Level 5:colcon.colcon_core.verb:set package 'sandevistan_kinematics' build argument 'cmake_args' from command line to 'None'
[0.253s] Level 5:colcon.colcon_core.verb:set package 'sandevistan_kinematics' build argument 'cmake_target' from command line to 'None'
[0.253s] Level 5:colcon.colcon_core.verb:set package 'sandevistan_kinematics' build argument 'cmake_target_skip_unavailable' from command line to 'False'
[0.253s] Level 5:colcon.colcon_core.verb:set package 'sandevistan_kinematics' build argument 'cmake_clean_cache' from command line to 'False'
[0.253s] Level 5:colcon.colcon_core.verb:set package 'sandevistan_kinematics' build argument 'cmake_clean_first' from command line to 'False'
[0.253s] Level 5:colcon.colcon_core.verb:set package 'sandevistan_kinematics' build argument 'cmake_force_configure' from command line to 'False'
[0.253s] Level 5:colcon.colcon_core.verb:set package 'sandevistan_kinematics' build argument 'ament_cmake_args' from command line to 'None'
[0.253s] Level 5:colcon.colcon_core.verb:set package 'sandevistan_kinematics' build argument 'catkin_cmake_args' from command line to 'None'
[0.253s] Level 5:colcon.colcon_core.verb:set package 'sandevistan_kinematics' build argument 'catkin_skip_building_tests' from command line to 'False'
[0.253s] DEBUG:colcon.colcon_core.verb:Building package 'sandevistan_kinematics' with the following arguments: {'ament_cmake_args': None, 'build_base': '/home/omzlette/gitRos/LAB2/build/sandevistan_kinematics', 'catkin_cmake_args': None, 'catkin_skip_building_tests': False, 'cmake_args': None, 'cmake_clean_cache': False, 'cmake_clean_first': False, 'cmake_force_configure': False, 'cmake_target': None, 'cmake_target_skip_unavailable': False, 'install_base': '/home/omzlette/gitRos/LAB2/install/sandevistan_kinematics', 'merge_install': False, 'path': '/home/omzlette/gitRos/LAB2/src/sandevistan_kinematics', 'symlink_install': True, 'test_result_base': None}
[0.254s] Level 5:colcon.colcon_core.verb:set package 'sandevistan_kinematics_interfaces' build argument 'cmake_args' from command line to 'None'
[0.254s] Level 5:colcon.colcon_core.verb:set package 'sandevistan_kinematics_interfaces' build argument 'cmake_target' from command line to 'None'
[0.254s] Level 5:colcon.colcon_core.verb:set package 'sandevistan_kinematics_interfaces' build argument 'cmake_target_skip_unavailable' from command line to 'False'
[0.254s] Level 5:colcon.colcon_core.verb:set package 'sandevistan_kinematics_interfaces' build argument 'cmake_clean_cache' from command line to 'False'
[0.254s] Level 5:colcon.colcon_core.verb:set package 'sandevistan_kinematics_interfaces' build argument 'cmake_clean_first' from command line to 'False'
[0.254s] Level 5:colcon.colcon_core.verb:set package 'sandevistan_kinematics_interfaces' build argument 'cmake_force_configure' from command line to 'False'
[0.254s] Level 5:colcon.colcon_core.verb:set package 'sandevistan_kinematics_interfaces' build argument 'ament_cmake_args' from command line to 'None'
[0.255s] Level 5:colcon.colcon_core.verb:set package 'sandevistan_kinematics_interfaces' build argument 'catkin_cmake_args' from command line to 'None'
[0.255s] Level 5:colcon.colcon_core.verb:set package 'sandevistan_kinematics_interfaces' build argument 'catkin_skip_building_tests' from command line to 'False'
[0.255s] DEBUG:colcon.colcon_core.verb:Building package 'sandevistan_kinematics_interfaces' with the following arguments: {'ament_cmake_args': None, 'build_base': '/home/omzlette/gitRos/LAB2/build/sandevistan_kinematics_interfaces', 'catkin_cmake_args': None, 'catkin_skip_building_tests': False, 'cmake_args': None, 'cmake_clean_cache': False, 'cmake_clean_first': False, 'cmake_force_configure': False, 'cmake_target': None, 'cmake_target_skip_unavailable': False, 'install_base': '/home/omzlette/gitRos/LAB2/install/sandevistan_kinematics_interfaces', 'merge_install': False, 'path': '/home/omzlette/gitRos/LAB2/src/sandevistan_kinematics_interfaces', 'symlink_install': True, 'test_result_base': None}
[0.255s] INFO:colcon.colcon_core.executor:Executing jobs using 'parallel' executor
[0.261s] DEBUG:colcon.colcon_parallel_executor.executor.parallel:run_until_complete
[0.261s] INFO:colcon.colcon_ros.task.ament_cmake.build:Building ROS package in '/home/omzlette/gitRos/LAB2/src/sandevistan_description' with build type 'ament_cmake'
[0.261s] INFO:colcon.colcon_cmake.task.cmake.build:Building CMake package in '/home/omzlette/gitRos/LAB2/src/sandevistan_description'
[0.265s] INFO:colcon.colcon_core.plugin_system:Skipping extension 'colcon_core.shell.bat': Not used on non-Windows systems
[0.265s] INFO:colcon.colcon_core.shell:Skip shell extension 'powershell' for command environment: Not usable outside of PowerShell
[0.265s] DEBUG:colcon.colcon_core.shell:Skip shell extension 'dsv' for command environment
[0.273s] INFO:colcon.colcon_ros.task.ament_cmake.build:Building ROS package in '/home/omzlette/gitRos/LAB2/src/sandevistan_kinematics' with build type 'ament_cmake'
[0.273s] INFO:colcon.colcon_cmake.task.cmake.build:Building CMake package in '/home/omzlette/gitRos/LAB2/src/sandevistan_kinematics'
[0.275s] INFO:colcon.colcon_core.shell:Skip shell extension 'powershell' for command environment: Not usable outside of PowerShell
[0.275s] DEBUG:colcon.colcon_core.shell:Skip shell extension 'dsv' for command environment
[0.284s] INFO:colcon.colcon_ros.task.ament_cmake.build:Building ROS package in '/home/omzlette/gitRos/LAB2/src/sandevistan_kinematics_interfaces' with build type 'ament_cmake'
[0.284s] INFO:colcon.colcon_cmake.task.cmake.build:Building CMake package in '/home/omzlette/gitRos/LAB2/src/sandevistan_kinematics_interfaces'
[0.286s] INFO:colcon.colcon_core.shell:Skip shell extension 'powershell' for command environment: Not usable outside of PowerShell
[0.286s] DEBUG:colcon.colcon_core.shell:Skip shell extension 'dsv' for command environment
[0.298s] DEBUG:colcon.colcon_core.event_handler.log_command:Invoking command in '/home/omzlette/gitRos/LAB2/build/sandevistan_description': CMAKE_PREFIX_PATH=${CMAKE_PREFIX_PATH}:/opt/ros/foxy /usr/bin/cmake /home/omzlette/gitRos/LAB2/src/sandevistan_description -DAMENT_CMAKE_SYMLINK_INSTALL=1 -DCMAKE_INSTALL_PREFIX=/home/omzlette/gitRos/LAB2/install/sandevistan_description
[0.301s] DEBUG:colcon.colcon_core.event_handler.log_command:Invoking command in '/home/omzlette/gitRos/LAB2/build/sandevistan_kinematics': CMAKE_PREFIX_PATH=${CMAKE_PREFIX_PATH}:/opt/ros/foxy /usr/bin/cmake /home/omzlette/gitRos/LAB2/src/sandevistan_kinematics -DAMENT_CMAKE_SYMLINK_INSTALL=1 -DCMAKE_INSTALL_PREFIX=/home/omzlette/gitRos/LAB2/install/sandevistan_kinematics
[0.304s] DEBUG:colcon.colcon_core.event_handler.log_command:Invoking command in '/home/omzlette/gitRos/LAB2/build/sandevistan_kinematics_interfaces': CMAKE_PREFIX_PATH=${CMAKE_PREFIX_PATH}:/opt/ros/foxy /usr/bin/cmake /home/omzlette/gitRos/LAB2/src/sandevistan_kinematics_interfaces -DAMENT_CMAKE_SYMLINK_INSTALL=1 -DCMAKE_INSTALL_PREFIX=/home/omzlette/gitRos/LAB2/install/sandevistan_kinematics_interfaces
[1.513s] DEBUG:colcon.colcon_core.event_handler.log_command:Invoked command in '/home/omzlette/gitRos/LAB2/build/sandevistan_description' returned '0': CMAKE_PREFIX_PATH=${CMAKE_PREFIX_PATH}:/opt/ros/foxy /usr/bin/cmake /home/omzlette/gitRos/LAB2/src/sandevistan_description -DAMENT_CMAKE_SYMLINK_INSTALL=1 -DCMAKE_INSTALL_PREFIX=/home/omzlette/gitRos/LAB2/install/sandevistan_description
[1.516s] DEBUG:colcon.colcon_core.event_handler.log_command:Invoking command in '/home/omzlette/gitRos/LAB2/build/sandevistan_description': CMAKE_PREFIX_PATH=${CMAKE_PREFIX_PATH}:/opt/ros/foxy /usr/bin/cmake --build /home/omzlette/gitRos/LAB2/build/sandevistan_description -- -j12 -l12
[1.533s] DEBUG:colcon.colcon_core.event_handler.log_command:Invoked command in '/home/omzlette/gitRos/LAB2/build/sandevistan_kinematics' returned '0': CMAKE_PREFIX_PATH=${CMAKE_PREFIX_PATH}:/opt/ros/foxy /usr/bin/cmake /home/omzlette/gitRos/LAB2/src/sandevistan_kinematics -DAMENT_CMAKE_SYMLINK_INSTALL=1 -DCMAKE_INSTALL_PREFIX=/home/omzlette/gitRos/LAB2/install/sandevistan_kinematics
[1.535s] DEBUG:colcon.colcon_core.event_handler.log_command:Invoking command in '/home/omzlette/gitRos/LAB2/build/sandevistan_kinematics': CMAKE_PREFIX_PATH=${CMAKE_PREFIX_PATH}:/opt/ros/foxy /usr/bin/cmake --build /home/omzlette/gitRos/LAB2/build/sandevistan_kinematics -- -j12 -l12
[1.545s] DEBUG:colcon.colcon_core.event_handler.log_command:Invoked command in '/home/omzlette/gitRos/LAB2/build/sandevistan_description' returned '0': CMAKE_PREFIX_PATH=${CMAKE_PREFIX_PATH}:/opt/ros/foxy /usr/bin/cmake --build /home/omzlette/gitRos/LAB2/build/sandevistan_description -- -j12 -l12
[1.570s] DEBUG:colcon.colcon_core.event_handler.log_command:Invoking command in '/home/omzlette/gitRos/LAB2/build/sandevistan_description': CMAKE_PREFIX_PATH=${CMAKE_PREFIX_PATH}:/opt/ros/foxy /usr/bin/cmake --install /home/omzlette/gitRos/LAB2/build/sandevistan_description
[1.572s] DEBUG:colcon.colcon_core.event_handler.log_command:Invoked command in '/home/omzlette/gitRos/LAB2/build/sandevistan_kinematics' returned '0': CMAKE_PREFIX_PATH=${CMAKE_PREFIX_PATH}:/opt/ros/foxy /usr/bin/cmake --build /home/omzlette/gitRos/LAB2/build/sandevistan_kinematics -- -j12 -l12
[1.589s] DEBUG:colcon.colcon_core.event_handler.log_command:Invoking command in '/home/omzlette/gitRos/LAB2/build/sandevistan_kinematics': CMAKE_PREFIX_PATH=${CMAKE_PREFIX_PATH}:/opt/ros/foxy /usr/bin/cmake --install /home/omzlette/gitRos/LAB2/build/sandevistan_kinematics
[1.761s] Level 1:colcon.colcon_core.environment:create_environment_scripts_only(sandevistan_description)
[1.762s] DEBUG:colcon.colcon_core.event_handler.log_command:Invoked command in '/home/omzlette/gitRos/LAB2/build/sandevistan_description' returned '0': CMAKE_PREFIX_PATH=${CMAKE_PREFIX_PATH}:/opt/ros/foxy /usr/bin/cmake --install /home/omzlette/gitRos/LAB2/build/sandevistan_description
[1.772s] Level 1:colcon.colcon_core.environment:checking '/home/omzlette/gitRos/LAB2/install/sandevistan_description' for CMake module files
[1.773s] Level 1:colcon.colcon_core.environment:checking '/home/omzlette/gitRos/LAB2/install/sandevistan_description' for CMake config files
[1.773s] Level 1:colcon.colcon_core.shell:create_environment_hook('sandevistan_description', 'cmake_prefix_path')
[1.777s] INFO:colcon.colcon_core.shell:Creating environment hook '/home/omzlette/gitRos/LAB2/install/sandevistan_description/share/sandevistan_description/hook/cmake_prefix_path.ps1'
[1.778s] INFO:colcon.colcon_core.shell:Creating environment descriptor '/home/omzlette/gitRos/LAB2/install/sandevistan_description/share/sandevistan_description/hook/cmake_prefix_path.dsv'
[1.778s] INFO:colcon.colcon_core.shell:Creating environment hook '/home/omzlette/gitRos/LAB2/install/sandevistan_description/share/sandevistan_description/hook/cmake_prefix_path.sh'
[1.779s] Level 1:colcon.colcon_core.environment:checking '/home/omzlette/gitRos/LAB2/install/sandevistan_description/lib'
[1.779s] Level 1:colcon.colcon_core.environment:checking '/home/omzlette/gitRos/LAB2/install/sandevistan_description/bin'
[1.779s] Level 1:colcon.colcon_core.environment:checking '/home/omzlette/gitRos/LAB2/install/sandevistan_description/lib/pkgconfig/sandevistan_description.pc'
[1.780s] Level 1:colcon.colcon_core.environment:checking '/home/omzlette/gitRos/LAB2/install/sandevistan_description/lib/python3.8/site-packages'
[1.780s] Level 1:colcon.colcon_core.shell:create_environment_hook('sandevistan_description', 'pythonpath')
[1.783s] INFO:colcon.colcon_core.shell:Creating environment hook '/home/omzlette/gitRos/LAB2/install/sandevistan_description/share/sandevistan_description/hook/pythonpath.ps1'
[1.784s] INFO:colcon.colcon_core.shell:Creating environment descriptor '/home/omzlette/gitRos/LAB2/install/sandevistan_description/share/sandevistan_description/hook/pythonpath.dsv'
[1.784s] INFO:colcon.colcon_core.shell:Creating environment hook '/home/omzlette/gitRos/LAB2/install/sandevistan_description/share/sandevistan_description/hook/pythonpath.sh'
[1.785s] Level 1:colcon.colcon_core.environment:checking '/home/omzlette/gitRos/LAB2/install/sandevistan_description/bin'
[1.788s] INFO:colcon.colcon_core.shell:Creating package script '/home/omzlette/gitRos/LAB2/install/sandevistan_description/share/sandevistan_description/package.ps1'
[1.789s] INFO:colcon.colcon_core.shell:Creating package descriptor '/home/omzlette/gitRos/LAB2/install/sandevistan_description/share/sandevistan_description/package.dsv'
[1.790s] INFO:colcon.colcon_core.shell:Creating package script '/home/omzlette/gitRos/LAB2/install/sandevistan_description/share/sandevistan_description/package.sh'
[1.791s] INFO:colcon.colcon_core.shell:Creating package script '/home/omzlette/gitRos/LAB2/install/sandevistan_description/share/sandevistan_description/package.bash'
[1.792s] INFO:colcon.colcon_core.shell:Creating package script '/home/omzlette/gitRos/LAB2/install/sandevistan_description/share/sandevistan_description/package.zsh'
[1.792s] Level 1:colcon.colcon_core.environment:create_file_with_runtime_dependencies(/home/omzlette/gitRos/LAB2/install/sandevistan_description/share/colcon-core/packages/sandevistan_description)
[1.796s] Level 1:colcon.colcon_core.environment:create_environment_scripts_only(sandevistan_kinematics)
[1.801s] Level 1:colcon.colcon_core.environment:checking '/home/omzlette/gitRos/LAB2/install/sandevistan_kinematics' for CMake module files
[1.802s] DEBUG:colcon.colcon_core.event_handler.log_command:Invoked command in '/home/omzlette/gitRos/LAB2/build/sandevistan_kinematics' returned '0': CMAKE_PREFIX_PATH=${CMAKE_PREFIX_PATH}:/opt/ros/foxy /usr/bin/cmake --install /home/omzlette/gitRos/LAB2/build/sandevistan_kinematics
[1.802s] Level 1:colcon.colcon_core.environment:checking '/home/omzlette/gitRos/LAB2/install/sandevistan_kinematics' for CMake config files
[1.803s] Level 1:colcon.colcon_core.shell:create_environment_hook('sandevistan_kinematics', 'cmake_prefix_path')
[1.806s] INFO:colcon.colcon_core.shell:Creating environment hook '/home/omzlette/gitRos/LAB2/install/sandevistan_kinematics/share/sandevistan_kinematics/hook/cmake_prefix_path.ps1'
[1.807s] INFO:colcon.colcon_core.shell:Creating environment descriptor '/home/omzlette/gitRos/LAB2/install/sandevistan_kinematics/share/sandevistan_kinematics/hook/cmake_prefix_path.dsv'
[1.807s] INFO:colcon.colcon_core.shell:Creating environment hook '/home/omzlette/gitRos/LAB2/install/sandevistan_kinematics/share/sandevistan_kinematics/hook/cmake_prefix_path.sh'
[1.807s] Level 1:colcon.colcon_core.environment:checking '/home/omzlette/gitRos/LAB2/install/sandevistan_kinematics/lib'
[1.808s] Level 1:colcon.colcon_core.environment:checking '/home/omzlette/gitRos/LAB2/install/sandevistan_kinematics/bin'
[1.808s] Level 1:colcon.colcon_core.environment:checking '/home/omzlette/gitRos/LAB2/install/sandevistan_kinematics/lib/pkgconfig/sandevistan_kinematics.pc'
[1.808s] Level 1:colcon.colcon_core.environment:checking '/home/omzlette/gitRos/LAB2/install/sandevistan_kinematics/lib/python3.8/site-packages'
[1.808s] Level 1:colcon.colcon_core.shell:create_environment_hook('sandevistan_kinematics', 'pythonpath')
[1.811s] INFO:colcon.colcon_core.shell:Creating environment hook '/home/omzlette/gitRos/LAB2/install/sandevistan_kinematics/share/sandevistan_kinematics/hook/pythonpath.ps1'
[1.812s] INFO:colcon.colcon_core.shell:Creating environment descriptor '/home/omzlette/gitRos/LAB2/install/sandevistan_kinematics/share/sandevistan_kinematics/hook/pythonpath.dsv'
[1.812s] INFO:colcon.colcon_core.shell:Creating environment hook '/home/omzlette/gitRos/LAB2/install/sandevistan_kinematics/share/sandevistan_kinematics/hook/pythonpath.sh'
[1.812s] Level 1:colcon.colcon_core.environment:checking '/home/omzlette/gitRos/LAB2/install/sandevistan_kinematics/bin'
[1.816s] INFO:colcon.colcon_core.shell:Creating package script '/home/omzlette/gitRos/LAB2/install/sandevistan_kinematics/share/sandevistan_kinematics/package.ps1'
[1.816s] INFO:colcon.colcon_core.shell:Creating package descriptor '/home/omzlette/gitRos/LAB2/install/sandevistan_kinematics/share/sandevistan_kinematics/package.dsv'
[1.817s] INFO:colcon.colcon_core.shell:Creating package script '/home/omzlette/gitRos/LAB2/install/sandevistan_kinematics/share/sandevistan_kinematics/package.sh'
[1.817s] INFO:colcon.colcon_core.shell:Creating package script '/home/omzlette/gitRos/LAB2/install/sandevistan_kinematics/share/sandevistan_kinematics/package.bash'
[1.817s] INFO:colcon.colcon_core.shell:Creating package script '/home/omzlette/gitRos/LAB2/install/sandevistan_kinematics/share/sandevistan_kinematics/package.zsh'
[1.818s] Level 1:colcon.colcon_core.environment:create_file_with_runtime_dependencies(/home/omzlette/gitRos/LAB2/install/sandevistan_kinematics/share/colcon-core/packages/sandevistan_kinematics)
[1.824s] Level 1:colcon.colcon_core.environment:create_environment_scripts_only(sandevistan_description)
[1.829s] Level 1:colcon.colcon_core.environment:checking '/home/omzlette/gitRos/LAB2/install/sandevistan_description' for CMake module files
[1.830s] Level 1:colcon.colcon_core.environment:checking '/home/omzlette/gitRos/LAB2/install/sandevistan_description' for CMake config files
[1.830s] Level 1:colcon.colcon_core.shell:create_environment_hook('sandevistan_description', 'cmake_prefix_path')
[1.833s] INFO:colcon.colcon_core.shell:Creating environment hook '/home/omzlette/gitRos/LAB2/install/sandevistan_description/share/sandevistan_description/hook/cmake_prefix_path.ps1'
[1.834s] INFO:colcon.colcon_core.shell:Creating environment descriptor '/home/omzlette/gitRos/LAB2/install/sandevistan_description/share/sandevistan_description/hook/cmake_prefix_path.dsv'
[1.834s] INFO:colcon.colcon_core.shell:Creating environment hook '/home/omzlette/gitRos/LAB2/install/sandevistan_description/share/sandevistan_description/hook/cmake_prefix_path.sh'
[1.835s] Level 1:colcon.colcon_core.environment:checking '/home/omzlette/gitRos/LAB2/install/sandevistan_description/lib'
[1.835s] Level 1:colcon.colcon_core.environment:checking '/home/omzlette/gitRos/LAB2/install/sandevistan_description/bin'
[1.835s] Level 1:colcon.colcon_core.environment:checking '/home/omzlette/gitRos/LAB2/install/sandevistan_description/lib/pkgconfig/sandevistan_description.pc'
[1.835s] Level 1:colcon.colcon_core.environment:checking '/home/omzlette/gitRos/LAB2/install/sandevistan_description/lib/python3.8/site-packages'
[1.835s] Level 1:colcon.colcon_core.shell:create_environment_hook('sandevistan_description', 'pythonpath')
[1.837s] INFO:colcon.colcon_core.shell:Creating environment hook '/home/omzlette/gitRos/LAB2/install/sandevistan_description/share/sandevistan_description/hook/pythonpath.ps1'
[1.837s] INFO:colcon.colcon_core.shell:Creating environment descriptor '/home/omzlette/gitRos/LAB2/install/sandevistan_description/share/sandevistan_description/hook/pythonpath.dsv'
[1.837s] INFO:colcon.colcon_core.shell:Creating environment hook '/home/omzlette/gitRos/LAB2/install/sandevistan_description/share/sandevistan_description/hook/pythonpath.sh'
[1.838s] Level 1:colcon.colcon_core.environment:checking '/home/omzlette/gitRos/LAB2/install/sandevistan_description/bin'
[1.840s] INFO:colcon.colcon_core.shell:Creating package script '/home/omzlette/gitRos/LAB2/install/sandevistan_description/share/sandevistan_description/package.ps1'
[1.840s] INFO:colcon.colcon_core.shell:Creating package descriptor '/home/omzlette/gitRos/LAB2/install/sandevistan_description/share/sandevistan_description/package.dsv'
[1.840s] INFO:colcon.colcon_core.shell:Creating package script '/home/omzlette/gitRos/LAB2/install/sandevistan_description/share/sandevistan_description/package.sh'
[1.841s] INFO:colcon.colcon_core.shell:Creating package script '/home/omzlette/gitRos/LAB2/install/sandevistan_description/share/sandevistan_description/package.bash'
[1.841s] INFO:colcon.colcon_core.shell:Creating package script '/home/omzlette/gitRos/LAB2/install/sandevistan_description/share/sandevistan_description/package.zsh'
[1.841s] Level 1:colcon.colcon_core.environment:create_file_with_runtime_dependencies(/home/omzlette/gitRos/LAB2/install/sandevistan_description/share/colcon-core/packages/sandevistan_description)
[1.844s] Level 1:colcon.colcon_core.environment:create_environment_scripts_only(sandevistan_kinematics)
[1.847s] Level 1:colcon.colcon_core.environment:checking '/home/omzlette/gitRos/LAB2/install/sandevistan_kinematics' for CMake module files
[1.847s] Level 1:colcon.colcon_core.environment:checking '/home/omzlette/gitRos/LAB2/install/sandevistan_kinematics' for CMake config files
[1.848s] Level 1:colcon.colcon_core.shell:create_environment_hook('sandevistan_kinematics', 'cmake_prefix_path')
[1.850s] INFO:colcon.colcon_core.shell:Creating environment hook '/home/omzlette/gitRos/LAB2/install/sandevistan_kinematics/share/sandevistan_kinematics/hook/cmake_prefix_path.ps1'
[1.850s] INFO:colcon.colcon_core.shell:Creating environment descriptor '/home/omzlette/gitRos/LAB2/install/sandevistan_kinematics/share/sandevistan_kinematics/hook/cmake_prefix_path.dsv'
[1.850s] INFO:colcon.colcon_core.shell:Creating environment hook '/home/omzlette/gitRos/LAB2/install/sandevistan_kinematics/share/sandevistan_kinematics/hook/cmake_prefix_path.sh'
[1.850s] Level 1:colcon.colcon_core.environment:checking '/home/omzlette/gitRos/LAB2/install/sandevistan_kinematics/lib'
[1.850s] Level 1:colcon.colcon_core.environment:checking '/home/omzlette/gitRos/LAB2/install/sandevistan_kinematics/bin'
[1.851s] Level 1:colcon.colcon_core.environment:checking '/home/omzlette/gitRos/LAB2/install/sandevistan_kinematics/lib/pkgconfig/sandevistan_kinematics.pc'
[1.851s] Level 1:colcon.colcon_core.environment:checking '/home/omzlette/gitRos/LAB2/install/sandevistan_kinematics/lib/python3.8/site-packages'
[1.851s] Level 1:colcon.colcon_core.shell:create_environment_hook('sandevistan_kinematics', 'pythonpath')
[1.853s] INFO:colcon.colcon_core.shell:Creating environment hook '/home/omzlette/gitRos/LAB2/install/sandevistan_kinematics/share/sandevistan_kinematics/hook/pythonpath.ps1'
[1.853s] INFO:colcon.colcon_core.shell:Creating environment descriptor '/home/omzlette/gitRos/LAB2/install/sandevistan_kinematics/share/sandevistan_kinematics/hook/pythonpath.dsv'
[1.853s] INFO:colcon.colcon_core.shell:Creating environment hook '/home/omzlette/gitRos/LAB2/install/sandevistan_kinematics/share/sandevistan_kinematics/hook/pythonpath.sh'
[1.854s] Level 1:colcon.colcon_core.environment:checking '/home/omzlette/gitRos/LAB2/install/sandevistan_kinematics/bin'
[1.856s] INFO:colcon.colcon_core.shell:Creating package script '/home/omzlette/gitRos/LAB2/install/sandevistan_kinematics/share/sandevistan_kinematics/package.ps1'
[1.856s] INFO:colcon.colcon_core.shell:Creating package descriptor '/home/omzlette/gitRos/LAB2/install/sandevistan_kinematics/share/sandevistan_kinematics/package.dsv'
[1.857s] INFO:colcon.colcon_core.shell:Creating package script '/home/omzlette/gitRos/LAB2/install/sandevistan_kinematics/share/sandevistan_kinematics/package.sh'
[1.857s] INFO:colcon.colcon_core.shell:Creating package script '/home/omzlette/gitRos/LAB2/install/sandevistan_kinematics/share/sandevistan_kinematics/package.bash'
[1.857s] INFO:colcon.colcon_core.shell:Creating package script '/home/omzlette/gitRos/LAB2/install/sandevistan_kinematics/share/sandevistan_kinematics/package.zsh'
[1.858s] Level 1:colcon.colcon_core.environment:create_file_with_runtime_dependencies(/home/omzlette/gitRos/LAB2/install/sandevistan_kinematics/share/colcon-core/packages/sandevistan_kinematics)
[1.861s] DEBUG:colcon.colcon_core.event_handler.log_command:Invoked command in '/home/omzlette/gitRos/LAB2/build/sandevistan_kinematics_interfaces' returned '0': CMAKE_PREFIX_PATH=${CMAKE_PREFIX_PATH}:/opt/ros/foxy /usr/bin/cmake /home/omzlette/gitRos/LAB2/src/sandevistan_kinematics_interfaces -DAMENT_CMAKE_SYMLINK_INSTALL=1 -DCMAKE_INSTALL_PREFIX=/home/omzlette/gitRos/LAB2/install/sandevistan_kinematics_interfaces
[1.862s] DEBUG:colcon.colcon_core.event_handler.log_command:Invoking command in '/home/omzlette/gitRos/LAB2/build/sandevistan_kinematics_interfaces': CMAKE_PREFIX_PATH=${CMAKE_PREFIX_PATH}:/opt/ros/foxy /usr/bin/cmake --build /home/omzlette/gitRos/LAB2/build/sandevistan_kinematics_interfaces -- -j12 -l12
[4.445s] DEBUG:colcon.colcon_core.event_handler.log_command:Invoked command in '/home/omzlette/gitRos/LAB2/build/sandevistan_kinematics_interfaces' returned '0': CMAKE_PREFIX_PATH=${CMAKE_PREFIX_PATH}:/opt/ros/foxy /usr/bin/cmake --build /home/omzlette/gitRos/LAB2/build/sandevistan_kinematics_interfaces -- -j12 -l12
[4.488s] DEBUG:colcon.colcon_core.event_handler.log_command:Invoking command in '/home/omzlette/gitRos/LAB2/build/sandevistan_kinematics_interfaces': CMAKE_PREFIX_PATH=${CMAKE_PREFIX_PATH}:/opt/ros/foxy /usr/bin/cmake --install /home/omzlette/gitRos/LAB2/build/sandevistan_kinematics_interfaces
[4.998s] Level 1:colcon.colcon_core.environment:create_environment_scripts_only(sandevistan_kinematics_interfaces)
[4.998s] DEBUG:colcon.colcon_core.event_handler.log_command:Invoked command in '/home/omzlette/gitRos/LAB2/build/sandevistan_kinematics_interfaces' returned '0': CMAKE_PREFIX_PATH=${CMAKE_PREFIX_PATH}:/opt/ros/foxy /usr/bin/cmake --install /home/omzlette/gitRos/LAB2/build/sandevistan_kinematics_interfaces
[5.001s] Level 1:colcon.colcon_core.environment:checking '/home/omzlette/gitRos/LAB2/install/sandevistan_kinematics_interfaces' for CMake module files
[5.002s] Level 1:colcon.colcon_core.environment:checking '/home/omzlette/gitRos/LAB2/install/sandevistan_kinematics_interfaces' for CMake config files
[5.002s] Level 1:colcon.colcon_core.shell:create_environment_hook('sandevistan_kinematics_interfaces', 'cmake_prefix_path')
[5.004s] INFO:colcon.colcon_core.shell:Creating environment hook '/home/omzlette/gitRos/LAB2/install/sandevistan_kinematics_interfaces/share/sandevistan_kinematics_interfaces/hook/cmake_prefix_path.ps1'
[5.004s] INFO:colcon.colcon_core.shell:Creating environment descriptor '/home/omzlette/gitRos/LAB2/install/sandevistan_kinematics_interfaces/share/sandevistan_kinematics_interfaces/hook/cmake_prefix_path.dsv'
[5.005s] INFO:colcon.colcon_core.shell:Creating environment hook '/home/omzlette/gitRos/LAB2/install/sandevistan_kinematics_interfaces/share/sandevistan_kinematics_interfaces/hook/cmake_prefix_path.sh'
[5.005s] Level 1:colcon.colcon_core.environment:checking '/home/omzlette/gitRos/LAB2/install/sandevistan_kinematics_interfaces/lib'
[5.005s] Level 1:colcon.colcon_core.shell:create_environment_hook('sandevistan_kinematics_interfaces', 'ld_library_path_lib')
[5.007s] INFO:colcon.colcon_core.shell:Creating environment hook '/home/omzlette/gitRos/LAB2/install/sandevistan_kinematics_interfaces/share/sandevistan_kinematics_interfaces/hook/ld_library_path_lib.ps1'
[5.007s] INFO:colcon.colcon_core.shell:Creating environment descriptor '/home/omzlette/gitRos/LAB2/install/sandevistan_kinematics_interfaces/share/sandevistan_kinematics_interfaces/hook/ld_library_path_lib.dsv'
[5.007s] INFO:colcon.colcon_core.shell:Creating environment hook '/home/omzlette/gitRos/LAB2/install/sandevistan_kinematics_interfaces/share/sandevistan_kinematics_interfaces/hook/ld_library_path_lib.sh'
[5.008s] Level 1:colcon.colcon_core.environment:checking '/home/omzlette/gitRos/LAB2/install/sandevistan_kinematics_interfaces/bin'
[5.008s] Level 1:colcon.colcon_core.environment:checking '/home/omzlette/gitRos/LAB2/install/sandevistan_kinematics_interfaces/lib/pkgconfig/sandevistan_kinematics_interfaces.pc'
[5.008s] Level 1:colcon.colcon_core.environment:checking '/home/omzlette/gitRos/LAB2/install/sandevistan_kinematics_interfaces/lib/python3.8/site-packages'
[5.008s] Level 1:colcon.colcon_core.shell:create_environment_hook('sandevistan_kinematics_interfaces', 'pythonpath')
[5.010s] INFO:colcon.colcon_core.shell:Creating environment hook '/home/omzlette/gitRos/LAB2/install/sandevistan_kinematics_interfaces/share/sandevistan_kinematics_interfaces/hook/pythonpath.ps1'
[5.010s] INFO:colcon.colcon_core.shell:Creating environment descriptor '/home/omzlette/gitRos/LAB2/install/sandevistan_kinematics_interfaces/share/sandevistan_kinematics_interfaces/hook/pythonpath.dsv'
[5.010s] INFO:colcon.colcon_core.shell:Creating environment hook '/home/omzlette/gitRos/LAB2/install/sandevistan_kinematics_interfaces/share/sandevistan_kinematics_interfaces/hook/pythonpath.sh'
[5.011s] Level 1:colcon.colcon_core.environment:checking '/home/omzlette/gitRos/LAB2/install/sandevistan_kinematics_interfaces/bin'
[5.013s] INFO:colcon.colcon_core.shell:Creating package script '/home/omzlette/gitRos/LAB2/install/sandevistan_kinematics_interfaces/share/sandevistan_kinematics_interfaces/package.ps1'
[5.013s] INFO:colcon.colcon_core.shell:Creating package descriptor '/home/omzlette/gitRos/LAB2/install/sandevistan_kinematics_interfaces/share/sandevistan_kinematics_interfaces/package.dsv'
[5.013s] INFO:colcon.colcon_core.shell:Creating package script '/home/omzlette/gitRos/LAB2/install/sandevistan_kinematics_interfaces/share/sandevistan_kinematics_interfaces/package.sh'
[5.014s] INFO:colcon.colcon_core.shell:Creating package script '/home/omzlette/gitRos/LAB2/install/sandevistan_kinematics_interfaces/share/sandevistan_kinematics_interfaces/package.bash'
[5.014s] INFO:colcon.colcon_core.shell:Creating package script '/home/omzlette/gitRos/LAB2/install/sandevistan_kinematics_interfaces/share/sandevistan_kinematics_interfaces/package.zsh'
[5.014s] Level 1:colcon.colcon_core.environment:create_file_with_runtime_dependencies(/home/omzlette/gitRos/LAB2/install/sandevistan_kinematics_interfaces/share/colcon-core/packages/sandevistan_kinematics_interfaces)
[5.056s] Level 1:colcon.colcon_core.environment:create_environment_scripts_only(sandevistan_kinematics_interfaces)
[5.059s] Level 1:colcon.colcon_core.environment:checking '/home/omzlette/gitRos/LAB2/install/sandevistan_kinematics_interfaces' for CMake module files
[5.060s] Level 1:colcon.colcon_core.environment:checking '/home/omzlette/gitRos/LAB2/install/sandevistan_kinematics_interfaces' for CMake config files
[5.060s] Level 1:colcon.colcon_core.shell:create_environment_hook('sandevistan_kinematics_interfaces', 'cmake_prefix_path')
[5.062s] INFO:colcon.colcon_core.shell:Creating environment hook '/home/omzlette/gitRos/LAB2/install/sandevistan_kinematics_interfaces/share/sandevistan_kinematics_interfaces/hook/cmake_prefix_path.ps1'
[5.062s] INFO:colcon.colcon_core.shell:Creating environment descriptor '/home/omzlette/gitRos/LAB2/install/sandevistan_kinematics_interfaces/share/sandevistan_kinematics_interfaces/hook/cmake_prefix_path.dsv'
[5.063s] INFO:colcon.colcon_core.shell:Creating environment hook '/home/omzlette/gitRos/LAB2/install/sandevistan_kinematics_interfaces/share/sandevistan_kinematics_interfaces/hook/cmake_prefix_path.sh'
[5.063s] Level 1:colcon.colcon_core.environment:checking '/home/omzlette/gitRos/LAB2/install/sandevistan_kinematics_interfaces/lib'
[5.063s] Level 1:colcon.colcon_core.shell:create_environment_hook('sandevistan_kinematics_interfaces', 'ld_library_path_lib')
[5.065s] INFO:colcon.colcon_core.shell:Creating environment hook '/home/omzlette/gitRos/LAB2/install/sandevistan_kinematics_interfaces/share/sandevistan_kinematics_interfaces/hook/ld_library_path_lib.ps1'
[5.065s] INFO:colcon.colcon_core.shell:Creating environment descriptor '/home/omzlette/gitRos/LAB2/install/sandevistan_kinematics_interfaces/share/sandevistan_kinematics_interfaces/hook/ld_library_path_lib.dsv'
[5.065s] INFO:colcon.colcon_core.shell:Creating environment hook '/home/omzlette/gitRos/LAB2/install/sandevistan_kinematics_interfaces/share/sandevistan_kinematics_interfaces/hook/ld_library_path_lib.sh'
[5.066s] Level 1:colcon.colcon_core.environment:checking '/home/omzlette/gitRos/LAB2/install/sandevistan_kinematics_interfaces/bin'
[5.066s] Level 1:colcon.colcon_core.environment:checking '/home/omzlette/gitRos/LAB2/install/sandevistan_kinematics_interfaces/lib/pkgconfig/sandevistan_kinematics_interfaces.pc'
[5.066s] Level 1:colcon.colcon_core.environment:checking '/home/omzlette/gitRos/LAB2/install/sandevistan_kinematics_interfaces/lib/python3.8/site-packages'
[5.066s] Level 1:colcon.colcon_core.shell:create_environment_hook('sandevistan_kinematics_interfaces', 'pythonpath')
[5.068s] INFO:colcon.colcon_core.shell:Creating environment hook '/home/omzlette/gitRos/LAB2/install/sandevistan_kinematics_interfaces/share/sandevistan_kinematics_interfaces/hook/pythonpath.ps1'
[5.068s] INFO:colcon.colcon_core.shell:Creating environment descriptor '/home/omzlette/gitRos/LAB2/install/sandevistan_kinematics_interfaces/share/sandevistan_kinematics_interfaces/hook/pythonpath.dsv'
[5.069s] INFO:colcon.colcon_core.shell:Creating environment hook '/home/omzlette/gitRos/LAB2/install/sandevistan_kinematics_interfaces/share/sandevistan_kinematics_interfaces/hook/pythonpath.sh'
[5.069s] Level 1:colcon.colcon_core.environment:checking '/home/omzlette/gitRos/LAB2/install/sandevistan_kinematics_interfaces/bin'
[5.071s] INFO:colcon.colcon_core.shell:Creating package script '/home/omzlette/gitRos/LAB2/install/sandevistan_kinematics_interfaces/share/sandevistan_kinematics_interfaces/package.ps1'
[5.071s] INFO:colcon.colcon_core.shell:Creating package descriptor '/home/omzlette/gitRos/LAB2/install/sandevistan_kinematics_interfaces/share/sandevistan_kinematics_interfaces/package.dsv'
[5.072s] INFO:colcon.colcon_core.shell:Creating package script '/home/omzlette/gitRos/LAB2/install/sandevistan_kinematics_interfaces/share/sandevistan_kinematics_interfaces/package.sh'
[5.072s] INFO:colcon.colcon_core.shell:Creating package script '/home/omzlette/gitRos/LAB2/install/sandevistan_kinematics_interfaces/share/sandevistan_kinematics_interfaces/package.bash'
[5.072s] INFO:colcon.colcon_core.shell:Creating package script '/home/omzlette/gitRos/LAB2/install/sandevistan_kinematics_interfaces/share/sandevistan_kinematics_interfaces/package.zsh'
[5.073s] Level 1:colcon.colcon_core.environment:create_file_with_runtime_dependencies(/home/omzlette/gitRos/LAB2/install/sandevistan_kinematics_interfaces/share/colcon-core/packages/sandevistan_kinematics_interfaces)
[5.073s] DEBUG:colcon.colcon_parallel_executor.executor.parallel:closing loop
[5.073s] DEBUG:colcon.colcon_parallel_executor.executor.parallel:loop closed
[5.073s] DEBUG:colcon.colcon_parallel_executor.executor.parallel:run_until_complete finished with '0'
[5.073s] DEBUG:colcon.colcon_core.event_reactor:joining thread
[5.080s] INFO:colcon.colcon_core.plugin_system:Skipping extension 'colcon_notification.desktop_notification.terminal_notifier': Not used on non-Darwin systems
[5.080s] INFO:colcon.colcon_core.plugin_system:Skipping extension 'colcon_notification.desktop_notification.win32': Not used on non-Windows systems
[5.080s] INFO:colcon.colcon_notification.desktop_notification:Sending desktop notification using 'notify2'
[5.091s] DEBUG:colcon.colcon_core.event_reactor:joined thread
[5.093s] INFO:colcon.colcon_core.shell:Creating prefix script '/home/omzlette/gitRos/LAB2/install/local_setup.ps1'
[5.094s] INFO:colcon.colcon_core.shell:Creating prefix util module '/home/omzlette/gitRos/LAB2/install/_local_setup_util_ps1.py'
[5.095s] INFO:colcon.colcon_core.shell:Creating prefix chain script '/home/omzlette/gitRos/LAB2/install/setup.ps1'
[5.096s] INFO:colcon.colcon_core.shell:Creating prefix script '/home/omzlette/gitRos/LAB2/install/local_setup.sh'
[5.097s] INFO:colcon.colcon_core.shell:Creating prefix util module '/home/omzlette/gitRos/LAB2/install/_local_setup_util_sh.py'
[5.097s] INFO:colcon.colcon_core.shell:Creating prefix chain script '/home/omzlette/gitRos/LAB2/install/setup.sh'
[5.098s] INFO:colcon.colcon_core.shell:Creating prefix script '/home/omzlette/gitRos/LAB2/install/local_setup.bash'
[5.099s] INFO:colcon.colcon_core.shell:Creating prefix chain script '/home/omzlette/gitRos/LAB2/install/setup.bash'
[5.100s] INFO:colcon.colcon_core.shell:Creating prefix script '/home/omzlette/gitRos/LAB2/install/local_setup.zsh'
[5.100s] INFO:colcon.colcon_core.shell:Creating prefix chain script '/home/omzlette/gitRos/LAB2/install/setup.zsh'
