[0.028s] Invoking command in '/home/omzlette/gitROS/FRA333_LAB_HW/LAB3/build/xicro_interfaces': CMAKE_PREFIX_PATH=${CMAKE_PREFIX_PATH}:/opt/ros/foxy /usr/bin/cmake --build /home/omzlette/gitROS/FRA333_LAB_HW/LAB3/build/xicro_interfaces -- -j12 -l12
[0.077s] [  6%] Built target xicro_interfaces__cpp
[0.077s] [ 12%] Built target xicro_interfaces__rosidl_generator_c
[0.102s] [ 36%] Built target xicro_interfaces__rosidl_typesupport_introspection_c
[0.102s] [ 36%] Built target xicro_interfaces__rosidl_typesupport_c
[0.128s] [ 48%] Built target xicro_interfaces__rosidl_typesupport_cpp
[0.132s] [ 61%] Built target xicro_interfaces__rosidl_typesupport_introspection_cpp
[0.135s] [ 73%] Built target xicro_interfaces__rosidl_typesupport_fastrtps_cpp
[0.169s] [ 85%] Built target xicro_interfaces__rosidl_typesupport_fastrtps_c
[0.184s] [ 85%] Built target xicro_interfaces
[0.206s] [ 85%] Built target xicro_interfaces__py
[0.240s] [ 97%] Built target xicro_interfaces__python
[0.260s] [ 99%] Built target xicro_interfaces__rosidl_typesupport_fastrtps_c__pyext
[0.261s] [ 99%] Built target xicro_interfaces__rosidl_typesupport_introspection_c__pyext
[0.261s] [100%] Built target xicro_interfaces__rosidl_typesupport_c__pyext
[0.271s] Invoked command in '/home/omzlette/gitROS/FRA333_LAB_HW/LAB3/build/xicro_interfaces' returned '0': CMAKE_PREFIX_PATH=${CMAKE_PREFIX_PATH}:/opt/ros/foxy /usr/bin/cmake --build /home/omzlette/gitROS/FRA333_LAB_HW/LAB3/build/xicro_interfaces -- -j12 -l12
[0.563s] Invoking command in '/home/omzlette/gitROS/FRA333_LAB_HW/LAB3/build/xicro_interfaces': CMAKE_PREFIX_PATH=${CMAKE_PREFIX_PATH}:/opt/ros/foxy /usr/bin/cmake --install /home/omzlette/gitROS/FRA333_LAB_HW/LAB3/build/xicro_interfaces
[0.569s] -- Install configuration: ""
[0.570s] -- Up-to-date: /home/omzlette/gitROS/FRA333_LAB_HW/LAB3/install/xicro_interfaces/share/ament_index/resource_index/rosidl_interfaces/xicro_interfaces
[0.571s] -- Up-to-date: /home/omzlette/gitROS/FRA333_LAB_HW/LAB3/install/xicro_interfaces/include/xicro_interfaces
[0.571s] -- Up-to-date: /home/omzlette/gitROS/FRA333_LAB_HW/LAB3/install/xicro_interfaces/include/xicro_interfaces/msg
[0.572s] -- Up-to-date: /home/omzlette/gitROS/FRA333_LAB_HW/LAB3/install/xicro_interfaces/include/xicro_interfaces/msg/pose.h
[0.572s] -- Up-to-date: /home/omzlette/gitROS/FRA333_LAB_HW/LAB3/install/xicro_interfaces/include/xicro_interfaces/msg/point.h
[0.573s] -- Up-to-date: /home/omzlette/gitROS/FRA333_LAB_HW/LAB3/install/xicro_interfaces/include/xicro_interfaces/msg/temperature.h
[0.573s] -- Up-to-date: /home/omzlette/gitROS/FRA333_LAB_HW/LAB3/install/xicro_interfaces/include/xicro_interfaces/msg/pose_with_covariance.h
[0.573s] -- Up-to-date: /home/omzlette/gitROS/FRA333_LAB_HW/LAB3/install/xicro_interfaces/include/xicro_interfaces/msg/quaternion.h
[0.573s] -- Up-to-date: /home/omzlette/gitROS/FRA333_LAB_HW/LAB3/install/xicro_interfaces/include/xicro_interfaces/msg/vector3.h
[0.574s] -- Up-to-date: /home/omzlette/gitROS/FRA333_LAB_HW/LAB3/install/xicro_interfaces/include/xicro_interfaces/msg/int16.h
[0.574s] -- Up-to-date: /home/omzlette/gitROS/FRA333_LAB_HW/LAB3/install/xicro_interfaces/include/xicro_interfaces/msg/bool.h
[0.575s] -- Up-to-date: /home/omzlette/gitROS/FRA333_LAB_HW/LAB3/install/xicro_interfaces/include/xicro_interfaces/msg/imu.h
[0.575s] -- Up-to-date: /home/omzlette/gitROS/FRA333_LAB_HW/LAB3/install/xicro_interfaces/include/xicro_interfaces/msg/float32.h
[0.575s] -- Up-to-date: /home/omzlette/gitROS/FRA333_LAB_HW/LAB3/install/xicro_interfaces/include/xicro_interfaces/msg/battery_state.h
[0.575s] -- Up-to-date: /home/omzlette/gitROS/FRA333_LAB_HW/LAB3/install/xicro_interfaces/include/xicro_interfaces/msg/demo_output.h
[0.576s] -- Up-to-date: /home/omzlette/gitROS/FRA333_LAB_HW/LAB3/install/xicro_interfaces/include/xicro_interfaces/msg/uint32.h
[0.576s] -- Up-to-date: /home/omzlette/gitROS/FRA333_LAB_HW/LAB3/install/xicro_interfaces/include/xicro_interfaces/msg/int64.h
[0.577s] -- Up-to-date: /home/omzlette/gitROS/FRA333_LAB_HW/LAB3/install/xicro_interfaces/include/xicro_interfaces/msg/demo_input.h
[0.577s] -- Up-to-date: /home/omzlette/gitROS/FRA333_LAB_HW/LAB3/install/xicro_interfaces/include/xicro_interfaces/msg/uint64.h
[0.577s] -- Up-to-date: /home/omzlette/gitROS/FRA333_LAB_HW/LAB3/install/xicro_interfaces/include/xicro_interfaces/msg/joint_state.h
[0.577s] -- Up-to-date: /home/omzlette/gitROS/FRA333_LAB_HW/LAB3/install/xicro_interfaces/include/xicro_interfaces/msg/twist.h
[0.578s] -- Up-to-date: /home/omzlette/gitROS/FRA333_LAB_HW/LAB3/install/xicro_interfaces/include/xicro_interfaces/msg/uint16.h
[0.578s] -- Up-to-date: /home/omzlette/gitROS/FRA333_LAB_HW/LAB3/install/xicro_interfaces/include/xicro_interfaces/msg/header.h
[0.579s] -- Up-to-date: /home/omzlette/gitROS/FRA333_LAB_HW/LAB3/install/xicro_interfaces/include/xicro_interfaces/msg/rosidl_generator_c__visibility_control.h
[0.579s] -- Up-to-date: /home/omzlette/gitROS/FRA333_LAB_HW/LAB3/install/xicro_interfaces/include/xicro_interfaces/msg/uint8.h
[0.579s] -- Up-to-date: /home/omzlette/gitROS/FRA333_LAB_HW/LAB3/install/xicro_interfaces/include/xicro_interfaces/msg/int32.h
[0.580s] -- Up-to-date: /home/omzlette/gitROS/FRA333_LAB_HW/LAB3/install/xicro_interfaces/include/xicro_interfaces/msg/detail
[0.580s] -- Up-to-date: /home/omzlette/gitROS/FRA333_LAB_HW/LAB3/install/xicro_interfaces/include/xicro_interfaces/msg/detail/bool__functions.c
[0.581s] -- Up-to-date: /home/omzlette/gitROS/FRA333_LAB_HW/LAB3/install/xicro_interfaces/include/xicro_interfaces/msg/detail/quaternion__functions.h
[0.581s] -- Up-to-date: /home/omzlette/gitROS/FRA333_LAB_HW/LAB3/install/xicro_interfaces/include/xicro_interfaces/msg/detail/quaternion__type_support.h
[0.581s] -- Up-to-date: /home/omzlette/gitROS/FRA333_LAB_HW/LAB3/install/xicro_interfaces/include/xicro_interfaces/msg/detail/joint_state__functions.c
[0.582s] -- Up-to-date: /home/omzlette/gitROS/FRA333_LAB_HW/LAB3/install/xicro_interfaces/include/xicro_interfaces/msg/detail/uint16__functions.h
[0.582s] -- Up-to-date: /home/omzlette/gitROS/FRA333_LAB_HW/LAB3/install/xicro_interfaces/include/xicro_interfaces/msg/detail/float32__type_support.h
[0.582s] -- Up-to-date: /home/omzlette/gitROS/FRA333_LAB_HW/LAB3/install/xicro_interfaces/include/xicro_interfaces/msg/detail/float32__functions.h
[0.582s] -- Up-to-date: /home/omzlette/gitROS/FRA333_LAB_HW/LAB3/install/xicro_interfaces/include/xicro_interfaces/msg/detail/pose2_d__type_support.h
[0.583s] -- Up-to-date: /home/omzlette/gitROS/FRA333_LAB_HW/LAB3/install/xicro_interfaces/include/xicro_interfaces/msg/detail/uint64__functions.c
[0.583s] -- Up-to-date: /home/omzlette/gitROS/FRA333_LAB_HW/LAB3/install/xicro_interfaces/include/xicro_interfaces/msg/detail/point__functions.h
[0.584s] -- Up-to-date: /home/omzlette/gitROS/FRA333_LAB_HW/LAB3/install/xicro_interfaces/include/xicro_interfaces/msg/detail/time__type_support.h
[0.584s] -- Up-to-date: /home/omzlette/gitROS/FRA333_LAB_HW/LAB3/install/xicro_interfaces/include/xicro_interfaces/msg/detail/joint_state__type_support.h
[0.585s] -- Up-to-date: /home/omzlette/gitROS/FRA333_LAB_HW/LAB3/install/xicro_interfaces/include/xicro_interfaces/msg/detail/point__struct.h
[0.585s] -- Up-to-date: /home/omzlette/gitROS/FRA333_LAB_HW/LAB3/install/xicro_interfaces/include/xicro_interfaces/msg/detail/demo_input__functions.h
[0.586s] -- Up-to-date: /home/omzlette/gitROS/FRA333_LAB_HW/LAB3/install/xicro_interfaces/include/xicro_interfaces/msg/detail/int64__type_support.h
[0.586s] -- Up-to-date: /home/omzlette/gitROS/FRA333_LAB_HW/LAB3/install/xicro_interfaces/include/xicro_interfaces/msg/detail/uint64__struct.h
[0.587s] -- Up-to-date: /home/omzlette/gitROS/FRA333_LAB_HW/LAB3/install/xicro_interfaces/include/xicro_interfaces/msg/detail/demo_input__functions.c
[0.587s] -- Up-to-date: /home/omzlette/gitROS/FRA333_LAB_HW/LAB3/install/xicro_interfaces/include/xicro_interfaces/msg/detail/twist__functions.c
[0.587s] -- Up-to-date: /home/omzlette/gitROS/FRA333_LAB_HW/LAB3/install/xicro_interfaces/include/xicro_interfaces/msg/detail/header__functions.c
[0.588s] -- Up-to-date: /home/omzlette/gitROS/FRA333_LAB_HW/LAB3/install/xicro_interfaces/include/xicro_interfaces/msg/detail/demo_output__struct.h
[0.589s] -- Up-to-date: /home/omzlette/gitROS/FRA333_LAB_HW/LAB3/install/xicro_interfaces/include/xicro_interfaces/msg/detail/int32__functions.h
[0.589s] -- Up-to-date: /home/omzlette/gitROS/FRA333_LAB_HW/LAB3/install/xicro_interfaces/include/xicro_interfaces/msg/detail/int32__struct.h
[0.589s] -- Up-to-date: /home/omzlette/gitROS/FRA333_LAB_HW/LAB3/install/xicro_interfaces/include/xicro_interfaces/msg/detail/twist__struct.h
[0.590s] -- Up-to-date: /home/omzlette/gitROS/FRA333_LAB_HW/LAB3/install/xicro_interfaces/include/xicro_interfaces/msg/detail/pose2_d__struct.h
[0.590s] -- Up-to-date: /home/omzlette/gitROS/FRA333_LAB_HW/LAB3/install/xicro_interfaces/include/xicro_interfaces/msg/detail/pose2_d__functions.h
[0.590s] -- Up-to-date: /home/omzlette/gitROS/FRA333_LAB_HW/LAB3/install/xicro_interfaces/include/xicro_interfaces/msg/detail/bool__type_support.h
[0.590s] -- Up-to-date: /home/omzlette/gitROS/FRA333_LAB_HW/LAB3/install/xicro_interfaces/include/xicro_interfaces/msg/detail/pose__functions.h
[0.590s] -- Up-to-date: /home/omzlette/gitROS/FRA333_LAB_HW/LAB3/install/xicro_interfaces/include/xicro_interfaces/msg/detail/vector3__struct.h
[0.591s] -- Up-to-date: /home/omzlette/gitROS/FRA333_LAB_HW/LAB3/install/xicro_interfaces/include/xicro_interfaces/msg/detail/header__type_support.h
[0.591s] -- Up-to-date: /home/omzlette/gitROS/FRA333_LAB_HW/LAB3/install/xicro_interfaces/include/xicro_interfaces/msg/detail/battery_state__struct.h
[0.591s] -- Up-to-date: /home/omzlette/gitROS/FRA333_LAB_HW/LAB3/install/xicro_interfaces/include/xicro_interfaces/msg/detail/pose_with_covariance__functions.h
[0.591s] -- Up-to-date: /home/omzlette/gitROS/FRA333_LAB_HW/LAB3/install/xicro_interfaces/include/xicro_interfaces/msg/detail/pose__struct.h
[0.591s] -- Up-to-date: /home/omzlette/gitROS/FRA333_LAB_HW/LAB3/install/xicro_interfaces/include/xicro_interfaces/msg/detail/int16__type_support.h
[0.591s] -- Up-to-date: /home/omzlette/gitROS/FRA333_LAB_HW/LAB3/install/xicro_interfaces/include/xicro_interfaces/msg/detail/uint32__functions.h
[0.592s] -- Up-to-date: /home/omzlette/gitROS/FRA333_LAB_HW/LAB3/install/xicro_interfaces/include/xicro_interfaces/msg/detail/time__functions.h
[0.592s] -- Up-to-date: /home/omzlette/gitROS/FRA333_LAB_HW/LAB3/install/xicro_interfaces/include/xicro_interfaces/msg/detail/pose2_d__functions.c
[0.592s] -- Up-to-date: /home/omzlette/gitROS/FRA333_LAB_HW/LAB3/install/xicro_interfaces/include/xicro_interfaces/msg/detail/imu__type_support.h
[0.592s] -- Up-to-date: /home/omzlette/gitROS/FRA333_LAB_HW/LAB3/install/xicro_interfaces/include/xicro_interfaces/msg/detail/temperature__functions.c
[0.592s] -- Up-to-date: /home/omzlette/gitROS/FRA333_LAB_HW/LAB3/install/xicro_interfaces/include/xicro_interfaces/msg/detail/twist__type_support.h
[0.592s] -- Up-to-date: /home/omzlette/gitROS/FRA333_LAB_HW/LAB3/install/xicro_interfaces/include/xicro_interfaces/msg/detail/uint16__type_support.h
[0.592s] -- Up-to-date: /home/omzlette/gitROS/FRA333_LAB_HW/LAB3/install/xicro_interfaces/include/xicro_interfaces/msg/detail/int64__functions.h
[0.592s] -- Up-to-date: /home/omzlette/gitROS/FRA333_LAB_HW/LAB3/install/xicro_interfaces/include/xicro_interfaces/msg/detail/time__functions.c
[0.592s] -- Up-to-date: /home/omzlette/gitROS/FRA333_LAB_HW/LAB3/install/xicro_interfaces/include/xicro_interfaces/msg/detail/float32__struct.h
[0.593s] -- Up-to-date: /home/omzlette/gitROS/FRA333_LAB_HW/LAB3/install/xicro_interfaces/include/xicro_interfaces/msg/detail/demo_output__type_support.h
[0.593s] -- Up-to-date: /home/omzlette/gitROS/FRA333_LAB_HW/LAB3/install/xicro_interfaces/include/xicro_interfaces/msg/detail/point__type_support.h
[0.593s] -- Up-to-date: /home/omzlette/gitROS/FRA333_LAB_HW/LAB3/install/xicro_interfaces/include/xicro_interfaces/msg/detail/int8__type_support.h
[0.593s] -- Up-to-date: /home/omzlette/gitROS/FRA333_LAB_HW/LAB3/install/xicro_interfaces/include/xicro_interfaces/msg/detail/bool__struct.h
[0.593s] -- Up-to-date: /home/omzlette/gitROS/FRA333_LAB_HW/LAB3/install/xicro_interfaces/include/xicro_interfaces/msg/detail/temperature__struct.h
[0.593s] -- Up-to-date: /home/omzlette/gitROS/FRA333_LAB_HW/LAB3/install/xicro_interfaces/include/xicro_interfaces/msg/detail/uint32__type_support.h
[0.593s] -- Up-to-date: /home/omzlette/gitROS/FRA333_LAB_HW/LAB3/install/xicro_interfaces/include/xicro_interfaces/msg/detail/vector3__functions.h
[0.593s] -- Up-to-date: /home/omzlette/gitROS/FRA333_LAB_HW/LAB3/install/xicro_interfaces/include/xicro_interfaces/msg/detail/float32__functions.c
[0.593s] -- Up-to-date: /home/omzlette/gitROS/FRA333_LAB_HW/LAB3/install/xicro_interfaces/include/xicro_interfaces/msg/detail/demo_input__type_support.h
[0.594s] -- Up-to-date: /home/omzlette/gitROS/FRA333_LAB_HW/LAB3/install/xicro_interfaces/include/xicro_interfaces/msg/detail/time__struct.h
[0.594s] -- Up-to-date: /home/omzlette/gitROS/FRA333_LAB_HW/LAB3/install/xicro_interfaces/include/xicro_interfaces/msg/detail/int8__struct.h
[0.594s] -- Up-to-date: /home/omzlette/gitROS/FRA333_LAB_HW/LAB3/install/xicro_interfaces/include/xicro_interfaces/msg/detail/twist__functions.h
[0.594s] -- Up-to-date: /home/omzlette/gitROS/FRA333_LAB_HW/LAB3/install/xicro_interfaces/include/xicro_interfaces/msg/detail/header__functions.h
[0.594s] -- Up-to-date: /home/omzlette/gitROS/FRA333_LAB_HW/LAB3/install/xicro_interfaces/include/xicro_interfaces/msg/detail/header__struct.h
[0.594s] -- Up-to-date: /home/omzlette/gitROS/FRA333_LAB_HW/LAB3/install/xicro_interfaces/include/xicro_interfaces/msg/detail/uint16__struct.h
[0.594s] -- Up-to-date: /home/omzlette/gitROS/FRA333_LAB_HW/LAB3/install/xicro_interfaces/include/xicro_interfaces/msg/detail/demo_output__functions.c
[0.595s] -- Up-to-date: /home/omzlette/gitROS/FRA333_LAB_HW/LAB3/install/xicro_interfaces/include/xicro_interfaces/msg/detail/pose__functions.c
[0.595s] -- Up-to-date: /home/omzlette/gitROS/FRA333_LAB_HW/LAB3/install/xicro_interfaces/include/xicro_interfaces/msg/detail/uint32__struct.h
[0.595s] -- Up-to-date: /home/omzlette/gitROS/FRA333_LAB_HW/LAB3/install/xicro_interfaces/include/xicro_interfaces/msg/detail/uint8__struct.h
[0.595s] -- Up-to-date: /home/omzlette/gitROS/FRA333_LAB_HW/LAB3/install/xicro_interfaces/include/xicro_interfaces/msg/detail/quaternion__struct.h
[0.595s] -- Up-to-date: /home/omzlette/gitROS/FRA333_LAB_HW/LAB3/install/xicro_interfaces/include/xicro_interfaces/msg/detail/int8__functions.h
[0.595s] -- Up-to-date: /home/omzlette/gitROS/FRA333_LAB_HW/LAB3/install/xicro_interfaces/include/xicro_interfaces/msg/detail/uint8__type_support.h
[0.595s] -- Up-to-date: /home/omzlette/gitROS/FRA333_LAB_HW/LAB3/install/xicro_interfaces/include/xicro_interfaces/msg/detail/battery_state__type_support.h
[0.595s] -- Up-to-date: /home/omzlette/gitROS/FRA333_LAB_HW/LAB3/install/xicro_interfaces/include/xicro_interfaces/msg/detail/demo_output__functions.h
[0.596s] -- Up-to-date: /home/omzlette/gitROS/FRA333_LAB_HW/LAB3/install/xicro_interfaces/include/xicro_interfaces/msg/detail/imu__functions.h
[0.596s] -- Up-to-date: /home/omzlette/gitROS/FRA333_LAB_HW/LAB3/install/xicro_interfaces/include/xicro_interfaces/msg/detail/pose_with_covariance__struct.h
[0.596s] -- Up-to-date: /home/omzlette/gitROS/FRA333_LAB_HW/LAB3/install/xicro_interfaces/include/xicro_interfaces/msg/detail/battery_state__functions.c
[0.596s] -- Up-to-date: /home/omzlette/gitROS/FRA333_LAB_HW/LAB3/install/xicro_interfaces/include/xicro_interfaces/msg/detail/int16__struct.h
[0.596s] -- Up-to-date: /home/omzlette/gitROS/FRA333_LAB_HW/LAB3/install/xicro_interfaces/include/xicro_interfaces/msg/detail/uint8__functions.c
[0.596s] -- Up-to-date: /home/omzlette/gitROS/FRA333_LAB_HW/LAB3/install/xicro_interfaces/include/xicro_interfaces/msg/detail/int16__functions.c
[0.596s] -- Up-to-date: /home/omzlette/gitROS/FRA333_LAB_HW/LAB3/install/xicro_interfaces/include/xicro_interfaces/msg/detail/imu__struct.h
[0.596s] -- Up-to-date: /home/omzlette/gitROS/FRA333_LAB_HW/LAB3/install/xicro_interfaces/include/xicro_interfaces/msg/detail/uint64__functions.h
[0.597s] -- Up-to-date: /home/omzlette/gitROS/FRA333_LAB_HW/LAB3/install/xicro_interfaces/include/xicro_interfaces/msg/detail/joint_state__struct.h
[0.597s] -- Up-to-date: /home/omzlette/gitROS/FRA333_LAB_HW/LAB3/install/xicro_interfaces/include/xicro_interfaces/msg/detail/bool__functions.h
[0.597s] -- Up-to-date: /home/omzlette/gitROS/FRA333_LAB_HW/LAB3/install/xicro_interfaces/include/xicro_interfaces/msg/detail/vector3__functions.c
[0.597s] -- Up-to-date: /home/omzlette/gitROS/FRA333_LAB_HW/LAB3/install/xicro_interfaces/include/xicro_interfaces/msg/detail/imu__functions.c
[0.597s] -- Up-to-date: /home/omzlette/gitROS/FRA333_LAB_HW/LAB3/install/xicro_interfaces/include/xicro_interfaces/msg/detail/int16__functions.h
[0.597s] -- Up-to-date: /home/omzlette/gitROS/FRA333_LAB_HW/LAB3/install/xicro_interfaces/include/xicro_interfaces/msg/detail/demo_input__struct.h
[0.597s] -- Up-to-date: /home/omzlette/gitROS/FRA333_LAB_HW/LAB3/install/xicro_interfaces/include/xicro_interfaces/msg/detail/temperature__type_support.h
[0.597s] -- Up-to-date: /home/omzlette/gitROS/FRA333_LAB_HW/LAB3/install/xicro_interfaces/include/xicro_interfaces/msg/detail/pose_with_covariance__type_support.h
[0.597s] -- Up-to-date: /home/omzlette/gitROS/FRA333_LAB_HW/LAB3/install/xicro_interfaces/include/xicro_interfaces/msg/detail/uint64__type_support.h
[0.597s] -- Up-to-date: /home/omzlette/gitROS/FRA333_LAB_HW/LAB3/install/xicro_interfaces/include/xicro_interfaces/msg/detail/pose_with_covariance__functions.c
[0.598s] -- Up-to-date: /home/omzlette/gitROS/FRA333_LAB_HW/LAB3/install/xicro_interfaces/include/xicro_interfaces/msg/detail/point__functions.c
[0.598s] -- Up-to-date: /home/omzlette/gitROS/FRA333_LAB_HW/LAB3/install/xicro_interfaces/include/xicro_interfaces/msg/detail/vector3__type_support.h
[0.598s] -- Up-to-date: /home/omzlette/gitROS/FRA333_LAB_HW/LAB3/install/xicro_interfaces/include/xicro_interfaces/msg/detail/int32__functions.c
[0.598s] -- Up-to-date: /home/omzlette/gitROS/FRA333_LAB_HW/LAB3/install/xicro_interfaces/include/xicro_interfaces/msg/detail/uint8__functions.h
[0.598s] -- Up-to-date: /home/omzlette/gitROS/FRA333_LAB_HW/LAB3/install/xicro_interfaces/include/xicro_interfaces/msg/detail/quaternion__functions.c
[0.598s] -- Up-to-date: /home/omzlette/gitROS/FRA333_LAB_HW/LAB3/install/xicro_interfaces/include/xicro_interfaces/msg/detail/int64__struct.h
[0.598s] -- Up-to-date: /home/omzlette/gitROS/FRA333_LAB_HW/LAB3/install/xicro_interfaces/include/xicro_interfaces/msg/detail/uint16__functions.c
[0.598s] -- Up-to-date: /home/omzlette/gitROS/FRA333_LAB_HW/LAB3/install/xicro_interfaces/include/xicro_interfaces/msg/detail/int8__functions.c
[0.598s] -- Up-to-date: /home/omzlette/gitROS/FRA333_LAB_HW/LAB3/install/xicro_interfaces/include/xicro_interfaces/msg/detail/uint32__functions.c
[0.599s] -- Up-to-date: /home/omzlette/gitROS/FRA333_LAB_HW/LAB3/install/xicro_interfaces/include/xicro_interfaces/msg/detail/int32__type_support.h
[0.599s] -- Up-to-date: /home/omzlette/gitROS/FRA333_LAB_HW/LAB3/install/xicro_interfaces/include/xicro_interfaces/msg/detail/int64__functions.c
[0.599s] -- Up-to-date: /home/omzlette/gitROS/FRA333_LAB_HW/LAB3/install/xicro_interfaces/include/xicro_interfaces/msg/detail/pose__type_support.h
[0.599s] -- Up-to-date: /home/omzlette/gitROS/FRA333_LAB_HW/LAB3/install/xicro_interfaces/include/xicro_interfaces/msg/detail/battery_state__functions.h
[0.599s] -- Up-to-date: /home/omzlette/gitROS/FRA333_LAB_HW/LAB3/install/xicro_interfaces/include/xicro_interfaces/msg/detail/joint_state__functions.h
[0.599s] -- Up-to-date: /home/omzlette/gitROS/FRA333_LAB_HW/LAB3/install/xicro_interfaces/include/xicro_interfaces/msg/detail/temperature__functions.h
[0.599s] -- Up-to-date: /home/omzlette/gitROS/FRA333_LAB_HW/LAB3/install/xicro_interfaces/include/xicro_interfaces/msg/int8.h
[0.600s] -- Up-to-date: /home/omzlette/gitROS/FRA333_LAB_HW/LAB3/install/xicro_interfaces/include/xicro_interfaces/msg/pose2_d.h
[0.600s] -- Up-to-date: /home/omzlette/gitROS/FRA333_LAB_HW/LAB3/install/xicro_interfaces/include/xicro_interfaces/msg/time.h
[0.600s] -- Up-to-date: /home/omzlette/gitROS/FRA333_LAB_HW/LAB3/install/xicro_interfaces/share/xicro_interfaces/environment/library_path.sh
[0.600s] -- Up-to-date: /home/omzlette/gitROS/FRA333_LAB_HW/LAB3/install/xicro_interfaces/share/xicro_interfaces/environment/library_path.dsv
[0.600s] -- Up-to-date: /home/omzlette/gitROS/FRA333_LAB_HW/LAB3/install/xicro_interfaces/lib/libxicro_interfaces__rosidl_generator_c.so
[0.600s] -- Up-to-date: /home/omzlette/gitROS/FRA333_LAB_HW/LAB3/install/xicro_interfaces/include/xicro_interfaces
[0.600s] -- Up-to-date: /home/omzlette/gitROS/FRA333_LAB_HW/LAB3/install/xicro_interfaces/include/xicro_interfaces/msg
[0.601s] -- Up-to-date: /home/omzlette/gitROS/FRA333_LAB_HW/LAB3/install/xicro_interfaces/include/xicro_interfaces/msg/rosidl_typesupport_fastrtps_c__visibility_control.h
[0.601s] -- Up-to-date: /home/omzlette/gitROS/FRA333_LAB_HW/LAB3/install/xicro_interfaces/include/xicro_interfaces/msg/detail
[0.601s] -- Up-to-date: /home/omzlette/gitROS/FRA333_LAB_HW/LAB3/install/xicro_interfaces/include/xicro_interfaces/msg/detail/battery_state__rosidl_typesupport_fastrtps_c.h
[0.601s] -- Up-to-date: /home/omzlette/gitROS/FRA333_LAB_HW/LAB3/install/xicro_interfaces/include/xicro_interfaces/msg/detail/int16__rosidl_typesupport_fastrtps_c.h
[0.601s] -- Up-to-date: /home/omzlette/gitROS/FRA333_LAB_HW/LAB3/install/xicro_interfaces/include/xicro_interfaces/msg/detail/point__rosidl_typesupport_fastrtps_c.h
[0.602s] -- Up-to-date: /home/omzlette/gitROS/FRA333_LAB_HW/LAB3/install/xicro_interfaces/include/xicro_interfaces/msg/detail/uint64__rosidl_typesupport_fastrtps_c.h
[0.602s] -- Up-to-date: /home/omzlette/gitROS/FRA333_LAB_HW/LAB3/install/xicro_interfaces/include/xicro_interfaces/msg/detail/int8__rosidl_typesupport_fastrtps_c.h
[0.602s] -- Up-to-date: /home/omzlette/gitROS/FRA333_LAB_HW/LAB3/install/xicro_interfaces/include/xicro_interfaces/msg/detail/demo_input__rosidl_typesupport_fastrtps_c.h
[0.602s] -- Up-to-date: /home/omzlette/gitROS/FRA333_LAB_HW/LAB3/install/xicro_interfaces/include/xicro_interfaces/msg/detail/float32__rosidl_typesupport_fastrtps_c.h
[0.602s] -- Up-to-date: /home/omzlette/gitROS/FRA333_LAB_HW/LAB3/install/xicro_interfaces/include/xicro_interfaces/msg/detail/imu__rosidl_typesupport_fastrtps_c.h
[0.603s] -- Up-to-date: /home/omzlette/gitROS/FRA333_LAB_HW/LAB3/install/xicro_interfaces/include/xicro_interfaces/msg/detail/header__rosidl_typesupport_fastrtps_c.h
[0.603s] -- Up-to-date: /home/omzlette/gitROS/FRA333_LAB_HW/LAB3/install/xicro_interfaces/include/xicro_interfaces/msg/detail/quaternion__rosidl_typesupport_fastrtps_c.h
[0.603s] -- Up-to-date: /home/omzlette/gitROS/FRA333_LAB_HW/LAB3/install/xicro_interfaces/include/xicro_interfaces/msg/detail/vector3__rosidl_typesupport_fastrtps_c.h
[0.603s] -- Up-to-date: /home/omzlette/gitROS/FRA333_LAB_HW/LAB3/install/xicro_interfaces/include/xicro_interfaces/msg/detail/pose2_d__rosidl_typesupport_fastrtps_c.h
[0.603s] -- Up-to-date: /home/omzlette/gitROS/FRA333_LAB_HW/LAB3/install/xicro_interfaces/include/xicro_interfaces/msg/detail/uint8__rosidl_typesupport_fastrtps_c.h
[0.603s] -- Up-to-date: /home/omzlette/gitROS/FRA333_LAB_HW/LAB3/install/xicro_interfaces/include/xicro_interfaces/msg/detail/uint16__rosidl_typesupport_fastrtps_c.h
[0.604s] -- Up-to-date: /home/omzlette/gitROS/FRA333_LAB_HW/LAB3/install/xicro_interfaces/include/xicro_interfaces/msg/detail/time__rosidl_typesupport_fastrtps_c.h
[0.604s] -- Up-to-date: /home/omzlette/gitROS/FRA333_LAB_HW/LAB3/install/xicro_interfaces/include/xicro_interfaces/msg/detail/int32__rosidl_typesupport_fastrtps_c.h
[0.604s] -- Up-to-date: /home/omzlette/gitROS/FRA333_LAB_HW/LAB3/install/xicro_interfaces/include/xicro_interfaces/msg/detail/twist__rosidl_typesupport_fastrtps_c.h
[0.604s] -- Up-to-date: /home/omzlette/gitROS/FRA333_LAB_HW/LAB3/install/xicro_interfaces/include/xicro_interfaces/msg/detail/bool__rosidl_typesupport_fastrtps_c.h
[0.604s] -- Up-to-date: /home/omzlette/gitROS/FRA333_LAB_HW/LAB3/install/xicro_interfaces/include/xicro_interfaces/msg/detail/pose_with_covariance__rosidl_typesupport_fastrtps_c.h
[0.605s] -- Up-to-date: /home/omzlette/gitROS/FRA333_LAB_HW/LAB3/install/xicro_interfaces/include/xicro_interfaces/msg/detail/int64__rosidl_typesupport_fastrtps_c.h
[0.605s] -- Up-to-date: /home/omzlette/gitROS/FRA333_LAB_HW/LAB3/install/xicro_interfaces/include/xicro_interfaces/msg/detail/demo_output__rosidl_typesupport_fastrtps_c.h
[0.605s] -- Up-to-date: /home/omzlette/gitROS/FRA333_LAB_HW/LAB3/install/xicro_interfaces/include/xicro_interfaces/msg/detail/uint32__rosidl_typesupport_fastrtps_c.h
[0.605s] -- Up-to-date: /home/omzlette/gitROS/FRA333_LAB_HW/LAB3/install/xicro_interfaces/include/xicro_interfaces/msg/detail/pose__rosidl_typesupport_fastrtps_c.h
[0.605s] -- Up-to-date: /home/omzlette/gitROS/FRA333_LAB_HW/LAB3/install/xicro_interfaces/include/xicro_interfaces/msg/detail/joint_state__rosidl_typesupport_fastrtps_c.h
[0.606s] -- Up-to-date: /home/omzlette/gitROS/FRA333_LAB_HW/LAB3/install/xicro_interfaces/include/xicro_interfaces/msg/detail/temperature__rosidl_typesupport_fastrtps_c.h
[0.606s] -- Up-to-date: /home/omzlette/gitROS/FRA333_LAB_HW/LAB3/install/xicro_interfaces/lib/libxicro_interfaces__rosidl_typesupport_fastrtps_c.so
[0.606s] -- Up-to-date: /home/omzlette/gitROS/FRA333_LAB_HW/LAB3/install/xicro_interfaces/include/xicro_interfaces
[0.606s] -- Up-to-date: /home/omzlette/gitROS/FRA333_LAB_HW/LAB3/install/xicro_interfaces/include/xicro_interfaces/msg
[0.606s] -- Up-to-date: /home/omzlette/gitROS/FRA333_LAB_HW/LAB3/install/xicro_interfaces/include/xicro_interfaces/msg/rosidl_typesupport_fastrtps_cpp__visibility_control.h
[0.607s] -- Up-to-date: /home/omzlette/gitROS/FRA333_LAB_HW/LAB3/install/xicro_interfaces/include/xicro_interfaces/msg/detail
[0.607s] -- Up-to-date: /home/omzlette/gitROS/FRA333_LAB_HW/LAB3/install/xicro_interfaces/include/xicro_interfaces/msg/detail/twist__rosidl_typesupport_fastrtps_cpp.hpp
[0.607s] -- Up-to-date: /home/omzlette/gitROS/FRA333_LAB_HW/LAB3/install/xicro_interfaces/include/xicro_interfaces/msg/detail/joint_state__rosidl_typesupport_fastrtps_cpp.hpp
[0.607s] -- Up-to-date: /home/omzlette/gitROS/FRA333_LAB_HW/LAB3/install/xicro_interfaces/include/xicro_interfaces/msg/detail/vector3__rosidl_typesupport_fastrtps_cpp.hpp
[0.607s] -- Up-to-date: /home/omzlette/gitROS/FRA333_LAB_HW/LAB3/install/xicro_interfaces/include/xicro_interfaces/msg/detail/pose__rosidl_typesupport_fastrtps_cpp.hpp
[0.608s] -- Up-to-date: /home/omzlette/gitROS/FRA333_LAB_HW/LAB3/install/xicro_interfaces/include/xicro_interfaces/msg/detail/battery_state__rosidl_typesupport_fastrtps_cpp.hpp
[0.608s] -- Up-to-date: /home/omzlette/gitROS/FRA333_LAB_HW/LAB3/install/xicro_interfaces/include/xicro_interfaces/msg/detail/int8__rosidl_typesupport_fastrtps_cpp.hpp
[0.608s] -- Up-to-date: /home/omzlette/gitROS/FRA333_LAB_HW/LAB3/install/xicro_interfaces/include/xicro_interfaces/msg/detail/uint16__rosidl_typesupport_fastrtps_cpp.hpp
[0.608s] -- Up-to-date: /home/omzlette/gitROS/FRA333_LAB_HW/LAB3/install/xicro_interfaces/include/xicro_interfaces/msg/detail/dds_fastrtps
[0.608s] -- Up-to-date: /home/omzlette/gitROS/FRA333_LAB_HW/LAB3/install/xicro_interfaces/include/xicro_interfaces/msg/detail/imu__rosidl_typesupport_fastrtps_cpp.hpp
[0.608s] -- Up-to-date: /home/omzlette/gitROS/FRA333_LAB_HW/LAB3/install/xicro_interfaces/include/xicro_interfaces/msg/detail/demo_output__rosidl_typesupport_fastrtps_cpp.hpp
[0.609s] -- Up-to-date: /home/omzlette/gitROS/FRA333_LAB_HW/LAB3/install/xicro_interfaces/include/xicro_interfaces/msg/detail/temperature__rosidl_typesupport_fastrtps_cpp.hpp
[0.609s] -- Up-to-date: /home/omzlette/gitROS/FRA333_LAB_HW/LAB3/install/xicro_interfaces/include/xicro_interfaces/msg/detail/header__rosidl_typesupport_fastrtps_cpp.hpp
[0.609s] -- Up-to-date: /home/omzlette/gitROS/FRA333_LAB_HW/LAB3/install/xicro_interfaces/include/xicro_interfaces/msg/detail/int32__rosidl_typesupport_fastrtps_cpp.hpp
[0.609s] -- Up-to-date: /home/omzlette/gitROS/FRA333_LAB_HW/LAB3/install/xicro_interfaces/include/xicro_interfaces/msg/detail/float32__rosidl_typesupport_fastrtps_cpp.hpp
[0.609s] -- Up-to-date: /home/omzlette/gitROS/FRA333_LAB_HW/LAB3/install/xicro_interfaces/include/xicro_interfaces/msg/detail/time__rosidl_typesupport_fastrtps_cpp.hpp
[0.610s] -- Up-to-date: /home/omzlette/gitROS/FRA333_LAB_HW/LAB3/install/xicro_interfaces/include/xicro_interfaces/msg/detail/quaternion__rosidl_typesupport_fastrtps_cpp.hpp
[0.610s] -- Up-to-date: /home/omzlette/gitROS/FRA333_LAB_HW/LAB3/install/xicro_interfaces/include/xicro_interfaces/msg/detail/uint64__rosidl_typesupport_fastrtps_cpp.hpp
[0.610s] -- Up-to-date: /home/omzlette/gitROS/FRA333_LAB_HW/LAB3/install/xicro_interfaces/include/xicro_interfaces/msg/detail/bool__rosidl_typesupport_fastrtps_cpp.hpp
[0.610s] -- Up-to-date: /home/omzlette/gitROS/FRA333_LAB_HW/LAB3/install/xicro_interfaces/include/xicro_interfaces/msg/detail/uint8__rosidl_typesupport_fastrtps_cpp.hpp
[0.610s] -- Up-to-date: /home/omzlette/gitROS/FRA333_LAB_HW/LAB3/install/xicro_interfaces/include/xicro_interfaces/msg/detail/pose2_d__rosidl_typesupport_fastrtps_cpp.hpp
[0.611s] -- Up-to-date: /home/omzlette/gitROS/FRA333_LAB_HW/LAB3/install/xicro_interfaces/include/xicro_interfaces/msg/detail/int16__rosidl_typesupport_fastrtps_cpp.hpp
[0.611s] -- Up-to-date: /home/omzlette/gitROS/FRA333_LAB_HW/LAB3/install/xicro_interfaces/include/xicro_interfaces/msg/detail/int64__rosidl_typesupport_fastrtps_cpp.hpp
[0.611s] -- Up-to-date: /home/omzlette/gitROS/FRA333_LAB_HW/LAB3/install/xicro_interfaces/include/xicro_interfaces/msg/detail/pose_with_covariance__rosidl_typesupport_fastrtps_cpp.hpp
[0.611s] -- Up-to-date: /home/omzlette/gitROS/FRA333_LAB_HW/LAB3/install/xicro_interfaces/include/xicro_interfaces/msg/detail/point__rosidl_typesupport_fastrtps_cpp.hpp
[0.611s] -- Up-to-date: /home/omzlette/gitROS/FRA333_LAB_HW/LAB3/install/xicro_interfaces/include/xicro_interfaces/msg/detail/uint32__rosidl_typesupport_fastrtps_cpp.hpp
[0.612s] -- Up-to-date: /home/omzlette/gitROS/FRA333_LAB_HW/LAB3/install/xicro_interfaces/include/xicro_interfaces/msg/detail/demo_input__rosidl_typesupport_fastrtps_cpp.hpp
[0.612s] -- Up-to-date: /home/omzlette/gitROS/FRA333_LAB_HW/LAB3/install/xicro_interfaces/lib/libxicro_interfaces__rosidl_typesupport_fastrtps_cpp.so
[0.612s] -- Up-to-date: /home/omzlette/gitROS/FRA333_LAB_HW/LAB3/install/xicro_interfaces/include/xicro_interfaces
[0.612s] -- Up-to-date: /home/omzlette/gitROS/FRA333_LAB_HW/LAB3/install/xicro_interfaces/include/xicro_interfaces/msg
[0.612s] -- Up-to-date: /home/omzlette/gitROS/FRA333_LAB_HW/LAB3/install/xicro_interfaces/include/xicro_interfaces/msg/rosidl_typesupport_introspection_c__visibility_control.h
[0.613s] -- Up-to-date: /home/omzlette/gitROS/FRA333_LAB_HW/LAB3/install/xicro_interfaces/include/xicro_interfaces/msg/detail
[0.613s] -- Up-to-date: /home/omzlette/gitROS/FRA333_LAB_HW/LAB3/install/xicro_interfaces/include/xicro_interfaces/msg/detail/int32__rosidl_typesupport_introspection_c.h
[0.613s] -- Up-to-date: /home/omzlette/gitROS/FRA333_LAB_HW/LAB3/install/xicro_interfaces/include/xicro_interfaces/msg/detail/demo_output__rosidl_typesupport_introspection_c.h
[0.613s] -- Up-to-date: /home/omzlette/gitROS/FRA333_LAB_HW/LAB3/install/xicro_interfaces/include/xicro_interfaces/msg/detail/uint8__rosidl_typesupport_introspection_c.h
[0.613s] -- Up-to-date: /home/omzlette/gitROS/FRA333_LAB_HW/LAB3/install/xicro_interfaces/include/xicro_interfaces/msg/detail/battery_state__type_support.c
[0.613s] -- Up-to-date: /home/omzlette/gitROS/FRA333_LAB_HW/LAB3/install/xicro_interfaces/include/xicro_interfaces/msg/detail/bool__type_support.c
[0.613s] -- Up-to-date: /home/omzlette/gitROS/FRA333_LAB_HW/LAB3/install/xicro_interfaces/include/xicro_interfaces/msg/detail/temperature__rosidl_typesupport_introspection_c.h
[0.613s] -- Up-to-date: /home/omzlette/gitROS/FRA333_LAB_HW/LAB3/install/xicro_interfaces/include/xicro_interfaces/msg/detail/uint64__rosidl_typesupport_introspection_c.h
[0.614s] -- Up-to-date: /home/omzlette/gitROS/FRA333_LAB_HW/LAB3/install/xicro_interfaces/include/xicro_interfaces/msg/detail/joint_state__rosidl_typesupport_introspection_c.h
[0.614s] -- Up-to-date: /home/omzlette/gitROS/FRA333_LAB_HW/LAB3/install/xicro_interfaces/include/xicro_interfaces/msg/detail/vector3__rosidl_typesupport_introspection_c.h
[0.614s] -- Up-to-date: /home/omzlette/gitROS/FRA333_LAB_HW/LAB3/install/xicro_interfaces/include/xicro_interfaces/msg/detail/int32__type_support.c
[0.614s] -- Up-to-date: /home/omzlette/gitROS/FRA333_LAB_HW/LAB3/install/xicro_interfaces/include/xicro_interfaces/msg/detail/joint_state__type_support.c
[0.614s] -- Up-to-date: /home/omzlette/gitROS/FRA333_LAB_HW/LAB3/install/xicro_interfaces/include/xicro_interfaces/msg/detail/imu__rosidl_typesupport_introspection_c.h
[0.614s] -- Up-to-date: /home/omzlette/gitROS/FRA333_LAB_HW/LAB3/install/xicro_interfaces/include/xicro_interfaces/msg/detail/header__rosidl_typesupport_introspection_c.h
[0.614s] -- Up-to-date: /home/omzlette/gitROS/FRA333_LAB_HW/LAB3/install/xicro_interfaces/include/xicro_interfaces/msg/detail/int8__rosidl_typesupport_introspection_c.h
[0.614s] -- Up-to-date: /home/omzlette/gitROS/FRA333_LAB_HW/LAB3/install/xicro_interfaces/include/xicro_interfaces/msg/detail/float32__type_support.c
[0.615s] -- Up-to-date: /home/omzlette/gitROS/FRA333_LAB_HW/LAB3/install/xicro_interfaces/include/xicro_interfaces/msg/detail/int64__type_support.c
[0.615s] -- Up-to-date: /home/omzlette/gitROS/FRA333_LAB_HW/LAB3/install/xicro_interfaces/include/xicro_interfaces/msg/detail/quaternion__type_support.c
[0.615s] -- Up-to-date: /home/omzlette/gitROS/FRA333_LAB_HW/LAB3/install/xicro_interfaces/include/xicro_interfaces/msg/detail/imu__type_support.c
[0.615s] -- Up-to-date: /home/omzlette/gitROS/FRA333_LAB_HW/LAB3/install/xicro_interfaces/include/xicro_interfaces/msg/detail/uint32__type_support.c
[0.615s] -- Up-to-date: /home/omzlette/gitROS/FRA333_LAB_HW/LAB3/install/xicro_interfaces/include/xicro_interfaces/msg/detail/uint64__type_support.c
[0.615s] -- Up-to-date: /home/omzlette/gitROS/FRA333_LAB_HW/LAB3/install/xicro_interfaces/include/xicro_interfaces/msg/detail/int16__rosidl_typesupport_introspection_c.h
[0.615s] -- Up-to-date: /home/omzlette/gitROS/FRA333_LAB_HW/LAB3/install/xicro_interfaces/include/xicro_interfaces/msg/detail/twist__rosidl_typesupport_introspection_c.h
[0.615s] -- Up-to-date: /home/omzlette/gitROS/FRA333_LAB_HW/LAB3/install/xicro_interfaces/include/xicro_interfaces/msg/detail/pose_with_covariance__rosidl_typesupport_introspection_c.h
[0.615s] -- Up-to-date: /home/omzlette/gitROS/FRA333_LAB_HW/LAB3/install/xicro_interfaces/include/xicro_interfaces/msg/detail/int16__type_support.c
[0.616s] -- Up-to-date: /home/omzlette/gitROS/FRA333_LAB_HW/LAB3/install/xicro_interfaces/include/xicro_interfaces/msg/detail/pose2_d__rosidl_typesupport_introspection_c.h
[0.616s] -- Up-to-date: /home/omzlette/gitROS/FRA333_LAB_HW/LAB3/install/xicro_interfaces/include/xicro_interfaces/msg/detail/demo_output__type_support.c
[0.616s] -- Up-to-date: /home/omzlette/gitROS/FRA333_LAB_HW/LAB3/install/xicro_interfaces/include/xicro_interfaces/msg/detail/uint16__type_support.c
[0.616s] -- Up-to-date: /home/omzlette/gitROS/FRA333_LAB_HW/LAB3/install/xicro_interfaces/include/xicro_interfaces/msg/detail/quaternion__rosidl_typesupport_introspection_c.h
[0.616s] -- Up-to-date: /home/omzlette/gitROS/FRA333_LAB_HW/LAB3/install/xicro_interfaces/include/xicro_interfaces/msg/detail/demo_input__rosidl_typesupport_introspection_c.h
[0.616s] -- Up-to-date: /home/omzlette/gitROS/FRA333_LAB_HW/LAB3/install/xicro_interfaces/include/xicro_interfaces/msg/detail/time__rosidl_typesupport_introspection_c.h
[0.616s] -- Up-to-date: /home/omzlette/gitROS/FRA333_LAB_HW/LAB3/install/xicro_interfaces/include/xicro_interfaces/msg/detail/int64__rosidl_typesupport_introspection_c.h
[0.616s] -- Up-to-date: /home/omzlette/gitROS/FRA333_LAB_HW/LAB3/install/xicro_interfaces/include/xicro_interfaces/msg/detail/demo_input__type_support.c
[0.617s] -- Up-to-date: /home/omzlette/gitROS/FRA333_LAB_HW/LAB3/install/xicro_interfaces/include/xicro_interfaces/msg/detail/float32__rosidl_typesupport_introspection_c.h
[0.617s] -- Up-to-date: /home/omzlette/gitROS/FRA333_LAB_HW/LAB3/install/xicro_interfaces/include/xicro_interfaces/msg/detail/bool__rosidl_typesupport_introspection_c.h
[0.617s] -- Up-to-date: /home/omzlette/gitROS/FRA333_LAB_HW/LAB3/install/xicro_interfaces/include/xicro_interfaces/msg/detail/uint16__rosidl_typesupport_introspection_c.h
[0.617s] -- Up-to-date: /home/omzlette/gitROS/FRA333_LAB_HW/LAB3/install/xicro_interfaces/include/xicro_interfaces/msg/detail/battery_state__rosidl_typesupport_introspection_c.h
[0.617s] -- Up-to-date: /home/omzlette/gitROS/FRA333_LAB_HW/LAB3/install/xicro_interfaces/include/xicro_interfaces/msg/detail/pose__rosidl_typesupport_introspection_c.h
[0.617s] -- Up-to-date: /home/omzlette/gitROS/FRA333_LAB_HW/LAB3/install/xicro_interfaces/include/xicro_interfaces/msg/detail/twist__type_support.c
[0.618s] -- Up-to-date: /home/omzlette/gitROS/FRA333_LAB_HW/LAB3/install/xicro_interfaces/include/xicro_interfaces/msg/detail/time__type_support.c
[0.618s] -- Up-to-date: /home/omzlette/gitROS/FRA333_LAB_HW/LAB3/install/xicro_interfaces/include/xicro_interfaces/msg/detail/uint8__type_support.c
[0.618s] -- Up-to-date: /home/omzlette/gitROS/FRA333_LAB_HW/LAB3/install/xicro_interfaces/include/xicro_interfaces/msg/detail/pose2_d__type_support.c
[0.618s] -- Up-to-date: /home/omzlette/gitROS/FRA333_LAB_HW/LAB3/install/xicro_interfaces/include/xicro_interfaces/msg/detail/pose_with_covariance__type_support.c
[0.618s] -- Up-to-date: /home/omzlette/gitROS/FRA333_LAB_HW/LAB3/install/xicro_interfaces/include/xicro_interfaces/msg/detail/temperature__type_support.c
[0.618s] -- Up-to-date: /home/omzlette/gitROS/FRA333_LAB_HW/LAB3/install/xicro_interfaces/include/xicro_interfaces/msg/detail/header__type_support.c
[0.619s] -- Up-to-date: /home/omzlette/gitROS/FRA333_LAB_HW/LAB3/install/xicro_interfaces/include/xicro_interfaces/msg/detail/int8__type_support.c
[0.619s] -- Up-to-date: /home/omzlette/gitROS/FRA333_LAB_HW/LAB3/install/xicro_interfaces/include/xicro_interfaces/msg/detail/point__type_support.c
[0.619s] -- Up-to-date: /home/omzlette/gitROS/FRA333_LAB_HW/LAB3/install/xicro_interfaces/include/xicro_interfaces/msg/detail/point__rosidl_typesupport_introspection_c.h
[0.619s] -- Up-to-date: /home/omzlette/gitROS/FRA333_LAB_HW/LAB3/install/xicro_interfaces/include/xicro_interfaces/msg/detail/vector3__type_support.c
[0.619s] -- Up-to-date: /home/omzlette/gitROS/FRA333_LAB_HW/LAB3/install/xicro_interfaces/include/xicro_interfaces/msg/detail/uint32__rosidl_typesupport_introspection_c.h
[0.619s] -- Up-to-date: /home/omzlette/gitROS/FRA333_LAB_HW/LAB3/install/xicro_interfaces/include/xicro_interfaces/msg/detail/pose__type_support.c
[0.619s] -- Up-to-date: /home/omzlette/gitROS/FRA333_LAB_HW/LAB3/install/xicro_interfaces/lib/libxicro_interfaces__rosidl_typesupport_introspection_c.so
[0.619s] -- Up-to-date: /home/omzlette/gitROS/FRA333_LAB_HW/LAB3/install/xicro_interfaces/lib/libxicro_interfaces__rosidl_typesupport_c.so
[0.619s] -- Up-to-date: /home/omzlette/gitROS/FRA333_LAB_HW/LAB3/install/xicro_interfaces/include/xicro_interfaces
[0.620s] -- Up-to-date: /home/omzlette/gitROS/FRA333_LAB_HW/LAB3/install/xicro_interfaces/include/xicro_interfaces/msg
[0.620s] -- Up-to-date: /home/omzlette/gitROS/FRA333_LAB_HW/LAB3/install/xicro_interfaces/include/xicro_interfaces/msg/uint64.hpp
[0.620s] -- Up-to-date: /home/omzlette/gitROS/FRA333_LAB_HW/LAB3/install/xicro_interfaces/include/xicro_interfaces/msg/bool.hpp
[0.620s] -- Up-to-date: /home/omzlette/gitROS/FRA333_LAB_HW/LAB3/install/xicro_interfaces/include/xicro_interfaces/msg/pose.hpp
[0.620s] -- Up-to-date: /home/omzlette/gitROS/FRA333_LAB_HW/LAB3/install/xicro_interfaces/include/xicro_interfaces/msg/joint_state.hpp
[0.620s] -- Up-to-date: /home/omzlette/gitROS/FRA333_LAB_HW/LAB3/install/xicro_interfaces/include/xicro_interfaces/msg/uint8.hpp
[0.621s] -- Up-to-date: /home/omzlette/gitROS/FRA333_LAB_HW/LAB3/install/xicro_interfaces/include/xicro_interfaces/msg/time.hpp
[0.621s] -- Up-to-date: /home/omzlette/gitROS/FRA333_LAB_HW/LAB3/install/xicro_interfaces/include/xicro_interfaces/msg/demo_output.hpp
[0.621s] -- Up-to-date: /home/omzlette/gitROS/FRA333_LAB_HW/LAB3/install/xicro_interfaces/include/xicro_interfaces/msg/point.hpp
[0.621s] -- Up-to-date: /home/omzlette/gitROS/FRA333_LAB_HW/LAB3/install/xicro_interfaces/include/xicro_interfaces/msg/temperature.hpp
[0.621s] -- Up-to-date: /home/omzlette/gitROS/FRA333_LAB_HW/LAB3/install/xicro_interfaces/include/xicro_interfaces/msg/pose2_d.hpp
[0.621s] -- Up-to-date: /home/omzlette/gitROS/FRA333_LAB_HW/LAB3/install/xicro_interfaces/include/xicro_interfaces/msg/uint32.hpp
[0.621s] -- Up-to-date: /home/omzlette/gitROS/FRA333_LAB_HW/LAB3/install/xicro_interfaces/include/xicro_interfaces/msg/float32.hpp
[0.621s] -- Up-to-date: /home/omzlette/gitROS/FRA333_LAB_HW/LAB3/install/xicro_interfaces/include/xicro_interfaces/msg/uint16.hpp
[0.621s] -- Up-to-date: /home/omzlette/gitROS/FRA333_LAB_HW/LAB3/install/xicro_interfaces/include/xicro_interfaces/msg/demo_input.hpp
[0.621s] -- Up-to-date: /home/omzlette/gitROS/FRA333_LAB_HW/LAB3/install/xicro_interfaces/include/xicro_interfaces/msg/int32.hpp
[0.621s] -- Up-to-date: /home/omzlette/gitROS/FRA333_LAB_HW/LAB3/install/xicro_interfaces/include/xicro_interfaces/msg/int64.hpp
[0.622s] -- Up-to-date: /home/omzlette/gitROS/FRA333_LAB_HW/LAB3/install/xicro_interfaces/include/xicro_interfaces/msg/battery_state.hpp
[0.622s] -- Up-to-date: /home/omzlette/gitROS/FRA333_LAB_HW/LAB3/install/xicro_interfaces/include/xicro_interfaces/msg/int16.hpp
[0.622s] -- Up-to-date: /home/omzlette/gitROS/FRA333_LAB_HW/LAB3/install/xicro_interfaces/include/xicro_interfaces/msg/pose_with_covariance.hpp
[0.622s] -- Up-to-date: /home/omzlette/gitROS/FRA333_LAB_HW/LAB3/install/xicro_interfaces/include/xicro_interfaces/msg/vector3.hpp
[0.622s] -- Up-to-date: /home/omzlette/gitROS/FRA333_LAB_HW/LAB3/install/xicro_interfaces/include/xicro_interfaces/msg/detail
[0.622s] -- Up-to-date: /home/omzlette/gitROS/FRA333_LAB_HW/LAB3/install/xicro_interfaces/include/xicro_interfaces/msg/detail/header__struct.hpp
[0.622s] -- Up-to-date: /home/omzlette/gitROS/FRA333_LAB_HW/LAB3/install/xicro_interfaces/include/xicro_interfaces/msg/detail/int32__builder.hpp
[0.622s] -- Up-to-date: /home/omzlette/gitROS/FRA333_LAB_HW/LAB3/install/xicro_interfaces/include/xicro_interfaces/msg/detail/point__struct.hpp
[0.622s] -- Up-to-date: /home/omzlette/gitROS/FRA333_LAB_HW/LAB3/install/xicro_interfaces/include/xicro_interfaces/msg/detail/pose_with_covariance__builder.hpp
[0.622s] -- Up-to-date: /home/omzlette/gitROS/FRA333_LAB_HW/LAB3/install/xicro_interfaces/include/xicro_interfaces/msg/detail/quaternion__struct.hpp
[0.623s] -- Up-to-date: /home/omzlette/gitROS/FRA333_LAB_HW/LAB3/install/xicro_interfaces/include/xicro_interfaces/msg/detail/demo_input__struct.hpp
[0.623s] -- Up-to-date: /home/omzlette/gitROS/FRA333_LAB_HW/LAB3/install/xicro_interfaces/include/xicro_interfaces/msg/detail/twist__traits.hpp
[0.623s] -- Up-to-date: /home/omzlette/gitROS/FRA333_LAB_HW/LAB3/install/xicro_interfaces/include/xicro_interfaces/msg/detail/battery_state__builder.hpp
[0.623s] -- Up-to-date: /home/omzlette/gitROS/FRA333_LAB_HW/LAB3/install/xicro_interfaces/include/xicro_interfaces/msg/detail/temperature__traits.hpp
[0.623s] -- Up-to-date: /home/omzlette/gitROS/FRA333_LAB_HW/LAB3/install/xicro_interfaces/include/xicro_interfaces/msg/detail/header__traits.hpp
[0.623s] -- Up-to-date: /home/omzlette/gitROS/FRA333_LAB_HW/LAB3/install/xicro_interfaces/include/xicro_interfaces/msg/detail/pose2_d__traits.hpp
[0.623s] -- Up-to-date: /home/omzlette/gitROS/FRA333_LAB_HW/LAB3/install/xicro_interfaces/include/xicro_interfaces/msg/detail/joint_state__traits.hpp
[0.623s] -- Up-to-date: /home/omzlette/gitROS/FRA333_LAB_HW/LAB3/install/xicro_interfaces/include/xicro_interfaces/msg/detail/uint8__traits.hpp
[0.624s] -- Up-to-date: /home/omzlette/gitROS/FRA333_LAB_HW/LAB3/install/xicro_interfaces/include/xicro_interfaces/msg/detail/twist__struct.hpp
[0.624s] -- Up-to-date: /home/omzlette/gitROS/FRA333_LAB_HW/LAB3/install/xicro_interfaces/include/xicro_interfaces/msg/detail/point__builder.hpp
[0.624s] -- Up-to-date: /home/omzlette/gitROS/FRA333_LAB_HW/LAB3/install/xicro_interfaces/include/xicro_interfaces/msg/detail/vector3__builder.hpp
[0.624s] -- Up-to-date: /home/omzlette/gitROS/FRA333_LAB_HW/LAB3/install/xicro_interfaces/include/xicro_interfaces/msg/detail/demo_output__builder.hpp
[0.624s] -- Up-to-date: /home/omzlette/gitROS/FRA333_LAB_HW/LAB3/install/xicro_interfaces/include/xicro_interfaces/msg/detail/time__builder.hpp
[0.624s] -- Up-to-date: /home/omzlette/gitROS/FRA333_LAB_HW/LAB3/install/xicro_interfaces/include/xicro_interfaces/msg/detail/vector3__traits.hpp
[0.624s] -- Up-to-date: /home/omzlette/gitROS/FRA333_LAB_HW/LAB3/install/xicro_interfaces/include/xicro_interfaces/msg/detail/battery_state__struct.hpp
[0.624s] -- Up-to-date: /home/omzlette/gitROS/FRA333_LAB_HW/LAB3/install/xicro_interfaces/include/xicro_interfaces/msg/detail/pose__traits.hpp
[0.625s] -- Up-to-date: /home/omzlette/gitROS/FRA333_LAB_HW/LAB3/install/xicro_interfaces/include/xicro_interfaces/msg/detail/battery_state__traits.hpp
[0.625s] -- Up-to-date: /home/omzlette/gitROS/FRA333_LAB_HW/LAB3/install/xicro_interfaces/include/xicro_interfaces/msg/detail/pose_with_covariance__struct.hpp
[0.625s] -- Up-to-date: /home/omzlette/gitROS/FRA333_LAB_HW/LAB3/install/xicro_interfaces/include/xicro_interfaces/msg/detail/header__builder.hpp
[0.625s] -- Up-to-date: /home/omzlette/gitROS/FRA333_LAB_HW/LAB3/install/xicro_interfaces/include/xicro_interfaces/msg/detail/twist__builder.hpp
[0.625s] -- Up-to-date: /home/omzlette/gitROS/FRA333_LAB_HW/LAB3/install/xicro_interfaces/include/xicro_interfaces/msg/detail/temperature__builder.hpp
[0.625s] -- Up-to-date: /home/omzlette/gitROS/FRA333_LAB_HW/LAB3/install/xicro_interfaces/include/xicro_interfaces/msg/detail/pose__builder.hpp
[0.625s] -- Up-to-date: /home/omzlette/gitROS/FRA333_LAB_HW/LAB3/install/xicro_interfaces/include/xicro_interfaces/msg/detail/uint16__traits.hpp
[0.625s] -- Up-to-date: /home/omzlette/gitROS/FRA333_LAB_HW/LAB3/install/xicro_interfaces/include/xicro_interfaces/msg/detail/bool__struct.hpp
[0.626s] -- Up-to-date: /home/omzlette/gitROS/FRA333_LAB_HW/LAB3/install/xicro_interfaces/include/xicro_interfaces/msg/detail/int64__builder.hpp
[0.626s] -- Up-to-date: /home/omzlette/gitROS/FRA333_LAB_HW/LAB3/install/xicro_interfaces/include/xicro_interfaces/msg/detail/bool__traits.hpp
[0.626s] -- Up-to-date: /home/omzlette/gitROS/FRA333_LAB_HW/LAB3/install/xicro_interfaces/include/xicro_interfaces/msg/detail/demo_output__traits.hpp
[0.626s] -- Up-to-date: /home/omzlette/gitROS/FRA333_LAB_HW/LAB3/install/xicro_interfaces/include/xicro_interfaces/msg/detail/int32__struct.hpp
[0.626s] -- Up-to-date: /home/omzlette/gitROS/FRA333_LAB_HW/LAB3/install/xicro_interfaces/include/xicro_interfaces/msg/detail/uint8__builder.hpp
[0.626s] -- Up-to-date: /home/omzlette/gitROS/FRA333_LAB_HW/LAB3/install/xicro_interfaces/include/xicro_interfaces/msg/detail/uint64__struct.hpp
[0.626s] -- Up-to-date: /home/omzlette/gitROS/FRA333_LAB_HW/LAB3/install/xicro_interfaces/include/xicro_interfaces/msg/detail/uint16__builder.hpp
[0.626s] -- Up-to-date: /home/omzlette/gitROS/FRA333_LAB_HW/LAB3/install/xicro_interfaces/include/xicro_interfaces/msg/detail/float32__struct.hpp
[0.627s] -- Up-to-date: /home/omzlette/gitROS/FRA333_LAB_HW/LAB3/install/xicro_interfaces/include/xicro_interfaces/msg/detail/int8__traits.hpp
[0.627s] -- Up-to-date: /home/omzlette/gitROS/FRA333_LAB_HW/LAB3/install/xicro_interfaces/include/xicro_interfaces/msg/detail/imu__struct.hpp
[0.627s] -- Up-to-date: /home/omzlette/gitROS/FRA333_LAB_HW/LAB3/install/xicro_interfaces/include/xicro_interfaces/msg/detail/int16__builder.hpp
[0.627s] -- Up-to-date: /home/omzlette/gitROS/FRA333_LAB_HW/LAB3/install/xicro_interfaces/include/xicro_interfaces/msg/detail/demo_output__struct.hpp
[0.627s] -- Up-to-date: /home/omzlette/gitROS/FRA333_LAB_HW/LAB3/install/xicro_interfaces/include/xicro_interfaces/msg/detail/float32__builder.hpp
[0.627s] -- Up-to-date: /home/omzlette/gitROS/FRA333_LAB_HW/LAB3/install/xicro_interfaces/include/xicro_interfaces/msg/detail/uint8__struct.hpp
[0.627s] -- Up-to-date: /home/omzlette/gitROS/FRA333_LAB_HW/LAB3/install/xicro_interfaces/include/xicro_interfaces/msg/detail/int16__struct.hpp
[0.627s] -- Up-to-date: /home/omzlette/gitROS/FRA333_LAB_HW/LAB3/install/xicro_interfaces/include/xicro_interfaces/msg/detail/point__traits.hpp
[0.628s] -- Up-to-date: /home/omzlette/gitROS/FRA333_LAB_HW/LAB3/install/xicro_interfaces/include/xicro_interfaces/msg/detail/pose2_d__struct.hpp
[0.628s] -- Up-to-date: /home/omzlette/gitROS/FRA333_LAB_HW/LAB3/install/xicro_interfaces/include/xicro_interfaces/msg/detail/pose__struct.hpp
[0.629s] -- Up-to-date: /home/omzlette/gitROS/FRA333_LAB_HW/LAB3/install/xicro_interfaces/include/xicro_interfaces/msg/detail/imu__traits.hpp
[0.629s] -- Up-to-date: /home/omzlette/gitROS/FRA333_LAB_HW/LAB3/install/xicro_interfaces/include/xicro_interfaces/msg/detail/int8__builder.hpp
[0.630s] -- Up-to-date: /home/omzlette/gitROS/FRA333_LAB_HW/LAB3/install/xicro_interfaces/include/xicro_interfaces/msg/detail/uint32__builder.hpp
[0.630s] -- Up-to-date: /home/omzlette/gitROS/FRA333_LAB_HW/LAB3/install/xicro_interfaces/include/xicro_interfaces/msg/detail/pose2_d__builder.hpp
[0.630s] -- Up-to-date: /home/omzlette/gitROS/FRA333_LAB_HW/LAB3/install/xicro_interfaces/include/xicro_interfaces/msg/detail/int32__traits.hpp
[0.630s] -- Up-to-date: /home/omzlette/gitROS/FRA333_LAB_HW/LAB3/install/xicro_interfaces/include/xicro_interfaces/msg/detail/uint32__traits.hpp
[0.630s] -- Up-to-date: /home/omzlette/gitROS/FRA333_LAB_HW/LAB3/install/xicro_interfaces/include/xicro_interfaces/msg/detail/int64__traits.hpp
[0.630s] -- Up-to-date: /home/omzlette/gitROS/FRA333_LAB_HW/LAB3/install/xicro_interfaces/include/xicro_interfaces/msg/detail/bool__builder.hpp
[0.630s] -- Up-to-date: /home/omzlette/gitROS/FRA333_LAB_HW/LAB3/install/xicro_interfaces/include/xicro_interfaces/msg/detail/demo_input__builder.hpp
[0.631s] -- Up-to-date: /home/omzlette/gitROS/FRA333_LAB_HW/LAB3/install/xicro_interfaces/include/xicro_interfaces/msg/detail/temperature__struct.hpp
[0.631s] -- Up-to-date: /home/omzlette/gitROS/FRA333_LAB_HW/LAB3/install/xicro_interfaces/include/xicro_interfaces/msg/detail/uint32__struct.hpp
[0.631s] -- Up-to-date: /home/omzlette/gitROS/FRA333_LAB_HW/LAB3/install/xicro_interfaces/include/xicro_interfaces/msg/detail/quaternion__traits.hpp
[0.631s] -- Up-to-date: /home/omzlette/gitROS/FRA333_LAB_HW/LAB3/install/xicro_interfaces/include/xicro_interfaces/msg/detail/time__traits.hpp
[0.631s] -- Up-to-date: /home/omzlette/gitROS/FRA333_LAB_HW/LAB3/install/xicro_interfaces/include/xicro_interfaces/msg/detail/uint64__traits.hpp
[0.632s] -- Up-to-date: /home/omzlette/gitROS/FRA333_LAB_HW/LAB3/install/xicro_interfaces/include/xicro_interfaces/msg/detail/int16__traits.hpp
[0.632s] -- Up-to-date: /home/omzlette/gitROS/FRA333_LAB_HW/LAB3/install/xicro_interfaces/include/xicro_interfaces/msg/detail/uint16__struct.hpp
[0.632s] -- Up-to-date: /home/omzlette/gitROS/FRA333_LAB_HW/LAB3/install/xicro_interfaces/include/xicro_interfaces/msg/detail/time__struct.hpp
[0.633s] -- Up-to-date: /home/omzlette/gitROS/FRA333_LAB_HW/LAB3/install/xicro_interfaces/include/xicro_interfaces/msg/detail/float32__traits.hpp
[0.633s] -- Up-to-date: /home/omzlette/gitROS/FRA333_LAB_HW/LAB3/install/xicro_interfaces/include/xicro_interfaces/msg/detail/pose_with_covariance__traits.hpp
[0.633s] -- Up-to-date: /home/omzlette/gitROS/FRA333_LAB_HW/LAB3/install/xicro_interfaces/include/xicro_interfaces/msg/detail/joint_state__builder.hpp
[0.634s] -- Up-to-date: /home/omzlette/gitROS/FRA333_LAB_HW/LAB3/install/xicro_interfaces/include/xicro_interfaces/msg/detail/int8__struct.hpp
[0.634s] -- Up-to-date: /home/omzlette/gitROS/FRA333_LAB_HW/LAB3/install/xicro_interfaces/include/xicro_interfaces/msg/detail/imu__builder.hpp
[0.635s] -- Up-to-date: /home/omzlette/gitROS/FRA333_LAB_HW/LAB3/install/xicro_interfaces/include/xicro_interfaces/msg/detail/quaternion__builder.hpp
[0.635s] -- Up-to-date: /home/omzlette/gitROS/FRA333_LAB_HW/LAB3/install/xicro_interfaces/include/xicro_interfaces/msg/detail/joint_state__struct.hpp
[0.635s] -- Up-to-date: /home/omzlette/gitROS/FRA333_LAB_HW/LAB3/install/xicro_interfaces/include/xicro_interfaces/msg/detail/demo_input__traits.hpp
[0.636s] -- Up-to-date: /home/omzlette/gitROS/FRA333_LAB_HW/LAB3/install/xicro_interfaces/include/xicro_interfaces/msg/detail/uint64__builder.hpp
[0.636s] -- Up-to-date: /home/omzlette/gitROS/FRA333_LAB_HW/LAB3/install/xicro_interfaces/include/xicro_interfaces/msg/detail/vector3__struct.hpp
[0.636s] -- Up-to-date: /home/omzlette/gitROS/FRA333_LAB_HW/LAB3/install/xicro_interfaces/include/xicro_interfaces/msg/detail/int64__struct.hpp
[0.637s] -- Up-to-date: /home/omzlette/gitROS/FRA333_LAB_HW/LAB3/install/xicro_interfaces/include/xicro_interfaces/msg/header.hpp
[0.637s] -- Up-to-date: /home/omzlette/gitROS/FRA333_LAB_HW/LAB3/install/xicro_interfaces/include/xicro_interfaces/msg/imu.hpp
[0.637s] -- Up-to-date: /home/omzlette/gitROS/FRA333_LAB_HW/LAB3/install/xicro_interfaces/include/xicro_interfaces/msg/twist.hpp
[0.638s] -- Up-to-date: /home/omzlette/gitROS/FRA333_LAB_HW/LAB3/install/xicro_interfaces/include/xicro_interfaces/msg/int8.hpp
[0.638s] -- Up-to-date: /home/omzlette/gitROS/FRA333_LAB_HW/LAB3/install/xicro_interfaces/include/xicro_interfaces/msg/quaternion.hpp
[0.638s] -- Up-to-date: /home/omzlette/gitROS/FRA333_LAB_HW/LAB3/install/xicro_interfaces/include/xicro_interfaces
[0.638s] -- Up-to-date: /home/omzlette/gitROS/FRA333_LAB_HW/LAB3/install/xicro_interfaces/include/xicro_interfaces/msg
[0.638s] -- Up-to-date: /home/omzlette/gitROS/FRA333_LAB_HW/LAB3/install/xicro_interfaces/include/xicro_interfaces/msg/detail
[0.639s] -- Up-to-date: /home/omzlette/gitROS/FRA333_LAB_HW/LAB3/install/xicro_interfaces/include/xicro_interfaces/msg/detail/quaternion__rosidl_typesupport_introspection_cpp.hpp
[0.639s] -- Up-to-date: /home/omzlette/gitROS/FRA333_LAB_HW/LAB3/install/xicro_interfaces/include/xicro_interfaces/msg/detail/joint_state__type_support.cpp
[0.639s] -- Up-to-date: /home/omzlette/gitROS/FRA333_LAB_HW/LAB3/install/xicro_interfaces/include/xicro_interfaces/msg/detail/uint64__rosidl_typesupport_introspection_cpp.hpp
[0.639s] -- Up-to-date: /home/omzlette/gitROS/FRA333_LAB_HW/LAB3/install/xicro_interfaces/include/xicro_interfaces/msg/detail/demo_output__type_support.cpp
[0.640s] -- Up-to-date: /home/omzlette/gitROS/FRA333_LAB_HW/LAB3/install/xicro_interfaces/include/xicro_interfaces/msg/detail/bool__rosidl_typesupport_introspection_cpp.hpp
[0.640s] -- Up-to-date: /home/omzlette/gitROS/FRA333_LAB_HW/LAB3/install/xicro_interfaces/include/xicro_interfaces/msg/detail/demo_input__type_support.cpp
[0.640s] -- Up-to-date: /home/omzlette/gitROS/FRA333_LAB_HW/LAB3/install/xicro_interfaces/include/xicro_interfaces/msg/detail/float32__type_support.cpp
[0.641s] -- Up-to-date: /home/omzlette/gitROS/FRA333_LAB_HW/LAB3/install/xicro_interfaces/include/xicro_interfaces/msg/detail/time__rosidl_typesupport_introspection_cpp.hpp
[0.641s] -- Up-to-date: /home/omzlette/gitROS/FRA333_LAB_HW/LAB3/install/xicro_interfaces/include/xicro_interfaces/msg/detail/int32__type_support.cpp
[0.641s] -- Up-to-date: /home/omzlette/gitROS/FRA333_LAB_HW/LAB3/install/xicro_interfaces/include/xicro_interfaces/msg/detail/demo_output__rosidl_typesupport_introspection_cpp.hpp
[0.642s] -- Up-to-date: /home/omzlette/gitROS/FRA333_LAB_HW/LAB3/install/xicro_interfaces/include/xicro_interfaces/msg/detail/int8__type_support.cpp
[0.642s] -- Up-to-date: /home/omzlette/gitROS/FRA333_LAB_HW/LAB3/install/xicro_interfaces/include/xicro_interfaces/msg/detail/bool__type_support.cpp
[0.642s] -- Up-to-date: /home/omzlette/gitROS/FRA333_LAB_HW/LAB3/install/xicro_interfaces/include/xicro_interfaces/msg/detail/int64__type_support.cpp
[0.642s] -- Up-to-date: /home/omzlette/gitROS/FRA333_LAB_HW/LAB3/install/xicro_interfaces/include/xicro_interfaces/msg/detail/uint32__type_support.cpp
[0.642s] -- Up-to-date: /home/omzlette/gitROS/FRA333_LAB_HW/LAB3/install/xicro_interfaces/include/xicro_interfaces/msg/detail/header__rosidl_typesupport_introspection_cpp.hpp
[0.642s] -- Up-to-date: /home/omzlette/gitROS/FRA333_LAB_HW/LAB3/install/xicro_interfaces/include/xicro_interfaces/msg/detail/time__type_support.cpp
[0.642s] -- Up-to-date: /home/omzlette/gitROS/FRA333_LAB_HW/LAB3/install/xicro_interfaces/include/xicro_interfaces/msg/detail/imu__type_support.cpp
[0.643s] -- Up-to-date: /home/omzlette/gitROS/FRA333_LAB_HW/LAB3/install/xicro_interfaces/include/xicro_interfaces/msg/detail/twist__rosidl_typesupport_introspection_cpp.hpp
[0.647s] -- Up-to-date: /home/omzlette/gitROS/FRA333_LAB_HW/LAB3/install/xicro_interfaces/include/xicro_interfaces/msg/detail/uint32__rosidl_typesupport_introspection_cpp.hpp
[0.648s] -- Up-to-date: /home/omzlette/gitROS/FRA333_LAB_HW/LAB3/install/xicro_interfaces/include/xicro_interfaces/msg/detail/pose__rosidl_typesupport_introspection_cpp.hpp
[0.649s] -- Up-to-date: /home/omzlette/gitROS/FRA333_LAB_HW/LAB3/install/xicro_interfaces/include/xicro_interfaces/msg/detail/point__rosidl_typesupport_introspection_cpp.hpp
[0.649s] -- Up-to-date: /home/omzlette/gitROS/FRA333_LAB_HW/LAB3/install/xicro_interfaces/include/xicro_interfaces/msg/detail/uint16__rosidl_typesupport_introspection_cpp.hpp
[0.649s] -- Up-to-date: /home/omzlette/gitROS/FRA333_LAB_HW/LAB3/install/xicro_interfaces/include/xicro_interfaces/msg/detail/joint_state__rosidl_typesupport_introspection_cpp.hpp
[0.650s] -- Up-to-date: /home/omzlette/gitROS/FRA333_LAB_HW/LAB3/install/xicro_interfaces/include/xicro_interfaces/msg/detail/float32__rosidl_typesupport_introspection_cpp.hpp
[0.650s] -- Up-to-date: /home/omzlette/gitROS/FRA333_LAB_HW/LAB3/install/xicro_interfaces/include/xicro_interfaces/msg/detail/imu__rosidl_typesupport_introspection_cpp.hpp
[0.650s] -- Up-to-date: /home/omzlette/gitROS/FRA333_LAB_HW/LAB3/install/xicro_interfaces/include/xicro_interfaces/msg/detail/pose_with_covariance__rosidl_typesupport_introspection_cpp.hpp
[0.651s] -- Up-to-date: /home/omzlette/gitROS/FRA333_LAB_HW/LAB3/install/xicro_interfaces/include/xicro_interfaces/msg/detail/int64__rosidl_typesupport_introspection_cpp.hpp
[0.651s] -- Up-to-date: /home/omzlette/gitROS/FRA333_LAB_HW/LAB3/install/xicro_interfaces/include/xicro_interfaces/msg/detail/header__type_support.cpp
[0.651s] -- Up-to-date: /home/omzlette/gitROS/FRA333_LAB_HW/LAB3/install/xicro_interfaces/include/xicro_interfaces/msg/detail/int16__rosidl_typesupport_introspection_cpp.hpp
[0.652s] -- Up-to-date: /home/omzlette/gitROS/FRA333_LAB_HW/LAB3/install/xicro_interfaces/include/xicro_interfaces/msg/detail/battery_state__rosidl_typesupport_introspection_cpp.hpp
[0.652s] -- Up-to-date: /home/omzlette/gitROS/FRA333_LAB_HW/LAB3/install/xicro_interfaces/include/xicro_interfaces/msg/detail/int16__type_support.cpp
[0.653s] -- Up-to-date: /home/omzlette/gitROS/FRA333_LAB_HW/LAB3/install/xicro_interfaces/include/xicro_interfaces/msg/detail/pose__type_support.cpp
[0.653s] -- Up-to-date: /home/omzlette/gitROS/FRA333_LAB_HW/LAB3/install/xicro_interfaces/include/xicro_interfaces/msg/detail/pose2_d__rosidl_typesupport_introspection_cpp.hpp
[0.653s] -- Up-to-date: /home/omzlette/gitROS/FRA333_LAB_HW/LAB3/install/xicro_interfaces/include/xicro_interfaces/msg/detail/battery_state__type_support.cpp
[0.655s] -- Up-to-date: /home/omzlette/gitROS/FRA333_LAB_HW/LAB3/install/xicro_interfaces/include/xicro_interfaces/msg/detail/uint8__rosidl_typesupport_introspection_cpp.hpp
[0.656s] -- Up-to-date: /home/omzlette/gitROS/FRA333_LAB_HW/LAB3/install/xicro_interfaces/include/xicro_interfaces/msg/detail/point__type_support.cpp
[0.657s] -- Up-to-date: /home/omzlette/gitROS/FRA333_LAB_HW/LAB3/install/xicro_interfaces/include/xicro_interfaces/msg/detail/quaternion__type_support.cpp
[0.658s] -- Up-to-date: /home/omzlette/gitROS/FRA333_LAB_HW/LAB3/install/xicro_interfaces/include/xicro_interfaces/msg/detail/pose2_d__type_support.cpp
[0.658s] -- Up-to-date: /home/omzlette/gitROS/FRA333_LAB_HW/LAB3/install/xicro_interfaces/include/xicro_interfaces/msg/detail/int8__rosidl_typesupport_introspection_cpp.hpp
[0.658s] -- Up-to-date: /home/omzlette/gitROS/FRA333_LAB_HW/LAB3/install/xicro_interfaces/include/xicro_interfaces/msg/detail/twist__type_support.cpp
[0.661s] -- Up-to-date: /home/omzlette/gitROS/FRA333_LAB_HW/LAB3/install/xicro_interfaces/include/xicro_interfaces/msg/detail/temperature__rosidl_typesupport_introspection_cpp.hpp
[0.661s] -- Up-to-date: /home/omzlette/gitROS/FRA333_LAB_HW/LAB3/install/xicro_interfaces/include/xicro_interfaces/msg/detail/temperature__type_support.cpp
[0.662s] -- Up-to-date: /home/omzlette/gitROS/FRA333_LAB_HW/LAB3/install/xicro_interfaces/include/xicro_interfaces/msg/detail/uint16__type_support.cpp
[0.662s] -- Up-to-date: /home/omzlette/gitROS/FRA333_LAB_HW/LAB3/install/xicro_interfaces/include/xicro_interfaces/msg/detail/uint8__type_support.cpp
[0.663s] -- Up-to-date: /home/omzlette/gitROS/FRA333_LAB_HW/LAB3/install/xicro_interfaces/include/xicro_interfaces/msg/detail/uint64__type_support.cpp
[0.663s] -- Up-to-date: /home/omzlette/gitROS/FRA333_LAB_HW/LAB3/install/xicro_interfaces/include/xicro_interfaces/msg/detail/pose_with_covariance__type_support.cpp
[0.664s] -- Up-to-date: /home/omzlette/gitROS/FRA333_LAB_HW/LAB3/install/xicro_interfaces/include/xicro_interfaces/msg/detail/demo_input__rosidl_typesupport_introspection_cpp.hpp
[0.666s] -- Up-to-date: /home/omzlette/gitROS/FRA333_LAB_HW/LAB3/install/xicro_interfaces/include/xicro_interfaces/msg/detail/int32__rosidl_typesupport_introspection_cpp.hpp
[0.667s] -- Up-to-date: /home/omzlette/gitROS/FRA333_LAB_HW/LAB3/install/xicro_interfaces/include/xicro_interfaces/msg/detail/vector3__rosidl_typesupport_introspection_cpp.hpp
[0.667s] -- Up-to-date: /home/omzlette/gitROS/FRA333_LAB_HW/LAB3/install/xicro_interfaces/include/xicro_interfaces/msg/detail/vector3__type_support.cpp
[0.668s] -- Up-to-date: /home/omzlette/gitROS/FRA333_LAB_HW/LAB3/install/xicro_interfaces/lib/libxicro_interfaces__rosidl_typesupport_introspection_cpp.so
[0.669s] -- Up-to-date: /home/omzlette/gitROS/FRA333_LAB_HW/LAB3/install/xicro_interfaces/lib/libxicro_interfaces__rosidl_typesupport_cpp.so
[0.669s] -- Up-to-date: /home/omzlette/gitROS/FRA333_LAB_HW/LAB3/install/xicro_interfaces/share/xicro_interfaces/environment/pythonpath.sh
[0.672s] -- Up-to-date: /home/omzlette/gitROS/FRA333_LAB_HW/LAB3/install/xicro_interfaces/share/xicro_interfaces/environment/pythonpath.dsv
[0.672s] -- Up-to-date: /home/omzlette/gitROS/FRA333_LAB_HW/LAB3/install/xicro_interfaces/lib/python3.8/site-packages/xicro_interfaces/__init__.py
[0.673s] -- Up-to-date: /home/omzlette/gitROS/FRA333_LAB_HW/LAB3/install/xicro_interfaces/lib/python3.8/site-packages/xicro_interfaces/msg
[0.674s] -- Up-to-date: /home/omzlette/gitROS/FRA333_LAB_HW/LAB3/install/xicro_interfaces/lib/python3.8/site-packages/xicro_interfaces/msg/_int64_s.c
[0.675s] -- Up-to-date: /home/omzlette/gitROS/FRA333_LAB_HW/LAB3/install/xicro_interfaces/lib/python3.8/site-packages/xicro_interfaces/msg/_time.py
[0.675s] -- Up-to-date: /home/omzlette/gitROS/FRA333_LAB_HW/LAB3/install/xicro_interfaces/lib/python3.8/site-packages/xicro_interfaces/msg/_pose_with_covariance.py
[0.676s] -- Up-to-date: /home/omzlette/gitROS/FRA333_LAB_HW/LAB3/install/xicro_interfaces/lib/python3.8/site-packages/xicro_interfaces/msg/_uint16_s.c
[0.676s] -- Up-to-date: /home/omzlette/gitROS/FRA333_LAB_HW/LAB3/install/xicro_interfaces/lib/python3.8/site-packages/xicro_interfaces/msg/_quaternion.py
[0.677s] -- Up-to-date: /home/omzlette/gitROS/FRA333_LAB_HW/LAB3/install/xicro_interfaces/lib/python3.8/site-packages/xicro_interfaces/msg/_pose2_d.py
[0.677s] -- Up-to-date: /home/omzlette/gitROS/FRA333_LAB_HW/LAB3/install/xicro_interfaces/lib/python3.8/site-packages/xicro_interfaces/msg/_header_s.c
[0.678s] -- Up-to-date: /home/omzlette/gitROS/FRA333_LAB_HW/LAB3/install/xicro_interfaces/lib/python3.8/site-packages/xicro_interfaces/msg/_int8_s.c
[0.678s] -- Up-to-date: /home/omzlette/gitROS/FRA333_LAB_HW/LAB3/install/xicro_interfaces/lib/python3.8/site-packages/xicro_interfaces/msg/_bool.py
[0.681s] -- Up-to-date: /home/omzlette/gitROS/FRA333_LAB_HW/LAB3/install/xicro_interfaces/lib/python3.8/site-packages/xicro_interfaces/msg/_vector3.py
[0.681s] -- Up-to-date: /home/omzlette/gitROS/FRA333_LAB_HW/LAB3/install/xicro_interfaces/lib/python3.8/site-packages/xicro_interfaces/msg/_pose_s.c
[0.681s] -- Up-to-date: /home/omzlette/gitROS/FRA333_LAB_HW/LAB3/install/xicro_interfaces/lib/python3.8/site-packages/xicro_interfaces/msg/_battery_state.py
[0.682s] -- Up-to-date: /home/omzlette/gitROS/FRA333_LAB_HW/LAB3/install/xicro_interfaces/lib/python3.8/site-packages/xicro_interfaces/msg/_uint32.py
[0.682s] -- Up-to-date: /home/omzlette/gitROS/FRA333_LAB_HW/LAB3/install/xicro_interfaces/lib/python3.8/site-packages/xicro_interfaces/msg/_int64.py
[0.682s] -- Up-to-date: /home/omzlette/gitROS/FRA333_LAB_HW/LAB3/install/xicro_interfaces/lib/python3.8/site-packages/xicro_interfaces/msg/_joint_state.py
[0.682s] -- Up-to-date: /home/omzlette/gitROS/FRA333_LAB_HW/LAB3/install/xicro_interfaces/lib/python3.8/site-packages/xicro_interfaces/msg/_int32_s.c
[0.682s] -- Up-to-date: /home/omzlette/gitROS/FRA333_LAB_HW/LAB3/install/xicro_interfaces/lib/python3.8/site-packages/xicro_interfaces/msg/_demo_output_s.c
[0.682s] -- Up-to-date: /home/omzlette/gitROS/FRA333_LAB_HW/LAB3/install/xicro_interfaces/lib/python3.8/site-packages/xicro_interfaces/msg/_point.py
[0.682s] -- Up-to-date: /home/omzlette/gitROS/FRA333_LAB_HW/LAB3/install/xicro_interfaces/lib/python3.8/site-packages/xicro_interfaces/msg/_demo_input_s.c
[0.682s] -- Up-to-date: /home/omzlette/gitROS/FRA333_LAB_HW/LAB3/install/xicro_interfaces/lib/python3.8/site-packages/xicro_interfaces/msg/_float32.py
[0.683s] -- Up-to-date: /home/omzlette/gitROS/FRA333_LAB_HW/LAB3/install/xicro_interfaces/lib/python3.8/site-packages/xicro_interfaces/msg/_uint64_s.c
[0.683s] -- Up-to-date: /home/omzlette/gitROS/FRA333_LAB_HW/LAB3/install/xicro_interfaces/lib/python3.8/site-packages/xicro_interfaces/msg/_uint8.py
[0.683s] -- Up-to-date: /home/omzlette/gitROS/FRA333_LAB_HW/LAB3/install/xicro_interfaces/lib/python3.8/site-packages/xicro_interfaces/msg/_twist.py
[0.683s] -- Up-to-date: /home/omzlette/gitROS/FRA333_LAB_HW/LAB3/install/xicro_interfaces/lib/python3.8/site-packages/xicro_interfaces/msg/_temperature.py
[0.683s] -- Up-to-date: /home/omzlette/gitROS/FRA333_LAB_HW/LAB3/install/xicro_interfaces/lib/python3.8/site-packages/xicro_interfaces/msg/_imu.py
[0.683s] -- Up-to-date: /home/omzlette/gitROS/FRA333_LAB_HW/LAB3/install/xicro_interfaces/lib/python3.8/site-packages/xicro_interfaces/msg/_pose_with_covariance_s.c
[0.683s] -- Up-to-date: /home/omzlette/gitROS/FRA333_LAB_HW/LAB3/install/xicro_interfaces/lib/python3.8/site-packages/xicro_interfaces/msg/_int32.py
[0.683s] -- Up-to-date: /home/omzlette/gitROS/FRA333_LAB_HW/LAB3/install/xicro_interfaces/lib/python3.8/site-packages/xicro_interfaces/msg/_int16.py
[0.683s] -- Up-to-date: /home/omzlette/gitROS/FRA333_LAB_HW/LAB3/install/xicro_interfaces/lib/python3.8/site-packages/xicro_interfaces/msg/_uint16.py
[0.683s] -- Up-to-date: /home/omzlette/gitROS/FRA333_LAB_HW/LAB3/install/xicro_interfaces/lib/python3.8/site-packages/xicro_interfaces/msg/_header.py
[0.683s] -- Up-to-date: /home/omzlette/gitROS/FRA333_LAB_HW/LAB3/install/xicro_interfaces/lib/python3.8/site-packages/xicro_interfaces/msg/_int8.py
[0.683s] -- Up-to-date: /home/omzlette/gitROS/FRA333_LAB_HW/LAB3/install/xicro_interfaces/lib/python3.8/site-packages/xicro_interfaces/msg/_uint8_s.c
[0.684s] -- Up-to-date: /home/omzlette/gitROS/FRA333_LAB_HW/LAB3/install/xicro_interfaces/lib/python3.8/site-packages/xicro_interfaces/msg/_vector3_s.c
[0.684s] -- Up-to-date: /home/omzlette/gitROS/FRA333_LAB_HW/LAB3/install/xicro_interfaces/lib/python3.8/site-packages/xicro_interfaces/msg/_pose2_d_s.c
[0.684s] -- Up-to-date: /home/omzlette/gitROS/FRA333_LAB_HW/LAB3/install/xicro_interfaces/lib/python3.8/site-packages/xicro_interfaces/msg/_uint32_s.c
[0.684s] -- Up-to-date: /home/omzlette/gitROS/FRA333_LAB_HW/LAB3/install/xicro_interfaces/lib/python3.8/site-packages/xicro_interfaces/msg/_point_s.c
[0.684s] -- Up-to-date: /home/omzlette/gitROS/FRA333_LAB_HW/LAB3/install/xicro_interfaces/lib/python3.8/site-packages/xicro_interfaces/msg/_joint_state_s.c
[0.684s] -- Up-to-date: /home/omzlette/gitROS/FRA333_LAB_HW/LAB3/install/xicro_interfaces/lib/python3.8/site-packages/xicro_interfaces/msg/_demo_input.py
[0.684s] -- Up-to-date: /home/omzlette/gitROS/FRA333_LAB_HW/LAB3/install/xicro_interfaces/lib/python3.8/site-packages/xicro_interfaces/msg/_time_s.c
[0.684s] -- Up-to-date: /home/omzlette/gitROS/FRA333_LAB_HW/LAB3/install/xicro_interfaces/lib/python3.8/site-packages/xicro_interfaces/msg/_pose.py
[0.685s] -- Up-to-date: /home/omzlette/gitROS/FRA333_LAB_HW/LAB3/install/xicro_interfaces/lib/python3.8/site-packages/xicro_interfaces/msg/_temperature_s.c
[0.685s] -- Up-to-date: /home/omzlette/gitROS/FRA333_LAB_HW/LAB3/install/xicro_interfaces/lib/python3.8/site-packages/xicro_interfaces/msg/_demo_output.py
[0.685s] -- Up-to-date: /home/omzlette/gitROS/FRA333_LAB_HW/LAB3/install/xicro_interfaces/lib/python3.8/site-packages/xicro_interfaces/msg/_quaternion_s.c
[0.685s] -- Up-to-date: /home/omzlette/gitROS/FRA333_LAB_HW/LAB3/install/xicro_interfaces/lib/python3.8/site-packages/xicro_interfaces/msg/_int16_s.c
[0.685s] -- Up-to-date: /home/omzlette/gitROS/FRA333_LAB_HW/LAB3/install/xicro_interfaces/lib/python3.8/site-packages/xicro_interfaces/msg/_uint64.py
[0.685s] -- Up-to-date: /home/omzlette/gitROS/FRA333_LAB_HW/LAB3/install/xicro_interfaces/lib/python3.8/site-packages/xicro_interfaces/msg/__init__.py
[0.685s] -- Up-to-date: /home/omzlette/gitROS/FRA333_LAB_HW/LAB3/install/xicro_interfaces/lib/python3.8/site-packages/xicro_interfaces/msg/_twist_s.c
[0.685s] -- Up-to-date: /home/omzlette/gitROS/FRA333_LAB_HW/LAB3/install/xicro_interfaces/lib/python3.8/site-packages/xicro_interfaces/msg/_battery_state_s.c
[0.685s] -- Up-to-date: /home/omzlette/gitROS/FRA333_LAB_HW/LAB3/install/xicro_interfaces/lib/python3.8/site-packages/xicro_interfaces/msg/_imu_s.c
[0.685s] -- Up-to-date: /home/omzlette/gitROS/FRA333_LAB_HW/LAB3/install/xicro_interfaces/lib/python3.8/site-packages/xicro_interfaces/msg/_bool_s.c
[0.686s] -- Up-to-date: /home/omzlette/gitROS/FRA333_LAB_HW/LAB3/install/xicro_interfaces/lib/python3.8/site-packages/xicro_interfaces/msg/_float32_s.c
[0.686s] -- Up-to-date: /home/omzlette/gitROS/FRA333_LAB_HW/LAB3/install/xicro_interfaces/lib/python3.8/site-packages/xicro_interfaces/xicro_interfaces_s__rosidl_typesupport_fastrtps_c.cpython-38-x86_64-linux-gnu.so
[0.686s] -- Up-to-date: /home/omzlette/gitROS/FRA333_LAB_HW/LAB3/install/xicro_interfaces/lib/python3.8/site-packages/xicro_interfaces/xicro_interfaces_s__rosidl_typesupport_introspection_c.cpython-38-x86_64-linux-gnu.so
[0.686s] -- Up-to-date: /home/omzlette/gitROS/FRA333_LAB_HW/LAB3/install/xicro_interfaces/lib/python3.8/site-packages/xicro_interfaces/xicro_interfaces_s__rosidl_typesupport_c.cpython-38-x86_64-linux-gnu.so
[0.686s] -- Up-to-date: /home/omzlette/gitROS/FRA333_LAB_HW/LAB3/install/xicro_interfaces/lib/libxicro_interfaces__python.so
[0.686s] -- Up-to-date: /home/omzlette/gitROS/FRA333_LAB_HW/LAB3/install/xicro_interfaces/share/xicro_interfaces/msg/Bool.idl
[0.686s] -- Up-to-date: /home/omzlette/gitROS/FRA333_LAB_HW/LAB3/install/xicro_interfaces/share/xicro_interfaces/msg/Uint8.idl
[0.687s] -- Up-to-date: /home/omzlette/gitROS/FRA333_LAB_HW/LAB3/install/xicro_interfaces/share/xicro_interfaces/msg/Uint16.idl
[0.687s] -- Up-to-date: /home/omzlette/gitROS/FRA333_LAB_HW/LAB3/install/xicro_interfaces/share/xicro_interfaces/msg/Uint32.idl
[0.687s] -- Up-to-date: /home/omzlette/gitROS/FRA333_LAB_HW/LAB3/install/xicro_interfaces/share/xicro_interfaces/msg/Uint64.idl
[0.687s] -- Up-to-date: /home/omzlette/gitROS/FRA333_LAB_HW/LAB3/install/xicro_interfaces/share/xicro_interfaces/msg/Int8.idl
[0.687s] -- Up-to-date: /home/omzlette/gitROS/FRA333_LAB_HW/LAB3/install/xicro_interfaces/share/xicro_interfaces/msg/Int16.idl
[0.687s] -- Up-to-date: /home/omzlette/gitROS/FRA333_LAB_HW/LAB3/install/xicro_interfaces/share/xicro_interfaces/msg/Int32.idl
[0.687s] -- Up-to-date: /home/omzlette/gitROS/FRA333_LAB_HW/LAB3/install/xicro_interfaces/share/xicro_interfaces/msg/Int64.idl
[0.688s] -- Up-to-date: /home/omzlette/gitROS/FRA333_LAB_HW/LAB3/install/xicro_interfaces/share/xicro_interfaces/msg/Float32.idl
[0.688s] -- Up-to-date: /home/omzlette/gitROS/FRA333_LAB_HW/LAB3/install/xicro_interfaces/share/xicro_interfaces/msg/Imu.idl
[0.688s] -- Up-to-date: /home/omzlette/gitROS/FRA333_LAB_HW/LAB3/install/xicro_interfaces/share/xicro_interfaces/msg/BatteryState.idl
[0.688s] -- Up-to-date: /home/omzlette/gitROS/FRA333_LAB_HW/LAB3/install/xicro_interfaces/share/xicro_interfaces/msg/JointState.idl
[0.688s] -- Up-to-date: /home/omzlette/gitROS/FRA333_LAB_HW/LAB3/install/xicro_interfaces/share/xicro_interfaces/msg/Temperature.idl
[0.688s] -- Up-to-date: /home/omzlette/gitROS/FRA333_LAB_HW/LAB3/install/xicro_interfaces/share/xicro_interfaces/msg/Point.idl
[0.688s] -- Up-to-date: /home/omzlette/gitROS/FRA333_LAB_HW/LAB3/install/xicro_interfaces/share/xicro_interfaces/msg/Pose.idl
[0.689s] -- Up-to-date: /home/omzlette/gitROS/FRA333_LAB_HW/LAB3/install/xicro_interfaces/share/xicro_interfaces/msg/PoseWithCovariance.idl
[0.689s] -- Up-to-date: /home/omzlette/gitROS/FRA333_LAB_HW/LAB3/install/xicro_interfaces/share/xicro_interfaces/msg/Quaternion.idl
[0.689s] -- Up-to-date: /home/omzlette/gitROS/FRA333_LAB_HW/LAB3/install/xicro_interfaces/share/xicro_interfaces/msg/Pose2D.idl
[0.689s] -- Up-to-date: /home/omzlette/gitROS/FRA333_LAB_HW/LAB3/install/xicro_interfaces/share/xicro_interfaces/msg/Twist.idl
[0.689s] -- Up-to-date: /home/omzlette/gitROS/FRA333_LAB_HW/LAB3/install/xicro_interfaces/share/xicro_interfaces/msg/DemoInput.idl
[0.689s] -- Up-to-date: /home/omzlette/gitROS/FRA333_LAB_HW/LAB3/install/xicro_interfaces/share/xicro_interfaces/msg/DemoOutput.idl
[0.689s] -- Up-to-date: /home/omzlette/gitROS/FRA333_LAB_HW/LAB3/install/xicro_interfaces/share/xicro_interfaces/msg/Vector3.idl
[0.690s] -- Up-to-date: /home/omzlette/gitROS/FRA333_LAB_HW/LAB3/install/xicro_interfaces/share/xicro_interfaces/msg/Time.idl
[0.690s] -- Up-to-date: /home/omzlette/gitROS/FRA333_LAB_HW/LAB3/install/xicro_interfaces/share/xicro_interfaces/msg/Header.idl
[0.690s] -- Up-to-date: /home/omzlette/gitROS/FRA333_LAB_HW/LAB3/install/xicro_interfaces/share/xicro_interfaces/msg/Bool.msg
[0.690s] -- Up-to-date: /home/omzlette/gitROS/FRA333_LAB_HW/LAB3/install/xicro_interfaces/share/xicro_interfaces/msg/Uint8.msg
[0.690s] -- Up-to-date: /home/omzlette/gitROS/FRA333_LAB_HW/LAB3/install/xicro_interfaces/share/xicro_interfaces/msg/Uint16.msg
[0.690s] -- Up-to-date: /home/omzlette/gitROS/FRA333_LAB_HW/LAB3/install/xicro_interfaces/share/xicro_interfaces/msg/Uint32.msg
[0.690s] -- Up-to-date: /home/omzlette/gitROS/FRA333_LAB_HW/LAB3/install/xicro_interfaces/share/xicro_interfaces/msg/Uint64.msg
[0.691s] -- Up-to-date: /home/omzlette/gitROS/FRA333_LAB_HW/LAB3/install/xicro_interfaces/share/xicro_interfaces/msg/Int8.msg
[0.691s] -- Up-to-date: /home/omzlette/gitROS/FRA333_LAB_HW/LAB3/install/xicro_interfaces/share/xicro_interfaces/msg/Int16.msg
[0.691s] -- Up-to-date: /home/omzlette/gitROS/FRA333_LAB_HW/LAB3/install/xicro_interfaces/share/xicro_interfaces/msg/Int32.msg
[0.691s] -- Up-to-date: /home/omzlette/gitROS/FRA333_LAB_HW/LAB3/install/xicro_interfaces/share/xicro_interfaces/msg/Int64.msg
[0.691s] -- Up-to-date: /home/omzlette/gitROS/FRA333_LAB_HW/LAB3/install/xicro_interfaces/share/xicro_interfaces/msg/Float32.msg
[0.691s] -- Up-to-date: /home/omzlette/gitROS/FRA333_LAB_HW/LAB3/install/xicro_interfaces/share/xicro_interfaces/msg/Imu.msg
[0.692s] -- Up-to-date: /home/omzlette/gitROS/FRA333_LAB_HW/LAB3/install/xicro_interfaces/share/xicro_interfaces/msg/BatteryState.msg
[0.692s] -- Up-to-date: /home/omzlette/gitROS/FRA333_LAB_HW/LAB3/install/xicro_interfaces/share/xicro_interfaces/msg/JointState.msg
[0.692s] -- Up-to-date: /home/omzlette/gitROS/FRA333_LAB_HW/LAB3/install/xicro_interfaces/share/xicro_interfaces/msg/Temperature.msg
[0.692s] -- Up-to-date: /home/omzlette/gitROS/FRA333_LAB_HW/LAB3/install/xicro_interfaces/share/xicro_interfaces/msg/Point.msg
[0.692s] -- Up-to-date: /home/omzlette/gitROS/FRA333_LAB_HW/LAB3/install/xicro_interfaces/share/xicro_interfaces/msg/Pose.msg
[0.692s] -- Up-to-date: /home/omzlette/gitROS/FRA333_LAB_HW/LAB3/install/xicro_interfaces/share/xicro_interfaces/msg/PoseWithCovariance.msg
[0.692s] -- Up-to-date: /home/omzlette/gitROS/FRA333_LAB_HW/LAB3/install/xicro_interfaces/share/xicro_interfaces/msg/Quaternion.msg
[0.693s] -- Up-to-date: /home/omzlette/gitROS/FRA333_LAB_HW/LAB3/install/xicro_interfaces/share/xicro_interfaces/msg/Pose2D.msg
[0.693s] -- Up-to-date: /home/omzlette/gitROS/FRA333_LAB_HW/LAB3/install/xicro_interfaces/share/xicro_interfaces/msg/Twist.msg
[0.693s] -- Up-to-date: /home/omzlette/gitROS/FRA333_LAB_HW/LAB3/install/xicro_interfaces/share/xicro_interfaces/msg/DemoInput.msg
[0.693s] -- Up-to-date: /home/omzlette/gitROS/FRA333_LAB_HW/LAB3/install/xicro_interfaces/share/xicro_interfaces/msg/DemoOutput.msg
[0.693s] -- Up-to-date: /home/omzlette/gitROS/FRA333_LAB_HW/LAB3/install/xicro_interfaces/share/xicro_interfaces/msg/Vector3.msg
[0.694s] -- Up-to-date: /home/omzlette/gitROS/FRA333_LAB_HW/LAB3/install/xicro_interfaces/share/xicro_interfaces/msg/Time.msg
[0.694s] -- Up-to-date: /home/omzlette/gitROS/FRA333_LAB_HW/LAB3/install/xicro_interfaces/share/xicro_interfaces/msg/Header.msg
[0.694s] -- Up-to-date: /home/omzlette/gitROS/FRA333_LAB_HW/LAB3/install/xicro_interfaces/share/ament_index/resource_index/package_run_dependencies/xicro_interfaces
[0.694s] -- Up-to-date: /home/omzlette/gitROS/FRA333_LAB_HW/LAB3/install/xicro_interfaces/share/ament_index/resource_index/parent_prefix_path/xicro_interfaces
[0.694s] -- Up-to-date: /home/omzlette/gitROS/FRA333_LAB_HW/LAB3/install/xicro_interfaces/share/xicro_interfaces/environment/ament_prefix_path.sh
[0.694s] -- Up-to-date: /home/omzlette/gitROS/FRA333_LAB_HW/LAB3/install/xicro_interfaces/share/xicro_interfaces/environment/ament_prefix_path.dsv
[0.694s] -- Up-to-date: /home/omzlette/gitROS/FRA333_LAB_HW/LAB3/install/xicro_interfaces/share/xicro_interfaces/environment/path.sh
[0.695s] -- Up-to-date: /home/omzlette/gitROS/FRA333_LAB_HW/LAB3/install/xicro_interfaces/share/xicro_interfaces/environment/path.dsv
[0.695s] -- Up-to-date: /home/omzlette/gitROS/FRA333_LAB_HW/LAB3/install/xicro_interfaces/share/xicro_interfaces/local_setup.bash
[0.695s] -- Up-to-date: /home/omzlette/gitROS/FRA333_LAB_HW/LAB3/install/xicro_interfaces/share/xicro_interfaces/local_setup.sh
[0.695s] -- Up-to-date: /home/omzlette/gitROS/FRA333_LAB_HW/LAB3/install/xicro_interfaces/share/xicro_interfaces/local_setup.zsh
[0.695s] -- Up-to-date: /home/omzlette/gitROS/FRA333_LAB_HW/LAB3/install/xicro_interfaces/share/xicro_interfaces/local_setup.dsv
[0.695s] -- Installing: /home/omzlette/gitROS/FRA333_LAB_HW/LAB3/install/xicro_interfaces/share/xicro_interfaces/package.dsv
[0.695s] -- Up-to-date: /home/omzlette/gitROS/FRA333_LAB_HW/LAB3/install/xicro_interfaces/share/ament_index/resource_index/packages/xicro_interfaces
[0.695s] -- Up-to-date: /home/omzlette/gitROS/FRA333_LAB_HW/LAB3/install/xicro_interfaces/share/xicro_interfaces/cmake/xicro_interfaces__rosidl_generator_cExport.cmake
[0.696s] -- Up-to-date: /home/omzlette/gitROS/FRA333_LAB_HW/LAB3/install/xicro_interfaces/share/xicro_interfaces/cmake/xicro_interfaces__rosidl_generator_cExport-noconfig.cmake
[0.696s] -- Up-to-date: /home/omzlette/gitROS/FRA333_LAB_HW/LAB3/install/xicro_interfaces/share/xicro_interfaces/cmake/xicro_interfaces__rosidl_typesupport_introspection_cExport.cmake
[0.696s] -- Up-to-date: /home/omzlette/gitROS/FRA333_LAB_HW/LAB3/install/xicro_interfaces/share/xicro_interfaces/cmake/xicro_interfaces__rosidl_typesupport_introspection_cExport-noconfig.cmake
[0.696s] -- Up-to-date: /home/omzlette/gitROS/FRA333_LAB_HW/LAB3/install/xicro_interfaces/share/xicro_interfaces/cmake/xicro_interfaces__rosidl_typesupport_cExport.cmake
[0.696s] -- Up-to-date: /home/omzlette/gitROS/FRA333_LAB_HW/LAB3/install/xicro_interfaces/share/xicro_interfaces/cmake/xicro_interfaces__rosidl_typesupport_cExport-noconfig.cmake
[0.696s] -- Up-to-date: /home/omzlette/gitROS/FRA333_LAB_HW/LAB3/install/xicro_interfaces/share/xicro_interfaces/cmake/xicro_interfaces__rosidl_generator_cppExport.cmake
[0.697s] -- Up-to-date: /home/omzlette/gitROS/FRA333_LAB_HW/LAB3/install/xicro_interfaces/share/xicro_interfaces/cmake/xicro_interfaces__rosidl_typesupport_introspection_cppExport.cmake
[0.697s] -- Up-to-date: /home/omzlette/gitROS/FRA333_LAB_HW/LAB3/install/xicro_interfaces/share/xicro_interfaces/cmake/xicro_interfaces__rosidl_typesupport_introspection_cppExport-noconfig.cmake
[0.697s] -- Up-to-date: /home/omzlette/gitROS/FRA333_LAB_HW/LAB3/install/xicro_interfaces/share/xicro_interfaces/cmake/xicro_interfaces__rosidl_typesupport_cppExport.cmake
[0.697s] -- Up-to-date: /home/omzlette/gitROS/FRA333_LAB_HW/LAB3/install/xicro_interfaces/share/xicro_interfaces/cmake/xicro_interfaces__rosidl_typesupport_cppExport-noconfig.cmake
[0.697s] -- Up-to-date: /home/omzlette/gitROS/FRA333_LAB_HW/LAB3/install/xicro_interfaces/share/xicro_interfaces/cmake/rosidl_cmake-extras.cmake
[0.697s] -- Up-to-date: /home/omzlette/gitROS/FRA333_LAB_HW/LAB3/install/xicro_interfaces/share/xicro_interfaces/cmake/ament_cmake_export_dependencies-extras.cmake
[0.697s] -- Up-to-date: /home/omzlette/gitROS/FRA333_LAB_HW/LAB3/install/xicro_interfaces/share/xicro_interfaces/cmake/ament_cmake_export_libraries-extras.cmake
[0.697s] -- Up-to-date: /home/omzlette/gitROS/FRA333_LAB_HW/LAB3/install/xicro_interfaces/share/xicro_interfaces/cmake/ament_cmake_export_targets-extras.cmake
[0.698s] -- Up-to-date: /home/omzlette/gitROS/FRA333_LAB_HW/LAB3/install/xicro_interfaces/share/xicro_interfaces/cmake/ament_cmake_export_include_directories-extras.cmake
[0.698s] -- Up-to-date: /home/omzlette/gitROS/FRA333_LAB_HW/LAB3/install/xicro_interfaces/share/xicro_interfaces/cmake/rosidl_cmake_export_typesupport_libraries-extras.cmake
[0.698s] -- Up-to-date: /home/omzlette/gitROS/FRA333_LAB_HW/LAB3/install/xicro_interfaces/share/xicro_interfaces/cmake/rosidl_cmake_export_typesupport_targets-extras.cmake
[0.698s] -- Up-to-date: /home/omzlette/gitROS/FRA333_LAB_HW/LAB3/install/xicro_interfaces/share/xicro_interfaces/cmake/xicro_interfacesConfig.cmake
[0.698s] -- Up-to-date: /home/omzlette/gitROS/FRA333_LAB_HW/LAB3/install/xicro_interfaces/share/xicro_interfaces/cmake/xicro_interfacesConfig-version.cmake
[0.698s] -- Up-to-date: /home/omzlette/gitROS/FRA333_LAB_HW/LAB3/install/xicro_interfaces/share/xicro_interfaces/package.xml
[0.698s] Invoked command in '/home/omzlette/gitROS/FRA333_LAB_HW/LAB3/build/xicro_interfaces' returned '0': CMAKE_PREFIX_PATH=${CMAKE_PREFIX_PATH}:/opt/ros/foxy /usr/bin/cmake --install /home/omzlette/gitROS/FRA333_LAB_HW/LAB3/build/xicro_interfaces
