[0.016s] Invoking command in '/home/omzlette/gitRos/LAB1_WS/build/lab1_interfaces': CMAKE_PREFIX_PATH=${CMAKE_PREFIX_PATH}:/opt/ros/foxy /usr/bin/cmake /home/omzlette/gitRos/LAB1_WS/src/lab1_interfaces -DCMAKE_INSTALL_PREFIX=/home/omzlette/gitRos/LAB1_WS/install/lab1_interfaces
[0.025s] -- Found ament_cmake: 0.9.9 (/opt/ros/foxy/share/ament_cmake/cmake)
[0.041s] -- Found PythonInterp: /usr/bin/python3 (found suitable version "3.8.10", minimum required is "3") 
[0.041s] -- Using PYTHON_EXECUTABLE: /usr/bin/python3
[0.172s] -- Override CMake install command with custom implementation using symlinks instead of copying resources
[0.178s] -- Found ament_lint_auto: 0.9.6 (/opt/ros/foxy/share/ament_lint_auto/cmake)
[0.223s] -- Found rosidl_default_generators: 1.0.1 (/opt/ros/foxy/share/rosidl_default_generators/cmake)
[0.224s] -- Using all available rosidl_typesupport_c: rosidl_typesupport_fastrtps_c;rosidl_typesupport_introspection_c
[0.227s] -- Found rosidl_adapter: 1.2.1 (/opt/ros/foxy/share/rosidl_adapter/cmake)
[0.321s] -- Using all available rosidl_typesupport_cpp: rosidl_typesupport_fastrtps_cpp;rosidl_typesupport_introspection_cpp
[0.339s] -- Found std_msgs: 2.0.5 (/opt/ros/foxy/share/std_msgs/cmake)
[0.379s] -- Found PythonInterp: /usr/bin/python3 (found version "3.8.10") 
[0.451s] -- Found ament_cmake_ros: 0.9.2 (/opt/ros/foxy/share/ament_cmake_ros/cmake)
[0.597s] -- Using all available rosidl_typesupport_c: rosidl_typesupport_fastrtps_c;rosidl_typesupport_introspection_c
[0.652s] -- Using all available rosidl_typesupport_cpp: rosidl_typesupport_fastrtps_cpp;rosidl_typesupport_introspection_cpp
[0.672s] -- Found PythonInterp: /usr/bin/python3 (found suitable version "3.8.10", minimum required is "3.5") 
[0.672s] -- Found python_cmake_module: 0.8.1 (/opt/ros/foxy/share/python_cmake_module/cmake)
[0.689s] -- Using PYTHON_EXECUTABLE: /usr/bin/python3
[0.689s] -- Using PYTHON_INCLUDE_DIRS: /usr/include/python3.8
[0.689s] -- Using PYTHON_LIBRARIES: /usr/lib/x86_64-linux-gnu/libpython3.8.so
[0.724s] -- Added test 'copyright' to check source files copyright and LICENSE
[0.725s] -- Added test 'lint_cmake' to check CMake code style
[0.725s] -- Added test 'xmllint' to check XML markup files
[0.731s] -- Configuring done
[0.765s] -- Generating done
[0.768s] -- Build files have been written to: /home/omzlette/gitRos/LAB1_WS/build/lab1_interfaces
