[0.015s] Invoking command in '/home/omzlette/gitRos/LAB1_WS/build/lab1_interfaces': CMAKE_PREFIX_PATH=${CMAKE_PREFIX_PATH}:/opt/ros/foxy /usr/bin/cmake --build /home/omzlette/gitRos/LAB1_WS/build/lab1_interfaces -- -j12 -l12
[0.032s] -- Found ament_cmake: 0.9.9 (/opt/ros/foxy/share/ament_cmake/cmake)
[0.048s] -- Found PythonInterp: /usr/bin/python3 (found suitable version "3.8.10", minimum required is "3") 
[0.049s] -- Using PYTHON_EXECUTABLE: /usr/bin/python3
[0.179s] -- Override CMake install command with custom implementation using symlinks instead of copying resources
[0.185s] -- Found ament_lint_auto: 0.9.6 (/opt/ros/foxy/share/ament_lint_auto/cmake)
[0.226s] -- Found rosidl_default_generators: 1.0.1 (/opt/ros/foxy/share/rosidl_default_generators/cmake)
[0.228s] -- Using all available rosidl_typesupport_c: rosidl_typesupport_fastrtps_c;rosidl_typesupport_introspection_c
[0.230s] -- Found rosidl_adapter: 1.2.1 (/opt/ros/foxy/share/rosidl_adapter/cmake)
[0.326s] -- Using all available rosidl_typesupport_cpp: rosidl_typesupport_fastrtps_cpp;rosidl_typesupport_introspection_cpp
[0.343s] -- Found std_msgs: 2.0.5 (/opt/ros/foxy/share/std_msgs/cmake)
[0.383s] -- Found PythonInterp: /usr/bin/python3 (found version "3.8.10") 
[0.458s] -- Found ament_cmake_ros: 0.9.2 (/opt/ros/foxy/share/ament_cmake_ros/cmake)
[0.591s] -- Using all available rosidl_typesupport_c: rosidl_typesupport_fastrtps_c;rosidl_typesupport_introspection_c
[0.640s] -- Using all available rosidl_typesupport_cpp: rosidl_typesupport_fastrtps_cpp;rosidl_typesupport_introspection_cpp
[0.658s] -- Found PythonInterp: /usr/bin/python3 (found suitable version "3.8.10", minimum required is "3.5") 
[0.658s] -- Found python_cmake_module: 0.8.1 (/opt/ros/foxy/share/python_cmake_module/cmake)
[0.675s] -- Using PYTHON_EXECUTABLE: /usr/bin/python3
[0.675s] -- Using PYTHON_INCLUDE_DIRS: /usr/include/python3.8
[0.676s] -- Using PYTHON_LIBRARIES: /usr/lib/x86_64-linux-gnu/libpython3.8.so
[0.708s] -- Added test 'copyright' to check source files copyright and LICENSE
[0.709s] -- Added test 'lint_cmake' to check CMake code style
[0.710s] -- Added test 'xmllint' to check XML markup files
[0.715s] -- Configuring done
[0.746s] -- Generating done
[0.749s] -- Build files have been written to: /home/omzlette/gitRos/LAB1_WS/build/lab1_interfaces
[0.767s] [  3%] [34m[1mGenerating C code for ROS interfaces[0m
[0.774s] [  6%] [34m[1mGenerating C++ code for ROS interfaces[0m
[0.984s] [  6%] Built target lab1_interfaces__cpp
[0.992s] [ 16%] [34m[1mGenerating C++ type support for eProsima Fast-RTPS[0m
[0.992s] [ 16%] [34m[1mGenerating C++ type support dispatch for ROS interfaces[0m
[0.992s] [ 16%] [34m[1mGenerating C++ introspection for ROS interfaces[0m
[1.021s] [35m[1mScanning dependencies of target lab1_interfaces__rosidl_generator_c[0m
[1.031s] [ 19%] [32mBuilding C object CMakeFiles/lab1_interfaces__rosidl_generator_c.dir/rosidl_generator_c/lab1_interfaces/srv/detail/set_noise__functions.c.o[0m
[1.067s] [ 22%] [32m[1mLinking C shared library liblab1_interfaces__rosidl_generator_c.so[0m
[1.098s] [ 22%] Built target lab1_interfaces__rosidl_generator_c
[1.107s] [ 25%] [34m[1mGenerating C introspection for ROS interfaces[0m
[1.110s] [ 29%] [34m[1mGenerating C type support dispatch for ROS interfaces[0m
[1.203s] [35m[1mScanning dependencies of target lab1_interfaces__rosidl_typesupport_introspection_cpp[0m
[1.213s] [ 32%] [32mBuilding CXX object CMakeFiles/lab1_interfaces__rosidl_typesupport_introspection_cpp.dir/rosidl_typesupport_introspection_cpp/lab1_interfaces/srv/detail/set_noise__type_support.cpp.o[0m
[1.233s] [35m[1mScanning dependencies of target lab1_interfaces__rosidl_typesupport_cpp[0m
[1.243s] [ 35%] [32mBuilding CXX object CMakeFiles/lab1_interfaces__rosidl_typesupport_cpp.dir/rosidl_typesupport_cpp/lab1_interfaces/srv/set_noise__type_support.cpp.o[0m
[1.266s] [35m[1mScanning dependencies of target lab1_interfaces__rosidl_typesupport_fastrtps_cpp[0m
[1.280s] [ 38%] [32mBuilding CXX object CMakeFiles/lab1_interfaces__rosidl_typesupport_fastrtps_cpp.dir/rosidl_typesupport_fastrtps_cpp/lab1_interfaces/srv/detail/dds_fastrtps/set_noise__type_support.cpp.o[0m
[1.315s] [35m[1mScanning dependencies of target lab1_interfaces__rosidl_typesupport_c[0m
[1.318s] [35m[1mScanning dependencies of target lab1_interfaces__rosidl_typesupport_introspection_c[0m
[1.328s] [ 41%] [32mBuilding CXX object CMakeFiles/lab1_interfaces__rosidl_typesupport_c.dir/rosidl_typesupport_c/lab1_interfaces/srv/set_noise__type_support.cpp.o[0m
[1.329s] [ 45%] [32mBuilding C object CMakeFiles/lab1_interfaces__rosidl_typesupport_introspection_c.dir/rosidl_typesupport_introspection_c/lab1_interfaces/srv/detail/set_noise__type_support.c.o[0m
[1.353s] [ 48%] [32m[1mLinking CXX shared library liblab1_interfaces__rosidl_typesupport_c.so[0m
[1.357s] [ 51%] [32m[1mLinking C shared library liblab1_interfaces__rosidl_typesupport_introspection_c.so[0m
[1.384s] [ 51%] Built target lab1_interfaces__rosidl_typesupport_introspection_c
[1.386s] [ 51%] Built target lab1_interfaces__rosidl_typesupport_c
[1.472s] [ 54%] [32m[1mLinking CXX shared library liblab1_interfaces__rosidl_typesupport_introspection_cpp.so[0m
[1.505s] [ 58%] [32m[1mLinking CXX shared library liblab1_interfaces__rosidl_typesupport_cpp.so[0m
[1.528s] [ 58%] Built target lab1_interfaces__rosidl_typesupport_introspection_cpp
[1.539s] [ 58%] Built target lab1_interfaces__rosidl_typesupport_cpp
[1.650s] [ 61%] [32m[1mLinking CXX shared library liblab1_interfaces__rosidl_typesupport_fastrtps_cpp.so[0m
[1.723s] [ 61%] Built target lab1_interfaces__rosidl_typesupport_fastrtps_cpp
[1.732s] [ 64%] [34m[1mGenerating C type support for eProsima Fast-RTPS[0m
[1.909s] [35m[1mScanning dependencies of target lab1_interfaces__rosidl_typesupport_fastrtps_c[0m
[1.920s] [ 67%] [32mBuilding CXX object CMakeFiles/lab1_interfaces__rosidl_typesupport_fastrtps_c.dir/rosidl_typesupport_fastrtps_c/lab1_interfaces/srv/detail/set_noise__type_support_c.cpp.o[0m
[2.185s] [ 70%] [32m[1mLinking CXX shared library liblab1_interfaces__rosidl_typesupport_fastrtps_c.so[0m
[2.246s] [ 70%] Built target lab1_interfaces__rosidl_typesupport_fastrtps_c
[2.260s] [ 70%] Built target lab1_interfaces
[2.274s] [ 74%] [34m[1mGenerating Python code for ROS interfaces[0m
[2.610s] [ 74%] Built target lab1_interfaces__py
[2.617s] [35m[1mScanning dependencies of target lab1_interfaces__python[0m
[2.628s] [ 77%] [32mBuilding C object CMakeFiles/lab1_interfaces__python.dir/rosidl_generator_py/lab1_interfaces/srv/_set_noise_s.c.o[0m
[2.694s] [ 80%] [32m[1mLinking C shared library rosidl_generator_py/lab1_interfaces/liblab1_interfaces__python.so[0m
[2.724s] [ 80%] Built target lab1_interfaces__python
[2.731s] [35m[1mScanning dependencies of target lab1_interfaces__rosidl_typesupport_introspection_c__pyext[0m
[2.732s] [35m[1mScanning dependencies of target lab1_interfaces__rosidl_typesupport_c__pyext[0m
[2.732s] [35m[1mScanning dependencies of target lab1_interfaces__rosidl_typesupport_fastrtps_c__pyext[0m
[2.742s] [ 87%] [32mBuilding C object CMakeFiles/lab1_interfaces__rosidl_typesupport_c__pyext.dir/rosidl_generator_py/lab1_interfaces/_lab1_interfaces_s.ep.rosidl_typesupport_c.c.o[0m
[2.742s] [ 87%] [32mBuilding C object CMakeFiles/lab1_interfaces__rosidl_typesupport_introspection_c__pyext.dir/rosidl_generator_py/lab1_interfaces/_lab1_interfaces_s.ep.rosidl_typesupport_introspection_c.c.o[0m
[2.743s] [ 90%] [32mBuilding C object CMakeFiles/lab1_interfaces__rosidl_typesupport_fastrtps_c__pyext.dir/rosidl_generator_py/lab1_interfaces/_lab1_interfaces_s.ep.rosidl_typesupport_fastrtps_c.c.o[0m
[2.803s] [100%] [32m[1mLinking C shared library rosidl_generator_py/lab1_interfaces/lab1_interfaces_s__rosidl_typesupport_introspection_c.cpython-38-x86_64-linux-gnu.so[0m
[2.803s] [100%] [32m[1mLinking CXX shared library rosidl_generator_py/lab1_interfaces/lab1_interfaces_s__rosidl_typesupport_fastrtps_c.cpython-38-x86_64-linux-gnu.so[0m
[2.803s] [100%] [32m[1mLinking C shared library rosidl_generator_py/lab1_interfaces/lab1_interfaces_s__rosidl_typesupport_c.cpython-38-x86_64-linux-gnu.so[0m
[2.832s] [100%] Built target lab1_interfaces__rosidl_typesupport_introspection_c__pyext
[2.832s] [100%] Built target lab1_interfaces__rosidl_typesupport_c__pyext
[2.855s] [100%] Built target lab1_interfaces__rosidl_typesupport_fastrtps_c__pyext
[2.863s] Invoked command in '/home/omzlette/gitRos/LAB1_WS/build/lab1_interfaces' returned '0': CMAKE_PREFIX_PATH=${CMAKE_PREFIX_PATH}:/opt/ros/foxy /usr/bin/cmake --build /home/omzlette/gitRos/LAB1_WS/build/lab1_interfaces -- -j12 -l12
[2.895s] Invoking command in '/home/omzlette/gitRos/LAB1_WS/build/lab1_interfaces': CMAKE_PREFIX_PATH=${CMAKE_PREFIX_PATH}:/opt/ros/foxy /usr/bin/cmake --install /home/omzlette/gitRos/LAB1_WS/build/lab1_interfaces
[2.901s] -- Install configuration: ""
[2.901s] -- Execute custom install script
[2.901s] -- Up-to-date symlink: /home/omzlette/gitRos/LAB1_WS/install/lab1_interfaces/share/ament_index/resource_index/rosidl_interfaces/lab1_interfaces
[2.902s] -- Up-to-date symlink: /home/omzlette/gitRos/LAB1_WS/install/lab1_interfaces/include/lab1_interfaces/msg/rosidl_generator_c__visibility_control.h
[2.902s] -- Up-to-date symlink: /home/omzlette/gitRos/LAB1_WS/install/lab1_interfaces/include/lab1_interfaces/srv/detail/set_noise__functions.h
[2.902s] -- Up-to-date symlink: /home/omzlette/gitRos/LAB1_WS/install/lab1_interfaces/include/lab1_interfaces/srv/detail/set_noise__struct.h
[2.902s] -- Up-to-date symlink: /home/omzlette/gitRos/LAB1_WS/install/lab1_interfaces/include/lab1_interfaces/srv/detail/set_noise__type_support.h
[2.902s] -- Up-to-date symlink: /home/omzlette/gitRos/LAB1_WS/install/lab1_interfaces/include/lab1_interfaces/srv/set_noise.h
[2.903s] -- Up-to-date symlink: /home/omzlette/gitRos/LAB1_WS/install/lab1_interfaces/share/lab1_interfaces/environment/library_path.sh
[2.903s] -- Up-to-date symlink: /home/omzlette/gitRos/LAB1_WS/install/lab1_interfaces/share/lab1_interfaces/environment/library_path.dsv
[2.903s] -- Up-to-date symlink: /home/omzlette/gitRos/LAB1_WS/install/lab1_interfaces/include/lab1_interfaces/msg/rosidl_typesupport_fastrtps_c__visibility_control.h
[2.903s] -- Up-to-date symlink: /home/omzlette/gitRos/LAB1_WS/install/lab1_interfaces/include/lab1_interfaces/srv/detail/set_noise__rosidl_typesupport_fastrtps_c.h
[2.904s] -- Up-to-date symlink: /home/omzlette/gitRos/LAB1_WS/install/lab1_interfaces/lib/liblab1_interfaces__rosidl_typesupport_fastrtps_c.so
[2.904s] -- Up-to-date symlink: /home/omzlette/gitRos/LAB1_WS/install/lab1_interfaces/include/lab1_interfaces/msg/rosidl_typesupport_fastrtps_cpp__visibility_control.h
[2.904s] -- Up-to-date symlink: /home/omzlette/gitRos/LAB1_WS/install/lab1_interfaces/include/lab1_interfaces/srv/detail/set_noise__rosidl_typesupport_fastrtps_cpp.hpp
[2.905s] -- Up-to-date symlink: /home/omzlette/gitRos/LAB1_WS/install/lab1_interfaces/lib/liblab1_interfaces__rosidl_typesupport_fastrtps_cpp.so
[2.905s] -- Up-to-date symlink: /home/omzlette/gitRos/LAB1_WS/install/lab1_interfaces/include/lab1_interfaces/msg/rosidl_typesupport_introspection_c__visibility_control.h
[2.905s] -- Up-to-date symlink: /home/omzlette/gitRos/LAB1_WS/install/lab1_interfaces/include/lab1_interfaces/srv/detail/set_noise__rosidl_typesupport_introspection_c.h
[2.905s] -- Up-to-date symlink: /home/omzlette/gitRos/LAB1_WS/install/lab1_interfaces/include/lab1_interfaces/srv/detail/set_noise__builder.hpp
[2.905s] -- Up-to-date symlink: /home/omzlette/gitRos/LAB1_WS/install/lab1_interfaces/include/lab1_interfaces/srv/detail/set_noise__struct.hpp
[2.906s] -- Up-to-date symlink: /home/omzlette/gitRos/LAB1_WS/install/lab1_interfaces/include/lab1_interfaces/srv/detail/set_noise__traits.hpp
[2.906s] -- Up-to-date symlink: /home/omzlette/gitRos/LAB1_WS/install/lab1_interfaces/include/lab1_interfaces/srv/set_noise.hpp
[2.906s] -- Up-to-date symlink: /home/omzlette/gitRos/LAB1_WS/install/lab1_interfaces/include/lab1_interfaces/srv/detail/set_noise__rosidl_typesupport_introspection_cpp.hpp
[2.906s] -- Up-to-date symlink: /home/omzlette/gitRos/LAB1_WS/install/lab1_interfaces/share/lab1_interfaces/environment/pythonpath.sh
[2.907s] -- Up-to-date symlink: /home/omzlette/gitRos/LAB1_WS/install/lab1_interfaces/share/lab1_interfaces/environment/pythonpath.dsv
[2.907s] -- Up-to-date symlink: /home/omzlette/gitRos/LAB1_WS/install/lab1_interfaces/lib/python3.8/site-packages/lab1_interfaces/__init__.py
[2.907s] -- Up-to-date symlink: /home/omzlette/gitRos/LAB1_WS/install/lab1_interfaces/lib/python3.8/site-packages/lab1_interfaces/srv/__init__.py
[2.907s] -- Up-to-date symlink: /home/omzlette/gitRos/LAB1_WS/install/lab1_interfaces/lib/python3.8/site-packages/lab1_interfaces/srv/_set_noise.py
[2.908s] -- Up-to-date symlink: /home/omzlette/gitRos/LAB1_WS/install/lab1_interfaces/lib/python3.8/site-packages/lab1_interfaces/lab1_interfaces_s__rosidl_typesupport_fastrtps_c.cpython-38-x86_64-linux-gnu.so
[2.908s] -- Up-to-date symlink: /home/omzlette/gitRos/LAB1_WS/install/lab1_interfaces/lib/python3.8/site-packages/lab1_interfaces/lab1_interfaces_s__rosidl_typesupport_introspection_c.cpython-38-x86_64-linux-gnu.so
[2.908s] -- Up-to-date symlink: /home/omzlette/gitRos/LAB1_WS/install/lab1_interfaces/lib/python3.8/site-packages/lab1_interfaces/lab1_interfaces_s__rosidl_typesupport_c.cpython-38-x86_64-linux-gnu.so
[2.908s] -- Up-to-date symlink: /home/omzlette/gitRos/LAB1_WS/install/lab1_interfaces/lib/liblab1_interfaces__python.so
[2.909s] -- Up-to-date symlink: /home/omzlette/gitRos/LAB1_WS/install/lab1_interfaces/share/lab1_interfaces/srv/SetNoise.idl
[2.909s] -- Up-to-date symlink: /home/omzlette/gitRos/LAB1_WS/install/lab1_interfaces/share/lab1_interfaces/srv/SetNoise.srv
[2.909s] -- Up-to-date symlink: /home/omzlette/gitRos/LAB1_WS/install/lab1_interfaces/share/lab1_interfaces/srv/SetNoise_Request.msg
[2.909s] -- Up-to-date symlink: /home/omzlette/gitRos/LAB1_WS/install/lab1_interfaces/share/lab1_interfaces/srv/SetNoise_Response.msg
[2.909s] -- Up-to-date symlink: /home/omzlette/gitRos/LAB1_WS/install/lab1_interfaces/share/ament_index/resource_index/package_run_dependencies/lab1_interfaces
[2.910s] -- Up-to-date symlink: /home/omzlette/gitRos/LAB1_WS/install/lab1_interfaces/share/ament_index/resource_index/parent_prefix_path/lab1_interfaces
[2.910s] -- Up-to-date symlink: /home/omzlette/gitRos/LAB1_WS/install/lab1_interfaces/share/lab1_interfaces/environment/ament_prefix_path.sh
[2.910s] -- Up-to-date symlink: /home/omzlette/gitRos/LAB1_WS/install/lab1_interfaces/share/lab1_interfaces/environment/ament_prefix_path.dsv
[2.910s] -- Up-to-date symlink: /home/omzlette/gitRos/LAB1_WS/install/lab1_interfaces/share/lab1_interfaces/environment/path.sh
[2.911s] -- Up-to-date symlink: /home/omzlette/gitRos/LAB1_WS/install/lab1_interfaces/share/lab1_interfaces/environment/path.dsv
[2.911s] -- Up-to-date symlink: /home/omzlette/gitRos/LAB1_WS/install/lab1_interfaces/share/lab1_interfaces/local_setup.bash
[2.911s] -- Up-to-date symlink: /home/omzlette/gitRos/LAB1_WS/install/lab1_interfaces/share/lab1_interfaces/local_setup.sh
[2.911s] -- Up-to-date symlink: /home/omzlette/gitRos/LAB1_WS/install/lab1_interfaces/share/lab1_interfaces/local_setup.zsh
[2.911s] -- Up-to-date symlink: /home/omzlette/gitRos/LAB1_WS/install/lab1_interfaces/share/lab1_interfaces/local_setup.dsv
[2.911s] -- Symlinking: /home/omzlette/gitRos/LAB1_WS/install/lab1_interfaces/share/lab1_interfaces/package.dsv
[2.918s] -- Up-to-date symlink: /home/omzlette/gitRos/LAB1_WS/install/lab1_interfaces/share/ament_index/resource_index/packages/lab1_interfaces
[2.918s] -- Up-to-date symlink: /home/omzlette/gitRos/LAB1_WS/install/lab1_interfaces/share/lab1_interfaces/cmake/rosidl_cmake-extras.cmake
[2.919s] -- Up-to-date symlink: /home/omzlette/gitRos/LAB1_WS/install/lab1_interfaces/share/lab1_interfaces/cmake/ament_cmake_export_dependencies-extras.cmake
[2.919s] -- Up-to-date symlink: /home/omzlette/gitRos/LAB1_WS/install/lab1_interfaces/share/lab1_interfaces/cmake/ament_cmake_export_libraries-extras.cmake
[2.919s] -- Up-to-date symlink: /home/omzlette/gitRos/LAB1_WS/install/lab1_interfaces/share/lab1_interfaces/cmake/ament_cmake_export_targets-extras.cmake
[2.919s] -- Up-to-date symlink: /home/omzlette/gitRos/LAB1_WS/install/lab1_interfaces/share/lab1_interfaces/cmake/ament_cmake_export_include_directories-extras.cmake
[2.919s] -- Up-to-date symlink: /home/omzlette/gitRos/LAB1_WS/install/lab1_interfaces/share/lab1_interfaces/cmake/rosidl_cmake_export_typesupport_libraries-extras.cmake
[2.920s] -- Up-to-date symlink: /home/omzlette/gitRos/LAB1_WS/install/lab1_interfaces/share/lab1_interfaces/cmake/rosidl_cmake_export_typesupport_targets-extras.cmake
[2.920s] -- Up-to-date symlink: /home/omzlette/gitRos/LAB1_WS/install/lab1_interfaces/share/lab1_interfaces/cmake/lab1_interfacesConfig.cmake
[2.920s] -- Up-to-date symlink: /home/omzlette/gitRos/LAB1_WS/install/lab1_interfaces/share/lab1_interfaces/cmake/lab1_interfacesConfig-version.cmake
[2.920s] -- Up-to-date symlink: /home/omzlette/gitRos/LAB1_WS/install/lab1_interfaces/share/lab1_interfaces/package.xml
[2.920s] -- Installing: /home/omzlette/gitRos/LAB1_WS/install/lab1_interfaces/lib/liblab1_interfaces__rosidl_generator_c.so
[2.921s] -- Set runtime path of "/home/omzlette/gitRos/LAB1_WS/install/lab1_interfaces/lib/liblab1_interfaces__rosidl_generator_c.so" to ""
[2.921s] -- Installing: /home/omzlette/gitRos/LAB1_WS/install/lab1_interfaces/lib/liblab1_interfaces__rosidl_typesupport_introspection_c.so
[2.921s] -- Set runtime path of "/home/omzlette/gitRos/LAB1_WS/install/lab1_interfaces/lib/liblab1_interfaces__rosidl_typesupport_introspection_c.so" to ""
[2.921s] -- Installing: /home/omzlette/gitRos/LAB1_WS/install/lab1_interfaces/lib/liblab1_interfaces__rosidl_typesupport_c.so
[2.921s] -- Set runtime path of "/home/omzlette/gitRos/LAB1_WS/install/lab1_interfaces/lib/liblab1_interfaces__rosidl_typesupport_c.so" to ""
[2.922s] -- Installing: /home/omzlette/gitRos/LAB1_WS/install/lab1_interfaces/lib/liblab1_interfaces__rosidl_typesupport_introspection_cpp.so
[2.922s] -- Set runtime path of "/home/omzlette/gitRos/LAB1_WS/install/lab1_interfaces/lib/liblab1_interfaces__rosidl_typesupport_introspection_cpp.so" to ""
[2.922s] -- Installing: /home/omzlette/gitRos/LAB1_WS/install/lab1_interfaces/lib/liblab1_interfaces__rosidl_typesupport_cpp.so
[2.922s] -- Set runtime path of "/home/omzlette/gitRos/LAB1_WS/install/lab1_interfaces/lib/liblab1_interfaces__rosidl_typesupport_cpp.so" to ""
[2.946s] Compiling '/home/omzlette/gitRos/LAB1_WS/install/lab1_interfaces/lib/python3.8/site-packages/lab1_interfaces/__init__.py'...
[2.949s] -- Up-to-date: /home/omzlette/gitRos/LAB1_WS/install/lab1_interfaces/share/lab1_interfaces/cmake/lab1_interfaces__rosidl_generator_cExport.cmake
[2.949s] -- Installing: /home/omzlette/gitRos/LAB1_WS/install/lab1_interfaces/share/lab1_interfaces/cmake/lab1_interfaces__rosidl_generator_cExport-noconfig.cmake
[2.949s] -- Up-to-date: /home/omzlette/gitRos/LAB1_WS/install/lab1_interfaces/share/lab1_interfaces/cmake/lab1_interfaces__rosidl_typesupport_introspection_cExport.cmake
[2.949s] -- Installing: /home/omzlette/gitRos/LAB1_WS/install/lab1_interfaces/share/lab1_interfaces/cmake/lab1_interfaces__rosidl_typesupport_introspection_cExport-noconfig.cmake
[2.949s] -- Up-to-date: /home/omzlette/gitRos/LAB1_WS/install/lab1_interfaces/share/lab1_interfaces/cmake/lab1_interfaces__rosidl_typesupport_cExport.cmake
[2.949s] -- Installing: /home/omzlette/gitRos/LAB1_WS/install/lab1_interfaces/share/lab1_interfaces/cmake/lab1_interfaces__rosidl_typesupport_cExport-noconfig.cmake
[2.949s] -- Up-to-date: /home/omzlette/gitRos/LAB1_WS/install/lab1_interfaces/share/lab1_interfaces/cmake/lab1_interfaces__rosidl_generator_cppExport.cmake
[2.949s] -- Up-to-date: /home/omzlette/gitRos/LAB1_WS/install/lab1_interfaces/share/lab1_interfaces/cmake/lab1_interfaces__rosidl_typesupport_introspection_cppExport.cmake
[2.949s] -- Installing: /home/omzlette/gitRos/LAB1_WS/install/lab1_interfaces/share/lab1_interfaces/cmake/lab1_interfaces__rosidl_typesupport_introspection_cppExport-noconfig.cmake
[2.950s] -- Up-to-date: /home/omzlette/gitRos/LAB1_WS/install/lab1_interfaces/share/lab1_interfaces/cmake/lab1_interfaces__rosidl_typesupport_cppExport.cmake
[2.950s] -- Installing: /home/omzlette/gitRos/LAB1_WS/install/lab1_interfaces/share/lab1_interfaces/cmake/lab1_interfaces__rosidl_typesupport_cppExport-noconfig.cmake
[2.954s] Invoked command in '/home/omzlette/gitRos/LAB1_WS/build/lab1_interfaces' returned '0': CMAKE_PREFIX_PATH=${CMAKE_PREFIX_PATH}:/opt/ros/foxy /usr/bin/cmake --install /home/omzlette/gitRos/LAB1_WS/build/lab1_interfaces
