[0.024s] Invoking command in '/home/omzlette/gitRos/LAB2/build/sandevistan_kinematics_interfaces': CMAKE_PREFIX_PATH=${CMAKE_PREFIX_PATH}:/opt/ros/foxy /usr/bin/cmake --build /home/omzlette/gitRos/LAB2/build/sandevistan_kinematics_interfaces -- -j12 -l12
[0.044s] -- Found ament_cmake: 0.9.11 (/opt/ros/foxy/share/ament_cmake/cmake)
[0.064s] -- Found PythonInterp: /usr/bin/python3 (found suitable version "3.8.10", minimum required is "3") 
[0.064s] -- Using PYTHON_EXECUTABLE: /usr/bin/python3
[0.232s] -- Override CMake install command with custom implementation using symlinks instead of copying resources
[0.239s] -- Found ament_lint_auto: 0.9.7 (/opt/ros/foxy/share/ament_lint_auto/cmake)
[0.298s] -- Found rosidl_default_generators: 1.0.1 (/opt/ros/foxy/share/rosidl_default_generators/cmake)
[0.300s] -- Using all available rosidl_typesupport_c: rosidl_typesupport_fastrtps_c;rosidl_typesupport_introspection_c
[0.303s] -- Found rosidl_adapter: 1.3.0 (/opt/ros/foxy/share/rosidl_adapter/cmake)
[0.455s] -- Using all available rosidl_typesupport_cpp: rosidl_typesupport_fastrtps_cpp;rosidl_typesupport_introspection_cpp
[0.493s] -- Found geometry_msgs: 2.0.5 (/opt/ros/foxy/share/geometry_msgs/cmake)
[0.587s] -- Found sensor_msgs: 2.0.5 (/opt/ros/foxy/share/sensor_msgs/cmake)
[0.717s] -- Found PythonInterp: /usr/bin/python3 (found version "3.8.10") 
[0.905s] -- Found ament_cmake_ros: 0.9.2 (/opt/ros/foxy/share/ament_cmake_ros/cmake)
[1.196s] -- Using all available rosidl_typesupport_c: rosidl_typesupport_fastrtps_c;rosidl_typesupport_introspection_c
[1.390s] -- Using all available rosidl_typesupport_cpp: rosidl_typesupport_fastrtps_cpp;rosidl_typesupport_introspection_cpp
[1.419s] -- Found PythonInterp: /usr/bin/python3 (found suitable version "3.8.10", minimum required is "3.5") 
[1.419s] -- Found python_cmake_module: 0.8.1 (/opt/ros/foxy/share/python_cmake_module/cmake)
[1.448s] -- Using PYTHON_EXECUTABLE: /usr/bin/python3
[1.448s] -- Using PYTHON_INCLUDE_DIRS: /usr/include/python3.8
[1.448s] -- Using PYTHON_LIBRARIES: /usr/lib/x86_64-linux-gnu/libpython3.8.so
[1.557s] -- Added test 'copyright' to check source files copyright and LICENSE
[1.558s] -- Added test 'lint_cmake' to check CMake code style
[1.559s] -- Added test 'xmllint' to check XML markup files
[1.566s] -- Configuring done
[1.628s] -- Generating done
[1.632s] -- Build files have been written to: /home/omzlette/gitRos/LAB2/build/sandevistan_kinematics_interfaces
[1.654s] [  2%] [34m[1mGenerating C code for ROS interfaces[0m
[1.663s] [  5%] [34m[1mGenerating C++ code for ROS interfaces[0m
[1.999s] [35m[1mScanning dependencies of target sandevistan_kinematics_interfaces__rosidl_generator_c[0m
[2.015s] [  7%] [32mBuilding C object CMakeFiles/sandevistan_kinematics_interfaces__rosidl_generator_c.dir/rosidl_generator_c/sandevistan_kinematics_interfaces/srv/detail/get_position__functions.c.o[0m
[2.017s] [ 10%] [32mBuilding C object CMakeFiles/sandevistan_kinematics_interfaces__rosidl_generator_c.dir/rosidl_generator_c/sandevistan_kinematics_interfaces/srv/detail/solve_ik__functions.c.o[0m
[2.049s] [ 10%] Built target sandevistan_kinematics_interfaces__cpp
[2.060s] [ 12%] [34m[1mGenerating C++ type support for eProsima Fast-RTPS[0m
[2.060s] [ 15%] [34m[1mGenerating C++ type support dispatch for ROS interfaces[0m
[2.065s] [ 17%] [34m[1mGenerating C++ introspection for ROS interfaces[0m
[2.089s] [ 20%] [32m[1mLinking C shared library libsandevistan_kinematics_interfaces__rosidl_generator_c.so[0m
[2.130s] [ 20%] Built target sandevistan_kinematics_interfaces__rosidl_generator_c
[2.141s] [ 25%] [34m[1mGenerating C introspection for ROS interfaces[0m
[2.141s] [ 25%] [34m[1mGenerating C type support dispatch for ROS interfaces[0m
[2.390s] [35m[1mScanning dependencies of target sandevistan_kinematics_interfaces__rosidl_typesupport_introspection_cpp[0m
[2.398s] [35m[1mScanning dependencies of target sandevistan_kinematics_interfaces__rosidl_typesupport_cpp[0m
[2.407s] [ 28%] [32mBuilding CXX object CMakeFiles/sandevistan_kinematics_interfaces__rosidl_typesupport_introspection_cpp.dir/rosidl_typesupport_introspection_cpp/sandevistan_kinematics_interfaces/srv/detail/solve_ik__type_support.cpp.o[0m
[2.413s] [ 30%] [32mBuilding CXX object CMakeFiles/sandevistan_kinematics_interfaces__rosidl_typesupport_introspection_cpp.dir/rosidl_typesupport_introspection_cpp/sandevistan_kinematics_interfaces/srv/detail/get_position__type_support.cpp.o[0m
[2.418s] [ 33%] [32mBuilding CXX object CMakeFiles/sandevistan_kinematics_interfaces__rosidl_typesupport_cpp.dir/rosidl_typesupport_cpp/sandevistan_kinematics_interfaces/srv/solve_ik__type_support.cpp.o[0m
[2.418s] [ 35%] [32mBuilding CXX object CMakeFiles/sandevistan_kinematics_interfaces__rosidl_typesupport_cpp.dir/rosidl_typesupport_cpp/sandevistan_kinematics_interfaces/srv/get_position__type_support.cpp.o[0m
[2.478s] [35m[1mScanning dependencies of target sandevistan_kinematics_interfaces__rosidl_typesupport_fastrtps_cpp[0m
[2.501s] [ 38%] [32mBuilding CXX object CMakeFiles/sandevistan_kinematics_interfaces__rosidl_typesupport_fastrtps_cpp.dir/rosidl_typesupport_fastrtps_cpp/sandevistan_kinematics_interfaces/srv/detail/dds_fastrtps/solve_ik__type_support.cpp.o[0m
[2.501s] [ 41%] [32mBuilding CXX object CMakeFiles/sandevistan_kinematics_interfaces__rosidl_typesupport_fastrtps_cpp.dir/rosidl_typesupport_fastrtps_cpp/sandevistan_kinematics_interfaces/srv/detail/dds_fastrtps/get_position__type_support.cpp.o[0m
[2.530s] [35m[1mScanning dependencies of target sandevistan_kinematics_interfaces__rosidl_typesupport_c[0m
[2.556s] [ 43%] [32mBuilding CXX object CMakeFiles/sandevistan_kinematics_interfaces__rosidl_typesupport_c.dir/rosidl_typesupport_c/sandevistan_kinematics_interfaces/srv/solve_ik__type_support.cpp.o[0m
[2.561s] [ 46%] [32mBuilding CXX object CMakeFiles/sandevistan_kinematics_interfaces__rosidl_typesupport_c.dir/rosidl_typesupport_c/sandevistan_kinematics_interfaces/srv/get_position__type_support.cpp.o[0m
[2.561s] [35m[1mScanning dependencies of target sandevistan_kinematics_interfaces__rosidl_typesupport_introspection_c[0m
[2.614s] [ 48%] [32mBuilding C object CMakeFiles/sandevistan_kinematics_interfaces__rosidl_typesupport_introspection_c.dir/rosidl_typesupport_introspection_c/sandevistan_kinematics_interfaces/srv/detail/solve_ik__type_support.c.o[0m
[2.616s] [ 51%] [32mBuilding C object CMakeFiles/sandevistan_kinematics_interfaces__rosidl_typesupport_introspection_c.dir/rosidl_typesupport_introspection_c/sandevistan_kinematics_interfaces/srv/detail/get_position__type_support.c.o[0m
[2.638s] [ 53%] [32m[1mLinking CXX shared library libsandevistan_kinematics_interfaces__rosidl_typesupport_c.so[0m
[2.695s] [ 56%] [32m[1mLinking C shared library libsandevistan_kinematics_interfaces__rosidl_typesupport_introspection_c.so[0m
[2.718s] [ 56%] Built target sandevistan_kinematics_interfaces__rosidl_typesupport_c
[2.771s] [ 56%] Built target sandevistan_kinematics_interfaces__rosidl_typesupport_introspection_c
[2.891s] [ 58%] [32m[1mLinking CXX shared library libsandevistan_kinematics_interfaces__rosidl_typesupport_cpp.so[0m
[2.939s] [ 58%] Built target sandevistan_kinematics_interfaces__rosidl_typesupport_cpp
[2.965s] [ 61%] [32m[1mLinking CXX shared library libsandevistan_kinematics_interfaces__rosidl_typesupport_introspection_cpp.so[0m
[3.057s] [ 61%] Built target sandevistan_kinematics_interfaces__rosidl_typesupport_introspection_cpp
[3.162s] [ 64%] [32m[1mLinking CXX shared library libsandevistan_kinematics_interfaces__rosidl_typesupport_fastrtps_cpp.so[0m
[3.243s] [ 64%] Built target sandevistan_kinematics_interfaces__rosidl_typesupport_fastrtps_cpp
[3.253s] [ 66%] [34m[1mGenerating C type support for eProsima Fast-RTPS[0m
[3.583s] [35m[1mScanning dependencies of target sandevistan_kinematics_interfaces__rosidl_typesupport_fastrtps_c[0m
[3.606s] [ 71%] [32mBuilding CXX object CMakeFiles/sandevistan_kinematics_interfaces__rosidl_typesupport_fastrtps_c.dir/rosidl_typesupport_fastrtps_c/sandevistan_kinematics_interfaces/srv/detail/solve_ik__type_support_c.cpp.o[0m
[3.606s] [ 71%] [32mBuilding CXX object CMakeFiles/sandevistan_kinematics_interfaces__rosidl_typesupport_fastrtps_c.dir/rosidl_typesupport_fastrtps_c/sandevistan_kinematics_interfaces/srv/detail/get_position__type_support_c.cpp.o[0m
[4.031s] [ 74%] [32m[1mLinking CXX shared library libsandevistan_kinematics_interfaces__rosidl_typesupport_fastrtps_c.so[0m
[4.155s] [ 74%] Built target sandevistan_kinematics_interfaces__rosidl_typesupport_fastrtps_c
[4.175s] [ 74%] Built target sandevistan_kinematics_interfaces
[4.198s] [ 76%] [34m[1mGenerating Python code for ROS interfaces[0m
[4.816s] [ 76%] Built target sandevistan_kinematics_interfaces__py
[4.827s] [35m[1mScanning dependencies of target sandevistan_kinematics_interfaces__python[0m
[4.844s] [ 79%] [32mBuilding C object CMakeFiles/sandevistan_kinematics_interfaces__python.dir/rosidl_generator_py/sandevistan_kinematics_interfaces/srv/_get_position_s.c.o[0m
[4.844s] [ 82%] [32mBuilding C object CMakeFiles/sandevistan_kinematics_interfaces__python.dir/rosidl_generator_py/sandevistan_kinematics_interfaces/srv/_solve_ik_s.c.o[0m
[4.942s] [ 84%] [32m[1mLinking C shared library rosidl_generator_py/sandevistan_kinematics_interfaces/libsandevistan_kinematics_interfaces__python.so[0m
[4.987s] [ 84%] Built target sandevistan_kinematics_interfaces__python
[4.998s] [35m[1mScanning dependencies of target sandevistan_kinematics_interfaces__rosidl_typesupport_introspection_c__pyext[0m
[4.998s] [35m[1mScanning dependencies of target sandevistan_kinematics_interfaces__rosidl_typesupport_c__pyext[0m
[4.998s] [35m[1mScanning dependencies of target sandevistan_kinematics_interfaces__rosidl_typesupport_fastrtps_c__pyext[0m
[5.014s] [ 87%] [32mBuilding C object CMakeFiles/sandevistan_kinematics_interfaces__rosidl_typesupport_introspection_c__pyext.dir/rosidl_generator_py/sandevistan_kinematics_interfaces/_sandevistan_kinematics_interfaces_s.ep.rosidl_typesupport_introspection_c.c.o[0m
[5.015s] [ 89%] [32mBuilding C object CMakeFiles/sandevistan_kinematics_interfaces__rosidl_typesupport_c__pyext.dir/rosidl_generator_py/sandevistan_kinematics_interfaces/_sandevistan_kinematics_interfaces_s.ep.rosidl_typesupport_c.c.o[0m
[5.015s] [ 92%] [32mBuilding C object CMakeFiles/sandevistan_kinematics_interfaces__rosidl_typesupport_fastrtps_c__pyext.dir/rosidl_generator_py/sandevistan_kinematics_interfaces/_sandevistan_kinematics_interfaces_s.ep.rosidl_typesupport_fastrtps_c.c.o[0m
[5.102s] [ 94%] [32m[1mLinking C shared library rosidl_generator_py/sandevistan_kinematics_interfaces/sandevistan_kinematics_interfaces_s__rosidl_typesupport_c.cpython-38-x86_64-linux-gnu.so[0m
[5.106s] [ 97%] [32m[1mLinking C shared library rosidl_generator_py/sandevistan_kinematics_interfaces/sandevistan_kinematics_interfaces_s__rosidl_typesupport_introspection_c.cpython-38-x86_64-linux-gnu.so[0m
[5.122s] [100%] [32m[1mLinking CXX shared library rosidl_generator_py/sandevistan_kinematics_interfaces/sandevistan_kinematics_interfaces_s__rosidl_typesupport_fastrtps_c.cpython-38-x86_64-linux-gnu.so[0m
[5.140s] [100%] Built target sandevistan_kinematics_interfaces__rosidl_typesupport_c__pyext
[5.149s] [100%] Built target sandevistan_kinematics_interfaces__rosidl_typesupport_introspection_c__pyext
[5.192s] [100%] Built target sandevistan_kinematics_interfaces__rosidl_typesupport_fastrtps_c__pyext
[5.202s] Invoked command in '/home/omzlette/gitRos/LAB2/build/sandevistan_kinematics_interfaces' returned '0': CMAKE_PREFIX_PATH=${CMAKE_PREFIX_PATH}:/opt/ros/foxy /usr/bin/cmake --build /home/omzlette/gitRos/LAB2/build/sandevistan_kinematics_interfaces -- -j12 -l12
[5.253s] Invoking command in '/home/omzlette/gitRos/LAB2/build/sandevistan_kinematics_interfaces': CMAKE_PREFIX_PATH=${CMAKE_PREFIX_PATH}:/opt/ros/foxy /usr/bin/cmake --install /home/omzlette/gitRos/LAB2/build/sandevistan_kinematics_interfaces
[5.261s] -- Install configuration: ""
[5.262s] -- Execute custom install script
[5.262s] -- Up-to-date symlink: /home/omzlette/gitRos/LAB2/install/sandevistan_kinematics_interfaces/share/ament_index/resource_index/rosidl_interfaces/sandevistan_kinematics_interfaces
[5.263s] -- Up-to-date symlink: /home/omzlette/gitRos/LAB2/install/sandevistan_kinematics_interfaces/include/sandevistan_kinematics_interfaces/msg/rosidl_generator_c__visibility_control.h
[5.263s] -- Up-to-date symlink: /home/omzlette/gitRos/LAB2/install/sandevistan_kinematics_interfaces/include/sandevistan_kinematics_interfaces/srv/detail/get_position__functions.h
[5.263s] -- Up-to-date symlink: /home/omzlette/gitRos/LAB2/install/sandevistan_kinematics_interfaces/include/sandevistan_kinematics_interfaces/srv/detail/get_position__struct.h
[5.264s] -- Up-to-date symlink: /home/omzlette/gitRos/LAB2/install/sandevistan_kinematics_interfaces/include/sandevistan_kinematics_interfaces/srv/detail/get_position__type_support.h
[5.264s] -- Up-to-date symlink: /home/omzlette/gitRos/LAB2/install/sandevistan_kinematics_interfaces/include/sandevistan_kinematics_interfaces/srv/detail/solve_ik__functions.h
[5.264s] -- Up-to-date symlink: /home/omzlette/gitRos/LAB2/install/sandevistan_kinematics_interfaces/include/sandevistan_kinematics_interfaces/srv/detail/solve_ik__struct.h
[5.264s] -- Up-to-date symlink: /home/omzlette/gitRos/LAB2/install/sandevistan_kinematics_interfaces/include/sandevistan_kinematics_interfaces/srv/detail/solve_ik__type_support.h
[5.265s] -- Up-to-date symlink: /home/omzlette/gitRos/LAB2/install/sandevistan_kinematics_interfaces/include/sandevistan_kinematics_interfaces/srv/get_position.h
[5.265s] -- Up-to-date symlink: /home/omzlette/gitRos/LAB2/install/sandevistan_kinematics_interfaces/include/sandevistan_kinematics_interfaces/srv/solve_ik.h
[5.265s] -- Up-to-date symlink: /home/omzlette/gitRos/LAB2/install/sandevistan_kinematics_interfaces/share/sandevistan_kinematics_interfaces/environment/library_path.sh
[5.265s] -- Up-to-date symlink: /home/omzlette/gitRos/LAB2/install/sandevistan_kinematics_interfaces/share/sandevistan_kinematics_interfaces/environment/library_path.dsv
[5.266s] -- Up-to-date symlink: /home/omzlette/gitRos/LAB2/install/sandevistan_kinematics_interfaces/include/sandevistan_kinematics_interfaces/msg/rosidl_typesupport_fastrtps_c__visibility_control.h
[5.266s] -- Up-to-date symlink: /home/omzlette/gitRos/LAB2/install/sandevistan_kinematics_interfaces/include/sandevistan_kinematics_interfaces/srv/detail/get_position__rosidl_typesupport_fastrtps_c.h
[5.266s] -- Up-to-date symlink: /home/omzlette/gitRos/LAB2/install/sandevistan_kinematics_interfaces/include/sandevistan_kinematics_interfaces/srv/detail/solve_ik__rosidl_typesupport_fastrtps_c.h
[5.267s] -- Up-to-date symlink: /home/omzlette/gitRos/LAB2/install/sandevistan_kinematics_interfaces/lib/libsandevistan_kinematics_interfaces__rosidl_typesupport_fastrtps_c.so
[5.267s] -- Up-to-date symlink: /home/omzlette/gitRos/LAB2/install/sandevistan_kinematics_interfaces/include/sandevistan_kinematics_interfaces/msg/rosidl_typesupport_fastrtps_cpp__visibility_control.h
[5.268s] -- Up-to-date symlink: /home/omzlette/gitRos/LAB2/install/sandevistan_kinematics_interfaces/include/sandevistan_kinematics_interfaces/srv/detail/get_position__rosidl_typesupport_fastrtps_cpp.hpp
[5.268s] -- Up-to-date symlink: /home/omzlette/gitRos/LAB2/install/sandevistan_kinematics_interfaces/include/sandevistan_kinematics_interfaces/srv/detail/solve_ik__rosidl_typesupport_fastrtps_cpp.hpp
[5.268s] -- Up-to-date symlink: /home/omzlette/gitRos/LAB2/install/sandevistan_kinematics_interfaces/lib/libsandevistan_kinematics_interfaces__rosidl_typesupport_fastrtps_cpp.so
[5.269s] -- Up-to-date symlink: /home/omzlette/gitRos/LAB2/install/sandevistan_kinematics_interfaces/include/sandevistan_kinematics_interfaces/msg/rosidl_typesupport_introspection_c__visibility_control.h
[5.269s] -- Up-to-date symlink: /home/omzlette/gitRos/LAB2/install/sandevistan_kinematics_interfaces/include/sandevistan_kinematics_interfaces/srv/detail/get_position__rosidl_typesupport_introspection_c.h
[5.269s] -- Up-to-date symlink: /home/omzlette/gitRos/LAB2/install/sandevistan_kinematics_interfaces/include/sandevistan_kinematics_interfaces/srv/detail/solve_ik__rosidl_typesupport_introspection_c.h
[5.270s] -- Up-to-date symlink: /home/omzlette/gitRos/LAB2/install/sandevistan_kinematics_interfaces/include/sandevistan_kinematics_interfaces/srv/detail/get_position__builder.hpp
[5.270s] -- Up-to-date symlink: /home/omzlette/gitRos/LAB2/install/sandevistan_kinematics_interfaces/include/sandevistan_kinematics_interfaces/srv/detail/get_position__struct.hpp
[5.270s] -- Up-to-date symlink: /home/omzlette/gitRos/LAB2/install/sandevistan_kinematics_interfaces/include/sandevistan_kinematics_interfaces/srv/detail/get_position__traits.hpp
[5.270s] -- Up-to-date symlink: /home/omzlette/gitRos/LAB2/install/sandevistan_kinematics_interfaces/include/sandevistan_kinematics_interfaces/srv/detail/solve_ik__builder.hpp
[5.271s] -- Up-to-date symlink: /home/omzlette/gitRos/LAB2/install/sandevistan_kinematics_interfaces/include/sandevistan_kinematics_interfaces/srv/detail/solve_ik__struct.hpp
[5.271s] -- Up-to-date symlink: /home/omzlette/gitRos/LAB2/install/sandevistan_kinematics_interfaces/include/sandevistan_kinematics_interfaces/srv/detail/solve_ik__traits.hpp
[5.271s] -- Up-to-date symlink: /home/omzlette/gitRos/LAB2/install/sandevistan_kinematics_interfaces/include/sandevistan_kinematics_interfaces/srv/get_position.hpp
[5.271s] -- Up-to-date symlink: /home/omzlette/gitRos/LAB2/install/sandevistan_kinematics_interfaces/include/sandevistan_kinematics_interfaces/srv/solve_ik.hpp
[5.272s] -- Up-to-date symlink: /home/omzlette/gitRos/LAB2/install/sandevistan_kinematics_interfaces/include/sandevistan_kinematics_interfaces/srv/detail/get_position__rosidl_typesupport_introspection_cpp.hpp
[5.272s] -- Up-to-date symlink: /home/omzlette/gitRos/LAB2/install/sandevistan_kinematics_interfaces/include/sandevistan_kinematics_interfaces/srv/detail/solve_ik__rosidl_typesupport_introspection_cpp.hpp
[5.272s] -- Up-to-date symlink: /home/omzlette/gitRos/LAB2/install/sandevistan_kinematics_interfaces/share/sandevistan_kinematics_interfaces/environment/pythonpath.sh
[5.272s] -- Up-to-date symlink: /home/omzlette/gitRos/LAB2/install/sandevistan_kinematics_interfaces/share/sandevistan_kinematics_interfaces/environment/pythonpath.dsv
[5.273s] -- Up-to-date symlink: /home/omzlette/gitRos/LAB2/install/sandevistan_kinematics_interfaces/lib/python3.8/site-packages/sandevistan_kinematics_interfaces/__init__.py
[5.273s] -- Up-to-date symlink: /home/omzlette/gitRos/LAB2/install/sandevistan_kinematics_interfaces/lib/python3.8/site-packages/sandevistan_kinematics_interfaces/srv/__init__.py
[5.273s] -- Up-to-date symlink: /home/omzlette/gitRos/LAB2/install/sandevistan_kinematics_interfaces/lib/python3.8/site-packages/sandevistan_kinematics_interfaces/srv/_get_position.py
[5.274s] -- Up-to-date symlink: /home/omzlette/gitRos/LAB2/install/sandevistan_kinematics_interfaces/lib/python3.8/site-packages/sandevistan_kinematics_interfaces/srv/_solve_ik.py
[5.274s] -- Up-to-date symlink: /home/omzlette/gitRos/LAB2/install/sandevistan_kinematics_interfaces/lib/python3.8/site-packages/sandevistan_kinematics_interfaces/sandevistan_kinematics_interfaces_s__rosidl_typesupport_fastrtps_c.cpython-38-x86_64-linux-gnu.so
[5.274s] -- Up-to-date symlink: /home/omzlette/gitRos/LAB2/install/sandevistan_kinematics_interfaces/lib/python3.8/site-packages/sandevistan_kinematics_interfaces/sandevistan_kinematics_interfaces_s__rosidl_typesupport_introspection_c.cpython-38-x86_64-linux-gnu.so
[5.275s] -- Up-to-date symlink: /home/omzlette/gitRos/LAB2/install/sandevistan_kinematics_interfaces/lib/python3.8/site-packages/sandevistan_kinematics_interfaces/sandevistan_kinematics_interfaces_s__rosidl_typesupport_c.cpython-38-x86_64-linux-gnu.so
[5.275s] -- Up-to-date symlink: /home/omzlette/gitRos/LAB2/install/sandevistan_kinematics_interfaces/lib/libsandevistan_kinematics_interfaces__python.so
[5.276s] -- Up-to-date symlink: /home/omzlette/gitRos/LAB2/install/sandevistan_kinematics_interfaces/share/sandevistan_kinematics_interfaces/srv/SolveIK.idl
[5.276s] -- Up-to-date symlink: /home/omzlette/gitRos/LAB2/install/sandevistan_kinematics_interfaces/share/sandevistan_kinematics_interfaces/srv/GetPosition.idl
[5.276s] -- Up-to-date symlink: /home/omzlette/gitRos/LAB2/install/sandevistan_kinematics_interfaces/share/sandevistan_kinematics_interfaces/srv/SolveIK.srv
[5.277s] -- Up-to-date symlink: /home/omzlette/gitRos/LAB2/install/sandevistan_kinematics_interfaces/share/sandevistan_kinematics_interfaces/srv/SolveIK_Request.msg
[5.277s] -- Up-to-date symlink: /home/omzlette/gitRos/LAB2/install/sandevistan_kinematics_interfaces/share/sandevistan_kinematics_interfaces/srv/SolveIK_Response.msg
[5.277s] -- Up-to-date symlink: /home/omzlette/gitRos/LAB2/install/sandevistan_kinematics_interfaces/share/sandevistan_kinematics_interfaces/srv/GetPosition.srv
[5.278s] -- Up-to-date symlink: /home/omzlette/gitRos/LAB2/install/sandevistan_kinematics_interfaces/share/sandevistan_kinematics_interfaces/srv/GetPosition_Request.msg
[5.278s] -- Up-to-date symlink: /home/omzlette/gitRos/LAB2/install/sandevistan_kinematics_interfaces/share/sandevistan_kinematics_interfaces/srv/GetPosition_Response.msg
[5.278s] -- Up-to-date symlink: /home/omzlette/gitRos/LAB2/install/sandevistan_kinematics_interfaces/share/ament_index/resource_index/package_run_dependencies/sandevistan_kinematics_interfaces
[5.278s] -- Up-to-date symlink: /home/omzlette/gitRos/LAB2/install/sandevistan_kinematics_interfaces/share/ament_index/resource_index/parent_prefix_path/sandevistan_kinematics_interfaces
[5.279s] -- Up-to-date symlink: /home/omzlette/gitRos/LAB2/install/sandevistan_kinematics_interfaces/share/sandevistan_kinematics_interfaces/environment/ament_prefix_path.sh
[5.279s] -- Up-to-date symlink: /home/omzlette/gitRos/LAB2/install/sandevistan_kinematics_interfaces/share/sandevistan_kinematics_interfaces/environment/ament_prefix_path.dsv
[5.279s] -- Up-to-date symlink: /home/omzlette/gitRos/LAB2/install/sandevistan_kinematics_interfaces/share/sandevistan_kinematics_interfaces/environment/path.sh
[5.280s] -- Up-to-date symlink: /home/omzlette/gitRos/LAB2/install/sandevistan_kinematics_interfaces/share/sandevistan_kinematics_interfaces/environment/path.dsv
[5.280s] -- Up-to-date symlink: /home/omzlette/gitRos/LAB2/install/sandevistan_kinematics_interfaces/share/sandevistan_kinematics_interfaces/local_setup.bash
[5.280s] -- Up-to-date symlink: /home/omzlette/gitRos/LAB2/install/sandevistan_kinematics_interfaces/share/sandevistan_kinematics_interfaces/local_setup.sh
[5.281s] -- Up-to-date symlink: /home/omzlette/gitRos/LAB2/install/sandevistan_kinematics_interfaces/share/sandevistan_kinematics_interfaces/local_setup.zsh
[5.281s] -- Up-to-date symlink: /home/omzlette/gitRos/LAB2/install/sandevistan_kinematics_interfaces/share/sandevistan_kinematics_interfaces/local_setup.dsv
[5.281s] -- Symlinking: /home/omzlette/gitRos/LAB2/install/sandevistan_kinematics_interfaces/share/sandevistan_kinematics_interfaces/package.dsv
[5.289s] -- Up-to-date symlink: /home/omzlette/gitRos/LAB2/install/sandevistan_kinematics_interfaces/share/ament_index/resource_index/packages/sandevistan_kinematics_interfaces
[5.289s] -- Up-to-date symlink: /home/omzlette/gitRos/LAB2/install/sandevistan_kinematics_interfaces/share/sandevistan_kinematics_interfaces/cmake/rosidl_cmake-extras.cmake
[5.289s] -- Up-to-date symlink: /home/omzlette/gitRos/LAB2/install/sandevistan_kinematics_interfaces/share/sandevistan_kinematics_interfaces/cmake/ament_cmake_export_dependencies-extras.cmake
[5.289s] -- Up-to-date symlink: /home/omzlette/gitRos/LAB2/install/sandevistan_kinematics_interfaces/share/sandevistan_kinematics_interfaces/cmake/ament_cmake_export_libraries-extras.cmake
[5.290s] -- Up-to-date symlink: /home/omzlette/gitRos/LAB2/install/sandevistan_kinematics_interfaces/share/sandevistan_kinematics_interfaces/cmake/ament_cmake_export_targets-extras.cmake
[5.290s] -- Up-to-date symlink: /home/omzlette/gitRos/LAB2/install/sandevistan_kinematics_interfaces/share/sandevistan_kinematics_interfaces/cmake/ament_cmake_export_include_directories-extras.cmake
[5.290s] -- Up-to-date symlink: /home/omzlette/gitRos/LAB2/install/sandevistan_kinematics_interfaces/share/sandevistan_kinematics_interfaces/cmake/rosidl_cmake_export_typesupport_libraries-extras.cmake
[5.290s] -- Up-to-date symlink: /home/omzlette/gitRos/LAB2/install/sandevistan_kinematics_interfaces/share/sandevistan_kinematics_interfaces/cmake/rosidl_cmake_export_typesupport_targets-extras.cmake
[5.290s] -- Up-to-date symlink: /home/omzlette/gitRos/LAB2/install/sandevistan_kinematics_interfaces/share/sandevistan_kinematics_interfaces/cmake/sandevistan_kinematics_interfacesConfig.cmake
[5.291s] -- Up-to-date symlink: /home/omzlette/gitRos/LAB2/install/sandevistan_kinematics_interfaces/share/sandevistan_kinematics_interfaces/cmake/sandevistan_kinematics_interfacesConfig-version.cmake
[5.291s] -- Up-to-date symlink: /home/omzlette/gitRos/LAB2/install/sandevistan_kinematics_interfaces/share/sandevistan_kinematics_interfaces/package.xml
[5.291s] -- Installing: /home/omzlette/gitRos/LAB2/install/sandevistan_kinematics_interfaces/lib/libsandevistan_kinematics_interfaces__rosidl_generator_c.so
[5.291s] -- Set runtime path of "/home/omzlette/gitRos/LAB2/install/sandevistan_kinematics_interfaces/lib/libsandevistan_kinematics_interfaces__rosidl_generator_c.so" to ""
[5.292s] -- Installing: /home/omzlette/gitRos/LAB2/install/sandevistan_kinematics_interfaces/lib/libsandevistan_kinematics_interfaces__rosidl_typesupport_introspection_c.so
[5.292s] -- Set runtime path of "/home/omzlette/gitRos/LAB2/install/sandevistan_kinematics_interfaces/lib/libsandevistan_kinematics_interfaces__rosidl_typesupport_introspection_c.so" to ""
[5.292s] -- Installing: /home/omzlette/gitRos/LAB2/install/sandevistan_kinematics_interfaces/lib/libsandevistan_kinematics_interfaces__rosidl_typesupport_c.so
[5.292s] -- Set runtime path of "/home/omzlette/gitRos/LAB2/install/sandevistan_kinematics_interfaces/lib/libsandevistan_kinematics_interfaces__rosidl_typesupport_c.so" to ""
[5.293s] -- Installing: /home/omzlette/gitRos/LAB2/install/sandevistan_kinematics_interfaces/lib/libsandevistan_kinematics_interfaces__rosidl_typesupport_introspection_cpp.so
[5.293s] -- Set runtime path of "/home/omzlette/gitRos/LAB2/install/sandevistan_kinematics_interfaces/lib/libsandevistan_kinematics_interfaces__rosidl_typesupport_introspection_cpp.so" to ""
[5.293s] -- Installing: /home/omzlette/gitRos/LAB2/install/sandevistan_kinematics_interfaces/lib/libsandevistan_kinematics_interfaces__rosidl_typesupport_cpp.so
[5.293s] -- Set runtime path of "/home/omzlette/gitRos/LAB2/install/sandevistan_kinematics_interfaces/lib/libsandevistan_kinematics_interfaces__rosidl_typesupport_cpp.so" to ""
[5.322s] Compiling '/home/omzlette/gitRos/LAB2/install/sandevistan_kinematics_interfaces/lib/python3.8/site-packages/sandevistan_kinematics_interfaces/__init__.py'...
[5.327s] -- Up-to-date: /home/omzlette/gitRos/LAB2/install/sandevistan_kinematics_interfaces/share/sandevistan_kinematics_interfaces/cmake/sandevistan_kinematics_interfaces__rosidl_generator_cExport.cmake
[5.327s] -- Installing: /home/omzlette/gitRos/LAB2/install/sandevistan_kinematics_interfaces/share/sandevistan_kinematics_interfaces/cmake/sandevistan_kinematics_interfaces__rosidl_generator_cExport-noconfig.cmake
[5.327s] -- Up-to-date: /home/omzlette/gitRos/LAB2/install/sandevistan_kinematics_interfaces/share/sandevistan_kinematics_interfaces/cmake/sandevistan_kinematics_interfaces__rosidl_typesupport_introspection_cExport.cmake
[5.327s] -- Installing: /home/omzlette/gitRos/LAB2/install/sandevistan_kinematics_interfaces/share/sandevistan_kinematics_interfaces/cmake/sandevistan_kinematics_interfaces__rosidl_typesupport_introspection_cExport-noconfig.cmake
[5.327s] -- Up-to-date: /home/omzlette/gitRos/LAB2/install/sandevistan_kinematics_interfaces/share/sandevistan_kinematics_interfaces/cmake/sandevistan_kinematics_interfaces__rosidl_typesupport_cExport.cmake
[5.328s] -- Installing: /home/omzlette/gitRos/LAB2/install/sandevistan_kinematics_interfaces/share/sandevistan_kinematics_interfaces/cmake/sandevistan_kinematics_interfaces__rosidl_typesupport_cExport-noconfig.cmake
[5.328s] -- Up-to-date: /home/omzlette/gitRos/LAB2/install/sandevistan_kinematics_interfaces/share/sandevistan_kinematics_interfaces/cmake/sandevistan_kinematics_interfaces__rosidl_generator_cppExport.cmake
[5.328s] -- Up-to-date: /home/omzlette/gitRos/LAB2/install/sandevistan_kinematics_interfaces/share/sandevistan_kinematics_interfaces/cmake/sandevistan_kinematics_interfaces__rosidl_typesupport_introspection_cppExport.cmake
[5.328s] -- Installing: /home/omzlette/gitRos/LAB2/install/sandevistan_kinematics_interfaces/share/sandevistan_kinematics_interfaces/cmake/sandevistan_kinematics_interfaces__rosidl_typesupport_introspection_cppExport-noconfig.cmake
[5.328s] -- Up-to-date: /home/omzlette/gitRos/LAB2/install/sandevistan_kinematics_interfaces/share/sandevistan_kinematics_interfaces/cmake/sandevistan_kinematics_interfaces__rosidl_typesupport_cppExport.cmake
[5.329s] -- Installing: /home/omzlette/gitRos/LAB2/install/sandevistan_kinematics_interfaces/share/sandevistan_kinematics_interfaces/cmake/sandevistan_kinematics_interfaces__rosidl_typesupport_cppExport-noconfig.cmake
[5.334s] Invoked command in '/home/omzlette/gitRos/LAB2/build/sandevistan_kinematics_interfaces' returned '0': CMAKE_PREFIX_PATH=${CMAKE_PREFIX_PATH}:/opt/ros/foxy /usr/bin/cmake --install /home/omzlette/gitRos/LAB2/build/sandevistan_kinematics_interfaces
