[0.039s] Invoking command in '/home/omzlette/gitROS/FRA333_LAB_HW/LAB4/build/doppelt_control': CMAKE_PREFIX_PATH=${CMAKE_PREFIX_PATH}:/opt/ros/foxy /usr/bin/cmake /home/omzlette/gitROS/FRA333_LAB_HW/LAB4/src/lab4_29/doppelt_control -DAMENT_CMAKE_SYMLINK_INSTALL=1 -DCMAKE_INSTALL_PREFIX=/home/omzlette/gitROS/FRA333_LAB_HW/LAB4/install/doppelt_control
[0.186s] -- The C compiler identification is GNU 9.4.0
[0.336s] -- The CXX compiler identification is GNU 9.4.0
[0.390s] -- Check for working C compiler: /usr/bin/cc
[0.484s] -- Check for working C compiler: /usr/bin/cc -- works
[0.487s] -- Detecting C compiler ABI info
[0.580s] -- Detecting C compiler ABI info - done
[0.591s] -- Detecting C compile features
[0.592s] -- Detecting C compile features - done
[0.595s] -- Check for working CXX compiler: /usr/bin/c++
[0.691s] -- Check for working CXX compiler: /usr/bin/c++ -- works
[0.692s] -- Detecting CXX compiler ABI info
[0.791s] -- Detecting CXX compiler ABI info - done
[0.804s] -- Detecting CXX compile features
[0.805s] -- Detecting CXX compile features - done
[0.809s] -- Found rosidl_default_generators: 1.0.1 (/opt/ros/foxy/share/rosidl_default_generators/cmake)
[0.811s] -- Found ament_cmake_core: 0.9.11 (/opt/ros/foxy/share/ament_cmake_core/cmake)
[0.836s] -- Found PythonInterp: /usr/bin/python3 (found suitable version "3.8.10", minimum required is "3") 
[0.836s] -- Using PYTHON_EXECUTABLE: /usr/bin/python3
[1.028s] -- Override CMake install command with custom implementation using symlinks instead of copying resources
[1.037s] -- Using all available rosidl_typesupport_c: rosidl_typesupport_fastrtps_c;rosidl_typesupport_introspection_c
[1.050s] -- Found rosidl_adapter: 1.3.0 (/opt/ros/foxy/share/rosidl_adapter/cmake)
[1.677s] -- Found OpenSSL: /usr/lib/x86_64-linux-gnu/libcrypto.so (found version "1.1.1f")  
[2.170s] -- Found FastRTPS: /opt/ros/foxy/include  
[3.081s] -- Using all available rosidl_typesupport_cpp: rosidl_typesupport_fastrtps_cpp;rosidl_typesupport_introspection_cpp
[3.120s] -- Found geometry_msgs: 2.0.5 (/opt/ros/foxy/share/geometry_msgs/cmake)
[3.215s] -- Found rclcpp: 2.4.2 (/opt/ros/foxy/share/rclcpp/cmake)
[3.283s] -- Found rmw_implementation_cmake: 1.0.3 (/opt/ros/foxy/share/rmw_implementation_cmake/cmake)
[3.286s] -- Using RMW implementation 'rmw_fastrtps_cpp' as default
[3.288s] -- Looking for pthread.h
[3.381s] -- Looking for pthread.h - found
[3.381s] -- Performing Test CMAKE_HAVE_LIBC_PTHREAD
[3.502s] -- Performing Test CMAKE_HAVE_LIBC_PTHREAD - Failed
[3.502s] -- Looking for pthread_create in pthreads
[3.615s] -- Looking for pthread_create in pthreads - not found
[3.616s] -- Looking for pthread_create in pthread
[3.737s] -- Looking for pthread_create in pthread - found
[3.737s] -- Found Threads: TRUE  
[3.917s] -- Found rclpy: 1.0.11 (/opt/ros/foxy/share/rclpy/cmake)
[4.032s] -- Configuring done
[4.036s] -- Generating done
[4.037s] -- Build files have been written to: /home/omzlette/gitROS/FRA333_LAB_HW/LAB4/build/doppelt_control
[4.049s] Invoked command in '/home/omzlette/gitROS/FRA333_LAB_HW/LAB4/build/doppelt_control' returned '0': CMAKE_PREFIX_PATH=${CMAKE_PREFIX_PATH}:/opt/ros/foxy /usr/bin/cmake /home/omzlette/gitROS/FRA333_LAB_HW/LAB4/src/lab4_29/doppelt_control -DAMENT_CMAKE_SYMLINK_INSTALL=1 -DCMAKE_INSTALL_PREFIX=/home/omzlette/gitROS/FRA333_LAB_HW/LAB4/install/doppelt_control
[4.053s] Invoking command in '/home/omzlette/gitROS/FRA333_LAB_HW/LAB4/build/doppelt_control': CMAKE_PREFIX_PATH=${CMAKE_PREFIX_PATH}:/opt/ros/foxy /usr/bin/cmake --build /home/omzlette/gitROS/FRA333_LAB_HW/LAB4/build/doppelt_control -- -j12 -l12
[4.096s] Invoked command in '/home/omzlette/gitROS/FRA333_LAB_HW/LAB4/build/doppelt_control' returned '0': CMAKE_PREFIX_PATH=${CMAKE_PREFIX_PATH}:/opt/ros/foxy /usr/bin/cmake --build /home/omzlette/gitROS/FRA333_LAB_HW/LAB4/build/doppelt_control -- -j12 -l12
[4.129s] Invoking command in '/home/omzlette/gitROS/FRA333_LAB_HW/LAB4/build/doppelt_control': CMAKE_PREFIX_PATH=${CMAKE_PREFIX_PATH}:/opt/ros/foxy /usr/bin/cmake --install /home/omzlette/gitROS/FRA333_LAB_HW/LAB4/build/doppelt_control
[4.138s] -- Install configuration: ""
[4.138s] -- Execute custom install script
[4.139s] -- Symlinking: /home/omzlette/gitROS/FRA333_LAB_HW/LAB4/install/doppelt_control/share/doppelt_control/environment/pythonpath.sh
[4.150s] -- Symlinking: /home/omzlette/gitROS/FRA333_LAB_HW/LAB4/install/doppelt_control/share/doppelt_control/environment/pythonpath.dsv
[4.162s] -- Symlinking: /home/omzlette/gitROS/FRA333_LAB_HW/LAB4/install/doppelt_control/lib/python3.8/site-packages/doppelt_control/__init__.py
[4.173s] -- Symlinking: /home/omzlette/gitROS/FRA333_LAB_HW/LAB4/install/doppelt_control/lib/doppelt_control/tracker.py
[4.182s] -- Symlinking: /home/omzlette/gitROS/FRA333_LAB_HW/LAB4/install/doppelt_control/share/doppelt_control/scripts/tracker.py
[4.190s] -- Symlinking: /home/omzlette/gitROS/FRA333_LAB_HW/LAB4/install/doppelt_control/share/ament_index/resource_index/package_run_dependencies/doppelt_control
[4.200s] -- Symlinking: /home/omzlette/gitROS/FRA333_LAB_HW/LAB4/install/doppelt_control/share/ament_index/resource_index/parent_prefix_path/doppelt_control
[4.209s] -- Symlinking: /home/omzlette/gitROS/FRA333_LAB_HW/LAB4/install/doppelt_control/share/doppelt_control/environment/ament_prefix_path.sh
[4.220s] -- Symlinking: /home/omzlette/gitROS/FRA333_LAB_HW/LAB4/install/doppelt_control/share/doppelt_control/environment/ament_prefix_path.dsv
[4.230s] -- Symlinking: /home/omzlette/gitROS/FRA333_LAB_HW/LAB4/install/doppelt_control/share/doppelt_control/environment/path.sh
[4.238s] -- Symlinking: /home/omzlette/gitROS/FRA333_LAB_HW/LAB4/install/doppelt_control/share/doppelt_control/environment/path.dsv
[4.245s] -- Symlinking: /home/omzlette/gitROS/FRA333_LAB_HW/LAB4/install/doppelt_control/share/doppelt_control/local_setup.bash
[4.253s] -- Symlinking: /home/omzlette/gitROS/FRA333_LAB_HW/LAB4/install/doppelt_control/share/doppelt_control/local_setup.sh
[4.264s] -- Symlinking: /home/omzlette/gitROS/FRA333_LAB_HW/LAB4/install/doppelt_control/share/doppelt_control/local_setup.zsh
[4.271s] -- Symlinking: /home/omzlette/gitROS/FRA333_LAB_HW/LAB4/install/doppelt_control/share/doppelt_control/local_setup.dsv
[4.279s] -- Symlinking: /home/omzlette/gitROS/FRA333_LAB_HW/LAB4/install/doppelt_control/share/doppelt_control/package.dsv
[4.287s] -- Symlinking: /home/omzlette/gitROS/FRA333_LAB_HW/LAB4/install/doppelt_control/share/ament_index/resource_index/packages/doppelt_control
[4.295s] -- Symlinking: /home/omzlette/gitROS/FRA333_LAB_HW/LAB4/install/doppelt_control/share/doppelt_control/cmake/doppelt_controlConfig.cmake
[4.302s] -- Symlinking: /home/omzlette/gitROS/FRA333_LAB_HW/LAB4/install/doppelt_control/share/doppelt_control/cmake/doppelt_controlConfig-version.cmake
[4.309s] -- Symlinking: /home/omzlette/gitROS/FRA333_LAB_HW/LAB4/install/doppelt_control/share/doppelt_control/package.xml
[4.363s] Listing '/home/omzlette/gitROS/FRA333_LAB_HW/LAB4/install/doppelt_control/lib/python3.8/site-packages/doppelt_control'...
[4.363s] Compiling '/home/omzlette/gitROS/FRA333_LAB_HW/LAB4/install/doppelt_control/lib/python3.8/site-packages/doppelt_control/__init__.py'...
[4.369s] Invoked command in '/home/omzlette/gitROS/FRA333_LAB_HW/LAB4/build/doppelt_control' returned '0': CMAKE_PREFIX_PATH=${CMAKE_PREFIX_PATH}:/opt/ros/foxy /usr/bin/cmake --install /home/omzlette/gitROS/FRA333_LAB_HW/LAB4/build/doppelt_control
