[0.017s] Invoking command in '/home/valdeus1151/Y3T1/FRA333_LAB_HW/LAB3/build/ros2_control_demo_3r_robot': CMAKE_PREFIX_PATH=/opt/ros/foxy /usr/bin/cmake /home/valdeus1151/Y3T1/FRA333_LAB_HW/LAB3/src/ros2_control_demo_3r_robot -DAMENT_CMAKE_SYMLINK_INSTALL=1 -DCMAKE_INSTALL_PREFIX=/home/valdeus1151/Y3T1/FRA333_LAB_HW/LAB3/install/ros2_control_demo_3r_robot
[0.155s] -- The C compiler identification is GNU 9.4.0
[0.285s] -- The CXX compiler identification is GNU 9.4.0
[0.293s] -- Check for working C compiler: /usr/bin/cc
[0.369s] -- Check for working C compiler: /usr/bin/cc -- works
[0.371s] -- Detecting C compiler ABI info
[0.445s] -- Detecting C compiler ABI info - done
[0.459s] -- Detecting C compile features
[0.459s] -- Detecting C compile features - done
[0.463s] -- Check for working CXX compiler: /usr/bin/c++
[0.550s] -- Check for working CXX compiler: /usr/bin/c++ -- works
[0.551s] -- Detecting CXX compiler ABI info
[0.633s] -- Detecting CXX compiler ABI info - done
[0.644s] -- Detecting CXX compile features
[0.644s] -- Detecting CXX compile features - done
[0.647s] -- Found rosidl_default_generators: 1.0.1 (/opt/ros/foxy/share/rosidl_default_generators/cmake)
[0.648s] -- Found ament_cmake_core: 0.9.11 (/opt/ros/foxy/share/ament_cmake_core/cmake)
[0.669s] -- Found PythonInterp: /usr/bin/python3 (found suitable version "3.8.10", minimum required is "3") 
[0.669s] -- Using PYTHON_EXECUTABLE: /usr/bin/python3
[0.853s] -- Override CMake install command with custom implementation using symlinks instead of copying resources
[0.860s] -- Using all available rosidl_typesupport_c: rosidl_typesupport_fastrtps_c;rosidl_typesupport_introspection_c
[0.871s] -- Found rosidl_adapter: 1.3.0 (/opt/ros/foxy/share/rosidl_adapter/cmake)
[1.017s] -- Found OpenSSL: /usr/lib/x86_64-linux-gnu/libcrypto.so (found version "1.1.1f")  
[1.045s] -- Found FastRTPS: /opt/ros/foxy/include  
[1.137s] -- Using all available rosidl_typesupport_cpp: rosidl_typesupport_fastrtps_cpp;rosidl_typesupport_introspection_cpp
[1.174s] -- Found geometry_msgs: 2.0.5 (/opt/ros/foxy/share/geometry_msgs/cmake)
[1.269s] -- Found rclcpp: 2.4.2 (/opt/ros/foxy/share/rclcpp/cmake)
[1.328s] -- Found rmw_implementation_cmake: 1.0.3 (/opt/ros/foxy/share/rmw_implementation_cmake/cmake)
[1.331s] -- Using RMW implementation 'rmw_fastrtps_cpp' as default
[1.333s] -- Looking for pthread.h
[1.408s] -- Looking for pthread.h - found
[1.408s] -- Performing Test CMAKE_HAVE_LIBC_PTHREAD
[1.478s] -- Performing Test CMAKE_HAVE_LIBC_PTHREAD - Failed
[1.478s] -- Looking for pthread_create in pthreads
[1.535s] -- Looking for pthread_create in pthreads - not found
[1.535s] -- Looking for pthread_create in pthread
[1.603s] -- Looking for pthread_create in pthread - found
[1.604s] -- Found Threads: TRUE  
[1.790s] -- Found rclpy: 1.0.11 (/opt/ros/foxy/share/rclpy/cmake)
[1.879s] -- Configuring done
[1.882s] -- Generating done
[1.883s] -- Build files have been written to: /home/valdeus1151/Y3T1/FRA333_LAB_HW/LAB3/build/ros2_control_demo_3r_robot
[1.890s] Invoked command in '/home/valdeus1151/Y3T1/FRA333_LAB_HW/LAB3/build/ros2_control_demo_3r_robot' returned '0': CMAKE_PREFIX_PATH=/opt/ros/foxy /usr/bin/cmake /home/valdeus1151/Y3T1/FRA333_LAB_HW/LAB3/src/ros2_control_demo_3r_robot -DAMENT_CMAKE_SYMLINK_INSTALL=1 -DCMAKE_INSTALL_PREFIX=/home/valdeus1151/Y3T1/FRA333_LAB_HW/LAB3/install/ros2_control_demo_3r_robot
[1.893s] Invoking command in '/home/valdeus1151/Y3T1/FRA333_LAB_HW/LAB3/build/ros2_control_demo_3r_robot': CMAKE_PREFIX_PATH=/opt/ros/foxy /usr/bin/cmake --build /home/valdeus1151/Y3T1/FRA333_LAB_HW/LAB3/build/ros2_control_demo_3r_robot -- -j12 -l12
[1.936s] Invoked command in '/home/valdeus1151/Y3T1/FRA333_LAB_HW/LAB3/build/ros2_control_demo_3r_robot' returned '0': CMAKE_PREFIX_PATH=/opt/ros/foxy /usr/bin/cmake --build /home/valdeus1151/Y3T1/FRA333_LAB_HW/LAB3/build/ros2_control_demo_3r_robot -- -j12 -l12
[1.966s] Invoking command in '/home/valdeus1151/Y3T1/FRA333_LAB_HW/LAB3/build/ros2_control_demo_3r_robot': CMAKE_PREFIX_PATH=/opt/ros/foxy /usr/bin/cmake --install /home/valdeus1151/Y3T1/FRA333_LAB_HW/LAB3/build/ros2_control_demo_3r_robot
[1.974s] -- Install configuration: ""
[1.974s] -- Execute custom install script
[1.975s] -- Symlinking: /home/valdeus1151/Y3T1/FRA333_LAB_HW/LAB3/install/ros2_control_demo_3r_robot/share/ros2_control_demo_3r_robot/environment/pythonpath.sh
[1.984s] -- Symlinking: /home/valdeus1151/Y3T1/FRA333_LAB_HW/LAB3/install/ros2_control_demo_3r_robot/share/ros2_control_demo_3r_robot/environment/pythonpath.dsv
[1.993s] -- Symlinking: /home/valdeus1151/Y3T1/FRA333_LAB_HW/LAB3/install/ros2_control_demo_3r_robot/lib/python3.8/site-packages/ros2_control_demo_3r_robot/__init__.py
[2.003s] -- Symlinking: /home/valdeus1151/Y3T1/FRA333_LAB_HW/LAB3/install/ros2_control_demo_3r_robot/lib/ros2_control_demo_3r_robot/trajectory_gen.py
[2.012s] -- Symlinking: /home/valdeus1151/Y3T1/FRA333_LAB_HW/LAB3/install/ros2_control_demo_3r_robot/share/ros2_control_demo_3r_robot/description/create_link.xacro
[2.021s] -- Symlinking: /home/valdeus1151/Y3T1/FRA333_LAB_HW/LAB3/install/ros2_control_demo_3r_robot/share/ros2_control_demo_3r_robot/description/example_gazebo.xacro
[2.029s] -- Symlinking: /home/valdeus1151/Y3T1/FRA333_LAB_HW/LAB3/install/ros2_control_demo_3r_robot/share/ros2_control_demo_3r_robot/description/example_include.xacro
[2.040s] -- Symlinking: /home/valdeus1151/Y3T1/FRA333_LAB_HW/LAB3/install/ros2_control_demo_3r_robot/share/ros2_control_demo_3r_robot/description/example_robot.urdf.xacro
[2.049s] -- Symlinking: /home/valdeus1151/Y3T1/FRA333_LAB_HW/LAB3/install/ros2_control_demo_3r_robot/share/ros2_control_demo_3r_robot/launch/dummy_gazebo.launch.py
[2.057s] -- Symlinking: /home/valdeus1151/Y3T1/FRA333_LAB_HW/LAB3/install/ros2_control_demo_3r_robot/share/ros2_control_demo_3r_robot/config/myrobot_controllers.yaml
[2.066s] -- Symlinking: /home/valdeus1151/Y3T1/FRA333_LAB_HW/LAB3/install/ros2_control_demo_3r_robot/share/ros2_control_demo_3r_robot/scripts/trajectory_gen.py
[2.075s] -- Symlinking: /home/valdeus1151/Y3T1/FRA333_LAB_HW/LAB3/install/ros2_control_demo_3r_robot/share/ros2_control_demo_3r_robot/meshes/link_0.stl
[2.084s] -- Symlinking: /home/valdeus1151/Y3T1/FRA333_LAB_HW/LAB3/install/ros2_control_demo_3r_robot/share/ros2_control_demo_3r_robot/meshes/link_1.stl
[2.092s] -- Symlinking: /home/valdeus1151/Y3T1/FRA333_LAB_HW/LAB3/install/ros2_control_demo_3r_robot/share/ros2_control_demo_3r_robot/meshes/link_2.stl
[2.103s] -- Symlinking: /home/valdeus1151/Y3T1/FRA333_LAB_HW/LAB3/install/ros2_control_demo_3r_robot/share/ros2_control_demo_3r_robot/meshes/link_3.stl
[2.112s] -- Symlinking: /home/valdeus1151/Y3T1/FRA333_LAB_HW/LAB3/install/ros2_control_demo_3r_robot/share/ament_index/resource_index/package_run_dependencies/ros2_control_demo_3r_robot
[2.120s] -- Symlinking: /home/valdeus1151/Y3T1/FRA333_LAB_HW/LAB3/install/ros2_control_demo_3r_robot/share/ament_index/resource_index/parent_prefix_path/ros2_control_demo_3r_robot
[2.128s] -- Symlinking: /home/valdeus1151/Y3T1/FRA333_LAB_HW/LAB3/install/ros2_control_demo_3r_robot/share/ros2_control_demo_3r_robot/environment/ament_prefix_path.sh
[2.139s] -- Symlinking: /home/valdeus1151/Y3T1/FRA333_LAB_HW/LAB3/install/ros2_control_demo_3r_robot/share/ros2_control_demo_3r_robot/environment/ament_prefix_path.dsv
[2.148s] -- Symlinking: /home/valdeus1151/Y3T1/FRA333_LAB_HW/LAB3/install/ros2_control_demo_3r_robot/share/ros2_control_demo_3r_robot/environment/path.sh
[2.157s] -- Symlinking: /home/valdeus1151/Y3T1/FRA333_LAB_HW/LAB3/install/ros2_control_demo_3r_robot/share/ros2_control_demo_3r_robot/environment/path.dsv
[2.167s] -- Symlinking: /home/valdeus1151/Y3T1/FRA333_LAB_HW/LAB3/install/ros2_control_demo_3r_robot/share/ros2_control_demo_3r_robot/local_setup.bash
[2.177s] -- Symlinking: /home/valdeus1151/Y3T1/FRA333_LAB_HW/LAB3/install/ros2_control_demo_3r_robot/share/ros2_control_demo_3r_robot/local_setup.sh
[2.186s] -- Symlinking: /home/valdeus1151/Y3T1/FRA333_LAB_HW/LAB3/install/ros2_control_demo_3r_robot/share/ros2_control_demo_3r_robot/local_setup.zsh
[2.195s] -- Symlinking: /home/valdeus1151/Y3T1/FRA333_LAB_HW/LAB3/install/ros2_control_demo_3r_robot/share/ros2_control_demo_3r_robot/local_setup.dsv
[2.205s] -- Symlinking: /home/valdeus1151/Y3T1/FRA333_LAB_HW/LAB3/install/ros2_control_demo_3r_robot/share/ros2_control_demo_3r_robot/package.dsv
[2.215s] -- Symlinking: /home/valdeus1151/Y3T1/FRA333_LAB_HW/LAB3/install/ros2_control_demo_3r_robot/share/ament_index/resource_index/packages/ros2_control_demo_3r_robot
[2.224s] -- Symlinking: /home/valdeus1151/Y3T1/FRA333_LAB_HW/LAB3/install/ros2_control_demo_3r_robot/share/ros2_control_demo_3r_robot/cmake/ros2_control_demo_3r_robotConfig.cmake
[2.233s] -- Symlinking: /home/valdeus1151/Y3T1/FRA333_LAB_HW/LAB3/install/ros2_control_demo_3r_robot/share/ros2_control_demo_3r_robot/cmake/ros2_control_demo_3r_robotConfig-version.cmake
[2.242s] -- Symlinking: /home/valdeus1151/Y3T1/FRA333_LAB_HW/LAB3/install/ros2_control_demo_3r_robot/share/ros2_control_demo_3r_robot/package.xml
[2.277s] Listing '/home/valdeus1151/Y3T1/FRA333_LAB_HW/LAB3/install/ros2_control_demo_3r_robot/lib/python3.8/site-packages/ros2_control_demo_3r_robot'...
[2.277s] Compiling '/home/valdeus1151/Y3T1/FRA333_LAB_HW/LAB3/install/ros2_control_demo_3r_robot/lib/python3.8/site-packages/ros2_control_demo_3r_robot/__init__.py'...
[2.283s] Invoked command in '/home/valdeus1151/Y3T1/FRA333_LAB_HW/LAB3/build/ros2_control_demo_3r_robot' returned '0': CMAKE_PREFIX_PATH=/opt/ros/foxy /usr/bin/cmake --install /home/valdeus1151/Y3T1/FRA333_LAB_HW/LAB3/build/ros2_control_demo_3r_robot
