[0.026s] Invoking command in '/home/omzlette/gitROS/FRA333_LAB_HW/LAB3/build/xicro_pkg': CMAKE_PREFIX_PATH=${CMAKE_PREFIX_PATH}:/opt/ros/foxy /usr/bin/cmake /home/omzlette/gitROS/FRA333_LAB_HW/LAB3/src/Xicro/xicro_pkg -DCMAKE_INSTALL_PREFIX=/home/omzlette/gitROS/FRA333_LAB_HW/LAB3/install/xicro_pkg
[0.163s] -- The C compiler identification is GNU 9.4.0
[0.289s] -- The CXX compiler identification is GNU 9.4.0
[0.332s] -- Check for working C compiler: /usr/bin/cc
[0.410s] -- Check for working C compiler: /usr/bin/cc -- works
[0.411s] -- Detecting C compiler ABI info
[0.511s] -- Detecting C compiler ABI info - done
[0.521s] -- Detecting C compile features
[0.521s] -- Detecting C compile features - done
[0.524s] -- Check for working CXX compiler: /usr/bin/c++
[0.623s] -- Check for working CXX compiler: /usr/bin/c++ -- works
[0.624s] -- Detecting CXX compiler ABI info
[0.731s] -- Detecting CXX compiler ABI info - done
[0.748s] -- Detecting CXX compile features
[0.748s] -- Detecting CXX compile features - done
[0.751s] -- Found ament_cmake: 0.9.11 (/opt/ros/foxy/share/ament_cmake/cmake)
[0.771s] -- Found PythonInterp: /usr/bin/python3 (found suitable version "3.8.10", minimum required is "3") 
[0.771s] -- Using PYTHON_EXECUTABLE: /usr/bin/python3
[0.957s] -- Found rclcpp: 2.4.2 (/opt/ros/foxy/share/rclcpp/cmake)
[1.087s] -- Using all available rosidl_typesupport_c: rosidl_typesupport_fastrtps_c;rosidl_typesupport_introspection_c
[1.094s] -- Found rosidl_adapter: 1.3.0 (/opt/ros/foxy/share/rosidl_adapter/cmake)
[1.720s] -- Found OpenSSL: /usr/lib/x86_64-linux-gnu/libcrypto.so (found version "1.1.1f")  
[2.366s] -- Found FastRTPS: /opt/ros/foxy/include  
[3.645s] -- Using all available rosidl_typesupport_cpp: rosidl_typesupport_fastrtps_cpp;rosidl_typesupport_introspection_cpp
[3.693s] -- Found rmw_implementation_cmake: 1.0.3 (/opt/ros/foxy/share/rmw_implementation_cmake/cmake)
[3.694s] -- Using RMW implementation 'rmw_fastrtps_cpp' as default
[3.695s] -- Looking for pthread.h
[3.788s] -- Looking for pthread.h - found
[3.789s] -- Performing Test CMAKE_HAVE_LIBC_PTHREAD
[3.883s] -- Performing Test CMAKE_HAVE_LIBC_PTHREAD - Failed
[3.883s] -- Looking for pthread_create in pthreads
[3.977s] -- Looking for pthread_create in pthreads - not found
[3.977s] -- Looking for pthread_create in pthread
[4.068s] -- Looking for pthread_create in pthread - found
[4.069s] -- Found Threads: TRUE  
[4.202s] -- Found rclpy: 1.0.11 (/opt/ros/foxy/share/rclpy/cmake)
[4.278s] -- Configuring done
[4.280s] -- Generating done
[4.282s] -- Build files have been written to: /home/omzlette/gitROS/FRA333_LAB_HW/LAB3/build/xicro_pkg
[4.288s] Invoked command in '/home/omzlette/gitROS/FRA333_LAB_HW/LAB3/build/xicro_pkg' returned '0': CMAKE_PREFIX_PATH=${CMAKE_PREFIX_PATH}:/opt/ros/foxy /usr/bin/cmake /home/omzlette/gitROS/FRA333_LAB_HW/LAB3/src/Xicro/xicro_pkg -DCMAKE_INSTALL_PREFIX=/home/omzlette/gitROS/FRA333_LAB_HW/LAB3/install/xicro_pkg
[4.291s] Invoking command in '/home/omzlette/gitROS/FRA333_LAB_HW/LAB3/build/xicro_pkg': CMAKE_PREFIX_PATH=${CMAKE_PREFIX_PATH}:/opt/ros/foxy /usr/bin/cmake --build /home/omzlette/gitROS/FRA333_LAB_HW/LAB3/build/xicro_pkg -- -j12 -l12
[4.322s] Invoked command in '/home/omzlette/gitROS/FRA333_LAB_HW/LAB3/build/xicro_pkg' returned '0': CMAKE_PREFIX_PATH=${CMAKE_PREFIX_PATH}:/opt/ros/foxy /usr/bin/cmake --build /home/omzlette/gitROS/FRA333_LAB_HW/LAB3/build/xicro_pkg -- -j12 -l12
[4.339s] Invoking command in '/home/omzlette/gitROS/FRA333_LAB_HW/LAB3/build/xicro_pkg': CMAKE_PREFIX_PATH=${CMAKE_PREFIX_PATH}:/opt/ros/foxy /usr/bin/cmake --install /home/omzlette/gitROS/FRA333_LAB_HW/LAB3/build/xicro_pkg
[4.345s] -- Install configuration: ""
[4.346s] -- Installing: /home/omzlette/gitROS/FRA333_LAB_HW/LAB3/install/xicro_pkg/share/xicro_pkg/environment/pythonpath.sh
[4.346s] -- Installing: /home/omzlette/gitROS/FRA333_LAB_HW/LAB3/install/xicro_pkg/share/xicro_pkg/environment/pythonpath.dsv
[4.346s] -- Installing: /home/omzlette/gitROS/FRA333_LAB_HW/LAB3/install/xicro_pkg/lib/python3.8/site-packages/xicro_pkg
[4.346s] -- Installing: /home/omzlette/gitROS/FRA333_LAB_HW/LAB3/install/xicro_pkg/lib/python3.8/site-packages/xicro_pkg/__init__.py
[4.371s] Listing '/home/omzlette/gitROS/FRA333_LAB_HW/LAB3/install/xicro_pkg/lib/python3.8/site-packages/xicro_pkg'...
[4.371s] Compiling '/home/omzlette/gitROS/FRA333_LAB_HW/LAB3/install/xicro_pkg/lib/python3.8/site-packages/xicro_pkg/__init__.py'...
[4.375s] -- Installing: /home/omzlette/gitROS/FRA333_LAB_HW/LAB3/install/xicro_pkg/lib/xicro_pkg/gui_xicro.py
[4.375s] -- Installing: /home/omzlette/gitROS/FRA333_LAB_HW/LAB3/install/xicro_pkg/lib/xicro_pkg/generate_library.py
[4.375s] -- Installing: /home/omzlette/gitROS/FRA333_LAB_HW/LAB3/install/xicro_pkg/lib/xicro_pkg/generate_xicro_node.py
[4.375s] -- Installing: /home/omzlette/gitROS/FRA333_LAB_HW/LAB3/install/xicro_pkg/lib/xicro_pkg/fake_Imu_node.py
[4.376s] -- Installing: /home/omzlette/gitROS/FRA333_LAB_HW/LAB3/install/xicro_pkg/share/xicro_pkg/config
[4.376s] -- Installing: /home/omzlette/gitROS/FRA333_LAB_HW/LAB3/install/xicro_pkg/share/xicro_pkg/config/.arduino_cpp_preSetup.txt
[4.376s] -- Installing: /home/omzlette/gitROS/FRA333_LAB_HW/LAB3/install/xicro_pkg/share/xicro_pkg/config/setup_xicro.yaml
[4.376s] -- Installing: /home/omzlette/gitROS/FRA333_LAB_HW/LAB3/install/xicro_pkg/share/xicro_pkg/config/.stm32_cpp_preSetup.txt
[4.376s] -- Installing: /home/omzlette/gitROS/FRA333_LAB_HW/LAB3/install/xicro_pkg/share/xicro_pkg/config/.stm32_h_preSetup.txt
[4.376s] -- Installing: /home/omzlette/gitROS/FRA333_LAB_HW/LAB3/install/xicro_pkg/share/xicro_pkg/config/.Xicro_node_preSetup.txt
[4.377s] -- Installing: /home/omzlette/gitROS/FRA333_LAB_HW/LAB3/install/xicro_pkg/share/xicro_pkg/config/.arduino_h_preSetup.txt
[4.377s] -- Installing: /home/omzlette/gitROS/FRA333_LAB_HW/LAB3/install/xicro_pkg/share/ament_index/resource_index/package_run_dependencies/xicro_pkg
[4.377s] -- Installing: /home/omzlette/gitROS/FRA333_LAB_HW/LAB3/install/xicro_pkg/share/ament_index/resource_index/parent_prefix_path/xicro_pkg
[4.377s] -- Installing: /home/omzlette/gitROS/FRA333_LAB_HW/LAB3/install/xicro_pkg/share/xicro_pkg/environment/ament_prefix_path.sh
[4.377s] -- Installing: /home/omzlette/gitROS/FRA333_LAB_HW/LAB3/install/xicro_pkg/share/xicro_pkg/environment/ament_prefix_path.dsv
[4.377s] -- Installing: /home/omzlette/gitROS/FRA333_LAB_HW/LAB3/install/xicro_pkg/share/xicro_pkg/environment/path.sh
[4.378s] -- Installing: /home/omzlette/gitROS/FRA333_LAB_HW/LAB3/install/xicro_pkg/share/xicro_pkg/environment/path.dsv
[4.378s] -- Installing: /home/omzlette/gitROS/FRA333_LAB_HW/LAB3/install/xicro_pkg/share/xicro_pkg/local_setup.bash
[4.378s] -- Installing: /home/omzlette/gitROS/FRA333_LAB_HW/LAB3/install/xicro_pkg/share/xicro_pkg/local_setup.sh
[4.378s] -- Installing: /home/omzlette/gitROS/FRA333_LAB_HW/LAB3/install/xicro_pkg/share/xicro_pkg/local_setup.zsh
[4.378s] -- Installing: /home/omzlette/gitROS/FRA333_LAB_HW/LAB3/install/xicro_pkg/share/xicro_pkg/local_setup.dsv
[4.379s] -- Installing: /home/omzlette/gitROS/FRA333_LAB_HW/LAB3/install/xicro_pkg/share/xicro_pkg/package.dsv
[4.379s] -- Installing: /home/omzlette/gitROS/FRA333_LAB_HW/LAB3/install/xicro_pkg/share/ament_index/resource_index/packages/xicro_pkg
[4.379s] -- Installing: /home/omzlette/gitROS/FRA333_LAB_HW/LAB3/install/xicro_pkg/share/xicro_pkg/cmake/xicro_pkgConfig.cmake
[4.379s] -- Installing: /home/omzlette/gitROS/FRA333_LAB_HW/LAB3/install/xicro_pkg/share/xicro_pkg/cmake/xicro_pkgConfig-version.cmake
[4.379s] -- Installing: /home/omzlette/gitROS/FRA333_LAB_HW/LAB3/install/xicro_pkg/share/xicro_pkg/package.xml
[4.384s] Invoked command in '/home/omzlette/gitROS/FRA333_LAB_HW/LAB3/build/xicro_pkg' returned '0': CMAKE_PREFIX_PATH=${CMAKE_PREFIX_PATH}:/opt/ros/foxy /usr/bin/cmake --install /home/omzlette/gitROS/FRA333_LAB_HW/LAB3/build/xicro_pkg
