[0.027s] Invoking command in '/home/omzlette/gitRos/LAB2/build/sandevistan_kinematics': CMAKE_PREFIX_PATH=${CMAKE_PREFIX_PATH}:/opt/ros/foxy /usr/bin/cmake --build /home/omzlette/gitRos/LAB2/build/sandevistan_kinematics -- -j12 -l12
[0.055s] Invoked command in '/home/omzlette/gitRos/LAB2/build/sandevistan_kinematics' returned '0': CMAKE_PREFIX_PATH=${CMAKE_PREFIX_PATH}:/opt/ros/foxy /usr/bin/cmake --build /home/omzlette/gitRos/LAB2/build/sandevistan_kinematics -- -j12 -l12
[0.081s] Invoking command in '/home/omzlette/gitRos/LAB2/build/sandevistan_kinematics': CMAKE_PREFIX_PATH=${CMAKE_PREFIX_PATH}:/opt/ros/foxy /usr/bin/cmake --install /home/omzlette/gitRos/LAB2/build/sandevistan_kinematics
[0.086s] -- Install configuration: ""
[0.087s] -- Execute custom install script
[0.087s] -- Up-to-date symlink: /home/omzlette/gitRos/LAB2/install/sandevistan_kinematics/share/sandevistan_kinematics/environment/pythonpath.sh
[0.087s] -- Up-to-date symlink: /home/omzlette/gitRos/LAB2/install/sandevistan_kinematics/share/sandevistan_kinematics/environment/pythonpath.dsv
[0.088s] -- Up-to-date symlink: /home/omzlette/gitRos/LAB2/install/sandevistan_kinematics/lib/python3.8/site-packages/sandevistan_kinematics/__init__.py
[0.088s] -- Up-to-date symlink: /home/omzlette/gitRos/LAB2/install/sandevistan_kinematics/lib/python3.8/site-packages/sandevistan_kinematics/robot_module.py
[0.088s] -- Up-to-date symlink: /home/omzlette/gitRos/LAB2/install/sandevistan_kinematics/lib/sandevistan_kinematics/robot_script.py
[0.088s] -- Up-to-date symlink: /home/omzlette/gitRos/LAB2/install/sandevistan_kinematics/share/sandevistan_kinematics/launch/display_with_kinematics_srv.launch.py
[0.089s] -- Up-to-date symlink: /home/omzlette/gitRos/LAB2/install/sandevistan_kinematics/share/ament_index/resource_index/package_run_dependencies/sandevistan_kinematics
[0.089s] -- Up-to-date symlink: /home/omzlette/gitRos/LAB2/install/sandevistan_kinematics/share/ament_index/resource_index/parent_prefix_path/sandevistan_kinematics
[0.089s] -- Up-to-date symlink: /home/omzlette/gitRos/LAB2/install/sandevistan_kinematics/share/sandevistan_kinematics/environment/ament_prefix_path.sh
[0.090s] -- Up-to-date symlink: /home/omzlette/gitRos/LAB2/install/sandevistan_kinematics/share/sandevistan_kinematics/environment/ament_prefix_path.dsv
[0.090s] -- Up-to-date symlink: /home/omzlette/gitRos/LAB2/install/sandevistan_kinematics/share/sandevistan_kinematics/environment/path.sh
[0.090s] -- Up-to-date symlink: /home/omzlette/gitRos/LAB2/install/sandevistan_kinematics/share/sandevistan_kinematics/environment/path.dsv
[0.090s] -- Up-to-date symlink: /home/omzlette/gitRos/LAB2/install/sandevistan_kinematics/share/sandevistan_kinematics/local_setup.bash
[0.091s] -- Up-to-date symlink: /home/omzlette/gitRos/LAB2/install/sandevistan_kinematics/share/sandevistan_kinematics/local_setup.sh
[0.091s] -- Up-to-date symlink: /home/omzlette/gitRos/LAB2/install/sandevistan_kinematics/share/sandevistan_kinematics/local_setup.zsh
[0.091s] -- Up-to-date symlink: /home/omzlette/gitRos/LAB2/install/sandevistan_kinematics/share/sandevistan_kinematics/local_setup.dsv
[0.091s] -- Symlinking: /home/omzlette/gitRos/LAB2/install/sandevistan_kinematics/share/sandevistan_kinematics/package.dsv
[0.098s] -- Up-to-date symlink: /home/omzlette/gitRos/LAB2/install/sandevistan_kinematics/share/ament_index/resource_index/packages/sandevistan_kinematics
[0.098s] -- Up-to-date symlink: /home/omzlette/gitRos/LAB2/install/sandevistan_kinematics/share/sandevistan_kinematics/cmake/sandevistan_kinematicsConfig.cmake
[0.098s] -- Up-to-date symlink: /home/omzlette/gitRos/LAB2/install/sandevistan_kinematics/share/sandevistan_kinematics/cmake/sandevistan_kinematicsConfig-version.cmake
[0.099s] -- Up-to-date symlink: /home/omzlette/gitRos/LAB2/install/sandevistan_kinematics/share/sandevistan_kinematics/package.xml
[0.122s] Listing '/home/omzlette/gitRos/LAB2/install/sandevistan_kinematics/lib/python3.8/site-packages/sandevistan_kinematics'...
[0.150s] Invoked command in '/home/omzlette/gitRos/LAB2/build/sandevistan_kinematics' returned '0': CMAKE_PREFIX_PATH=${CMAKE_PREFIX_PATH}:/opt/ros/foxy /usr/bin/cmake --install /home/omzlette/gitRos/LAB2/build/sandevistan_kinematics
