[0.123s] DEBUG:colcon:Command line arguments: ['/usr/bin/colcon', 'build', '--symlink-install']
[0.123s] DEBUG:colcon:Parsed command line arguments: Namespace(allow_overriding=[], ament_cmake_args=None, base_paths=['.'], build_base='build', catkin_cmake_args=None, catkin_skip_building_tests=False, cmake_args=None, cmake_clean_cache=False, cmake_clean_first=False, cmake_force_configure=False, cmake_target=None, cmake_target_skip_unavailable=False, continue_on_error=False, event_handlers=None, executor='parallel', ignore_user_meta=False, install_base='install', log_base=None, log_level=None, main=<bound method BuildVerb.main of <colcon_core.verb.build.BuildVerb object at 0x7f54b71eaa00>>, merge_install=False, metas=['./colcon.meta'], packages_above=None, packages_above_and_dependencies=None, packages_above_depth=None, packages_end=None, packages_ignore=None, packages_ignore_regex=None, packages_select=None, packages_select_build_failed=False, packages_select_by_dep=None, packages_select_regex=None, packages_select_test_failures=False, packages_skip=None, packages_skip_build_finished=False, packages_skip_by_dep=None, packages_skip_regex=None, packages_skip_test_passed=False, packages_skip_up_to=None, packages_start=None, packages_up_to=None, packages_up_to_regex=None, parallel_workers=12, paths=None, symlink_install=True, test_result_base=None, verb_extension=<colcon_core.verb.build.BuildVerb object at 0x7f54b71eaa00>, verb_name='build', verb_parser=<colcon_defaults.argument_parser.defaults.DefaultArgumentsDecorator object at 0x7f54b71eaf70>)
[0.143s] Level 1:colcon.colcon_core.package_discovery:discover_packages(colcon_meta) check parameters
[0.143s] Level 1:colcon.colcon_core.package_discovery:discover_packages(recursive) check parameters
[0.144s] Level 1:colcon.colcon_core.package_discovery:discover_packages(ignore) check parameters
[0.144s] Level 1:colcon.colcon_core.package_discovery:discover_packages(path) check parameters
[0.144s] Level 1:colcon.colcon_core.package_discovery:discover_packages(colcon_meta) discover
[0.144s] Level 1:colcon.colcon_core.package_discovery:discover_packages(recursive) discover
[0.144s] INFO:colcon.colcon_core.package_discovery:Crawling recursively for packages in '/home/omzlette/gitRos/LAB2'
[0.144s] Level 1:colcon.colcon_core.package_identification:_identify(.) by extensions ['ignore', 'ignore_ament_install']
[0.144s] Level 1:colcon.colcon_core.package_identification:_identify(.) by extension 'ignore'
[0.144s] Level 1:colcon.colcon_core.package_identification:_identify(.) by extension 'ignore_ament_install'
[0.144s] Level 1:colcon.colcon_core.package_identification:_identify(.) by extensions ['colcon_pkg']
[0.144s] Level 1:colcon.colcon_core.package_identification:_identify(.) by extension 'colcon_pkg'
[0.144s] Level 1:colcon.colcon_core.package_identification:_identify(.) by extensions ['colcon_meta']
[0.144s] Level 1:colcon.colcon_core.package_identification:_identify(.) by extension 'colcon_meta'
[0.144s] Level 1:colcon.colcon_core.package_identification:_identify(.) by extensions ['ros']
[0.144s] Level 1:colcon.colcon_core.package_identification:_identify(.) by extension 'ros'
[0.157s] Level 1:colcon.colcon_core.package_identification:_identify(.) by extensions ['cmake', 'python']
[0.157s] Level 1:colcon.colcon_core.package_identification:_identify(.) by extension 'cmake'
[0.157s] Level 1:colcon.colcon_core.package_identification:_identify(.) by extension 'python'
[0.157s] Level 1:colcon.colcon_core.package_identification:_identify(.) by extensions ['python_setup_py']
[0.157s] Level 1:colcon.colcon_core.package_identification:_identify(.) by extension 'python_setup_py'
[0.157s] Level 1:colcon.colcon_core.package_identification:_identify(CAD) by extensions ['ignore', 'ignore_ament_install']
[0.157s] Level 1:colcon.colcon_core.package_identification:_identify(CAD) by extension 'ignore'
[0.157s] Level 1:colcon.colcon_core.package_identification:_identify(CAD) by extension 'ignore_ament_install'
[0.157s] Level 1:colcon.colcon_core.package_identification:_identify(CAD) by extensions ['colcon_pkg']
[0.157s] Level 1:colcon.colcon_core.package_identification:_identify(CAD) by extension 'colcon_pkg'
[0.157s] Level 1:colcon.colcon_core.package_identification:_identify(CAD) by extensions ['colcon_meta']
[0.157s] Level 1:colcon.colcon_core.package_identification:_identify(CAD) by extension 'colcon_meta'
[0.157s] Level 1:colcon.colcon_core.package_identification:_identify(CAD) by extensions ['ros']
[0.157s] Level 1:colcon.colcon_core.package_identification:_identify(CAD) by extension 'ros'
[0.157s] Level 1:colcon.colcon_core.package_identification:_identify(CAD) by extensions ['cmake', 'python']
[0.157s] Level 1:colcon.colcon_core.package_identification:_identify(CAD) by extension 'cmake'
[0.157s] Level 1:colcon.colcon_core.package_identification:_identify(CAD) by extension 'python'
[0.158s] Level 1:colcon.colcon_core.package_identification:_identify(CAD) by extensions ['python_setup_py']
[0.158s] Level 1:colcon.colcon_core.package_identification:_identify(CAD) by extension 'python_setup_py'
[0.158s] Level 1:colcon.colcon_core.package_identification:_identify(build) by extensions ['ignore', 'ignore_ament_install']
[0.158s] Level 1:colcon.colcon_core.package_identification:_identify(build) by extension 'ignore'
[0.158s] Level 1:colcon.colcon_core.package_identification:_identify(build) ignored
[0.158s] Level 1:colcon.colcon_core.package_identification:_identify(doc) by extensions ['ignore', 'ignore_ament_install']
[0.158s] Level 1:colcon.colcon_core.package_identification:_identify(doc) by extension 'ignore'
[0.158s] Level 1:colcon.colcon_core.package_identification:_identify(doc) by extension 'ignore_ament_install'
[0.158s] Level 1:colcon.colcon_core.package_identification:_identify(doc) by extensions ['colcon_pkg']
[0.158s] Level 1:colcon.colcon_core.package_identification:_identify(doc) by extension 'colcon_pkg'
[0.158s] Level 1:colcon.colcon_core.package_identification:_identify(doc) by extensions ['colcon_meta']
[0.158s] Level 1:colcon.colcon_core.package_identification:_identify(doc) by extension 'colcon_meta'
[0.158s] Level 1:colcon.colcon_core.package_identification:_identify(doc) by extensions ['ros']
[0.158s] Level 1:colcon.colcon_core.package_identification:_identify(doc) by extension 'ros'
[0.158s] Level 1:colcon.colcon_core.package_identification:_identify(doc) by extensions ['cmake', 'python']
[0.158s] Level 1:colcon.colcon_core.package_identification:_identify(doc) by extension 'cmake'
[0.158s] Level 1:colcon.colcon_core.package_identification:_identify(doc) by extension 'python'
[0.158s] Level 1:colcon.colcon_core.package_identification:_identify(doc) by extensions ['python_setup_py']
[0.158s] Level 1:colcon.colcon_core.package_identification:_identify(doc) by extension 'python_setup_py'
[0.158s] Level 1:colcon.colcon_core.package_identification:_identify(doc/pic) by extensions ['ignore', 'ignore_ament_install']
[0.158s] Level 1:colcon.colcon_core.package_identification:_identify(doc/pic) by extension 'ignore'
[0.158s] Level 1:colcon.colcon_core.package_identification:_identify(doc/pic) by extension 'ignore_ament_install'
[0.158s] Level 1:colcon.colcon_core.package_identification:_identify(doc/pic) by extensions ['colcon_pkg']
[0.158s] Level 1:colcon.colcon_core.package_identification:_identify(doc/pic) by extension 'colcon_pkg'
[0.158s] Level 1:colcon.colcon_core.package_identification:_identify(doc/pic) by extensions ['colcon_meta']
[0.158s] Level 1:colcon.colcon_core.package_identification:_identify(doc/pic) by extension 'colcon_meta'
[0.159s] Level 1:colcon.colcon_core.package_identification:_identify(doc/pic) by extensions ['ros']
[0.159s] Level 1:colcon.colcon_core.package_identification:_identify(doc/pic) by extension 'ros'
[0.159s] Level 1:colcon.colcon_core.package_identification:_identify(doc/pic) by extensions ['cmake', 'python']
[0.159s] Level 1:colcon.colcon_core.package_identification:_identify(doc/pic) by extension 'cmake'
[0.159s] Level 1:colcon.colcon_core.package_identification:_identify(doc/pic) by extension 'python'
[0.159s] Level 1:colcon.colcon_core.package_identification:_identify(doc/pic) by extensions ['python_setup_py']
[0.159s] Level 1:colcon.colcon_core.package_identification:_identify(doc/pic) by extension 'python_setup_py'
[0.159s] Level 1:colcon.colcon_core.package_identification:_identify(install) by extensions ['ignore', 'ignore_ament_install']
[0.159s] Level 1:colcon.colcon_core.package_identification:_identify(install) by extension 'ignore'
[0.159s] Level 1:colcon.colcon_core.package_identification:_identify(install) ignored
[0.159s] Level 1:colcon.colcon_core.package_identification:_identify(log) by extensions ['ignore', 'ignore_ament_install']
[0.159s] Level 1:colcon.colcon_core.package_identification:_identify(log) by extension 'ignore'
[0.159s] Level 1:colcon.colcon_core.package_identification:_identify(log) ignored
[0.159s] Level 1:colcon.colcon_core.package_identification:_identify(src) by extensions ['ignore', 'ignore_ament_install']
[0.159s] Level 1:colcon.colcon_core.package_identification:_identify(src) by extension 'ignore'
[0.159s] Level 1:colcon.colcon_core.package_identification:_identify(src) by extension 'ignore_ament_install'
[0.159s] Level 1:colcon.colcon_core.package_identification:_identify(src) by extensions ['colcon_pkg']
[0.159s] Level 1:colcon.colcon_core.package_identification:_identify(src) by extension 'colcon_pkg'
[0.159s] Level 1:colcon.colcon_core.package_identification:_identify(src) by extensions ['colcon_meta']
[0.159s] Level 1:colcon.colcon_core.package_identification:_identify(src) by extension 'colcon_meta'
[0.159s] Level 1:colcon.colcon_core.package_identification:_identify(src) by extensions ['ros']
[0.159s] Level 1:colcon.colcon_core.package_identification:_identify(src) by extension 'ros'
[0.159s] Level 1:colcon.colcon_core.package_identification:_identify(src) by extensions ['cmake', 'python']
[0.160s] Level 1:colcon.colcon_core.package_identification:_identify(src) by extension 'cmake'
[0.160s] Level 1:colcon.colcon_core.package_identification:_identify(src) by extension 'python'
[0.160s] Level 1:colcon.colcon_core.package_identification:_identify(src) by extensions ['python_setup_py']
[0.160s] Level 1:colcon.colcon_core.package_identification:_identify(src) by extension 'python_setup_py'
[0.160s] Level 1:colcon.colcon_core.package_identification:_identify(src/sandevistan_description) by extensions ['ignore', 'ignore_ament_install']
[0.160s] Level 1:colcon.colcon_core.package_identification:_identify(src/sandevistan_description) by extension 'ignore'
[0.160s] Level 1:colcon.colcon_core.package_identification:_identify(src/sandevistan_description) by extension 'ignore_ament_install'
[0.160s] Level 1:colcon.colcon_core.package_identification:_identify(src/sandevistan_description) by extensions ['colcon_pkg']
[0.160s] Level 1:colcon.colcon_core.package_identification:_identify(src/sandevistan_description) by extension 'colcon_pkg'
[0.160s] Level 1:colcon.colcon_core.package_identification:_identify(src/sandevistan_description) by extensions ['colcon_meta']
[0.160s] Level 1:colcon.colcon_core.package_identification:_identify(src/sandevistan_description) by extension 'colcon_meta'
[0.160s] Level 1:colcon.colcon_core.package_identification:_identify(src/sandevistan_description) by extensions ['ros']
[0.160s] Level 1:colcon.colcon_core.package_identification:_identify(src/sandevistan_description) by extension 'ros'
[0.162s] DEBUG:colcon.colcon_core.package_identification:Package 'src/sandevistan_description' with type 'ros.ament_cmake' and name 'sandevistan_description'
[0.162s] Level 1:colcon.colcon_core.package_identification:_identify(src/sandevistan_kinematics) by extensions ['ignore', 'ignore_ament_install']
[0.162s] Level 1:colcon.colcon_core.package_identification:_identify(src/sandevistan_kinematics) by extension 'ignore'
[0.162s] Level 1:colcon.colcon_core.package_identification:_identify(src/sandevistan_kinematics) by extension 'ignore_ament_install'
[0.162s] Level 1:colcon.colcon_core.package_identification:_identify(src/sandevistan_kinematics) by extensions ['colcon_pkg']
[0.162s] Level 1:colcon.colcon_core.package_identification:_identify(src/sandevistan_kinematics) by extension 'colcon_pkg'
[0.162s] Level 1:colcon.colcon_core.package_identification:_identify(src/sandevistan_kinematics) by extensions ['colcon_meta']
[0.162s] Level 1:colcon.colcon_core.package_identification:_identify(src/sandevistan_kinematics) by extension 'colcon_meta'
[0.162s] Level 1:colcon.colcon_core.package_identification:_identify(src/sandevistan_kinematics) by extensions ['ros']
[0.162s] Level 1:colcon.colcon_core.package_identification:_identify(src/sandevistan_kinematics) by extension 'ros'
[0.162s] DEBUG:colcon.colcon_core.package_identification:Package 'src/sandevistan_kinematics' with type 'ros.ament_cmake' and name 'sandevistan_kinematics'
[0.163s] Level 1:colcon.colcon_core.package_identification:_identify(src/sandevistan_kinematics_interfaces) by extensions ['ignore', 'ignore_ament_install']
[0.163s] Level 1:colcon.colcon_core.package_identification:_identify(src/sandevistan_kinematics_interfaces) by extension 'ignore'
[0.163s] Level 1:colcon.colcon_core.package_identification:_identify(src/sandevistan_kinematics_interfaces) by extension 'ignore_ament_install'
[0.163s] Level 1:colcon.colcon_core.package_identification:_identify(src/sandevistan_kinematics_interfaces) by extensions ['colcon_pkg']
[0.163s] Level 1:colcon.colcon_core.package_identification:_identify(src/sandevistan_kinematics_interfaces) by extension 'colcon_pkg'
[0.163s] Level 1:colcon.colcon_core.package_identification:_identify(src/sandevistan_kinematics_interfaces) by extensions ['colcon_meta']
[0.163s] Level 1:colcon.colcon_core.package_identification:_identify(src/sandevistan_kinematics_interfaces) by extension 'colcon_meta'
[0.163s] Level 1:colcon.colcon_core.package_identification:_identify(src/sandevistan_kinematics_interfaces) by extensions ['ros']
[0.163s] Level 1:colcon.colcon_core.package_identification:_identify(src/sandevistan_kinematics_interfaces) by extension 'ros'
[0.163s] DEBUG:colcon.colcon_core.package_identification:Package 'src/sandevistan_kinematics_interfaces' with type 'ros.ament_cmake' and name 'sandevistan_kinematics_interfaces'
[0.163s] Level 1:colcon.colcon_core.package_discovery:discover_packages(recursive) using defaults
[0.163s] Level 1:colcon.colcon_core.package_discovery:discover_packages(ignore) discover
[0.163s] Level 1:colcon.colcon_core.package_discovery:discover_packages(ignore) using defaults
[0.163s] Level 1:colcon.colcon_core.package_discovery:discover_packages(path) discover
[0.163s] Level 1:colcon.colcon_core.package_discovery:discover_packages(path) using defaults
[0.181s] Level 1:colcon.colcon_core.package_discovery:discover_packages(prefix_path) check parameters
[0.181s] Level 1:colcon.colcon_core.package_discovery:discover_packages(prefix_path) discover
[0.183s] DEBUG:colcon.colcon_installed_package_information.package_discovery:Found 2 installed packages in /home/omzlette/gitRos/LAB1_WS/install
[0.184s] DEBUG:colcon.colcon_installed_package_information.package_discovery:Found 1 installed packages in /home/omzlette/ROS2Dir/FRA333_WS/install
[0.185s] DEBUG:colcon.colcon_installed_package_information.package_discovery:Found 1 installed packages in /home/omzlette/ROS2Dir/estella_ws/install
[0.187s] DEBUG:colcon.colcon_installed_package_information.package_discovery:Found 263 installed packages in /opt/ros/foxy
[0.188s] Level 1:colcon.colcon_core.package_discovery:discover_packages(prefix_path) using defaults
[0.244s] Level 5:colcon.colcon_core.verb:set package 'sandevistan_description' build argument 'cmake_args' from command line to 'None'
[0.244s] Level 5:colcon.colcon_core.verb:set package 'sandevistan_description' build argument 'cmake_target' from command line to 'None'
[0.244s] Level 5:colcon.colcon_core.verb:set package 'sandevistan_description' build argument 'cmake_target_skip_unavailable' from command line to 'False'
[0.245s] Level 5:colcon.colcon_core.verb:set package 'sandevistan_description' build argument 'cmake_clean_cache' from command line to 'False'
[0.245s] Level 5:colcon.colcon_core.verb:set package 'sandevistan_description' build argument 'cmake_clean_first' from command line to 'False'
[0.245s] Level 5:colcon.colcon_core.verb:set package 'sandevistan_description' build argument 'cmake_force_configure' from command line to 'False'
[0.245s] Level 5:colcon.colcon_core.verb:set package 'sandevistan_description' build argument 'ament_cmake_args' from command line to 'None'
[0.245s] Level 5:colcon.colcon_core.verb:set package 'sandevistan_description' build argument 'catkin_cmake_args' from command line to 'None'
[0.245s] Level 5:colcon.colcon_core.verb:set package 'sandevistan_description' build argument 'catkin_skip_building_tests' from command line to 'False'
[0.245s] DEBUG:colcon.colcon_core.verb:Building package 'sandevistan_description' with the following arguments: {'ament_cmake_args': None, 'build_base': '/home/omzlette/gitRos/LAB2/build/sandevistan_description', 'catkin_cmake_args': None, 'catkin_skip_building_tests': False, 'cmake_args': None, 'cmake_clean_cache': False, 'cmake_clean_first': False, 'cmake_force_configure': False, 'cmake_target': None, 'cmake_target_skip_unavailable': False, 'install_base': '/home/omzlette/gitRos/LAB2/install/sandevistan_description', 'merge_install': False, 'path': '/home/omzlette/gitRos/LAB2/src/sandevistan_description', 'symlink_install': True, 'test_result_base': None}
[0.246s] Level 5:colcon.colcon_core.verb:set package 'sandevistan_kinematics' build argument 'cmake_args' from command line to 'None'
[0.246s] Level 5:colcon.colcon_core.verb:set package 'sandevistan_kinematics' build argument 'cmake_target' from command line to 'None'
[0.246s] Level 5:colcon.colcon_core.verb:set package 'sandevistan_kinematics' build argument 'cmake_target_skip_unavailable' from command line to 'False'
[0.246s] Level 5:colcon.colcon_core.verb:set package 'sandevistan_kinematics' build argument 'cmake_clean_cache' from command line to 'False'
[0.246s] Level 5:colcon.colcon_core.verb:set package 'sandevistan_kinematics' build argument 'cmake_clean_first' from command line to 'False'
[0.246s] Level 5:colcon.colcon_core.verb:set package 'sandevistan_kinematics' build argument 'cmake_force_configure' from command line to 'False'
[0.246s] Level 5:colcon.colcon_core.verb:set package 'sandevistan_kinematics' build argument 'ament_cmake_args' from command line to 'None'
[0.246s] Level 5:colcon.colcon_core.verb:set package 'sandevistan_kinematics' build argument 'catkin_cmake_args' from command line to 'None'
[0.246s] Level 5:colcon.colcon_core.verb:set package 'sandevistan_kinematics' build argument 'catkin_skip_building_tests' from command line to 'False'
[0.246s] DEBUG:colcon.colcon_core.verb:Building package 'sandevistan_kinematics' with the following arguments: {'ament_cmake_args': None, 'build_base': '/home/omzlette/gitRos/LAB2/build/sandevistan_kinematics', 'catkin_cmake_args': None, 'catkin_skip_building_tests': False, 'cmake_args': None, 'cmake_clean_cache': False, 'cmake_clean_first': False, 'cmake_force_configure': False, 'cmake_target': None, 'cmake_target_skip_unavailable': False, 'install_base': '/home/omzlette/gitRos/LAB2/install/sandevistan_kinematics', 'merge_install': False, 'path': '/home/omzlette/gitRos/LAB2/src/sandevistan_kinematics', 'symlink_install': True, 'test_result_base': None}
[0.247s] Level 5:colcon.colcon_core.verb:set package 'sandevistan_kinematics_interfaces' build argument 'cmake_args' from command line to 'None'
[0.247s] Level 5:colcon.colcon_core.verb:set package 'sandevistan_kinematics_interfaces' build argument 'cmake_target' from command line to 'None'
[0.247s] Level 5:colcon.colcon_core.verb:set package 'sandevistan_kinematics_interfaces' build argument 'cmake_target_skip_unavailable' from command line to 'False'
[0.247s] Level 5:colcon.colcon_core.verb:set package 'sandevistan_kinematics_interfaces' build argument 'cmake_clean_cache' from command line to 'False'
[0.247s] Level 5:colcon.colcon_core.verb:set package 'sandevistan_kinematics_interfaces' build argument 'cmake_clean_first' from command line to 'False'
[0.247s] Level 5:colcon.colcon_core.verb:set package 'sandevistan_kinematics_interfaces' build argument 'cmake_force_configure' from command line to 'False'
[0.247s] Level 5:colcon.colcon_core.verb:set package 'sandevistan_kinematics_interfaces' build argument 'ament_cmake_args' from command line to 'None'
[0.247s] Level 5:colcon.colcon_core.verb:set package 'sandevistan_kinematics_interfaces' build argument 'catkin_cmake_args' from command line to 'None'
[0.247s] Level 5:colcon.colcon_core.verb:set package 'sandevistan_kinematics_interfaces' build argument 'catkin_skip_building_tests' from command line to 'False'
[0.247s] DEBUG:colcon.colcon_core.verb:Building package 'sandevistan_kinematics_interfaces' with the following arguments: {'ament_cmake_args': None, 'build_base': '/home/omzlette/gitRos/LAB2/build/sandevistan_kinematics_interfaces', 'catkin_cmake_args': None, 'catkin_skip_building_tests': False, 'cmake_args': None, 'cmake_clean_cache': False, 'cmake_clean_first': False, 'cmake_force_configure': False, 'cmake_target': None, 'cmake_target_skip_unavailable': False, 'install_base': '/home/omzlette/gitRos/LAB2/install/sandevistan_kinematics_interfaces', 'merge_install': False, 'path': '/home/omzlette/gitRos/LAB2/src/sandevistan_kinematics_interfaces', 'symlink_install': True, 'test_result_base': None}
[0.248s] INFO:colcon.colcon_core.executor:Executing jobs using 'parallel' executor
[0.253s] DEBUG:colcon.colcon_parallel_executor.executor.parallel:run_until_complete
[0.253s] INFO:colcon.colcon_ros.task.ament_cmake.build:Building ROS package in '/home/omzlette/gitRos/LAB2/src/sandevistan_description' with build type 'ament_cmake'
[0.253s] INFO:colcon.colcon_cmake.task.cmake.build:Building CMake package in '/home/omzlette/gitRos/LAB2/src/sandevistan_description'
[0.257s] INFO:colcon.colcon_core.plugin_system:Skipping extension 'colcon_core.shell.bat': Not used on non-Windows systems
[0.257s] INFO:colcon.colcon_core.shell:Skip shell extension 'powershell' for command environment: Not usable outside of PowerShell
[0.258s] DEBUG:colcon.colcon_core.shell:Skip shell extension 'dsv' for command environment
[0.264s] INFO:colcon.colcon_ros.task.ament_cmake.build:Building ROS package in '/home/omzlette/gitRos/LAB2/src/sandevistan_kinematics' with build type 'ament_cmake'
[0.265s] INFO:colcon.colcon_cmake.task.cmake.build:Building CMake package in '/home/omzlette/gitRos/LAB2/src/sandevistan_kinematics'
[0.267s] INFO:colcon.colcon_core.shell:Skip shell extension 'powershell' for command environment: Not usable outside of PowerShell
[0.267s] DEBUG:colcon.colcon_core.shell:Skip shell extension 'dsv' for command environment
[0.274s] INFO:colcon.colcon_ros.task.ament_cmake.build:Building ROS package in '/home/omzlette/gitRos/LAB2/src/sandevistan_kinematics_interfaces' with build type 'ament_cmake'
[0.274s] INFO:colcon.colcon_cmake.task.cmake.build:Building CMake package in '/home/omzlette/gitRos/LAB2/src/sandevistan_kinematics_interfaces'
[0.276s] INFO:colcon.colcon_core.shell:Skip shell extension 'powershell' for command environment: Not usable outside of PowerShell
[0.276s] DEBUG:colcon.colcon_core.shell:Skip shell extension 'dsv' for command environment
[0.287s] DEBUG:colcon.colcon_core.event_handler.log_command:Invoking command in '/home/omzlette/gitRos/LAB2/build/sandevistan_description': CMAKE_PREFIX_PATH=${CMAKE_PREFIX_PATH}:/opt/ros/foxy /usr/bin/cmake /home/omzlette/gitRos/LAB2/src/sandevistan_description -DAMENT_CMAKE_SYMLINK_INSTALL=1 -DCMAKE_INSTALL_PREFIX=/home/omzlette/gitRos/LAB2/install/sandevistan_description
[0.290s] DEBUG:colcon.colcon_core.event_handler.log_command:Invoking command in '/home/omzlette/gitRos/LAB2/build/sandevistan_kinematics': CMAKE_PREFIX_PATH=${CMAKE_PREFIX_PATH}:/opt/ros/foxy /usr/bin/cmake /home/omzlette/gitRos/LAB2/src/sandevistan_kinematics -DAMENT_CMAKE_SYMLINK_INSTALL=1 -DCMAKE_INSTALL_PREFIX=/home/omzlette/gitRos/LAB2/install/sandevistan_kinematics
[0.294s] DEBUG:colcon.colcon_core.event_handler.log_command:Invoking command in '/home/omzlette/gitRos/LAB2/build/sandevistan_kinematics_interfaces': CMAKE_PREFIX_PATH=${CMAKE_PREFIX_PATH}:/opt/ros/foxy /usr/bin/cmake /home/omzlette/gitRos/LAB2/src/sandevistan_kinematics_interfaces -DAMENT_CMAKE_SYMLINK_INSTALL=1 -DCMAKE_INSTALL_PREFIX=/home/omzlette/gitRos/LAB2/install/sandevistan_kinematics_interfaces
[1.404s] DEBUG:colcon.colcon_core.event_handler.log_command:Invoked command in '/home/omzlette/gitRos/LAB2/build/sandevistan_kinematics' returned '0': CMAKE_PREFIX_PATH=${CMAKE_PREFIX_PATH}:/opt/ros/foxy /usr/bin/cmake /home/omzlette/gitRos/LAB2/src/sandevistan_kinematics -DAMENT_CMAKE_SYMLINK_INSTALL=1 -DCMAKE_INSTALL_PREFIX=/home/omzlette/gitRos/LAB2/install/sandevistan_kinematics
[1.406s] DEBUG:colcon.colcon_core.event_handler.log_command:Invoking command in '/home/omzlette/gitRos/LAB2/build/sandevistan_kinematics': CMAKE_PREFIX_PATH=${CMAKE_PREFIX_PATH}:/opt/ros/foxy /usr/bin/cmake --build /home/omzlette/gitRos/LAB2/build/sandevistan_kinematics -- -j12 -l12
[1.435s] DEBUG:colcon.colcon_core.event_handler.log_command:Invoked command in '/home/omzlette/gitRos/LAB2/build/sandevistan_kinematics' returned '0': CMAKE_PREFIX_PATH=${CMAKE_PREFIX_PATH}:/opt/ros/foxy /usr/bin/cmake --build /home/omzlette/gitRos/LAB2/build/sandevistan_kinematics -- -j12 -l12
[1.459s] DEBUG:colcon.colcon_core.event_handler.log_command:Invoking command in '/home/omzlette/gitRos/LAB2/build/sandevistan_kinematics': CMAKE_PREFIX_PATH=${CMAKE_PREFIX_PATH}:/opt/ros/foxy /usr/bin/cmake --install /home/omzlette/gitRos/LAB2/build/sandevistan_kinematics
[1.471s] DEBUG:colcon.colcon_core.event_handler.log_command:Invoked command in '/home/omzlette/gitRos/LAB2/build/sandevistan_description' returned '0': CMAKE_PREFIX_PATH=${CMAKE_PREFIX_PATH}:/opt/ros/foxy /usr/bin/cmake /home/omzlette/gitRos/LAB2/src/sandevistan_description -DAMENT_CMAKE_SYMLINK_INSTALL=1 -DCMAKE_INSTALL_PREFIX=/home/omzlette/gitRos/LAB2/install/sandevistan_description
[1.473s] DEBUG:colcon.colcon_core.event_handler.log_command:Invoking command in '/home/omzlette/gitRos/LAB2/build/sandevistan_description': CMAKE_PREFIX_PATH=${CMAKE_PREFIX_PATH}:/opt/ros/foxy /usr/bin/cmake --build /home/omzlette/gitRos/LAB2/build/sandevistan_description -- -j12 -l12
[1.501s] DEBUG:colcon.colcon_core.event_handler.log_command:Invoked command in '/home/omzlette/gitRos/LAB2/build/sandevistan_description' returned '0': CMAKE_PREFIX_PATH=${CMAKE_PREFIX_PATH}:/opt/ros/foxy /usr/bin/cmake --build /home/omzlette/gitRos/LAB2/build/sandevistan_description -- -j12 -l12
[1.517s] DEBUG:colcon.colcon_core.event_handler.log_command:Invoking command in '/home/omzlette/gitRos/LAB2/build/sandevistan_description': CMAKE_PREFIX_PATH=${CMAKE_PREFIX_PATH}:/opt/ros/foxy /usr/bin/cmake --install /home/omzlette/gitRos/LAB2/build/sandevistan_description
[1.634s] Level 1:colcon.colcon_core.environment:create_environment_scripts_only(sandevistan_kinematics)
[1.635s] DEBUG:colcon.colcon_core.event_handler.log_command:Invoked command in '/home/omzlette/gitRos/LAB2/build/sandevistan_kinematics' returned '0': CMAKE_PREFIX_PATH=${CMAKE_PREFIX_PATH}:/opt/ros/foxy /usr/bin/cmake --install /home/omzlette/gitRos/LAB2/build/sandevistan_kinematics
[1.640s] Level 1:colcon.colcon_core.environment:checking '/home/omzlette/gitRos/LAB2/install/sandevistan_kinematics' for CMake module files
[1.641s] Level 1:colcon.colcon_core.environment:checking '/home/omzlette/gitRos/LAB2/install/sandevistan_kinematics' for CMake config files
[1.641s] Level 1:colcon.colcon_core.shell:create_environment_hook('sandevistan_kinematics', 'cmake_prefix_path')
[1.643s] INFO:colcon.colcon_core.shell:Creating environment hook '/home/omzlette/gitRos/LAB2/install/sandevistan_kinematics/share/sandevistan_kinematics/hook/cmake_prefix_path.ps1'
[1.644s] INFO:colcon.colcon_core.shell:Creating environment descriptor '/home/omzlette/gitRos/LAB2/install/sandevistan_kinematics/share/sandevistan_kinematics/hook/cmake_prefix_path.dsv'
[1.644s] INFO:colcon.colcon_core.shell:Creating environment hook '/home/omzlette/gitRos/LAB2/install/sandevistan_kinematics/share/sandevistan_kinematics/hook/cmake_prefix_path.sh'
[1.645s] Level 1:colcon.colcon_core.environment:checking '/home/omzlette/gitRos/LAB2/install/sandevistan_kinematics/lib'
[1.645s] Level 1:colcon.colcon_core.environment:checking '/home/omzlette/gitRos/LAB2/install/sandevistan_kinematics/bin'
[1.645s] Level 1:colcon.colcon_core.environment:checking '/home/omzlette/gitRos/LAB2/install/sandevistan_kinematics/lib/pkgconfig/sandevistan_kinematics.pc'
[1.645s] Level 1:colcon.colcon_core.environment:checking '/home/omzlette/gitRos/LAB2/install/sandevistan_kinematics/lib/python3.8/site-packages'
[1.645s] Level 1:colcon.colcon_core.shell:create_environment_hook('sandevistan_kinematics', 'pythonpath')
[1.647s] INFO:colcon.colcon_core.shell:Creating environment hook '/home/omzlette/gitRos/LAB2/install/sandevistan_kinematics/share/sandevistan_kinematics/hook/pythonpath.ps1'
[1.647s] INFO:colcon.colcon_core.shell:Creating environment descriptor '/home/omzlette/gitRos/LAB2/install/sandevistan_kinematics/share/sandevistan_kinematics/hook/pythonpath.dsv'
[1.647s] INFO:colcon.colcon_core.shell:Creating environment hook '/home/omzlette/gitRos/LAB2/install/sandevistan_kinematics/share/sandevistan_kinematics/hook/pythonpath.sh'
[1.648s] Level 1:colcon.colcon_core.environment:checking '/home/omzlette/gitRos/LAB2/install/sandevistan_kinematics/bin'
[1.650s] INFO:colcon.colcon_core.shell:Creating package script '/home/omzlette/gitRos/LAB2/install/sandevistan_kinematics/share/sandevistan_kinematics/package.ps1'
[1.651s] INFO:colcon.colcon_core.shell:Creating package descriptor '/home/omzlette/gitRos/LAB2/install/sandevistan_kinematics/share/sandevistan_kinematics/package.dsv'
[1.651s] INFO:colcon.colcon_core.shell:Creating package script '/home/omzlette/gitRos/LAB2/install/sandevistan_kinematics/share/sandevistan_kinematics/package.sh'
[1.652s] INFO:colcon.colcon_core.shell:Creating package script '/home/omzlette/gitRos/LAB2/install/sandevistan_kinematics/share/sandevistan_kinematics/package.bash'
[1.652s] INFO:colcon.colcon_core.shell:Creating package script '/home/omzlette/gitRos/LAB2/install/sandevistan_kinematics/share/sandevistan_kinematics/package.zsh'
[1.653s] Level 1:colcon.colcon_core.environment:create_file_with_runtime_dependencies(/home/omzlette/gitRos/LAB2/install/sandevistan_kinematics/share/colcon-core/packages/sandevistan_kinematics)
[1.669s] Level 1:colcon.colcon_core.environment:create_environment_scripts_only(sandevistan_kinematics)
[1.672s] Level 1:colcon.colcon_core.environment:checking '/home/omzlette/gitRos/LAB2/install/sandevistan_kinematics' for CMake module files
[1.672s] Level 1:colcon.colcon_core.environment:checking '/home/omzlette/gitRos/LAB2/install/sandevistan_kinematics' for CMake config files
[1.672s] Level 1:colcon.colcon_core.shell:create_environment_hook('sandevistan_kinematics', 'cmake_prefix_path')
[1.674s] INFO:colcon.colcon_core.shell:Creating environment hook '/home/omzlette/gitRos/LAB2/install/sandevistan_kinematics/share/sandevistan_kinematics/hook/cmake_prefix_path.ps1'
[1.675s] INFO:colcon.colcon_core.shell:Creating environment descriptor '/home/omzlette/gitRos/LAB2/install/sandevistan_kinematics/share/sandevistan_kinematics/hook/cmake_prefix_path.dsv'
[1.675s] INFO:colcon.colcon_core.shell:Creating environment hook '/home/omzlette/gitRos/LAB2/install/sandevistan_kinematics/share/sandevistan_kinematics/hook/cmake_prefix_path.sh'
[1.675s] Level 1:colcon.colcon_core.environment:checking '/home/omzlette/gitRos/LAB2/install/sandevistan_kinematics/lib'
[1.675s] Level 1:colcon.colcon_core.environment:checking '/home/omzlette/gitRos/LAB2/install/sandevistan_kinematics/bin'
[1.675s] Level 1:colcon.colcon_core.environment:checking '/home/omzlette/gitRos/LAB2/install/sandevistan_kinematics/lib/pkgconfig/sandevistan_kinematics.pc'
[1.675s] Level 1:colcon.colcon_core.environment:checking '/home/omzlette/gitRos/LAB2/install/sandevistan_kinematics/lib/python3.8/site-packages'
[1.676s] Level 1:colcon.colcon_core.shell:create_environment_hook('sandevistan_kinematics', 'pythonpath')
[1.677s] INFO:colcon.colcon_core.shell:Creating environment hook '/home/omzlette/gitRos/LAB2/install/sandevistan_kinematics/share/sandevistan_kinematics/hook/pythonpath.ps1'
[1.678s] INFO:colcon.colcon_core.shell:Creating environment descriptor '/home/omzlette/gitRos/LAB2/install/sandevistan_kinematics/share/sandevistan_kinematics/hook/pythonpath.dsv'
[1.678s] INFO:colcon.colcon_core.shell:Creating environment hook '/home/omzlette/gitRos/LAB2/install/sandevistan_kinematics/share/sandevistan_kinematics/hook/pythonpath.sh'
[1.678s] Level 1:colcon.colcon_core.environment:checking '/home/omzlette/gitRos/LAB2/install/sandevistan_kinematics/bin'
[1.680s] INFO:colcon.colcon_core.shell:Creating package script '/home/omzlette/gitRos/LAB2/install/sandevistan_kinematics/share/sandevistan_kinematics/package.ps1'
[1.681s] INFO:colcon.colcon_core.shell:Creating package descriptor '/home/omzlette/gitRos/LAB2/install/sandevistan_kinematics/share/sandevistan_kinematics/package.dsv'
[1.681s] INFO:colcon.colcon_core.shell:Creating package script '/home/omzlette/gitRos/LAB2/install/sandevistan_kinematics/share/sandevistan_kinematics/package.sh'
[1.682s] INFO:colcon.colcon_core.shell:Creating package script '/home/omzlette/gitRos/LAB2/install/sandevistan_kinematics/share/sandevistan_kinematics/package.bash'
[1.682s] INFO:colcon.colcon_core.shell:Creating package script '/home/omzlette/gitRos/LAB2/install/sandevistan_kinematics/share/sandevistan_kinematics/package.zsh'
[1.682s] Level 1:colcon.colcon_core.environment:create_file_with_runtime_dependencies(/home/omzlette/gitRos/LAB2/install/sandevistan_kinematics/share/colcon-core/packages/sandevistan_kinematics)
[1.688s] Level 1:colcon.colcon_core.environment:create_environment_scripts_only(sandevistan_description)
[1.691s] Level 1:colcon.colcon_core.environment:checking '/home/omzlette/gitRos/LAB2/install/sandevistan_description' for CMake module files
[1.691s] DEBUG:colcon.colcon_core.event_handler.log_command:Invoked command in '/home/omzlette/gitRos/LAB2/build/sandevistan_description' returned '0': CMAKE_PREFIX_PATH=${CMAKE_PREFIX_PATH}:/opt/ros/foxy /usr/bin/cmake --install /home/omzlette/gitRos/LAB2/build/sandevistan_description
[1.691s] Level 1:colcon.colcon_core.environment:checking '/home/omzlette/gitRos/LAB2/install/sandevistan_description' for CMake config files
[1.692s] Level 1:colcon.colcon_core.shell:create_environment_hook('sandevistan_description', 'cmake_prefix_path')
[1.693s] INFO:colcon.colcon_core.shell:Creating environment hook '/home/omzlette/gitRos/LAB2/install/sandevistan_description/share/sandevistan_description/hook/cmake_prefix_path.ps1'
[1.694s] INFO:colcon.colcon_core.shell:Creating environment descriptor '/home/omzlette/gitRos/LAB2/install/sandevistan_description/share/sandevistan_description/hook/cmake_prefix_path.dsv'
[1.694s] INFO:colcon.colcon_core.shell:Creating environment hook '/home/omzlette/gitRos/LAB2/install/sandevistan_description/share/sandevistan_description/hook/cmake_prefix_path.sh'
[1.694s] Level 1:colcon.colcon_core.environment:checking '/home/omzlette/gitRos/LAB2/install/sandevistan_description/lib'
[1.694s] Level 1:colcon.colcon_core.environment:checking '/home/omzlette/gitRos/LAB2/install/sandevistan_description/bin'
[1.694s] Level 1:colcon.colcon_core.environment:checking '/home/omzlette/gitRos/LAB2/install/sandevistan_description/lib/pkgconfig/sandevistan_description.pc'
[1.694s] Level 1:colcon.colcon_core.environment:checking '/home/omzlette/gitRos/LAB2/install/sandevistan_description/lib/python3.8/site-packages'
[1.694s] Level 1:colcon.colcon_core.shell:create_environment_hook('sandevistan_description', 'pythonpath')
[1.696s] INFO:colcon.colcon_core.shell:Creating environment hook '/home/omzlette/gitRos/LAB2/install/sandevistan_description/share/sandevistan_description/hook/pythonpath.ps1'
[1.696s] INFO:colcon.colcon_core.shell:Creating environment descriptor '/home/omzlette/gitRos/LAB2/install/sandevistan_description/share/sandevistan_description/hook/pythonpath.dsv'
[1.697s] INFO:colcon.colcon_core.shell:Creating environment hook '/home/omzlette/gitRos/LAB2/install/sandevistan_description/share/sandevistan_description/hook/pythonpath.sh'
[1.697s] Level 1:colcon.colcon_core.environment:checking '/home/omzlette/gitRos/LAB2/install/sandevistan_description/bin'
[1.699s] INFO:colcon.colcon_core.shell:Creating package script '/home/omzlette/gitRos/LAB2/install/sandevistan_description/share/sandevistan_description/package.ps1'
[1.699s] INFO:colcon.colcon_core.shell:Creating package descriptor '/home/omzlette/gitRos/LAB2/install/sandevistan_description/share/sandevistan_description/package.dsv'
[1.699s] INFO:colcon.colcon_core.shell:Creating package script '/home/omzlette/gitRos/LAB2/install/sandevistan_description/share/sandevistan_description/package.sh'
[1.700s] INFO:colcon.colcon_core.shell:Creating package script '/home/omzlette/gitRos/LAB2/install/sandevistan_description/share/sandevistan_description/package.bash'
[1.700s] INFO:colcon.colcon_core.shell:Creating package script '/home/omzlette/gitRos/LAB2/install/sandevistan_description/share/sandevistan_description/package.zsh'
[1.700s] Level 1:colcon.colcon_core.environment:create_file_with_runtime_dependencies(/home/omzlette/gitRos/LAB2/install/sandevistan_description/share/colcon-core/packages/sandevistan_description)
[1.716s] Level 1:colcon.colcon_core.environment:create_environment_scripts_only(sandevistan_description)
[1.719s] Level 1:colcon.colcon_core.environment:checking '/home/omzlette/gitRos/LAB2/install/sandevistan_description' for CMake module files
[1.720s] Level 1:colcon.colcon_core.environment:checking '/home/omzlette/gitRos/LAB2/install/sandevistan_description' for CMake config files
[1.720s] Level 1:colcon.colcon_core.shell:create_environment_hook('sandevistan_description', 'cmake_prefix_path')
[1.722s] INFO:colcon.colcon_core.shell:Creating environment hook '/home/omzlette/gitRos/LAB2/install/sandevistan_description/share/sandevistan_description/hook/cmake_prefix_path.ps1'
[1.722s] INFO:colcon.colcon_core.shell:Creating environment descriptor '/home/omzlette/gitRos/LAB2/install/sandevistan_description/share/sandevistan_description/hook/cmake_prefix_path.dsv'
[1.722s] INFO:colcon.colcon_core.shell:Creating environment hook '/home/omzlette/gitRos/LAB2/install/sandevistan_description/share/sandevistan_description/hook/cmake_prefix_path.sh'
[1.723s] Level 1:colcon.colcon_core.environment:checking '/home/omzlette/gitRos/LAB2/install/sandevistan_description/lib'
[1.723s] Level 1:colcon.colcon_core.environment:checking '/home/omzlette/gitRos/LAB2/install/sandevistan_description/bin'
[1.723s] Level 1:colcon.colcon_core.environment:checking '/home/omzlette/gitRos/LAB2/install/sandevistan_description/lib/pkgconfig/sandevistan_description.pc'
[1.723s] Level 1:colcon.colcon_core.environment:checking '/home/omzlette/gitRos/LAB2/install/sandevistan_description/lib/python3.8/site-packages'
[1.723s] Level 1:colcon.colcon_core.shell:create_environment_hook('sandevistan_description', 'pythonpath')
[1.725s] INFO:colcon.colcon_core.shell:Creating environment hook '/home/omzlette/gitRos/LAB2/install/sandevistan_description/share/sandevistan_description/hook/pythonpath.ps1'
[1.725s] INFO:colcon.colcon_core.shell:Creating environment descriptor '/home/omzlette/gitRos/LAB2/install/sandevistan_description/share/sandevistan_description/hook/pythonpath.dsv'
[1.725s] INFO:colcon.colcon_core.shell:Creating environment hook '/home/omzlette/gitRos/LAB2/install/sandevistan_description/share/sandevistan_description/hook/pythonpath.sh'
[1.726s] Level 1:colcon.colcon_core.environment:checking '/home/omzlette/gitRos/LAB2/install/sandevistan_description/bin'
[1.728s] INFO:colcon.colcon_core.shell:Creating package script '/home/omzlette/gitRos/LAB2/install/sandevistan_description/share/sandevistan_description/package.ps1'
[1.728s] INFO:colcon.colcon_core.shell:Creating package descriptor '/home/omzlette/gitRos/LAB2/install/sandevistan_description/share/sandevistan_description/package.dsv'
[1.728s] INFO:colcon.colcon_core.shell:Creating package script '/home/omzlette/gitRos/LAB2/install/sandevistan_description/share/sandevistan_description/package.sh'
[1.729s] INFO:colcon.colcon_core.shell:Creating package script '/home/omzlette/gitRos/LAB2/install/sandevistan_description/share/sandevistan_description/package.bash'
[1.729s] INFO:colcon.colcon_core.shell:Creating package script '/home/omzlette/gitRos/LAB2/install/sandevistan_description/share/sandevistan_description/package.zsh'
[1.729s] Level 1:colcon.colcon_core.environment:create_file_with_runtime_dependencies(/home/omzlette/gitRos/LAB2/install/sandevistan_description/share/colcon-core/packages/sandevistan_description)
[1.765s] DEBUG:colcon.colcon_core.event_handler.log_command:Invoked command in '/home/omzlette/gitRos/LAB2/build/sandevistan_kinematics_interfaces' returned '0': CMAKE_PREFIX_PATH=${CMAKE_PREFIX_PATH}:/opt/ros/foxy /usr/bin/cmake /home/omzlette/gitRos/LAB2/src/sandevistan_kinematics_interfaces -DAMENT_CMAKE_SYMLINK_INSTALL=1 -DCMAKE_INSTALL_PREFIX=/home/omzlette/gitRos/LAB2/install/sandevistan_kinematics_interfaces
[1.767s] DEBUG:colcon.colcon_core.event_handler.log_command:Invoking command in '/home/omzlette/gitRos/LAB2/build/sandevistan_kinematics_interfaces': CMAKE_PREFIX_PATH=${CMAKE_PREFIX_PATH}:/opt/ros/foxy /usr/bin/cmake --build /home/omzlette/gitRos/LAB2/build/sandevistan_kinematics_interfaces -- -j12 -l12
[4.243s] DEBUG:colcon.colcon_core.event_handler.log_command:Invoked command in '/home/omzlette/gitRos/LAB2/build/sandevistan_kinematics_interfaces' returned '0': CMAKE_PREFIX_PATH=${CMAKE_PREFIX_PATH}:/opt/ros/foxy /usr/bin/cmake --build /home/omzlette/gitRos/LAB2/build/sandevistan_kinematics_interfaces -- -j12 -l12
[4.284s] DEBUG:colcon.colcon_core.event_handler.log_command:Invoking command in '/home/omzlette/gitRos/LAB2/build/sandevistan_kinematics_interfaces': CMAKE_PREFIX_PATH=${CMAKE_PREFIX_PATH}:/opt/ros/foxy /usr/bin/cmake --install /home/omzlette/gitRos/LAB2/build/sandevistan_kinematics_interfaces
[4.800s] Level 1:colcon.colcon_core.environment:create_environment_scripts_only(sandevistan_kinematics_interfaces)
[4.803s] Level 1:colcon.colcon_core.environment:checking '/home/omzlette/gitRos/LAB2/install/sandevistan_kinematics_interfaces' for CMake module files
[4.804s] DEBUG:colcon.colcon_core.event_handler.log_command:Invoked command in '/home/omzlette/gitRos/LAB2/build/sandevistan_kinematics_interfaces' returned '0': CMAKE_PREFIX_PATH=${CMAKE_PREFIX_PATH}:/opt/ros/foxy /usr/bin/cmake --install /home/omzlette/gitRos/LAB2/build/sandevistan_kinematics_interfaces
[4.804s] Level 1:colcon.colcon_core.environment:checking '/home/omzlette/gitRos/LAB2/install/sandevistan_kinematics_interfaces' for CMake config files
[4.804s] Level 1:colcon.colcon_core.shell:create_environment_hook('sandevistan_kinematics_interfaces', 'cmake_prefix_path')
[4.806s] INFO:colcon.colcon_core.shell:Creating environment hook '/home/omzlette/gitRos/LAB2/install/sandevistan_kinematics_interfaces/share/sandevistan_kinematics_interfaces/hook/cmake_prefix_path.ps1'
[4.807s] INFO:colcon.colcon_core.shell:Creating environment descriptor '/home/omzlette/gitRos/LAB2/install/sandevistan_kinematics_interfaces/share/sandevistan_kinematics_interfaces/hook/cmake_prefix_path.dsv'
[4.807s] INFO:colcon.colcon_core.shell:Creating environment hook '/home/omzlette/gitRos/LAB2/install/sandevistan_kinematics_interfaces/share/sandevistan_kinematics_interfaces/hook/cmake_prefix_path.sh'
[4.807s] Level 1:colcon.colcon_core.environment:checking '/home/omzlette/gitRos/LAB2/install/sandevistan_kinematics_interfaces/lib'
[4.807s] Level 1:colcon.colcon_core.shell:create_environment_hook('sandevistan_kinematics_interfaces', 'ld_library_path_lib')
[4.809s] INFO:colcon.colcon_core.shell:Creating environment hook '/home/omzlette/gitRos/LAB2/install/sandevistan_kinematics_interfaces/share/sandevistan_kinematics_interfaces/hook/ld_library_path_lib.ps1'
[4.810s] INFO:colcon.colcon_core.shell:Creating environment descriptor '/home/omzlette/gitRos/LAB2/install/sandevistan_kinematics_interfaces/share/sandevistan_kinematics_interfaces/hook/ld_library_path_lib.dsv'
[4.810s] INFO:colcon.colcon_core.shell:Creating environment hook '/home/omzlette/gitRos/LAB2/install/sandevistan_kinematics_interfaces/share/sandevistan_kinematics_interfaces/hook/ld_library_path_lib.sh'
[4.810s] Level 1:colcon.colcon_core.environment:checking '/home/omzlette/gitRos/LAB2/install/sandevistan_kinematics_interfaces/bin'
[4.810s] Level 1:colcon.colcon_core.environment:checking '/home/omzlette/gitRos/LAB2/install/sandevistan_kinematics_interfaces/lib/pkgconfig/sandevistan_kinematics_interfaces.pc'
[4.810s] Level 1:colcon.colcon_core.environment:checking '/home/omzlette/gitRos/LAB2/install/sandevistan_kinematics_interfaces/lib/python3.8/site-packages'
[4.810s] Level 1:colcon.colcon_core.shell:create_environment_hook('sandevistan_kinematics_interfaces', 'pythonpath')
[4.812s] INFO:colcon.colcon_core.shell:Creating environment hook '/home/omzlette/gitRos/LAB2/install/sandevistan_kinematics_interfaces/share/sandevistan_kinematics_interfaces/hook/pythonpath.ps1'
[4.813s] INFO:colcon.colcon_core.shell:Creating environment descriptor '/home/omzlette/gitRos/LAB2/install/sandevistan_kinematics_interfaces/share/sandevistan_kinematics_interfaces/hook/pythonpath.dsv'
[4.813s] INFO:colcon.colcon_core.shell:Creating environment hook '/home/omzlette/gitRos/LAB2/install/sandevistan_kinematics_interfaces/share/sandevistan_kinematics_interfaces/hook/pythonpath.sh'
[4.813s] Level 1:colcon.colcon_core.environment:checking '/home/omzlette/gitRos/LAB2/install/sandevistan_kinematics_interfaces/bin'
[4.815s] INFO:colcon.colcon_core.shell:Creating package script '/home/omzlette/gitRos/LAB2/install/sandevistan_kinematics_interfaces/share/sandevistan_kinematics_interfaces/package.ps1'
[4.816s] INFO:colcon.colcon_core.shell:Creating package descriptor '/home/omzlette/gitRos/LAB2/install/sandevistan_kinematics_interfaces/share/sandevistan_kinematics_interfaces/package.dsv'
[4.816s] INFO:colcon.colcon_core.shell:Creating package script '/home/omzlette/gitRos/LAB2/install/sandevistan_kinematics_interfaces/share/sandevistan_kinematics_interfaces/package.sh'
[4.816s] INFO:colcon.colcon_core.shell:Creating package script '/home/omzlette/gitRos/LAB2/install/sandevistan_kinematics_interfaces/share/sandevistan_kinematics_interfaces/package.bash'
[4.817s] INFO:colcon.colcon_core.shell:Creating package script '/home/omzlette/gitRos/LAB2/install/sandevistan_kinematics_interfaces/share/sandevistan_kinematics_interfaces/package.zsh'
[4.817s] Level 1:colcon.colcon_core.environment:create_file_with_runtime_dependencies(/home/omzlette/gitRos/LAB2/install/sandevistan_kinematics_interfaces/share/colcon-core/packages/sandevistan_kinematics_interfaces)
[4.859s] Level 1:colcon.colcon_core.environment:create_environment_scripts_only(sandevistan_kinematics_interfaces)
[4.862s] Level 1:colcon.colcon_core.environment:checking '/home/omzlette/gitRos/LAB2/install/sandevistan_kinematics_interfaces' for CMake module files
[4.862s] Level 1:colcon.colcon_core.environment:checking '/home/omzlette/gitRos/LAB2/install/sandevistan_kinematics_interfaces' for CMake config files
[4.863s] Level 1:colcon.colcon_core.shell:create_environment_hook('sandevistan_kinematics_interfaces', 'cmake_prefix_path')
[4.865s] INFO:colcon.colcon_core.shell:Creating environment hook '/home/omzlette/gitRos/LAB2/install/sandevistan_kinematics_interfaces/share/sandevistan_kinematics_interfaces/hook/cmake_prefix_path.ps1'
[4.865s] INFO:colcon.colcon_core.shell:Creating environment descriptor '/home/omzlette/gitRos/LAB2/install/sandevistan_kinematics_interfaces/share/sandevistan_kinematics_interfaces/hook/cmake_prefix_path.dsv'
[4.865s] INFO:colcon.colcon_core.shell:Creating environment hook '/home/omzlette/gitRos/LAB2/install/sandevistan_kinematics_interfaces/share/sandevistan_kinematics_interfaces/hook/cmake_prefix_path.sh'
[4.866s] Level 1:colcon.colcon_core.environment:checking '/home/omzlette/gitRos/LAB2/install/sandevistan_kinematics_interfaces/lib'
[4.866s] Level 1:colcon.colcon_core.shell:create_environment_hook('sandevistan_kinematics_interfaces', 'ld_library_path_lib')
[4.868s] INFO:colcon.colcon_core.shell:Creating environment hook '/home/omzlette/gitRos/LAB2/install/sandevistan_kinematics_interfaces/share/sandevistan_kinematics_interfaces/hook/ld_library_path_lib.ps1'
[4.868s] INFO:colcon.colcon_core.shell:Creating environment descriptor '/home/omzlette/gitRos/LAB2/install/sandevistan_kinematics_interfaces/share/sandevistan_kinematics_interfaces/hook/ld_library_path_lib.dsv'
[4.868s] INFO:colcon.colcon_core.shell:Creating environment hook '/home/omzlette/gitRos/LAB2/install/sandevistan_kinematics_interfaces/share/sandevistan_kinematics_interfaces/hook/ld_library_path_lib.sh'
[4.869s] Level 1:colcon.colcon_core.environment:checking '/home/omzlette/gitRos/LAB2/install/sandevistan_kinematics_interfaces/bin'
[4.869s] Level 1:colcon.colcon_core.environment:checking '/home/omzlette/gitRos/LAB2/install/sandevistan_kinematics_interfaces/lib/pkgconfig/sandevistan_kinematics_interfaces.pc'
[4.869s] Level 1:colcon.colcon_core.environment:checking '/home/omzlette/gitRos/LAB2/install/sandevistan_kinematics_interfaces/lib/python3.8/site-packages'
[4.869s] Level 1:colcon.colcon_core.shell:create_environment_hook('sandevistan_kinematics_interfaces', 'pythonpath')
[4.871s] INFO:colcon.colcon_core.shell:Creating environment hook '/home/omzlette/gitRos/LAB2/install/sandevistan_kinematics_interfaces/share/sandevistan_kinematics_interfaces/hook/pythonpath.ps1'
[4.871s] INFO:colcon.colcon_core.shell:Creating environment descriptor '/home/omzlette/gitRos/LAB2/install/sandevistan_kinematics_interfaces/share/sandevistan_kinematics_interfaces/hook/pythonpath.dsv'
[4.872s] INFO:colcon.colcon_core.shell:Creating environment hook '/home/omzlette/gitRos/LAB2/install/sandevistan_kinematics_interfaces/share/sandevistan_kinematics_interfaces/hook/pythonpath.sh'
[4.872s] Level 1:colcon.colcon_core.environment:checking '/home/omzlette/gitRos/LAB2/install/sandevistan_kinematics_interfaces/bin'
[4.874s] INFO:colcon.colcon_core.shell:Creating package script '/home/omzlette/gitRos/LAB2/install/sandevistan_kinematics_interfaces/share/sandevistan_kinematics_interfaces/package.ps1'
[4.875s] INFO:colcon.colcon_core.shell:Creating package descriptor '/home/omzlette/gitRos/LAB2/install/sandevistan_kinematics_interfaces/share/sandevistan_kinematics_interfaces/package.dsv'
[4.875s] INFO:colcon.colcon_core.shell:Creating package script '/home/omzlette/gitRos/LAB2/install/sandevistan_kinematics_interfaces/share/sandevistan_kinematics_interfaces/package.sh'
[4.875s] INFO:colcon.colcon_core.shell:Creating package script '/home/omzlette/gitRos/LAB2/install/sandevistan_kinematics_interfaces/share/sandevistan_kinematics_interfaces/package.bash'
[4.876s] INFO:colcon.colcon_core.shell:Creating package script '/home/omzlette/gitRos/LAB2/install/sandevistan_kinematics_interfaces/share/sandevistan_kinematics_interfaces/package.zsh'
[4.876s] Level 1:colcon.colcon_core.environment:create_file_with_runtime_dependencies(/home/omzlette/gitRos/LAB2/install/sandevistan_kinematics_interfaces/share/colcon-core/packages/sandevistan_kinematics_interfaces)
[4.876s] DEBUG:colcon.colcon_parallel_executor.executor.parallel:closing loop
[4.876s] DEBUG:colcon.colcon_parallel_executor.executor.parallel:loop closed
[4.877s] DEBUG:colcon.colcon_parallel_executor.executor.parallel:run_until_complete finished with '0'
[4.877s] DEBUG:colcon.colcon_core.event_reactor:joining thread
[4.883s] INFO:colcon.colcon_core.plugin_system:Skipping extension 'colcon_notification.desktop_notification.terminal_notifier': Not used on non-Darwin systems
[4.883s] INFO:colcon.colcon_core.plugin_system:Skipping extension 'colcon_notification.desktop_notification.win32': Not used on non-Windows systems
[4.883s] INFO:colcon.colcon_notification.desktop_notification:Sending desktop notification using 'notify2'
[4.898s] DEBUG:colcon.colcon_core.event_reactor:joined thread
[4.900s] INFO:colcon.colcon_core.shell:Creating prefix script '/home/omzlette/gitRos/LAB2/install/local_setup.ps1'
[4.901s] INFO:colcon.colcon_core.shell:Creating prefix util module '/home/omzlette/gitRos/LAB2/install/_local_setup_util_ps1.py'
[4.902s] INFO:colcon.colcon_core.shell:Creating prefix chain script '/home/omzlette/gitRos/LAB2/install/setup.ps1'
[4.903s] INFO:colcon.colcon_core.shell:Creating prefix script '/home/omzlette/gitRos/LAB2/install/local_setup.sh'
[4.904s] INFO:colcon.colcon_core.shell:Creating prefix util module '/home/omzlette/gitRos/LAB2/install/_local_setup_util_sh.py'
[4.904s] INFO:colcon.colcon_core.shell:Creating prefix chain script '/home/omzlette/gitRos/LAB2/install/setup.sh'
[4.905s] INFO:colcon.colcon_core.shell:Creating prefix script '/home/omzlette/gitRos/LAB2/install/local_setup.bash'
[4.906s] INFO:colcon.colcon_core.shell:Creating prefix chain script '/home/omzlette/gitRos/LAB2/install/setup.bash'
[4.907s] INFO:colcon.colcon_core.shell:Creating prefix script '/home/omzlette/gitRos/LAB2/install/local_setup.zsh'
[4.907s] INFO:colcon.colcon_core.shell:Creating prefix chain script '/home/omzlette/gitRos/LAB2/install/setup.zsh'
