[0.031s] Invoking command in '/home/omzlette/gitRos/LAB2/build/sandevistan_kinematics_interfaces': CMAKE_PREFIX_PATH=${CMAKE_PREFIX_PATH}:/opt/ros/foxy /usr/bin/cmake --build /home/omzlette/gitRos/LAB2/build/sandevistan_kinematics_interfaces -- -j12 -l12
[0.054s] -- Found ament_cmake: 0.9.11 (/opt/ros/foxy/share/ament_cmake/cmake)
[0.077s] -- Found PythonInterp: /usr/bin/python3 (found suitable version "3.8.10", minimum required is "3") 
[0.077s] -- Using PYTHON_EXECUTABLE: /usr/bin/python3
[0.308s] -- Override CMake install command with custom implementation using symlinks instead of copying resources
[0.315s] -- Found ament_lint_auto: 0.9.7 (/opt/ros/foxy/share/ament_lint_auto/cmake)
[0.390s] -- Found rosidl_default_generators: 1.0.1 (/opt/ros/foxy/share/rosidl_default_generators/cmake)
[0.393s] -- Using all available rosidl_typesupport_c: rosidl_typesupport_fastrtps_c;rosidl_typesupport_introspection_c
[0.397s] -- Found rosidl_adapter: 1.3.0 (/opt/ros/foxy/share/rosidl_adapter/cmake)
[0.561s] -- Using all available rosidl_typesupport_cpp: rosidl_typesupport_fastrtps_cpp;rosidl_typesupport_introspection_cpp
[0.598s] -- Found geometry_msgs: 2.0.5 (/opt/ros/foxy/share/geometry_msgs/cmake)
[0.711s] -- Found sensor_msgs: 2.0.5 (/opt/ros/foxy/share/sensor_msgs/cmake)
[0.848s] -- Found PythonInterp: /usr/bin/python3 (found version "3.8.10") 
[1.053s] CMake Error at /opt/ros/foxy/share/rosidl_adapter/cmake/rosidl_adapt_interfaces.cmake:60 (message):
[1.053s]   execute_process(/usr/bin/python3 -m rosidl_adapter --package-name
[1.053s]   sandevistan_kinematics_interfaces --arguments-file
[1.053s]   /home/omzlette/gitRos/LAB2/build/sandevistan_kinematics_interfaces/rosidl_adapter__arguments__sandevistan_kinematics_interfaces.json
[1.053s]   --output-dir
[1.054s]   /home/omzlette/gitRos/LAB2/build/sandevistan_kinematics_interfaces/rosidl_adapter/sandevistan_kinematics_interfaces
[1.054s]   --output-file
[1.054s]   /home/omzlette/gitRos/LAB2/build/sandevistan_kinematics_interfaces/rosidl_adapter/sandevistan_kinematics_interfaces.idls)
[1.054s]   returned error code 1:
[1.054s] 
[1.054s]   Traceback (most recent call last):
[1.054s] 
[1.054s]     File "/usr/lib/python3.8/runpy.py", line 194, in _run_module_as_main
[1.054s]       return _run_code(code, main_globals, None,
[1.055s]     File "/usr/lib/python3.8/runpy.py", line 87, in _run_code
[1.055s]       exec(code, run_globals)
[1.055s]     File "/opt/ros/foxy/lib/python3.8/site-packages/rosidl_adapter/__main__.py", line 19, in <module>
[1.055s]       sys.exit(main())
[1.055s]     File "/opt/ros/foxy/lib/python3.8/site-packages/rosidl_adapter/main.py", line 53, in main
[1.055s]       abs_idl_file = convert_to_idl(
[1.055s]     File "/opt/ros/foxy/lib/python3.8/site-packages/rosidl_adapter/__init__.py", line 24, in convert_to_idl
[1.056s]       return convert_srv_to_idl(
[1.056s]     File "/opt/ros/foxy/lib/python3.8/site-packages/rosidl_adapter/srv/__init__.py", line 28, in convert_srv_to_idl
[1.056s]       srv = parse_service_string(package_name, input_file.stem, content)
[1.056s]     File "/opt/ros/foxy/lib/python3.8/site-packages/rosidl_adapter/parser.py", line 852, in parse_service_string
[1.056s]       request_message = parse_message_string(
[1.056s]     File "/opt/ros/foxy/lib/python3.8/site-packages/rosidl_adapter/parser.py", line 531, in parse_message_string
[1.057s]       constants.append(Constant(type_string, name, value))
[1.057s]     File "/opt/ros/foxy/lib/python3.8/site-packages/rosidl_adapter/parser.py", line 315, in __init__
[1.057s]       raise TypeError("the constant type '%s' must be a primitive type" %
[1.057s] 
[1.057s]   TypeError: the constant type 'geometry_msgs/Point' must be a primitive type
[1.057s] 
[1.057s] Call Stack (most recent call first):
[1.057s]   /opt/ros/foxy/share/rosidl_cmake/cmake/rosidl_generate_interfaces.cmake:130 (rosidl_adapt_interfaces)
[1.057s]   CMakeLists.txt:40 (rosidl_generate_interfaces)
[1.057s] 
[1.057s] 
[1.057s] -- Configuring incomplete, errors occurred!
[1.057s] See also "/home/omzlette/gitRos/LAB2/build/sandevistan_kinematics_interfaces/CMakeFiles/CMakeOutput.log".
[1.062s] make: *** [Makefile:988: cmake_check_build_system] Error 1
[1.064s] Invoked command in '/home/omzlette/gitRos/LAB2/build/sandevistan_kinematics_interfaces' returned '2': CMAKE_PREFIX_PATH=${CMAKE_PREFIX_PATH}:/opt/ros/foxy /usr/bin/cmake --build /home/omzlette/gitRos/LAB2/build/sandevistan_kinematics_interfaces -- -j12 -l12
