[0.032s] Invoking command in '/home/omzlette/gitROS/FRA333_LAB_HW/LAB2/build/sandevistan_description': CMAKE_PREFIX_PATH=/opt/ros/foxy /usr/bin/cmake /home/omzlette/gitROS/FRA333_LAB_HW/LAB2/src/sandevistan_description -DAMENT_CMAKE_SYMLINK_INSTALL=1 -DCMAKE_INSTALL_PREFIX=/home/omzlette/gitROS/FRA333_LAB_HW/LAB2/install/sandevistan_description
[0.131s] -- The C compiler identification is GNU 9.4.0
[0.247s] -- The CXX compiler identification is GNU 9.4.0
[0.317s] -- Check for working C compiler: /usr/bin/cc
[0.406s] -- Check for working C compiler: /usr/bin/cc -- works
[0.406s] -- Detecting C compiler ABI info
[0.523s] -- Detecting C compiler ABI info - done
[0.535s] -- Detecting C compile features
[0.535s] -- Detecting C compile features - done
[0.538s] -- Check for working CXX compiler: /usr/bin/c++
[0.636s] -- Check for working CXX compiler: /usr/bin/c++ -- works
[0.637s] -- Detecting CXX compiler ABI info
[0.737s] -- Detecting CXX compiler ABI info - done
[0.749s] -- Detecting CXX compile features
[0.750s] -- Detecting CXX compile features - done
[0.751s] -- Found ament_cmake: 0.9.11 (/opt/ros/foxy/share/ament_cmake/cmake)
[0.775s] -- Found PythonInterp: /usr/bin/python3 (found suitable version "3.8.10", minimum required is "3") 
[0.775s] -- Using PYTHON_EXECUTABLE: /usr/bin/python3
[0.949s] -- Override CMake install command with custom implementation using symlinks instead of copying resources
[0.971s] -- Found rclcpp: 2.4.2 (/opt/ros/foxy/share/rclcpp/cmake)
[1.066s] -- Using all available rosidl_typesupport_c: rosidl_typesupport_fastrtps_c;rosidl_typesupport_introspection_c
[1.072s] -- Found rosidl_adapter: 1.3.0 (/opt/ros/foxy/share/rosidl_adapter/cmake)
[1.516s] -- Found OpenSSL: /usr/lib/x86_64-linux-gnu/libcrypto.so (found version "1.1.1f")  
[1.984s] -- Found FastRTPS: /opt/ros/foxy/include  
[3.172s] -- Using all available rosidl_typesupport_cpp: rosidl_typesupport_fastrtps_cpp;rosidl_typesupport_introspection_cpp
[3.242s] -- Found rmw_implementation_cmake: 1.0.3 (/opt/ros/foxy/share/rmw_implementation_cmake/cmake)
[3.243s] -- Using RMW implementation 'rmw_fastrtps_cpp' as default
[3.245s] -- Looking for pthread.h
[3.348s] -- Looking for pthread.h - found
[3.349s] -- Performing Test CMAKE_HAVE_LIBC_PTHREAD
[3.459s] -- Performing Test CMAKE_HAVE_LIBC_PTHREAD - Failed
[3.459s] -- Looking for pthread_create in pthreads
[3.566s] -- Looking for pthread_create in pthreads - not found
[3.566s] -- Looking for pthread_create in pthread
[3.693s] -- Looking for pthread_create in pthread - found
[3.694s] -- Found Threads: TRUE  
[3.873s] -- Found rclpy: 1.0.11 (/opt/ros/foxy/share/rclpy/cmake)
[4.003s] -- Configuring done
[4.007s] -- Generating done
[4.010s] -- Build files have been written to: /home/omzlette/gitROS/FRA333_LAB_HW/LAB2/build/sandevistan_description
[4.021s] Invoked command in '/home/omzlette/gitROS/FRA333_LAB_HW/LAB2/build/sandevistan_description' returned '0': CMAKE_PREFIX_PATH=/opt/ros/foxy /usr/bin/cmake /home/omzlette/gitROS/FRA333_LAB_HW/LAB2/src/sandevistan_description -DAMENT_CMAKE_SYMLINK_INSTALL=1 -DCMAKE_INSTALL_PREFIX=/home/omzlette/gitROS/FRA333_LAB_HW/LAB2/install/sandevistan_description
[4.023s] Invoking command in '/home/omzlette/gitROS/FRA333_LAB_HW/LAB2/build/sandevistan_description': CMAKE_PREFIX_PATH=/opt/ros/foxy /usr/bin/cmake --build /home/omzlette/gitROS/FRA333_LAB_HW/LAB2/build/sandevistan_description -- -j12 -l12
[4.058s] Invoked command in '/home/omzlette/gitROS/FRA333_LAB_HW/LAB2/build/sandevistan_description' returned '0': CMAKE_PREFIX_PATH=/opt/ros/foxy /usr/bin/cmake --build /home/omzlette/gitROS/FRA333_LAB_HW/LAB2/build/sandevistan_description -- -j12 -l12
[4.078s] Invoking command in '/home/omzlette/gitROS/FRA333_LAB_HW/LAB2/build/sandevistan_description': CMAKE_PREFIX_PATH=/opt/ros/foxy /usr/bin/cmake --install /home/omzlette/gitROS/FRA333_LAB_HW/LAB2/build/sandevistan_description
[4.084s] -- Install configuration: ""
[4.084s] -- Execute custom install script
[4.085s] -- Symlinking: /home/omzlette/gitROS/FRA333_LAB_HW/LAB2/install/sandevistan_description/share/sandevistan_description/environment/pythonpath.sh
[4.095s] -- Symlinking: /home/omzlette/gitROS/FRA333_LAB_HW/LAB2/install/sandevistan_description/share/sandevistan_description/environment/pythonpath.dsv
[4.107s] -- Symlinking: /home/omzlette/gitROS/FRA333_LAB_HW/LAB2/install/sandevistan_description/lib/python3.8/site-packages/sandevistan_description/__init__.py
[4.116s] -- Symlinking: /home/omzlette/gitROS/FRA333_LAB_HW/LAB2/install/sandevistan_description/lib/python3.8/site-packages/sandevistan_description/robot_module.py
[4.127s] -- Symlinking: /home/omzlette/gitROS/FRA333_LAB_HW/LAB2/install/sandevistan_description/lib/sandevistan_description/robot_script.py
[4.137s] -- Symlinking: /home/omzlette/gitROS/FRA333_LAB_HW/LAB2/install/sandevistan_description/share/sandevistan_description/config/sandevistan_kinematics.rviz
[4.147s] -- Symlinking: /home/omzlette/gitROS/FRA333_LAB_HW/LAB2/install/sandevistan_description/share/sandevistan_description/launch/display.launch.py
[4.155s] -- Symlinking: /home/omzlette/gitROS/FRA333_LAB_HW/LAB2/install/sandevistan_description/share/sandevistan_description/robot/sandevistan.urdf
[4.163s] -- Symlinking: /home/omzlette/gitROS/FRA333_LAB_HW/LAB2/install/sandevistan_description/share/sandevistan_description/meshes/link_0.STL
[4.172s] -- Symlinking: /home/omzlette/gitROS/FRA333_LAB_HW/LAB2/install/sandevistan_description/share/sandevistan_description/meshes/link_1.STL
[4.179s] -- Symlinking: /home/omzlette/gitROS/FRA333_LAB_HW/LAB2/install/sandevistan_description/share/sandevistan_description/meshes/link_2.STL
[4.187s] -- Symlinking: /home/omzlette/gitROS/FRA333_LAB_HW/LAB2/install/sandevistan_description/share/sandevistan_description/meshes/link_3.STL
[4.194s] -- Symlinking: /home/omzlette/gitROS/FRA333_LAB_HW/LAB2/install/sandevistan_description/share/sandevistan_description/meshes/link_4.STL
[4.202s] -- Symlinking: /home/omzlette/gitROS/FRA333_LAB_HW/LAB2/install/sandevistan_description/share/ament_index/resource_index/package_run_dependencies/sandevistan_description
[4.215s] -- Symlinking: /home/omzlette/gitROS/FRA333_LAB_HW/LAB2/install/sandevistan_description/share/ament_index/resource_index/parent_prefix_path/sandevistan_description
[4.224s] -- Symlinking: /home/omzlette/gitROS/FRA333_LAB_HW/LAB2/install/sandevistan_description/share/sandevistan_description/environment/ament_prefix_path.sh
[4.232s] -- Symlinking: /home/omzlette/gitROS/FRA333_LAB_HW/LAB2/install/sandevistan_description/share/sandevistan_description/environment/ament_prefix_path.dsv
[4.239s] -- Symlinking: /home/omzlette/gitROS/FRA333_LAB_HW/LAB2/install/sandevistan_description/share/sandevistan_description/environment/path.sh
[4.247s] -- Symlinking: /home/omzlette/gitROS/FRA333_LAB_HW/LAB2/install/sandevistan_description/share/sandevistan_description/environment/path.dsv
[4.257s] -- Symlinking: /home/omzlette/gitROS/FRA333_LAB_HW/LAB2/install/sandevistan_description/share/sandevistan_description/local_setup.bash
[4.264s] -- Symlinking: /home/omzlette/gitROS/FRA333_LAB_HW/LAB2/install/sandevistan_description/share/sandevistan_description/local_setup.sh
[4.270s] -- Symlinking: /home/omzlette/gitROS/FRA333_LAB_HW/LAB2/install/sandevistan_description/share/sandevistan_description/local_setup.zsh
[4.278s] -- Symlinking: /home/omzlette/gitROS/FRA333_LAB_HW/LAB2/install/sandevistan_description/share/sandevistan_description/local_setup.dsv
[4.285s] -- Symlinking: /home/omzlette/gitROS/FRA333_LAB_HW/LAB2/install/sandevistan_description/share/sandevistan_description/package.dsv
[4.294s] -- Symlinking: /home/omzlette/gitROS/FRA333_LAB_HW/LAB2/install/sandevistan_description/share/ament_index/resource_index/packages/sandevistan_description
[4.301s] -- Symlinking: /home/omzlette/gitROS/FRA333_LAB_HW/LAB2/install/sandevistan_description/share/sandevistan_description/cmake/sandevistan_descriptionConfig.cmake
[4.308s] -- Symlinking: /home/omzlette/gitROS/FRA333_LAB_HW/LAB2/install/sandevistan_description/share/sandevistan_description/cmake/sandevistan_descriptionConfig-version.cmake
[4.316s] -- Symlinking: /home/omzlette/gitROS/FRA333_LAB_HW/LAB2/install/sandevistan_description/share/sandevistan_description/package.xml
[4.349s] Listing '/home/omzlette/gitROS/FRA333_LAB_HW/LAB2/install/sandevistan_description/lib/python3.8/site-packages/sandevistan_description'...
[4.349s] Compiling '/home/omzlette/gitROS/FRA333_LAB_HW/LAB2/install/sandevistan_description/lib/python3.8/site-packages/sandevistan_description/__init__.py'...
[4.349s] Compiling '/home/omzlette/gitROS/FRA333_LAB_HW/LAB2/install/sandevistan_description/lib/python3.8/site-packages/sandevistan_description/robot_module.py'...
[4.355s] Invoked command in '/home/omzlette/gitROS/FRA333_LAB_HW/LAB2/build/sandevistan_description' returned '0': CMAKE_PREFIX_PATH=/opt/ros/foxy /usr/bin/cmake --install /home/omzlette/gitROS/FRA333_LAB_HW/LAB2/build/sandevistan_description
