-- Found ament_cmake: 0.9.11 (/opt/ros/foxy/share/ament_cmake/cmake)
-- Using PYTHON_EXECUTABLE: /usr/bin/python3
-- Override CMake install command with custom implementation using symlinks instead of copying resources
-- Found rclcpp: 2.4.2 (/opt/ros/foxy/share/rclcpp/cmake)
-- Using all available rosidl_typesupport_c: rosidl_typesupport_fastrtps_c;rosidl_typesupport_introspection_c
-- Found rosidl_adapter: 1.3.0 (/opt/ros/foxy/share/rosidl_adapter/cmake)
-- Using all available rosidl_typesupport_cpp: rosidl_typesupport_fastrtps_cpp;rosidl_typesupport_introspection_cpp
-- Found rmw_implementation_cmake: 1.0.3 (/opt/ros/foxy/share/rmw_implementation_cmake/cmake)
-- Using RMW implementation 'rmw_fastrtps_cpp' as default
-- Found rclpy: 1.0.10 (/opt/ros/foxy/share/rclpy/cmake)
-- Configuring done
-- Generating done
-- Build files have been written to: /home/omzlette/gitRos/LAB2/build/sandevistan_description
-- Install configuration: ""
-- Execute custom install script
-- Up-to-date symlink: /home/omzlette/gitRos/LAB2/install/sandevistan_description/share/sandevistan_description/environment/pythonpath.sh
-- Up-to-date symlink: /home/omzlette/gitRos/LAB2/install/sandevistan_description/share/sandevistan_description/environment/pythonpath.dsv
-- Up-to-date symlink: /home/omzlette/gitRos/LAB2/install/sandevistan_description/lib/python3.8/site-packages/sandevistan_description/__init__.py
-- Up-to-date symlink: /home/omzlette/gitRos/LAB2/install/sandevistan_description/lib/python3.8/site-packages/sandevistan_description/robot_module.py
-- Up-to-date symlink: /home/omzlette/gitRos/LAB2/install/sandevistan_description/lib/sandevistan_description/robot_script.py
-- Up-to-date symlink: /home/omzlette/gitRos/LAB2/install/sandevistan_description/share/sandevistan_description/config/sandevistan_kinematics.rviz
-- Up-to-date symlink: /home/omzlette/gitRos/LAB2/install/sandevistan_description/share/sandevistan_description/launch/display.launch.py
-- Up-to-date symlink: /home/omzlette/gitRos/LAB2/install/sandevistan_description/share/sandevistan_description/robot/sandevistan.urdf
-- Symlinking: /home/omzlette/gitRos/LAB2/install/sandevistan_description/share/sandevistan_description/meshes/link_0.STL
-- Symlinking: /home/omzlette/gitRos/LAB2/install/sandevistan_description/share/sandevistan_description/meshes/link_1.STL
-- Symlinking: /home/omzlette/gitRos/LAB2/install/sandevistan_description/share/sandevistan_description/meshes/link_2.STL
-- Symlinking: /home/omzlette/gitRos/LAB2/install/sandevistan_description/share/sandevistan_description/meshes/link_3.STL
-- Symlinking: /home/omzlette/gitRos/LAB2/install/sandevistan_description/share/sandevistan_description/meshes/link_4.STL
-- Up-to-date symlink: /home/omzlette/gitRos/LAB2/install/sandevistan_description/share/ament_index/resource_index/package_run_dependencies/sandevistan_description
-- Up-to-date symlink: /home/omzlette/gitRos/LAB2/install/sandevistan_description/share/ament_index/resource_index/parent_prefix_path/sandevistan_description
-- Up-to-date symlink: /home/omzlette/gitRos/LAB2/install/sandevistan_description/share/sandevistan_description/environment/ament_prefix_path.sh
-- Up-to-date symlink: /home/omzlette/gitRos/LAB2/install/sandevistan_description/share/sandevistan_description/environment/ament_prefix_path.dsv
-- Up-to-date symlink: /home/omzlette/gitRos/LAB2/install/sandevistan_description/share/sandevistan_description/environment/path.sh
-- Up-to-date symlink: /home/omzlette/gitRos/LAB2/install/sandevistan_description/share/sandevistan_description/environment/path.dsv
-- Up-to-date symlink: /home/omzlette/gitRos/LAB2/install/sandevistan_description/share/sandevistan_description/local_setup.bash
-- Up-to-date symlink: /home/omzlette/gitRos/LAB2/install/sandevistan_description/share/sandevistan_description/local_setup.sh
-- Up-to-date symlink: /home/omzlette/gitRos/LAB2/install/sandevistan_description/share/sandevistan_description/local_setup.zsh
-- Up-to-date symlink: /home/omzlette/gitRos/LAB2/install/sandevistan_description/share/sandevistan_description/local_setup.dsv
-- Symlinking: /home/omzlette/gitRos/LAB2/install/sandevistan_description/share/sandevistan_description/package.dsv
-- Up-to-date symlink: /home/omzlette/gitRos/LAB2/install/sandevistan_description/share/ament_index/resource_index/packages/sandevistan_description
-- Up-to-date symlink: /home/omzlette/gitRos/LAB2/install/sandevistan_description/share/sandevistan_description/cmake/sandevistan_descriptionConfig.cmake
-- Up-to-date symlink: /home/omzlette/gitRos/LAB2/install/sandevistan_description/share/sandevistan_description/cmake/sandevistan_descriptionConfig-version.cmake
-- Up-to-date symlink: /home/omzlette/gitRos/LAB2/install/sandevistan_description/share/sandevistan_description/package.xml
Listing '/home/omzlette/gitRos/LAB2/install/sandevistan_description/lib/python3.8/site-packages/sandevistan_description'...
