[0.037s] Invoking command in '/home/omzlette/gitRos/LAB2/build/sandevistan_description': CMAKE_PREFIX_PATH=${CMAKE_PREFIX_PATH}:/opt/ros/foxy /usr/bin/cmake --build /home/omzlette/gitRos/LAB2/build/sandevistan_description -- -j12 -l12
[0.056s] -- Found ament_cmake: 0.9.11 (/opt/ros/foxy/share/ament_cmake/cmake)
[0.074s] -- Using PYTHON_EXECUTABLE: /usr/bin/python3
[0.230s] -- Override CMake install command with custom implementation using symlinks instead of copying resources
[0.236s] -- Found rclcpp: 2.4.2 (/opt/ros/foxy/share/rclcpp/cmake)
[0.266s] -- Using all available rosidl_typesupport_c: rosidl_typesupport_fastrtps_c;rosidl_typesupport_introspection_c
[0.271s] -- Found rosidl_adapter: 1.3.0 (/opt/ros/foxy/share/rosidl_adapter/cmake)
[0.368s] -- Using all available rosidl_typesupport_cpp: rosidl_typesupport_fastrtps_cpp;rosidl_typesupport_introspection_cpp
[0.426s] -- Found rmw_implementation_cmake: 1.0.3 (/opt/ros/foxy/share/rmw_implementation_cmake/cmake)
[0.428s] -- Using RMW implementation 'rmw_fastrtps_cpp' as default
[0.573s] -- Found rclpy: 1.0.10 (/opt/ros/foxy/share/rclpy/cmake)
[0.631s] -- Configuring done
[0.633s] -- Generating done
[0.634s] -- Build files have been written to: /home/omzlette/gitRos/LAB2/build/sandevistan_description
[0.654s] Invoked command in '/home/omzlette/gitRos/LAB2/build/sandevistan_description' returned '0': CMAKE_PREFIX_PATH=${CMAKE_PREFIX_PATH}:/opt/ros/foxy /usr/bin/cmake --build /home/omzlette/gitRos/LAB2/build/sandevistan_description -- -j12 -l12
[0.671s] Invoking command in '/home/omzlette/gitRos/LAB2/build/sandevistan_description': CMAKE_PREFIX_PATH=${CMAKE_PREFIX_PATH}:/opt/ros/foxy /usr/bin/cmake --install /home/omzlette/gitRos/LAB2/build/sandevistan_description
[0.678s] -- Install configuration: ""
[0.678s] -- Execute custom install script
[0.678s] -- Up-to-date symlink: /home/omzlette/gitRos/LAB2/install/sandevistan_description/share/sandevistan_description/environment/pythonpath.sh
[0.679s] -- Up-to-date symlink: /home/omzlette/gitRos/LAB2/install/sandevistan_description/share/sandevistan_description/environment/pythonpath.dsv
[0.679s] -- Up-to-date symlink: /home/omzlette/gitRos/LAB2/install/sandevistan_description/lib/python3.8/site-packages/sandevistan_description/__init__.py
[0.679s] -- Up-to-date symlink: /home/omzlette/gitRos/LAB2/install/sandevistan_description/lib/python3.8/site-packages/sandevistan_description/robot_module.py
[0.680s] -- Up-to-date symlink: /home/omzlette/gitRos/LAB2/install/sandevistan_description/lib/sandevistan_description/robot_script.py
[0.680s] -- Up-to-date symlink: /home/omzlette/gitRos/LAB2/install/sandevistan_description/share/sandevistan_description/config/sandevistan_kinematics.rviz
[0.680s] -- Up-to-date symlink: /home/omzlette/gitRos/LAB2/install/sandevistan_description/share/sandevistan_description/launch/display.launch.py
[0.681s] -- Up-to-date symlink: /home/omzlette/gitRos/LAB2/install/sandevistan_description/share/sandevistan_description/robot/sandevistan.urdf
[0.681s] -- Symlinking: /home/omzlette/gitRos/LAB2/install/sandevistan_description/share/sandevistan_description/meshes/link_0.STL
[0.688s] -- Symlinking: /home/omzlette/gitRos/LAB2/install/sandevistan_description/share/sandevistan_description/meshes/link_1.STL
[0.695s] -- Symlinking: /home/omzlette/gitRos/LAB2/install/sandevistan_description/share/sandevistan_description/meshes/link_2.STL
[0.702s] -- Symlinking: /home/omzlette/gitRos/LAB2/install/sandevistan_description/share/sandevistan_description/meshes/link_3.STL
[0.709s] -- Symlinking: /home/omzlette/gitRos/LAB2/install/sandevistan_description/share/sandevistan_description/meshes/link_4.STL
[0.715s] -- Up-to-date symlink: /home/omzlette/gitRos/LAB2/install/sandevistan_description/share/ament_index/resource_index/package_run_dependencies/sandevistan_description
[0.716s] -- Up-to-date symlink: /home/omzlette/gitRos/LAB2/install/sandevistan_description/share/ament_index/resource_index/parent_prefix_path/sandevistan_description
[0.716s] -- Up-to-date symlink: /home/omzlette/gitRos/LAB2/install/sandevistan_description/share/sandevistan_description/environment/ament_prefix_path.sh
[0.716s] -- Up-to-date symlink: /home/omzlette/gitRos/LAB2/install/sandevistan_description/share/sandevistan_description/environment/ament_prefix_path.dsv
[0.716s] -- Up-to-date symlink: /home/omzlette/gitRos/LAB2/install/sandevistan_description/share/sandevistan_description/environment/path.sh
[0.717s] -- Up-to-date symlink: /home/omzlette/gitRos/LAB2/install/sandevistan_description/share/sandevistan_description/environment/path.dsv
[0.717s] -- Up-to-date symlink: /home/omzlette/gitRos/LAB2/install/sandevistan_description/share/sandevistan_description/local_setup.bash
[0.717s] -- Up-to-date symlink: /home/omzlette/gitRos/LAB2/install/sandevistan_description/share/sandevistan_description/local_setup.sh
[0.718s] -- Up-to-date symlink: /home/omzlette/gitRos/LAB2/install/sandevistan_description/share/sandevistan_description/local_setup.zsh
[0.718s] -- Up-to-date symlink: /home/omzlette/gitRos/LAB2/install/sandevistan_description/share/sandevistan_description/local_setup.dsv
[0.718s] -- Symlinking: /home/omzlette/gitRos/LAB2/install/sandevistan_description/share/sandevistan_description/package.dsv
[0.725s] -- Up-to-date symlink: /home/omzlette/gitRos/LAB2/install/sandevistan_description/share/ament_index/resource_index/packages/sandevistan_description
[0.725s] -- Up-to-date symlink: /home/omzlette/gitRos/LAB2/install/sandevistan_description/share/sandevistan_description/cmake/sandevistan_descriptionConfig.cmake
[0.726s] -- Up-to-date symlink: /home/omzlette/gitRos/LAB2/install/sandevistan_description/share/sandevistan_description/cmake/sandevistan_descriptionConfig-version.cmake
[0.726s] -- Up-to-date symlink: /home/omzlette/gitRos/LAB2/install/sandevistan_description/share/sandevistan_description/package.xml
[0.752s] Listing '/home/omzlette/gitRos/LAB2/install/sandevistan_description/lib/python3.8/site-packages/sandevistan_description'...
[0.761s] Invoked command in '/home/omzlette/gitRos/LAB2/build/sandevistan_description' returned '0': CMAKE_PREFIX_PATH=${CMAKE_PREFIX_PATH}:/opt/ros/foxy /usr/bin/cmake --install /home/omzlette/gitRos/LAB2/build/sandevistan_description
