-- The C compiler identification is GNU 9.4.0
-- The CXX compiler identification is GNU 9.4.0
-- Check for working C compiler: /usr/bin/cc
-- Check for working C compiler: /usr/bin/cc -- works
-- Detecting C compiler ABI info
-- Detecting C compiler ABI info - done
-- Detecting C compile features
-- Detecting C compile features - done
-- Check for working CXX compiler: /usr/bin/c++
-- Check for working CXX compiler: /usr/bin/c++ -- works
-- Detecting CXX compiler ABI info
-- Detecting CXX compiler ABI info - done
-- Detecting CXX compile features
-- Detecting CXX compile features - done
-- Found rosidl_default_generators: 1.0.1 (/opt/ros/foxy/share/rosidl_default_generators/cmake)
-- Found ament_cmake_core: 0.9.11 (/opt/ros/foxy/share/ament_cmake_core/cmake)
-- Found PythonInterp: /usr/bin/python3 (found suitable version "3.8.10", minimum required is "3") 
-- Using PYTHON_EXECUTABLE: /usr/bin/python3
-- Override CMake install command with custom implementation using symlinks instead of copying resources
-- Using all available rosidl_typesupport_c: rosidl_typesupport_fastrtps_c;rosidl_typesupport_introspection_c
-- Found rosidl_adapter: 1.3.0 (/opt/ros/foxy/share/rosidl_adapter/cmake)
-- Found OpenSSL: /usr/lib/x86_64-linux-gnu/libcrypto.so (found version "1.1.1f")  
-- Found FastRTPS: /opt/ros/foxy/include  
-- Using all available rosidl_typesupport_cpp: rosidl_typesupport_fastrtps_cpp;rosidl_typesupport_introspection_cpp
-- Found geometry_msgs: 2.0.5 (/opt/ros/foxy/share/geometry_msgs/cmake)
-- Found rclcpp: 2.4.2 (/opt/ros/foxy/share/rclcpp/cmake)
-- Found rmw_implementation_cmake: 1.0.3 (/opt/ros/foxy/share/rmw_implementation_cmake/cmake)
-- Using RMW implementation 'rmw_fastrtps_cpp' as default
-- Looking for pthread.h
-- Looking for pthread.h - found
-- Performing Test CMAKE_HAVE_LIBC_PTHREAD
-- Performing Test CMAKE_HAVE_LIBC_PTHREAD - Failed
-- Looking for pthread_create in pthreads
-- Looking for pthread_create in pthreads - not found
-- Looking for pthread_create in pthread
-- Looking for pthread_create in pthread - found
-- Found Threads: TRUE  
-- Found rclpy: 1.0.11 (/opt/ros/foxy/share/rclpy/cmake)
-- Configuring done
-- Generating done
-- Build files have been written to: /home/omzlette/gitROS/FRA333_LAB_HW/LAB3/build/ros2_control_demo_3r_robot
-- Install configuration: ""
-- Execute custom install script
-- Symlinking: /home/omzlette/gitROS/FRA333_LAB_HW/LAB3/install/ros2_control_demo_3r_robot/share/ros2_control_demo_3r_robot/environment/pythonpath.sh
-- Symlinking: /home/omzlette/gitROS/FRA333_LAB_HW/LAB3/install/ros2_control_demo_3r_robot/share/ros2_control_demo_3r_robot/environment/pythonpath.dsv
-- Symlinking: /home/omzlette/gitROS/FRA333_LAB_HW/LAB3/install/ros2_control_demo_3r_robot/lib/python3.8/site-packages/ros2_control_demo_3r_robot/__init__.py
-- Symlinking: /home/omzlette/gitROS/FRA333_LAB_HW/LAB3/install/ros2_control_demo_3r_robot/lib/ros2_control_demo_3r_robot/trajectory_gen.py
-- Symlinking: /home/omzlette/gitROS/FRA333_LAB_HW/LAB3/install/ros2_control_demo_3r_robot/share/ros2_control_demo_3r_robot/description/example_gazebo.xacro
-- Symlinking: /home/omzlette/gitROS/FRA333_LAB_HW/LAB3/install/ros2_control_demo_3r_robot/share/ros2_control_demo_3r_robot/description/example_include.xacro
-- Symlinking: /home/omzlette/gitROS/FRA333_LAB_HW/LAB3/install/ros2_control_demo_3r_robot/share/ros2_control_demo_3r_robot/description/example_robot.urdf.xacro
-- Symlinking: /home/omzlette/gitROS/FRA333_LAB_HW/LAB3/install/ros2_control_demo_3r_robot/share/ros2_control_demo_3r_robot/launch/dummy_gazebo.launch.py
-- Symlinking: /home/omzlette/gitROS/FRA333_LAB_HW/LAB3/install/ros2_control_demo_3r_robot/share/ros2_control_demo_3r_robot/config/myrobot_controllers.yaml
-- Symlinking: /home/omzlette/gitROS/FRA333_LAB_HW/LAB3/install/ros2_control_demo_3r_robot/share/ros2_control_demo_3r_robot/scripts/trajectory_gen.py
-- Symlinking: /home/omzlette/gitROS/FRA333_LAB_HW/LAB3/install/ros2_control_demo_3r_robot/share/ros2_control_demo_3r_robot/meshes/link_0.stl
-- Symlinking: /home/omzlette/gitROS/FRA333_LAB_HW/LAB3/install/ros2_control_demo_3r_robot/share/ros2_control_demo_3r_robot/meshes/link_1.stl
-- Symlinking: /home/omzlette/gitROS/FRA333_LAB_HW/LAB3/install/ros2_control_demo_3r_robot/share/ros2_control_demo_3r_robot/meshes/link_2.stl
-- Symlinking: /home/omzlette/gitROS/FRA333_LAB_HW/LAB3/install/ros2_control_demo_3r_robot/share/ros2_control_demo_3r_robot/meshes/link_3.stl
-- Symlinking: /home/omzlette/gitROS/FRA333_LAB_HW/LAB3/install/ros2_control_demo_3r_robot/share/ament_index/resource_index/package_run_dependencies/ros2_control_demo_3r_robot
-- Symlinking: /home/omzlette/gitROS/FRA333_LAB_HW/LAB3/install/ros2_control_demo_3r_robot/share/ament_index/resource_index/parent_prefix_path/ros2_control_demo_3r_robot
-- Symlinking: /home/omzlette/gitROS/FRA333_LAB_HW/LAB3/install/ros2_control_demo_3r_robot/share/ros2_control_demo_3r_robot/environment/ament_prefix_path.sh
-- Symlinking: /home/omzlette/gitROS/FRA333_LAB_HW/LAB3/install/ros2_control_demo_3r_robot/share/ros2_control_demo_3r_robot/environment/ament_prefix_path.dsv
-- Symlinking: /home/omzlette/gitROS/FRA333_LAB_HW/LAB3/install/ros2_control_demo_3r_robot/share/ros2_control_demo_3r_robot/environment/path.sh
-- Symlinking: /home/omzlette/gitROS/FRA333_LAB_HW/LAB3/install/ros2_control_demo_3r_robot/share/ros2_control_demo_3r_robot/environment/path.dsv
-- Symlinking: /home/omzlette/gitROS/FRA333_LAB_HW/LAB3/install/ros2_control_demo_3r_robot/share/ros2_control_demo_3r_robot/local_setup.bash
-- Symlinking: /home/omzlette/gitROS/FRA333_LAB_HW/LAB3/install/ros2_control_demo_3r_robot/share/ros2_control_demo_3r_robot/local_setup.sh
-- Symlinking: /home/omzlette/gitROS/FRA333_LAB_HW/LAB3/install/ros2_control_demo_3r_robot/share/ros2_control_demo_3r_robot/local_setup.zsh
-- Symlinking: /home/omzlette/gitROS/FRA333_LAB_HW/LAB3/install/ros2_control_demo_3r_robot/share/ros2_control_demo_3r_robot/local_setup.dsv
-- Symlinking: /home/omzlette/gitROS/FRA333_LAB_HW/LAB3/install/ros2_control_demo_3r_robot/share/ros2_control_demo_3r_robot/package.dsv
-- Symlinking: /home/omzlette/gitROS/FRA333_LAB_HW/LAB3/install/ros2_control_demo_3r_robot/share/ament_index/resource_index/packages/ros2_control_demo_3r_robot
-- Symlinking: /home/omzlette/gitROS/FRA333_LAB_HW/LAB3/install/ros2_control_demo_3r_robot/share/ros2_control_demo_3r_robot/cmake/ros2_control_demo_3r_robotConfig.cmake
-- Symlinking: /home/omzlette/gitROS/FRA333_LAB_HW/LAB3/install/ros2_control_demo_3r_robot/share/ros2_control_demo_3r_robot/cmake/ros2_control_demo_3r_robotConfig-version.cmake
-- Symlinking: /home/omzlette/gitROS/FRA333_LAB_HW/LAB3/install/ros2_control_demo_3r_robot/share/ros2_control_demo_3r_robot/package.xml
Listing '/home/omzlette/gitROS/FRA333_LAB_HW/LAB3/install/ros2_control_demo_3r_robot/lib/python3.8/site-packages/ros2_control_demo_3r_robot'...
Compiling '/home/omzlette/gitROS/FRA333_LAB_HW/LAB3/install/ros2_control_demo_3r_robot/lib/python3.8/site-packages/ros2_control_demo_3r_robot/__init__.py'...
