[0.019s] Invoking command in '/home/omzlette/gitROS/FRA333_LAB_HW/LAB3/build/ros2_control_demo_3r_robot': CMAKE_PREFIX_PATH=${CMAKE_PREFIX_PATH}:/opt/ros/foxy /usr/bin/cmake /home/omzlette/gitROS/FRA333_LAB_HW/LAB3/src/ros2_control_demo_3r_robot -DAMENT_CMAKE_SYMLINK_INSTALL=1 -DCMAKE_INSTALL_PREFIX=/home/omzlette/gitROS/FRA333_LAB_HW/LAB3/install/ros2_control_demo_3r_robot
[0.181s] -- The C compiler identification is GNU 9.4.0
[0.329s] -- The CXX compiler identification is GNU 9.4.0
[0.390s] -- Check for working C compiler: /usr/bin/cc
[0.486s] -- Check for working C compiler: /usr/bin/cc -- works
[0.488s] -- Detecting C compiler ABI info
[0.578s] -- Detecting C compiler ABI info - done
[0.587s] -- Detecting C compile features
[0.588s] -- Detecting C compile features - done
[0.591s] -- Check for working CXX compiler: /usr/bin/c++
[0.683s] -- Check for working CXX compiler: /usr/bin/c++ -- works
[0.684s] -- Detecting CXX compiler ABI info
[0.772s] -- Detecting CXX compiler ABI info - done
[0.781s] -- Detecting CXX compile features
[0.782s] -- Detecting CXX compile features - done
[0.785s] -- Found rosidl_default_generators: 1.0.1 (/opt/ros/foxy/share/rosidl_default_generators/cmake)
[0.787s] -- Found ament_cmake_core: 0.9.11 (/opt/ros/foxy/share/ament_cmake_core/cmake)
[0.805s] -- Found PythonInterp: /usr/bin/python3 (found suitable version "3.8.10", minimum required is "3") 
[0.805s] -- Using PYTHON_EXECUTABLE: /usr/bin/python3
[0.946s] -- Override CMake install command with custom implementation using symlinks instead of copying resources
[0.953s] -- Using all available rosidl_typesupport_c: rosidl_typesupport_fastrtps_c;rosidl_typesupport_introspection_c
[0.964s] -- Found rosidl_adapter: 1.3.0 (/opt/ros/foxy/share/rosidl_adapter/cmake)
[1.772s] -- Found OpenSSL: /usr/lib/x86_64-linux-gnu/libcrypto.so (found version "1.1.1f")  
[2.470s] -- Found FastRTPS: /opt/ros/foxy/include  
[3.662s] -- Using all available rosidl_typesupport_cpp: rosidl_typesupport_fastrtps_cpp;rosidl_typesupport_introspection_cpp
[3.690s] -- Found geometry_msgs: 2.0.5 (/opt/ros/foxy/share/geometry_msgs/cmake)
[3.768s] -- Found rclcpp: 2.4.2 (/opt/ros/foxy/share/rclcpp/cmake)
[3.817s] -- Found rmw_implementation_cmake: 1.0.3 (/opt/ros/foxy/share/rmw_implementation_cmake/cmake)
[3.820s] -- Using RMW implementation 'rmw_fastrtps_cpp' as default
[3.822s] -- Looking for pthread.h
[3.908s] -- Looking for pthread.h - found
[3.908s] -- Performing Test CMAKE_HAVE_LIBC_PTHREAD
[3.994s] -- Performing Test CMAKE_HAVE_LIBC_PTHREAD - Failed
[3.994s] -- Looking for pthread_create in pthreads
[4.072s] -- Looking for pthread_create in pthreads - not found
[4.072s] -- Looking for pthread_create in pthread
[4.157s] -- Looking for pthread_create in pthread - found
[4.158s] -- Found Threads: TRUE  
[4.291s] -- Found rclpy: 1.0.11 (/opt/ros/foxy/share/rclpy/cmake)
[4.361s] -- Configuring done
[4.363s] -- Generating done
[4.364s] -- Build files have been written to: /home/omzlette/gitROS/FRA333_LAB_HW/LAB3/build/ros2_control_demo_3r_robot
[4.372s] Invoked command in '/home/omzlette/gitROS/FRA333_LAB_HW/LAB3/build/ros2_control_demo_3r_robot' returned '0': CMAKE_PREFIX_PATH=${CMAKE_PREFIX_PATH}:/opt/ros/foxy /usr/bin/cmake /home/omzlette/gitROS/FRA333_LAB_HW/LAB3/src/ros2_control_demo_3r_robot -DAMENT_CMAKE_SYMLINK_INSTALL=1 -DCMAKE_INSTALL_PREFIX=/home/omzlette/gitROS/FRA333_LAB_HW/LAB3/install/ros2_control_demo_3r_robot
[4.373s] Invoking command in '/home/omzlette/gitROS/FRA333_LAB_HW/LAB3/build/ros2_control_demo_3r_robot': CMAKE_PREFIX_PATH=${CMAKE_PREFIX_PATH}:/opt/ros/foxy /usr/bin/cmake --build /home/omzlette/gitROS/FRA333_LAB_HW/LAB3/build/ros2_control_demo_3r_robot -- -j12 -l12
[4.399s] Invoked command in '/home/omzlette/gitROS/FRA333_LAB_HW/LAB3/build/ros2_control_demo_3r_robot' returned '0': CMAKE_PREFIX_PATH=${CMAKE_PREFIX_PATH}:/opt/ros/foxy /usr/bin/cmake --build /home/omzlette/gitROS/FRA333_LAB_HW/LAB3/build/ros2_control_demo_3r_robot -- -j12 -l12
[4.422s] Invoking command in '/home/omzlette/gitROS/FRA333_LAB_HW/LAB3/build/ros2_control_demo_3r_robot': CMAKE_PREFIX_PATH=${CMAKE_PREFIX_PATH}:/opt/ros/foxy /usr/bin/cmake --install /home/omzlette/gitROS/FRA333_LAB_HW/LAB3/build/ros2_control_demo_3r_robot
[4.428s] -- Install configuration: ""
[4.429s] -- Execute custom install script
[4.429s] -- Symlinking: /home/omzlette/gitROS/FRA333_LAB_HW/LAB3/install/ros2_control_demo_3r_robot/share/ros2_control_demo_3r_robot/environment/pythonpath.sh
[4.438s] -- Symlinking: /home/omzlette/gitROS/FRA333_LAB_HW/LAB3/install/ros2_control_demo_3r_robot/share/ros2_control_demo_3r_robot/environment/pythonpath.dsv
[4.445s] -- Symlinking: /home/omzlette/gitROS/FRA333_LAB_HW/LAB3/install/ros2_control_demo_3r_robot/lib/python3.8/site-packages/ros2_control_demo_3r_robot/__init__.py
[4.452s] -- Symlinking: /home/omzlette/gitROS/FRA333_LAB_HW/LAB3/install/ros2_control_demo_3r_robot/lib/ros2_control_demo_3r_robot/trajectory_gen.py
[4.458s] -- Symlinking: /home/omzlette/gitROS/FRA333_LAB_HW/LAB3/install/ros2_control_demo_3r_robot/share/ros2_control_demo_3r_robot/description/example_gazebo.xacro
[4.464s] -- Symlinking: /home/omzlette/gitROS/FRA333_LAB_HW/LAB3/install/ros2_control_demo_3r_robot/share/ros2_control_demo_3r_robot/description/example_include.xacro
[4.470s] -- Symlinking: /home/omzlette/gitROS/FRA333_LAB_HW/LAB3/install/ros2_control_demo_3r_robot/share/ros2_control_demo_3r_robot/description/example_robot.urdf.xacro
[4.476s] -- Symlinking: /home/omzlette/gitROS/FRA333_LAB_HW/LAB3/install/ros2_control_demo_3r_robot/share/ros2_control_demo_3r_robot/launch/dummy_gazebo.launch.py
[4.481s] -- Symlinking: /home/omzlette/gitROS/FRA333_LAB_HW/LAB3/install/ros2_control_demo_3r_robot/share/ros2_control_demo_3r_robot/config/myrobot_controllers.yaml
[4.487s] -- Symlinking: /home/omzlette/gitROS/FRA333_LAB_HW/LAB3/install/ros2_control_demo_3r_robot/share/ros2_control_demo_3r_robot/scripts/trajectory_gen.py
[4.493s] -- Symlinking: /home/omzlette/gitROS/FRA333_LAB_HW/LAB3/install/ros2_control_demo_3r_robot/share/ros2_control_demo_3r_robot/meshes/link_0.stl
[4.499s] -- Symlinking: /home/omzlette/gitROS/FRA333_LAB_HW/LAB3/install/ros2_control_demo_3r_robot/share/ros2_control_demo_3r_robot/meshes/link_1.stl
[4.505s] -- Symlinking: /home/omzlette/gitROS/FRA333_LAB_HW/LAB3/install/ros2_control_demo_3r_robot/share/ros2_control_demo_3r_robot/meshes/link_2.stl
[4.511s] -- Symlinking: /home/omzlette/gitROS/FRA333_LAB_HW/LAB3/install/ros2_control_demo_3r_robot/share/ros2_control_demo_3r_robot/meshes/link_3.stl
[4.517s] -- Symlinking: /home/omzlette/gitROS/FRA333_LAB_HW/LAB3/install/ros2_control_demo_3r_robot/share/ament_index/resource_index/package_run_dependencies/ros2_control_demo_3r_robot
[4.522s] -- Symlinking: /home/omzlette/gitROS/FRA333_LAB_HW/LAB3/install/ros2_control_demo_3r_robot/share/ament_index/resource_index/parent_prefix_path/ros2_control_demo_3r_robot
[4.528s] -- Symlinking: /home/omzlette/gitROS/FRA333_LAB_HW/LAB3/install/ros2_control_demo_3r_robot/share/ros2_control_demo_3r_robot/environment/ament_prefix_path.sh
[4.534s] -- Symlinking: /home/omzlette/gitROS/FRA333_LAB_HW/LAB3/install/ros2_control_demo_3r_robot/share/ros2_control_demo_3r_robot/environment/ament_prefix_path.dsv
[4.539s] -- Symlinking: /home/omzlette/gitROS/FRA333_LAB_HW/LAB3/install/ros2_control_demo_3r_robot/share/ros2_control_demo_3r_robot/environment/path.sh
[4.545s] -- Symlinking: /home/omzlette/gitROS/FRA333_LAB_HW/LAB3/install/ros2_control_demo_3r_robot/share/ros2_control_demo_3r_robot/environment/path.dsv
[4.551s] -- Symlinking: /home/omzlette/gitROS/FRA333_LAB_HW/LAB3/install/ros2_control_demo_3r_robot/share/ros2_control_demo_3r_robot/local_setup.bash
[4.557s] -- Symlinking: /home/omzlette/gitROS/FRA333_LAB_HW/LAB3/install/ros2_control_demo_3r_robot/share/ros2_control_demo_3r_robot/local_setup.sh
[4.563s] -- Symlinking: /home/omzlette/gitROS/FRA333_LAB_HW/LAB3/install/ros2_control_demo_3r_robot/share/ros2_control_demo_3r_robot/local_setup.zsh
[4.569s] -- Symlinking: /home/omzlette/gitROS/FRA333_LAB_HW/LAB3/install/ros2_control_demo_3r_robot/share/ros2_control_demo_3r_robot/local_setup.dsv
[4.575s] -- Symlinking: /home/omzlette/gitROS/FRA333_LAB_HW/LAB3/install/ros2_control_demo_3r_robot/share/ros2_control_demo_3r_robot/package.dsv
[4.581s] -- Symlinking: /home/omzlette/gitROS/FRA333_LAB_HW/LAB3/install/ros2_control_demo_3r_robot/share/ament_index/resource_index/packages/ros2_control_demo_3r_robot
[4.586s] -- Symlinking: /home/omzlette/gitROS/FRA333_LAB_HW/LAB3/install/ros2_control_demo_3r_robot/share/ros2_control_demo_3r_robot/cmake/ros2_control_demo_3r_robotConfig.cmake
[4.592s] -- Symlinking: /home/omzlette/gitROS/FRA333_LAB_HW/LAB3/install/ros2_control_demo_3r_robot/share/ros2_control_demo_3r_robot/cmake/ros2_control_demo_3r_robotConfig-version.cmake
[4.598s] -- Symlinking: /home/omzlette/gitROS/FRA333_LAB_HW/LAB3/install/ros2_control_demo_3r_robot/share/ros2_control_demo_3r_robot/package.xml
[4.624s] Listing '/home/omzlette/gitROS/FRA333_LAB_HW/LAB3/install/ros2_control_demo_3r_robot/lib/python3.8/site-packages/ros2_control_demo_3r_robot'...
[4.624s] Compiling '/home/omzlette/gitROS/FRA333_LAB_HW/LAB3/install/ros2_control_demo_3r_robot/lib/python3.8/site-packages/ros2_control_demo_3r_robot/__init__.py'...
[4.629s] Invoked command in '/home/omzlette/gitROS/FRA333_LAB_HW/LAB3/build/ros2_control_demo_3r_robot' returned '0': CMAKE_PREFIX_PATH=${CMAKE_PREFIX_PATH}:/opt/ros/foxy /usr/bin/cmake --install /home/omzlette/gitROS/FRA333_LAB_HW/LAB3/build/ros2_control_demo_3r_robot
