CMake Error at /opt/ros/foxy/share/rosidl_adapter/cmake/rosidl_adapt_interfaces.cmake:60 (message):
  execute_process(/usr/bin/python3 -m rosidl_adapter --package-name
  sandevistan_kinematics_interfaces --arguments-file
  /home/omzlette/gitRos/LAB2/build/sandevistan_kinematics_interfaces/rosidl_adapter__arguments__sandevistan_kinematics_interfaces.json
  --output-dir
  /home/omzlette/gitRos/LAB2/build/sandevistan_kinematics_interfaces/rosidl_adapter/sandevistan_kinematics_interfaces
  --output-file
  /home/omzlette/gitRos/LAB2/build/sandevistan_kinematics_interfaces/rosidl_adapter/sandevistan_kinematics_interfaces.idls)
  returned error code 1:

  Error processing 'geometry_msgs/Point position "1.0"' of
  'sandevistan_kinematics_interfaces/SolveIK_Request': 'parsing string values
  into type 'geometry_msgs/Point' is not supported'

  Traceback (most recent call last):

    File "/usr/lib/python3.8/runpy.py", line 194, in _run_module_as_main
      return _run_code(code, main_globals, None,
    File "/usr/lib/python3.8/runpy.py", line 87, in _run_code
      exec(code, run_globals)
    File "/opt/ros/foxy/lib/python3.8/site-packages/rosidl_adapter/__main__.py", line 19, in <module>
      sys.exit(main())
    File "/opt/ros/foxy/lib/python3.8/site-packages/rosidl_adapter/main.py", line 53, in main
      abs_idl_file = convert_to_idl(
    File "/opt/ros/foxy/lib/python3.8/site-packages/rosidl_adapter/__init__.py", line 24, in convert_to_idl
      return convert_srv_to_idl(
    File "/opt/ros/foxy/lib/python3.8/site-packages/rosidl_adapter/srv/__init__.py", line 28, in convert_srv_to_idl
      srv = parse_service_string(package_name, input_file.stem, content)
    File "/opt/ros/foxy/lib/python3.8/site-packages/rosidl_adapter/parser.py", line 852, in parse_service_string
      request_message = parse_message_string(
    File "/opt/ros/foxy/lib/python3.8/site-packages/rosidl_adapter/parser.py", line 515, in parse_message_string
      fields.append(Field(
    File "/opt/ros/foxy/lib/python3.8/site-packages/rosidl_adapter/parser.py", line 360, in __init__
      self.default_value = parse_value_string(
    File "/opt/ros/foxy/lib/python3.8/site-packages/rosidl_adapter/parser.py", line 631, in parse_value_string
      raise NotImplementedError(

  NotImplementedError: parsing string values into type 'geometry_msgs/Point'
  is not supported

Call Stack (most recent call first):
  /opt/ros/foxy/share/rosidl_cmake/cmake/rosidl_generate_interfaces.cmake:130 (rosidl_adapt_interfaces)
  CMakeLists.txt:40 (rosidl_generate_interfaces)


make: *** [Makefile:988: cmake_check_build_system] Error 1
