[0.024s] Invoking command in '/home/omzlette/gitRos/LAB2/build/sandevistan_kinematics_interfaces': CMAKE_PREFIX_PATH=${CMAKE_PREFIX_PATH}:/opt/ros/foxy /usr/bin/cmake --build /home/omzlette/gitRos/LAB2/build/sandevistan_kinematics_interfaces -- -j12 -l12
[0.043s] -- Found ament_cmake: 0.9.11 (/opt/ros/foxy/share/ament_cmake/cmake)
[0.063s] -- Found PythonInterp: /usr/bin/python3 (found suitable version "3.8.10", minimum required is "3") 
[0.063s] -- Using PYTHON_EXECUTABLE: /usr/bin/python3
[0.228s] -- Override CMake install command with custom implementation using symlinks instead of copying resources
[0.235s] -- Found ament_lint_auto: 0.9.7 (/opt/ros/foxy/share/ament_lint_auto/cmake)
[0.288s] -- Found rosidl_default_generators: 1.0.1 (/opt/ros/foxy/share/rosidl_default_generators/cmake)
[0.291s] -- Using all available rosidl_typesupport_c: rosidl_typesupport_fastrtps_c;rosidl_typesupport_introspection_c
[0.294s] -- Found rosidl_adapter: 1.3.0 (/opt/ros/foxy/share/rosidl_adapter/cmake)
[0.404s] -- Using all available rosidl_typesupport_cpp: rosidl_typesupport_fastrtps_cpp;rosidl_typesupport_introspection_cpp
[0.424s] -- Found geometry_msgs: 2.0.5 (/opt/ros/foxy/share/geometry_msgs/cmake)
[0.492s] -- Found sensor_msgs: 2.0.5 (/opt/ros/foxy/share/sensor_msgs/cmake)
[0.608s] -- Found PythonInterp: /usr/bin/python3 (found version "3.8.10") 
[0.826s] CMake Error at /opt/ros/foxy/share/rosidl_adapter/cmake/rosidl_adapt_interfaces.cmake:60 (message):
[0.826s]   execute_process(/usr/bin/python3 -m rosidl_adapter --package-name
[0.826s]   sandevistan_kinematics_interfaces --arguments-file
[0.826s]   /home/omzlette/gitRos/LAB2/build/sandevistan_kinematics_interfaces/rosidl_adapter__arguments__sandevistan_kinematics_interfaces.json
[0.826s]   --output-dir
[0.826s]   /home/omzlette/gitRos/LAB2/build/sandevistan_kinematics_interfaces/rosidl_adapter/sandevistan_kinematics_interfaces
[0.826s]   --output-file
[0.826s]   /home/omzlette/gitRos/LAB2/build/sandevistan_kinematics_interfaces/rosidl_adapter/sandevistan_kinematics_interfaces.idls)
[0.827s]   returned error code 1:
[0.827s] 
[0.827s]   Traceback (most recent call last):
[0.827s] 
[0.827s]     File "/usr/lib/python3.8/runpy.py", line 194, in _run_module_as_main
[0.827s]       return _run_code(code, main_globals, None,
[0.827s]     File "/usr/lib/python3.8/runpy.py", line 87, in _run_code
[0.828s]       exec(code, run_globals)
[0.828s]     File "/opt/ros/foxy/lib/python3.8/site-packages/rosidl_adapter/__main__.py", line 19, in <module>
[0.828s]       sys.exit(main())
[0.828s]     File "/opt/ros/foxy/lib/python3.8/site-packages/rosidl_adapter/main.py", line 53, in main
[0.828s]       abs_idl_file = convert_to_idl(
[0.828s]     File "/opt/ros/foxy/lib/python3.8/site-packages/rosidl_adapter/__init__.py", line 24, in convert_to_idl
[0.828s]       return convert_srv_to_idl(
[0.828s]     File "/opt/ros/foxy/lib/python3.8/site-packages/rosidl_adapter/srv/__init__.py", line 28, in convert_srv_to_idl
[0.829s]       srv = parse_service_string(package_name, input_file.stem, content)
[0.829s]     File "/opt/ros/foxy/lib/python3.8/site-packages/rosidl_adapter/parser.py", line 852, in parse_service_string
[0.829s]       request_message = parse_message_string(
[0.829s]     File "/opt/ros/foxy/lib/python3.8/site-packages/rosidl_adapter/parser.py", line 531, in parse_message_string
[0.829s]       constants.append(Constant(type_string, name, value))
[0.829s]     File "/opt/ros/foxy/lib/python3.8/site-packages/rosidl_adapter/parser.py", line 315, in __init__
[0.829s]       raise TypeError("the constant type '%s' must be a primitive type" %
[0.829s] 
[0.830s]   TypeError: the constant type 'geometry_msgs/Point' must be a primitive type
[0.830s] 
[0.830s] Call Stack (most recent call first):
[0.830s]   /opt/ros/foxy/share/rosidl_cmake/cmake/rosidl_generate_interfaces.cmake:130 (rosidl_adapt_interfaces)
[0.830s]   CMakeLists.txt:40 (rosidl_generate_interfaces)
[0.830s] 
[0.830s] 
[0.830s] -- Configuring incomplete, errors occurred!
[0.830s] See also "/home/omzlette/gitRos/LAB2/build/sandevistan_kinematics_interfaces/CMakeFiles/CMakeOutput.log".
[0.836s] make: *** [Makefile:988: cmake_check_build_system] Error 1
[0.838s] Invoked command in '/home/omzlette/gitRos/LAB2/build/sandevistan_kinematics_interfaces' returned '2': CMAKE_PREFIX_PATH=${CMAKE_PREFIX_PATH}:/opt/ros/foxy /usr/bin/cmake --build /home/omzlette/gitRos/LAB2/build/sandevistan_kinematics_interfaces -- -j12 -l12
