[0.123s] DEBUG:colcon:Command line arguments: ['/usr/bin/colcon', 'build', '--symlink-install']
[0.123s] DEBUG:colcon:Parsed command line arguments: Namespace(allow_overriding=[], ament_cmake_args=None, base_paths=['.'], build_base='build', catkin_cmake_args=None, catkin_skip_building_tests=False, cmake_args=None, cmake_clean_cache=False, cmake_clean_first=False, cmake_force_configure=False, cmake_target=None, cmake_target_skip_unavailable=False, continue_on_error=False, event_handlers=None, executor='parallel', ignore_user_meta=False, install_base='install', log_base=None, log_level=None, main=<bound method BuildVerb.main of <colcon_core.verb.build.BuildVerb object at 0x7f6c0053de80>>, merge_install=False, metas=['./colcon.meta'], packages_above=None, packages_above_and_dependencies=None, packages_above_depth=None, packages_end=None, packages_ignore=None, packages_ignore_regex=None, packages_select=None, packages_select_build_failed=False, packages_select_by_dep=None, packages_select_regex=None, packages_select_test_failures=False, packages_skip=None, packages_skip_build_finished=False, packages_skip_by_dep=None, packages_skip_regex=None, packages_skip_test_passed=False, packages_skip_up_to=None, packages_start=None, packages_up_to=None, packages_up_to_regex=None, parallel_workers=12, paths=None, symlink_install=True, test_result_base=None, verb_extension=<colcon_core.verb.build.BuildVerb object at 0x7f6c0053de80>, verb_name='build', verb_parser=<colcon_defaults.argument_parser.defaults.DefaultArgumentsDecorator object at 0x7f6c0054a430>)
[0.143s] Level 1:colcon.colcon_core.package_discovery:discover_packages(colcon_meta) check parameters
[0.143s] Level 1:colcon.colcon_core.package_discovery:discover_packages(recursive) check parameters
[0.143s] Level 1:colcon.colcon_core.package_discovery:discover_packages(ignore) check parameters
[0.143s] Level 1:colcon.colcon_core.package_discovery:discover_packages(path) check parameters
[0.143s] Level 1:colcon.colcon_core.package_discovery:discover_packages(colcon_meta) discover
[0.143s] Level 1:colcon.colcon_core.package_discovery:discover_packages(recursive) discover
[0.143s] INFO:colcon.colcon_core.package_discovery:Crawling recursively for packages in '/home/omzlette/gitRos/LAB2'
[0.143s] Level 1:colcon.colcon_core.package_identification:_identify(.) by extensions ['ignore', 'ignore_ament_install']
[0.143s] Level 1:colcon.colcon_core.package_identification:_identify(.) by extension 'ignore'
[0.143s] Level 1:colcon.colcon_core.package_identification:_identify(.) by extension 'ignore_ament_install'
[0.143s] Level 1:colcon.colcon_core.package_identification:_identify(.) by extensions ['colcon_pkg']
[0.144s] Level 1:colcon.colcon_core.package_identification:_identify(.) by extension 'colcon_pkg'
[0.144s] Level 1:colcon.colcon_core.package_identification:_identify(.) by extensions ['colcon_meta']
[0.144s] Level 1:colcon.colcon_core.package_identification:_identify(.) by extension 'colcon_meta'
[0.144s] Level 1:colcon.colcon_core.package_identification:_identify(.) by extensions ['ros']
[0.144s] Level 1:colcon.colcon_core.package_identification:_identify(.) by extension 'ros'
[0.157s] Level 1:colcon.colcon_core.package_identification:_identify(.) by extensions ['cmake', 'python']
[0.157s] Level 1:colcon.colcon_core.package_identification:_identify(.) by extension 'cmake'
[0.157s] Level 1:colcon.colcon_core.package_identification:_identify(.) by extension 'python'
[0.157s] Level 1:colcon.colcon_core.package_identification:_identify(.) by extensions ['python_setup_py']
[0.157s] Level 1:colcon.colcon_core.package_identification:_identify(.) by extension 'python_setup_py'
[0.157s] Level 1:colcon.colcon_core.package_identification:_identify(build) by extensions ['ignore', 'ignore_ament_install']
[0.157s] Level 1:colcon.colcon_core.package_identification:_identify(build) by extension 'ignore'
[0.157s] Level 1:colcon.colcon_core.package_identification:_identify(build) ignored
[0.158s] Level 1:colcon.colcon_core.package_identification:_identify(install) by extensions ['ignore', 'ignore_ament_install']
[0.158s] Level 1:colcon.colcon_core.package_identification:_identify(install) by extension 'ignore'
[0.158s] Level 1:colcon.colcon_core.package_identification:_identify(install) ignored
[0.158s] Level 1:colcon.colcon_core.package_identification:_identify(log) by extensions ['ignore', 'ignore_ament_install']
[0.158s] Level 1:colcon.colcon_core.package_identification:_identify(log) by extension 'ignore'
[0.158s] Level 1:colcon.colcon_core.package_identification:_identify(log) ignored
[0.158s] Level 1:colcon.colcon_core.package_identification:_identify(src) by extensions ['ignore', 'ignore_ament_install']
[0.158s] Level 1:colcon.colcon_core.package_identification:_identify(src) by extension 'ignore'
[0.158s] Level 1:colcon.colcon_core.package_identification:_identify(src) by extension 'ignore_ament_install'
[0.158s] Level 1:colcon.colcon_core.package_identification:_identify(src) by extensions ['colcon_pkg']
[0.158s] Level 1:colcon.colcon_core.package_identification:_identify(src) by extension 'colcon_pkg'
[0.158s] Level 1:colcon.colcon_core.package_identification:_identify(src) by extensions ['colcon_meta']
[0.158s] Level 1:colcon.colcon_core.package_identification:_identify(src) by extension 'colcon_meta'
[0.158s] Level 1:colcon.colcon_core.package_identification:_identify(src) by extensions ['ros']
[0.158s] Level 1:colcon.colcon_core.package_identification:_identify(src) by extension 'ros'
[0.158s] Level 1:colcon.colcon_core.package_identification:_identify(src) by extensions ['cmake', 'python']
[0.158s] Level 1:colcon.colcon_core.package_identification:_identify(src) by extension 'cmake'
[0.158s] Level 1:colcon.colcon_core.package_identification:_identify(src) by extension 'python'
[0.158s] Level 1:colcon.colcon_core.package_identification:_identify(src) by extensions ['python_setup_py']
[0.158s] Level 1:colcon.colcon_core.package_identification:_identify(src) by extension 'python_setup_py'
[0.159s] Level 1:colcon.colcon_core.package_identification:_identify(src/CAD) by extensions ['ignore', 'ignore_ament_install']
[0.159s] Level 1:colcon.colcon_core.package_identification:_identify(src/CAD) by extension 'ignore'
[0.159s] Level 1:colcon.colcon_core.package_identification:_identify(src/CAD) by extension 'ignore_ament_install'
[0.159s] Level 1:colcon.colcon_core.package_identification:_identify(src/CAD) by extensions ['colcon_pkg']
[0.159s] Level 1:colcon.colcon_core.package_identification:_identify(src/CAD) by extension 'colcon_pkg'
[0.159s] Level 1:colcon.colcon_core.package_identification:_identify(src/CAD) by extensions ['colcon_meta']
[0.159s] Level 1:colcon.colcon_core.package_identification:_identify(src/CAD) by extension 'colcon_meta'
[0.159s] Level 1:colcon.colcon_core.package_identification:_identify(src/CAD) by extensions ['ros']
[0.159s] Level 1:colcon.colcon_core.package_identification:_identify(src/CAD) by extension 'ros'
[0.159s] Level 1:colcon.colcon_core.package_identification:_identify(src/CAD) by extensions ['cmake', 'python']
[0.159s] Level 1:colcon.colcon_core.package_identification:_identify(src/CAD) by extension 'cmake'
[0.159s] Level 1:colcon.colcon_core.package_identification:_identify(src/CAD) by extension 'python'
[0.159s] Level 1:colcon.colcon_core.package_identification:_identify(src/CAD) by extensions ['python_setup_py']
[0.159s] Level 1:colcon.colcon_core.package_identification:_identify(src/CAD) by extension 'python_setup_py'
[0.159s] Level 1:colcon.colcon_core.package_identification:_identify(src/doc) by extensions ['ignore', 'ignore_ament_install']
[0.159s] Level 1:colcon.colcon_core.package_identification:_identify(src/doc) by extension 'ignore'
[0.159s] Level 1:colcon.colcon_core.package_identification:_identify(src/doc) by extension 'ignore_ament_install'
[0.159s] Level 1:colcon.colcon_core.package_identification:_identify(src/doc) by extensions ['colcon_pkg']
[0.159s] Level 1:colcon.colcon_core.package_identification:_identify(src/doc) by extension 'colcon_pkg'
[0.159s] Level 1:colcon.colcon_core.package_identification:_identify(src/doc) by extensions ['colcon_meta']
[0.159s] Level 1:colcon.colcon_core.package_identification:_identify(src/doc) by extension 'colcon_meta'
[0.159s] Level 1:colcon.colcon_core.package_identification:_identify(src/doc) by extensions ['ros']
[0.159s] Level 1:colcon.colcon_core.package_identification:_identify(src/doc) by extension 'ros'
[0.160s] Level 1:colcon.colcon_core.package_identification:_identify(src/doc) by extensions ['cmake', 'python']
[0.160s] Level 1:colcon.colcon_core.package_identification:_identify(src/doc) by extension 'cmake'
[0.160s] Level 1:colcon.colcon_core.package_identification:_identify(src/doc) by extension 'python'
[0.160s] Level 1:colcon.colcon_core.package_identification:_identify(src/doc) by extensions ['python_setup_py']
[0.160s] Level 1:colcon.colcon_core.package_identification:_identify(src/doc) by extension 'python_setup_py'
[0.160s] Level 1:colcon.colcon_core.package_identification:_identify(src/doc/pic) by extensions ['ignore', 'ignore_ament_install']
[0.160s] Level 1:colcon.colcon_core.package_identification:_identify(src/doc/pic) by extension 'ignore'
[0.160s] Level 1:colcon.colcon_core.package_identification:_identify(src/doc/pic) by extension 'ignore_ament_install'
[0.160s] Level 1:colcon.colcon_core.package_identification:_identify(src/doc/pic) by extensions ['colcon_pkg']
[0.160s] Level 1:colcon.colcon_core.package_identification:_identify(src/doc/pic) by extension 'colcon_pkg'
[0.160s] Level 1:colcon.colcon_core.package_identification:_identify(src/doc/pic) by extensions ['colcon_meta']
[0.160s] Level 1:colcon.colcon_core.package_identification:_identify(src/doc/pic) by extension 'colcon_meta'
[0.160s] Level 1:colcon.colcon_core.package_identification:_identify(src/doc/pic) by extensions ['ros']
[0.160s] Level 1:colcon.colcon_core.package_identification:_identify(src/doc/pic) by extension 'ros'
[0.160s] Level 1:colcon.colcon_core.package_identification:_identify(src/doc/pic) by extensions ['cmake', 'python']
[0.160s] Level 1:colcon.colcon_core.package_identification:_identify(src/doc/pic) by extension 'cmake'
[0.160s] Level 1:colcon.colcon_core.package_identification:_identify(src/doc/pic) by extension 'python'
[0.160s] Level 1:colcon.colcon_core.package_identification:_identify(src/doc/pic) by extensions ['python_setup_py']
[0.160s] Level 1:colcon.colcon_core.package_identification:_identify(src/doc/pic) by extension 'python_setup_py'
[0.160s] Level 1:colcon.colcon_core.package_identification:_identify(src/sandevistan_description) by extensions ['ignore', 'ignore_ament_install']
[0.160s] Level 1:colcon.colcon_core.package_identification:_identify(src/sandevistan_description) by extension 'ignore'
[0.161s] Level 1:colcon.colcon_core.package_identification:_identify(src/sandevistan_description) by extension 'ignore_ament_install'
[0.161s] Level 1:colcon.colcon_core.package_identification:_identify(src/sandevistan_description) by extensions ['colcon_pkg']
[0.161s] Level 1:colcon.colcon_core.package_identification:_identify(src/sandevistan_description) by extension 'colcon_pkg'
[0.161s] Level 1:colcon.colcon_core.package_identification:_identify(src/sandevistan_description) by extensions ['colcon_meta']
[0.161s] Level 1:colcon.colcon_core.package_identification:_identify(src/sandevistan_description) by extension 'colcon_meta'
[0.161s] Level 1:colcon.colcon_core.package_identification:_identify(src/sandevistan_description) by extensions ['ros']
[0.161s] Level 1:colcon.colcon_core.package_identification:_identify(src/sandevistan_description) by extension 'ros'
[0.163s] DEBUG:colcon.colcon_core.package_identification:Package 'src/sandevistan_description' with type 'ros.ament_cmake' and name 'sandevistan_description'
[0.163s] Level 1:colcon.colcon_core.package_identification:_identify(src/sandevistan_kinematics) by extensions ['ignore', 'ignore_ament_install']
[0.163s] Level 1:colcon.colcon_core.package_identification:_identify(src/sandevistan_kinematics) by extension 'ignore'
[0.163s] Level 1:colcon.colcon_core.package_identification:_identify(src/sandevistan_kinematics) by extension 'ignore_ament_install'
[0.163s] Level 1:colcon.colcon_core.package_identification:_identify(src/sandevistan_kinematics) by extensions ['colcon_pkg']
[0.163s] Level 1:colcon.colcon_core.package_identification:_identify(src/sandevistan_kinematics) by extension 'colcon_pkg'
[0.163s] Level 1:colcon.colcon_core.package_identification:_identify(src/sandevistan_kinematics) by extensions ['colcon_meta']
[0.163s] Level 1:colcon.colcon_core.package_identification:_identify(src/sandevistan_kinematics) by extension 'colcon_meta'
[0.163s] Level 1:colcon.colcon_core.package_identification:_identify(src/sandevistan_kinematics) by extensions ['ros']
[0.163s] Level 1:colcon.colcon_core.package_identification:_identify(src/sandevistan_kinematics) by extension 'ros'
[0.164s] DEBUG:colcon.colcon_core.package_identification:Package 'src/sandevistan_kinematics' with type 'ros.ament_cmake' and name 'sandevistan_kinematics'
[0.164s] Level 1:colcon.colcon_core.package_identification:_identify(src/sandevistan_kinematics_interfaces) by extensions ['ignore', 'ignore_ament_install']
[0.164s] Level 1:colcon.colcon_core.package_identification:_identify(src/sandevistan_kinematics_interfaces) by extension 'ignore'
[0.164s] Level 1:colcon.colcon_core.package_identification:_identify(src/sandevistan_kinematics_interfaces) by extension 'ignore_ament_install'
[0.164s] Level 1:colcon.colcon_core.package_identification:_identify(src/sandevistan_kinematics_interfaces) by extensions ['colcon_pkg']
[0.164s] Level 1:colcon.colcon_core.package_identification:_identify(src/sandevistan_kinematics_interfaces) by extension 'colcon_pkg'
[0.164s] Level 1:colcon.colcon_core.package_identification:_identify(src/sandevistan_kinematics_interfaces) by extensions ['colcon_meta']
[0.164s] Level 1:colcon.colcon_core.package_identification:_identify(src/sandevistan_kinematics_interfaces) by extension 'colcon_meta'
[0.164s] Level 1:colcon.colcon_core.package_identification:_identify(src/sandevistan_kinematics_interfaces) by extensions ['ros']
[0.164s] Level 1:colcon.colcon_core.package_identification:_identify(src/sandevistan_kinematics_interfaces) by extension 'ros'
[0.164s] DEBUG:colcon.colcon_core.package_identification:Package 'src/sandevistan_kinematics_interfaces' with type 'ros.ament_cmake' and name 'sandevistan_kinematics_interfaces'
[0.164s] Level 1:colcon.colcon_core.package_discovery:discover_packages(recursive) using defaults
[0.164s] Level 1:colcon.colcon_core.package_discovery:discover_packages(ignore) discover
[0.164s] Level 1:colcon.colcon_core.package_discovery:discover_packages(ignore) using defaults
[0.164s] Level 1:colcon.colcon_core.package_discovery:discover_packages(path) discover
[0.164s] Level 1:colcon.colcon_core.package_discovery:discover_packages(path) using defaults
[0.182s] Level 1:colcon.colcon_core.package_discovery:discover_packages(prefix_path) check parameters
[0.182s] Level 1:colcon.colcon_core.package_discovery:discover_packages(prefix_path) discover
[0.184s] DEBUG:colcon.colcon_installed_package_information.package_discovery:Found 2 installed packages in /home/omzlette/gitRos/LAB1_WS/install
[0.185s] DEBUG:colcon.colcon_installed_package_information.package_discovery:Found 1 installed packages in /home/omzlette/ROS2Dir/FRA333_WS/install
[0.186s] DEBUG:colcon.colcon_installed_package_information.package_discovery:Found 1 installed packages in /home/omzlette/ROS2Dir/estella_ws/install
[0.188s] DEBUG:colcon.colcon_installed_package_information.package_discovery:Found 263 installed packages in /opt/ros/foxy
[0.189s] Level 1:colcon.colcon_core.package_discovery:discover_packages(prefix_path) using defaults
[0.244s] Level 5:colcon.colcon_core.verb:set package 'sandevistan_description' build argument 'cmake_args' from command line to 'None'
[0.244s] Level 5:colcon.colcon_core.verb:set package 'sandevistan_description' build argument 'cmake_target' from command line to 'None'
[0.244s] Level 5:colcon.colcon_core.verb:set package 'sandevistan_description' build argument 'cmake_target_skip_unavailable' from command line to 'False'
[0.244s] Level 5:colcon.colcon_core.verb:set package 'sandevistan_description' build argument 'cmake_clean_cache' from command line to 'False'
[0.244s] Level 5:colcon.colcon_core.verb:set package 'sandevistan_description' build argument 'cmake_clean_first' from command line to 'False'
[0.244s] Level 5:colcon.colcon_core.verb:set package 'sandevistan_description' build argument 'cmake_force_configure' from command line to 'False'
[0.244s] Level 5:colcon.colcon_core.verb:set package 'sandevistan_description' build argument 'ament_cmake_args' from command line to 'None'
[0.244s] Level 5:colcon.colcon_core.verb:set package 'sandevistan_description' build argument 'catkin_cmake_args' from command line to 'None'
[0.244s] Level 5:colcon.colcon_core.verb:set package 'sandevistan_description' build argument 'catkin_skip_building_tests' from command line to 'False'
[0.244s] DEBUG:colcon.colcon_core.verb:Building package 'sandevistan_description' with the following arguments: {'ament_cmake_args': None, 'build_base': '/home/omzlette/gitRos/LAB2/build/sandevistan_description', 'catkin_cmake_args': None, 'catkin_skip_building_tests': False, 'cmake_args': None, 'cmake_clean_cache': False, 'cmake_clean_first': False, 'cmake_force_configure': False, 'cmake_target': None, 'cmake_target_skip_unavailable': False, 'install_base': '/home/omzlette/gitRos/LAB2/install/sandevistan_description', 'merge_install': False, 'path': '/home/omzlette/gitRos/LAB2/src/sandevistan_description', 'symlink_install': True, 'test_result_base': None}
[0.245s] Level 5:colcon.colcon_core.verb:set package 'sandevistan_kinematics' build argument 'cmake_args' from command line to 'None'
[0.245s] Level 5:colcon.colcon_core.verb:set package 'sandevistan_kinematics' build argument 'cmake_target' from command line to 'None'
[0.245s] Level 5:colcon.colcon_core.verb:set package 'sandevistan_kinematics' build argument 'cmake_target_skip_unavailable' from command line to 'False'
[0.245s] Level 5:colcon.colcon_core.verb:set package 'sandevistan_kinematics' build argument 'cmake_clean_cache' from command line to 'False'
[0.245s] Level 5:colcon.colcon_core.verb:set package 'sandevistan_kinematics' build argument 'cmake_clean_first' from command line to 'False'
[0.245s] Level 5:colcon.colcon_core.verb:set package 'sandevistan_kinematics' build argument 'cmake_force_configure' from command line to 'False'
[0.246s] Level 5:colcon.colcon_core.verb:set package 'sandevistan_kinematics' build argument 'ament_cmake_args' from command line to 'None'
[0.246s] Level 5:colcon.colcon_core.verb:set package 'sandevistan_kinematics' build argument 'catkin_cmake_args' from command line to 'None'
[0.246s] Level 5:colcon.colcon_core.verb:set package 'sandevistan_kinematics' build argument 'catkin_skip_building_tests' from command line to 'False'
[0.246s] DEBUG:colcon.colcon_core.verb:Building package 'sandevistan_kinematics' with the following arguments: {'ament_cmake_args': None, 'build_base': '/home/omzlette/gitRos/LAB2/build/sandevistan_kinematics', 'catkin_cmake_args': None, 'catkin_skip_building_tests': False, 'cmake_args': None, 'cmake_clean_cache': False, 'cmake_clean_first': False, 'cmake_force_configure': False, 'cmake_target': None, 'cmake_target_skip_unavailable': False, 'install_base': '/home/omzlette/gitRos/LAB2/install/sandevistan_kinematics', 'merge_install': False, 'path': '/home/omzlette/gitRos/LAB2/src/sandevistan_kinematics', 'symlink_install': True, 'test_result_base': None}
[0.247s] Level 5:colcon.colcon_core.verb:set package 'sandevistan_kinematics_interfaces' build argument 'cmake_args' from command line to 'None'
[0.247s] Level 5:colcon.colcon_core.verb:set package 'sandevistan_kinematics_interfaces' build argument 'cmake_target' from command line to 'None'
[0.247s] Level 5:colcon.colcon_core.verb:set package 'sandevistan_kinematics_interfaces' build argument 'cmake_target_skip_unavailable' from command line to 'False'
[0.247s] Level 5:colcon.colcon_core.verb:set package 'sandevistan_kinematics_interfaces' build argument 'cmake_clean_cache' from command line to 'False'
[0.247s] Level 5:colcon.colcon_core.verb:set package 'sandevistan_kinematics_interfaces' build argument 'cmake_clean_first' from command line to 'False'
[0.247s] Level 5:colcon.colcon_core.verb:set package 'sandevistan_kinematics_interfaces' build argument 'cmake_force_configure' from command line to 'False'
[0.247s] Level 5:colcon.colcon_core.verb:set package 'sandevistan_kinematics_interfaces' build argument 'ament_cmake_args' from command line to 'None'
[0.247s] Level 5:colcon.colcon_core.verb:set package 'sandevistan_kinematics_interfaces' build argument 'catkin_cmake_args' from command line to 'None'
[0.247s] Level 5:colcon.colcon_core.verb:set package 'sandevistan_kinematics_interfaces' build argument 'catkin_skip_building_tests' from command line to 'False'
[0.247s] DEBUG:colcon.colcon_core.verb:Building package 'sandevistan_kinematics_interfaces' with the following arguments: {'ament_cmake_args': None, 'build_base': '/home/omzlette/gitRos/LAB2/build/sandevistan_kinematics_interfaces', 'catkin_cmake_args': None, 'catkin_skip_building_tests': False, 'cmake_args': None, 'cmake_clean_cache': False, 'cmake_clean_first': False, 'cmake_force_configure': False, 'cmake_target': None, 'cmake_target_skip_unavailable': False, 'install_base': '/home/omzlette/gitRos/LAB2/install/sandevistan_kinematics_interfaces', 'merge_install': False, 'path': '/home/omzlette/gitRos/LAB2/src/sandevistan_kinematics_interfaces', 'symlink_install': True, 'test_result_base': None}
[0.248s] INFO:colcon.colcon_core.executor:Executing jobs using 'parallel' executor
[0.253s] DEBUG:colcon.colcon_parallel_executor.executor.parallel:run_until_complete
[0.253s] INFO:colcon.colcon_ros.task.ament_cmake.build:Building ROS package in '/home/omzlette/gitRos/LAB2/src/sandevistan_description' with build type 'ament_cmake'
[0.253s] INFO:colcon.colcon_cmake.task.cmake.build:Building CMake package in '/home/omzlette/gitRos/LAB2/src/sandevistan_description'
[0.257s] INFO:colcon.colcon_core.plugin_system:Skipping extension 'colcon_core.shell.bat': Not used on non-Windows systems
[0.257s] INFO:colcon.colcon_core.shell:Skip shell extension 'powershell' for command environment: Not usable outside of PowerShell
[0.257s] DEBUG:colcon.colcon_core.shell:Skip shell extension 'dsv' for command environment
[0.264s] INFO:colcon.colcon_ros.task.ament_cmake.build:Building ROS package in '/home/omzlette/gitRos/LAB2/src/sandevistan_kinematics' with build type 'ament_cmake'
[0.265s] INFO:colcon.colcon_cmake.task.cmake.build:Building CMake package in '/home/omzlette/gitRos/LAB2/src/sandevistan_kinematics'
[0.267s] INFO:colcon.colcon_core.shell:Skip shell extension 'powershell' for command environment: Not usable outside of PowerShell
[0.267s] DEBUG:colcon.colcon_core.shell:Skip shell extension 'dsv' for command environment
[0.274s] INFO:colcon.colcon_ros.task.ament_cmake.build:Building ROS package in '/home/omzlette/gitRos/LAB2/src/sandevistan_kinematics_interfaces' with build type 'ament_cmake'
[0.274s] INFO:colcon.colcon_cmake.task.cmake.build:Building CMake package in '/home/omzlette/gitRos/LAB2/src/sandevistan_kinematics_interfaces'
[0.276s] INFO:colcon.colcon_core.shell:Skip shell extension 'powershell' for command environment: Not usable outside of PowerShell
[0.276s] DEBUG:colcon.colcon_core.shell:Skip shell extension 'dsv' for command environment
[0.287s] DEBUG:colcon.colcon_core.event_handler.log_command:Invoking command in '/home/omzlette/gitRos/LAB2/build/sandevistan_description': CMAKE_PREFIX_PATH=${CMAKE_PREFIX_PATH}:/opt/ros/foxy /usr/bin/cmake --build /home/omzlette/gitRos/LAB2/build/sandevistan_description -- -j12 -l12
[0.292s] DEBUG:colcon.colcon_core.event_handler.log_command:Invoking command in '/home/omzlette/gitRos/LAB2/build/sandevistan_kinematics': CMAKE_PREFIX_PATH=${CMAKE_PREFIX_PATH}:/opt/ros/foxy /usr/bin/cmake --build /home/omzlette/gitRos/LAB2/build/sandevistan_kinematics -- -j12 -l12
[0.297s] DEBUG:colcon.colcon_core.event_handler.log_command:Invoking command in '/home/omzlette/gitRos/LAB2/build/sandevistan_kinematics_interfaces': CMAKE_PREFIX_PATH=${CMAKE_PREFIX_PATH}:/opt/ros/foxy /usr/bin/cmake --build /home/omzlette/gitRos/LAB2/build/sandevistan_kinematics_interfaces -- -j12 -l12
[0.317s] DEBUG:colcon.colcon_core.event_handler.log_command:Invoked command in '/home/omzlette/gitRos/LAB2/build/sandevistan_description' returned '0': CMAKE_PREFIX_PATH=${CMAKE_PREFIX_PATH}:/opt/ros/foxy /usr/bin/cmake --build /home/omzlette/gitRos/LAB2/build/sandevistan_description -- -j12 -l12
[0.320s] DEBUG:colcon.colcon_core.event_handler.log_command:Invoked command in '/home/omzlette/gitRos/LAB2/build/sandevistan_kinematics' returned '0': CMAKE_PREFIX_PATH=${CMAKE_PREFIX_PATH}:/opt/ros/foxy /usr/bin/cmake --build /home/omzlette/gitRos/LAB2/build/sandevistan_kinematics -- -j12 -l12
[0.341s] DEBUG:colcon.colcon_core.event_handler.log_command:Invoking command in '/home/omzlette/gitRos/LAB2/build/sandevistan_description': CMAKE_PREFIX_PATH=${CMAKE_PREFIX_PATH}:/opt/ros/foxy /usr/bin/cmake --install /home/omzlette/gitRos/LAB2/build/sandevistan_description
[0.345s] DEBUG:colcon.colcon_core.event_handler.log_command:Invoking command in '/home/omzlette/gitRos/LAB2/build/sandevistan_kinematics': CMAKE_PREFIX_PATH=${CMAKE_PREFIX_PATH}:/opt/ros/foxy /usr/bin/cmake --install /home/omzlette/gitRos/LAB2/build/sandevistan_kinematics
[0.388s] Level 1:colcon.colcon_core.environment:create_environment_scripts_only(sandevistan_description)
[0.390s] DEBUG:colcon.colcon_core.event_handler.log_command:Invoked command in '/home/omzlette/gitRos/LAB2/build/sandevistan_description' returned '0': CMAKE_PREFIX_PATH=${CMAKE_PREFIX_PATH}:/opt/ros/foxy /usr/bin/cmake --install /home/omzlette/gitRos/LAB2/build/sandevistan_description
[0.395s] Level 1:colcon.colcon_core.environment:checking '/home/omzlette/gitRos/LAB2/install/sandevistan_description' for CMake module files
[0.396s] Level 1:colcon.colcon_core.environment:checking '/home/omzlette/gitRos/LAB2/install/sandevistan_description' for CMake config files
[0.396s] Level 1:colcon.colcon_core.shell:create_environment_hook('sandevistan_description', 'cmake_prefix_path')
[0.398s] INFO:colcon.colcon_core.shell:Creating environment hook '/home/omzlette/gitRos/LAB2/install/sandevistan_description/share/sandevistan_description/hook/cmake_prefix_path.ps1'
[0.398s] INFO:colcon.colcon_core.shell:Creating environment descriptor '/home/omzlette/gitRos/LAB2/install/sandevistan_description/share/sandevistan_description/hook/cmake_prefix_path.dsv'
[0.399s] INFO:colcon.colcon_core.shell:Creating environment hook '/home/omzlette/gitRos/LAB2/install/sandevistan_description/share/sandevistan_description/hook/cmake_prefix_path.sh'
[0.399s] Level 1:colcon.colcon_core.environment:checking '/home/omzlette/gitRos/LAB2/install/sandevistan_description/lib'
[0.400s] Level 1:colcon.colcon_core.environment:checking '/home/omzlette/gitRos/LAB2/install/sandevistan_description/bin'
[0.400s] Level 1:colcon.colcon_core.environment:checking '/home/omzlette/gitRos/LAB2/install/sandevistan_description/lib/pkgconfig/sandevistan_description.pc'
[0.400s] Level 1:colcon.colcon_core.environment:checking '/home/omzlette/gitRos/LAB2/install/sandevistan_description/lib/python3.8/site-packages'
[0.400s] Level 1:colcon.colcon_core.shell:create_environment_hook('sandevistan_description', 'pythonpath')
[0.402s] INFO:colcon.colcon_core.shell:Creating environment hook '/home/omzlette/gitRos/LAB2/install/sandevistan_description/share/sandevistan_description/hook/pythonpath.ps1'
[0.402s] INFO:colcon.colcon_core.shell:Creating environment descriptor '/home/omzlette/gitRos/LAB2/install/sandevistan_description/share/sandevistan_description/hook/pythonpath.dsv'
[0.402s] INFO:colcon.colcon_core.shell:Creating environment hook '/home/omzlette/gitRos/LAB2/install/sandevistan_description/share/sandevistan_description/hook/pythonpath.sh'
[0.403s] Level 1:colcon.colcon_core.environment:checking '/home/omzlette/gitRos/LAB2/install/sandevistan_description/bin'
[0.405s] INFO:colcon.colcon_core.shell:Creating package script '/home/omzlette/gitRos/LAB2/install/sandevistan_description/share/sandevistan_description/package.ps1'
[0.405s] INFO:colcon.colcon_core.shell:Creating package descriptor '/home/omzlette/gitRos/LAB2/install/sandevistan_description/share/sandevistan_description/package.dsv'
[0.406s] INFO:colcon.colcon_core.shell:Creating package script '/home/omzlette/gitRos/LAB2/install/sandevistan_description/share/sandevistan_description/package.sh'
[0.406s] INFO:colcon.colcon_core.shell:Creating package script '/home/omzlette/gitRos/LAB2/install/sandevistan_description/share/sandevistan_description/package.bash'
[0.407s] INFO:colcon.colcon_core.shell:Creating package script '/home/omzlette/gitRos/LAB2/install/sandevistan_description/share/sandevistan_description/package.zsh'
[0.407s] Level 1:colcon.colcon_core.environment:create_file_with_runtime_dependencies(/home/omzlette/gitRos/LAB2/install/sandevistan_description/share/colcon-core/packages/sandevistan_description)
[0.410s] Level 1:colcon.colcon_core.environment:create_environment_scripts_only(sandevistan_kinematics)
[0.413s] Level 1:colcon.colcon_core.environment:checking '/home/omzlette/gitRos/LAB2/install/sandevistan_kinematics' for CMake module files
[0.413s] DEBUG:colcon.colcon_core.event_handler.log_command:Invoked command in '/home/omzlette/gitRos/LAB2/build/sandevistan_kinematics' returned '0': CMAKE_PREFIX_PATH=${CMAKE_PREFIX_PATH}:/opt/ros/foxy /usr/bin/cmake --install /home/omzlette/gitRos/LAB2/build/sandevistan_kinematics
[0.414s] Level 1:colcon.colcon_core.environment:checking '/home/omzlette/gitRos/LAB2/install/sandevistan_kinematics' for CMake config files
[0.414s] Level 1:colcon.colcon_core.shell:create_environment_hook('sandevistan_kinematics', 'cmake_prefix_path')
[0.416s] INFO:colcon.colcon_core.shell:Creating environment hook '/home/omzlette/gitRos/LAB2/install/sandevistan_kinematics/share/sandevistan_kinematics/hook/cmake_prefix_path.ps1'
[0.417s] INFO:colcon.colcon_core.shell:Creating environment descriptor '/home/omzlette/gitRos/LAB2/install/sandevistan_kinematics/share/sandevistan_kinematics/hook/cmake_prefix_path.dsv'
[0.417s] INFO:colcon.colcon_core.shell:Creating environment hook '/home/omzlette/gitRos/LAB2/install/sandevistan_kinematics/share/sandevistan_kinematics/hook/cmake_prefix_path.sh'
[0.417s] Level 1:colcon.colcon_core.environment:checking '/home/omzlette/gitRos/LAB2/install/sandevistan_kinematics/lib'
[0.417s] Level 1:colcon.colcon_core.environment:checking '/home/omzlette/gitRos/LAB2/install/sandevistan_kinematics/bin'
[0.417s] Level 1:colcon.colcon_core.environment:checking '/home/omzlette/gitRos/LAB2/install/sandevistan_kinematics/lib/pkgconfig/sandevistan_kinematics.pc'
[0.418s] Level 1:colcon.colcon_core.environment:checking '/home/omzlette/gitRos/LAB2/install/sandevistan_kinematics/lib/python3.8/site-packages'
[0.418s] Level 1:colcon.colcon_core.shell:create_environment_hook('sandevistan_kinematics', 'pythonpath')
[0.420s] INFO:colcon.colcon_core.shell:Creating environment hook '/home/omzlette/gitRos/LAB2/install/sandevistan_kinematics/share/sandevistan_kinematics/hook/pythonpath.ps1'
[0.420s] INFO:colcon.colcon_core.shell:Creating environment descriptor '/home/omzlette/gitRos/LAB2/install/sandevistan_kinematics/share/sandevistan_kinematics/hook/pythonpath.dsv'
[0.420s] INFO:colcon.colcon_core.shell:Creating environment hook '/home/omzlette/gitRos/LAB2/install/sandevistan_kinematics/share/sandevistan_kinematics/hook/pythonpath.sh'
[0.420s] Level 1:colcon.colcon_core.environment:checking '/home/omzlette/gitRos/LAB2/install/sandevistan_kinematics/bin'
[0.423s] INFO:colcon.colcon_core.shell:Creating package script '/home/omzlette/gitRos/LAB2/install/sandevistan_kinematics/share/sandevistan_kinematics/package.ps1'
[0.423s] INFO:colcon.colcon_core.shell:Creating package descriptor '/home/omzlette/gitRos/LAB2/install/sandevistan_kinematics/share/sandevistan_kinematics/package.dsv'
[0.423s] INFO:colcon.colcon_core.shell:Creating package script '/home/omzlette/gitRos/LAB2/install/sandevistan_kinematics/share/sandevistan_kinematics/package.sh'
[0.424s] INFO:colcon.colcon_core.shell:Creating package script '/home/omzlette/gitRos/LAB2/install/sandevistan_kinematics/share/sandevistan_kinematics/package.bash'
[0.424s] INFO:colcon.colcon_core.shell:Creating package script '/home/omzlette/gitRos/LAB2/install/sandevistan_kinematics/share/sandevistan_kinematics/package.zsh'
[0.424s] Level 1:colcon.colcon_core.environment:create_file_with_runtime_dependencies(/home/omzlette/gitRos/LAB2/install/sandevistan_kinematics/share/colcon-core/packages/sandevistan_kinematics)
[0.429s] Level 1:colcon.colcon_core.environment:create_environment_scripts_only(sandevistan_description)
[0.431s] Level 1:colcon.colcon_core.environment:checking '/home/omzlette/gitRos/LAB2/install/sandevistan_description' for CMake module files
[0.432s] Level 1:colcon.colcon_core.environment:checking '/home/omzlette/gitRos/LAB2/install/sandevistan_description' for CMake config files
[0.432s] Level 1:colcon.colcon_core.shell:create_environment_hook('sandevistan_description', 'cmake_prefix_path')
[0.434s] INFO:colcon.colcon_core.shell:Creating environment hook '/home/omzlette/gitRos/LAB2/install/sandevistan_description/share/sandevistan_description/hook/cmake_prefix_path.ps1'
[0.435s] INFO:colcon.colcon_core.shell:Creating environment descriptor '/home/omzlette/gitRos/LAB2/install/sandevistan_description/share/sandevistan_description/hook/cmake_prefix_path.dsv'
[0.435s] INFO:colcon.colcon_core.shell:Creating environment hook '/home/omzlette/gitRos/LAB2/install/sandevistan_description/share/sandevistan_description/hook/cmake_prefix_path.sh'
[0.435s] Level 1:colcon.colcon_core.environment:checking '/home/omzlette/gitRos/LAB2/install/sandevistan_description/lib'
[0.436s] Level 1:colcon.colcon_core.environment:checking '/home/omzlette/gitRos/LAB2/install/sandevistan_description/bin'
[0.436s] Level 1:colcon.colcon_core.environment:checking '/home/omzlette/gitRos/LAB2/install/sandevistan_description/lib/pkgconfig/sandevistan_description.pc'
[0.436s] Level 1:colcon.colcon_core.environment:checking '/home/omzlette/gitRos/LAB2/install/sandevistan_description/lib/python3.8/site-packages'
[0.436s] Level 1:colcon.colcon_core.shell:create_environment_hook('sandevistan_description', 'pythonpath')
[0.438s] INFO:colcon.colcon_core.shell:Creating environment hook '/home/omzlette/gitRos/LAB2/install/sandevistan_description/share/sandevistan_description/hook/pythonpath.ps1'
[0.438s] INFO:colcon.colcon_core.shell:Creating environment descriptor '/home/omzlette/gitRos/LAB2/install/sandevistan_description/share/sandevistan_description/hook/pythonpath.dsv'
[0.438s] INFO:colcon.colcon_core.shell:Creating environment hook '/home/omzlette/gitRos/LAB2/install/sandevistan_description/share/sandevistan_description/hook/pythonpath.sh'
[0.439s] Level 1:colcon.colcon_core.environment:checking '/home/omzlette/gitRos/LAB2/install/sandevistan_description/bin'
[0.441s] INFO:colcon.colcon_core.shell:Creating package script '/home/omzlette/gitRos/LAB2/install/sandevistan_description/share/sandevistan_description/package.ps1'
[0.441s] INFO:colcon.colcon_core.shell:Creating package descriptor '/home/omzlette/gitRos/LAB2/install/sandevistan_description/share/sandevistan_description/package.dsv'
[0.442s] INFO:colcon.colcon_core.shell:Creating package script '/home/omzlette/gitRos/LAB2/install/sandevistan_description/share/sandevistan_description/package.sh'
[0.442s] INFO:colcon.colcon_core.shell:Creating package script '/home/omzlette/gitRos/LAB2/install/sandevistan_description/share/sandevistan_description/package.bash'
[0.442s] INFO:colcon.colcon_core.shell:Creating package script '/home/omzlette/gitRos/LAB2/install/sandevistan_description/share/sandevistan_description/package.zsh'
[0.443s] Level 1:colcon.colcon_core.environment:create_file_with_runtime_dependencies(/home/omzlette/gitRos/LAB2/install/sandevistan_description/share/colcon-core/packages/sandevistan_description)
[0.445s] Level 1:colcon.colcon_core.environment:create_environment_scripts_only(sandevistan_kinematics)
[0.448s] Level 1:colcon.colcon_core.environment:checking '/home/omzlette/gitRos/LAB2/install/sandevistan_kinematics' for CMake module files
[0.449s] Level 1:colcon.colcon_core.environment:checking '/home/omzlette/gitRos/LAB2/install/sandevistan_kinematics' for CMake config files
[0.449s] Level 1:colcon.colcon_core.shell:create_environment_hook('sandevistan_kinematics', 'cmake_prefix_path')
[0.451s] INFO:colcon.colcon_core.shell:Creating environment hook '/home/omzlette/gitRos/LAB2/install/sandevistan_kinematics/share/sandevistan_kinematics/hook/cmake_prefix_path.ps1'
[0.452s] INFO:colcon.colcon_core.shell:Creating environment descriptor '/home/omzlette/gitRos/LAB2/install/sandevistan_kinematics/share/sandevistan_kinematics/hook/cmake_prefix_path.dsv'
[0.452s] INFO:colcon.colcon_core.shell:Creating environment hook '/home/omzlette/gitRos/LAB2/install/sandevistan_kinematics/share/sandevistan_kinematics/hook/cmake_prefix_path.sh'
[0.452s] Level 1:colcon.colcon_core.environment:checking '/home/omzlette/gitRos/LAB2/install/sandevistan_kinematics/lib'
[0.453s] Level 1:colcon.colcon_core.environment:checking '/home/omzlette/gitRos/LAB2/install/sandevistan_kinematics/bin'
[0.453s] Level 1:colcon.colcon_core.environment:checking '/home/omzlette/gitRos/LAB2/install/sandevistan_kinematics/lib/pkgconfig/sandevistan_kinematics.pc'
[0.453s] Level 1:colcon.colcon_core.environment:checking '/home/omzlette/gitRos/LAB2/install/sandevistan_kinematics/lib/python3.8/site-packages'
[0.453s] Level 1:colcon.colcon_core.shell:create_environment_hook('sandevistan_kinematics', 'pythonpath')
[0.455s] INFO:colcon.colcon_core.shell:Creating environment hook '/home/omzlette/gitRos/LAB2/install/sandevistan_kinematics/share/sandevistan_kinematics/hook/pythonpath.ps1'
[0.455s] INFO:colcon.colcon_core.shell:Creating environment descriptor '/home/omzlette/gitRos/LAB2/install/sandevistan_kinematics/share/sandevistan_kinematics/hook/pythonpath.dsv'
[0.455s] INFO:colcon.colcon_core.shell:Creating environment hook '/home/omzlette/gitRos/LAB2/install/sandevistan_kinematics/share/sandevistan_kinematics/hook/pythonpath.sh'
[0.456s] Level 1:colcon.colcon_core.environment:checking '/home/omzlette/gitRos/LAB2/install/sandevistan_kinematics/bin'
[0.457s] INFO:colcon.colcon_core.shell:Creating package script '/home/omzlette/gitRos/LAB2/install/sandevistan_kinematics/share/sandevistan_kinematics/package.ps1'
[0.458s] INFO:colcon.colcon_core.shell:Creating package descriptor '/home/omzlette/gitRos/LAB2/install/sandevistan_kinematics/share/sandevistan_kinematics/package.dsv'
[0.458s] INFO:colcon.colcon_core.shell:Creating package script '/home/omzlette/gitRos/LAB2/install/sandevistan_kinematics/share/sandevistan_kinematics/package.sh'
[0.459s] INFO:colcon.colcon_core.shell:Creating package script '/home/omzlette/gitRos/LAB2/install/sandevistan_kinematics/share/sandevistan_kinematics/package.bash'
[0.459s] INFO:colcon.colcon_core.shell:Creating package script '/home/omzlette/gitRos/LAB2/install/sandevistan_kinematics/share/sandevistan_kinematics/package.zsh'
[0.459s] Level 1:colcon.colcon_core.environment:create_file_with_runtime_dependencies(/home/omzlette/gitRos/LAB2/install/sandevistan_kinematics/share/colcon-core/packages/sandevistan_kinematics)
[0.460s] DEBUG:colcon.colcon_core.event_handler.log_command:Invoked command in '/home/omzlette/gitRos/LAB2/build/sandevistan_kinematics_interfaces' returned '0': CMAKE_PREFIX_PATH=${CMAKE_PREFIX_PATH}:/opt/ros/foxy /usr/bin/cmake --build /home/omzlette/gitRos/LAB2/build/sandevistan_kinematics_interfaces -- -j12 -l12
[0.498s] DEBUG:colcon.colcon_core.event_handler.log_command:Invoking command in '/home/omzlette/gitRos/LAB2/build/sandevistan_kinematics_interfaces': CMAKE_PREFIX_PATH=${CMAKE_PREFIX_PATH}:/opt/ros/foxy /usr/bin/cmake --install /home/omzlette/gitRos/LAB2/build/sandevistan_kinematics_interfaces
[0.554s] Level 1:colcon.colcon_core.environment:create_environment_scripts_only(sandevistan_kinematics_interfaces)
[0.557s] Level 1:colcon.colcon_core.environment:checking '/home/omzlette/gitRos/LAB2/install/sandevistan_kinematics_interfaces' for CMake module files
[0.558s] DEBUG:colcon.colcon_core.event_handler.log_command:Invoked command in '/home/omzlette/gitRos/LAB2/build/sandevistan_kinematics_interfaces' returned '0': CMAKE_PREFIX_PATH=${CMAKE_PREFIX_PATH}:/opt/ros/foxy /usr/bin/cmake --install /home/omzlette/gitRos/LAB2/build/sandevistan_kinematics_interfaces
[0.558s] Level 1:colcon.colcon_core.environment:checking '/home/omzlette/gitRos/LAB2/install/sandevistan_kinematics_interfaces' for CMake config files
[0.558s] Level 1:colcon.colcon_core.shell:create_environment_hook('sandevistan_kinematics_interfaces', 'cmake_prefix_path')
[0.560s] INFO:colcon.colcon_core.shell:Creating environment hook '/home/omzlette/gitRos/LAB2/install/sandevistan_kinematics_interfaces/share/sandevistan_kinematics_interfaces/hook/cmake_prefix_path.ps1'
[0.560s] INFO:colcon.colcon_core.shell:Creating environment descriptor '/home/omzlette/gitRos/LAB2/install/sandevistan_kinematics_interfaces/share/sandevistan_kinematics_interfaces/hook/cmake_prefix_path.dsv'
[0.561s] INFO:colcon.colcon_core.shell:Creating environment hook '/home/omzlette/gitRos/LAB2/install/sandevistan_kinematics_interfaces/share/sandevistan_kinematics_interfaces/hook/cmake_prefix_path.sh'
[0.561s] Level 1:colcon.colcon_core.environment:checking '/home/omzlette/gitRos/LAB2/install/sandevistan_kinematics_interfaces/lib'
[0.561s] Level 1:colcon.colcon_core.shell:create_environment_hook('sandevistan_kinematics_interfaces', 'ld_library_path_lib')
[0.563s] INFO:colcon.colcon_core.shell:Creating environment hook '/home/omzlette/gitRos/LAB2/install/sandevistan_kinematics_interfaces/share/sandevistan_kinematics_interfaces/hook/ld_library_path_lib.ps1'
[0.563s] INFO:colcon.colcon_core.shell:Creating environment descriptor '/home/omzlette/gitRos/LAB2/install/sandevistan_kinematics_interfaces/share/sandevistan_kinematics_interfaces/hook/ld_library_path_lib.dsv'
[0.564s] INFO:colcon.colcon_core.shell:Creating environment hook '/home/omzlette/gitRos/LAB2/install/sandevistan_kinematics_interfaces/share/sandevistan_kinematics_interfaces/hook/ld_library_path_lib.sh'
[0.564s] Level 1:colcon.colcon_core.environment:checking '/home/omzlette/gitRos/LAB2/install/sandevistan_kinematics_interfaces/bin'
[0.564s] Level 1:colcon.colcon_core.environment:checking '/home/omzlette/gitRos/LAB2/install/sandevistan_kinematics_interfaces/lib/pkgconfig/sandevistan_kinematics_interfaces.pc'
[0.564s] Level 1:colcon.colcon_core.environment:checking '/home/omzlette/gitRos/LAB2/install/sandevistan_kinematics_interfaces/lib/python3.8/site-packages'
[0.564s] Level 1:colcon.colcon_core.shell:create_environment_hook('sandevistan_kinematics_interfaces', 'pythonpath')
[0.566s] INFO:colcon.colcon_core.shell:Creating environment hook '/home/omzlette/gitRos/LAB2/install/sandevistan_kinematics_interfaces/share/sandevistan_kinematics_interfaces/hook/pythonpath.ps1'
[0.566s] INFO:colcon.colcon_core.shell:Creating environment descriptor '/home/omzlette/gitRos/LAB2/install/sandevistan_kinematics_interfaces/share/sandevistan_kinematics_interfaces/hook/pythonpath.dsv'
[0.567s] INFO:colcon.colcon_core.shell:Creating environment hook '/home/omzlette/gitRos/LAB2/install/sandevistan_kinematics_interfaces/share/sandevistan_kinematics_interfaces/hook/pythonpath.sh'
[0.567s] Level 1:colcon.colcon_core.environment:checking '/home/omzlette/gitRos/LAB2/install/sandevistan_kinematics_interfaces/bin'
[0.569s] INFO:colcon.colcon_core.shell:Creating package script '/home/omzlette/gitRos/LAB2/install/sandevistan_kinematics_interfaces/share/sandevistan_kinematics_interfaces/package.ps1'
[0.569s] INFO:colcon.colcon_core.shell:Creating package descriptor '/home/omzlette/gitRos/LAB2/install/sandevistan_kinematics_interfaces/share/sandevistan_kinematics_interfaces/package.dsv'
[0.570s] INFO:colcon.colcon_core.shell:Creating package script '/home/omzlette/gitRos/LAB2/install/sandevistan_kinematics_interfaces/share/sandevistan_kinematics_interfaces/package.sh'
[0.570s] INFO:colcon.colcon_core.shell:Creating package script '/home/omzlette/gitRos/LAB2/install/sandevistan_kinematics_interfaces/share/sandevistan_kinematics_interfaces/package.bash'
[0.570s] INFO:colcon.colcon_core.shell:Creating package script '/home/omzlette/gitRos/LAB2/install/sandevistan_kinematics_interfaces/share/sandevistan_kinematics_interfaces/package.zsh'
[0.571s] Level 1:colcon.colcon_core.environment:create_file_with_runtime_dependencies(/home/omzlette/gitRos/LAB2/install/sandevistan_kinematics_interfaces/share/colcon-core/packages/sandevistan_kinematics_interfaces)
[0.609s] Level 1:colcon.colcon_core.environment:create_environment_scripts_only(sandevistan_kinematics_interfaces)
[0.612s] Level 1:colcon.colcon_core.environment:checking '/home/omzlette/gitRos/LAB2/install/sandevistan_kinematics_interfaces' for CMake module files
[0.612s] Level 1:colcon.colcon_core.environment:checking '/home/omzlette/gitRos/LAB2/install/sandevistan_kinematics_interfaces' for CMake config files
[0.613s] Level 1:colcon.colcon_core.shell:create_environment_hook('sandevistan_kinematics_interfaces', 'cmake_prefix_path')
[0.614s] INFO:colcon.colcon_core.shell:Creating environment hook '/home/omzlette/gitRos/LAB2/install/sandevistan_kinematics_interfaces/share/sandevistan_kinematics_interfaces/hook/cmake_prefix_path.ps1'
[0.615s] INFO:colcon.colcon_core.shell:Creating environment descriptor '/home/omzlette/gitRos/LAB2/install/sandevistan_kinematics_interfaces/share/sandevistan_kinematics_interfaces/hook/cmake_prefix_path.dsv'
[0.615s] INFO:colcon.colcon_core.shell:Creating environment hook '/home/omzlette/gitRos/LAB2/install/sandevistan_kinematics_interfaces/share/sandevistan_kinematics_interfaces/hook/cmake_prefix_path.sh'
[0.616s] Level 1:colcon.colcon_core.environment:checking '/home/omzlette/gitRos/LAB2/install/sandevistan_kinematics_interfaces/lib'
[0.616s] Level 1:colcon.colcon_core.shell:create_environment_hook('sandevistan_kinematics_interfaces', 'ld_library_path_lib')
[0.617s] INFO:colcon.colcon_core.shell:Creating environment hook '/home/omzlette/gitRos/LAB2/install/sandevistan_kinematics_interfaces/share/sandevistan_kinematics_interfaces/hook/ld_library_path_lib.ps1'
[0.618s] INFO:colcon.colcon_core.shell:Creating environment descriptor '/home/omzlette/gitRos/LAB2/install/sandevistan_kinematics_interfaces/share/sandevistan_kinematics_interfaces/hook/ld_library_path_lib.dsv'
[0.618s] INFO:colcon.colcon_core.shell:Creating environment hook '/home/omzlette/gitRos/LAB2/install/sandevistan_kinematics_interfaces/share/sandevistan_kinematics_interfaces/hook/ld_library_path_lib.sh'
[0.618s] Level 1:colcon.colcon_core.environment:checking '/home/omzlette/gitRos/LAB2/install/sandevistan_kinematics_interfaces/bin'
[0.618s] Level 1:colcon.colcon_core.environment:checking '/home/omzlette/gitRos/LAB2/install/sandevistan_kinematics_interfaces/lib/pkgconfig/sandevistan_kinematics_interfaces.pc'
[0.619s] Level 1:colcon.colcon_core.environment:checking '/home/omzlette/gitRos/LAB2/install/sandevistan_kinematics_interfaces/lib/python3.8/site-packages'
[0.619s] Level 1:colcon.colcon_core.shell:create_environment_hook('sandevistan_kinematics_interfaces', 'pythonpath')
[0.621s] INFO:colcon.colcon_core.shell:Creating environment hook '/home/omzlette/gitRos/LAB2/install/sandevistan_kinematics_interfaces/share/sandevistan_kinematics_interfaces/hook/pythonpath.ps1'
[0.621s] INFO:colcon.colcon_core.shell:Creating environment descriptor '/home/omzlette/gitRos/LAB2/install/sandevistan_kinematics_interfaces/share/sandevistan_kinematics_interfaces/hook/pythonpath.dsv'
[0.621s] INFO:colcon.colcon_core.shell:Creating environment hook '/home/omzlette/gitRos/LAB2/install/sandevistan_kinematics_interfaces/share/sandevistan_kinematics_interfaces/hook/pythonpath.sh'
[0.622s] Level 1:colcon.colcon_core.environment:checking '/home/omzlette/gitRos/LAB2/install/sandevistan_kinematics_interfaces/bin'
[0.623s] INFO:colcon.colcon_core.shell:Creating package script '/home/omzlette/gitRos/LAB2/install/sandevistan_kinematics_interfaces/share/sandevistan_kinematics_interfaces/package.ps1'
[0.624s] INFO:colcon.colcon_core.shell:Creating package descriptor '/home/omzlette/gitRos/LAB2/install/sandevistan_kinematics_interfaces/share/sandevistan_kinematics_interfaces/package.dsv'
[0.624s] INFO:colcon.colcon_core.shell:Creating package script '/home/omzlette/gitRos/LAB2/install/sandevistan_kinematics_interfaces/share/sandevistan_kinematics_interfaces/package.sh'
[0.625s] INFO:colcon.colcon_core.shell:Creating package script '/home/omzlette/gitRos/LAB2/install/sandevistan_kinematics_interfaces/share/sandevistan_kinematics_interfaces/package.bash'
[0.625s] INFO:colcon.colcon_core.shell:Creating package script '/home/omzlette/gitRos/LAB2/install/sandevistan_kinematics_interfaces/share/sandevistan_kinematics_interfaces/package.zsh'
[0.625s] Level 1:colcon.colcon_core.environment:create_file_with_runtime_dependencies(/home/omzlette/gitRos/LAB2/install/sandevistan_kinematics_interfaces/share/colcon-core/packages/sandevistan_kinematics_interfaces)
[0.625s] DEBUG:colcon.colcon_parallel_executor.executor.parallel:closing loop
[0.626s] DEBUG:colcon.colcon_parallel_executor.executor.parallel:loop closed
[0.626s] DEBUG:colcon.colcon_parallel_executor.executor.parallel:run_until_complete finished with '0'
[0.626s] DEBUG:colcon.colcon_core.event_reactor:joining thread
[0.632s] INFO:colcon.colcon_core.plugin_system:Skipping extension 'colcon_notification.desktop_notification.terminal_notifier': Not used on non-Darwin systems
[0.632s] INFO:colcon.colcon_core.plugin_system:Skipping extension 'colcon_notification.desktop_notification.win32': Not used on non-Windows systems
[0.632s] INFO:colcon.colcon_notification.desktop_notification:Sending desktop notification using 'notify2'
[0.642s] DEBUG:colcon.colcon_core.event_reactor:joined thread
[0.644s] INFO:colcon.colcon_core.shell:Creating prefix script '/home/omzlette/gitRos/LAB2/install/local_setup.ps1'
[0.645s] INFO:colcon.colcon_core.shell:Creating prefix util module '/home/omzlette/gitRos/LAB2/install/_local_setup_util_ps1.py'
[0.646s] INFO:colcon.colcon_core.shell:Creating prefix chain script '/home/omzlette/gitRos/LAB2/install/setup.ps1'
[0.647s] INFO:colcon.colcon_core.shell:Creating prefix script '/home/omzlette/gitRos/LAB2/install/local_setup.sh'
[0.647s] INFO:colcon.colcon_core.shell:Creating prefix util module '/home/omzlette/gitRos/LAB2/install/_local_setup_util_sh.py'
[0.648s] INFO:colcon.colcon_core.shell:Creating prefix chain script '/home/omzlette/gitRos/LAB2/install/setup.sh'
[0.649s] INFO:colcon.colcon_core.shell:Creating prefix script '/home/omzlette/gitRos/LAB2/install/local_setup.bash'
[0.649s] INFO:colcon.colcon_core.shell:Creating prefix chain script '/home/omzlette/gitRos/LAB2/install/setup.bash'
[0.651s] INFO:colcon.colcon_core.shell:Creating prefix script '/home/omzlette/gitRos/LAB2/install/local_setup.zsh'
[0.651s] INFO:colcon.colcon_core.shell:Creating prefix chain script '/home/omzlette/gitRos/LAB2/install/setup.zsh'
