[  3%] Built target sandevistan_interface__cpp
[ 12%] Built target sandevistan_interface__rosidl_generator_c
[ 22%] Built target sandevistan_interface__rosidl_typesupport_cpp
[ 32%] Built target sandevistan_interface__rosidl_typesupport_introspection_cpp
[ 41%] Built target sandevistan_interface__rosidl_typesupport_c
[ 51%] Built target sandevistan_interface__rosidl_typesupport_introspection_c
[ 61%] Built target sandevistan_interface__rosidl_typesupport_fastrtps_cpp
[ 70%] Built target sandevistan_interface__rosidl_typesupport_fastrtps_c
[ 70%] Built target sandevistan_interface
[ 74%] Built target sandevistan_interface__py
[ 80%] Built target sandevistan_interface__python
[ 87%] Built target sandevistan_interface__rosidl_typesupport_c__pyext
[ 93%] Built target sandevistan_interface__rosidl_typesupport_introspection_c__pyext
[100%] Built target sandevistan_interface__rosidl_typesupport_fastrtps_c__pyext
-- Install configuration: ""
-- Execute custom install script
-- Up-to-date symlink: /home/valdeus1151/Y3T1/FRA333_LAB_HW/LAB3/install/sandevistan_interface/share/ament_index/resource_index/rosidl_interfaces/sandevistan_interface
-- Up-to-date symlink: /home/valdeus1151/Y3T1/FRA333_LAB_HW/LAB3/install/sandevistan_interface/include/sandevistan_interface/msg/detail/imu_message__functions.h
-- Up-to-date symlink: /home/valdeus1151/Y3T1/FRA333_LAB_HW/LAB3/install/sandevistan_interface/include/sandevistan_interface/msg/detail/imu_message__struct.h
-- Up-to-date symlink: /home/valdeus1151/Y3T1/FRA333_LAB_HW/LAB3/install/sandevistan_interface/include/sandevistan_interface/msg/detail/imu_message__type_support.h
-- Up-to-date symlink: /home/valdeus1151/Y3T1/FRA333_LAB_HW/LAB3/install/sandevistan_interface/include/sandevistan_interface/msg/imu_message.h
-- Up-to-date symlink: /home/valdeus1151/Y3T1/FRA333_LAB_HW/LAB3/install/sandevistan_interface/include/sandevistan_interface/msg/rosidl_generator_c__visibility_control.h
-- Up-to-date symlink: /home/valdeus1151/Y3T1/FRA333_LAB_HW/LAB3/install/sandevistan_interface/share/sandevistan_interface/environment/library_path.sh
-- Up-to-date symlink: /home/valdeus1151/Y3T1/FRA333_LAB_HW/LAB3/install/sandevistan_interface/share/sandevistan_interface/environment/library_path.dsv
-- Up-to-date symlink: /home/valdeus1151/Y3T1/FRA333_LAB_HW/LAB3/install/sandevistan_interface/include/sandevistan_interface/msg/detail/imu_message__rosidl_typesupport_fastrtps_c.h
-- Up-to-date symlink: /home/valdeus1151/Y3T1/FRA333_LAB_HW/LAB3/install/sandevistan_interface/include/sandevistan_interface/msg/rosidl_typesupport_fastrtps_c__visibility_control.h
-- Up-to-date symlink: /home/valdeus1151/Y3T1/FRA333_LAB_HW/LAB3/install/sandevistan_interface/lib/libsandevistan_interface__rosidl_typesupport_fastrtps_c.so
-- Up-to-date symlink: /home/valdeus1151/Y3T1/FRA333_LAB_HW/LAB3/install/sandevistan_interface/include/sandevistan_interface/msg/detail/imu_message__rosidl_typesupport_fastrtps_cpp.hpp
-- Up-to-date symlink: /home/valdeus1151/Y3T1/FRA333_LAB_HW/LAB3/install/sandevistan_interface/include/sandevistan_interface/msg/rosidl_typesupport_fastrtps_cpp__visibility_control.h
-- Up-to-date symlink: /home/valdeus1151/Y3T1/FRA333_LAB_HW/LAB3/install/sandevistan_interface/lib/libsandevistan_interface__rosidl_typesupport_fastrtps_cpp.so
-- Up-to-date symlink: /home/valdeus1151/Y3T1/FRA333_LAB_HW/LAB3/install/sandevistan_interface/include/sandevistan_interface/msg/detail/imu_message__rosidl_typesupport_introspection_c.h
-- Up-to-date symlink: /home/valdeus1151/Y3T1/FRA333_LAB_HW/LAB3/install/sandevistan_interface/include/sandevistan_interface/msg/rosidl_typesupport_introspection_c__visibility_control.h
-- Up-to-date symlink: /home/valdeus1151/Y3T1/FRA333_LAB_HW/LAB3/install/sandevistan_interface/include/sandevistan_interface/msg/detail/imu_message__builder.hpp
-- Up-to-date symlink: /home/valdeus1151/Y3T1/FRA333_LAB_HW/LAB3/install/sandevistan_interface/include/sandevistan_interface/msg/detail/imu_message__struct.hpp
-- Up-to-date symlink: /home/valdeus1151/Y3T1/FRA333_LAB_HW/LAB3/install/sandevistan_interface/include/sandevistan_interface/msg/detail/imu_message__traits.hpp
-- Up-to-date symlink: /home/valdeus1151/Y3T1/FRA333_LAB_HW/LAB3/install/sandevistan_interface/include/sandevistan_interface/msg/imu_message.hpp
-- Up-to-date symlink: /home/valdeus1151/Y3T1/FRA333_LAB_HW/LAB3/install/sandevistan_interface/include/sandevistan_interface/msg/detail/imu_message__rosidl_typesupport_introspection_cpp.hpp
-- Up-to-date symlink: /home/valdeus1151/Y3T1/FRA333_LAB_HW/LAB3/install/sandevistan_interface/share/sandevistan_interface/environment/pythonpath.sh
-- Up-to-date symlink: /home/valdeus1151/Y3T1/FRA333_LAB_HW/LAB3/install/sandevistan_interface/share/sandevistan_interface/environment/pythonpath.dsv
-- Up-to-date symlink: /home/valdeus1151/Y3T1/FRA333_LAB_HW/LAB3/install/sandevistan_interface/lib/python3.8/site-packages/sandevistan_interface/__init__.py
-- Up-to-date symlink: /home/valdeus1151/Y3T1/FRA333_LAB_HW/LAB3/install/sandevistan_interface/lib/python3.8/site-packages/sandevistan_interface/msg/__init__.py
-- Up-to-date symlink: /home/valdeus1151/Y3T1/FRA333_LAB_HW/LAB3/install/sandevistan_interface/lib/python3.8/site-packages/sandevistan_interface/msg/_imu_message.py
-- Up-to-date symlink: /home/valdeus1151/Y3T1/FRA333_LAB_HW/LAB3/install/sandevistan_interface/lib/python3.8/site-packages/sandevistan_interface/sandevistan_interface_s__rosidl_typesupport_fastrtps_c.cpython-38-x86_64-linux-gnu.so
-- Up-to-date symlink: /home/valdeus1151/Y3T1/FRA333_LAB_HW/LAB3/install/sandevistan_interface/lib/python3.8/site-packages/sandevistan_interface/sandevistan_interface_s__rosidl_typesupport_introspection_c.cpython-38-x86_64-linux-gnu.so
-- Up-to-date symlink: /home/valdeus1151/Y3T1/FRA333_LAB_HW/LAB3/install/sandevistan_interface/lib/python3.8/site-packages/sandevistan_interface/sandevistan_interface_s__rosidl_typesupport_c.cpython-38-x86_64-linux-gnu.so
-- Up-to-date symlink: /home/valdeus1151/Y3T1/FRA333_LAB_HW/LAB3/install/sandevistan_interface/lib/libsandevistan_interface__python.so
-- Up-to-date symlink: /home/valdeus1151/Y3T1/FRA333_LAB_HW/LAB3/install/sandevistan_interface/share/sandevistan_interface/msg/IMUMessage.idl
-- Up-to-date symlink: /home/valdeus1151/Y3T1/FRA333_LAB_HW/LAB3/install/sandevistan_interface/share/sandevistan_interface/msg/IMUMessage.msg
-- Up-to-date symlink: /home/valdeus1151/Y3T1/FRA333_LAB_HW/LAB3/install/sandevistan_interface/share/ament_index/resource_index/package_run_dependencies/sandevistan_interface
-- Up-to-date symlink: /home/valdeus1151/Y3T1/FRA333_LAB_HW/LAB3/install/sandevistan_interface/share/ament_index/resource_index/parent_prefix_path/sandevistan_interface
-- Up-to-date symlink: /home/valdeus1151/Y3T1/FRA333_LAB_HW/LAB3/install/sandevistan_interface/share/sandevistan_interface/environment/ament_prefix_path.sh
-- Up-to-date symlink: /home/valdeus1151/Y3T1/FRA333_LAB_HW/LAB3/install/sandevistan_interface/share/sandevistan_interface/environment/ament_prefix_path.dsv
-- Up-to-date symlink: /home/valdeus1151/Y3T1/FRA333_LAB_HW/LAB3/install/sandevistan_interface/share/sandevistan_interface/environment/path.sh
-- Up-to-date symlink: /home/valdeus1151/Y3T1/FRA333_LAB_HW/LAB3/install/sandevistan_interface/share/sandevistan_interface/environment/path.dsv
-- Up-to-date symlink: /home/valdeus1151/Y3T1/FRA333_LAB_HW/LAB3/install/sandevistan_interface/share/sandevistan_interface/local_setup.bash
-- Up-to-date symlink: /home/valdeus1151/Y3T1/FRA333_LAB_HW/LAB3/install/sandevistan_interface/share/sandevistan_interface/local_setup.sh
-- Up-to-date symlink: /home/valdeus1151/Y3T1/FRA333_LAB_HW/LAB3/install/sandevistan_interface/share/sandevistan_interface/local_setup.zsh
-- Up-to-date symlink: /home/valdeus1151/Y3T1/FRA333_LAB_HW/LAB3/install/sandevistan_interface/share/sandevistan_interface/local_setup.dsv
-- Symlinking: /home/valdeus1151/Y3T1/FRA333_LAB_HW/LAB3/install/sandevistan_interface/share/sandevistan_interface/package.dsv
-- Up-to-date symlink: /home/valdeus1151/Y3T1/FRA333_LAB_HW/LAB3/install/sandevistan_interface/share/ament_index/resource_index/packages/sandevistan_interface
-- Up-to-date symlink: /home/valdeus1151/Y3T1/FRA333_LAB_HW/LAB3/install/sandevistan_interface/share/sandevistan_interface/cmake/rosidl_cmake-extras.cmake
-- Up-to-date symlink: /home/valdeus1151/Y3T1/FRA333_LAB_HW/LAB3/install/sandevistan_interface/share/sandevistan_interface/cmake/ament_cmake_export_dependencies-extras.cmake
-- Up-to-date symlink: /home/valdeus1151/Y3T1/FRA333_LAB_HW/LAB3/install/sandevistan_interface/share/sandevistan_interface/cmake/ament_cmake_export_libraries-extras.cmake
-- Up-to-date symlink: /home/valdeus1151/Y3T1/FRA333_LAB_HW/LAB3/install/sandevistan_interface/share/sandevistan_interface/cmake/ament_cmake_export_targets-extras.cmake
-- Up-to-date symlink: /home/valdeus1151/Y3T1/FRA333_LAB_HW/LAB3/install/sandevistan_interface/share/sandevistan_interface/cmake/ament_cmake_export_include_directories-extras.cmake
-- Up-to-date symlink: /home/valdeus1151/Y3T1/FRA333_LAB_HW/LAB3/install/sandevistan_interface/share/sandevistan_interface/cmake/rosidl_cmake_export_typesupport_libraries-extras.cmake
-- Up-to-date symlink: /home/valdeus1151/Y3T1/FRA333_LAB_HW/LAB3/install/sandevistan_interface/share/sandevistan_interface/cmake/rosidl_cmake_export_typesupport_targets-extras.cmake
-- Up-to-date symlink: /home/valdeus1151/Y3T1/FRA333_LAB_HW/LAB3/install/sandevistan_interface/share/sandevistan_interface/cmake/sandevistan_interfaceConfig.cmake
-- Up-to-date symlink: /home/valdeus1151/Y3T1/FRA333_LAB_HW/LAB3/install/sandevistan_interface/share/sandevistan_interface/cmake/sandevistan_interfaceConfig-version.cmake
-- Up-to-date symlink: /home/valdeus1151/Y3T1/FRA333_LAB_HW/LAB3/install/sandevistan_interface/share/sandevistan_interface/package.xml
-- Up-to-date: /home/valdeus1151/Y3T1/FRA333_LAB_HW/LAB3/install/sandevistan_interface/lib/libsandevistan_interface__rosidl_generator_c.so
-- Up-to-date: /home/valdeus1151/Y3T1/FRA333_LAB_HW/LAB3/install/sandevistan_interface/lib/libsandevistan_interface__rosidl_typesupport_introspection_c.so
-- Up-to-date: /home/valdeus1151/Y3T1/FRA333_LAB_HW/LAB3/install/sandevistan_interface/lib/libsandevistan_interface__rosidl_typesupport_c.so
-- Up-to-date: /home/valdeus1151/Y3T1/FRA333_LAB_HW/LAB3/install/sandevistan_interface/lib/libsandevistan_interface__rosidl_typesupport_introspection_cpp.so
-- Up-to-date: /home/valdeus1151/Y3T1/FRA333_LAB_HW/LAB3/install/sandevistan_interface/lib/libsandevistan_interface__rosidl_typesupport_cpp.so
-- Up-to-date: /home/valdeus1151/Y3T1/FRA333_LAB_HW/LAB3/install/sandevistan_interface/share/sandevistan_interface/cmake/sandevistan_interface__rosidl_generator_cExport.cmake
-- Up-to-date: /home/valdeus1151/Y3T1/FRA333_LAB_HW/LAB3/install/sandevistan_interface/share/sandevistan_interface/cmake/sandevistan_interface__rosidl_generator_cExport-noconfig.cmake
-- Up-to-date: /home/valdeus1151/Y3T1/FRA333_LAB_HW/LAB3/install/sandevistan_interface/share/sandevistan_interface/cmake/sandevistan_interface__rosidl_typesupport_introspection_cExport.cmake
-- Up-to-date: /home/valdeus1151/Y3T1/FRA333_LAB_HW/LAB3/install/sandevistan_interface/share/sandevistan_interface/cmake/sandevistan_interface__rosidl_typesupport_introspection_cExport-noconfig.cmake
-- Up-to-date: /home/valdeus1151/Y3T1/FRA333_LAB_HW/LAB3/install/sandevistan_interface/share/sandevistan_interface/cmake/sandevistan_interface__rosidl_typesupport_cExport.cmake
-- Up-to-date: /home/valdeus1151/Y3T1/FRA333_LAB_HW/LAB3/install/sandevistan_interface/share/sandevistan_interface/cmake/sandevistan_interface__rosidl_typesupport_cExport-noconfig.cmake
-- Up-to-date: /home/valdeus1151/Y3T1/FRA333_LAB_HW/LAB3/install/sandevistan_interface/share/sandevistan_interface/cmake/sandevistan_interface__rosidl_generator_cppExport.cmake
-- Up-to-date: /home/valdeus1151/Y3T1/FRA333_LAB_HW/LAB3/install/sandevistan_interface/share/sandevistan_interface/cmake/sandevistan_interface__rosidl_typesupport_introspection_cppExport.cmake
-- Up-to-date: /home/valdeus1151/Y3T1/FRA333_LAB_HW/LAB3/install/sandevistan_interface/share/sandevistan_interface/cmake/sandevistan_interface__rosidl_typesupport_introspection_cppExport-noconfig.cmake
-- Up-to-date: /home/valdeus1151/Y3T1/FRA333_LAB_HW/LAB3/install/sandevistan_interface/share/sandevistan_interface/cmake/sandevistan_interface__rosidl_typesupport_cppExport.cmake
-- Up-to-date: /home/valdeus1151/Y3T1/FRA333_LAB_HW/LAB3/install/sandevistan_interface/share/sandevistan_interface/cmake/sandevistan_interface__rosidl_typesupport_cppExport-noconfig.cmake
