[0.042s] Invoking command in '/home/valdeus1151/Y3T1/FRA333_LAB_HW/LAB3/build/sandevistan_interface': CMAKE_PREFIX_PATH=${CMAKE_PREFIX_PATH}:/opt/ros/foxy /usr/bin/cmake --build /home/valdeus1151/Y3T1/FRA333_LAB_HW/LAB3/build/sandevistan_interface -- -j12 -l12
[0.103s] [  3%] Built target sandevistan_interface__cpp
[0.104s] [ 12%] Built target sandevistan_interface__rosidl_generator_c
[0.139s] [ 22%] Built target sandevistan_interface__rosidl_typesupport_cpp
[0.140s] [ 32%] Built target sandevistan_interface__rosidl_typesupport_introspection_cpp
[0.145s] [ 41%] Built target sandevistan_interface__rosidl_typesupport_c
[0.148s] [ 51%] Built target sandevistan_interface__rosidl_typesupport_introspection_c
[0.148s] [ 61%] Built target sandevistan_interface__rosidl_typesupport_fastrtps_cpp
[0.201s] [ 70%] Built target sandevistan_interface__rosidl_typesupport_fastrtps_c
[0.225s] [ 70%] Built target sandevistan_interface
[0.255s] [ 74%] Built target sandevistan_interface__py
[0.285s] [ 80%] Built target sandevistan_interface__python
[0.325s] [ 87%] Built target sandevistan_interface__rosidl_typesupport_c__pyext
[0.325s] [ 93%] Built target sandevistan_interface__rosidl_typesupport_introspection_c__pyext
[0.326s] [100%] Built target sandevistan_interface__rosidl_typesupport_fastrtps_c__pyext
[0.376s] Invoked command in '/home/valdeus1151/Y3T1/FRA333_LAB_HW/LAB3/build/sandevistan_interface' returned '0': CMAKE_PREFIX_PATH=${CMAKE_PREFIX_PATH}:/opt/ros/foxy /usr/bin/cmake --build /home/valdeus1151/Y3T1/FRA333_LAB_HW/LAB3/build/sandevistan_interface -- -j12 -l12
[0.431s] Invoking command in '/home/valdeus1151/Y3T1/FRA333_LAB_HW/LAB3/build/sandevistan_interface': CMAKE_PREFIX_PATH=${CMAKE_PREFIX_PATH}:/opt/ros/foxy /usr/bin/cmake --install /home/valdeus1151/Y3T1/FRA333_LAB_HW/LAB3/build/sandevistan_interface
[0.442s] -- Install configuration: ""
[0.443s] -- Execute custom install script
[0.444s] -- Up-to-date symlink: /home/valdeus1151/Y3T1/FRA333_LAB_HW/LAB3/install/sandevistan_interface/share/ament_index/resource_index/rosidl_interfaces/sandevistan_interface
[0.445s] -- Up-to-date symlink: /home/valdeus1151/Y3T1/FRA333_LAB_HW/LAB3/install/sandevistan_interface/include/sandevistan_interface/msg/detail/imu_message__functions.h
[0.445s] -- Up-to-date symlink: /home/valdeus1151/Y3T1/FRA333_LAB_HW/LAB3/install/sandevistan_interface/include/sandevistan_interface/msg/detail/imu_message__struct.h
[0.445s] -- Up-to-date symlink: /home/valdeus1151/Y3T1/FRA333_LAB_HW/LAB3/install/sandevistan_interface/include/sandevistan_interface/msg/detail/imu_message__type_support.h
[0.446s] -- Up-to-date symlink: /home/valdeus1151/Y3T1/FRA333_LAB_HW/LAB3/install/sandevistan_interface/include/sandevistan_interface/msg/imu_message.h
[0.446s] -- Up-to-date symlink: /home/valdeus1151/Y3T1/FRA333_LAB_HW/LAB3/install/sandevistan_interface/include/sandevistan_interface/msg/rosidl_generator_c__visibility_control.h
[0.446s] -- Up-to-date symlink: /home/valdeus1151/Y3T1/FRA333_LAB_HW/LAB3/install/sandevistan_interface/share/sandevistan_interface/environment/library_path.sh
[0.447s] -- Up-to-date symlink: /home/valdeus1151/Y3T1/FRA333_LAB_HW/LAB3/install/sandevistan_interface/share/sandevistan_interface/environment/library_path.dsv
[0.448s] -- Up-to-date symlink: /home/valdeus1151/Y3T1/FRA333_LAB_HW/LAB3/install/sandevistan_interface/include/sandevistan_interface/msg/detail/imu_message__rosidl_typesupport_fastrtps_c.h
[0.448s] -- Up-to-date symlink: /home/valdeus1151/Y3T1/FRA333_LAB_HW/LAB3/install/sandevistan_interface/include/sandevistan_interface/msg/rosidl_typesupport_fastrtps_c__visibility_control.h
[0.449s] -- Up-to-date symlink: /home/valdeus1151/Y3T1/FRA333_LAB_HW/LAB3/install/sandevistan_interface/lib/libsandevistan_interface__rosidl_typesupport_fastrtps_c.so
[0.450s] -- Up-to-date symlink: /home/valdeus1151/Y3T1/FRA333_LAB_HW/LAB3/install/sandevistan_interface/include/sandevistan_interface/msg/detail/imu_message__rosidl_typesupport_fastrtps_cpp.hpp
[0.450s] -- Up-to-date symlink: /home/valdeus1151/Y3T1/FRA333_LAB_HW/LAB3/install/sandevistan_interface/include/sandevistan_interface/msg/rosidl_typesupport_fastrtps_cpp__visibility_control.h
[0.451s] -- Up-to-date symlink: /home/valdeus1151/Y3T1/FRA333_LAB_HW/LAB3/install/sandevistan_interface/lib/libsandevistan_interface__rosidl_typesupport_fastrtps_cpp.so
[0.452s] -- Up-to-date symlink: /home/valdeus1151/Y3T1/FRA333_LAB_HW/LAB3/install/sandevistan_interface/include/sandevistan_interface/msg/detail/imu_message__rosidl_typesupport_introspection_c.h
[0.453s] -- Up-to-date symlink: /home/valdeus1151/Y3T1/FRA333_LAB_HW/LAB3/install/sandevistan_interface/include/sandevistan_interface/msg/rosidl_typesupport_introspection_c__visibility_control.h
[0.454s] -- Up-to-date symlink: /home/valdeus1151/Y3T1/FRA333_LAB_HW/LAB3/install/sandevistan_interface/include/sandevistan_interface/msg/detail/imu_message__builder.hpp
[0.454s] -- Up-to-date symlink: /home/valdeus1151/Y3T1/FRA333_LAB_HW/LAB3/install/sandevistan_interface/include/sandevistan_interface/msg/detail/imu_message__struct.hpp
[0.454s] -- Up-to-date symlink: /home/valdeus1151/Y3T1/FRA333_LAB_HW/LAB3/install/sandevistan_interface/include/sandevistan_interface/msg/detail/imu_message__traits.hpp
[0.455s] -- Up-to-date symlink: /home/valdeus1151/Y3T1/FRA333_LAB_HW/LAB3/install/sandevistan_interface/include/sandevistan_interface/msg/imu_message.hpp
[0.455s] -- Up-to-date symlink: /home/valdeus1151/Y3T1/FRA333_LAB_HW/LAB3/install/sandevistan_interface/include/sandevistan_interface/msg/detail/imu_message__rosidl_typesupport_introspection_cpp.hpp
[0.456s] -- Up-to-date symlink: /home/valdeus1151/Y3T1/FRA333_LAB_HW/LAB3/install/sandevistan_interface/share/sandevistan_interface/environment/pythonpath.sh
[0.456s] -- Up-to-date symlink: /home/valdeus1151/Y3T1/FRA333_LAB_HW/LAB3/install/sandevistan_interface/share/sandevistan_interface/environment/pythonpath.dsv
[0.457s] -- Up-to-date symlink: /home/valdeus1151/Y3T1/FRA333_LAB_HW/LAB3/install/sandevistan_interface/lib/python3.8/site-packages/sandevistan_interface/__init__.py
[0.457s] -- Up-to-date symlink: /home/valdeus1151/Y3T1/FRA333_LAB_HW/LAB3/install/sandevistan_interface/lib/python3.8/site-packages/sandevistan_interface/msg/__init__.py
[0.458s] -- Up-to-date symlink: /home/valdeus1151/Y3T1/FRA333_LAB_HW/LAB3/install/sandevistan_interface/lib/python3.8/site-packages/sandevistan_interface/msg/_imu_message.py
[0.458s] -- Up-to-date symlink: /home/valdeus1151/Y3T1/FRA333_LAB_HW/LAB3/install/sandevistan_interface/lib/python3.8/site-packages/sandevistan_interface/sandevistan_interface_s__rosidl_typesupport_fastrtps_c.cpython-38-x86_64-linux-gnu.so
[0.459s] -- Up-to-date symlink: /home/valdeus1151/Y3T1/FRA333_LAB_HW/LAB3/install/sandevistan_interface/lib/python3.8/site-packages/sandevistan_interface/sandevistan_interface_s__rosidl_typesupport_introspection_c.cpython-38-x86_64-linux-gnu.so
[0.459s] -- Up-to-date symlink: /home/valdeus1151/Y3T1/FRA333_LAB_HW/LAB3/install/sandevistan_interface/lib/python3.8/site-packages/sandevistan_interface/sandevistan_interface_s__rosidl_typesupport_c.cpython-38-x86_64-linux-gnu.so
[0.460s] -- Up-to-date symlink: /home/valdeus1151/Y3T1/FRA333_LAB_HW/LAB3/install/sandevistan_interface/lib/libsandevistan_interface__python.so
[0.461s] -- Up-to-date symlink: /home/valdeus1151/Y3T1/FRA333_LAB_HW/LAB3/install/sandevistan_interface/share/sandevistan_interface/msg/IMUMessage.idl
[0.461s] -- Up-to-date symlink: /home/valdeus1151/Y3T1/FRA333_LAB_HW/LAB3/install/sandevistan_interface/share/sandevistan_interface/msg/IMUMessage.msg
[0.462s] -- Up-to-date symlink: /home/valdeus1151/Y3T1/FRA333_LAB_HW/LAB3/install/sandevistan_interface/share/ament_index/resource_index/package_run_dependencies/sandevistan_interface
[0.462s] -- Up-to-date symlink: /home/valdeus1151/Y3T1/FRA333_LAB_HW/LAB3/install/sandevistan_interface/share/ament_index/resource_index/parent_prefix_path/sandevistan_interface
[0.462s] -- Up-to-date symlink: /home/valdeus1151/Y3T1/FRA333_LAB_HW/LAB3/install/sandevistan_interface/share/sandevistan_interface/environment/ament_prefix_path.sh
[0.463s] -- Up-to-date symlink: /home/valdeus1151/Y3T1/FRA333_LAB_HW/LAB3/install/sandevistan_interface/share/sandevistan_interface/environment/ament_prefix_path.dsv
[0.464s] -- Up-to-date symlink: /home/valdeus1151/Y3T1/FRA333_LAB_HW/LAB3/install/sandevistan_interface/share/sandevistan_interface/environment/path.sh
[0.464s] -- Up-to-date symlink: /home/valdeus1151/Y3T1/FRA333_LAB_HW/LAB3/install/sandevistan_interface/share/sandevistan_interface/environment/path.dsv
[0.464s] -- Up-to-date symlink: /home/valdeus1151/Y3T1/FRA333_LAB_HW/LAB3/install/sandevistan_interface/share/sandevistan_interface/local_setup.bash
[0.465s] -- Up-to-date symlink: /home/valdeus1151/Y3T1/FRA333_LAB_HW/LAB3/install/sandevistan_interface/share/sandevistan_interface/local_setup.sh
[0.465s] -- Up-to-date symlink: /home/valdeus1151/Y3T1/FRA333_LAB_HW/LAB3/install/sandevistan_interface/share/sandevistan_interface/local_setup.zsh
[0.466s] -- Up-to-date symlink: /home/valdeus1151/Y3T1/FRA333_LAB_HW/LAB3/install/sandevistan_interface/share/sandevistan_interface/local_setup.dsv
[0.466s] -- Symlinking: /home/valdeus1151/Y3T1/FRA333_LAB_HW/LAB3/install/sandevistan_interface/share/sandevistan_interface/package.dsv
[0.479s] -- Up-to-date symlink: /home/valdeus1151/Y3T1/FRA333_LAB_HW/LAB3/install/sandevistan_interface/share/ament_index/resource_index/packages/sandevistan_interface
[0.479s] -- Up-to-date symlink: /home/valdeus1151/Y3T1/FRA333_LAB_HW/LAB3/install/sandevistan_interface/share/sandevistan_interface/cmake/rosidl_cmake-extras.cmake
[0.479s] -- Up-to-date symlink: /home/valdeus1151/Y3T1/FRA333_LAB_HW/LAB3/install/sandevistan_interface/share/sandevistan_interface/cmake/ament_cmake_export_dependencies-extras.cmake
[0.480s] -- Up-to-date symlink: /home/valdeus1151/Y3T1/FRA333_LAB_HW/LAB3/install/sandevistan_interface/share/sandevistan_interface/cmake/ament_cmake_export_libraries-extras.cmake
[0.480s] -- Up-to-date symlink: /home/valdeus1151/Y3T1/FRA333_LAB_HW/LAB3/install/sandevistan_interface/share/sandevistan_interface/cmake/ament_cmake_export_targets-extras.cmake
[0.481s] -- Up-to-date symlink: /home/valdeus1151/Y3T1/FRA333_LAB_HW/LAB3/install/sandevistan_interface/share/sandevistan_interface/cmake/ament_cmake_export_include_directories-extras.cmake
[0.482s] -- Up-to-date symlink: /home/valdeus1151/Y3T1/FRA333_LAB_HW/LAB3/install/sandevistan_interface/share/sandevistan_interface/cmake/rosidl_cmake_export_typesupport_libraries-extras.cmake
[0.483s] -- Up-to-date symlink: /home/valdeus1151/Y3T1/FRA333_LAB_HW/LAB3/install/sandevistan_interface/share/sandevistan_interface/cmake/rosidl_cmake_export_typesupport_targets-extras.cmake
[0.483s] -- Up-to-date symlink: /home/valdeus1151/Y3T1/FRA333_LAB_HW/LAB3/install/sandevistan_interface/share/sandevistan_interface/cmake/sandevistan_interfaceConfig.cmake
[0.483s] -- Up-to-date symlink: /home/valdeus1151/Y3T1/FRA333_LAB_HW/LAB3/install/sandevistan_interface/share/sandevistan_interface/cmake/sandevistan_interfaceConfig-version.cmake
[0.483s] -- Up-to-date symlink: /home/valdeus1151/Y3T1/FRA333_LAB_HW/LAB3/install/sandevistan_interface/share/sandevistan_interface/package.xml
[0.484s] -- Up-to-date: /home/valdeus1151/Y3T1/FRA333_LAB_HW/LAB3/install/sandevistan_interface/lib/libsandevistan_interface__rosidl_generator_c.so
[0.485s] -- Up-to-date: /home/valdeus1151/Y3T1/FRA333_LAB_HW/LAB3/install/sandevistan_interface/lib/libsandevistan_interface__rosidl_typesupport_introspection_c.so
[0.486s] -- Up-to-date: /home/valdeus1151/Y3T1/FRA333_LAB_HW/LAB3/install/sandevistan_interface/lib/libsandevistan_interface__rosidl_typesupport_c.so
[0.486s] -- Up-to-date: /home/valdeus1151/Y3T1/FRA333_LAB_HW/LAB3/install/sandevistan_interface/lib/libsandevistan_interface__rosidl_typesupport_introspection_cpp.so
[0.487s] -- Up-to-date: /home/valdeus1151/Y3T1/FRA333_LAB_HW/LAB3/install/sandevistan_interface/lib/libsandevistan_interface__rosidl_typesupport_cpp.so
[0.532s] -- Up-to-date: /home/valdeus1151/Y3T1/FRA333_LAB_HW/LAB3/install/sandevistan_interface/share/sandevistan_interface/cmake/sandevistan_interface__rosidl_generator_cExport.cmake
[0.533s] -- Up-to-date: /home/valdeus1151/Y3T1/FRA333_LAB_HW/LAB3/install/sandevistan_interface/share/sandevistan_interface/cmake/sandevistan_interface__rosidl_generator_cExport-noconfig.cmake
[0.533s] -- Up-to-date: /home/valdeus1151/Y3T1/FRA333_LAB_HW/LAB3/install/sandevistan_interface/share/sandevistan_interface/cmake/sandevistan_interface__rosidl_typesupport_introspection_cExport.cmake
[0.533s] -- Up-to-date: /home/valdeus1151/Y3T1/FRA333_LAB_HW/LAB3/install/sandevistan_interface/share/sandevistan_interface/cmake/sandevistan_interface__rosidl_typesupport_introspection_cExport-noconfig.cmake
[0.533s] -- Up-to-date: /home/valdeus1151/Y3T1/FRA333_LAB_HW/LAB3/install/sandevistan_interface/share/sandevistan_interface/cmake/sandevistan_interface__rosidl_typesupport_cExport.cmake
[0.533s] -- Up-to-date: /home/valdeus1151/Y3T1/FRA333_LAB_HW/LAB3/install/sandevistan_interface/share/sandevistan_interface/cmake/sandevistan_interface__rosidl_typesupport_cExport-noconfig.cmake
[0.533s] -- Up-to-date: /home/valdeus1151/Y3T1/FRA333_LAB_HW/LAB3/install/sandevistan_interface/share/sandevistan_interface/cmake/sandevistan_interface__rosidl_generator_cppExport.cmake
[0.534s] -- Up-to-date: /home/valdeus1151/Y3T1/FRA333_LAB_HW/LAB3/install/sandevistan_interface/share/sandevistan_interface/cmake/sandevistan_interface__rosidl_typesupport_introspection_cppExport.cmake
[0.534s] -- Up-to-date: /home/valdeus1151/Y3T1/FRA333_LAB_HW/LAB3/install/sandevistan_interface/share/sandevistan_interface/cmake/sandevistan_interface__rosidl_typesupport_introspection_cppExport-noconfig.cmake
[0.534s] -- Up-to-date: /home/valdeus1151/Y3T1/FRA333_LAB_HW/LAB3/install/sandevistan_interface/share/sandevistan_interface/cmake/sandevistan_interface__rosidl_typesupport_cppExport.cmake
[0.534s] -- Up-to-date: /home/valdeus1151/Y3T1/FRA333_LAB_HW/LAB3/install/sandevistan_interface/share/sandevistan_interface/cmake/sandevistan_interface__rosidl_typesupport_cppExport-noconfig.cmake
[0.542s] Invoked command in '/home/valdeus1151/Y3T1/FRA333_LAB_HW/LAB3/build/sandevistan_interface' returned '0': CMAKE_PREFIX_PATH=${CMAKE_PREFIX_PATH}:/opt/ros/foxy /usr/bin/cmake --install /home/valdeus1151/Y3T1/FRA333_LAB_HW/LAB3/build/sandevistan_interface
