[0.041s] Invoking command in '/home/valdeus1151/Y3T1/FRA333_LAB_HW/LAB4/build/doppelt_kinematics': CMAKE_PREFIX_PATH=${CMAKE_PREFIX_PATH}:/opt/ros/foxy /usr/bin/cmake /home/valdeus1151/Y3T1/FRA333_LAB_HW/LAB4/src/lab4_29/doppelt_kinematics -DAMENT_CMAKE_SYMLINK_INSTALL=1 -DCMAKE_INSTALL_PREFIX=/home/valdeus1151/Y3T1/FRA333_LAB_HW/LAB4/install/doppelt_kinematics
[0.178s] -- The C compiler identification is GNU 9.4.0
[0.306s] -- The CXX compiler identification is GNU 9.4.0
[0.316s] -- Check for working C compiler: /usr/bin/cc
[0.418s] -- Check for working C compiler: /usr/bin/cc -- works
[0.420s] -- Detecting C compiler ABI info
[0.529s] -- Detecting C compiler ABI info - done
[0.558s] -- Detecting C compile features
[0.559s] -- Detecting C compile features - done
[0.565s] -- Check for working CXX compiler: /usr/bin/c++
[0.692s] -- Check for working CXX compiler: /usr/bin/c++ -- works
[0.693s] -- Detecting CXX compiler ABI info
[0.815s] -- Detecting CXX compiler ABI info - done
[0.834s] -- Detecting CXX compile features
[0.835s] -- Detecting CXX compile features - done
[0.838s] -- Found rosidl_default_generators: 1.0.1 (/opt/ros/foxy/share/rosidl_default_generators/cmake)
[0.841s] -- Found ament_cmake_core: 0.9.11 (/opt/ros/foxy/share/ament_cmake_core/cmake)
[0.876s] -- Found PythonInterp: /usr/bin/python3 (found suitable version "3.8.10", minimum required is "3") 
[0.876s] -- Using PYTHON_EXECUTABLE: /usr/bin/python3
[1.168s] -- Override CMake install command with custom implementation using symlinks instead of copying resources
[1.181s] -- Using all available rosidl_typesupport_c: rosidl_typesupport_fastrtps_c;rosidl_typesupport_introspection_c
[1.203s] -- Found rosidl_adapter: 1.3.0 (/opt/ros/foxy/share/rosidl_adapter/cmake)
[1.421s] -- Found OpenSSL: /usr/lib/x86_64-linux-gnu/libcrypto.so (found version "1.1.1f")  
[1.466s] -- Found FastRTPS: /opt/ros/foxy/include  
[1.609s] -- Using all available rosidl_typesupport_cpp: rosidl_typesupport_fastrtps_cpp;rosidl_typesupport_introspection_cpp
[1.660s] -- Found geometry_msgs: 2.0.5 (/opt/ros/foxy/share/geometry_msgs/cmake)
[1.796s] -- Found rclcpp: 2.4.2 (/opt/ros/foxy/share/rclcpp/cmake)
[1.875s] -- Found rmw_implementation_cmake: 1.0.3 (/opt/ros/foxy/share/rmw_implementation_cmake/cmake)
[1.878s] -- Using RMW implementation 'rmw_fastrtps_cpp' as default
[1.879s] -- Looking for pthread.h
[1.995s] -- Looking for pthread.h - found
[1.995s] -- Performing Test CMAKE_HAVE_LIBC_PTHREAD
[2.105s] -- Performing Test CMAKE_HAVE_LIBC_PTHREAD - Failed
[2.105s] -- Looking for pthread_create in pthreads
[2.191s] -- Looking for pthread_create in pthreads - not found
[2.192s] -- Looking for pthread_create in pthread
[2.299s] -- Looking for pthread_create in pthread - found
[2.301s] -- Found Threads: TRUE  
[2.532s] -- Found rclpy: 1.0.11 (/opt/ros/foxy/share/rclpy/cmake)
[2.696s] -- Configuring done
[2.700s] -- Generating done
[2.701s] -- Build files have been written to: /home/valdeus1151/Y3T1/FRA333_LAB_HW/LAB4/build/doppelt_kinematics
[2.718s] Invoked command in '/home/valdeus1151/Y3T1/FRA333_LAB_HW/LAB4/build/doppelt_kinematics' returned '0': CMAKE_PREFIX_PATH=${CMAKE_PREFIX_PATH}:/opt/ros/foxy /usr/bin/cmake /home/valdeus1151/Y3T1/FRA333_LAB_HW/LAB4/src/lab4_29/doppelt_kinematics -DAMENT_CMAKE_SYMLINK_INSTALL=1 -DCMAKE_INSTALL_PREFIX=/home/valdeus1151/Y3T1/FRA333_LAB_HW/LAB4/install/doppelt_kinematics
[2.720s] Invoking command in '/home/valdeus1151/Y3T1/FRA333_LAB_HW/LAB4/build/doppelt_kinematics': CMAKE_PREFIX_PATH=${CMAKE_PREFIX_PATH}:/opt/ros/foxy /usr/bin/cmake --build /home/valdeus1151/Y3T1/FRA333_LAB_HW/LAB4/build/doppelt_kinematics -- -j12 -l12
[2.786s] Invoked command in '/home/valdeus1151/Y3T1/FRA333_LAB_HW/LAB4/build/doppelt_kinematics' returned '0': CMAKE_PREFIX_PATH=${CMAKE_PREFIX_PATH}:/opt/ros/foxy /usr/bin/cmake --build /home/valdeus1151/Y3T1/FRA333_LAB_HW/LAB4/build/doppelt_kinematics -- -j12 -l12
[2.825s] Invoking command in '/home/valdeus1151/Y3T1/FRA333_LAB_HW/LAB4/build/doppelt_kinematics': CMAKE_PREFIX_PATH=${CMAKE_PREFIX_PATH}:/opt/ros/foxy /usr/bin/cmake --install /home/valdeus1151/Y3T1/FRA333_LAB_HW/LAB4/build/doppelt_kinematics
[2.838s] -- Install configuration: ""
[2.839s] -- Execute custom install script
[2.839s] -- Symlinking: /home/valdeus1151/Y3T1/FRA333_LAB_HW/LAB4/install/doppelt_kinematics/share/doppelt_kinematics/environment/pythonpath.sh
[2.853s] -- Symlinking: /home/valdeus1151/Y3T1/FRA333_LAB_HW/LAB4/install/doppelt_kinematics/share/doppelt_kinematics/environment/pythonpath.dsv
[2.870s] -- Symlinking: /home/valdeus1151/Y3T1/FRA333_LAB_HW/LAB4/install/doppelt_kinematics/lib/python3.8/site-packages/doppelt_kinematics/__init__.py
[2.884s] -- Symlinking: /home/valdeus1151/Y3T1/FRA333_LAB_HW/LAB4/install/doppelt_kinematics/lib/doppelt_kinematics/proximity_server.py
[2.900s] -- Symlinking: /home/valdeus1151/Y3T1/FRA333_LAB_HW/LAB4/install/doppelt_kinematics/lib/doppelt_kinematics/traject_tracking_server.py
[2.915s] -- Symlinking: /home/valdeus1151/Y3T1/FRA333_LAB_HW/LAB4/install/doppelt_kinematics/share/doppelt_kinematics/scripts/proximity_server.py
[2.930s] -- Symlinking: /home/valdeus1151/Y3T1/FRA333_LAB_HW/LAB4/install/doppelt_kinematics/share/doppelt_kinematics/scripts/traject_tracking_server.py
[2.945s] -- Symlinking: /home/valdeus1151/Y3T1/FRA333_LAB_HW/LAB4/install/doppelt_kinematics/share/doppelt_kinematics/launch/doppelt_kinematics.launch.py
[2.960s] -- Symlinking: /home/valdeus1151/Y3T1/FRA333_LAB_HW/LAB4/install/doppelt_kinematics/share/ament_index/resource_index/package_run_dependencies/doppelt_kinematics
[2.976s] -- Symlinking: /home/valdeus1151/Y3T1/FRA333_LAB_HW/LAB4/install/doppelt_kinematics/share/ament_index/resource_index/parent_prefix_path/doppelt_kinematics
[2.992s] -- Symlinking: /home/valdeus1151/Y3T1/FRA333_LAB_HW/LAB4/install/doppelt_kinematics/share/doppelt_kinematics/environment/ament_prefix_path.sh
[3.010s] -- Symlinking: /home/valdeus1151/Y3T1/FRA333_LAB_HW/LAB4/install/doppelt_kinematics/share/doppelt_kinematics/environment/ament_prefix_path.dsv
[3.028s] -- Symlinking: /home/valdeus1151/Y3T1/FRA333_LAB_HW/LAB4/install/doppelt_kinematics/share/doppelt_kinematics/environment/path.sh
[3.043s] -- Symlinking: /home/valdeus1151/Y3T1/FRA333_LAB_HW/LAB4/install/doppelt_kinematics/share/doppelt_kinematics/environment/path.dsv
[3.058s] -- Symlinking: /home/valdeus1151/Y3T1/FRA333_LAB_HW/LAB4/install/doppelt_kinematics/share/doppelt_kinematics/local_setup.bash
[3.076s] -- Symlinking: /home/valdeus1151/Y3T1/FRA333_LAB_HW/LAB4/install/doppelt_kinematics/share/doppelt_kinematics/local_setup.sh
[3.093s] -- Symlinking: /home/valdeus1151/Y3T1/FRA333_LAB_HW/LAB4/install/doppelt_kinematics/share/doppelt_kinematics/local_setup.zsh
[3.109s] -- Symlinking: /home/valdeus1151/Y3T1/FRA333_LAB_HW/LAB4/install/doppelt_kinematics/share/doppelt_kinematics/local_setup.dsv
[3.125s] -- Symlinking: /home/valdeus1151/Y3T1/FRA333_LAB_HW/LAB4/install/doppelt_kinematics/share/doppelt_kinematics/package.dsv
[3.140s] -- Symlinking: /home/valdeus1151/Y3T1/FRA333_LAB_HW/LAB4/install/doppelt_kinematics/share/ament_index/resource_index/packages/doppelt_kinematics
[3.156s] -- Symlinking: /home/valdeus1151/Y3T1/FRA333_LAB_HW/LAB4/install/doppelt_kinematics/share/doppelt_kinematics/cmake/doppelt_kinematicsConfig.cmake
[3.174s] -- Symlinking: /home/valdeus1151/Y3T1/FRA333_LAB_HW/LAB4/install/doppelt_kinematics/share/doppelt_kinematics/cmake/doppelt_kinematicsConfig-version.cmake
[3.191s] -- Symlinking: /home/valdeus1151/Y3T1/FRA333_LAB_HW/LAB4/install/doppelt_kinematics/share/doppelt_kinematics/package.xml
[3.265s] Listing '/home/valdeus1151/Y3T1/FRA333_LAB_HW/LAB4/install/doppelt_kinematics/lib/python3.8/site-packages/doppelt_kinematics'...
[3.265s] Compiling '/home/valdeus1151/Y3T1/FRA333_LAB_HW/LAB4/install/doppelt_kinematics/lib/python3.8/site-packages/doppelt_kinematics/__init__.py'...
[3.277s] Invoked command in '/home/valdeus1151/Y3T1/FRA333_LAB_HW/LAB4/build/doppelt_kinematics' returned '0': CMAKE_PREFIX_PATH=${CMAKE_PREFIX_PATH}:/opt/ros/foxy /usr/bin/cmake --install /home/valdeus1151/Y3T1/FRA333_LAB_HW/LAB4/build/doppelt_kinematics
