[0.025s] Invoking command in '/home/omzlette/gitRos/LAB2/build/sandevistan_kinematics': CMAKE_PREFIX_PATH=${CMAKE_PREFIX_PATH}:/opt/ros/foxy /usr/bin/cmake /home/omzlette/gitRos/LAB2/src/sandevistan_kinematics -DAMENT_CMAKE_SYMLINK_INSTALL=1 -DCMAKE_INSTALL_PREFIX=/home/omzlette/gitRos/LAB2/install/sandevistan_kinematics
[0.061s] -- The C compiler identification is GNU 9.4.0
[0.100s] -- The CXX compiler identification is GNU 9.4.0
[0.104s] -- Check for working C compiler: /usr/bin/cc
[0.153s] -- Check for working C compiler: /usr/bin/cc -- works
[0.154s] -- Detecting C compiler ABI info
[0.202s] -- Detecting C compiler ABI info - done
[0.212s] -- Detecting C compile features
[0.212s] -- Detecting C compile features - done
[0.215s] -- Check for working CXX compiler: /usr/bin/c++
[0.271s] -- Check for working CXX compiler: /usr/bin/c++ -- works
[0.272s] -- Detecting CXX compiler ABI info
[0.329s] -- Detecting CXX compiler ABI info - done
[0.346s] -- Detecting CXX compile features
[0.346s] -- Detecting CXX compile features - done
[0.349s] -- Found ament_cmake: 0.9.11 (/opt/ros/foxy/share/ament_cmake/cmake)
[0.371s] -- Found PythonInterp: /usr/bin/python3 (found suitable version "3.8.10", minimum required is "3") 
[0.371s] -- Using PYTHON_EXECUTABLE: /usr/bin/python3
[0.568s] -- Override CMake install command with custom implementation using symlinks instead of copying resources
[0.586s] -- Found rclcpp: 2.4.2 (/opt/ros/foxy/share/rclcpp/cmake)
[0.623s] -- Using all available rosidl_typesupport_c: rosidl_typesupport_fastrtps_c;rosidl_typesupport_introspection_c
[0.631s] -- Found rosidl_adapter: 1.3.0 (/opt/ros/foxy/share/rosidl_adapter/cmake)
[0.691s] -- Found OpenSSL: /usr/lib/x86_64-linux-gnu/libcrypto.so (found version "1.1.1f")  
[0.716s] -- Found FastRTPS: /opt/ros/foxy/include  
[0.780s] -- Using all available rosidl_typesupport_cpp: rosidl_typesupport_fastrtps_cpp;rosidl_typesupport_introspection_cpp
[0.828s] -- Found rmw_implementation_cmake: 1.0.3 (/opt/ros/foxy/share/rmw_implementation_cmake/cmake)
[0.829s] -- Using RMW implementation 'rmw_fastrtps_cpp' as default
[0.830s] -- Looking for pthread.h
[0.881s] -- Looking for pthread.h - found
[0.881s] -- Performing Test CMAKE_HAVE_LIBC_PTHREAD
[0.933s] -- Performing Test CMAKE_HAVE_LIBC_PTHREAD - Failed
[0.933s] -- Looking for pthread_create in pthreads
[0.978s] -- Looking for pthread_create in pthreads - not found
[0.978s] -- Looking for pthread_create in pthread
[1.033s] -- Looking for pthread_create in pthread - found
[1.034s] -- Found Threads: TRUE  
[1.177s] -- Found rclpy: 1.0.10 (/opt/ros/foxy/share/rclpy/cmake)
[1.248s] -- Configuring done
[1.250s] -- Generating done
[1.251s] -- Build files have been written to: /home/omzlette/gitRos/LAB2/build/sandevistan_kinematics
[1.257s] Invoked command in '/home/omzlette/gitRos/LAB2/build/sandevistan_kinematics' returned '0': CMAKE_PREFIX_PATH=${CMAKE_PREFIX_PATH}:/opt/ros/foxy /usr/bin/cmake /home/omzlette/gitRos/LAB2/src/sandevistan_kinematics -DAMENT_CMAKE_SYMLINK_INSTALL=1 -DCMAKE_INSTALL_PREFIX=/home/omzlette/gitRos/LAB2/install/sandevistan_kinematics
[1.259s] Invoking command in '/home/omzlette/gitRos/LAB2/build/sandevistan_kinematics': CMAKE_PREFIX_PATH=${CMAKE_PREFIX_PATH}:/opt/ros/foxy /usr/bin/cmake --build /home/omzlette/gitRos/LAB2/build/sandevistan_kinematics -- -j12 -l12
[1.296s] Invoked command in '/home/omzlette/gitRos/LAB2/build/sandevistan_kinematics' returned '0': CMAKE_PREFIX_PATH=${CMAKE_PREFIX_PATH}:/opt/ros/foxy /usr/bin/cmake --build /home/omzlette/gitRos/LAB2/build/sandevistan_kinematics -- -j12 -l12
[1.313s] Invoking command in '/home/omzlette/gitRos/LAB2/build/sandevistan_kinematics': CMAKE_PREFIX_PATH=${CMAKE_PREFIX_PATH}:/opt/ros/foxy /usr/bin/cmake --install /home/omzlette/gitRos/LAB2/build/sandevistan_kinematics
[1.319s] -- Install configuration: ""
[1.320s] -- Execute custom install script
[1.320s] -- Symlinking: /home/omzlette/gitRos/LAB2/install/sandevistan_kinematics/share/sandevistan_kinematics/environment/pythonpath.sh
[1.327s] -- Symlinking: /home/omzlette/gitRos/LAB2/install/sandevistan_kinematics/share/sandevistan_kinematics/environment/pythonpath.dsv
[1.335s] -- Symlinking: /home/omzlette/gitRos/LAB2/install/sandevistan_kinematics/lib/python3.8/site-packages/sandevistan_kinematics/__init__.py
[1.342s] -- Symlinking: /home/omzlette/gitRos/LAB2/install/sandevistan_kinematics/lib/python3.8/site-packages/sandevistan_kinematics/robot_module.py
[1.349s] -- Symlinking: /home/omzlette/gitRos/LAB2/install/sandevistan_kinematics/lib/sandevistan_kinematics/robot_script.py
[1.356s] -- Symlinking: /home/omzlette/gitRos/LAB2/install/sandevistan_kinematics/share/sandevistan_kinematics/launch/display_with_kinematics_srv.launch.py
[1.363s] -- Symlinking: /home/omzlette/gitRos/LAB2/install/sandevistan_kinematics/share/ament_index/resource_index/package_run_dependencies/sandevistan_kinematics
[1.370s] -- Symlinking: /home/omzlette/gitRos/LAB2/install/sandevistan_kinematics/share/ament_index/resource_index/parent_prefix_path/sandevistan_kinematics
[1.377s] -- Symlinking: /home/omzlette/gitRos/LAB2/install/sandevistan_kinematics/share/sandevistan_kinematics/environment/ament_prefix_path.sh
[1.384s] -- Symlinking: /home/omzlette/gitRos/LAB2/install/sandevistan_kinematics/share/sandevistan_kinematics/environment/ament_prefix_path.dsv
[1.391s] -- Symlinking: /home/omzlette/gitRos/LAB2/install/sandevistan_kinematics/share/sandevistan_kinematics/environment/path.sh
[1.398s] -- Symlinking: /home/omzlette/gitRos/LAB2/install/sandevistan_kinematics/share/sandevistan_kinematics/environment/path.dsv
[1.405s] -- Symlinking: /home/omzlette/gitRos/LAB2/install/sandevistan_kinematics/share/sandevistan_kinematics/local_setup.bash
[1.411s] -- Symlinking: /home/omzlette/gitRos/LAB2/install/sandevistan_kinematics/share/sandevistan_kinematics/local_setup.sh
[1.419s] -- Symlinking: /home/omzlette/gitRos/LAB2/install/sandevistan_kinematics/share/sandevistan_kinematics/local_setup.zsh
[1.426s] -- Symlinking: /home/omzlette/gitRos/LAB2/install/sandevistan_kinematics/share/sandevistan_kinematics/local_setup.dsv
[1.433s] -- Symlinking: /home/omzlette/gitRos/LAB2/install/sandevistan_kinematics/share/sandevistan_kinematics/package.dsv
[1.439s] -- Symlinking: /home/omzlette/gitRos/LAB2/install/sandevistan_kinematics/share/ament_index/resource_index/packages/sandevistan_kinematics
[1.446s] -- Symlinking: /home/omzlette/gitRos/LAB2/install/sandevistan_kinematics/share/sandevistan_kinematics/cmake/sandevistan_kinematicsConfig.cmake
[1.453s] -- Symlinking: /home/omzlette/gitRos/LAB2/install/sandevistan_kinematics/share/sandevistan_kinematics/cmake/sandevistan_kinematicsConfig-version.cmake
[1.460s] -- Symlinking: /home/omzlette/gitRos/LAB2/install/sandevistan_kinematics/share/sandevistan_kinematics/package.xml
[1.494s] Listing '/home/omzlette/gitRos/LAB2/install/sandevistan_kinematics/lib/python3.8/site-packages/sandevistan_kinematics'...
[1.494s] Compiling '/home/omzlette/gitRos/LAB2/install/sandevistan_kinematics/lib/python3.8/site-packages/sandevistan_kinematics/__init__.py'...
[1.494s] Compiling '/home/omzlette/gitRos/LAB2/install/sandevistan_kinematics/lib/python3.8/site-packages/sandevistan_kinematics/robot_module.py'...
[1.525s] Invoked command in '/home/omzlette/gitRos/LAB2/build/sandevistan_kinematics' returned '0': CMAKE_PREFIX_PATH=${CMAKE_PREFIX_PATH}:/opt/ros/foxy /usr/bin/cmake --install /home/omzlette/gitRos/LAB2/build/sandevistan_kinematics
